<?xml version="1.0" encoding="UTF-8"?>
<!-- Generated by org.testng.reporters.JUnitReportReporter -->
<testsuite hostname="ICPL11522" name="com.timesofindia.tests.ToiTest" tests="1" failures="0" timestamp="12 Jul 2017 06:55:42 GMT" time="114.953" errors="1">
  <testcase name="toiVerificationOfCityOption" time="114.953" classname="com.timesofindia.tests.ToiTest"/>
</testsuite> <!-- com.timesofindia.tests.ToiTest -->
