<?xml version="1.0" encoding="UTF-8" ?>
<testsuite tests="1" failures="1" name="TestSuite" time="116.74" errors="0" skipped="0">
  <properties>
    <property name="java.runtime.name" value="Java(TM) SE Runtime Environment"/>
    <property name="sun.boot.library.path" value="C:\Program Files\Java\jdk1.8.0_91\jre\bin"/>
    <property name="java.vm.version" value="25.91-b14"/>
    <property name="java.vm.vendor" value="Oracle Corporation"/>
    <property name="maven.multiModuleProjectDirectory" value="D:\WellsAssignment\WellsAssignment-master"/>
    <property name="java.vendor.url" value="http://java.oracle.com/"/>
    <property name="path.separator" value=";"/>
    <property name="guice.disable.misplaced.annotation.check" value="true"/>
    <property name="java.vm.name" value="Java HotSpot(TM) 64-Bit Server VM"/>
    <property name="file.encoding.pkg" value="sun.io"/>
    <property name="user.script" value=""/>
    <property name="user.country" value="US"/>
    <property name="sun.java.launcher" value="SUN_STANDARD"/>
    <property name="sun.os.patch.level" value=""/>
    <property name="java.vm.specification.name" value="Java Virtual Machine Specification"/>
    <property name="user.dir" value="D:\WellsAssignment\WellsAssignment-master"/>
    <property name="java.runtime.version" value="1.8.0_91-b14"/>
    <property name="java.awt.graphicsenv" value="sun.awt.Win32GraphicsEnvironment"/>
    <property name="java.endorsed.dirs" value="C:\Program Files\Java\jdk1.8.0_91\jre\lib\endorsed"/>
    <property name="os.arch" value="amd64"/>
    <property name="java.io.tmpdir" value="C:\Users\MAMTA~1.CHO\AppData\Local\Temp\"/>
    <property name="line.separator" value="
"/>
    <property name="java.vm.specification.vendor" value="Oracle Corporation"/>
    <property name="user.variant" value=""/>
    <property name="os.name" value="Windows 8"/>
    <property name="classworlds.conf" value="D:\QAFWorkspace\.metadata\.plugins\org.eclipse.m2e.launching\launches\m2conf7896984314195386199.tmp"/>
    <property name="sun.jnu.encoding" value="Cp1252"/>
    <property name="java.library.path" value="C:\Program Files\Java\jdk1.8.0_91\bin;C:\Windows\Sun\Java\bin;C:\Windows\system32;C:\Windows;C:/Program Files/Java/jre1.8.0_91/bin/server;C:/Program Files/Java/jre1.8.0_91/bin;C:/Program Files/Java/jre1.8.0_91/lib/amd64;C:\ProgramData\Oracle\Java\javapath;C:\Windows\system32;C:\Windows;C:\Windows\System32\Wbem;C:\Windows\System32\WindowsPowerShell\v1.0\;C:\Program Files\Java\jdk1.8.0_91\bin;C:\Program Files\Git\cmd;C:\Program Files\TortoiseGit\bin;C:\Program Files (x86)\Kaspersky Lab\Kaspersky Endpoint Security 10 for Windows SP2\;C:\Program Files (x86)\Skype\Phone\;C:\Program Files\Apache\Maven\bin;C:\Program Files\nodejs\;D:\Software\android-sdks\tools;D:\Software\android-sdks\platform-tools;C:\Users\mamta.chopade\AppData\Roaming\npm;D:\Software\eclipse-jee-neon-2-win32-x86_64\eclipse;;."/>
    <property name="java.specification.name" value="Java Platform API Specification"/>
    <property name="java.class.version" value="52.0"/>
    <property name="sun.management.compiler" value="HotSpot 64-Bit Tiered Compilers"/>
    <property name="os.version" value="6.2"/>
    <property name="user.home" value="C:\Users\mamta.chopade"/>
    <property name="user.timezone" value="Asia/Calcutta"/>
    <property name="java.awt.printerjob" value="sun.awt.windows.WPrinterJob"/>
    <property name="java.specification.version" value="1.8"/>
    <property name="file.encoding" value="Cp1252"/>
    <property name="user.name" value="mamta.chopade"/>
    <property name="java.class.path" value="/D:/Software/eclipse-jee-neon-2-win32-x86_64/eclipse/plugins/org.eclipse.m2e.maven.runtime_1.7.0.20160603-1931/jars/plexus-classworlds-2.5.2.jar"/>
    <property name="java.vm.specification.version" value="1.8"/>
    <property name="sun.arch.data.model" value="64"/>
    <property name="java.home" value="C:\Program Files\Java\jdk1.8.0_91\jre"/>
    <property name="sun.java.command" value="org.codehaus.plexus.classworlds.launcher.Launcher -B clean install"/>
    <property name="java.specification.vendor" value="Oracle Corporation"/>
    <property name="user.language" value="en"/>
    <property name="awt.toolkit" value="sun.awt.windows.WToolkit"/>
    <property name="java.vm.info" value="mixed mode"/>
    <property name="java.version" value="1.8.0_91"/>
    <property name="java.ext.dirs" value="C:\Program Files\Java\jdk1.8.0_91\jre\lib\ext;C:\Windows\Sun\Java\lib\ext"/>
    <property name="sun.boot.class.path" value="C:\Program Files\Java\jdk1.8.0_91\jre\lib\resources.jar;C:\Program Files\Java\jdk1.8.0_91\jre\lib\rt.jar;C:\Program Files\Java\jdk1.8.0_91\jre\lib\sunrsasign.jar;C:\Program Files\Java\jdk1.8.0_91\jre\lib\jsse.jar;C:\Program Files\Java\jdk1.8.0_91\jre\lib\jce.jar;C:\Program Files\Java\jdk1.8.0_91\jre\lib\charsets.jar;C:\Program Files\Java\jdk1.8.0_91\jre\lib\jfr.jar;C:\Program Files\Java\jdk1.8.0_91\jre\classes"/>
    <property name="java.vendor" value="Oracle Corporation"/>
    <property name="maven.home" value="D:\WellsAssignment\WellsAssignment-master\EMBEDDED"/>
    <property name="file.separator" value="\"/>
    <property name="java.vendor.url.bug" value="http://bugreport.sun.com/bugreport/"/>
    <property name="sun.cpu.endian" value="little"/>
    <property name="sun.io.unicode.encoding" value="UnicodeLittle"/>
    <property name="sun.desktop" value="windows"/>
    <property name="sun.cpu.isalist" value="amd64"/>
  </properties>
  <testcase classname="com.timesofindia.tests.ToiTest" name="toiVerificationOfCityOption" time="89.111">
    <failure/>
    <system-out>[ConfigurationManager] - ISFW build info: {qaf-Type=core, qaf-Revision=10, qaf-Version=2.1, qaf-Build-Time=03-Jan-2017 14:01:00}
[ConfigurationManager] - D:\WellsAssignment\WellsAssignment-master\resources\mailer.properties not exist!
[ConfigurationManager] - D:\WellsAssignment\WellsAssignment-master\resources\test_data not exist!
[ConfigurationManager] - D:\WellsAssignment\WellsAssignment-master\resources\desktop_web\object_repository not exist!
[ConfigurationManager] - D:\WellsAssignment\WellsAssignment-master\resources\desktop_web\configuration not exist!
[ConfigurationManager] - D:\WellsAssignment\WellsAssignment-master\resources\desktop_web\translations.properties not exist!
[ConfigurationManager] - Resource dir: D:\WellsAssignment\WellsAssignment-master\resources\desktop_web. Found property files to load: 1
[ConfigurationManager] - Resource dir: D:\WellsAssignment\WellsAssignment-master\resources\desktop_web. Found property files to load: 0
[QAFTestBase] - Initializing Driver...browser_str:chromeDriver,base_url:http://timesofindia.indiatimes.com/,sel_server:localhost,port:4444
[UiDriverFactory] - Driver: chromeDriver
driver init done
[WebDriverCommandLogger] - Executing get parameters: {&quot;url&quot;:&quot;http://timesofindia.indiatimes.com/&quot;}
[WebDriverCommandLogger] - command: get[ param-1: {url=http://timesofindia.indiatimes.com/}] Result: null
[WebDriverCommandLogger] - Executing maximizeWindow parameters: {&quot;windowHandle&quot;:&quot;current&quot;}
[WebDriverCommandLogger] - command: maximizeWindow[ param-1: {windowHandle=current}] Result: null
[WebDriverCommandLogger] - Executing findElements parameters: {&quot;using&quot;:&quot;xpath&quot;,&quot;value&quot;:&quot;//div[@class=&apos;ntfc_content&apos;]&quot;}
[WebDriverCommandLogger] - command: findElements[ param-1: {value=//div[@class=&apos;ntfc_content&apos;], using=xpath}] Result: [id: 0.09376711424019768-1]
[WebDriverCommandLogger] - Executing findElements parameters: {&quot;using&quot;:&quot;xpath&quot;,&quot;value&quot;:&quot;//div[@class=&apos;ntfc_content&apos;]&quot;}
[WebDriverCommandLogger] - command: findElements[ param-1: {value=//div[@class=&apos;ntfc_content&apos;], using=xpath}] Result: [id: 0.09376711424019768-1]
[WebDriverCommandLogger] - Executing screenshot parameters: {}
[QAFTestBase] - Capturing screen shottoiVerificationOfCityOption_164fbaff3nh7j54357.png
[WebDriverCommandLogger] - Executing findElements parameters: {&quot;using&quot;:&quot;xpath&quot;,&quot;value&quot;:&quot;//a[text()=&apos;Enable&apos;]&quot;}
[WebDriverCommandLogger] - command: findElements[ param-1: {value=//a[text()=&apos;Enable&apos;], using=xpath}] Result: [id: 0.09376711424019768-2]
[WebDriverCommandLogger] - Executing screenshot parameters: {}
[QAFTestBase] - Capturing screen shottoiVerificationOfCityOption_1m3xtx2xnsvvw54358.png
[WebDriverCommandLogger] - Executing findElements parameters: {&quot;using&quot;:&quot;xpath&quot;,&quot;value&quot;:&quot;//a[text()=&apos;Not Now&apos;]&quot;}
[WebDriverCommandLogger] - command: findElements[ param-1: {value=//a[text()=&apos;Not Now&apos;], using=xpath}] Result: [id: 0.09376711424019768-3]
[WebDriverCommandLogger] - Executing findElement parameters: {&quot;using&quot;:&quot;xpath&quot;,&quot;value&quot;:&quot;//a[text()=&apos;Not Now&apos;]&quot;}
[WebDriverCommandLogger] - command: findElement[ param-1: {value=//a[text()=&apos;Not Now&apos;], using=xpath}] Result: id: 0.09376711424019768-3
[WebDriverCommandLogger] - Executing clickElement element: By.xpath: //a[text()=&apos;Not Now&apos;] parameters: {&quot;id&quot;:&quot;0.09376711424019768-3&quot;}
[WebDriverCommandLogger] - command: clickElement[ param-1: By.xpath: //a[text()=&apos;Not Now&apos;] param-2: {&quot;id&quot;:&quot;0.09376711424019768-3&quot;}] Result: clickElement:null
[WebDriverCommandLogger] - Executing findElement parameters: {&quot;using&quot;:&quot;xpath&quot;,&quot;value&quot;:&quot;//*[@id=&apos;nav-city&apos;]/a&quot;}
[WebDriverCommandLogger] - command: findElement[ param-1: {value=//*[@id=&apos;nav-city&apos;]/a, using=xpath}] Result: id: 0.09376711424019768-4
[WebDriverCommandLogger] - Executing mouseMoveTo parameters: {&quot;element&quot;:&quot;0.09376711424019768-4&quot;}
[WebDriverCommandLogger] - command: mouseMoveTo[ param-1: {element=0.09376711424019768-4}] Result: null
[WebDriverCommandLogger] - Executing findElements parameters: {&quot;using&quot;:&quot;xpath&quot;,&quot;value&quot;:&quot;//*[@id=&apos;nav-city&apos;]/div/div/div/div[1]/ul/li&quot;}
[WebDriverCommandLogger] - command: findElements[ param-1: {value=//*[@id=&apos;nav-city&apos;]/div/div/div/div[1]/ul/li, using=xpath}] Result: [id: 0.09376711424019768-5, id: 0.09376711424019768-6, id: 0.09376711424019768-7, id: 0.09376711424019768-8, id: 0.09376711424019768-9, id: 0.09376711424019768-10, id: 0.09376711424019768-11, id: 0.09376711424019768-12, id: 0.09376711424019768-13, id: 0.09376711424019768-14, id: 0.09376711424019768-15, id: 0.09376711424019768-16, id: 0.09376711424019768-17, id: 0.09376711424019768-18, id: 0.09376711424019768-19, id: 0.09376711424019768-20, id: 0.09376711424019768-21, id: 0.09376711424019768-22, id: 0.09376711424019768-23, id: 0.09376711424019768-24, id: 0.09376711424019768-25, id: 0.09376711424019768-26]
[WebDriverCommandLogger] - Executing getElementText element: By.xpath: //*[@id=&apos;nav-city&apos;]/div/div/div/div[1]/ul/li parameters: {&quot;id&quot;:&quot;0.09376711424019768-5&quot;}
[WebDriverCommandLogger] - command: getElementText[ param-1: By.xpath: //*[@id=&apos;nav-city&apos;]/div/div/div/div[1]/ul/li param-2: {&quot;id&quot;:&quot;0.09376711424019768-5&quot;}] Result: getElementText:METRO CITIES
[WebDriverCommandLogger] - Executing getElementText element: By.xpath: //*[@id=&apos;nav-city&apos;]/div/div/div/div[1]/ul/li parameters: {&quot;id&quot;:&quot;0.09376711424019768-5&quot;}
[WebDriverCommandLogger] - command: getElementText[ param-1: By.xpath: //*[@id=&apos;nav-city&apos;]/div/div/div/div[1]/ul/li param-2: {&quot;id&quot;:&quot;0.09376711424019768-5&quot;}] Result: getElementText:METRO CITIES
[WebDriverCommandLogger] - Executing getElementText element: By.xpath: //*[@id=&apos;nav-city&apos;]/div/div/div/div[1]/ul/li parameters: {&quot;id&quot;:&quot;0.09376711424019768-6&quot;}
[WebDriverCommandLogger] - command: getElementText[ param-1: By.xpath: //*[@id=&apos;nav-city&apos;]/div/div/div/div[1]/ul/li param-2: {&quot;id&quot;:&quot;0.09376711424019768-6&quot;}] Result: getElementText:Mumbai
[WebDriverCommandLogger] - Executing getElementText element: By.xpath: //*[@id=&apos;nav-city&apos;]/div/div/div/div[1]/ul/li parameters: {&quot;id&quot;:&quot;0.09376711424019768-6&quot;}
[WebDriverCommandLogger] - command: getElementText[ param-1: By.xpath: //*[@id=&apos;nav-city&apos;]/div/div/div/div[1]/ul/li param-2: {&quot;id&quot;:&quot;0.09376711424019768-6&quot;}] Result: getElementText:Mumbai
[WebDriverCommandLogger] - Executing getElementText element: By.xpath: //*[@id=&apos;nav-city&apos;]/div/div/div/div[1]/ul/li parameters: {&quot;id&quot;:&quot;0.09376711424019768-6&quot;}
[WebDriverCommandLogger] - command: getElementText[ param-1: By.xpath: //*[@id=&apos;nav-city&apos;]/div/div/div/div[1]/ul/li param-2: {&quot;id&quot;:&quot;0.09376711424019768-6&quot;}] Result: getElementText:Mumbai
[WebDriverCommandLogger] - Executing getElementText element: By.xpath: //*[@id=&apos;nav-city&apos;]/div/div/div/div[1]/ul/li parameters: {&quot;id&quot;:&quot;0.09376711424019768-7&quot;}
[WebDriverCommandLogger] - command: getElementText[ param-1: By.xpath: //*[@id=&apos;nav-city&apos;]/div/div/div/div[1]/ul/li param-2: {&quot;id&quot;:&quot;0.09376711424019768-7&quot;}] Result: getElementText:Delhi
[WebDriverCommandLogger] - Executing getElementText element: By.xpath: //*[@id=&apos;nav-city&apos;]/div/div/div/div[1]/ul/li parameters: {&quot;id&quot;:&quot;0.09376711424019768-7&quot;}
[WebDriverCommandLogger] - command: getElementText[ param-1: By.xpath: //*[@id=&apos;nav-city&apos;]/div/div/div/div[1]/ul/li param-2: {&quot;id&quot;:&quot;0.09376711424019768-7&quot;}] Result: getElementText:Delhi
[WebDriverCommandLogger] - Executing getElementText element: By.xpath: //*[@id=&apos;nav-city&apos;]/div/div/div/div[1]/ul/li parameters: {&quot;id&quot;:&quot;0.09376711424019768-7&quot;}
[WebDriverCommandLogger] - command: getElementText[ param-1: By.xpath: //*[@id=&apos;nav-city&apos;]/div/div/div/div[1]/ul/li param-2: {&quot;id&quot;:&quot;0.09376711424019768-7&quot;}] Result: getElementText:Delhi
[WebDriverCommandLogger] - Executing getElementText element: By.xpath: //*[@id=&apos;nav-city&apos;]/div/div/div/div[1]/ul/li parameters: {&quot;id&quot;:&quot;0.09376711424019768-8&quot;}
[WebDriverCommandLogger] - command: getElementText[ param-1: By.xpath: //*[@id=&apos;nav-city&apos;]/div/div/div/div[1]/ul/li param-2: {&quot;id&quot;:&quot;0.09376711424019768-8&quot;}] Result: getElementText:Bangalore
[WebDriverCommandLogger] - Executing getElementText element: By.xpath: //*[@id=&apos;nav-city&apos;]/div/div/div/div[1]/ul/li parameters: {&quot;id&quot;:&quot;0.09376711424019768-8&quot;}
[WebDriverCommandLogger] - command: getElementText[ param-1: By.xpath: //*[@id=&apos;nav-city&apos;]/div/div/div/div[1]/ul/li param-2: {&quot;id&quot;:&quot;0.09376711424019768-8&quot;}] Result: getElementText:Bangalore
[WebDriverCommandLogger] - Executing getElementText element: By.xpath: //*[@id=&apos;nav-city&apos;]/div/div/div/div[1]/ul/li parameters: {&quot;id&quot;:&quot;0.09376711424019768-8&quot;}
[WebDriverCommandLogger] - command: getElementText[ param-1: By.xpath: //*[@id=&apos;nav-city&apos;]/div/div/div/div[1]/ul/li param-2: {&quot;id&quot;:&quot;0.09376711424019768-8&quot;}] Result: getElementText:Bangalore
[WebDriverCommandLogger] - Executing getElementText element: By.xpath: //*[@id=&apos;nav-city&apos;]/div/div/div/div[1]/ul/li parameters: {&quot;id&quot;:&quot;0.09376711424019768-9&quot;}
[WebDriverCommandLogger] - command: getElementText[ param-1: By.xpath: //*[@id=&apos;nav-city&apos;]/div/div/div/div[1]/ul/li param-2: {&quot;id&quot;:&quot;0.09376711424019768-9&quot;}] Result: getElementText:Hyderabad
[WebDriverCommandLogger] - Executing getElementText element: By.xpath: //*[@id=&apos;nav-city&apos;]/div/div/div/div[1]/ul/li parameters: {&quot;id&quot;:&quot;0.09376711424019768-9&quot;}
[WebDriverCommandLogger] - command: getElementText[ param-1: By.xpath: //*[@id=&apos;nav-city&apos;]/div/div/div/div[1]/ul/li param-2: {&quot;id&quot;:&quot;0.09376711424019768-9&quot;}] Result: getElementText:Hyderabad
[WebDriverCommandLogger] - Executing getElementText element: By.xpath: //*[@id=&apos;nav-city&apos;]/div/div/div/div[1]/ul/li parameters: {&quot;id&quot;:&quot;0.09376711424019768-9&quot;}
[WebDriverCommandLogger] - command: getElementText[ param-1: By.xpath: //*[@id=&apos;nav-city&apos;]/div/div/div/div[1]/ul/li param-2: {&quot;id&quot;:&quot;0.09376711424019768-9&quot;}] Result: getElementText:Hyderabad
[WebDriverCommandLogger] - Executing getElementText element: By.xpath: //*[@id=&apos;nav-city&apos;]/div/div/div/div[1]/ul/li parameters: {&quot;id&quot;:&quot;0.09376711424019768-10&quot;}
[WebDriverCommandLogger] - command: getElementText[ param-1: By.xpath: //*[@id=&apos;nav-city&apos;]/div/div/div/div[1]/ul/li param-2: {&quot;id&quot;:&quot;0.09376711424019768-10&quot;}] Result: getElementText:Kolkata
[WebDriverCommandLogger] - Executing getElementText element: By.xpath: //*[@id=&apos;nav-city&apos;]/div/div/div/div[1]/ul/li parameters: {&quot;id&quot;:&quot;0.09376711424019768-10&quot;}
[WebDriverCommandLogger] - command: getElementText[ param-1: By.xpath: //*[@id=&apos;nav-city&apos;]/div/div/div/div[1]/ul/li param-2: {&quot;id&quot;:&quot;0.09376711424019768-10&quot;}] Result: getElementText:Kolkata
[WebDriverCommandLogger] - Executing getElementText element: By.xpath: //*[@id=&apos;nav-city&apos;]/div/div/div/div[1]/ul/li parameters: {&quot;id&quot;:&quot;0.09376711424019768-10&quot;}
[WebDriverCommandLogger] - command: getElementText[ param-1: By.xpath: //*[@id=&apos;nav-city&apos;]/div/div/div/div[1]/ul/li param-2: {&quot;id&quot;:&quot;0.09376711424019768-10&quot;}] Result: getElementText:Kolkata
[WebDriverCommandLogger] - Executing getElementText element: By.xpath: //*[@id=&apos;nav-city&apos;]/div/div/div/div[1]/ul/li parameters: {&quot;id&quot;:&quot;0.09376711424019768-11&quot;}
[WebDriverCommandLogger] - command: getElementText[ param-1: By.xpath: //*[@id=&apos;nav-city&apos;]/div/div/div/div[1]/ul/li param-2: {&quot;id&quot;:&quot;0.09376711424019768-11&quot;}] Result: getElementText:Chennai
[WebDriverCommandLogger] - Executing getElementText element: By.xpath: //*[@id=&apos;nav-city&apos;]/div/div/div/div[1]/ul/li parameters: {&quot;id&quot;:&quot;0.09376711424019768-11&quot;}
[WebDriverCommandLogger] - command: getElementText[ param-1: By.xpath: //*[@id=&apos;nav-city&apos;]/div/div/div/div[1]/ul/li param-2: {&quot;id&quot;:&quot;0.09376711424019768-11&quot;}] Result: getElementText:Chennai
[WebDriverCommandLogger] - Executing getElementText element: By.xpath: //*[@id=&apos;nav-city&apos;]/div/div/div/div[1]/ul/li parameters: {&quot;id&quot;:&quot;0.09376711424019768-11&quot;}
[WebDriverCommandLogger] - command: getElementText[ param-1: By.xpath: //*[@id=&apos;nav-city&apos;]/div/div/div/div[1]/ul/li param-2: {&quot;id&quot;:&quot;0.09376711424019768-11&quot;}] Result: getElementText:Chennai
[WebDriverCommandLogger] - Executing getElementText element: By.xpath: //*[@id=&apos;nav-city&apos;]/div/div/div/div[1]/ul/li parameters: {&quot;id&quot;:&quot;0.09376711424019768-12&quot;}
[WebDriverCommandLogger] - command: getElementText[ param-1: By.xpath: //*[@id=&apos;nav-city&apos;]/div/div/div/div[1]/ul/li param-2: {&quot;id&quot;:&quot;0.09376711424019768-12&quot;}] Result: getElementText:OTHER CITIES
[WebDriverCommandLogger] - Executing findElement parameters: {&quot;using&quot;:&quot;css selector&quot;,&quot;value&quot;:&quot;.list7&gt;li&gt;a[title*=&apos;Pune&apos;]&quot;}
[WebDriverCommandLogger] - command: findElement[ param-1: {value=.list7&gt;li&gt;a[title*=&apos;Pune&apos;], using=css selector}] Result: id: 0.09376711424019768-27
[WebDriverCommandLogger] - Executing executeScript parameters: {&quot;args&quot;:[{&quot;element-6066-11e4-a52e-4f735466cecf&quot;:&quot;0.09376711424019768-27&quot;,&quot;ELEMENT&quot;:&quot;0.09376711424019768-27&quot;}],&quot;script&quot;:&quot;arguments[0].click();&quot;}
[WebDriverCommandLogger] - Executing getTitle parameters: {}
[WebDriverCommandLogger] - command: getTitle[ param-1: {}] Result: Pune News, Latest Pune News Headlines &amp; Live Updates - Times of India
verifying Pune News Page
Expected: a string containing &quot;Pune&quot;
     Actual: was &quot;Pune News, Latest Pune News Headlines &amp; Live Updates - Times of India&quot;
[WebDriverCommandLogger] - Executing screenshot parameters: {}
[QAFTestBase] - Capturing screen shottoiVerificationOfCityOption_gtmovbakhpu454359.png
[WebDriverCommandLogger] - Executing findElements parameters: {&quot;using&quot;:&quot;xpath&quot;,&quot;value&quot;:&quot;//div[@id=&apos;c_articlelist_stories_2&apos;]/ul[1]/li/span[1]/a&quot;}
[WebDriverCommandLogger] - command: findElements[ param-1: {value=//div[@id=&apos;c_articlelist_stories_2&apos;]/ul[1]/li/span[1]/a, using=xpath}] Result: [id: 0.08558070645241611-1, id: 0.08558070645241611-2, id: 0.08558070645241611-3, id: 0.08558070645241611-4, id: 0.08558070645241611-5, id: 0.08558070645241611-6, id: 0.08558070645241611-7, id: 0.08558070645241611-8, id: 0.08558070645241611-9, id: 0.08558070645241611-10, id: 0.08558070645241611-11, id: 0.08558070645241611-12, id: 0.08558070645241611-13, id: 0.08558070645241611-14, id: 0.08558070645241611-15, id: 0.08558070645241611-16, id: 0.08558070645241611-17, id: 0.08558070645241611-18, id: 0.08558070645241611-19, id: 0.08558070645241611-20, id: 0.08558070645241611-21, id: 0.08558070645241611-22, id: 0.08558070645241611-23, id: 0.08558070645241611-24, id: 0.08558070645241611-25, id: 0.08558070645241611-26, id: 0.08558070645241611-27, id: 0.08558070645241611-28, id: 0.08558070645241611-29, id: 0.08558070645241611-30, id: 0.08558070645241611-31, id: 0.08558070645241611-32, id: 0.08558070645241611-33, id: 0.08558070645241611-34, id: 0.08558070645241611-35, id: 0.08558070645241611-36, id: 0.08558070645241611-37, id: 0.08558070645241611-38, id: 0.08558070645241611-39, id: 0.08558070645241611-40, id: 0.08558070645241611-41, id: 0.08558070645241611-42, id: 0.08558070645241611-43, id: 0.08558070645241611-44, id: 0.08558070645241611-45, id: 0.08558070645241611-46, id: 0.08558070645241611-47, id: 0.08558070645241611-48, id: 0.08558070645241611-49, id: 0.08558070645241611-50, id: 0.08558070645241611-51, id: 0.08558070645241611-52, id: 0.08558070645241611-53, id: 0.08558070645241611-54, id: 0.08558070645241611-55, id: 0.08558070645241611-56, id: 0.08558070645241611-57, id: 0.08558070645241611-58, id: 0.08558070645241611-59, id: 0.08558070645241611-60, id: 0.08558070645241611-61, id: 0.08558070645241611-62, id: 0.08558070645241611-63, id: 0.08558070645241611-64, id: 0.08558070645241611-65, id: 0.08558070645241611-66, id: 0.08558070645241611-67, id: 0.08558070645241611-68, id: 0.08558070645241611-69, id: 0.08558070645241611-70, id: 0.08558070645241611-71, id: 0.08558070645241611-72, id: 0.08558070645241611-73, id: 0.08558070645241611-74, id: 0.08558070645241611-75, id: 0.08558070645241611-76, id: 0.08558070645241611-77, id: 0.08558070645241611-78, id: 0.08558070645241611-79, id: 0.08558070645241611-80, id: 0.08558070645241611-81, id: 0.08558070645241611-82, id: 0.08558070645241611-83, id: 0.08558070645241611-84, id: 0.08558070645241611-85, id: 0.08558070645241611-86, id: 0.08558070645241611-87, id: 0.08558070645241611-88, id: 0.08558070645241611-89, id: 0.08558070645241611-90, id: 0.08558070645241611-91, id: 0.08558070645241611-92, id: 0.08558070645241611-93, id: 0.08558070645241611-94, id: 0.08558070645241611-95, id: 0.08558070645241611-96]
[WebDriverCommandLogger] - Executing findElements parameters: {&quot;using&quot;:&quot;xpath&quot;,&quot;value&quot;:&quot;//div[@id=&apos;c_articlelist_stories_2&apos;]/ul[1]/li/span[1]/a&quot;}
[WebDriverCommandLogger] - command: findElements[ param-1: {value=//div[@id=&apos;c_articlelist_stories_2&apos;]/ul[1]/li/span[1]/a, using=xpath}] Result: [id: 0.08558070645241611-1, id: 0.08558070645241611-2, id: 0.08558070645241611-3, id: 0.08558070645241611-4, id: 0.08558070645241611-5, id: 0.08558070645241611-6, id: 0.08558070645241611-7, id: 0.08558070645241611-8, id: 0.08558070645241611-9, id: 0.08558070645241611-10, id: 0.08558070645241611-11, id: 0.08558070645241611-12, id: 0.08558070645241611-13, id: 0.08558070645241611-14, id: 0.08558070645241611-15, id: 0.08558070645241611-16, id: 0.08558070645241611-17, id: 0.08558070645241611-18, id: 0.08558070645241611-19, id: 0.08558070645241611-20, id: 0.08558070645241611-21, id: 0.08558070645241611-22, id: 0.08558070645241611-23, id: 0.08558070645241611-24, id: 0.08558070645241611-25, id: 0.08558070645241611-26, id: 0.08558070645241611-27, id: 0.08558070645241611-28, id: 0.08558070645241611-29, id: 0.08558070645241611-30, id: 0.08558070645241611-31, id: 0.08558070645241611-32, id: 0.08558070645241611-33, id: 0.08558070645241611-34, id: 0.08558070645241611-35, id: 0.08558070645241611-36, id: 0.08558070645241611-37, id: 0.08558070645241611-38, id: 0.08558070645241611-39, id: 0.08558070645241611-40, id: 0.08558070645241611-41, id: 0.08558070645241611-42, id: 0.08558070645241611-43, id: 0.08558070645241611-44, id: 0.08558070645241611-45, id: 0.08558070645241611-46, id: 0.08558070645241611-47, id: 0.08558070645241611-48, id: 0.08558070645241611-49, id: 0.08558070645241611-50, id: 0.08558070645241611-51, id: 0.08558070645241611-52, id: 0.08558070645241611-53, id: 0.08558070645241611-54, id: 0.08558070645241611-55, id: 0.08558070645241611-56, id: 0.08558070645241611-57, id: 0.08558070645241611-58, id: 0.08558070645241611-59, id: 0.08558070645241611-60, id: 0.08558070645241611-61, id: 0.08558070645241611-62, id: 0.08558070645241611-63, id: 0.08558070645241611-64, id: 0.08558070645241611-65, id: 0.08558070645241611-66, id: 0.08558070645241611-67, id: 0.08558070645241611-68, id: 0.08558070645241611-69, id: 0.08558070645241611-70, id: 0.08558070645241611-71, id: 0.08558070645241611-72, id: 0.08558070645241611-73, id: 0.08558070645241611-74, id: 0.08558070645241611-75, id: 0.08558070645241611-76, id: 0.08558070645241611-77, id: 0.08558070645241611-78, id: 0.08558070645241611-79, id: 0.08558070645241611-80, id: 0.08558070645241611-81, id: 0.08558070645241611-82, id: 0.08558070645241611-83, id: 0.08558070645241611-84, id: 0.08558070645241611-85, id: 0.08558070645241611-86, id: 0.08558070645241611-87, id: 0.08558070645241611-88, id: 0.08558070645241611-89, id: 0.08558070645241611-90, id: 0.08558070645241611-91, id: 0.08558070645241611-92, id: 0.08558070645241611-93, id: 0.08558070645241611-94, id: 0.08558070645241611-95, id: 0.08558070645241611-96]
[WebDriverCommandLogger] - Executing getElementText element: By.xpath: //div[@id=&apos;c_articlelist_stories_2&apos;]/ul[1]/li/span[1]/a parameters: {&quot;id&quot;:&quot;0.08558070645241611-1&quot;}
[WebDriverCommandLogger] - command: getElementText[ param-1: By.xpath: //div[@id=&apos;c_articlelist_stories_2&apos;]/ul[1]/li/span[1]/a param-2: {&quot;id&quot;:&quot;0.08558070645241611-1&quot;}] Result: getElementText:Eviction miffs FTII student
[WebDriverCommandLogger] - Executing findElements parameters: {&quot;using&quot;:&quot;xpath&quot;,&quot;value&quot;:&quot;//div[@id=&apos;c_articlelist_stories_2&apos;]/ul[1]/li/span[2]/span[2]&quot;}
[WebDriverCommandLogger] - command: findElements[ param-1: {value=//div[@id=&apos;c_articlelist_stories_2&apos;]/ul[1]/li/span[2]/span[2], using=xpath}] Result: [id: 0.08558070645241611-97, id: 0.08558070645241611-98, id: 0.08558070645241611-99, id: 0.08558070645241611-100, id: 0.08558070645241611-101, id: 0.08558070645241611-102, id: 0.08558070645241611-103, id: 0.08558070645241611-104, id: 0.08558070645241611-105, id: 0.08558070645241611-106, id: 0.08558070645241611-107, id: 0.08558070645241611-108, id: 0.08558070645241611-109, id: 0.08558070645241611-110, id: 0.08558070645241611-111, id: 0.08558070645241611-112, id: 0.08558070645241611-113, id: 0.08558070645241611-114, id: 0.08558070645241611-115, id: 0.08558070645241611-116, id: 0.08558070645241611-117, id: 0.08558070645241611-118, id: 0.08558070645241611-119, id: 0.08558070645241611-120, id: 0.08558070645241611-121, id: 0.08558070645241611-122, id: 0.08558070645241611-123, id: 0.08558070645241611-124, id: 0.08558070645241611-125, id: 0.08558070645241611-126, id: 0.08558070645241611-127, id: 0.08558070645241611-128, id: 0.08558070645241611-129, id: 0.08558070645241611-130, id: 0.08558070645241611-131, id: 0.08558070645241611-132, id: 0.08558070645241611-133, id: 0.08558070645241611-134, id: 0.08558070645241611-135, id: 0.08558070645241611-136, id: 0.08558070645241611-137, id: 0.08558070645241611-138, id: 0.08558070645241611-139, id: 0.08558070645241611-140, id: 0.08558070645241611-141, id: 0.08558070645241611-142, id: 0.08558070645241611-143, id: 0.08558070645241611-144, id: 0.08558070645241611-145, id: 0.08558070645241611-146, id: 0.08558070645241611-147, id: 0.08558070645241611-148, id: 0.08558070645241611-149, id: 0.08558070645241611-150, id: 0.08558070645241611-151, id: 0.08558070645241611-152, id: 0.08558070645241611-153, id: 0.08558070645241611-154, id: 0.08558070645241611-155, id: 0.08558070645241611-156, id: 0.08558070645241611-157, id: 0.08558070645241611-158, id: 0.08558070645241611-159, id: 0.08558070645241611-160, id: 0.08558070645241611-161, id: 0.08558070645241611-162, id: 0.08558070645241611-163, id: 0.08558070645241611-164, id: 0.08558070645241611-165, id: 0.08558070645241611-166, id: 0.08558070645241611-167, id: 0.08558070645241611-168, id: 0.08558070645241611-169, id: 0.08558070645241611-170, id: 0.08558070645241611-171, id: 0.08558070645241611-172, id: 0.08558070645241611-173, id: 0.08558070645241611-174, id: 0.08558070645241611-175, id: 0.08558070645241611-176, id: 0.08558070645241611-177, id: 0.08558070645241611-178, id: 0.08558070645241611-179, id: 0.08558070645241611-180, id: 0.08558070645241611-181, id: 0.08558070645241611-182, id: 0.08558070645241611-183, id: 0.08558070645241611-184, id: 0.08558070645241611-185, id: 0.08558070645241611-186, id: 0.08558070645241611-187, id: 0.08558070645241611-188, id: 0.08558070645241611-189, id: 0.08558070645241611-190, id: 0.08558070645241611-191, id: 0.08558070645241611-192]
[WebDriverCommandLogger] - Executing getElementText element: By.xpath: //div[@id=&apos;c_articlelist_stories_2&apos;]/ul[1]/li/span[2]/span[2] parameters: {&quot;id&quot;:&quot;0.08558070645241611-97&quot;}
[WebDriverCommandLogger] - command: getElementText[ param-1: By.xpath: //div[@id=&apos;c_articlelist_stories_2&apos;]/ul[1]/li/span[2]/span[2] param-2: {&quot;id&quot;:&quot;0.08558070645241611-97&quot;}] Result: getElementText:12 HOURS AGO
[WebDriverCommandLogger] - Executing findElements parameters: {&quot;using&quot;:&quot;xpath&quot;,&quot;value&quot;:&quot;//div[@id=&apos;c_articlelist_stories_2&apos;]/ul[1]/li/span[1]/a&quot;}
[WebDriverCommandLogger] - command: findElements[ param-1: {value=//div[@id=&apos;c_articlelist_stories_2&apos;]/ul[1]/li/span[1]/a, using=xpath}] Result: [id: 0.08558070645241611-1, id: 0.08558070645241611-2, id: 0.08558070645241611-3, id: 0.08558070645241611-4, id: 0.08558070645241611-5, id: 0.08558070645241611-6, id: 0.08558070645241611-7, id: 0.08558070645241611-8, id: 0.08558070645241611-9, id: 0.08558070645241611-10, id: 0.08558070645241611-11, id: 0.08558070645241611-12, id: 0.08558070645241611-13, id: 0.08558070645241611-14, id: 0.08558070645241611-15, id: 0.08558070645241611-16, id: 0.08558070645241611-17, id: 0.08558070645241611-18, id: 0.08558070645241611-19, id: 0.08558070645241611-20, id: 0.08558070645241611-21, id: 0.08558070645241611-22, id: 0.08558070645241611-23, id: 0.08558070645241611-24, id: 0.08558070645241611-25, id: 0.08558070645241611-26, id: 0.08558070645241611-27, id: 0.08558070645241611-28, id: 0.08558070645241611-29, id: 0.08558070645241611-30, id: 0.08558070645241611-31, id: 0.08558070645241611-32, id: 0.08558070645241611-33, id: 0.08558070645241611-34, id: 0.08558070645241611-35, id: 0.08558070645241611-36, id: 0.08558070645241611-37, id: 0.08558070645241611-38, id: 0.08558070645241611-39, id: 0.08558070645241611-40, id: 0.08558070645241611-41, id: 0.08558070645241611-42, id: 0.08558070645241611-43, id: 0.08558070645241611-44, id: 0.08558070645241611-45, id: 0.08558070645241611-46, id: 0.08558070645241611-47, id: 0.08558070645241611-48, id: 0.08558070645241611-49, id: 0.08558070645241611-50, id: 0.08558070645241611-51, id: 0.08558070645241611-52, id: 0.08558070645241611-53, id: 0.08558070645241611-54, id: 0.08558070645241611-55, id: 0.08558070645241611-56, id: 0.08558070645241611-57, id: 0.08558070645241611-58, id: 0.08558070645241611-59, id: 0.08558070645241611-60, id: 0.08558070645241611-61, id: 0.08558070645241611-62, id: 0.08558070645241611-63, id: 0.08558070645241611-64, id: 0.08558070645241611-65, id: 0.08558070645241611-66, id: 0.08558070645241611-67, id: 0.08558070645241611-68, id: 0.08558070645241611-69, id: 0.08558070645241611-70, id: 0.08558070645241611-71, id: 0.08558070645241611-72, id: 0.08558070645241611-73, id: 0.08558070645241611-74, id: 0.08558070645241611-75, id: 0.08558070645241611-76, id: 0.08558070645241611-77, id: 0.08558070645241611-78, id: 0.08558070645241611-79, id: 0.08558070645241611-80, id: 0.08558070645241611-81, id: 0.08558070645241611-82, id: 0.08558070645241611-83, id: 0.08558070645241611-84, id: 0.08558070645241611-85, id: 0.08558070645241611-86, id: 0.08558070645241611-87, id: 0.08558070645241611-88, id: 0.08558070645241611-89, id: 0.08558070645241611-90, id: 0.08558070645241611-91, id: 0.08558070645241611-92, id: 0.08558070645241611-93, id: 0.08558070645241611-94, id: 0.08558070645241611-95, id: 0.08558070645241611-96]
[WebDriverCommandLogger] - Executing findElements parameters: {&quot;using&quot;:&quot;xpath&quot;,&quot;value&quot;:&quot;//div[@id=&apos;c_articlelist_stories_2&apos;]/ul[1]/li/span[1]/a&quot;}
[WebDriverCommandLogger] - command: findElements[ param-1: {value=//div[@id=&apos;c_articlelist_stories_2&apos;]/ul[1]/li/span[1]/a, using=xpath}] Result: [id: 0.08558070645241611-1, id: 0.08558070645241611-2, id: 0.08558070645241611-3, id: 0.08558070645241611-4, id: 0.08558070645241611-5, id: 0.08558070645241611-6, id: 0.08558070645241611-7, id: 0.08558070645241611-8, id: 0.08558070645241611-9, id: 0.08558070645241611-10, id: 0.08558070645241611-11, id: 0.08558070645241611-12, id: 0.08558070645241611-13, id: 0.08558070645241611-14, id: 0.08558070645241611-15, id: 0.08558070645241611-16, id: 0.08558070645241611-17, id: 0.08558070645241611-18, id: 0.08558070645241611-19, id: 0.08558070645241611-20, id: 0.08558070645241611-21, id: 0.08558070645241611-22, id: 0.08558070645241611-23, id: 0.08558070645241611-24, id: 0.08558070645241611-25, id: 0.08558070645241611-26, id: 0.08558070645241611-27, id: 0.08558070645241611-28, id: 0.08558070645241611-29, id: 0.08558070645241611-30, id: 0.08558070645241611-31, id: 0.08558070645241611-32, id: 0.08558070645241611-33, id: 0.08558070645241611-34, id: 0.08558070645241611-35, id: 0.08558070645241611-36, id: 0.08558070645241611-37, id: 0.08558070645241611-38, id: 0.08558070645241611-39, id: 0.08558070645241611-40, id: 0.08558070645241611-41, id: 0.08558070645241611-42, id: 0.08558070645241611-43, id: 0.08558070645241611-44, id: 0.08558070645241611-45, id: 0.08558070645241611-46, id: 0.08558070645241611-47, id: 0.08558070645241611-48, id: 0.08558070645241611-49, id: 0.08558070645241611-50, id: 0.08558070645241611-51, id: 0.08558070645241611-52, id: 0.08558070645241611-53, id: 0.08558070645241611-54, id: 0.08558070645241611-55, id: 0.08558070645241611-56, id: 0.08558070645241611-57, id: 0.08558070645241611-58, id: 0.08558070645241611-59, id: 0.08558070645241611-60, id: 0.08558070645241611-61, id: 0.08558070645241611-62, id: 0.08558070645241611-63, id: 0.08558070645241611-64, id: 0.08558070645241611-65, id: 0.08558070645241611-66, id: 0.08558070645241611-67, id: 0.08558070645241611-68, id: 0.08558070645241611-69, id: 0.08558070645241611-70, id: 0.08558070645241611-71, id: 0.08558070645241611-72, id: 0.08558070645241611-73, id: 0.08558070645241611-74, id: 0.08558070645241611-75, id: 0.08558070645241611-76, id: 0.08558070645241611-77, id: 0.08558070645241611-78, id: 0.08558070645241611-79, id: 0.08558070645241611-80, id: 0.08558070645241611-81, id: 0.08558070645241611-82, id: 0.08558070645241611-83, id: 0.08558070645241611-84, id: 0.08558070645241611-85, id: 0.08558070645241611-86, id: 0.08558070645241611-87, id: 0.08558070645241611-88, id: 0.08558070645241611-89, id: 0.08558070645241611-90, id: 0.08558070645241611-91, id: 0.08558070645241611-92, id: 0.08558070645241611-93, id: 0.08558070645241611-94, id: 0.08558070645241611-95, id: 0.08558070645241611-96]
[WebDriverCommandLogger] - Executing getElementText element: By.xpath: //div[@id=&apos;c_articlelist_stories_2&apos;]/ul[1]/li/span[1]/a parameters: {&quot;id&quot;:&quot;0.08558070645241611-2&quot;}
[WebDriverCommandLogger] - command: getElementText[ param-1: By.xpath: //div[@id=&apos;c_articlelist_stories_2&apos;]/ul[1]/li/span[1]/a param-2: {&quot;id&quot;:&quot;0.08558070645241611-2&quot;}] Result: getElementText:Hyderabad model replica, Metro to be ready in 2 yrs
[WebDriverCommandLogger] - Executing findElements parameters: {&quot;using&quot;:&quot;xpath&quot;,&quot;value&quot;:&quot;//div[@id=&apos;c_articlelist_stories_2&apos;]/ul[1]/li/span[2]/span[2]&quot;}
[WebDriverCommandLogger] - command: findElements[ param-1: {value=//div[@id=&apos;c_articlelist_stories_2&apos;]/ul[1]/li/span[2]/span[2], using=xpath}] Result: [id: 0.08558070645241611-97, id: 0.08558070645241611-98, id: 0.08558070645241611-99, id: 0.08558070645241611-100, id: 0.08558070645241611-101, id: 0.08558070645241611-102, id: 0.08558070645241611-103, id: 0.08558070645241611-104, id: 0.08558070645241611-105, id: 0.08558070645241611-106, id: 0.08558070645241611-107, id: 0.08558070645241611-108, id: 0.08558070645241611-109, id: 0.08558070645241611-110, id: 0.08558070645241611-111, id: 0.08558070645241611-112, id: 0.08558070645241611-113, id: 0.08558070645241611-114, id: 0.08558070645241611-115, id: 0.08558070645241611-116, id: 0.08558070645241611-117, id: 0.08558070645241611-118, id: 0.08558070645241611-119, id: 0.08558070645241611-120, id: 0.08558070645241611-121, id: 0.08558070645241611-122, id: 0.08558070645241611-123, id: 0.08558070645241611-124, id: 0.08558070645241611-125, id: 0.08558070645241611-126, id: 0.08558070645241611-127, id: 0.08558070645241611-128, id: 0.08558070645241611-129, id: 0.08558070645241611-130, id: 0.08558070645241611-131, id: 0.08558070645241611-132, id: 0.08558070645241611-133, id: 0.08558070645241611-134, id: 0.08558070645241611-135, id: 0.08558070645241611-136, id: 0.08558070645241611-137, id: 0.08558070645241611-138, id: 0.08558070645241611-139, id: 0.08558070645241611-140, id: 0.08558070645241611-141, id: 0.08558070645241611-142, id: 0.08558070645241611-143, id: 0.08558070645241611-144, id: 0.08558070645241611-145, id: 0.08558070645241611-146, id: 0.08558070645241611-147, id: 0.08558070645241611-148, id: 0.08558070645241611-149, id: 0.08558070645241611-150, id: 0.08558070645241611-151, id: 0.08558070645241611-152, id: 0.08558070645241611-153, id: 0.08558070645241611-154, id: 0.08558070645241611-155, id: 0.08558070645241611-156, id: 0.08558070645241611-157, id: 0.08558070645241611-158, id: 0.08558070645241611-159, id: 0.08558070645241611-160, id: 0.08558070645241611-161, id: 0.08558070645241611-162, id: 0.08558070645241611-163, id: 0.08558070645241611-164, id: 0.08558070645241611-165, id: 0.08558070645241611-166, id: 0.08558070645241611-167, id: 0.08558070645241611-168, id: 0.08558070645241611-169, id: 0.08558070645241611-170, id: 0.08558070645241611-171, id: 0.08558070645241611-172, id: 0.08558070645241611-173, id: 0.08558070645241611-174, id: 0.08558070645241611-175, id: 0.08558070645241611-176, id: 0.08558070645241611-177, id: 0.08558070645241611-178, id: 0.08558070645241611-179, id: 0.08558070645241611-180, id: 0.08558070645241611-181, id: 0.08558070645241611-182, id: 0.08558070645241611-183, id: 0.08558070645241611-184, id: 0.08558070645241611-185, id: 0.08558070645241611-186, id: 0.08558070645241611-187, id: 0.08558070645241611-188, id: 0.08558070645241611-189, id: 0.08558070645241611-190, id: 0.08558070645241611-191, id: 0.08558070645241611-192]
[WebDriverCommandLogger] - Executing getElementText element: By.xpath: //div[@id=&apos;c_articlelist_stories_2&apos;]/ul[1]/li/span[2]/span[2] parameters: {&quot;id&quot;:&quot;0.08558070645241611-98&quot;}
[WebDriverCommandLogger] - command: getElementText[ param-1: By.xpath: //div[@id=&apos;c_articlelist_stories_2&apos;]/ul[1]/li/span[2]/span[2] param-2: {&quot;id&quot;:&quot;0.08558070645241611-98&quot;}] Result: getElementText:12 HOURS AGO
[WebDriverCommandLogger] - Executing findElements parameters: {&quot;using&quot;:&quot;xpath&quot;,&quot;value&quot;:&quot;//div[@id=&apos;c_articlelist_stories_2&apos;]/ul[1]/li/span[1]/a&quot;}
[WebDriverCommandLogger] - command: findElements[ param-1: {value=//div[@id=&apos;c_articlelist_stories_2&apos;]/ul[1]/li/span[1]/a, using=xpath}] Result: [id: 0.08558070645241611-1, id: 0.08558070645241611-2, id: 0.08558070645241611-3, id: 0.08558070645241611-4, id: 0.08558070645241611-5, id: 0.08558070645241611-6, id: 0.08558070645241611-7, id: 0.08558070645241611-8, id: 0.08558070645241611-9, id: 0.08558070645241611-10, id: 0.08558070645241611-11, id: 0.08558070645241611-12, id: 0.08558070645241611-13, id: 0.08558070645241611-14, id: 0.08558070645241611-15, id: 0.08558070645241611-16, id: 0.08558070645241611-17, id: 0.08558070645241611-18, id: 0.08558070645241611-19, id: 0.08558070645241611-20, id: 0.08558070645241611-21, id: 0.08558070645241611-22, id: 0.08558070645241611-23, id: 0.08558070645241611-24, id: 0.08558070645241611-25, id: 0.08558070645241611-26, id: 0.08558070645241611-27, id: 0.08558070645241611-28, id: 0.08558070645241611-29, id: 0.08558070645241611-30, id: 0.08558070645241611-31, id: 0.08558070645241611-32, id: 0.08558070645241611-33, id: 0.08558070645241611-34, id: 0.08558070645241611-35, id: 0.08558070645241611-36, id: 0.08558070645241611-37, id: 0.08558070645241611-38, id: 0.08558070645241611-39, id: 0.08558070645241611-40, id: 0.08558070645241611-41, id: 0.08558070645241611-42, id: 0.08558070645241611-43, id: 0.08558070645241611-44, id: 0.08558070645241611-45, id: 0.08558070645241611-46, id: 0.08558070645241611-47, id: 0.08558070645241611-48, id: 0.08558070645241611-49, id: 0.08558070645241611-50, id: 0.08558070645241611-51, id: 0.08558070645241611-52, id: 0.08558070645241611-53, id: 0.08558070645241611-54, id: 0.08558070645241611-55, id: 0.08558070645241611-56, id: 0.08558070645241611-57, id: 0.08558070645241611-58, id: 0.08558070645241611-59, id: 0.08558070645241611-60, id: 0.08558070645241611-61, id: 0.08558070645241611-62, id: 0.08558070645241611-63, id: 0.08558070645241611-64, id: 0.08558070645241611-65, id: 0.08558070645241611-66, id: 0.08558070645241611-67, id: 0.08558070645241611-68, id: 0.08558070645241611-69, id: 0.08558070645241611-70, id: 0.08558070645241611-71, id: 0.08558070645241611-72, id: 0.08558070645241611-73, id: 0.08558070645241611-74, id: 0.08558070645241611-75, id: 0.08558070645241611-76, id: 0.08558070645241611-77, id: 0.08558070645241611-78, id: 0.08558070645241611-79, id: 0.08558070645241611-80, id: 0.08558070645241611-81, id: 0.08558070645241611-82, id: 0.08558070645241611-83, id: 0.08558070645241611-84, id: 0.08558070645241611-85, id: 0.08558070645241611-86, id: 0.08558070645241611-87, id: 0.08558070645241611-88, id: 0.08558070645241611-89, id: 0.08558070645241611-90, id: 0.08558070645241611-91, id: 0.08558070645241611-92, id: 0.08558070645241611-93, id: 0.08558070645241611-94, id: 0.08558070645241611-95, id: 0.08558070645241611-96]
[WebDriverCommandLogger] - Executing findElements parameters: {&quot;using&quot;:&quot;xpath&quot;,&quot;value&quot;:&quot;//div[@id=&apos;c_articlelist_stories_2&apos;]/ul[1]/li/span[1]/a&quot;}
[WebDriverCommandLogger] - command: findElements[ param-1: {value=//div[@id=&apos;c_articlelist_stories_2&apos;]/ul[1]/li/span[1]/a, using=xpath}] Result: [id: 0.08558070645241611-1, id: 0.08558070645241611-2, id: 0.08558070645241611-3, id: 0.08558070645241611-4, id: 0.08558070645241611-5, id: 0.08558070645241611-6, id: 0.08558070645241611-7, id: 0.08558070645241611-8, id: 0.08558070645241611-9, id: 0.08558070645241611-10, id: 0.08558070645241611-11, id: 0.08558070645241611-12, id: 0.08558070645241611-13, id: 0.08558070645241611-14, id: 0.08558070645241611-15, id: 0.08558070645241611-16, id: 0.08558070645241611-17, id: 0.08558070645241611-18, id: 0.08558070645241611-19, id: 0.08558070645241611-20, id: 0.08558070645241611-21, id: 0.08558070645241611-22, id: 0.08558070645241611-23, id: 0.08558070645241611-24, id: 0.08558070645241611-25, id: 0.08558070645241611-26, id: 0.08558070645241611-27, id: 0.08558070645241611-28, id: 0.08558070645241611-29, id: 0.08558070645241611-30, id: 0.08558070645241611-31, id: 0.08558070645241611-32, id: 0.08558070645241611-33, id: 0.08558070645241611-34, id: 0.08558070645241611-35, id: 0.08558070645241611-36, id: 0.08558070645241611-37, id: 0.08558070645241611-38, id: 0.08558070645241611-39, id: 0.08558070645241611-40, id: 0.08558070645241611-41, id: 0.08558070645241611-42, id: 0.08558070645241611-43, id: 0.08558070645241611-44, id: 0.08558070645241611-45, id: 0.08558070645241611-46, id: 0.08558070645241611-47, id: 0.08558070645241611-48, id: 0.08558070645241611-49, id: 0.08558070645241611-50, id: 0.08558070645241611-51, id: 0.08558070645241611-52, id: 0.08558070645241611-53, id: 0.08558070645241611-54, id: 0.08558070645241611-55, id: 0.08558070645241611-56, id: 0.08558070645241611-57, id: 0.08558070645241611-58, id: 0.08558070645241611-59, id: 0.08558070645241611-60, id: 0.08558070645241611-61, id: 0.08558070645241611-62, id: 0.08558070645241611-63, id: 0.08558070645241611-64, id: 0.08558070645241611-65, id: 0.08558070645241611-66, id: 0.08558070645241611-67, id: 0.08558070645241611-68, id: 0.08558070645241611-69, id: 0.08558070645241611-70, id: 0.08558070645241611-71, id: 0.08558070645241611-72, id: 0.08558070645241611-73, id: 0.08558070645241611-74, id: 0.08558070645241611-75, id: 0.08558070645241611-76, id: 0.08558070645241611-77, id: 0.08558070645241611-78, id: 0.08558070645241611-79, id: 0.08558070645241611-80, id: 0.08558070645241611-81, id: 0.08558070645241611-82, id: 0.08558070645241611-83, id: 0.08558070645241611-84, id: 0.08558070645241611-85, id: 0.08558070645241611-86, id: 0.08558070645241611-87, id: 0.08558070645241611-88, id: 0.08558070645241611-89, id: 0.08558070645241611-90, id: 0.08558070645241611-91, id: 0.08558070645241611-92, id: 0.08558070645241611-93, id: 0.08558070645241611-94, id: 0.08558070645241611-95, id: 0.08558070645241611-96]
[WebDriverCommandLogger] - Executing getElementText element: By.xpath: //div[@id=&apos;c_articlelist_stories_2&apos;]/ul[1]/li/span[1]/a parameters: {&quot;id&quot;:&quot;0.08558070645241611-3&quot;}
[WebDriverCommandLogger] - command: getElementText[ param-1: By.xpath: //div[@id=&apos;c_articlelist_stories_2&apos;]/ul[1]/li/span[1]/a param-2: {&quot;id&quot;:&quot;0.08558070645241611-3&quot;}] Result: getElementText:Decentralization chorus grows, BJP leaders divided
[WebDriverCommandLogger] - Executing findElements parameters: {&quot;using&quot;:&quot;xpath&quot;,&quot;value&quot;:&quot;//div[@id=&apos;c_articlelist_stories_2&apos;]/ul[1]/li/span[2]/span[2]&quot;}
[WebDriverCommandLogger] - command: findElements[ param-1: {value=//div[@id=&apos;c_articlelist_stories_2&apos;]/ul[1]/li/span[2]/span[2], using=xpath}] Result: [id: 0.08558070645241611-97, id: 0.08558070645241611-98, id: 0.08558070645241611-99, id: 0.08558070645241611-100, id: 0.08558070645241611-101, id: 0.08558070645241611-102, id: 0.08558070645241611-103, id: 0.08558070645241611-104, id: 0.08558070645241611-105, id: 0.08558070645241611-106, id: 0.08558070645241611-107, id: 0.08558070645241611-108, id: 0.08558070645241611-109, id: 0.08558070645241611-110, id: 0.08558070645241611-111, id: 0.08558070645241611-112, id: 0.08558070645241611-113, id: 0.08558070645241611-114, id: 0.08558070645241611-115, id: 0.08558070645241611-116, id: 0.08558070645241611-117, id: 0.08558070645241611-118, id: 0.08558070645241611-119, id: 0.08558070645241611-120, id: 0.08558070645241611-121, id: 0.08558070645241611-122, id: 0.08558070645241611-123, id: 0.08558070645241611-124, id: 0.08558070645241611-125, id: 0.08558070645241611-126, id: 0.08558070645241611-127, id: 0.08558070645241611-128, id: 0.08558070645241611-129, id: 0.08558070645241611-130, id: 0.08558070645241611-131, id: 0.08558070645241611-132, id: 0.08558070645241611-133, id: 0.08558070645241611-134, id: 0.08558070645241611-135, id: 0.08558070645241611-136, id: 0.08558070645241611-137, id: 0.08558070645241611-138, id: 0.08558070645241611-139, id: 0.08558070645241611-140, id: 0.08558070645241611-141, id: 0.08558070645241611-142, id: 0.08558070645241611-143, id: 0.08558070645241611-144, id: 0.08558070645241611-145, id: 0.08558070645241611-146, id: 0.08558070645241611-147, id: 0.08558070645241611-148, id: 0.08558070645241611-149, id: 0.08558070645241611-150, id: 0.08558070645241611-151, id: 0.08558070645241611-152, id: 0.08558070645241611-153, id: 0.08558070645241611-154, id: 0.08558070645241611-155, id: 0.08558070645241611-156, id: 0.08558070645241611-157, id: 0.08558070645241611-158, id: 0.08558070645241611-159, id: 0.08558070645241611-160, id: 0.08558070645241611-161, id: 0.08558070645241611-162, id: 0.08558070645241611-163, id: 0.08558070645241611-164, id: 0.08558070645241611-165, id: 0.08558070645241611-166, id: 0.08558070645241611-167, id: 0.08558070645241611-168, id: 0.08558070645241611-169, id: 0.08558070645241611-170, id: 0.08558070645241611-171, id: 0.08558070645241611-172, id: 0.08558070645241611-173, id: 0.08558070645241611-174, id: 0.08558070645241611-175, id: 0.08558070645241611-176, id: 0.08558070645241611-177, id: 0.08558070645241611-178, id: 0.08558070645241611-179, id: 0.08558070645241611-180, id: 0.08558070645241611-181, id: 0.08558070645241611-182, id: 0.08558070645241611-183, id: 0.08558070645241611-184, id: 0.08558070645241611-185, id: 0.08558070645241611-186, id: 0.08558070645241611-187, id: 0.08558070645241611-188, id: 0.08558070645241611-189, id: 0.08558070645241611-190, id: 0.08558070645241611-191, id: 0.08558070645241611-192]
[WebDriverCommandLogger] - Executing getElementText element: By.xpath: //div[@id=&apos;c_articlelist_stories_2&apos;]/ul[1]/li/span[2]/span[2] parameters: {&quot;id&quot;:&quot;0.08558070645241611-99&quot;}
[WebDriverCommandLogger] - command: getElementText[ param-1: By.xpath: //div[@id=&apos;c_articlelist_stories_2&apos;]/ul[1]/li/span[2]/span[2] param-2: {&quot;id&quot;:&quot;0.08558070645241611-99&quot;}] Result: getElementText:12 HOURS AGO
[WebDriverCommandLogger] - Executing findElements parameters: {&quot;using&quot;:&quot;xpath&quot;,&quot;value&quot;:&quot;//div[@id=&apos;c_articlelist_stories_2&apos;]/ul[1]/li/span[1]/a&quot;}
[WebDriverCommandLogger] - command: findElements[ param-1: {value=//div[@id=&apos;c_articlelist_stories_2&apos;]/ul[1]/li/span[1]/a, using=xpath}] Result: [id: 0.08558070645241611-1, id: 0.08558070645241611-2, id: 0.08558070645241611-3, id: 0.08558070645241611-4, id: 0.08558070645241611-5, id: 0.08558070645241611-6, id: 0.08558070645241611-7, id: 0.08558070645241611-8, id: 0.08558070645241611-9, id: 0.08558070645241611-10, id: 0.08558070645241611-11, id: 0.08558070645241611-12, id: 0.08558070645241611-13, id: 0.08558070645241611-14, id: 0.08558070645241611-15, id: 0.08558070645241611-16, id: 0.08558070645241611-17, id: 0.08558070645241611-18, id: 0.08558070645241611-19, id: 0.08558070645241611-20, id: 0.08558070645241611-21, id: 0.08558070645241611-22, id: 0.08558070645241611-23, id: 0.08558070645241611-24, id: 0.08558070645241611-25, id: 0.08558070645241611-26, id: 0.08558070645241611-27, id: 0.08558070645241611-28, id: 0.08558070645241611-29, id: 0.08558070645241611-30, id: 0.08558070645241611-31, id: 0.08558070645241611-32, id: 0.08558070645241611-33, id: 0.08558070645241611-34, id: 0.08558070645241611-35, id: 0.08558070645241611-36, id: 0.08558070645241611-37, id: 0.08558070645241611-38, id: 0.08558070645241611-39, id: 0.08558070645241611-40, id: 0.08558070645241611-41, id: 0.08558070645241611-42, id: 0.08558070645241611-43, id: 0.08558070645241611-44, id: 0.08558070645241611-45, id: 0.08558070645241611-46, id: 0.08558070645241611-47, id: 0.08558070645241611-48, id: 0.08558070645241611-49, id: 0.08558070645241611-50, id: 0.08558070645241611-51, id: 0.08558070645241611-52, id: 0.08558070645241611-53, id: 0.08558070645241611-54, id: 0.08558070645241611-55, id: 0.08558070645241611-56, id: 0.08558070645241611-57, id: 0.08558070645241611-58, id: 0.08558070645241611-59, id: 0.08558070645241611-60, id: 0.08558070645241611-61, id: 0.08558070645241611-62, id: 0.08558070645241611-63, id: 0.08558070645241611-64, id: 0.08558070645241611-65, id: 0.08558070645241611-66, id: 0.08558070645241611-67, id: 0.08558070645241611-68, id: 0.08558070645241611-69, id: 0.08558070645241611-70, id: 0.08558070645241611-71, id: 0.08558070645241611-72, id: 0.08558070645241611-73, id: 0.08558070645241611-74, id: 0.08558070645241611-75, id: 0.08558070645241611-76, id: 0.08558070645241611-77, id: 0.08558070645241611-78, id: 0.08558070645241611-79, id: 0.08558070645241611-80, id: 0.08558070645241611-81, id: 0.08558070645241611-82, id: 0.08558070645241611-83, id: 0.08558070645241611-84, id: 0.08558070645241611-85, id: 0.08558070645241611-86, id: 0.08558070645241611-87, id: 0.08558070645241611-88, id: 0.08558070645241611-89, id: 0.08558070645241611-90, id: 0.08558070645241611-91, id: 0.08558070645241611-92, id: 0.08558070645241611-93, id: 0.08558070645241611-94, id: 0.08558070645241611-95, id: 0.08558070645241611-96]
[WebDriverCommandLogger] - Executing findElements parameters: {&quot;using&quot;:&quot;xpath&quot;,&quot;value&quot;:&quot;//div[@id=&apos;c_articlelist_stories_2&apos;]/ul[1]/li/span[1]/a&quot;}
[WebDriverCommandLogger] - command: findElements[ param-1: {value=//div[@id=&apos;c_articlelist_stories_2&apos;]/ul[1]/li/span[1]/a, using=xpath}] Result: [id: 0.08558070645241611-1, id: 0.08558070645241611-2, id: 0.08558070645241611-3, id: 0.08558070645241611-4, id: 0.08558070645241611-5, id: 0.08558070645241611-6, id: 0.08558070645241611-7, id: 0.08558070645241611-8, id: 0.08558070645241611-9, id: 0.08558070645241611-10, id: 0.08558070645241611-11, id: 0.08558070645241611-12, id: 0.08558070645241611-13, id: 0.08558070645241611-14, id: 0.08558070645241611-15, id: 0.08558070645241611-16, id: 0.08558070645241611-17, id: 0.08558070645241611-18, id: 0.08558070645241611-19, id: 0.08558070645241611-20, id: 0.08558070645241611-21, id: 0.08558070645241611-22, id: 0.08558070645241611-23, id: 0.08558070645241611-24, id: 0.08558070645241611-25, id: 0.08558070645241611-26, id: 0.08558070645241611-27, id: 0.08558070645241611-28, id: 0.08558070645241611-29, id: 0.08558070645241611-30, id: 0.08558070645241611-31, id: 0.08558070645241611-32, id: 0.08558070645241611-33, id: 0.08558070645241611-34, id: 0.08558070645241611-35, id: 0.08558070645241611-36, id: 0.08558070645241611-37, id: 0.08558070645241611-38, id: 0.08558070645241611-39, id: 0.08558070645241611-40, id: 0.08558070645241611-41, id: 0.08558070645241611-42, id: 0.08558070645241611-43, id: 0.08558070645241611-44, id: 0.08558070645241611-45, id: 0.08558070645241611-46, id: 0.08558070645241611-47, id: 0.08558070645241611-48, id: 0.08558070645241611-49, id: 0.08558070645241611-50, id: 0.08558070645241611-51, id: 0.08558070645241611-52, id: 0.08558070645241611-53, id: 0.08558070645241611-54, id: 0.08558070645241611-55, id: 0.08558070645241611-56, id: 0.08558070645241611-57, id: 0.08558070645241611-58, id: 0.08558070645241611-59, id: 0.08558070645241611-60, id: 0.08558070645241611-61, id: 0.08558070645241611-62, id: 0.08558070645241611-63, id: 0.08558070645241611-64, id: 0.08558070645241611-65, id: 0.08558070645241611-66, id: 0.08558070645241611-67, id: 0.08558070645241611-68, id: 0.08558070645241611-69, id: 0.08558070645241611-70, id: 0.08558070645241611-71, id: 0.08558070645241611-72, id: 0.08558070645241611-73, id: 0.08558070645241611-74, id: 0.08558070645241611-75, id: 0.08558070645241611-76, id: 0.08558070645241611-77, id: 0.08558070645241611-78, id: 0.08558070645241611-79, id: 0.08558070645241611-80, id: 0.08558070645241611-81, id: 0.08558070645241611-82, id: 0.08558070645241611-83, id: 0.08558070645241611-84, id: 0.08558070645241611-85, id: 0.08558070645241611-86, id: 0.08558070645241611-87, id: 0.08558070645241611-88, id: 0.08558070645241611-89, id: 0.08558070645241611-90, id: 0.08558070645241611-91, id: 0.08558070645241611-92, id: 0.08558070645241611-93, id: 0.08558070645241611-94, id: 0.08558070645241611-95, id: 0.08558070645241611-96]
[WebDriverCommandLogger] - Executing getElementText element: By.xpath: //div[@id=&apos;c_articlelist_stories_2&apos;]/ul[1]/li/span[1]/a parameters: {&quot;id&quot;:&quot;0.08558070645241611-4&quot;}
[WebDriverCommandLogger] - command: getElementText[ param-1: By.xpath: //div[@id=&apos;c_articlelist_stories_2&apos;]/ul[1]/li/span[1]/a param-2: {&quot;id&quot;:&quot;0.08558070645241611-4&quot;}] Result: getElementText:‘NRI’ suitor dupes woman IT professional of Rs 1.24 lakh
[WebDriverCommandLogger] - Executing findElements parameters: {&quot;using&quot;:&quot;xpath&quot;,&quot;value&quot;:&quot;//div[@id=&apos;c_articlelist_stories_2&apos;]/ul[1]/li/span[2]/span[2]&quot;}
[WebDriverCommandLogger] - command: findElements[ param-1: {value=//div[@id=&apos;c_articlelist_stories_2&apos;]/ul[1]/li/span[2]/span[2], using=xpath}] Result: [id: 0.08558070645241611-97, id: 0.08558070645241611-98, id: 0.08558070645241611-99, id: 0.08558070645241611-100, id: 0.08558070645241611-101, id: 0.08558070645241611-102, id: 0.08558070645241611-103, id: 0.08558070645241611-104, id: 0.08558070645241611-105, id: 0.08558070645241611-106, id: 0.08558070645241611-107, id: 0.08558070645241611-108, id: 0.08558070645241611-109, id: 0.08558070645241611-110, id: 0.08558070645241611-111, id: 0.08558070645241611-112, id: 0.08558070645241611-113, id: 0.08558070645241611-114, id: 0.08558070645241611-115, id: 0.08558070645241611-116, id: 0.08558070645241611-117, id: 0.08558070645241611-118, id: 0.08558070645241611-119, id: 0.08558070645241611-120, id: 0.08558070645241611-121, id: 0.08558070645241611-122, id: 0.08558070645241611-123, id: 0.08558070645241611-124, id: 0.08558070645241611-125, id: 0.08558070645241611-126, id: 0.08558070645241611-127, id: 0.08558070645241611-128, id: 0.08558070645241611-129, id: 0.08558070645241611-130, id: 0.08558070645241611-131, id: 0.08558070645241611-132, id: 0.08558070645241611-133, id: 0.08558070645241611-134, id: 0.08558070645241611-135, id: 0.08558070645241611-136, id: 0.08558070645241611-137, id: 0.08558070645241611-138, id: 0.08558070645241611-139, id: 0.08558070645241611-140, id: 0.08558070645241611-141, id: 0.08558070645241611-142, id: 0.08558070645241611-143, id: 0.08558070645241611-144, id: 0.08558070645241611-145, id: 0.08558070645241611-146, id: 0.08558070645241611-147, id: 0.08558070645241611-148, id: 0.08558070645241611-149, id: 0.08558070645241611-150, id: 0.08558070645241611-151, id: 0.08558070645241611-152, id: 0.08558070645241611-153, id: 0.08558070645241611-154, id: 0.08558070645241611-155, id: 0.08558070645241611-156, id: 0.08558070645241611-157, id: 0.08558070645241611-158, id: 0.08558070645241611-159, id: 0.08558070645241611-160, id: 0.08558070645241611-161, id: 0.08558070645241611-162, id: 0.08558070645241611-163, id: 0.08558070645241611-164, id: 0.08558070645241611-165, id: 0.08558070645241611-166, id: 0.08558070645241611-167, id: 0.08558070645241611-168, id: 0.08558070645241611-169, id: 0.08558070645241611-170, id: 0.08558070645241611-171, id: 0.08558070645241611-172, id: 0.08558070645241611-173, id: 0.08558070645241611-174, id: 0.08558070645241611-175, id: 0.08558070645241611-176, id: 0.08558070645241611-177, id: 0.08558070645241611-178, id: 0.08558070645241611-179, id: 0.08558070645241611-180, id: 0.08558070645241611-181, id: 0.08558070645241611-182, id: 0.08558070645241611-183, id: 0.08558070645241611-184, id: 0.08558070645241611-185, id: 0.08558070645241611-186, id: 0.08558070645241611-187, id: 0.08558070645241611-188, id: 0.08558070645241611-189, id: 0.08558070645241611-190, id: 0.08558070645241611-191, id: 0.08558070645241611-192]
[WebDriverCommandLogger] - Executing getElementText element: By.xpath: //div[@id=&apos;c_articlelist_stories_2&apos;]/ul[1]/li/span[2]/span[2] parameters: {&quot;id&quot;:&quot;0.08558070645241611-100&quot;}
[WebDriverCommandLogger] - command: getElementText[ param-1: By.xpath: //div[@id=&apos;c_articlelist_stories_2&apos;]/ul[1]/li/span[2]/span[2] param-2: {&quot;id&quot;:&quot;0.08558070645241611-100&quot;}] Result: getElementText:12 HOURS AGO
[WebDriverCommandLogger] - Executing findElements parameters: {&quot;using&quot;:&quot;xpath&quot;,&quot;value&quot;:&quot;//div[@id=&apos;c_articlelist_stories_2&apos;]/ul[1]/li/span[1]/a&quot;}
[WebDriverCommandLogger] - command: findElements[ param-1: {value=//div[@id=&apos;c_articlelist_stories_2&apos;]/ul[1]/li/span[1]/a, using=xpath}] Result: [id: 0.08558070645241611-1, id: 0.08558070645241611-2, id: 0.08558070645241611-3, id: 0.08558070645241611-4, id: 0.08558070645241611-5, id: 0.08558070645241611-6, id: 0.08558070645241611-7, id: 0.08558070645241611-8, id: 0.08558070645241611-9, id: 0.08558070645241611-10, id: 0.08558070645241611-11, id: 0.08558070645241611-12, id: 0.08558070645241611-13, id: 0.08558070645241611-14, id: 0.08558070645241611-15, id: 0.08558070645241611-16, id: 0.08558070645241611-17, id: 0.08558070645241611-18, id: 0.08558070645241611-19, id: 0.08558070645241611-20, id: 0.08558070645241611-21, id: 0.08558070645241611-22, id: 0.08558070645241611-23, id: 0.08558070645241611-24, id: 0.08558070645241611-25, id: 0.08558070645241611-26, id: 0.08558070645241611-27, id: 0.08558070645241611-28, id: 0.08558070645241611-29, id: 0.08558070645241611-30, id: 0.08558070645241611-31, id: 0.08558070645241611-32, id: 0.08558070645241611-33, id: 0.08558070645241611-34, id: 0.08558070645241611-35, id: 0.08558070645241611-36, id: 0.08558070645241611-37, id: 0.08558070645241611-38, id: 0.08558070645241611-39, id: 0.08558070645241611-40, id: 0.08558070645241611-41, id: 0.08558070645241611-42, id: 0.08558070645241611-43, id: 0.08558070645241611-44, id: 0.08558070645241611-45, id: 0.08558070645241611-46, id: 0.08558070645241611-47, id: 0.08558070645241611-48, id: 0.08558070645241611-49, id: 0.08558070645241611-50, id: 0.08558070645241611-51, id: 0.08558070645241611-52, id: 0.08558070645241611-53, id: 0.08558070645241611-54, id: 0.08558070645241611-55, id: 0.08558070645241611-56, id: 0.08558070645241611-57, id: 0.08558070645241611-58, id: 0.08558070645241611-59, id: 0.08558070645241611-60, id: 0.08558070645241611-61, id: 0.08558070645241611-62, id: 0.08558070645241611-63, id: 0.08558070645241611-64, id: 0.08558070645241611-65, id: 0.08558070645241611-66, id: 0.08558070645241611-67, id: 0.08558070645241611-68, id: 0.08558070645241611-69, id: 0.08558070645241611-70, id: 0.08558070645241611-71, id: 0.08558070645241611-72, id: 0.08558070645241611-73, id: 0.08558070645241611-74, id: 0.08558070645241611-75, id: 0.08558070645241611-76, id: 0.08558070645241611-77, id: 0.08558070645241611-78, id: 0.08558070645241611-79, id: 0.08558070645241611-80, id: 0.08558070645241611-81, id: 0.08558070645241611-82, id: 0.08558070645241611-83, id: 0.08558070645241611-84, id: 0.08558070645241611-85, id: 0.08558070645241611-86, id: 0.08558070645241611-87, id: 0.08558070645241611-88, id: 0.08558070645241611-89, id: 0.08558070645241611-90, id: 0.08558070645241611-91, id: 0.08558070645241611-92, id: 0.08558070645241611-93, id: 0.08558070645241611-94, id: 0.08558070645241611-95, id: 0.08558070645241611-96]
[WebDriverCommandLogger] - Executing findElements parameters: {&quot;using&quot;:&quot;xpath&quot;,&quot;value&quot;:&quot;//div[@id=&apos;c_articlelist_stories_2&apos;]/ul[1]/li/span[1]/a&quot;}
[WebDriverCommandLogger] - command: findElements[ param-1: {value=//div[@id=&apos;c_articlelist_stories_2&apos;]/ul[1]/li/span[1]/a, using=xpath}] Result: [id: 0.08558070645241611-1, id: 0.08558070645241611-2, id: 0.08558070645241611-3, id: 0.08558070645241611-4, id: 0.08558070645241611-5, id: 0.08558070645241611-6, id: 0.08558070645241611-7, id: 0.08558070645241611-8, id: 0.08558070645241611-9, id: 0.08558070645241611-10, id: 0.08558070645241611-11, id: 0.08558070645241611-12, id: 0.08558070645241611-13, id: 0.08558070645241611-14, id: 0.08558070645241611-15, id: 0.08558070645241611-16, id: 0.08558070645241611-17, id: 0.08558070645241611-18, id: 0.08558070645241611-19, id: 0.08558070645241611-20, id: 0.08558070645241611-21, id: 0.08558070645241611-22, id: 0.08558070645241611-23, id: 0.08558070645241611-24, id: 0.08558070645241611-25, id: 0.08558070645241611-26, id: 0.08558070645241611-27, id: 0.08558070645241611-28, id: 0.08558070645241611-29, id: 0.08558070645241611-30, id: 0.08558070645241611-31, id: 0.08558070645241611-32, id: 0.08558070645241611-33, id: 0.08558070645241611-34, id: 0.08558070645241611-35, id: 0.08558070645241611-36, id: 0.08558070645241611-37, id: 0.08558070645241611-38, id: 0.08558070645241611-39, id: 0.08558070645241611-40, id: 0.08558070645241611-41, id: 0.08558070645241611-42, id: 0.08558070645241611-43, id: 0.08558070645241611-44, id: 0.08558070645241611-45, id: 0.08558070645241611-46, id: 0.08558070645241611-47, id: 0.08558070645241611-48, id: 0.08558070645241611-49, id: 0.08558070645241611-50, id: 0.08558070645241611-51, id: 0.08558070645241611-52, id: 0.08558070645241611-53, id: 0.08558070645241611-54, id: 0.08558070645241611-55, id: 0.08558070645241611-56, id: 0.08558070645241611-57, id: 0.08558070645241611-58, id: 0.08558070645241611-59, id: 0.08558070645241611-60, id: 0.08558070645241611-61, id: 0.08558070645241611-62, id: 0.08558070645241611-63, id: 0.08558070645241611-64, id: 0.08558070645241611-65, id: 0.08558070645241611-66, id: 0.08558070645241611-67, id: 0.08558070645241611-68, id: 0.08558070645241611-69, id: 0.08558070645241611-70, id: 0.08558070645241611-71, id: 0.08558070645241611-72, id: 0.08558070645241611-73, id: 0.08558070645241611-74, id: 0.08558070645241611-75, id: 0.08558070645241611-76, id: 0.08558070645241611-77, id: 0.08558070645241611-78, id: 0.08558070645241611-79, id: 0.08558070645241611-80, id: 0.08558070645241611-81, id: 0.08558070645241611-82, id: 0.08558070645241611-83, id: 0.08558070645241611-84, id: 0.08558070645241611-85, id: 0.08558070645241611-86, id: 0.08558070645241611-87, id: 0.08558070645241611-88, id: 0.08558070645241611-89, id: 0.08558070645241611-90, id: 0.08558070645241611-91, id: 0.08558070645241611-92, id: 0.08558070645241611-93, id: 0.08558070645241611-94, id: 0.08558070645241611-95, id: 0.08558070645241611-96]
[WebDriverCommandLogger] - Executing getElementText element: By.xpath: //div[@id=&apos;c_articlelist_stories_2&apos;]/ul[1]/li/span[1]/a parameters: {&quot;id&quot;:&quot;0.08558070645241611-5&quot;}
[WebDriverCommandLogger] - command: getElementText[ param-1: By.xpath: //div[@id=&apos;c_articlelist_stories_2&apos;]/ul[1]/li/span[1]/a param-2: {&quot;id&quot;:&quot;0.08558070645241611-5&quot;}] Result: getElementText:56 years later, Panshet horror still haunts many
[WebDriverCommandLogger] - Executing findElements parameters: {&quot;using&quot;:&quot;xpath&quot;,&quot;value&quot;:&quot;//div[@id=&apos;c_articlelist_stories_2&apos;]/ul[1]/li/span[2]/span[2]&quot;}
[WebDriverCommandLogger] - command: findElements[ param-1: {value=//div[@id=&apos;c_articlelist_stories_2&apos;]/ul[1]/li/span[2]/span[2], using=xpath}] Result: [id: 0.08558070645241611-97, id: 0.08558070645241611-98, id: 0.08558070645241611-99, id: 0.08558070645241611-100, id: 0.08558070645241611-101, id: 0.08558070645241611-102, id: 0.08558070645241611-103, id: 0.08558070645241611-104, id: 0.08558070645241611-105, id: 0.08558070645241611-106, id: 0.08558070645241611-107, id: 0.08558070645241611-108, id: 0.08558070645241611-109, id: 0.08558070645241611-110, id: 0.08558070645241611-111, id: 0.08558070645241611-112, id: 0.08558070645241611-113, id: 0.08558070645241611-114, id: 0.08558070645241611-115, id: 0.08558070645241611-116, id: 0.08558070645241611-117, id: 0.08558070645241611-118, id: 0.08558070645241611-119, id: 0.08558070645241611-120, id: 0.08558070645241611-121, id: 0.08558070645241611-122, id: 0.08558070645241611-123, id: 0.08558070645241611-124, id: 0.08558070645241611-125, id: 0.08558070645241611-126, id: 0.08558070645241611-127, id: 0.08558070645241611-128, id: 0.08558070645241611-129, id: 0.08558070645241611-130, id: 0.08558070645241611-131, id: 0.08558070645241611-132, id: 0.08558070645241611-133, id: 0.08558070645241611-134, id: 0.08558070645241611-135, id: 0.08558070645241611-136, id: 0.08558070645241611-137, id: 0.08558070645241611-138, id: 0.08558070645241611-139, id: 0.08558070645241611-140, id: 0.08558070645241611-141, id: 0.08558070645241611-142, id: 0.08558070645241611-143, id: 0.08558070645241611-144, id: 0.08558070645241611-145, id: 0.08558070645241611-146, id: 0.08558070645241611-147, id: 0.08558070645241611-148, id: 0.08558070645241611-149, id: 0.08558070645241611-150, id: 0.08558070645241611-151, id: 0.08558070645241611-152, id: 0.08558070645241611-153, id: 0.08558070645241611-154, id: 0.08558070645241611-155, id: 0.08558070645241611-156, id: 0.08558070645241611-157, id: 0.08558070645241611-158, id: 0.08558070645241611-159, id: 0.08558070645241611-160, id: 0.08558070645241611-161, id: 0.08558070645241611-162, id: 0.08558070645241611-163, id: 0.08558070645241611-164, id: 0.08558070645241611-165, id: 0.08558070645241611-166, id: 0.08558070645241611-167, id: 0.08558070645241611-168, id: 0.08558070645241611-169, id: 0.08558070645241611-170, id: 0.08558070645241611-171, id: 0.08558070645241611-172, id: 0.08558070645241611-173, id: 0.08558070645241611-174, id: 0.08558070645241611-175, id: 0.08558070645241611-176, id: 0.08558070645241611-177, id: 0.08558070645241611-178, id: 0.08558070645241611-179, id: 0.08558070645241611-180, id: 0.08558070645241611-181, id: 0.08558070645241611-182, id: 0.08558070645241611-183, id: 0.08558070645241611-184, id: 0.08558070645241611-185, id: 0.08558070645241611-186, id: 0.08558070645241611-187, id: 0.08558070645241611-188, id: 0.08558070645241611-189, id: 0.08558070645241611-190, id: 0.08558070645241611-191, id: 0.08558070645241611-192]
[WebDriverCommandLogger] - Executing getElementText element: By.xpath: //div[@id=&apos;c_articlelist_stories_2&apos;]/ul[1]/li/span[2]/span[2] parameters: {&quot;id&quot;:&quot;0.08558070645241611-101&quot;}
[WebDriverCommandLogger] - command: getElementText[ param-1: By.xpath: //div[@id=&apos;c_articlelist_stories_2&apos;]/ul[1]/li/span[2]/span[2] param-2: {&quot;id&quot;:&quot;0.08558070645241611-101&quot;}] Result: getElementText:12 HOURS AGO
[WebDriverCommandLogger] - Executing findElements parameters: {&quot;using&quot;:&quot;xpath&quot;,&quot;value&quot;:&quot;//div[@id=&apos;c_articlelist_stories_2&apos;]/ul[1]/li/span[1]/a&quot;}
[WebDriverCommandLogger] - command: findElements[ param-1: {value=//div[@id=&apos;c_articlelist_stories_2&apos;]/ul[1]/li/span[1]/a, using=xpath}] Result: [id: 0.08558070645241611-1, id: 0.08558070645241611-2, id: 0.08558070645241611-3, id: 0.08558070645241611-4, id: 0.08558070645241611-5, id: 0.08558070645241611-6, id: 0.08558070645241611-7, id: 0.08558070645241611-8, id: 0.08558070645241611-9, id: 0.08558070645241611-10, id: 0.08558070645241611-11, id: 0.08558070645241611-12, id: 0.08558070645241611-13, id: 0.08558070645241611-14, id: 0.08558070645241611-15, id: 0.08558070645241611-16, id: 0.08558070645241611-17, id: 0.08558070645241611-18, id: 0.08558070645241611-19, id: 0.08558070645241611-20, id: 0.08558070645241611-21, id: 0.08558070645241611-22, id: 0.08558070645241611-23, id: 0.08558070645241611-24, id: 0.08558070645241611-25, id: 0.08558070645241611-26, id: 0.08558070645241611-27, id: 0.08558070645241611-28, id: 0.08558070645241611-29, id: 0.08558070645241611-30, id: 0.08558070645241611-31, id: 0.08558070645241611-32, id: 0.08558070645241611-33, id: 0.08558070645241611-34, id: 0.08558070645241611-35, id: 0.08558070645241611-36, id: 0.08558070645241611-37, id: 0.08558070645241611-38, id: 0.08558070645241611-39, id: 0.08558070645241611-40, id: 0.08558070645241611-41, id: 0.08558070645241611-42, id: 0.08558070645241611-43, id: 0.08558070645241611-44, id: 0.08558070645241611-45, id: 0.08558070645241611-46, id: 0.08558070645241611-47, id: 0.08558070645241611-48, id: 0.08558070645241611-49, id: 0.08558070645241611-50, id: 0.08558070645241611-51, id: 0.08558070645241611-52, id: 0.08558070645241611-53, id: 0.08558070645241611-54, id: 0.08558070645241611-55, id: 0.08558070645241611-56, id: 0.08558070645241611-57, id: 0.08558070645241611-58, id: 0.08558070645241611-59, id: 0.08558070645241611-60, id: 0.08558070645241611-61, id: 0.08558070645241611-62, id: 0.08558070645241611-63, id: 0.08558070645241611-64, id: 0.08558070645241611-65, id: 0.08558070645241611-66, id: 0.08558070645241611-67, id: 0.08558070645241611-68, id: 0.08558070645241611-69, id: 0.08558070645241611-70, id: 0.08558070645241611-71, id: 0.08558070645241611-72, id: 0.08558070645241611-73, id: 0.08558070645241611-74, id: 0.08558070645241611-75, id: 0.08558070645241611-76, id: 0.08558070645241611-77, id: 0.08558070645241611-78, id: 0.08558070645241611-79, id: 0.08558070645241611-80, id: 0.08558070645241611-81, id: 0.08558070645241611-82, id: 0.08558070645241611-83, id: 0.08558070645241611-84, id: 0.08558070645241611-85, id: 0.08558070645241611-86, id: 0.08558070645241611-87, id: 0.08558070645241611-88, id: 0.08558070645241611-89, id: 0.08558070645241611-90, id: 0.08558070645241611-91, id: 0.08558070645241611-92, id: 0.08558070645241611-93, id: 0.08558070645241611-94, id: 0.08558070645241611-95, id: 0.08558070645241611-96]
[WebDriverCommandLogger] - Executing findElements parameters: {&quot;using&quot;:&quot;xpath&quot;,&quot;value&quot;:&quot;//div[@id=&apos;c_articlelist_stories_2&apos;]/ul[1]/li/span[1]/a&quot;}
[WebDriverCommandLogger] - command: findElements[ param-1: {value=//div[@id=&apos;c_articlelist_stories_2&apos;]/ul[1]/li/span[1]/a, using=xpath}] Result: [id: 0.08558070645241611-1, id: 0.08558070645241611-2, id: 0.08558070645241611-3, id: 0.08558070645241611-4, id: 0.08558070645241611-5, id: 0.08558070645241611-6, id: 0.08558070645241611-7, id: 0.08558070645241611-8, id: 0.08558070645241611-9, id: 0.08558070645241611-10, id: 0.08558070645241611-11, id: 0.08558070645241611-12, id: 0.08558070645241611-13, id: 0.08558070645241611-14, id: 0.08558070645241611-15, id: 0.08558070645241611-16, id: 0.08558070645241611-17, id: 0.08558070645241611-18, id: 0.08558070645241611-19, id: 0.08558070645241611-20, id: 0.08558070645241611-21, id: 0.08558070645241611-22, id: 0.08558070645241611-23, id: 0.08558070645241611-24, id: 0.08558070645241611-25, id: 0.08558070645241611-26, id: 0.08558070645241611-27, id: 0.08558070645241611-28, id: 0.08558070645241611-29, id: 0.08558070645241611-30, id: 0.08558070645241611-31, id: 0.08558070645241611-32, id: 0.08558070645241611-33, id: 0.08558070645241611-34, id: 0.08558070645241611-35, id: 0.08558070645241611-36, id: 0.08558070645241611-37, id: 0.08558070645241611-38, id: 0.08558070645241611-39, id: 0.08558070645241611-40, id: 0.08558070645241611-41, id: 0.08558070645241611-42, id: 0.08558070645241611-43, id: 0.08558070645241611-44, id: 0.08558070645241611-45, id: 0.08558070645241611-46, id: 0.08558070645241611-47, id: 0.08558070645241611-48, id: 0.08558070645241611-49, id: 0.08558070645241611-50, id: 0.08558070645241611-51, id: 0.08558070645241611-52, id: 0.08558070645241611-53, id: 0.08558070645241611-54, id: 0.08558070645241611-55, id: 0.08558070645241611-56, id: 0.08558070645241611-57, id: 0.08558070645241611-58, id: 0.08558070645241611-59, id: 0.08558070645241611-60, id: 0.08558070645241611-61, id: 0.08558070645241611-62, id: 0.08558070645241611-63, id: 0.08558070645241611-64, id: 0.08558070645241611-65, id: 0.08558070645241611-66, id: 0.08558070645241611-67, id: 0.08558070645241611-68, id: 0.08558070645241611-69, id: 0.08558070645241611-70, id: 0.08558070645241611-71, id: 0.08558070645241611-72, id: 0.08558070645241611-73, id: 0.08558070645241611-74, id: 0.08558070645241611-75, id: 0.08558070645241611-76, id: 0.08558070645241611-77, id: 0.08558070645241611-78, id: 0.08558070645241611-79, id: 0.08558070645241611-80, id: 0.08558070645241611-81, id: 0.08558070645241611-82, id: 0.08558070645241611-83, id: 0.08558070645241611-84, id: 0.08558070645241611-85, id: 0.08558070645241611-86, id: 0.08558070645241611-87, id: 0.08558070645241611-88, id: 0.08558070645241611-89, id: 0.08558070645241611-90, id: 0.08558070645241611-91, id: 0.08558070645241611-92, id: 0.08558070645241611-93, id: 0.08558070645241611-94, id: 0.08558070645241611-95, id: 0.08558070645241611-96]
[WebDriverCommandLogger] - Executing getElementText element: By.xpath: //div[@id=&apos;c_articlelist_stories_2&apos;]/ul[1]/li/span[1]/a parameters: {&quot;id&quot;:&quot;0.08558070645241611-6&quot;}
[WebDriverCommandLogger] - command: getElementText[ param-1: By.xpath: //div[@id=&apos;c_articlelist_stories_2&apos;]/ul[1]/li/span[1]/a param-2: {&quot;id&quot;:&quot;0.08558070645241611-6&quot;}] Result: getElementText:Cartoonist Tendulkar, a vociferous campaigner of traffic rules, no more
[WebDriverCommandLogger] - Executing findElements parameters: {&quot;using&quot;:&quot;xpath&quot;,&quot;value&quot;:&quot;//div[@id=&apos;c_articlelist_stories_2&apos;]/ul[1]/li/span[2]/span[2]&quot;}
[WebDriverCommandLogger] - command: findElements[ param-1: {value=//div[@id=&apos;c_articlelist_stories_2&apos;]/ul[1]/li/span[2]/span[2], using=xpath}] Result: [id: 0.08558070645241611-97, id: 0.08558070645241611-98, id: 0.08558070645241611-99, id: 0.08558070645241611-100, id: 0.08558070645241611-101, id: 0.08558070645241611-102, id: 0.08558070645241611-103, id: 0.08558070645241611-104, id: 0.08558070645241611-105, id: 0.08558070645241611-106, id: 0.08558070645241611-107, id: 0.08558070645241611-108, id: 0.08558070645241611-109, id: 0.08558070645241611-110, id: 0.08558070645241611-111, id: 0.08558070645241611-112, id: 0.08558070645241611-113, id: 0.08558070645241611-114, id: 0.08558070645241611-115, id: 0.08558070645241611-116, id: 0.08558070645241611-117, id: 0.08558070645241611-118, id: 0.08558070645241611-119, id: 0.08558070645241611-120, id: 0.08558070645241611-121, id: 0.08558070645241611-122, id: 0.08558070645241611-123, id: 0.08558070645241611-124, id: 0.08558070645241611-125, id: 0.08558070645241611-126, id: 0.08558070645241611-127, id: 0.08558070645241611-128, id: 0.08558070645241611-129, id: 0.08558070645241611-130, id: 0.08558070645241611-131, id: 0.08558070645241611-132, id: 0.08558070645241611-133, id: 0.08558070645241611-134, id: 0.08558070645241611-135, id: 0.08558070645241611-136, id: 0.08558070645241611-137, id: 0.08558070645241611-138, id: 0.08558070645241611-139, id: 0.08558070645241611-140, id: 0.08558070645241611-141, id: 0.08558070645241611-142, id: 0.08558070645241611-143, id: 0.08558070645241611-144, id: 0.08558070645241611-145, id: 0.08558070645241611-146, id: 0.08558070645241611-147, id: 0.08558070645241611-148, id: 0.08558070645241611-149, id: 0.08558070645241611-150, id: 0.08558070645241611-151, id: 0.08558070645241611-152, id: 0.08558070645241611-153, id: 0.08558070645241611-154, id: 0.08558070645241611-155, id: 0.08558070645241611-156, id: 0.08558070645241611-157, id: 0.08558070645241611-158, id: 0.08558070645241611-159, id: 0.08558070645241611-160, id: 0.08558070645241611-161, id: 0.08558070645241611-162, id: 0.08558070645241611-163, id: 0.08558070645241611-164, id: 0.08558070645241611-165, id: 0.08558070645241611-166, id: 0.08558070645241611-167, id: 0.08558070645241611-168, id: 0.08558070645241611-169, id: 0.08558070645241611-170, id: 0.08558070645241611-171, id: 0.08558070645241611-172, id: 0.08558070645241611-173, id: 0.08558070645241611-174, id: 0.08558070645241611-175, id: 0.08558070645241611-176, id: 0.08558070645241611-177, id: 0.08558070645241611-178, id: 0.08558070645241611-179, id: 0.08558070645241611-180, id: 0.08558070645241611-181, id: 0.08558070645241611-182, id: 0.08558070645241611-183, id: 0.08558070645241611-184, id: 0.08558070645241611-185, id: 0.08558070645241611-186, id: 0.08558070645241611-187, id: 0.08558070645241611-188, id: 0.08558070645241611-189, id: 0.08558070645241611-190, id: 0.08558070645241611-191, id: 0.08558070645241611-192]
[WebDriverCommandLogger] - Executing getElementText element: By.xpath: //div[@id=&apos;c_articlelist_stories_2&apos;]/ul[1]/li/span[2]/span[2] parameters: {&quot;id&quot;:&quot;0.08558070645241611-102&quot;}
[WebDriverCommandLogger] - command: getElementText[ param-1: By.xpath: //div[@id=&apos;c_articlelist_stories_2&apos;]/ul[1]/li/span[2]/span[2] param-2: {&quot;id&quot;:&quot;0.08558070645241611-102&quot;}] Result: getElementText:12 HOURS AGO
[WebDriverCommandLogger] - Executing findElements parameters: {&quot;using&quot;:&quot;xpath&quot;,&quot;value&quot;:&quot;//div[@id=&apos;c_articlelist_stories_2&apos;]/ul[1]/li/span[1]/a&quot;}
[WebDriverCommandLogger] - command: findElements[ param-1: {value=//div[@id=&apos;c_articlelist_stories_2&apos;]/ul[1]/li/span[1]/a, using=xpath}] Result: [id: 0.08558070645241611-1, id: 0.08558070645241611-2, id: 0.08558070645241611-3, id: 0.08558070645241611-4, id: 0.08558070645241611-5, id: 0.08558070645241611-6, id: 0.08558070645241611-7, id: 0.08558070645241611-8, id: 0.08558070645241611-9, id: 0.08558070645241611-10, id: 0.08558070645241611-11, id: 0.08558070645241611-12, id: 0.08558070645241611-13, id: 0.08558070645241611-14, id: 0.08558070645241611-15, id: 0.08558070645241611-16, id: 0.08558070645241611-17, id: 0.08558070645241611-18, id: 0.08558070645241611-19, id: 0.08558070645241611-20, id: 0.08558070645241611-21, id: 0.08558070645241611-22, id: 0.08558070645241611-23, id: 0.08558070645241611-24, id: 0.08558070645241611-25, id: 0.08558070645241611-26, id: 0.08558070645241611-27, id: 0.08558070645241611-28, id: 0.08558070645241611-29, id: 0.08558070645241611-30, id: 0.08558070645241611-31, id: 0.08558070645241611-32, id: 0.08558070645241611-33, id: 0.08558070645241611-34, id: 0.08558070645241611-35, id: 0.08558070645241611-36, id: 0.08558070645241611-37, id: 0.08558070645241611-38, id: 0.08558070645241611-39, id: 0.08558070645241611-40, id: 0.08558070645241611-41, id: 0.08558070645241611-42, id: 0.08558070645241611-43, id: 0.08558070645241611-44, id: 0.08558070645241611-45, id: 0.08558070645241611-46, id: 0.08558070645241611-47, id: 0.08558070645241611-48, id: 0.08558070645241611-49, id: 0.08558070645241611-50, id: 0.08558070645241611-51, id: 0.08558070645241611-52, id: 0.08558070645241611-53, id: 0.08558070645241611-54, id: 0.08558070645241611-55, id: 0.08558070645241611-56, id: 0.08558070645241611-57, id: 0.08558070645241611-58, id: 0.08558070645241611-59, id: 0.08558070645241611-60, id: 0.08558070645241611-61, id: 0.08558070645241611-62, id: 0.08558070645241611-63, id: 0.08558070645241611-64, id: 0.08558070645241611-65, id: 0.08558070645241611-66, id: 0.08558070645241611-67, id: 0.08558070645241611-68, id: 0.08558070645241611-69, id: 0.08558070645241611-70, id: 0.08558070645241611-71, id: 0.08558070645241611-72, id: 0.08558070645241611-73, id: 0.08558070645241611-74, id: 0.08558070645241611-75, id: 0.08558070645241611-76, id: 0.08558070645241611-77, id: 0.08558070645241611-78, id: 0.08558070645241611-79, id: 0.08558070645241611-80, id: 0.08558070645241611-81, id: 0.08558070645241611-82, id: 0.08558070645241611-83, id: 0.08558070645241611-84, id: 0.08558070645241611-85, id: 0.08558070645241611-86, id: 0.08558070645241611-87, id: 0.08558070645241611-88, id: 0.08558070645241611-89, id: 0.08558070645241611-90, id: 0.08558070645241611-91, id: 0.08558070645241611-92, id: 0.08558070645241611-93, id: 0.08558070645241611-94, id: 0.08558070645241611-95, id: 0.08558070645241611-96]
[WebDriverCommandLogger] - Executing findElements parameters: {&quot;using&quot;:&quot;xpath&quot;,&quot;value&quot;:&quot;//div[@id=&apos;c_articlelist_stories_2&apos;]/ul[1]/li/span[1]/a&quot;}
[WebDriverCommandLogger] - command: findElements[ param-1: {value=//div[@id=&apos;c_articlelist_stories_2&apos;]/ul[1]/li/span[1]/a, using=xpath}] Result: [id: 0.08558070645241611-1, id: 0.08558070645241611-2, id: 0.08558070645241611-3, id: 0.08558070645241611-4, id: 0.08558070645241611-5, id: 0.08558070645241611-6, id: 0.08558070645241611-7, id: 0.08558070645241611-8, id: 0.08558070645241611-9, id: 0.08558070645241611-10, id: 0.08558070645241611-11, id: 0.08558070645241611-12, id: 0.08558070645241611-13, id: 0.08558070645241611-14, id: 0.08558070645241611-15, id: 0.08558070645241611-16, id: 0.08558070645241611-17, id: 0.08558070645241611-18, id: 0.08558070645241611-19, id: 0.08558070645241611-20, id: 0.08558070645241611-21, id: 0.08558070645241611-22, id: 0.08558070645241611-23, id: 0.08558070645241611-24, id: 0.08558070645241611-25, id: 0.08558070645241611-26, id: 0.08558070645241611-27, id: 0.08558070645241611-28, id: 0.08558070645241611-29, id: 0.08558070645241611-30, id: 0.08558070645241611-31, id: 0.08558070645241611-32, id: 0.08558070645241611-33, id: 0.08558070645241611-34, id: 0.08558070645241611-35, id: 0.08558070645241611-36, id: 0.08558070645241611-37, id: 0.08558070645241611-38, id: 0.08558070645241611-39, id: 0.08558070645241611-40, id: 0.08558070645241611-41, id: 0.08558070645241611-42, id: 0.08558070645241611-43, id: 0.08558070645241611-44, id: 0.08558070645241611-45, id: 0.08558070645241611-46, id: 0.08558070645241611-47, id: 0.08558070645241611-48, id: 0.08558070645241611-49, id: 0.08558070645241611-50, id: 0.08558070645241611-51, id: 0.08558070645241611-52, id: 0.08558070645241611-53, id: 0.08558070645241611-54, id: 0.08558070645241611-55, id: 0.08558070645241611-56, id: 0.08558070645241611-57, id: 0.08558070645241611-58, id: 0.08558070645241611-59, id: 0.08558070645241611-60, id: 0.08558070645241611-61, id: 0.08558070645241611-62, id: 0.08558070645241611-63, id: 0.08558070645241611-64, id: 0.08558070645241611-65, id: 0.08558070645241611-66, id: 0.08558070645241611-67, id: 0.08558070645241611-68, id: 0.08558070645241611-69, id: 0.08558070645241611-70, id: 0.08558070645241611-71, id: 0.08558070645241611-72, id: 0.08558070645241611-73, id: 0.08558070645241611-74, id: 0.08558070645241611-75, id: 0.08558070645241611-76, id: 0.08558070645241611-77, id: 0.08558070645241611-78, id: 0.08558070645241611-79, id: 0.08558070645241611-80, id: 0.08558070645241611-81, id: 0.08558070645241611-82, id: 0.08558070645241611-83, id: 0.08558070645241611-84, id: 0.08558070645241611-85, id: 0.08558070645241611-86, id: 0.08558070645241611-87, id: 0.08558070645241611-88, id: 0.08558070645241611-89, id: 0.08558070645241611-90, id: 0.08558070645241611-91, id: 0.08558070645241611-92, id: 0.08558070645241611-93, id: 0.08558070645241611-94, id: 0.08558070645241611-95, id: 0.08558070645241611-96]
[WebDriverCommandLogger] - Executing getElementText element: By.xpath: //div[@id=&apos;c_articlelist_stories_2&apos;]/ul[1]/li/span[1]/a parameters: {&quot;id&quot;:&quot;0.08558070645241611-7&quot;}
[WebDriverCommandLogger] - command: getElementText[ param-1: By.xpath: //div[@id=&apos;c_articlelist_stories_2&apos;]/ul[1]/li/span[1]/a param-2: {&quot;id&quot;:&quot;0.08558070645241611-7&quot;}] Result: getElementText:Pune-Ahmednagar, JM roads can’t skirt Supreme Court ban on liquor
[WebDriverCommandLogger] - Executing findElements parameters: {&quot;using&quot;:&quot;xpath&quot;,&quot;value&quot;:&quot;//div[@id=&apos;c_articlelist_stories_2&apos;]/ul[1]/li/span[2]/span[2]&quot;}
[WebDriverCommandLogger] - command: findElements[ param-1: {value=//div[@id=&apos;c_articlelist_stories_2&apos;]/ul[1]/li/span[2]/span[2], using=xpath}] Result: [id: 0.08558070645241611-97, id: 0.08558070645241611-98, id: 0.08558070645241611-99, id: 0.08558070645241611-100, id: 0.08558070645241611-101, id: 0.08558070645241611-102, id: 0.08558070645241611-103, id: 0.08558070645241611-104, id: 0.08558070645241611-105, id: 0.08558070645241611-106, id: 0.08558070645241611-107, id: 0.08558070645241611-108, id: 0.08558070645241611-109, id: 0.08558070645241611-110, id: 0.08558070645241611-111, id: 0.08558070645241611-112, id: 0.08558070645241611-113, id: 0.08558070645241611-114, id: 0.08558070645241611-115, id: 0.08558070645241611-116, id: 0.08558070645241611-117, id: 0.08558070645241611-118, id: 0.08558070645241611-119, id: 0.08558070645241611-120, id: 0.08558070645241611-121, id: 0.08558070645241611-122, id: 0.08558070645241611-123, id: 0.08558070645241611-124, id: 0.08558070645241611-125, id: 0.08558070645241611-126, id: 0.08558070645241611-127, id: 0.08558070645241611-128, id: 0.08558070645241611-129, id: 0.08558070645241611-130, id: 0.08558070645241611-131, id: 0.08558070645241611-132, id: 0.08558070645241611-133, id: 0.08558070645241611-134, id: 0.08558070645241611-135, id: 0.08558070645241611-136, id: 0.08558070645241611-137, id: 0.08558070645241611-138, id: 0.08558070645241611-139, id: 0.08558070645241611-140, id: 0.08558070645241611-141, id: 0.08558070645241611-142, id: 0.08558070645241611-143, id: 0.08558070645241611-144, id: 0.08558070645241611-145, id: 0.08558070645241611-146, id: 0.08558070645241611-147, id: 0.08558070645241611-148, id: 0.08558070645241611-149, id: 0.08558070645241611-150, id: 0.08558070645241611-151, id: 0.08558070645241611-152, id: 0.08558070645241611-153, id: 0.08558070645241611-154, id: 0.08558070645241611-155, id: 0.08558070645241611-156, id: 0.08558070645241611-157, id: 0.08558070645241611-158, id: 0.08558070645241611-159, id: 0.08558070645241611-160, id: 0.08558070645241611-161, id: 0.08558070645241611-162, id: 0.08558070645241611-163, id: 0.08558070645241611-164, id: 0.08558070645241611-165, id: 0.08558070645241611-166, id: 0.08558070645241611-167, id: 0.08558070645241611-168, id: 0.08558070645241611-169, id: 0.08558070645241611-170, id: 0.08558070645241611-171, id: 0.08558070645241611-172, id: 0.08558070645241611-173, id: 0.08558070645241611-174, id: 0.08558070645241611-175, id: 0.08558070645241611-176, id: 0.08558070645241611-177, id: 0.08558070645241611-178, id: 0.08558070645241611-179, id: 0.08558070645241611-180, id: 0.08558070645241611-181, id: 0.08558070645241611-182, id: 0.08558070645241611-183, id: 0.08558070645241611-184, id: 0.08558070645241611-185, id: 0.08558070645241611-186, id: 0.08558070645241611-187, id: 0.08558070645241611-188, id: 0.08558070645241611-189, id: 0.08558070645241611-190, id: 0.08558070645241611-191, id: 0.08558070645241611-192]
[WebDriverCommandLogger] - Executing getElementText element: By.xpath: //div[@id=&apos;c_articlelist_stories_2&apos;]/ul[1]/li/span[2]/span[2] parameters: {&quot;id&quot;:&quot;0.08558070645241611-103&quot;}
[WebDriverCommandLogger] - command: getElementText[ param-1: By.xpath: //div[@id=&apos;c_articlelist_stories_2&apos;]/ul[1]/li/span[2]/span[2] param-2: {&quot;id&quot;:&quot;0.08558070645241611-103&quot;}] Result: getElementText:12 HOURS AGO
[WebDriverCommandLogger] - Executing findElements parameters: {&quot;using&quot;:&quot;xpath&quot;,&quot;value&quot;:&quot;//div[@id=&apos;c_articlelist_stories_2&apos;]/ul[1]/li/span[1]/a&quot;}
[WebDriverCommandLogger] - command: findElements[ param-1: {value=//div[@id=&apos;c_articlelist_stories_2&apos;]/ul[1]/li/span[1]/a, using=xpath}] Result: [id: 0.08558070645241611-1, id: 0.08558070645241611-2, id: 0.08558070645241611-3, id: 0.08558070645241611-4, id: 0.08558070645241611-5, id: 0.08558070645241611-6, id: 0.08558070645241611-7, id: 0.08558070645241611-8, id: 0.08558070645241611-9, id: 0.08558070645241611-10, id: 0.08558070645241611-11, id: 0.08558070645241611-12, id: 0.08558070645241611-13, id: 0.08558070645241611-14, id: 0.08558070645241611-15, id: 0.08558070645241611-16, id: 0.08558070645241611-17, id: 0.08558070645241611-18, id: 0.08558070645241611-19, id: 0.08558070645241611-20, id: 0.08558070645241611-21, id: 0.08558070645241611-22, id: 0.08558070645241611-23, id: 0.08558070645241611-24, id: 0.08558070645241611-25, id: 0.08558070645241611-26, id: 0.08558070645241611-27, id: 0.08558070645241611-28, id: 0.08558070645241611-29, id: 0.08558070645241611-30, id: 0.08558070645241611-31, id: 0.08558070645241611-32, id: 0.08558070645241611-33, id: 0.08558070645241611-34, id: 0.08558070645241611-35, id: 0.08558070645241611-36, id: 0.08558070645241611-37, id: 0.08558070645241611-38, id: 0.08558070645241611-39, id: 0.08558070645241611-40, id: 0.08558070645241611-41, id: 0.08558070645241611-42, id: 0.08558070645241611-43, id: 0.08558070645241611-44, id: 0.08558070645241611-45, id: 0.08558070645241611-46, id: 0.08558070645241611-47, id: 0.08558070645241611-48, id: 0.08558070645241611-49, id: 0.08558070645241611-50, id: 0.08558070645241611-51, id: 0.08558070645241611-52, id: 0.08558070645241611-53, id: 0.08558070645241611-54, id: 0.08558070645241611-55, id: 0.08558070645241611-56, id: 0.08558070645241611-57, id: 0.08558070645241611-58, id: 0.08558070645241611-59, id: 0.08558070645241611-60, id: 0.08558070645241611-61, id: 0.08558070645241611-62, id: 0.08558070645241611-63, id: 0.08558070645241611-64, id: 0.08558070645241611-65, id: 0.08558070645241611-66, id: 0.08558070645241611-67, id: 0.08558070645241611-68, id: 0.08558070645241611-69, id: 0.08558070645241611-70, id: 0.08558070645241611-71, id: 0.08558070645241611-72, id: 0.08558070645241611-73, id: 0.08558070645241611-74, id: 0.08558070645241611-75, id: 0.08558070645241611-76, id: 0.08558070645241611-77, id: 0.08558070645241611-78, id: 0.08558070645241611-79, id: 0.08558070645241611-80, id: 0.08558070645241611-81, id: 0.08558070645241611-82, id: 0.08558070645241611-83, id: 0.08558070645241611-84, id: 0.08558070645241611-85, id: 0.08558070645241611-86, id: 0.08558070645241611-87, id: 0.08558070645241611-88, id: 0.08558070645241611-89, id: 0.08558070645241611-90, id: 0.08558070645241611-91, id: 0.08558070645241611-92, id: 0.08558070645241611-93, id: 0.08558070645241611-94, id: 0.08558070645241611-95, id: 0.08558070645241611-96]
[WebDriverCommandLogger] - Executing findElements parameters: {&quot;using&quot;:&quot;xpath&quot;,&quot;value&quot;:&quot;//div[@id=&apos;c_articlelist_stories_2&apos;]/ul[1]/li/span[1]/a&quot;}
[WebDriverCommandLogger] - command: findElements[ param-1: {value=//div[@id=&apos;c_articlelist_stories_2&apos;]/ul[1]/li/span[1]/a, using=xpath}] Result: [id: 0.08558070645241611-1, id: 0.08558070645241611-2, id: 0.08558070645241611-3, id: 0.08558070645241611-4, id: 0.08558070645241611-5, id: 0.08558070645241611-6, id: 0.08558070645241611-7, id: 0.08558070645241611-8, id: 0.08558070645241611-9, id: 0.08558070645241611-10, id: 0.08558070645241611-11, id: 0.08558070645241611-12, id: 0.08558070645241611-13, id: 0.08558070645241611-14, id: 0.08558070645241611-15, id: 0.08558070645241611-16, id: 0.08558070645241611-17, id: 0.08558070645241611-18, id: 0.08558070645241611-19, id: 0.08558070645241611-20, id: 0.08558070645241611-21, id: 0.08558070645241611-22, id: 0.08558070645241611-23, id: 0.08558070645241611-24, id: 0.08558070645241611-25, id: 0.08558070645241611-26, id: 0.08558070645241611-27, id: 0.08558070645241611-28, id: 0.08558070645241611-29, id: 0.08558070645241611-30, id: 0.08558070645241611-31, id: 0.08558070645241611-32, id: 0.08558070645241611-33, id: 0.08558070645241611-34, id: 0.08558070645241611-35, id: 0.08558070645241611-36, id: 0.08558070645241611-37, id: 0.08558070645241611-38, id: 0.08558070645241611-39, id: 0.08558070645241611-40, id: 0.08558070645241611-41, id: 0.08558070645241611-42, id: 0.08558070645241611-43, id: 0.08558070645241611-44, id: 0.08558070645241611-45, id: 0.08558070645241611-46, id: 0.08558070645241611-47, id: 0.08558070645241611-48, id: 0.08558070645241611-49, id: 0.08558070645241611-50, id: 0.08558070645241611-51, id: 0.08558070645241611-52, id: 0.08558070645241611-53, id: 0.08558070645241611-54, id: 0.08558070645241611-55, id: 0.08558070645241611-56, id: 0.08558070645241611-57, id: 0.08558070645241611-58, id: 0.08558070645241611-59, id: 0.08558070645241611-60, id: 0.08558070645241611-61, id: 0.08558070645241611-62, id: 0.08558070645241611-63, id: 0.08558070645241611-64, id: 0.08558070645241611-65, id: 0.08558070645241611-66, id: 0.08558070645241611-67, id: 0.08558070645241611-68, id: 0.08558070645241611-69, id: 0.08558070645241611-70, id: 0.08558070645241611-71, id: 0.08558070645241611-72, id: 0.08558070645241611-73, id: 0.08558070645241611-74, id: 0.08558070645241611-75, id: 0.08558070645241611-76, id: 0.08558070645241611-77, id: 0.08558070645241611-78, id: 0.08558070645241611-79, id: 0.08558070645241611-80, id: 0.08558070645241611-81, id: 0.08558070645241611-82, id: 0.08558070645241611-83, id: 0.08558070645241611-84, id: 0.08558070645241611-85, id: 0.08558070645241611-86, id: 0.08558070645241611-87, id: 0.08558070645241611-88, id: 0.08558070645241611-89, id: 0.08558070645241611-90, id: 0.08558070645241611-91, id: 0.08558070645241611-92, id: 0.08558070645241611-93, id: 0.08558070645241611-94, id: 0.08558070645241611-95, id: 0.08558070645241611-96]
[WebDriverCommandLogger] - Executing getElementText element: By.xpath: //div[@id=&apos;c_articlelist_stories_2&apos;]/ul[1]/li/span[1]/a parameters: {&quot;id&quot;:&quot;0.08558070645241611-8&quot;}
[WebDriverCommandLogger] - command: getElementText[ param-1: By.xpath: //div[@id=&apos;c_articlelist_stories_2&apos;]/ul[1]/li/span[1]/a param-2: {&quot;id&quot;:&quot;0.08558070645241611-8&quot;}] Result: getElementText:Students confirm their allotted seats
[WebDriverCommandLogger] - Executing findElements parameters: {&quot;using&quot;:&quot;xpath&quot;,&quot;value&quot;:&quot;//div[@id=&apos;c_articlelist_stories_2&apos;]/ul[1]/li/span[2]/span[2]&quot;}
[WebDriverCommandLogger] - command: findElements[ param-1: {value=//div[@id=&apos;c_articlelist_stories_2&apos;]/ul[1]/li/span[2]/span[2], using=xpath}] Result: [id: 0.08558070645241611-97, id: 0.08558070645241611-98, id: 0.08558070645241611-99, id: 0.08558070645241611-100, id: 0.08558070645241611-101, id: 0.08558070645241611-102, id: 0.08558070645241611-103, id: 0.08558070645241611-104, id: 0.08558070645241611-105, id: 0.08558070645241611-106, id: 0.08558070645241611-107, id: 0.08558070645241611-108, id: 0.08558070645241611-109, id: 0.08558070645241611-110, id: 0.08558070645241611-111, id: 0.08558070645241611-112, id: 0.08558070645241611-113, id: 0.08558070645241611-114, id: 0.08558070645241611-115, id: 0.08558070645241611-116, id: 0.08558070645241611-117, id: 0.08558070645241611-118, id: 0.08558070645241611-119, id: 0.08558070645241611-120, id: 0.08558070645241611-121, id: 0.08558070645241611-122, id: 0.08558070645241611-123, id: 0.08558070645241611-124, id: 0.08558070645241611-125, id: 0.08558070645241611-126, id: 0.08558070645241611-127, id: 0.08558070645241611-128, id: 0.08558070645241611-129, id: 0.08558070645241611-130, id: 0.08558070645241611-131, id: 0.08558070645241611-132, id: 0.08558070645241611-133, id: 0.08558070645241611-134, id: 0.08558070645241611-135, id: 0.08558070645241611-136, id: 0.08558070645241611-137, id: 0.08558070645241611-138, id: 0.08558070645241611-139, id: 0.08558070645241611-140, id: 0.08558070645241611-141, id: 0.08558070645241611-142, id: 0.08558070645241611-143, id: 0.08558070645241611-144, id: 0.08558070645241611-145, id: 0.08558070645241611-146, id: 0.08558070645241611-147, id: 0.08558070645241611-148, id: 0.08558070645241611-149, id: 0.08558070645241611-150, id: 0.08558070645241611-151, id: 0.08558070645241611-152, id: 0.08558070645241611-153, id: 0.08558070645241611-154, id: 0.08558070645241611-155, id: 0.08558070645241611-156, id: 0.08558070645241611-157, id: 0.08558070645241611-158, id: 0.08558070645241611-159, id: 0.08558070645241611-160, id: 0.08558070645241611-161, id: 0.08558070645241611-162, id: 0.08558070645241611-163, id: 0.08558070645241611-164, id: 0.08558070645241611-165, id: 0.08558070645241611-166, id: 0.08558070645241611-167, id: 0.08558070645241611-168, id: 0.08558070645241611-169, id: 0.08558070645241611-170, id: 0.08558070645241611-171, id: 0.08558070645241611-172, id: 0.08558070645241611-173, id: 0.08558070645241611-174, id: 0.08558070645241611-175, id: 0.08558070645241611-176, id: 0.08558070645241611-177, id: 0.08558070645241611-178, id: 0.08558070645241611-179, id: 0.08558070645241611-180, id: 0.08558070645241611-181, id: 0.08558070645241611-182, id: 0.08558070645241611-183, id: 0.08558070645241611-184, id: 0.08558070645241611-185, id: 0.08558070645241611-186, id: 0.08558070645241611-187, id: 0.08558070645241611-188, id: 0.08558070645241611-189, id: 0.08558070645241611-190, id: 0.08558070645241611-191, id: 0.08558070645241611-192]
[WebDriverCommandLogger] - Executing getElementText element: By.xpath: //div[@id=&apos;c_articlelist_stories_2&apos;]/ul[1]/li/span[2]/span[2] parameters: {&quot;id&quot;:&quot;0.08558070645241611-104&quot;}
[WebDriverCommandLogger] - command: getElementText[ param-1: By.xpath: //div[@id=&apos;c_articlelist_stories_2&apos;]/ul[1]/li/span[2]/span[2] param-2: {&quot;id&quot;:&quot;0.08558070645241611-104&quot;}] Result: getElementText:12 HOURS AGO
[WebDriverCommandLogger] - Executing findElements parameters: {&quot;using&quot;:&quot;xpath&quot;,&quot;value&quot;:&quot;//div[@id=&apos;c_articlelist_stories_2&apos;]/ul[1]/li/span[1]/a&quot;}
[WebDriverCommandLogger] - command: findElements[ param-1: {value=//div[@id=&apos;c_articlelist_stories_2&apos;]/ul[1]/li/span[1]/a, using=xpath}] Result: [id: 0.08558070645241611-1, id: 0.08558070645241611-2, id: 0.08558070645241611-3, id: 0.08558070645241611-4, id: 0.08558070645241611-5, id: 0.08558070645241611-6, id: 0.08558070645241611-7, id: 0.08558070645241611-8, id: 0.08558070645241611-9, id: 0.08558070645241611-10, id: 0.08558070645241611-11, id: 0.08558070645241611-12, id: 0.08558070645241611-13, id: 0.08558070645241611-14, id: 0.08558070645241611-15, id: 0.08558070645241611-16, id: 0.08558070645241611-17, id: 0.08558070645241611-18, id: 0.08558070645241611-19, id: 0.08558070645241611-20, id: 0.08558070645241611-21, id: 0.08558070645241611-22, id: 0.08558070645241611-23, id: 0.08558070645241611-24, id: 0.08558070645241611-25, id: 0.08558070645241611-26, id: 0.08558070645241611-27, id: 0.08558070645241611-28, id: 0.08558070645241611-29, id: 0.08558070645241611-30, id: 0.08558070645241611-31, id: 0.08558070645241611-32, id: 0.08558070645241611-33, id: 0.08558070645241611-34, id: 0.08558070645241611-35, id: 0.08558070645241611-36, id: 0.08558070645241611-37, id: 0.08558070645241611-38, id: 0.08558070645241611-39, id: 0.08558070645241611-40, id: 0.08558070645241611-41, id: 0.08558070645241611-42, id: 0.08558070645241611-43, id: 0.08558070645241611-44, id: 0.08558070645241611-45, id: 0.08558070645241611-46, id: 0.08558070645241611-47, id: 0.08558070645241611-48, id: 0.08558070645241611-49, id: 0.08558070645241611-50, id: 0.08558070645241611-51, id: 0.08558070645241611-52, id: 0.08558070645241611-53, id: 0.08558070645241611-54, id: 0.08558070645241611-55, id: 0.08558070645241611-56, id: 0.08558070645241611-57, id: 0.08558070645241611-58, id: 0.08558070645241611-59, id: 0.08558070645241611-60, id: 0.08558070645241611-61, id: 0.08558070645241611-62, id: 0.08558070645241611-63, id: 0.08558070645241611-64, id: 0.08558070645241611-65, id: 0.08558070645241611-66, id: 0.08558070645241611-67, id: 0.08558070645241611-68, id: 0.08558070645241611-69, id: 0.08558070645241611-70, id: 0.08558070645241611-71, id: 0.08558070645241611-72, id: 0.08558070645241611-73, id: 0.08558070645241611-74, id: 0.08558070645241611-75, id: 0.08558070645241611-76, id: 0.08558070645241611-77, id: 0.08558070645241611-78, id: 0.08558070645241611-79, id: 0.08558070645241611-80, id: 0.08558070645241611-81, id: 0.08558070645241611-82, id: 0.08558070645241611-83, id: 0.08558070645241611-84, id: 0.08558070645241611-85, id: 0.08558070645241611-86, id: 0.08558070645241611-87, id: 0.08558070645241611-88, id: 0.08558070645241611-89, id: 0.08558070645241611-90, id: 0.08558070645241611-91, id: 0.08558070645241611-92, id: 0.08558070645241611-93, id: 0.08558070645241611-94, id: 0.08558070645241611-95, id: 0.08558070645241611-96]
[WebDriverCommandLogger] - Executing findElements parameters: {&quot;using&quot;:&quot;xpath&quot;,&quot;value&quot;:&quot;//div[@id=&apos;c_articlelist_stories_2&apos;]/ul[1]/li/span[1]/a&quot;}
[WebDriverCommandLogger] - command: findElements[ param-1: {value=//div[@id=&apos;c_articlelist_stories_2&apos;]/ul[1]/li/span[1]/a, using=xpath}] Result: [id: 0.08558070645241611-1, id: 0.08558070645241611-2, id: 0.08558070645241611-3, id: 0.08558070645241611-4, id: 0.08558070645241611-5, id: 0.08558070645241611-6, id: 0.08558070645241611-7, id: 0.08558070645241611-8, id: 0.08558070645241611-9, id: 0.08558070645241611-10, id: 0.08558070645241611-11, id: 0.08558070645241611-12, id: 0.08558070645241611-13, id: 0.08558070645241611-14, id: 0.08558070645241611-15, id: 0.08558070645241611-16, id: 0.08558070645241611-17, id: 0.08558070645241611-18, id: 0.08558070645241611-19, id: 0.08558070645241611-20, id: 0.08558070645241611-21, id: 0.08558070645241611-22, id: 0.08558070645241611-23, id: 0.08558070645241611-24, id: 0.08558070645241611-25, id: 0.08558070645241611-26, id: 0.08558070645241611-27, id: 0.08558070645241611-28, id: 0.08558070645241611-29, id: 0.08558070645241611-30, id: 0.08558070645241611-31, id: 0.08558070645241611-32, id: 0.08558070645241611-33, id: 0.08558070645241611-34, id: 0.08558070645241611-35, id: 0.08558070645241611-36, id: 0.08558070645241611-37, id: 0.08558070645241611-38, id: 0.08558070645241611-39, id: 0.08558070645241611-40, id: 0.08558070645241611-41, id: 0.08558070645241611-42, id: 0.08558070645241611-43, id: 0.08558070645241611-44, id: 0.08558070645241611-45, id: 0.08558070645241611-46, id: 0.08558070645241611-47, id: 0.08558070645241611-48, id: 0.08558070645241611-49, id: 0.08558070645241611-50, id: 0.08558070645241611-51, id: 0.08558070645241611-52, id: 0.08558070645241611-53, id: 0.08558070645241611-54, id: 0.08558070645241611-55, id: 0.08558070645241611-56, id: 0.08558070645241611-57, id: 0.08558070645241611-58, id: 0.08558070645241611-59, id: 0.08558070645241611-60, id: 0.08558070645241611-61, id: 0.08558070645241611-62, id: 0.08558070645241611-63, id: 0.08558070645241611-64, id: 0.08558070645241611-65, id: 0.08558070645241611-66, id: 0.08558070645241611-67, id: 0.08558070645241611-68, id: 0.08558070645241611-69, id: 0.08558070645241611-70, id: 0.08558070645241611-71, id: 0.08558070645241611-72, id: 0.08558070645241611-73, id: 0.08558070645241611-74, id: 0.08558070645241611-75, id: 0.08558070645241611-76, id: 0.08558070645241611-77, id: 0.08558070645241611-78, id: 0.08558070645241611-79, id: 0.08558070645241611-80, id: 0.08558070645241611-81, id: 0.08558070645241611-82, id: 0.08558070645241611-83, id: 0.08558070645241611-84, id: 0.08558070645241611-85, id: 0.08558070645241611-86, id: 0.08558070645241611-87, id: 0.08558070645241611-88, id: 0.08558070645241611-89, id: 0.08558070645241611-90, id: 0.08558070645241611-91, id: 0.08558070645241611-92, id: 0.08558070645241611-93, id: 0.08558070645241611-94, id: 0.08558070645241611-95, id: 0.08558070645241611-96]
[WebDriverCommandLogger] - Executing getElementText element: By.xpath: //div[@id=&apos;c_articlelist_stories_2&apos;]/ul[1]/li/span[1]/a parameters: {&quot;id&quot;:&quot;0.08558070645241611-9&quot;}
[WebDriverCommandLogger] - command: getElementText[ param-1: By.xpath: //div[@id=&apos;c_articlelist_stories_2&apos;]/ul[1]/li/span[1]/a param-2: {&quot;id&quot;:&quot;0.08558070645241611-9&quot;}] Result: getElementText:Cops probe forged building plan for housing project in Lohegaon village
[WebDriverCommandLogger] - Executing findElements parameters: {&quot;using&quot;:&quot;xpath&quot;,&quot;value&quot;:&quot;//div[@id=&apos;c_articlelist_stories_2&apos;]/ul[1]/li/span[2]/span[2]&quot;}
[WebDriverCommandLogger] - command: findElements[ param-1: {value=//div[@id=&apos;c_articlelist_stories_2&apos;]/ul[1]/li/span[2]/span[2], using=xpath}] Result: [id: 0.08558070645241611-97, id: 0.08558070645241611-98, id: 0.08558070645241611-99, id: 0.08558070645241611-100, id: 0.08558070645241611-101, id: 0.08558070645241611-102, id: 0.08558070645241611-103, id: 0.08558070645241611-104, id: 0.08558070645241611-105, id: 0.08558070645241611-106, id: 0.08558070645241611-107, id: 0.08558070645241611-108, id: 0.08558070645241611-109, id: 0.08558070645241611-110, id: 0.08558070645241611-111, id: 0.08558070645241611-112, id: 0.08558070645241611-113, id: 0.08558070645241611-114, id: 0.08558070645241611-115, id: 0.08558070645241611-116, id: 0.08558070645241611-117, id: 0.08558070645241611-118, id: 0.08558070645241611-119, id: 0.08558070645241611-120, id: 0.08558070645241611-121, id: 0.08558070645241611-122, id: 0.08558070645241611-123, id: 0.08558070645241611-124, id: 0.08558070645241611-125, id: 0.08558070645241611-126, id: 0.08558070645241611-127, id: 0.08558070645241611-128, id: 0.08558070645241611-129, id: 0.08558070645241611-130, id: 0.08558070645241611-131, id: 0.08558070645241611-132, id: 0.08558070645241611-133, id: 0.08558070645241611-134, id: 0.08558070645241611-135, id: 0.08558070645241611-136, id: 0.08558070645241611-137, id: 0.08558070645241611-138, id: 0.08558070645241611-139, id: 0.08558070645241611-140, id: 0.08558070645241611-141, id: 0.08558070645241611-142, id: 0.08558070645241611-143, id: 0.08558070645241611-144, id: 0.08558070645241611-145, id: 0.08558070645241611-146, id: 0.08558070645241611-147, id: 0.08558070645241611-148, id: 0.08558070645241611-149, id: 0.08558070645241611-150, id: 0.08558070645241611-151, id: 0.08558070645241611-152, id: 0.08558070645241611-153, id: 0.08558070645241611-154, id: 0.08558070645241611-155, id: 0.08558070645241611-156, id: 0.08558070645241611-157, id: 0.08558070645241611-158, id: 0.08558070645241611-159, id: 0.08558070645241611-160, id: 0.08558070645241611-161, id: 0.08558070645241611-162, id: 0.08558070645241611-163, id: 0.08558070645241611-164, id: 0.08558070645241611-165, id: 0.08558070645241611-166, id: 0.08558070645241611-167, id: 0.08558070645241611-168, id: 0.08558070645241611-169, id: 0.08558070645241611-170, id: 0.08558070645241611-171, id: 0.08558070645241611-172, id: 0.08558070645241611-173, id: 0.08558070645241611-174, id: 0.08558070645241611-175, id: 0.08558070645241611-176, id: 0.08558070645241611-177, id: 0.08558070645241611-178, id: 0.08558070645241611-179, id: 0.08558070645241611-180, id: 0.08558070645241611-181, id: 0.08558070645241611-182, id: 0.08558070645241611-183, id: 0.08558070645241611-184, id: 0.08558070645241611-185, id: 0.08558070645241611-186, id: 0.08558070645241611-187, id: 0.08558070645241611-188, id: 0.08558070645241611-189, id: 0.08558070645241611-190, id: 0.08558070645241611-191, id: 0.08558070645241611-192]
[WebDriverCommandLogger] - Executing getElementText element: By.xpath: //div[@id=&apos;c_articlelist_stories_2&apos;]/ul[1]/li/span[2]/span[2] parameters: {&quot;id&quot;:&quot;0.08558070645241611-105&quot;}
[WebDriverCommandLogger] - command: getElementText[ param-1: By.xpath: //div[@id=&apos;c_articlelist_stories_2&apos;]/ul[1]/li/span[2]/span[2] param-2: {&quot;id&quot;:&quot;0.08558070645241611-105&quot;}] Result: getElementText:12 HOURS AGO
[WebDriverCommandLogger] - Executing findElements parameters: {&quot;using&quot;:&quot;xpath&quot;,&quot;value&quot;:&quot;//div[@id=&apos;c_articlelist_stories_2&apos;]/ul[1]/li/span[1]/a&quot;}
[WebDriverCommandLogger] - command: findElements[ param-1: {value=//div[@id=&apos;c_articlelist_stories_2&apos;]/ul[1]/li/span[1]/a, using=xpath}] Result: [id: 0.08558070645241611-1, id: 0.08558070645241611-2, id: 0.08558070645241611-3, id: 0.08558070645241611-4, id: 0.08558070645241611-5, id: 0.08558070645241611-6, id: 0.08558070645241611-7, id: 0.08558070645241611-8, id: 0.08558070645241611-9, id: 0.08558070645241611-10, id: 0.08558070645241611-11, id: 0.08558070645241611-12, id: 0.08558070645241611-13, id: 0.08558070645241611-14, id: 0.08558070645241611-15, id: 0.08558070645241611-16, id: 0.08558070645241611-17, id: 0.08558070645241611-18, id: 0.08558070645241611-19, id: 0.08558070645241611-20, id: 0.08558070645241611-21, id: 0.08558070645241611-22, id: 0.08558070645241611-23, id: 0.08558070645241611-24, id: 0.08558070645241611-25, id: 0.08558070645241611-26, id: 0.08558070645241611-27, id: 0.08558070645241611-28, id: 0.08558070645241611-29, id: 0.08558070645241611-30, id: 0.08558070645241611-31, id: 0.08558070645241611-32, id: 0.08558070645241611-33, id: 0.08558070645241611-34, id: 0.08558070645241611-35, id: 0.08558070645241611-36, id: 0.08558070645241611-37, id: 0.08558070645241611-38, id: 0.08558070645241611-39, id: 0.08558070645241611-40, id: 0.08558070645241611-41, id: 0.08558070645241611-42, id: 0.08558070645241611-43, id: 0.08558070645241611-44, id: 0.08558070645241611-45, id: 0.08558070645241611-46, id: 0.08558070645241611-47, id: 0.08558070645241611-48, id: 0.08558070645241611-49, id: 0.08558070645241611-50, id: 0.08558070645241611-51, id: 0.08558070645241611-52, id: 0.08558070645241611-53, id: 0.08558070645241611-54, id: 0.08558070645241611-55, id: 0.08558070645241611-56, id: 0.08558070645241611-57, id: 0.08558070645241611-58, id: 0.08558070645241611-59, id: 0.08558070645241611-60, id: 0.08558070645241611-61, id: 0.08558070645241611-62, id: 0.08558070645241611-63, id: 0.08558070645241611-64, id: 0.08558070645241611-65, id: 0.08558070645241611-66, id: 0.08558070645241611-67, id: 0.08558070645241611-68, id: 0.08558070645241611-69, id: 0.08558070645241611-70, id: 0.08558070645241611-71, id: 0.08558070645241611-72, id: 0.08558070645241611-73, id: 0.08558070645241611-74, id: 0.08558070645241611-75, id: 0.08558070645241611-76, id: 0.08558070645241611-77, id: 0.08558070645241611-78, id: 0.08558070645241611-79, id: 0.08558070645241611-80, id: 0.08558070645241611-81, id: 0.08558070645241611-82, id: 0.08558070645241611-83, id: 0.08558070645241611-84, id: 0.08558070645241611-85, id: 0.08558070645241611-86, id: 0.08558070645241611-87, id: 0.08558070645241611-88, id: 0.08558070645241611-89, id: 0.08558070645241611-90, id: 0.08558070645241611-91, id: 0.08558070645241611-92, id: 0.08558070645241611-93, id: 0.08558070645241611-94, id: 0.08558070645241611-95, id: 0.08558070645241611-96]
[WebDriverCommandLogger] - Executing findElements parameters: {&quot;using&quot;:&quot;xpath&quot;,&quot;value&quot;:&quot;//div[@id=&apos;c_articlelist_stories_2&apos;]/ul[1]/li/span[1]/a&quot;}
[WebDriverCommandLogger] - command: findElements[ param-1: {value=//div[@id=&apos;c_articlelist_stories_2&apos;]/ul[1]/li/span[1]/a, using=xpath}] Result: [id: 0.08558070645241611-1, id: 0.08558070645241611-2, id: 0.08558070645241611-3, id: 0.08558070645241611-4, id: 0.08558070645241611-5, id: 0.08558070645241611-6, id: 0.08558070645241611-7, id: 0.08558070645241611-8, id: 0.08558070645241611-9, id: 0.08558070645241611-10, id: 0.08558070645241611-11, id: 0.08558070645241611-12, id: 0.08558070645241611-13, id: 0.08558070645241611-14, id: 0.08558070645241611-15, id: 0.08558070645241611-16, id: 0.08558070645241611-17, id: 0.08558070645241611-18, id: 0.08558070645241611-19, id: 0.08558070645241611-20, id: 0.08558070645241611-21, id: 0.08558070645241611-22, id: 0.08558070645241611-23, id: 0.08558070645241611-24, id: 0.08558070645241611-25, id: 0.08558070645241611-26, id: 0.08558070645241611-27, id: 0.08558070645241611-28, id: 0.08558070645241611-29, id: 0.08558070645241611-30, id: 0.08558070645241611-31, id: 0.08558070645241611-32, id: 0.08558070645241611-33, id: 0.08558070645241611-34, id: 0.08558070645241611-35, id: 0.08558070645241611-36, id: 0.08558070645241611-37, id: 0.08558070645241611-38, id: 0.08558070645241611-39, id: 0.08558070645241611-40, id: 0.08558070645241611-41, id: 0.08558070645241611-42, id: 0.08558070645241611-43, id: 0.08558070645241611-44, id: 0.08558070645241611-45, id: 0.08558070645241611-46, id: 0.08558070645241611-47, id: 0.08558070645241611-48, id: 0.08558070645241611-49, id: 0.08558070645241611-50, id: 0.08558070645241611-51, id: 0.08558070645241611-52, id: 0.08558070645241611-53, id: 0.08558070645241611-54, id: 0.08558070645241611-55, id: 0.08558070645241611-56, id: 0.08558070645241611-57, id: 0.08558070645241611-58, id: 0.08558070645241611-59, id: 0.08558070645241611-60, id: 0.08558070645241611-61, id: 0.08558070645241611-62, id: 0.08558070645241611-63, id: 0.08558070645241611-64, id: 0.08558070645241611-65, id: 0.08558070645241611-66, id: 0.08558070645241611-67, id: 0.08558070645241611-68, id: 0.08558070645241611-69, id: 0.08558070645241611-70, id: 0.08558070645241611-71, id: 0.08558070645241611-72, id: 0.08558070645241611-73, id: 0.08558070645241611-74, id: 0.08558070645241611-75, id: 0.08558070645241611-76, id: 0.08558070645241611-77, id: 0.08558070645241611-78, id: 0.08558070645241611-79, id: 0.08558070645241611-80, id: 0.08558070645241611-81, id: 0.08558070645241611-82, id: 0.08558070645241611-83, id: 0.08558070645241611-84, id: 0.08558070645241611-85, id: 0.08558070645241611-86, id: 0.08558070645241611-87, id: 0.08558070645241611-88, id: 0.08558070645241611-89, id: 0.08558070645241611-90, id: 0.08558070645241611-91, id: 0.08558070645241611-92, id: 0.08558070645241611-93, id: 0.08558070645241611-94, id: 0.08558070645241611-95, id: 0.08558070645241611-96]
[WebDriverCommandLogger] - Executing getElementText element: By.xpath: //div[@id=&apos;c_articlelist_stories_2&apos;]/ul[1]/li/span[1]/a parameters: {&quot;id&quot;:&quot;0.08558070645241611-10&quot;}
[WebDriverCommandLogger] - command: getElementText[ param-1: By.xpath: //div[@id=&apos;c_articlelist_stories_2&apos;]/ul[1]/li/span[1]/a param-2: {&quot;id&quot;:&quot;0.08558070645241611-10&quot;}] Result: getElementText:Commerce cut-off up, drops in science &amp; steady for arts
[WebDriverCommandLogger] - Executing findElements parameters: {&quot;using&quot;:&quot;xpath&quot;,&quot;value&quot;:&quot;//div[@id=&apos;c_articlelist_stories_2&apos;]/ul[1]/li/span[2]/span[2]&quot;}
[WebDriverCommandLogger] - command: findElements[ param-1: {value=//div[@id=&apos;c_articlelist_stories_2&apos;]/ul[1]/li/span[2]/span[2], using=xpath}] Result: [id: 0.08558070645241611-97, id: 0.08558070645241611-98, id: 0.08558070645241611-99, id: 0.08558070645241611-100, id: 0.08558070645241611-101, id: 0.08558070645241611-102, id: 0.08558070645241611-103, id: 0.08558070645241611-104, id: 0.08558070645241611-105, id: 0.08558070645241611-106, id: 0.08558070645241611-107, id: 0.08558070645241611-108, id: 0.08558070645241611-109, id: 0.08558070645241611-110, id: 0.08558070645241611-111, id: 0.08558070645241611-112, id: 0.08558070645241611-113, id: 0.08558070645241611-114, id: 0.08558070645241611-115, id: 0.08558070645241611-116, id: 0.08558070645241611-117, id: 0.08558070645241611-118, id: 0.08558070645241611-119, id: 0.08558070645241611-120, id: 0.08558070645241611-121, id: 0.08558070645241611-122, id: 0.08558070645241611-123, id: 0.08558070645241611-124, id: 0.08558070645241611-125, id: 0.08558070645241611-126, id: 0.08558070645241611-127, id: 0.08558070645241611-128, id: 0.08558070645241611-129, id: 0.08558070645241611-130, id: 0.08558070645241611-131, id: 0.08558070645241611-132, id: 0.08558070645241611-133, id: 0.08558070645241611-134, id: 0.08558070645241611-135, id: 0.08558070645241611-136, id: 0.08558070645241611-137, id: 0.08558070645241611-138, id: 0.08558070645241611-139, id: 0.08558070645241611-140, id: 0.08558070645241611-141, id: 0.08558070645241611-142, id: 0.08558070645241611-143, id: 0.08558070645241611-144, id: 0.08558070645241611-145, id: 0.08558070645241611-146, id: 0.08558070645241611-147, id: 0.08558070645241611-148, id: 0.08558070645241611-149, id: 0.08558070645241611-150, id: 0.08558070645241611-151, id: 0.08558070645241611-152, id: 0.08558070645241611-153, id: 0.08558070645241611-154, id: 0.08558070645241611-155, id: 0.08558070645241611-156, id: 0.08558070645241611-157, id: 0.08558070645241611-158, id: 0.08558070645241611-159, id: 0.08558070645241611-160, id: 0.08558070645241611-161, id: 0.08558070645241611-162, id: 0.08558070645241611-163, id: 0.08558070645241611-164, id: 0.08558070645241611-165, id: 0.08558070645241611-166, id: 0.08558070645241611-167, id: 0.08558070645241611-168, id: 0.08558070645241611-169, id: 0.08558070645241611-170, id: 0.08558070645241611-171, id: 0.08558070645241611-172, id: 0.08558070645241611-173, id: 0.08558070645241611-174, id: 0.08558070645241611-175, id: 0.08558070645241611-176, id: 0.08558070645241611-177, id: 0.08558070645241611-178, id: 0.08558070645241611-179, id: 0.08558070645241611-180, id: 0.08558070645241611-181, id: 0.08558070645241611-182, id: 0.08558070645241611-183, id: 0.08558070645241611-184, id: 0.08558070645241611-185, id: 0.08558070645241611-186, id: 0.08558070645241611-187, id: 0.08558070645241611-188, id: 0.08558070645241611-189, id: 0.08558070645241611-190, id: 0.08558070645241611-191, id: 0.08558070645241611-192]
[WebDriverCommandLogger] - Executing getElementText element: By.xpath: //div[@id=&apos;c_articlelist_stories_2&apos;]/ul[1]/li/span[2]/span[2] parameters: {&quot;id&quot;:&quot;0.08558070645241611-106&quot;}
[WebDriverCommandLogger] - command: getElementText[ param-1: By.xpath: //div[@id=&apos;c_articlelist_stories_2&apos;]/ul[1]/li/span[2]/span[2] param-2: {&quot;id&quot;:&quot;0.08558070645241611-106&quot;}] Result: getElementText:12 HOURS AGO
[WebDriverCommandLogger] - Executing findElements parameters: {&quot;using&quot;:&quot;xpath&quot;,&quot;value&quot;:&quot;//div[@id=&apos;c_articlelist_stories_2&apos;]/ul[1]/li/span[1]/a&quot;}
[WebDriverCommandLogger] - command: findElements[ param-1: {value=//div[@id=&apos;c_articlelist_stories_2&apos;]/ul[1]/li/span[1]/a, using=xpath}] Result: [id: 0.08558070645241611-1, id: 0.08558070645241611-2, id: 0.08558070645241611-3, id: 0.08558070645241611-4, id: 0.08558070645241611-5, id: 0.08558070645241611-6, id: 0.08558070645241611-7, id: 0.08558070645241611-8, id: 0.08558070645241611-9, id: 0.08558070645241611-10, id: 0.08558070645241611-11, id: 0.08558070645241611-12, id: 0.08558070645241611-13, id: 0.08558070645241611-14, id: 0.08558070645241611-15, id: 0.08558070645241611-16, id: 0.08558070645241611-17, id: 0.08558070645241611-18, id: 0.08558070645241611-19, id: 0.08558070645241611-20, id: 0.08558070645241611-21, id: 0.08558070645241611-22, id: 0.08558070645241611-23, id: 0.08558070645241611-24, id: 0.08558070645241611-25, id: 0.08558070645241611-26, id: 0.08558070645241611-27, id: 0.08558070645241611-28, id: 0.08558070645241611-29, id: 0.08558070645241611-30, id: 0.08558070645241611-31, id: 0.08558070645241611-32, id: 0.08558070645241611-33, id: 0.08558070645241611-34, id: 0.08558070645241611-35, id: 0.08558070645241611-36, id: 0.08558070645241611-37, id: 0.08558070645241611-38, id: 0.08558070645241611-39, id: 0.08558070645241611-40, id: 0.08558070645241611-41, id: 0.08558070645241611-42, id: 0.08558070645241611-43, id: 0.08558070645241611-44, id: 0.08558070645241611-45, id: 0.08558070645241611-46, id: 0.08558070645241611-47, id: 0.08558070645241611-48, id: 0.08558070645241611-49, id: 0.08558070645241611-50, id: 0.08558070645241611-51, id: 0.08558070645241611-52, id: 0.08558070645241611-53, id: 0.08558070645241611-54, id: 0.08558070645241611-55, id: 0.08558070645241611-56, id: 0.08558070645241611-57, id: 0.08558070645241611-58, id: 0.08558070645241611-59, id: 0.08558070645241611-60, id: 0.08558070645241611-61, id: 0.08558070645241611-62, id: 0.08558070645241611-63, id: 0.08558070645241611-64, id: 0.08558070645241611-65, id: 0.08558070645241611-66, id: 0.08558070645241611-67, id: 0.08558070645241611-68, id: 0.08558070645241611-69, id: 0.08558070645241611-70, id: 0.08558070645241611-71, id: 0.08558070645241611-72, id: 0.08558070645241611-73, id: 0.08558070645241611-74, id: 0.08558070645241611-75, id: 0.08558070645241611-76, id: 0.08558070645241611-77, id: 0.08558070645241611-78, id: 0.08558070645241611-79, id: 0.08558070645241611-80, id: 0.08558070645241611-81, id: 0.08558070645241611-82, id: 0.08558070645241611-83, id: 0.08558070645241611-84, id: 0.08558070645241611-85, id: 0.08558070645241611-86, id: 0.08558070645241611-87, id: 0.08558070645241611-88, id: 0.08558070645241611-89, id: 0.08558070645241611-90, id: 0.08558070645241611-91, id: 0.08558070645241611-92, id: 0.08558070645241611-93, id: 0.08558070645241611-94, id: 0.08558070645241611-95, id: 0.08558070645241611-96]
[WebDriverCommandLogger] - Executing findElements parameters: {&quot;using&quot;:&quot;xpath&quot;,&quot;value&quot;:&quot;//div[@id=&apos;c_articlelist_stories_2&apos;]/ul[1]/li/span[1]/a&quot;}
[WebDriverCommandLogger] - command: findElements[ param-1: {value=//div[@id=&apos;c_articlelist_stories_2&apos;]/ul[1]/li/span[1]/a, using=xpath}] Result: [id: 0.08558070645241611-1, id: 0.08558070645241611-2, id: 0.08558070645241611-3, id: 0.08558070645241611-4, id: 0.08558070645241611-5, id: 0.08558070645241611-6, id: 0.08558070645241611-7, id: 0.08558070645241611-8, id: 0.08558070645241611-9, id: 0.08558070645241611-10, id: 0.08558070645241611-11, id: 0.08558070645241611-12, id: 0.08558070645241611-13, id: 0.08558070645241611-14, id: 0.08558070645241611-15, id: 0.08558070645241611-16, id: 0.08558070645241611-17, id: 0.08558070645241611-18, id: 0.08558070645241611-19, id: 0.08558070645241611-20, id: 0.08558070645241611-21, id: 0.08558070645241611-22, id: 0.08558070645241611-23, id: 0.08558070645241611-24, id: 0.08558070645241611-25, id: 0.08558070645241611-26, id: 0.08558070645241611-27, id: 0.08558070645241611-28, id: 0.08558070645241611-29, id: 0.08558070645241611-30, id: 0.08558070645241611-31, id: 0.08558070645241611-32, id: 0.08558070645241611-33, id: 0.08558070645241611-34, id: 0.08558070645241611-35, id: 0.08558070645241611-36, id: 0.08558070645241611-37, id: 0.08558070645241611-38, id: 0.08558070645241611-39, id: 0.08558070645241611-40, id: 0.08558070645241611-41, id: 0.08558070645241611-42, id: 0.08558070645241611-43, id: 0.08558070645241611-44, id: 0.08558070645241611-45, id: 0.08558070645241611-46, id: 0.08558070645241611-47, id: 0.08558070645241611-48, id: 0.08558070645241611-49, id: 0.08558070645241611-50, id: 0.08558070645241611-51, id: 0.08558070645241611-52, id: 0.08558070645241611-53, id: 0.08558070645241611-54, id: 0.08558070645241611-55, id: 0.08558070645241611-56, id: 0.08558070645241611-57, id: 0.08558070645241611-58, id: 0.08558070645241611-59, id: 0.08558070645241611-60, id: 0.08558070645241611-61, id: 0.08558070645241611-62, id: 0.08558070645241611-63, id: 0.08558070645241611-64, id: 0.08558070645241611-65, id: 0.08558070645241611-66, id: 0.08558070645241611-67, id: 0.08558070645241611-68, id: 0.08558070645241611-69, id: 0.08558070645241611-70, id: 0.08558070645241611-71, id: 0.08558070645241611-72, id: 0.08558070645241611-73, id: 0.08558070645241611-74, id: 0.08558070645241611-75, id: 0.08558070645241611-76, id: 0.08558070645241611-77, id: 0.08558070645241611-78, id: 0.08558070645241611-79, id: 0.08558070645241611-80, id: 0.08558070645241611-81, id: 0.08558070645241611-82, id: 0.08558070645241611-83, id: 0.08558070645241611-84, id: 0.08558070645241611-85, id: 0.08558070645241611-86, id: 0.08558070645241611-87, id: 0.08558070645241611-88, id: 0.08558070645241611-89, id: 0.08558070645241611-90, id: 0.08558070645241611-91, id: 0.08558070645241611-92, id: 0.08558070645241611-93, id: 0.08558070645241611-94, id: 0.08558070645241611-95, id: 0.08558070645241611-96]
[WebDriverCommandLogger] - Executing getElementText element: By.xpath: //div[@id=&apos;c_articlelist_stories_2&apos;]/ul[1]/li/span[1]/a parameters: {&quot;id&quot;:&quot;0.08558070645241611-11&quot;}
[WebDriverCommandLogger] - command: getElementText[ param-1: By.xpath: //div[@id=&apos;c_articlelist_stories_2&apos;]/ul[1]/li/span[1]/a param-2: {&quot;id&quot;:&quot;0.08558070645241611-11&quot;}] Result: getElementText:Alert locals nab duo for attacking man
[WebDriverCommandLogger] - Executing findElements parameters: {&quot;using&quot;:&quot;xpath&quot;,&quot;value&quot;:&quot;//div[@id=&apos;c_articlelist_stories_2&apos;]/ul[1]/li/span[2]/span[2]&quot;}
[WebDriverCommandLogger] - command: findElements[ param-1: {value=//div[@id=&apos;c_articlelist_stories_2&apos;]/ul[1]/li/span[2]/span[2], using=xpath}] Result: [id: 0.08558070645241611-97, id: 0.08558070645241611-98, id: 0.08558070645241611-99, id: 0.08558070645241611-100, id: 0.08558070645241611-101, id: 0.08558070645241611-102, id: 0.08558070645241611-103, id: 0.08558070645241611-104, id: 0.08558070645241611-105, id: 0.08558070645241611-106, id: 0.08558070645241611-107, id: 0.08558070645241611-108, id: 0.08558070645241611-109, id: 0.08558070645241611-110, id: 0.08558070645241611-111, id: 0.08558070645241611-112, id: 0.08558070645241611-113, id: 0.08558070645241611-114, id: 0.08558070645241611-115, id: 0.08558070645241611-116, id: 0.08558070645241611-117, id: 0.08558070645241611-118, id: 0.08558070645241611-119, id: 0.08558070645241611-120, id: 0.08558070645241611-121, id: 0.08558070645241611-122, id: 0.08558070645241611-123, id: 0.08558070645241611-124, id: 0.08558070645241611-125, id: 0.08558070645241611-126, id: 0.08558070645241611-127, id: 0.08558070645241611-128, id: 0.08558070645241611-129, id: 0.08558070645241611-130, id: 0.08558070645241611-131, id: 0.08558070645241611-132, id: 0.08558070645241611-133, id: 0.08558070645241611-134, id: 0.08558070645241611-135, id: 0.08558070645241611-136, id: 0.08558070645241611-137, id: 0.08558070645241611-138, id: 0.08558070645241611-139, id: 0.08558070645241611-140, id: 0.08558070645241611-141, id: 0.08558070645241611-142, id: 0.08558070645241611-143, id: 0.08558070645241611-144, id: 0.08558070645241611-145, id: 0.08558070645241611-146, id: 0.08558070645241611-147, id: 0.08558070645241611-148, id: 0.08558070645241611-149, id: 0.08558070645241611-150, id: 0.08558070645241611-151, id: 0.08558070645241611-152, id: 0.08558070645241611-153, id: 0.08558070645241611-154, id: 0.08558070645241611-155, id: 0.08558070645241611-156, id: 0.08558070645241611-157, id: 0.08558070645241611-158, id: 0.08558070645241611-159, id: 0.08558070645241611-160, id: 0.08558070645241611-161, id: 0.08558070645241611-162, id: 0.08558070645241611-163, id: 0.08558070645241611-164, id: 0.08558070645241611-165, id: 0.08558070645241611-166, id: 0.08558070645241611-167, id: 0.08558070645241611-168, id: 0.08558070645241611-169, id: 0.08558070645241611-170, id: 0.08558070645241611-171, id: 0.08558070645241611-172, id: 0.08558070645241611-173, id: 0.08558070645241611-174, id: 0.08558070645241611-175, id: 0.08558070645241611-176, id: 0.08558070645241611-177, id: 0.08558070645241611-178, id: 0.08558070645241611-179, id: 0.08558070645241611-180, id: 0.08558070645241611-181, id: 0.08558070645241611-182, id: 0.08558070645241611-183, id: 0.08558070645241611-184, id: 0.08558070645241611-185, id: 0.08558070645241611-186, id: 0.08558070645241611-187, id: 0.08558070645241611-188, id: 0.08558070645241611-189, id: 0.08558070645241611-190, id: 0.08558070645241611-191, id: 0.08558070645241611-192]
[WebDriverCommandLogger] - Executing getElementText element: By.xpath: //div[@id=&apos;c_articlelist_stories_2&apos;]/ul[1]/li/span[2]/span[2] parameters: {&quot;id&quot;:&quot;0.08558070645241611-107&quot;}
[WebDriverCommandLogger] - command: getElementText[ param-1: By.xpath: //div[@id=&apos;c_articlelist_stories_2&apos;]/ul[1]/li/span[2]/span[2] param-2: {&quot;id&quot;:&quot;0.08558070645241611-107&quot;}] Result: getElementText:12 HOURS AGO
[WebDriverCommandLogger] - Executing findElements parameters: {&quot;using&quot;:&quot;xpath&quot;,&quot;value&quot;:&quot;//div[@id=&apos;c_articlelist_stories_2&apos;]/ul[1]/li/span[1]/a&quot;}
[WebDriverCommandLogger] - command: findElements[ param-1: {value=//div[@id=&apos;c_articlelist_stories_2&apos;]/ul[1]/li/span[1]/a, using=xpath}] Result: [id: 0.08558070645241611-1, id: 0.08558070645241611-2, id: 0.08558070645241611-3, id: 0.08558070645241611-4, id: 0.08558070645241611-5, id: 0.08558070645241611-6, id: 0.08558070645241611-7, id: 0.08558070645241611-8, id: 0.08558070645241611-9, id: 0.08558070645241611-10, id: 0.08558070645241611-11, id: 0.08558070645241611-12, id: 0.08558070645241611-13, id: 0.08558070645241611-14, id: 0.08558070645241611-15, id: 0.08558070645241611-16, id: 0.08558070645241611-17, id: 0.08558070645241611-18, id: 0.08558070645241611-19, id: 0.08558070645241611-20, id: 0.08558070645241611-21, id: 0.08558070645241611-22, id: 0.08558070645241611-23, id: 0.08558070645241611-24, id: 0.08558070645241611-25, id: 0.08558070645241611-26, id: 0.08558070645241611-27, id: 0.08558070645241611-28, id: 0.08558070645241611-29, id: 0.08558070645241611-30, id: 0.08558070645241611-31, id: 0.08558070645241611-32, id: 0.08558070645241611-33, id: 0.08558070645241611-34, id: 0.08558070645241611-35, id: 0.08558070645241611-36, id: 0.08558070645241611-37, id: 0.08558070645241611-38, id: 0.08558070645241611-39, id: 0.08558070645241611-40, id: 0.08558070645241611-41, id: 0.08558070645241611-42, id: 0.08558070645241611-43, id: 0.08558070645241611-44, id: 0.08558070645241611-45, id: 0.08558070645241611-46, id: 0.08558070645241611-47, id: 0.08558070645241611-48, id: 0.08558070645241611-49, id: 0.08558070645241611-50, id: 0.08558070645241611-51, id: 0.08558070645241611-52, id: 0.08558070645241611-53, id: 0.08558070645241611-54, id: 0.08558070645241611-55, id: 0.08558070645241611-56, id: 0.08558070645241611-57, id: 0.08558070645241611-58, id: 0.08558070645241611-59, id: 0.08558070645241611-60, id: 0.08558070645241611-61, id: 0.08558070645241611-62, id: 0.08558070645241611-63, id: 0.08558070645241611-64, id: 0.08558070645241611-65, id: 0.08558070645241611-66, id: 0.08558070645241611-67, id: 0.08558070645241611-68, id: 0.08558070645241611-69, id: 0.08558070645241611-70, id: 0.08558070645241611-71, id: 0.08558070645241611-72, id: 0.08558070645241611-73, id: 0.08558070645241611-74, id: 0.08558070645241611-75, id: 0.08558070645241611-76, id: 0.08558070645241611-77, id: 0.08558070645241611-78, id: 0.08558070645241611-79, id: 0.08558070645241611-80, id: 0.08558070645241611-81, id: 0.08558070645241611-82, id: 0.08558070645241611-83, id: 0.08558070645241611-84, id: 0.08558070645241611-85, id: 0.08558070645241611-86, id: 0.08558070645241611-87, id: 0.08558070645241611-88, id: 0.08558070645241611-89, id: 0.08558070645241611-90, id: 0.08558070645241611-91, id: 0.08558070645241611-92, id: 0.08558070645241611-93, id: 0.08558070645241611-94, id: 0.08558070645241611-95, id: 0.08558070645241611-96]
[WebDriverCommandLogger] - Executing findElements parameters: {&quot;using&quot;:&quot;xpath&quot;,&quot;value&quot;:&quot;//div[@id=&apos;c_articlelist_stories_2&apos;]/ul[1]/li/span[1]/a&quot;}
[WebDriverCommandLogger] - command: findElements[ param-1: {value=//div[@id=&apos;c_articlelist_stories_2&apos;]/ul[1]/li/span[1]/a, using=xpath}] Result: [id: 0.08558070645241611-1, id: 0.08558070645241611-2, id: 0.08558070645241611-3, id: 0.08558070645241611-4, id: 0.08558070645241611-5, id: 0.08558070645241611-6, id: 0.08558070645241611-7, id: 0.08558070645241611-8, id: 0.08558070645241611-9, id: 0.08558070645241611-10, id: 0.08558070645241611-11, id: 0.08558070645241611-12, id: 0.08558070645241611-13, id: 0.08558070645241611-14, id: 0.08558070645241611-15, id: 0.08558070645241611-16, id: 0.08558070645241611-17, id: 0.08558070645241611-18, id: 0.08558070645241611-19, id: 0.08558070645241611-20, id: 0.08558070645241611-21, id: 0.08558070645241611-22, id: 0.08558070645241611-23, id: 0.08558070645241611-24, id: 0.08558070645241611-25, id: 0.08558070645241611-26, id: 0.08558070645241611-27, id: 0.08558070645241611-28, id: 0.08558070645241611-29, id: 0.08558070645241611-30, id: 0.08558070645241611-31, id: 0.08558070645241611-32, id: 0.08558070645241611-33, id: 0.08558070645241611-34, id: 0.08558070645241611-35, id: 0.08558070645241611-36, id: 0.08558070645241611-37, id: 0.08558070645241611-38, id: 0.08558070645241611-39, id: 0.08558070645241611-40, id: 0.08558070645241611-41, id: 0.08558070645241611-42, id: 0.08558070645241611-43, id: 0.08558070645241611-44, id: 0.08558070645241611-45, id: 0.08558070645241611-46, id: 0.08558070645241611-47, id: 0.08558070645241611-48, id: 0.08558070645241611-49, id: 0.08558070645241611-50, id: 0.08558070645241611-51, id: 0.08558070645241611-52, id: 0.08558070645241611-53, id: 0.08558070645241611-54, id: 0.08558070645241611-55, id: 0.08558070645241611-56, id: 0.08558070645241611-57, id: 0.08558070645241611-58, id: 0.08558070645241611-59, id: 0.08558070645241611-60, id: 0.08558070645241611-61, id: 0.08558070645241611-62, id: 0.08558070645241611-63, id: 0.08558070645241611-64, id: 0.08558070645241611-65, id: 0.08558070645241611-66, id: 0.08558070645241611-67, id: 0.08558070645241611-68, id: 0.08558070645241611-69, id: 0.08558070645241611-70, id: 0.08558070645241611-71, id: 0.08558070645241611-72, id: 0.08558070645241611-73, id: 0.08558070645241611-74, id: 0.08558070645241611-75, id: 0.08558070645241611-76, id: 0.08558070645241611-77, id: 0.08558070645241611-78, id: 0.08558070645241611-79, id: 0.08558070645241611-80, id: 0.08558070645241611-81, id: 0.08558070645241611-82, id: 0.08558070645241611-83, id: 0.08558070645241611-84, id: 0.08558070645241611-85, id: 0.08558070645241611-86, id: 0.08558070645241611-87, id: 0.08558070645241611-88, id: 0.08558070645241611-89, id: 0.08558070645241611-90, id: 0.08558070645241611-91, id: 0.08558070645241611-92, id: 0.08558070645241611-93, id: 0.08558070645241611-94, id: 0.08558070645241611-95, id: 0.08558070645241611-96]
[WebDriverCommandLogger] - Executing getElementText element: By.xpath: //div[@id=&apos;c_articlelist_stories_2&apos;]/ul[1]/li/span[1]/a parameters: {&quot;id&quot;:&quot;0.08558070645241611-12&quot;}
[WebDriverCommandLogger] - command: getElementText[ param-1: By.xpath: //div[@id=&apos;c_articlelist_stories_2&apos;]/ul[1]/li/span[1]/a param-2: {&quot;id&quot;:&quot;0.08558070645241611-12&quot;}] Result: getElementText:Stolen bikes used to rob pump staffers
[WebDriverCommandLogger] - Executing findElements parameters: {&quot;using&quot;:&quot;xpath&quot;,&quot;value&quot;:&quot;//div[@id=&apos;c_articlelist_stories_2&apos;]/ul[1]/li/span[2]/span[2]&quot;}
[WebDriverCommandLogger] - command: findElements[ param-1: {value=//div[@id=&apos;c_articlelist_stories_2&apos;]/ul[1]/li/span[2]/span[2], using=xpath}] Result: [id: 0.08558070645241611-97, id: 0.08558070645241611-98, id: 0.08558070645241611-99, id: 0.08558070645241611-100, id: 0.08558070645241611-101, id: 0.08558070645241611-102, id: 0.08558070645241611-103, id: 0.08558070645241611-104, id: 0.08558070645241611-105, id: 0.08558070645241611-106, id: 0.08558070645241611-107, id: 0.08558070645241611-108, id: 0.08558070645241611-109, id: 0.08558070645241611-110, id: 0.08558070645241611-111, id: 0.08558070645241611-112, id: 0.08558070645241611-113, id: 0.08558070645241611-114, id: 0.08558070645241611-115, id: 0.08558070645241611-116, id: 0.08558070645241611-117, id: 0.08558070645241611-118, id: 0.08558070645241611-119, id: 0.08558070645241611-120, id: 0.08558070645241611-121, id: 0.08558070645241611-122, id: 0.08558070645241611-123, id: 0.08558070645241611-124, id: 0.08558070645241611-125, id: 0.08558070645241611-126, id: 0.08558070645241611-127, id: 0.08558070645241611-128, id: 0.08558070645241611-129, id: 0.08558070645241611-130, id: 0.08558070645241611-131, id: 0.08558070645241611-132, id: 0.08558070645241611-133, id: 0.08558070645241611-134, id: 0.08558070645241611-135, id: 0.08558070645241611-136, id: 0.08558070645241611-137, id: 0.08558070645241611-138, id: 0.08558070645241611-139, id: 0.08558070645241611-140, id: 0.08558070645241611-141, id: 0.08558070645241611-142, id: 0.08558070645241611-143, id: 0.08558070645241611-144, id: 0.08558070645241611-145, id: 0.08558070645241611-146, id: 0.08558070645241611-147, id: 0.08558070645241611-148, id: 0.08558070645241611-149, id: 0.08558070645241611-150, id: 0.08558070645241611-151, id: 0.08558070645241611-152, id: 0.08558070645241611-153, id: 0.08558070645241611-154, id: 0.08558070645241611-155, id: 0.08558070645241611-156, id: 0.08558070645241611-157, id: 0.08558070645241611-158, id: 0.08558070645241611-159, id: 0.08558070645241611-160, id: 0.08558070645241611-161, id: 0.08558070645241611-162, id: 0.08558070645241611-163, id: 0.08558070645241611-164, id: 0.08558070645241611-165, id: 0.08558070645241611-166, id: 0.08558070645241611-167, id: 0.08558070645241611-168, id: 0.08558070645241611-169, id: 0.08558070645241611-170, id: 0.08558070645241611-171, id: 0.08558070645241611-172, id: 0.08558070645241611-173, id: 0.08558070645241611-174, id: 0.08558070645241611-175, id: 0.08558070645241611-176, id: 0.08558070645241611-177, id: 0.08558070645241611-178, id: 0.08558070645241611-179, id: 0.08558070645241611-180, id: 0.08558070645241611-181, id: 0.08558070645241611-182, id: 0.08558070645241611-183, id: 0.08558070645241611-184, id: 0.08558070645241611-185, id: 0.08558070645241611-186, id: 0.08558070645241611-187, id: 0.08558070645241611-188, id: 0.08558070645241611-189, id: 0.08558070645241611-190, id: 0.08558070645241611-191, id: 0.08558070645241611-192]
[WebDriverCommandLogger] - Executing getElementText element: By.xpath: //div[@id=&apos;c_articlelist_stories_2&apos;]/ul[1]/li/span[2]/span[2] parameters: {&quot;id&quot;:&quot;0.08558070645241611-108&quot;}
[WebDriverCommandLogger] - command: getElementText[ param-1: By.xpath: //div[@id=&apos;c_articlelist_stories_2&apos;]/ul[1]/li/span[2]/span[2] param-2: {&quot;id&quot;:&quot;0.08558070645241611-108&quot;}] Result: getElementText:12 HOURS AGO
[WebDriverCommandLogger] - Executing findElements parameters: {&quot;using&quot;:&quot;xpath&quot;,&quot;value&quot;:&quot;//div[@id=&apos;c_articlelist_stories_2&apos;]/ul[1]/li/span[1]/a&quot;}
[WebDriverCommandLogger] - command: findElements[ param-1: {value=//div[@id=&apos;c_articlelist_stories_2&apos;]/ul[1]/li/span[1]/a, using=xpath}] Result: [id: 0.08558070645241611-1, id: 0.08558070645241611-2, id: 0.08558070645241611-3, id: 0.08558070645241611-4, id: 0.08558070645241611-5, id: 0.08558070645241611-6, id: 0.08558070645241611-7, id: 0.08558070645241611-8, id: 0.08558070645241611-9, id: 0.08558070645241611-10, id: 0.08558070645241611-11, id: 0.08558070645241611-12, id: 0.08558070645241611-13, id: 0.08558070645241611-14, id: 0.08558070645241611-15, id: 0.08558070645241611-16, id: 0.08558070645241611-17, id: 0.08558070645241611-18, id: 0.08558070645241611-19, id: 0.08558070645241611-20, id: 0.08558070645241611-21, id: 0.08558070645241611-22, id: 0.08558070645241611-23, id: 0.08558070645241611-24, id: 0.08558070645241611-25, id: 0.08558070645241611-26, id: 0.08558070645241611-27, id: 0.08558070645241611-28, id: 0.08558070645241611-29, id: 0.08558070645241611-30, id: 0.08558070645241611-31, id: 0.08558070645241611-32, id: 0.08558070645241611-33, id: 0.08558070645241611-34, id: 0.08558070645241611-35, id: 0.08558070645241611-36, id: 0.08558070645241611-37, id: 0.08558070645241611-38, id: 0.08558070645241611-39, id: 0.08558070645241611-40, id: 0.08558070645241611-41, id: 0.08558070645241611-42, id: 0.08558070645241611-43, id: 0.08558070645241611-44, id: 0.08558070645241611-45, id: 0.08558070645241611-46, id: 0.08558070645241611-47, id: 0.08558070645241611-48, id: 0.08558070645241611-49, id: 0.08558070645241611-50, id: 0.08558070645241611-51, id: 0.08558070645241611-52, id: 0.08558070645241611-53, id: 0.08558070645241611-54, id: 0.08558070645241611-55, id: 0.08558070645241611-56, id: 0.08558070645241611-57, id: 0.08558070645241611-58, id: 0.08558070645241611-59, id: 0.08558070645241611-60, id: 0.08558070645241611-61, id: 0.08558070645241611-62, id: 0.08558070645241611-63, id: 0.08558070645241611-64, id: 0.08558070645241611-65, id: 0.08558070645241611-66, id: 0.08558070645241611-67, id: 0.08558070645241611-68, id: 0.08558070645241611-69, id: 0.08558070645241611-70, id: 0.08558070645241611-71, id: 0.08558070645241611-72, id: 0.08558070645241611-73, id: 0.08558070645241611-74, id: 0.08558070645241611-75, id: 0.08558070645241611-76, id: 0.08558070645241611-77, id: 0.08558070645241611-78, id: 0.08558070645241611-79, id: 0.08558070645241611-80, id: 0.08558070645241611-81, id: 0.08558070645241611-82, id: 0.08558070645241611-83, id: 0.08558070645241611-84, id: 0.08558070645241611-85, id: 0.08558070645241611-86, id: 0.08558070645241611-87, id: 0.08558070645241611-88, id: 0.08558070645241611-89, id: 0.08558070645241611-90, id: 0.08558070645241611-91, id: 0.08558070645241611-92, id: 0.08558070645241611-93, id: 0.08558070645241611-94, id: 0.08558070645241611-95, id: 0.08558070645241611-96]
[WebDriverCommandLogger] - Executing findElements parameters: {&quot;using&quot;:&quot;xpath&quot;,&quot;value&quot;:&quot;//div[@id=&apos;c_articlelist_stories_2&apos;]/ul[1]/li/span[1]/a&quot;}
[WebDriverCommandLogger] - command: findElements[ param-1: {value=//div[@id=&apos;c_articlelist_stories_2&apos;]/ul[1]/li/span[1]/a, using=xpath}] Result: [id: 0.08558070645241611-1, id: 0.08558070645241611-2, id: 0.08558070645241611-3, id: 0.08558070645241611-4, id: 0.08558070645241611-5, id: 0.08558070645241611-6, id: 0.08558070645241611-7, id: 0.08558070645241611-8, id: 0.08558070645241611-9, id: 0.08558070645241611-10, id: 0.08558070645241611-11, id: 0.08558070645241611-12, id: 0.08558070645241611-13, id: 0.08558070645241611-14, id: 0.08558070645241611-15, id: 0.08558070645241611-16, id: 0.08558070645241611-17, id: 0.08558070645241611-18, id: 0.08558070645241611-19, id: 0.08558070645241611-20, id: 0.08558070645241611-21, id: 0.08558070645241611-22, id: 0.08558070645241611-23, id: 0.08558070645241611-24, id: 0.08558070645241611-25, id: 0.08558070645241611-26, id: 0.08558070645241611-27, id: 0.08558070645241611-28, id: 0.08558070645241611-29, id: 0.08558070645241611-30, id: 0.08558070645241611-31, id: 0.08558070645241611-32, id: 0.08558070645241611-33, id: 0.08558070645241611-34, id: 0.08558070645241611-35, id: 0.08558070645241611-36, id: 0.08558070645241611-37, id: 0.08558070645241611-38, id: 0.08558070645241611-39, id: 0.08558070645241611-40, id: 0.08558070645241611-41, id: 0.08558070645241611-42, id: 0.08558070645241611-43, id: 0.08558070645241611-44, id: 0.08558070645241611-45, id: 0.08558070645241611-46, id: 0.08558070645241611-47, id: 0.08558070645241611-48, id: 0.08558070645241611-49, id: 0.08558070645241611-50, id: 0.08558070645241611-51, id: 0.08558070645241611-52, id: 0.08558070645241611-53, id: 0.08558070645241611-54, id: 0.08558070645241611-55, id: 0.08558070645241611-56, id: 0.08558070645241611-57, id: 0.08558070645241611-58, id: 0.08558070645241611-59, id: 0.08558070645241611-60, id: 0.08558070645241611-61, id: 0.08558070645241611-62, id: 0.08558070645241611-63, id: 0.08558070645241611-64, id: 0.08558070645241611-65, id: 0.08558070645241611-66, id: 0.08558070645241611-67, id: 0.08558070645241611-68, id: 0.08558070645241611-69, id: 0.08558070645241611-70, id: 0.08558070645241611-71, id: 0.08558070645241611-72, id: 0.08558070645241611-73, id: 0.08558070645241611-74, id: 0.08558070645241611-75, id: 0.08558070645241611-76, id: 0.08558070645241611-77, id: 0.08558070645241611-78, id: 0.08558070645241611-79, id: 0.08558070645241611-80, id: 0.08558070645241611-81, id: 0.08558070645241611-82, id: 0.08558070645241611-83, id: 0.08558070645241611-84, id: 0.08558070645241611-85, id: 0.08558070645241611-86, id: 0.08558070645241611-87, id: 0.08558070645241611-88, id: 0.08558070645241611-89, id: 0.08558070645241611-90, id: 0.08558070645241611-91, id: 0.08558070645241611-92, id: 0.08558070645241611-93, id: 0.08558070645241611-94, id: 0.08558070645241611-95, id: 0.08558070645241611-96]
[WebDriverCommandLogger] - Executing getElementText element: By.xpath: //div[@id=&apos;c_articlelist_stories_2&apos;]/ul[1]/li/span[1]/a parameters: {&quot;id&quot;:&quot;0.08558070645241611-13&quot;}
[WebDriverCommandLogger] - command: getElementText[ param-1: By.xpath: //div[@id=&apos;c_articlelist_stories_2&apos;]/ul[1]/li/span[1]/a param-2: {&quot;id&quot;:&quot;0.08558070645241611-13&quot;}] Result: getElementText:PMC snaps water supply to hotels
[WebDriverCommandLogger] - Executing findElements parameters: {&quot;using&quot;:&quot;xpath&quot;,&quot;value&quot;:&quot;//div[@id=&apos;c_articlelist_stories_2&apos;]/ul[1]/li/span[2]/span[2]&quot;}
[WebDriverCommandLogger] - command: findElements[ param-1: {value=//div[@id=&apos;c_articlelist_stories_2&apos;]/ul[1]/li/span[2]/span[2], using=xpath}] Result: [id: 0.08558070645241611-97, id: 0.08558070645241611-98, id: 0.08558070645241611-99, id: 0.08558070645241611-100, id: 0.08558070645241611-101, id: 0.08558070645241611-102, id: 0.08558070645241611-103, id: 0.08558070645241611-104, id: 0.08558070645241611-105, id: 0.08558070645241611-106, id: 0.08558070645241611-107, id: 0.08558070645241611-108, id: 0.08558070645241611-109, id: 0.08558070645241611-110, id: 0.08558070645241611-111, id: 0.08558070645241611-112, id: 0.08558070645241611-113, id: 0.08558070645241611-114, id: 0.08558070645241611-115, id: 0.08558070645241611-116, id: 0.08558070645241611-117, id: 0.08558070645241611-118, id: 0.08558070645241611-119, id: 0.08558070645241611-120, id: 0.08558070645241611-121, id: 0.08558070645241611-122, id: 0.08558070645241611-123, id: 0.08558070645241611-124, id: 0.08558070645241611-125, id: 0.08558070645241611-126, id: 0.08558070645241611-127, id: 0.08558070645241611-128, id: 0.08558070645241611-129, id: 0.08558070645241611-130, id: 0.08558070645241611-131, id: 0.08558070645241611-132, id: 0.08558070645241611-133, id: 0.08558070645241611-134, id: 0.08558070645241611-135, id: 0.08558070645241611-136, id: 0.08558070645241611-137, id: 0.08558070645241611-138, id: 0.08558070645241611-139, id: 0.08558070645241611-140, id: 0.08558070645241611-141, id: 0.08558070645241611-142, id: 0.08558070645241611-143, id: 0.08558070645241611-144, id: 0.08558070645241611-145, id: 0.08558070645241611-146, id: 0.08558070645241611-147, id: 0.08558070645241611-148, id: 0.08558070645241611-149, id: 0.08558070645241611-150, id: 0.08558070645241611-151, id: 0.08558070645241611-152, id: 0.08558070645241611-153, id: 0.08558070645241611-154, id: 0.08558070645241611-155, id: 0.08558070645241611-156, id: 0.08558070645241611-157, id: 0.08558070645241611-158, id: 0.08558070645241611-159, id: 0.08558070645241611-160, id: 0.08558070645241611-161, id: 0.08558070645241611-162, id: 0.08558070645241611-163, id: 0.08558070645241611-164, id: 0.08558070645241611-165, id: 0.08558070645241611-166, id: 0.08558070645241611-167, id: 0.08558070645241611-168, id: 0.08558070645241611-169, id: 0.08558070645241611-170, id: 0.08558070645241611-171, id: 0.08558070645241611-172, id: 0.08558070645241611-173, id: 0.08558070645241611-174, id: 0.08558070645241611-175, id: 0.08558070645241611-176, id: 0.08558070645241611-177, id: 0.08558070645241611-178, id: 0.08558070645241611-179, id: 0.08558070645241611-180, id: 0.08558070645241611-181, id: 0.08558070645241611-182, id: 0.08558070645241611-183, id: 0.08558070645241611-184, id: 0.08558070645241611-185, id: 0.08558070645241611-186, id: 0.08558070645241611-187, id: 0.08558070645241611-188, id: 0.08558070645241611-189, id: 0.08558070645241611-190, id: 0.08558070645241611-191, id: 0.08558070645241611-192]
[WebDriverCommandLogger] - Executing getElementText element: By.xpath: //div[@id=&apos;c_articlelist_stories_2&apos;]/ul[1]/li/span[2]/span[2] parameters: {&quot;id&quot;:&quot;0.08558070645241611-109&quot;}
[WebDriverCommandLogger] - command: getElementText[ param-1: By.xpath: //div[@id=&apos;c_articlelist_stories_2&apos;]/ul[1]/li/span[2]/span[2] param-2: {&quot;id&quot;:&quot;0.08558070645241611-109&quot;}] Result: getElementText:12 HOURS AGO
[WebDriverCommandLogger] - Executing findElements parameters: {&quot;using&quot;:&quot;xpath&quot;,&quot;value&quot;:&quot;//div[@id=&apos;c_articlelist_stories_2&apos;]/ul[1]/li/span[1]/a&quot;}
[WebDriverCommandLogger] - command: findElements[ param-1: {value=//div[@id=&apos;c_articlelist_stories_2&apos;]/ul[1]/li/span[1]/a, using=xpath}] Result: [id: 0.08558070645241611-1, id: 0.08558070645241611-2, id: 0.08558070645241611-3, id: 0.08558070645241611-4, id: 0.08558070645241611-5, id: 0.08558070645241611-6, id: 0.08558070645241611-7, id: 0.08558070645241611-8, id: 0.08558070645241611-9, id: 0.08558070645241611-10, id: 0.08558070645241611-11, id: 0.08558070645241611-12, id: 0.08558070645241611-13, id: 0.08558070645241611-14, id: 0.08558070645241611-15, id: 0.08558070645241611-16, id: 0.08558070645241611-17, id: 0.08558070645241611-18, id: 0.08558070645241611-19, id: 0.08558070645241611-20, id: 0.08558070645241611-21, id: 0.08558070645241611-22, id: 0.08558070645241611-23, id: 0.08558070645241611-24, id: 0.08558070645241611-25, id: 0.08558070645241611-26, id: 0.08558070645241611-27, id: 0.08558070645241611-28, id: 0.08558070645241611-29, id: 0.08558070645241611-30, id: 0.08558070645241611-31, id: 0.08558070645241611-32, id: 0.08558070645241611-33, id: 0.08558070645241611-34, id: 0.08558070645241611-35, id: 0.08558070645241611-36, id: 0.08558070645241611-37, id: 0.08558070645241611-38, id: 0.08558070645241611-39, id: 0.08558070645241611-40, id: 0.08558070645241611-41, id: 0.08558070645241611-42, id: 0.08558070645241611-43, id: 0.08558070645241611-44, id: 0.08558070645241611-45, id: 0.08558070645241611-46, id: 0.08558070645241611-47, id: 0.08558070645241611-48, id: 0.08558070645241611-49, id: 0.08558070645241611-50, id: 0.08558070645241611-51, id: 0.08558070645241611-52, id: 0.08558070645241611-53, id: 0.08558070645241611-54, id: 0.08558070645241611-55, id: 0.08558070645241611-56, id: 0.08558070645241611-57, id: 0.08558070645241611-58, id: 0.08558070645241611-59, id: 0.08558070645241611-60, id: 0.08558070645241611-61, id: 0.08558070645241611-62, id: 0.08558070645241611-63, id: 0.08558070645241611-64, id: 0.08558070645241611-65, id: 0.08558070645241611-66, id: 0.08558070645241611-67, id: 0.08558070645241611-68, id: 0.08558070645241611-69, id: 0.08558070645241611-70, id: 0.08558070645241611-71, id: 0.08558070645241611-72, id: 0.08558070645241611-73, id: 0.08558070645241611-74, id: 0.08558070645241611-75, id: 0.08558070645241611-76, id: 0.08558070645241611-77, id: 0.08558070645241611-78, id: 0.08558070645241611-79, id: 0.08558070645241611-80, id: 0.08558070645241611-81, id: 0.08558070645241611-82, id: 0.08558070645241611-83, id: 0.08558070645241611-84, id: 0.08558070645241611-85, id: 0.08558070645241611-86, id: 0.08558070645241611-87, id: 0.08558070645241611-88, id: 0.08558070645241611-89, id: 0.08558070645241611-90, id: 0.08558070645241611-91, id: 0.08558070645241611-92, id: 0.08558070645241611-93, id: 0.08558070645241611-94, id: 0.08558070645241611-95, id: 0.08558070645241611-96]
[WebDriverCommandLogger] - Executing findElements parameters: {&quot;using&quot;:&quot;xpath&quot;,&quot;value&quot;:&quot;//div[@id=&apos;c_articlelist_stories_2&apos;]/ul[1]/li/span[1]/a&quot;}
[WebDriverCommandLogger] - command: findElements[ param-1: {value=//div[@id=&apos;c_articlelist_stories_2&apos;]/ul[1]/li/span[1]/a, using=xpath}] Result: [id: 0.08558070645241611-1, id: 0.08558070645241611-2, id: 0.08558070645241611-3, id: 0.08558070645241611-4, id: 0.08558070645241611-5, id: 0.08558070645241611-6, id: 0.08558070645241611-7, id: 0.08558070645241611-8, id: 0.08558070645241611-9, id: 0.08558070645241611-10, id: 0.08558070645241611-11, id: 0.08558070645241611-12, id: 0.08558070645241611-13, id: 0.08558070645241611-14, id: 0.08558070645241611-15, id: 0.08558070645241611-16, id: 0.08558070645241611-17, id: 0.08558070645241611-18, id: 0.08558070645241611-19, id: 0.08558070645241611-20, id: 0.08558070645241611-21, id: 0.08558070645241611-22, id: 0.08558070645241611-23, id: 0.08558070645241611-24, id: 0.08558070645241611-25, id: 0.08558070645241611-26, id: 0.08558070645241611-27, id: 0.08558070645241611-28, id: 0.08558070645241611-29, id: 0.08558070645241611-30, id: 0.08558070645241611-31, id: 0.08558070645241611-32, id: 0.08558070645241611-33, id: 0.08558070645241611-34, id: 0.08558070645241611-35, id: 0.08558070645241611-36, id: 0.08558070645241611-37, id: 0.08558070645241611-38, id: 0.08558070645241611-39, id: 0.08558070645241611-40, id: 0.08558070645241611-41, id: 0.08558070645241611-42, id: 0.08558070645241611-43, id: 0.08558070645241611-44, id: 0.08558070645241611-45, id: 0.08558070645241611-46, id: 0.08558070645241611-47, id: 0.08558070645241611-48, id: 0.08558070645241611-49, id: 0.08558070645241611-50, id: 0.08558070645241611-51, id: 0.08558070645241611-52, id: 0.08558070645241611-53, id: 0.08558070645241611-54, id: 0.08558070645241611-55, id: 0.08558070645241611-56, id: 0.08558070645241611-57, id: 0.08558070645241611-58, id: 0.08558070645241611-59, id: 0.08558070645241611-60, id: 0.08558070645241611-61, id: 0.08558070645241611-62, id: 0.08558070645241611-63, id: 0.08558070645241611-64, id: 0.08558070645241611-65, id: 0.08558070645241611-66, id: 0.08558070645241611-67, id: 0.08558070645241611-68, id: 0.08558070645241611-69, id: 0.08558070645241611-70, id: 0.08558070645241611-71, id: 0.08558070645241611-72, id: 0.08558070645241611-73, id: 0.08558070645241611-74, id: 0.08558070645241611-75, id: 0.08558070645241611-76, id: 0.08558070645241611-77, id: 0.08558070645241611-78, id: 0.08558070645241611-79, id: 0.08558070645241611-80, id: 0.08558070645241611-81, id: 0.08558070645241611-82, id: 0.08558070645241611-83, id: 0.08558070645241611-84, id: 0.08558070645241611-85, id: 0.08558070645241611-86, id: 0.08558070645241611-87, id: 0.08558070645241611-88, id: 0.08558070645241611-89, id: 0.08558070645241611-90, id: 0.08558070645241611-91, id: 0.08558070645241611-92, id: 0.08558070645241611-93, id: 0.08558070645241611-94, id: 0.08558070645241611-95, id: 0.08558070645241611-96]
[WebDriverCommandLogger] - Executing getElementText element: By.xpath: //div[@id=&apos;c_articlelist_stories_2&apos;]/ul[1]/li/span[1]/a parameters: {&quot;id&quot;:&quot;0.08558070645241611-14&quot;}
[WebDriverCommandLogger] - command: getElementText[ param-1: By.xpath: //div[@id=&apos;c_articlelist_stories_2&apos;]/ul[1]/li/span[1]/a param-2: {&quot;id&quot;:&quot;0.08558070645241611-14&quot;}] Result: getElementText:Malls, hospitals &amp; theatres stay cold to civic sting drive
[WebDriverCommandLogger] - Executing findElements parameters: {&quot;using&quot;:&quot;xpath&quot;,&quot;value&quot;:&quot;//div[@id=&apos;c_articlelist_stories_2&apos;]/ul[1]/li/span[2]/span[2]&quot;}
[WebDriverCommandLogger] - command: findElements[ param-1: {value=//div[@id=&apos;c_articlelist_stories_2&apos;]/ul[1]/li/span[2]/span[2], using=xpath}] Result: [id: 0.08558070645241611-97, id: 0.08558070645241611-98, id: 0.08558070645241611-99, id: 0.08558070645241611-100, id: 0.08558070645241611-101, id: 0.08558070645241611-102, id: 0.08558070645241611-103, id: 0.08558070645241611-104, id: 0.08558070645241611-105, id: 0.08558070645241611-106, id: 0.08558070645241611-107, id: 0.08558070645241611-108, id: 0.08558070645241611-109, id: 0.08558070645241611-110, id: 0.08558070645241611-111, id: 0.08558070645241611-112, id: 0.08558070645241611-113, id: 0.08558070645241611-114, id: 0.08558070645241611-115, id: 0.08558070645241611-116, id: 0.08558070645241611-117, id: 0.08558070645241611-118, id: 0.08558070645241611-119, id: 0.08558070645241611-120, id: 0.08558070645241611-121, id: 0.08558070645241611-122, id: 0.08558070645241611-123, id: 0.08558070645241611-124, id: 0.08558070645241611-125, id: 0.08558070645241611-126, id: 0.08558070645241611-127, id: 0.08558070645241611-128, id: 0.08558070645241611-129, id: 0.08558070645241611-130, id: 0.08558070645241611-131, id: 0.08558070645241611-132, id: 0.08558070645241611-133, id: 0.08558070645241611-134, id: 0.08558070645241611-135, id: 0.08558070645241611-136, id: 0.08558070645241611-137, id: 0.08558070645241611-138, id: 0.08558070645241611-139, id: 0.08558070645241611-140, id: 0.08558070645241611-141, id: 0.08558070645241611-142, id: 0.08558070645241611-143, id: 0.08558070645241611-144, id: 0.08558070645241611-145, id: 0.08558070645241611-146, id: 0.08558070645241611-147, id: 0.08558070645241611-148, id: 0.08558070645241611-149, id: 0.08558070645241611-150, id: 0.08558070645241611-151, id: 0.08558070645241611-152, id: 0.08558070645241611-153, id: 0.08558070645241611-154, id: 0.08558070645241611-155, id: 0.08558070645241611-156, id: 0.08558070645241611-157, id: 0.08558070645241611-158, id: 0.08558070645241611-159, id: 0.08558070645241611-160, id: 0.08558070645241611-161, id: 0.08558070645241611-162, id: 0.08558070645241611-163, id: 0.08558070645241611-164, id: 0.08558070645241611-165, id: 0.08558070645241611-166, id: 0.08558070645241611-167, id: 0.08558070645241611-168, id: 0.08558070645241611-169, id: 0.08558070645241611-170, id: 0.08558070645241611-171, id: 0.08558070645241611-172, id: 0.08558070645241611-173, id: 0.08558070645241611-174, id: 0.08558070645241611-175, id: 0.08558070645241611-176, id: 0.08558070645241611-177, id: 0.08558070645241611-178, id: 0.08558070645241611-179, id: 0.08558070645241611-180, id: 0.08558070645241611-181, id: 0.08558070645241611-182, id: 0.08558070645241611-183, id: 0.08558070645241611-184, id: 0.08558070645241611-185, id: 0.08558070645241611-186, id: 0.08558070645241611-187, id: 0.08558070645241611-188, id: 0.08558070645241611-189, id: 0.08558070645241611-190, id: 0.08558070645241611-191, id: 0.08558070645241611-192]
[WebDriverCommandLogger] - Executing getElementText element: By.xpath: //div[@id=&apos;c_articlelist_stories_2&apos;]/ul[1]/li/span[2]/span[2] parameters: {&quot;id&quot;:&quot;0.08558070645241611-110&quot;}
[WebDriverCommandLogger] - command: getElementText[ param-1: By.xpath: //div[@id=&apos;c_articlelist_stories_2&apos;]/ul[1]/li/span[2]/span[2] param-2: {&quot;id&quot;:&quot;0.08558070645241611-110&quot;}] Result: getElementText:12 HOURS AGO
[WebDriverCommandLogger] - Executing findElements parameters: {&quot;using&quot;:&quot;xpath&quot;,&quot;value&quot;:&quot;//div[@id=&apos;c_articlelist_stories_2&apos;]/ul[1]/li/span[1]/a&quot;}
[WebDriverCommandLogger] - command: findElements[ param-1: {value=//div[@id=&apos;c_articlelist_stories_2&apos;]/ul[1]/li/span[1]/a, using=xpath}] Result: [id: 0.08558070645241611-1, id: 0.08558070645241611-2, id: 0.08558070645241611-3, id: 0.08558070645241611-4, id: 0.08558070645241611-5, id: 0.08558070645241611-6, id: 0.08558070645241611-7, id: 0.08558070645241611-8, id: 0.08558070645241611-9, id: 0.08558070645241611-10, id: 0.08558070645241611-11, id: 0.08558070645241611-12, id: 0.08558070645241611-13, id: 0.08558070645241611-14, id: 0.08558070645241611-15, id: 0.08558070645241611-16, id: 0.08558070645241611-17, id: 0.08558070645241611-18, id: 0.08558070645241611-19, id: 0.08558070645241611-20, id: 0.08558070645241611-21, id: 0.08558070645241611-22, id: 0.08558070645241611-23, id: 0.08558070645241611-24, id: 0.08558070645241611-25, id: 0.08558070645241611-26, id: 0.08558070645241611-27, id: 0.08558070645241611-28, id: 0.08558070645241611-29, id: 0.08558070645241611-30, id: 0.08558070645241611-31, id: 0.08558070645241611-32, id: 0.08558070645241611-33, id: 0.08558070645241611-34, id: 0.08558070645241611-35, id: 0.08558070645241611-36, id: 0.08558070645241611-37, id: 0.08558070645241611-38, id: 0.08558070645241611-39, id: 0.08558070645241611-40, id: 0.08558070645241611-41, id: 0.08558070645241611-42, id: 0.08558070645241611-43, id: 0.08558070645241611-44, id: 0.08558070645241611-45, id: 0.08558070645241611-46, id: 0.08558070645241611-47, id: 0.08558070645241611-48, id: 0.08558070645241611-49, id: 0.08558070645241611-50, id: 0.08558070645241611-51, id: 0.08558070645241611-52, id: 0.08558070645241611-53, id: 0.08558070645241611-54, id: 0.08558070645241611-55, id: 0.08558070645241611-56, id: 0.08558070645241611-57, id: 0.08558070645241611-58, id: 0.08558070645241611-59, id: 0.08558070645241611-60, id: 0.08558070645241611-61, id: 0.08558070645241611-62, id: 0.08558070645241611-63, id: 0.08558070645241611-64, id: 0.08558070645241611-65, id: 0.08558070645241611-66, id: 0.08558070645241611-67, id: 0.08558070645241611-68, id: 0.08558070645241611-69, id: 0.08558070645241611-70, id: 0.08558070645241611-71, id: 0.08558070645241611-72, id: 0.08558070645241611-73, id: 0.08558070645241611-74, id: 0.08558070645241611-75, id: 0.08558070645241611-76, id: 0.08558070645241611-77, id: 0.08558070645241611-78, id: 0.08558070645241611-79, id: 0.08558070645241611-80, id: 0.08558070645241611-81, id: 0.08558070645241611-82, id: 0.08558070645241611-83, id: 0.08558070645241611-84, id: 0.08558070645241611-85, id: 0.08558070645241611-86, id: 0.08558070645241611-87, id: 0.08558070645241611-88, id: 0.08558070645241611-89, id: 0.08558070645241611-90, id: 0.08558070645241611-91, id: 0.08558070645241611-92, id: 0.08558070645241611-93, id: 0.08558070645241611-94, id: 0.08558070645241611-95, id: 0.08558070645241611-96]
[WebDriverCommandLogger] - Executing findElements parameters: {&quot;using&quot;:&quot;xpath&quot;,&quot;value&quot;:&quot;//div[@id=&apos;c_articlelist_stories_2&apos;]/ul[1]/li/span[1]/a&quot;}
[WebDriverCommandLogger] - command: findElements[ param-1: {value=//div[@id=&apos;c_articlelist_stories_2&apos;]/ul[1]/li/span[1]/a, using=xpath}] Result: [id: 0.08558070645241611-1, id: 0.08558070645241611-2, id: 0.08558070645241611-3, id: 0.08558070645241611-4, id: 0.08558070645241611-5, id: 0.08558070645241611-6, id: 0.08558070645241611-7, id: 0.08558070645241611-8, id: 0.08558070645241611-9, id: 0.08558070645241611-10, id: 0.08558070645241611-11, id: 0.08558070645241611-12, id: 0.08558070645241611-13, id: 0.08558070645241611-14, id: 0.08558070645241611-15, id: 0.08558070645241611-16, id: 0.08558070645241611-17, id: 0.08558070645241611-18, id: 0.08558070645241611-19, id: 0.08558070645241611-20, id: 0.08558070645241611-21, id: 0.08558070645241611-22, id: 0.08558070645241611-23, id: 0.08558070645241611-24, id: 0.08558070645241611-25, id: 0.08558070645241611-26, id: 0.08558070645241611-27, id: 0.08558070645241611-28, id: 0.08558070645241611-29, id: 0.08558070645241611-30, id: 0.08558070645241611-31, id: 0.08558070645241611-32, id: 0.08558070645241611-33, id: 0.08558070645241611-34, id: 0.08558070645241611-35, id: 0.08558070645241611-36, id: 0.08558070645241611-37, id: 0.08558070645241611-38, id: 0.08558070645241611-39, id: 0.08558070645241611-40, id: 0.08558070645241611-41, id: 0.08558070645241611-42, id: 0.08558070645241611-43, id: 0.08558070645241611-44, id: 0.08558070645241611-45, id: 0.08558070645241611-46, id: 0.08558070645241611-47, id: 0.08558070645241611-48, id: 0.08558070645241611-49, id: 0.08558070645241611-50, id: 0.08558070645241611-51, id: 0.08558070645241611-52, id: 0.08558070645241611-53, id: 0.08558070645241611-54, id: 0.08558070645241611-55, id: 0.08558070645241611-56, id: 0.08558070645241611-57, id: 0.08558070645241611-58, id: 0.08558070645241611-59, id: 0.08558070645241611-60, id: 0.08558070645241611-61, id: 0.08558070645241611-62, id: 0.08558070645241611-63, id: 0.08558070645241611-64, id: 0.08558070645241611-65, id: 0.08558070645241611-66, id: 0.08558070645241611-67, id: 0.08558070645241611-68, id: 0.08558070645241611-69, id: 0.08558070645241611-70, id: 0.08558070645241611-71, id: 0.08558070645241611-72, id: 0.08558070645241611-73, id: 0.08558070645241611-74, id: 0.08558070645241611-75, id: 0.08558070645241611-76, id: 0.08558070645241611-77, id: 0.08558070645241611-78, id: 0.08558070645241611-79, id: 0.08558070645241611-80, id: 0.08558070645241611-81, id: 0.08558070645241611-82, id: 0.08558070645241611-83, id: 0.08558070645241611-84, id: 0.08558070645241611-85, id: 0.08558070645241611-86, id: 0.08558070645241611-87, id: 0.08558070645241611-88, id: 0.08558070645241611-89, id: 0.08558070645241611-90, id: 0.08558070645241611-91, id: 0.08558070645241611-92, id: 0.08558070645241611-93, id: 0.08558070645241611-94, id: 0.08558070645241611-95, id: 0.08558070645241611-96]
[WebDriverCommandLogger] - Executing getElementText element: By.xpath: //div[@id=&apos;c_articlelist_stories_2&apos;]/ul[1]/li/span[1]/a parameters: {&quot;id&quot;:&quot;0.08558070645241611-15&quot;}
[WebDriverCommandLogger] - command: getElementText[ param-1: By.xpath: //div[@id=&apos;c_articlelist_stories_2&apos;]/ul[1]/li/span[1]/a param-2: {&quot;id&quot;:&quot;0.08558070645241611-15&quot;}] Result: getElementText:CME cadet drowns in waterfall near Tamhini
[WebDriverCommandLogger] - Executing findElements parameters: {&quot;using&quot;:&quot;xpath&quot;,&quot;value&quot;:&quot;//div[@id=&apos;c_articlelist_stories_2&apos;]/ul[1]/li/span[2]/span[2]&quot;}
[WebDriverCommandLogger] - command: findElements[ param-1: {value=//div[@id=&apos;c_articlelist_stories_2&apos;]/ul[1]/li/span[2]/span[2], using=xpath}] Result: [id: 0.08558070645241611-97, id: 0.08558070645241611-98, id: 0.08558070645241611-99, id: 0.08558070645241611-100, id: 0.08558070645241611-101, id: 0.08558070645241611-102, id: 0.08558070645241611-103, id: 0.08558070645241611-104, id: 0.08558070645241611-105, id: 0.08558070645241611-106, id: 0.08558070645241611-107, id: 0.08558070645241611-108, id: 0.08558070645241611-109, id: 0.08558070645241611-110, id: 0.08558070645241611-111, id: 0.08558070645241611-112, id: 0.08558070645241611-113, id: 0.08558070645241611-114, id: 0.08558070645241611-115, id: 0.08558070645241611-116, id: 0.08558070645241611-117, id: 0.08558070645241611-118, id: 0.08558070645241611-119, id: 0.08558070645241611-120, id: 0.08558070645241611-121, id: 0.08558070645241611-122, id: 0.08558070645241611-123, id: 0.08558070645241611-124, id: 0.08558070645241611-125, id: 0.08558070645241611-126, id: 0.08558070645241611-127, id: 0.08558070645241611-128, id: 0.08558070645241611-129, id: 0.08558070645241611-130, id: 0.08558070645241611-131, id: 0.08558070645241611-132, id: 0.08558070645241611-133, id: 0.08558070645241611-134, id: 0.08558070645241611-135, id: 0.08558070645241611-136, id: 0.08558070645241611-137, id: 0.08558070645241611-138, id: 0.08558070645241611-139, id: 0.08558070645241611-140, id: 0.08558070645241611-141, id: 0.08558070645241611-142, id: 0.08558070645241611-143, id: 0.08558070645241611-144, id: 0.08558070645241611-145, id: 0.08558070645241611-146, id: 0.08558070645241611-147, id: 0.08558070645241611-148, id: 0.08558070645241611-149, id: 0.08558070645241611-150, id: 0.08558070645241611-151, id: 0.08558070645241611-152, id: 0.08558070645241611-153, id: 0.08558070645241611-154, id: 0.08558070645241611-155, id: 0.08558070645241611-156, id: 0.08558070645241611-157, id: 0.08558070645241611-158, id: 0.08558070645241611-159, id: 0.08558070645241611-160, id: 0.08558070645241611-161, id: 0.08558070645241611-162, id: 0.08558070645241611-163, id: 0.08558070645241611-164, id: 0.08558070645241611-165, id: 0.08558070645241611-166, id: 0.08558070645241611-167, id: 0.08558070645241611-168, id: 0.08558070645241611-169, id: 0.08558070645241611-170, id: 0.08558070645241611-171, id: 0.08558070645241611-172, id: 0.08558070645241611-173, id: 0.08558070645241611-174, id: 0.08558070645241611-175, id: 0.08558070645241611-176, id: 0.08558070645241611-177, id: 0.08558070645241611-178, id: 0.08558070645241611-179, id: 0.08558070645241611-180, id: 0.08558070645241611-181, id: 0.08558070645241611-182, id: 0.08558070645241611-183, id: 0.08558070645241611-184, id: 0.08558070645241611-185, id: 0.08558070645241611-186, id: 0.08558070645241611-187, id: 0.08558070645241611-188, id: 0.08558070645241611-189, id: 0.08558070645241611-190, id: 0.08558070645241611-191, id: 0.08558070645241611-192]
[WebDriverCommandLogger] - Executing getElementText element: By.xpath: //div[@id=&apos;c_articlelist_stories_2&apos;]/ul[1]/li/span[2]/span[2] parameters: {&quot;id&quot;:&quot;0.08558070645241611-111&quot;}
[WebDriverCommandLogger] - command: getElementText[ param-1: By.xpath: //div[@id=&apos;c_articlelist_stories_2&apos;]/ul[1]/li/span[2]/span[2] param-2: {&quot;id&quot;:&quot;0.08558070645241611-111&quot;}] Result: getElementText:12 HOURS AGO
[WebDriverCommandLogger] - Executing findElements parameters: {&quot;using&quot;:&quot;xpath&quot;,&quot;value&quot;:&quot;//div[@id=&apos;c_articlelist_stories_2&apos;]/ul[1]/li/span[1]/a&quot;}
[WebDriverCommandLogger] - command: findElements[ param-1: {value=//div[@id=&apos;c_articlelist_stories_2&apos;]/ul[1]/li/span[1]/a, using=xpath}] Result: [id: 0.08558070645241611-1, id: 0.08558070645241611-2, id: 0.08558070645241611-3, id: 0.08558070645241611-4, id: 0.08558070645241611-5, id: 0.08558070645241611-6, id: 0.08558070645241611-7, id: 0.08558070645241611-8, id: 0.08558070645241611-9, id: 0.08558070645241611-10, id: 0.08558070645241611-11, id: 0.08558070645241611-12, id: 0.08558070645241611-13, id: 0.08558070645241611-14, id: 0.08558070645241611-15, id: 0.08558070645241611-16, id: 0.08558070645241611-17, id: 0.08558070645241611-18, id: 0.08558070645241611-19, id: 0.08558070645241611-20, id: 0.08558070645241611-21, id: 0.08558070645241611-22, id: 0.08558070645241611-23, id: 0.08558070645241611-24, id: 0.08558070645241611-25, id: 0.08558070645241611-26, id: 0.08558070645241611-27, id: 0.08558070645241611-28, id: 0.08558070645241611-29, id: 0.08558070645241611-30, id: 0.08558070645241611-31, id: 0.08558070645241611-32, id: 0.08558070645241611-33, id: 0.08558070645241611-34, id: 0.08558070645241611-35, id: 0.08558070645241611-36, id: 0.08558070645241611-37, id: 0.08558070645241611-38, id: 0.08558070645241611-39, id: 0.08558070645241611-40, id: 0.08558070645241611-41, id: 0.08558070645241611-42, id: 0.08558070645241611-43, id: 0.08558070645241611-44, id: 0.08558070645241611-45, id: 0.08558070645241611-46, id: 0.08558070645241611-47, id: 0.08558070645241611-48, id: 0.08558070645241611-49, id: 0.08558070645241611-50, id: 0.08558070645241611-51, id: 0.08558070645241611-52, id: 0.08558070645241611-53, id: 0.08558070645241611-54, id: 0.08558070645241611-55, id: 0.08558070645241611-56, id: 0.08558070645241611-57, id: 0.08558070645241611-58, id: 0.08558070645241611-59, id: 0.08558070645241611-60, id: 0.08558070645241611-61, id: 0.08558070645241611-62, id: 0.08558070645241611-63, id: 0.08558070645241611-64, id: 0.08558070645241611-65, id: 0.08558070645241611-66, id: 0.08558070645241611-67, id: 0.08558070645241611-68, id: 0.08558070645241611-69, id: 0.08558070645241611-70, id: 0.08558070645241611-71, id: 0.08558070645241611-72, id: 0.08558070645241611-73, id: 0.08558070645241611-74, id: 0.08558070645241611-75, id: 0.08558070645241611-76, id: 0.08558070645241611-77, id: 0.08558070645241611-78, id: 0.08558070645241611-79, id: 0.08558070645241611-80, id: 0.08558070645241611-81, id: 0.08558070645241611-82, id: 0.08558070645241611-83, id: 0.08558070645241611-84, id: 0.08558070645241611-85, id: 0.08558070645241611-86, id: 0.08558070645241611-87, id: 0.08558070645241611-88, id: 0.08558070645241611-89, id: 0.08558070645241611-90, id: 0.08558070645241611-91, id: 0.08558070645241611-92, id: 0.08558070645241611-93, id: 0.08558070645241611-94, id: 0.08558070645241611-95, id: 0.08558070645241611-96]
[WebDriverCommandLogger] - Executing findElements parameters: {&quot;using&quot;:&quot;xpath&quot;,&quot;value&quot;:&quot;//div[@id=&apos;c_articlelist_stories_2&apos;]/ul[1]/li/span[1]/a&quot;}
[WebDriverCommandLogger] - command: findElements[ param-1: {value=//div[@id=&apos;c_articlelist_stories_2&apos;]/ul[1]/li/span[1]/a, using=xpath}] Result: [id: 0.08558070645241611-1, id: 0.08558070645241611-2, id: 0.08558070645241611-3, id: 0.08558070645241611-4, id: 0.08558070645241611-5, id: 0.08558070645241611-6, id: 0.08558070645241611-7, id: 0.08558070645241611-8, id: 0.08558070645241611-9, id: 0.08558070645241611-10, id: 0.08558070645241611-11, id: 0.08558070645241611-12, id: 0.08558070645241611-13, id: 0.08558070645241611-14, id: 0.08558070645241611-15, id: 0.08558070645241611-16, id: 0.08558070645241611-17, id: 0.08558070645241611-18, id: 0.08558070645241611-19, id: 0.08558070645241611-20, id: 0.08558070645241611-21, id: 0.08558070645241611-22, id: 0.08558070645241611-23, id: 0.08558070645241611-24, id: 0.08558070645241611-25, id: 0.08558070645241611-26, id: 0.08558070645241611-27, id: 0.08558070645241611-28, id: 0.08558070645241611-29, id: 0.08558070645241611-30, id: 0.08558070645241611-31, id: 0.08558070645241611-32, id: 0.08558070645241611-33, id: 0.08558070645241611-34, id: 0.08558070645241611-35, id: 0.08558070645241611-36, id: 0.08558070645241611-37, id: 0.08558070645241611-38, id: 0.08558070645241611-39, id: 0.08558070645241611-40, id: 0.08558070645241611-41, id: 0.08558070645241611-42, id: 0.08558070645241611-43, id: 0.08558070645241611-44, id: 0.08558070645241611-45, id: 0.08558070645241611-46, id: 0.08558070645241611-47, id: 0.08558070645241611-48, id: 0.08558070645241611-49, id: 0.08558070645241611-50, id: 0.08558070645241611-51, id: 0.08558070645241611-52, id: 0.08558070645241611-53, id: 0.08558070645241611-54, id: 0.08558070645241611-55, id: 0.08558070645241611-56, id: 0.08558070645241611-57, id: 0.08558070645241611-58, id: 0.08558070645241611-59, id: 0.08558070645241611-60, id: 0.08558070645241611-61, id: 0.08558070645241611-62, id: 0.08558070645241611-63, id: 0.08558070645241611-64, id: 0.08558070645241611-65, id: 0.08558070645241611-66, id: 0.08558070645241611-67, id: 0.08558070645241611-68, id: 0.08558070645241611-69, id: 0.08558070645241611-70, id: 0.08558070645241611-71, id: 0.08558070645241611-72, id: 0.08558070645241611-73, id: 0.08558070645241611-74, id: 0.08558070645241611-75, id: 0.08558070645241611-76, id: 0.08558070645241611-77, id: 0.08558070645241611-78, id: 0.08558070645241611-79, id: 0.08558070645241611-80, id: 0.08558070645241611-81, id: 0.08558070645241611-82, id: 0.08558070645241611-83, id: 0.08558070645241611-84, id: 0.08558070645241611-85, id: 0.08558070645241611-86, id: 0.08558070645241611-87, id: 0.08558070645241611-88, id: 0.08558070645241611-89, id: 0.08558070645241611-90, id: 0.08558070645241611-91, id: 0.08558070645241611-92, id: 0.08558070645241611-93, id: 0.08558070645241611-94, id: 0.08558070645241611-95, id: 0.08558070645241611-96]
[WebDriverCommandLogger] - Executing getElementText element: By.xpath: //div[@id=&apos;c_articlelist_stories_2&apos;]/ul[1]/li/span[1]/a parameters: {&quot;id&quot;:&quot;0.08558070645241611-16&quot;}
[WebDriverCommandLogger] - command: getElementText[ param-1: By.xpath: //div[@id=&apos;c_articlelist_stories_2&apos;]/ul[1]/li/span[1]/a param-2: {&quot;id&quot;:&quot;0.08558070645241611-16&quot;}] Result: getElementText:Rs 65,000 stolen from scooter’s boot
[WebDriverCommandLogger] - Executing findElements parameters: {&quot;using&quot;:&quot;xpath&quot;,&quot;value&quot;:&quot;//div[@id=&apos;c_articlelist_stories_2&apos;]/ul[1]/li/span[2]/span[2]&quot;}
[WebDriverCommandLogger] - command: findElements[ param-1: {value=//div[@id=&apos;c_articlelist_stories_2&apos;]/ul[1]/li/span[2]/span[2], using=xpath}] Result: [id: 0.08558070645241611-97, id: 0.08558070645241611-98, id: 0.08558070645241611-99, id: 0.08558070645241611-100, id: 0.08558070645241611-101, id: 0.08558070645241611-102, id: 0.08558070645241611-103, id: 0.08558070645241611-104, id: 0.08558070645241611-105, id: 0.08558070645241611-106, id: 0.08558070645241611-107, id: 0.08558070645241611-108, id: 0.08558070645241611-109, id: 0.08558070645241611-110, id: 0.08558070645241611-111, id: 0.08558070645241611-112, id: 0.08558070645241611-113, id: 0.08558070645241611-114, id: 0.08558070645241611-115, id: 0.08558070645241611-116, id: 0.08558070645241611-117, id: 0.08558070645241611-118, id: 0.08558070645241611-119, id: 0.08558070645241611-120, id: 0.08558070645241611-121, id: 0.08558070645241611-122, id: 0.08558070645241611-123, id: 0.08558070645241611-124, id: 0.08558070645241611-125, id: 0.08558070645241611-126, id: 0.08558070645241611-127, id: 0.08558070645241611-128, id: 0.08558070645241611-129, id: 0.08558070645241611-130, id: 0.08558070645241611-131, id: 0.08558070645241611-132, id: 0.08558070645241611-133, id: 0.08558070645241611-134, id: 0.08558070645241611-135, id: 0.08558070645241611-136, id: 0.08558070645241611-137, id: 0.08558070645241611-138, id: 0.08558070645241611-139, id: 0.08558070645241611-140, id: 0.08558070645241611-141, id: 0.08558070645241611-142, id: 0.08558070645241611-143, id: 0.08558070645241611-144, id: 0.08558070645241611-145, id: 0.08558070645241611-146, id: 0.08558070645241611-147, id: 0.08558070645241611-148, id: 0.08558070645241611-149, id: 0.08558070645241611-150, id: 0.08558070645241611-151, id: 0.08558070645241611-152, id: 0.08558070645241611-153, id: 0.08558070645241611-154, id: 0.08558070645241611-155, id: 0.08558070645241611-156, id: 0.08558070645241611-157, id: 0.08558070645241611-158, id: 0.08558070645241611-159, id: 0.08558070645241611-160, id: 0.08558070645241611-161, id: 0.08558070645241611-162, id: 0.08558070645241611-163, id: 0.08558070645241611-164, id: 0.08558070645241611-165, id: 0.08558070645241611-166, id: 0.08558070645241611-167, id: 0.08558070645241611-168, id: 0.08558070645241611-169, id: 0.08558070645241611-170, id: 0.08558070645241611-171, id: 0.08558070645241611-172, id: 0.08558070645241611-173, id: 0.08558070645241611-174, id: 0.08558070645241611-175, id: 0.08558070645241611-176, id: 0.08558070645241611-177, id: 0.08558070645241611-178, id: 0.08558070645241611-179, id: 0.08558070645241611-180, id: 0.08558070645241611-181, id: 0.08558070645241611-182, id: 0.08558070645241611-183, id: 0.08558070645241611-184, id: 0.08558070645241611-185, id: 0.08558070645241611-186, id: 0.08558070645241611-187, id: 0.08558070645241611-188, id: 0.08558070645241611-189, id: 0.08558070645241611-190, id: 0.08558070645241611-191, id: 0.08558070645241611-192]
[WebDriverCommandLogger] - Executing getElementText element: By.xpath: //div[@id=&apos;c_articlelist_stories_2&apos;]/ul[1]/li/span[2]/span[2] parameters: {&quot;id&quot;:&quot;0.08558070645241611-112&quot;}
[WebDriverCommandLogger] - command: getElementText[ param-1: By.xpath: //div[@id=&apos;c_articlelist_stories_2&apos;]/ul[1]/li/span[2]/span[2] param-2: {&quot;id&quot;:&quot;0.08558070645241611-112&quot;}] Result: getElementText:12 HOURS AGO
[WebDriverCommandLogger] - Executing findElements parameters: {&quot;using&quot;:&quot;xpath&quot;,&quot;value&quot;:&quot;//div[@id=&apos;c_articlelist_stories_2&apos;]/ul[1]/li/span[1]/a&quot;}
[WebDriverCommandLogger] - command: findElements[ param-1: {value=//div[@id=&apos;c_articlelist_stories_2&apos;]/ul[1]/li/span[1]/a, using=xpath}] Result: [id: 0.08558070645241611-1, id: 0.08558070645241611-2, id: 0.08558070645241611-3, id: 0.08558070645241611-4, id: 0.08558070645241611-5, id: 0.08558070645241611-6, id: 0.08558070645241611-7, id: 0.08558070645241611-8, id: 0.08558070645241611-9, id: 0.08558070645241611-10, id: 0.08558070645241611-11, id: 0.08558070645241611-12, id: 0.08558070645241611-13, id: 0.08558070645241611-14, id: 0.08558070645241611-15, id: 0.08558070645241611-16, id: 0.08558070645241611-17, id: 0.08558070645241611-18, id: 0.08558070645241611-19, id: 0.08558070645241611-20, id: 0.08558070645241611-21, id: 0.08558070645241611-22, id: 0.08558070645241611-23, id: 0.08558070645241611-24, id: 0.08558070645241611-25, id: 0.08558070645241611-26, id: 0.08558070645241611-27, id: 0.08558070645241611-28, id: 0.08558070645241611-29, id: 0.08558070645241611-30, id: 0.08558070645241611-31, id: 0.08558070645241611-32, id: 0.08558070645241611-33, id: 0.08558070645241611-34, id: 0.08558070645241611-35, id: 0.08558070645241611-36, id: 0.08558070645241611-37, id: 0.08558070645241611-38, id: 0.08558070645241611-39, id: 0.08558070645241611-40, id: 0.08558070645241611-41, id: 0.08558070645241611-42, id: 0.08558070645241611-43, id: 0.08558070645241611-44, id: 0.08558070645241611-45, id: 0.08558070645241611-46, id: 0.08558070645241611-47, id: 0.08558070645241611-48, id: 0.08558070645241611-49, id: 0.08558070645241611-50, id: 0.08558070645241611-51, id: 0.08558070645241611-52, id: 0.08558070645241611-53, id: 0.08558070645241611-54, id: 0.08558070645241611-55, id: 0.08558070645241611-56, id: 0.08558070645241611-57, id: 0.08558070645241611-58, id: 0.08558070645241611-59, id: 0.08558070645241611-60, id: 0.08558070645241611-61, id: 0.08558070645241611-62, id: 0.08558070645241611-63, id: 0.08558070645241611-64, id: 0.08558070645241611-65, id: 0.08558070645241611-66, id: 0.08558070645241611-67, id: 0.08558070645241611-68, id: 0.08558070645241611-69, id: 0.08558070645241611-70, id: 0.08558070645241611-71, id: 0.08558070645241611-72, id: 0.08558070645241611-73, id: 0.08558070645241611-74, id: 0.08558070645241611-75, id: 0.08558070645241611-76, id: 0.08558070645241611-77, id: 0.08558070645241611-78, id: 0.08558070645241611-79, id: 0.08558070645241611-80, id: 0.08558070645241611-81, id: 0.08558070645241611-82, id: 0.08558070645241611-83, id: 0.08558070645241611-84, id: 0.08558070645241611-85, id: 0.08558070645241611-86, id: 0.08558070645241611-87, id: 0.08558070645241611-88, id: 0.08558070645241611-89, id: 0.08558070645241611-90, id: 0.08558070645241611-91, id: 0.08558070645241611-92, id: 0.08558070645241611-93, id: 0.08558070645241611-94, id: 0.08558070645241611-95, id: 0.08558070645241611-96]
[WebDriverCommandLogger] - Executing findElements parameters: {&quot;using&quot;:&quot;xpath&quot;,&quot;value&quot;:&quot;//div[@id=&apos;c_articlelist_stories_2&apos;]/ul[1]/li/span[1]/a&quot;}
[WebDriverCommandLogger] - command: findElements[ param-1: {value=//div[@id=&apos;c_articlelist_stories_2&apos;]/ul[1]/li/span[1]/a, using=xpath}] Result: [id: 0.08558070645241611-1, id: 0.08558070645241611-2, id: 0.08558070645241611-3, id: 0.08558070645241611-4, id: 0.08558070645241611-5, id: 0.08558070645241611-6, id: 0.08558070645241611-7, id: 0.08558070645241611-8, id: 0.08558070645241611-9, id: 0.08558070645241611-10, id: 0.08558070645241611-11, id: 0.08558070645241611-12, id: 0.08558070645241611-13, id: 0.08558070645241611-14, id: 0.08558070645241611-15, id: 0.08558070645241611-16, id: 0.08558070645241611-17, id: 0.08558070645241611-18, id: 0.08558070645241611-19, id: 0.08558070645241611-20, id: 0.08558070645241611-21, id: 0.08558070645241611-22, id: 0.08558070645241611-23, id: 0.08558070645241611-24, id: 0.08558070645241611-25, id: 0.08558070645241611-26, id: 0.08558070645241611-27, id: 0.08558070645241611-28, id: 0.08558070645241611-29, id: 0.08558070645241611-30, id: 0.08558070645241611-31, id: 0.08558070645241611-32, id: 0.08558070645241611-33, id: 0.08558070645241611-34, id: 0.08558070645241611-35, id: 0.08558070645241611-36, id: 0.08558070645241611-37, id: 0.08558070645241611-38, id: 0.08558070645241611-39, id: 0.08558070645241611-40, id: 0.08558070645241611-41, id: 0.08558070645241611-42, id: 0.08558070645241611-43, id: 0.08558070645241611-44, id: 0.08558070645241611-45, id: 0.08558070645241611-46, id: 0.08558070645241611-47, id: 0.08558070645241611-48, id: 0.08558070645241611-49, id: 0.08558070645241611-50, id: 0.08558070645241611-51, id: 0.08558070645241611-52, id: 0.08558070645241611-53, id: 0.08558070645241611-54, id: 0.08558070645241611-55, id: 0.08558070645241611-56, id: 0.08558070645241611-57, id: 0.08558070645241611-58, id: 0.08558070645241611-59, id: 0.08558070645241611-60, id: 0.08558070645241611-61, id: 0.08558070645241611-62, id: 0.08558070645241611-63, id: 0.08558070645241611-64, id: 0.08558070645241611-65, id: 0.08558070645241611-66, id: 0.08558070645241611-67, id: 0.08558070645241611-68, id: 0.08558070645241611-69, id: 0.08558070645241611-70, id: 0.08558070645241611-71, id: 0.08558070645241611-72, id: 0.08558070645241611-73, id: 0.08558070645241611-74, id: 0.08558070645241611-75, id: 0.08558070645241611-76, id: 0.08558070645241611-77, id: 0.08558070645241611-78, id: 0.08558070645241611-79, id: 0.08558070645241611-80, id: 0.08558070645241611-81, id: 0.08558070645241611-82, id: 0.08558070645241611-83, id: 0.08558070645241611-84, id: 0.08558070645241611-85, id: 0.08558070645241611-86, id: 0.08558070645241611-87, id: 0.08558070645241611-88, id: 0.08558070645241611-89, id: 0.08558070645241611-90, id: 0.08558070645241611-91, id: 0.08558070645241611-92, id: 0.08558070645241611-93, id: 0.08558070645241611-94, id: 0.08558070645241611-95, id: 0.08558070645241611-96]
[WebDriverCommandLogger] - Executing getElementText element: By.xpath: //div[@id=&apos;c_articlelist_stories_2&apos;]/ul[1]/li/span[1]/a parameters: {&quot;id&quot;:&quot;0.08558070645241611-17&quot;}
[WebDriverCommandLogger] - command: getElementText[ param-1: By.xpath: //div[@id=&apos;c_articlelist_stories_2&apos;]/ul[1]/li/span[1]/a param-2: {&quot;id&quot;:&quot;0.08558070645241611-17&quot;}] Result: getElementText:Baglifters target parked car again, decamp with cameras worth Rs 7L
[WebDriverCommandLogger] - Executing findElements parameters: {&quot;using&quot;:&quot;xpath&quot;,&quot;value&quot;:&quot;//div[@id=&apos;c_articlelist_stories_2&apos;]/ul[1]/li/span[2]/span[2]&quot;}
[WebDriverCommandLogger] - command: findElements[ param-1: {value=//div[@id=&apos;c_articlelist_stories_2&apos;]/ul[1]/li/span[2]/span[2], using=xpath}] Result: [id: 0.08558070645241611-97, id: 0.08558070645241611-98, id: 0.08558070645241611-99, id: 0.08558070645241611-100, id: 0.08558070645241611-101, id: 0.08558070645241611-102, id: 0.08558070645241611-103, id: 0.08558070645241611-104, id: 0.08558070645241611-105, id: 0.08558070645241611-106, id: 0.08558070645241611-107, id: 0.08558070645241611-108, id: 0.08558070645241611-109, id: 0.08558070645241611-110, id: 0.08558070645241611-111, id: 0.08558070645241611-112, id: 0.08558070645241611-113, id: 0.08558070645241611-114, id: 0.08558070645241611-115, id: 0.08558070645241611-116, id: 0.08558070645241611-117, id: 0.08558070645241611-118, id: 0.08558070645241611-119, id: 0.08558070645241611-120, id: 0.08558070645241611-121, id: 0.08558070645241611-122, id: 0.08558070645241611-123, id: 0.08558070645241611-124, id: 0.08558070645241611-125, id: 0.08558070645241611-126, id: 0.08558070645241611-127, id: 0.08558070645241611-128, id: 0.08558070645241611-129, id: 0.08558070645241611-130, id: 0.08558070645241611-131, id: 0.08558070645241611-132, id: 0.08558070645241611-133, id: 0.08558070645241611-134, id: 0.08558070645241611-135, id: 0.08558070645241611-136, id: 0.08558070645241611-137, id: 0.08558070645241611-138, id: 0.08558070645241611-139, id: 0.08558070645241611-140, id: 0.08558070645241611-141, id: 0.08558070645241611-142, id: 0.08558070645241611-143, id: 0.08558070645241611-144, id: 0.08558070645241611-145, id: 0.08558070645241611-146, id: 0.08558070645241611-147, id: 0.08558070645241611-148, id: 0.08558070645241611-149, id: 0.08558070645241611-150, id: 0.08558070645241611-151, id: 0.08558070645241611-152, id: 0.08558070645241611-153, id: 0.08558070645241611-154, id: 0.08558070645241611-155, id: 0.08558070645241611-156, id: 0.08558070645241611-157, id: 0.08558070645241611-158, id: 0.08558070645241611-159, id: 0.08558070645241611-160, id: 0.08558070645241611-161, id: 0.08558070645241611-162, id: 0.08558070645241611-163, id: 0.08558070645241611-164, id: 0.08558070645241611-165, id: 0.08558070645241611-166, id: 0.08558070645241611-167, id: 0.08558070645241611-168, id: 0.08558070645241611-169, id: 0.08558070645241611-170, id: 0.08558070645241611-171, id: 0.08558070645241611-172, id: 0.08558070645241611-173, id: 0.08558070645241611-174, id: 0.08558070645241611-175, id: 0.08558070645241611-176, id: 0.08558070645241611-177, id: 0.08558070645241611-178, id: 0.08558070645241611-179, id: 0.08558070645241611-180, id: 0.08558070645241611-181, id: 0.08558070645241611-182, id: 0.08558070645241611-183, id: 0.08558070645241611-184, id: 0.08558070645241611-185, id: 0.08558070645241611-186, id: 0.08558070645241611-187, id: 0.08558070645241611-188, id: 0.08558070645241611-189, id: 0.08558070645241611-190, id: 0.08558070645241611-191, id: 0.08558070645241611-192]
[WebDriverCommandLogger] - Executing getElementText element: By.xpath: //div[@id=&apos;c_articlelist_stories_2&apos;]/ul[1]/li/span[2]/span[2] parameters: {&quot;id&quot;:&quot;0.08558070645241611-113&quot;}
[WebDriverCommandLogger] - command: getElementText[ param-1: By.xpath: //div[@id=&apos;c_articlelist_stories_2&apos;]/ul[1]/li/span[2]/span[2] param-2: {&quot;id&quot;:&quot;0.08558070645241611-113&quot;}] Result: getElementText:12 HOURS AGO
[WebDriverCommandLogger] - Executing findElements parameters: {&quot;using&quot;:&quot;xpath&quot;,&quot;value&quot;:&quot;//div[@id=&apos;c_articlelist_stories_2&apos;]/ul[1]/li/span[1]/a&quot;}
[WebDriverCommandLogger] - command: findElements[ param-1: {value=//div[@id=&apos;c_articlelist_stories_2&apos;]/ul[1]/li/span[1]/a, using=xpath}] Result: [id: 0.08558070645241611-1, id: 0.08558070645241611-2, id: 0.08558070645241611-3, id: 0.08558070645241611-4, id: 0.08558070645241611-5, id: 0.08558070645241611-6, id: 0.08558070645241611-7, id: 0.08558070645241611-8, id: 0.08558070645241611-9, id: 0.08558070645241611-10, id: 0.08558070645241611-11, id: 0.08558070645241611-12, id: 0.08558070645241611-13, id: 0.08558070645241611-14, id: 0.08558070645241611-15, id: 0.08558070645241611-16, id: 0.08558070645241611-17, id: 0.08558070645241611-18, id: 0.08558070645241611-19, id: 0.08558070645241611-20, id: 0.08558070645241611-21, id: 0.08558070645241611-22, id: 0.08558070645241611-23, id: 0.08558070645241611-24, id: 0.08558070645241611-25, id: 0.08558070645241611-26, id: 0.08558070645241611-27, id: 0.08558070645241611-28, id: 0.08558070645241611-29, id: 0.08558070645241611-30, id: 0.08558070645241611-31, id: 0.08558070645241611-32, id: 0.08558070645241611-33, id: 0.08558070645241611-34, id: 0.08558070645241611-35, id: 0.08558070645241611-36, id: 0.08558070645241611-37, id: 0.08558070645241611-38, id: 0.08558070645241611-39, id: 0.08558070645241611-40, id: 0.08558070645241611-41, id: 0.08558070645241611-42, id: 0.08558070645241611-43, id: 0.08558070645241611-44, id: 0.08558070645241611-45, id: 0.08558070645241611-46, id: 0.08558070645241611-47, id: 0.08558070645241611-48, id: 0.08558070645241611-49, id: 0.08558070645241611-50, id: 0.08558070645241611-51, id: 0.08558070645241611-52, id: 0.08558070645241611-53, id: 0.08558070645241611-54, id: 0.08558070645241611-55, id: 0.08558070645241611-56, id: 0.08558070645241611-57, id: 0.08558070645241611-58, id: 0.08558070645241611-59, id: 0.08558070645241611-60, id: 0.08558070645241611-61, id: 0.08558070645241611-62, id: 0.08558070645241611-63, id: 0.08558070645241611-64, id: 0.08558070645241611-65, id: 0.08558070645241611-66, id: 0.08558070645241611-67, id: 0.08558070645241611-68, id: 0.08558070645241611-69, id: 0.08558070645241611-70, id: 0.08558070645241611-71, id: 0.08558070645241611-72, id: 0.08558070645241611-73, id: 0.08558070645241611-74, id: 0.08558070645241611-75, id: 0.08558070645241611-76, id: 0.08558070645241611-77, id: 0.08558070645241611-78, id: 0.08558070645241611-79, id: 0.08558070645241611-80, id: 0.08558070645241611-81, id: 0.08558070645241611-82, id: 0.08558070645241611-83, id: 0.08558070645241611-84, id: 0.08558070645241611-85, id: 0.08558070645241611-86, id: 0.08558070645241611-87, id: 0.08558070645241611-88, id: 0.08558070645241611-89, id: 0.08558070645241611-90, id: 0.08558070645241611-91, id: 0.08558070645241611-92, id: 0.08558070645241611-93, id: 0.08558070645241611-94, id: 0.08558070645241611-95, id: 0.08558070645241611-96]
[WebDriverCommandLogger] - Executing findElements parameters: {&quot;using&quot;:&quot;xpath&quot;,&quot;value&quot;:&quot;//div[@id=&apos;c_articlelist_stories_2&apos;]/ul[1]/li/span[1]/a&quot;}
[WebDriverCommandLogger] - command: findElements[ param-1: {value=//div[@id=&apos;c_articlelist_stories_2&apos;]/ul[1]/li/span[1]/a, using=xpath}] Result: [id: 0.08558070645241611-1, id: 0.08558070645241611-2, id: 0.08558070645241611-3, id: 0.08558070645241611-4, id: 0.08558070645241611-5, id: 0.08558070645241611-6, id: 0.08558070645241611-7, id: 0.08558070645241611-8, id: 0.08558070645241611-9, id: 0.08558070645241611-10, id: 0.08558070645241611-11, id: 0.08558070645241611-12, id: 0.08558070645241611-13, id: 0.08558070645241611-14, id: 0.08558070645241611-15, id: 0.08558070645241611-16, id: 0.08558070645241611-17, id: 0.08558070645241611-18, id: 0.08558070645241611-19, id: 0.08558070645241611-20, id: 0.08558070645241611-21, id: 0.08558070645241611-22, id: 0.08558070645241611-23, id: 0.08558070645241611-24, id: 0.08558070645241611-25, id: 0.08558070645241611-26, id: 0.08558070645241611-27, id: 0.08558070645241611-28, id: 0.08558070645241611-29, id: 0.08558070645241611-30, id: 0.08558070645241611-31, id: 0.08558070645241611-32, id: 0.08558070645241611-33, id: 0.08558070645241611-34, id: 0.08558070645241611-35, id: 0.08558070645241611-36, id: 0.08558070645241611-37, id: 0.08558070645241611-38, id: 0.08558070645241611-39, id: 0.08558070645241611-40, id: 0.08558070645241611-41, id: 0.08558070645241611-42, id: 0.08558070645241611-43, id: 0.08558070645241611-44, id: 0.08558070645241611-45, id: 0.08558070645241611-46, id: 0.08558070645241611-47, id: 0.08558070645241611-48, id: 0.08558070645241611-49, id: 0.08558070645241611-50, id: 0.08558070645241611-51, id: 0.08558070645241611-52, id: 0.08558070645241611-53, id: 0.08558070645241611-54, id: 0.08558070645241611-55, id: 0.08558070645241611-56, id: 0.08558070645241611-57, id: 0.08558070645241611-58, id: 0.08558070645241611-59, id: 0.08558070645241611-60, id: 0.08558070645241611-61, id: 0.08558070645241611-62, id: 0.08558070645241611-63, id: 0.08558070645241611-64, id: 0.08558070645241611-65, id: 0.08558070645241611-66, id: 0.08558070645241611-67, id: 0.08558070645241611-68, id: 0.08558070645241611-69, id: 0.08558070645241611-70, id: 0.08558070645241611-71, id: 0.08558070645241611-72, id: 0.08558070645241611-73, id: 0.08558070645241611-74, id: 0.08558070645241611-75, id: 0.08558070645241611-76, id: 0.08558070645241611-77, id: 0.08558070645241611-78, id: 0.08558070645241611-79, id: 0.08558070645241611-80, id: 0.08558070645241611-81, id: 0.08558070645241611-82, id: 0.08558070645241611-83, id: 0.08558070645241611-84, id: 0.08558070645241611-85, id: 0.08558070645241611-86, id: 0.08558070645241611-87, id: 0.08558070645241611-88, id: 0.08558070645241611-89, id: 0.08558070645241611-90, id: 0.08558070645241611-91, id: 0.08558070645241611-92, id: 0.08558070645241611-93, id: 0.08558070645241611-94, id: 0.08558070645241611-95, id: 0.08558070645241611-96]
[WebDriverCommandLogger] - Executing getElementText element: By.xpath: //div[@id=&apos;c_articlelist_stories_2&apos;]/ul[1]/li/span[1]/a parameters: {&quot;id&quot;:&quot;0.08558070645241611-18&quot;}
[WebDriverCommandLogger] - command: getElementText[ param-1: By.xpath: //div[@id=&apos;c_articlelist_stories_2&apos;]/ul[1]/li/span[1]/a param-2: {&quot;id&quot;:&quot;0.08558070645241611-18&quot;}] Result: getElementText:Two held for mobile thefts
[WebDriverCommandLogger] - Executing findElements parameters: {&quot;using&quot;:&quot;xpath&quot;,&quot;value&quot;:&quot;//div[@id=&apos;c_articlelist_stories_2&apos;]/ul[1]/li/span[2]/span[2]&quot;}
[WebDriverCommandLogger] - command: findElements[ param-1: {value=//div[@id=&apos;c_articlelist_stories_2&apos;]/ul[1]/li/span[2]/span[2], using=xpath}] Result: [id: 0.08558070645241611-97, id: 0.08558070645241611-98, id: 0.08558070645241611-99, id: 0.08558070645241611-100, id: 0.08558070645241611-101, id: 0.08558070645241611-102, id: 0.08558070645241611-103, id: 0.08558070645241611-104, id: 0.08558070645241611-105, id: 0.08558070645241611-106, id: 0.08558070645241611-107, id: 0.08558070645241611-108, id: 0.08558070645241611-109, id: 0.08558070645241611-110, id: 0.08558070645241611-111, id: 0.08558070645241611-112, id: 0.08558070645241611-113, id: 0.08558070645241611-114, id: 0.08558070645241611-115, id: 0.08558070645241611-116, id: 0.08558070645241611-117, id: 0.08558070645241611-118, id: 0.08558070645241611-119, id: 0.08558070645241611-120, id: 0.08558070645241611-121, id: 0.08558070645241611-122, id: 0.08558070645241611-123, id: 0.08558070645241611-124, id: 0.08558070645241611-125, id: 0.08558070645241611-126, id: 0.08558070645241611-127, id: 0.08558070645241611-128, id: 0.08558070645241611-129, id: 0.08558070645241611-130, id: 0.08558070645241611-131, id: 0.08558070645241611-132, id: 0.08558070645241611-133, id: 0.08558070645241611-134, id: 0.08558070645241611-135, id: 0.08558070645241611-136, id: 0.08558070645241611-137, id: 0.08558070645241611-138, id: 0.08558070645241611-139, id: 0.08558070645241611-140, id: 0.08558070645241611-141, id: 0.08558070645241611-142, id: 0.08558070645241611-143, id: 0.08558070645241611-144, id: 0.08558070645241611-145, id: 0.08558070645241611-146, id: 0.08558070645241611-147, id: 0.08558070645241611-148, id: 0.08558070645241611-149, id: 0.08558070645241611-150, id: 0.08558070645241611-151, id: 0.08558070645241611-152, id: 0.08558070645241611-153, id: 0.08558070645241611-154, id: 0.08558070645241611-155, id: 0.08558070645241611-156, id: 0.08558070645241611-157, id: 0.08558070645241611-158, id: 0.08558070645241611-159, id: 0.08558070645241611-160, id: 0.08558070645241611-161, id: 0.08558070645241611-162, id: 0.08558070645241611-163, id: 0.08558070645241611-164, id: 0.08558070645241611-165, id: 0.08558070645241611-166, id: 0.08558070645241611-167, id: 0.08558070645241611-168, id: 0.08558070645241611-169, id: 0.08558070645241611-170, id: 0.08558070645241611-171, id: 0.08558070645241611-172, id: 0.08558070645241611-173, id: 0.08558070645241611-174, id: 0.08558070645241611-175, id: 0.08558070645241611-176, id: 0.08558070645241611-177, id: 0.08558070645241611-178, id: 0.08558070645241611-179, id: 0.08558070645241611-180, id: 0.08558070645241611-181, id: 0.08558070645241611-182, id: 0.08558070645241611-183, id: 0.08558070645241611-184, id: 0.08558070645241611-185, id: 0.08558070645241611-186, id: 0.08558070645241611-187, id: 0.08558070645241611-188, id: 0.08558070645241611-189, id: 0.08558070645241611-190, id: 0.08558070645241611-191, id: 0.08558070645241611-192]
[WebDriverCommandLogger] - Executing getElementText element: By.xpath: //div[@id=&apos;c_articlelist_stories_2&apos;]/ul[1]/li/span[2]/span[2] parameters: {&quot;id&quot;:&quot;0.08558070645241611-114&quot;}
[WebDriverCommandLogger] - command: getElementText[ param-1: By.xpath: //div[@id=&apos;c_articlelist_stories_2&apos;]/ul[1]/li/span[2]/span[2] param-2: {&quot;id&quot;:&quot;0.08558070645241611-114&quot;}] Result: getElementText:13 HOURS AGO
[WebDriverCommandLogger] - Executing findElements parameters: {&quot;using&quot;:&quot;xpath&quot;,&quot;value&quot;:&quot;//div[@id=&apos;c_articlelist_stories_2&apos;]/ul[1]/li/span[1]/a&quot;}
[WebDriverCommandLogger] - command: findElements[ param-1: {value=//div[@id=&apos;c_articlelist_stories_2&apos;]/ul[1]/li/span[1]/a, using=xpath}] Result: [id: 0.08558070645241611-1, id: 0.08558070645241611-2, id: 0.08558070645241611-3, id: 0.08558070645241611-4, id: 0.08558070645241611-5, id: 0.08558070645241611-6, id: 0.08558070645241611-7, id: 0.08558070645241611-8, id: 0.08558070645241611-9, id: 0.08558070645241611-10, id: 0.08558070645241611-11, id: 0.08558070645241611-12, id: 0.08558070645241611-13, id: 0.08558070645241611-14, id: 0.08558070645241611-15, id: 0.08558070645241611-16, id: 0.08558070645241611-17, id: 0.08558070645241611-18, id: 0.08558070645241611-19, id: 0.08558070645241611-20, id: 0.08558070645241611-21, id: 0.08558070645241611-22, id: 0.08558070645241611-23, id: 0.08558070645241611-24, id: 0.08558070645241611-25, id: 0.08558070645241611-26, id: 0.08558070645241611-27, id: 0.08558070645241611-28, id: 0.08558070645241611-29, id: 0.08558070645241611-30, id: 0.08558070645241611-31, id: 0.08558070645241611-32, id: 0.08558070645241611-33, id: 0.08558070645241611-34, id: 0.08558070645241611-35, id: 0.08558070645241611-36, id: 0.08558070645241611-37, id: 0.08558070645241611-38, id: 0.08558070645241611-39, id: 0.08558070645241611-40, id: 0.08558070645241611-41, id: 0.08558070645241611-42, id: 0.08558070645241611-43, id: 0.08558070645241611-44, id: 0.08558070645241611-45, id: 0.08558070645241611-46, id: 0.08558070645241611-47, id: 0.08558070645241611-48, id: 0.08558070645241611-49, id: 0.08558070645241611-50, id: 0.08558070645241611-51, id: 0.08558070645241611-52, id: 0.08558070645241611-53, id: 0.08558070645241611-54, id: 0.08558070645241611-55, id: 0.08558070645241611-56, id: 0.08558070645241611-57, id: 0.08558070645241611-58, id: 0.08558070645241611-59, id: 0.08558070645241611-60, id: 0.08558070645241611-61, id: 0.08558070645241611-62, id: 0.08558070645241611-63, id: 0.08558070645241611-64, id: 0.08558070645241611-65, id: 0.08558070645241611-66, id: 0.08558070645241611-67, id: 0.08558070645241611-68, id: 0.08558070645241611-69, id: 0.08558070645241611-70, id: 0.08558070645241611-71, id: 0.08558070645241611-72, id: 0.08558070645241611-73, id: 0.08558070645241611-74, id: 0.08558070645241611-75, id: 0.08558070645241611-76, id: 0.08558070645241611-77, id: 0.08558070645241611-78, id: 0.08558070645241611-79, id: 0.08558070645241611-80, id: 0.08558070645241611-81, id: 0.08558070645241611-82, id: 0.08558070645241611-83, id: 0.08558070645241611-84, id: 0.08558070645241611-85, id: 0.08558070645241611-86, id: 0.08558070645241611-87, id: 0.08558070645241611-88, id: 0.08558070645241611-89, id: 0.08558070645241611-90, id: 0.08558070645241611-91, id: 0.08558070645241611-92, id: 0.08558070645241611-93, id: 0.08558070645241611-94, id: 0.08558070645241611-95, id: 0.08558070645241611-96]
[WebDriverCommandLogger] - Executing findElements parameters: {&quot;using&quot;:&quot;xpath&quot;,&quot;value&quot;:&quot;//div[@id=&apos;c_articlelist_stories_2&apos;]/ul[1]/li/span[1]/a&quot;}
[WebDriverCommandLogger] - command: findElements[ param-1: {value=//div[@id=&apos;c_articlelist_stories_2&apos;]/ul[1]/li/span[1]/a, using=xpath}] Result: [id: 0.08558070645241611-1, id: 0.08558070645241611-2, id: 0.08558070645241611-3, id: 0.08558070645241611-4, id: 0.08558070645241611-5, id: 0.08558070645241611-6, id: 0.08558070645241611-7, id: 0.08558070645241611-8, id: 0.08558070645241611-9, id: 0.08558070645241611-10, id: 0.08558070645241611-11, id: 0.08558070645241611-12, id: 0.08558070645241611-13, id: 0.08558070645241611-14, id: 0.08558070645241611-15, id: 0.08558070645241611-16, id: 0.08558070645241611-17, id: 0.08558070645241611-18, id: 0.08558070645241611-19, id: 0.08558070645241611-20, id: 0.08558070645241611-21, id: 0.08558070645241611-22, id: 0.08558070645241611-23, id: 0.08558070645241611-24, id: 0.08558070645241611-25, id: 0.08558070645241611-26, id: 0.08558070645241611-27, id: 0.08558070645241611-28, id: 0.08558070645241611-29, id: 0.08558070645241611-30, id: 0.08558070645241611-31, id: 0.08558070645241611-32, id: 0.08558070645241611-33, id: 0.08558070645241611-34, id: 0.08558070645241611-35, id: 0.08558070645241611-36, id: 0.08558070645241611-37, id: 0.08558070645241611-38, id: 0.08558070645241611-39, id: 0.08558070645241611-40, id: 0.08558070645241611-41, id: 0.08558070645241611-42, id: 0.08558070645241611-43, id: 0.08558070645241611-44, id: 0.08558070645241611-45, id: 0.08558070645241611-46, id: 0.08558070645241611-47, id: 0.08558070645241611-48, id: 0.08558070645241611-49, id: 0.08558070645241611-50, id: 0.08558070645241611-51, id: 0.08558070645241611-52, id: 0.08558070645241611-53, id: 0.08558070645241611-54, id: 0.08558070645241611-55, id: 0.08558070645241611-56, id: 0.08558070645241611-57, id: 0.08558070645241611-58, id: 0.08558070645241611-59, id: 0.08558070645241611-60, id: 0.08558070645241611-61, id: 0.08558070645241611-62, id: 0.08558070645241611-63, id: 0.08558070645241611-64, id: 0.08558070645241611-65, id: 0.08558070645241611-66, id: 0.08558070645241611-67, id: 0.08558070645241611-68, id: 0.08558070645241611-69, id: 0.08558070645241611-70, id: 0.08558070645241611-71, id: 0.08558070645241611-72, id: 0.08558070645241611-73, id: 0.08558070645241611-74, id: 0.08558070645241611-75, id: 0.08558070645241611-76, id: 0.08558070645241611-77, id: 0.08558070645241611-78, id: 0.08558070645241611-79, id: 0.08558070645241611-80, id: 0.08558070645241611-81, id: 0.08558070645241611-82, id: 0.08558070645241611-83, id: 0.08558070645241611-84, id: 0.08558070645241611-85, id: 0.08558070645241611-86, id: 0.08558070645241611-87, id: 0.08558070645241611-88, id: 0.08558070645241611-89, id: 0.08558070645241611-90, id: 0.08558070645241611-91, id: 0.08558070645241611-92, id: 0.08558070645241611-93, id: 0.08558070645241611-94, id: 0.08558070645241611-95, id: 0.08558070645241611-96]
[WebDriverCommandLogger] - Executing getElementText element: By.xpath: //div[@id=&apos;c_articlelist_stories_2&apos;]/ul[1]/li/span[1]/a parameters: {&quot;id&quot;:&quot;0.08558070645241611-19&quot;}
[WebDriverCommandLogger] - command: getElementText[ param-1: By.xpath: //div[@id=&apos;c_articlelist_stories_2&apos;]/ul[1]/li/span[1]/a param-2: {&quot;id&quot;:&quot;0.08558070645241611-19&quot;}] Result: getElementText:2 engg students found dead in Pitalkhora Kund
[WebDriverCommandLogger] - Executing findElements parameters: {&quot;using&quot;:&quot;xpath&quot;,&quot;value&quot;:&quot;//div[@id=&apos;c_articlelist_stories_2&apos;]/ul[1]/li/span[2]/span[2]&quot;}
[WebDriverCommandLogger] - command: findElements[ param-1: {value=//div[@id=&apos;c_articlelist_stories_2&apos;]/ul[1]/li/span[2]/span[2], using=xpath}] Result: [id: 0.08558070645241611-97, id: 0.08558070645241611-98, id: 0.08558070645241611-99, id: 0.08558070645241611-100, id: 0.08558070645241611-101, id: 0.08558070645241611-102, id: 0.08558070645241611-103, id: 0.08558070645241611-104, id: 0.08558070645241611-105, id: 0.08558070645241611-106, id: 0.08558070645241611-107, id: 0.08558070645241611-108, id: 0.08558070645241611-109, id: 0.08558070645241611-110, id: 0.08558070645241611-111, id: 0.08558070645241611-112, id: 0.08558070645241611-113, id: 0.08558070645241611-114, id: 0.08558070645241611-115, id: 0.08558070645241611-116, id: 0.08558070645241611-117, id: 0.08558070645241611-118, id: 0.08558070645241611-119, id: 0.08558070645241611-120, id: 0.08558070645241611-121, id: 0.08558070645241611-122, id: 0.08558070645241611-123, id: 0.08558070645241611-124, id: 0.08558070645241611-125, id: 0.08558070645241611-126, id: 0.08558070645241611-127, id: 0.08558070645241611-128, id: 0.08558070645241611-129, id: 0.08558070645241611-130, id: 0.08558070645241611-131, id: 0.08558070645241611-132, id: 0.08558070645241611-133, id: 0.08558070645241611-134, id: 0.08558070645241611-135, id: 0.08558070645241611-136, id: 0.08558070645241611-137, id: 0.08558070645241611-138, id: 0.08558070645241611-139, id: 0.08558070645241611-140, id: 0.08558070645241611-141, id: 0.08558070645241611-142, id: 0.08558070645241611-143, id: 0.08558070645241611-144, id: 0.08558070645241611-145, id: 0.08558070645241611-146, id: 0.08558070645241611-147, id: 0.08558070645241611-148, id: 0.08558070645241611-149, id: 0.08558070645241611-150, id: 0.08558070645241611-151, id: 0.08558070645241611-152, id: 0.08558070645241611-153, id: 0.08558070645241611-154, id: 0.08558070645241611-155, id: 0.08558070645241611-156, id: 0.08558070645241611-157, id: 0.08558070645241611-158, id: 0.08558070645241611-159, id: 0.08558070645241611-160, id: 0.08558070645241611-161, id: 0.08558070645241611-162, id: 0.08558070645241611-163, id: 0.08558070645241611-164, id: 0.08558070645241611-165, id: 0.08558070645241611-166, id: 0.08558070645241611-167, id: 0.08558070645241611-168, id: 0.08558070645241611-169, id: 0.08558070645241611-170, id: 0.08558070645241611-171, id: 0.08558070645241611-172, id: 0.08558070645241611-173, id: 0.08558070645241611-174, id: 0.08558070645241611-175, id: 0.08558070645241611-176, id: 0.08558070645241611-177, id: 0.08558070645241611-178, id: 0.08558070645241611-179, id: 0.08558070645241611-180, id: 0.08558070645241611-181, id: 0.08558070645241611-182, id: 0.08558070645241611-183, id: 0.08558070645241611-184, id: 0.08558070645241611-185, id: 0.08558070645241611-186, id: 0.08558070645241611-187, id: 0.08558070645241611-188, id: 0.08558070645241611-189, id: 0.08558070645241611-190, id: 0.08558070645241611-191, id: 0.08558070645241611-192]
[WebDriverCommandLogger] - Executing getElementText element: By.xpath: //div[@id=&apos;c_articlelist_stories_2&apos;]/ul[1]/li/span[2]/span[2] parameters: {&quot;id&quot;:&quot;0.08558070645241611-115&quot;}
[WebDriverCommandLogger] - command: getElementText[ param-1: By.xpath: //div[@id=&apos;c_articlelist_stories_2&apos;]/ul[1]/li/span[2]/span[2] param-2: {&quot;id&quot;:&quot;0.08558070645241611-115&quot;}] Result: getElementText:13 HOURS AGO
[WebDriverCommandLogger] - Executing findElements parameters: {&quot;using&quot;:&quot;xpath&quot;,&quot;value&quot;:&quot;//div[@id=&apos;c_articlelist_stories_2&apos;]/ul[1]/li/span[1]/a&quot;}
[WebDriverCommandLogger] - command: findElements[ param-1: {value=//div[@id=&apos;c_articlelist_stories_2&apos;]/ul[1]/li/span[1]/a, using=xpath}] Result: [id: 0.08558070645241611-1, id: 0.08558070645241611-2, id: 0.08558070645241611-3, id: 0.08558070645241611-4, id: 0.08558070645241611-5, id: 0.08558070645241611-6, id: 0.08558070645241611-7, id: 0.08558070645241611-8, id: 0.08558070645241611-9, id: 0.08558070645241611-10, id: 0.08558070645241611-11, id: 0.08558070645241611-12, id: 0.08558070645241611-13, id: 0.08558070645241611-14, id: 0.08558070645241611-15, id: 0.08558070645241611-16, id: 0.08558070645241611-17, id: 0.08558070645241611-18, id: 0.08558070645241611-19, id: 0.08558070645241611-20, id: 0.08558070645241611-21, id: 0.08558070645241611-22, id: 0.08558070645241611-23, id: 0.08558070645241611-24, id: 0.08558070645241611-25, id: 0.08558070645241611-26, id: 0.08558070645241611-27, id: 0.08558070645241611-28, id: 0.08558070645241611-29, id: 0.08558070645241611-30, id: 0.08558070645241611-31, id: 0.08558070645241611-32, id: 0.08558070645241611-33, id: 0.08558070645241611-34, id: 0.08558070645241611-35, id: 0.08558070645241611-36, id: 0.08558070645241611-37, id: 0.08558070645241611-38, id: 0.08558070645241611-39, id: 0.08558070645241611-40, id: 0.08558070645241611-41, id: 0.08558070645241611-42, id: 0.08558070645241611-43, id: 0.08558070645241611-44, id: 0.08558070645241611-45, id: 0.08558070645241611-46, id: 0.08558070645241611-47, id: 0.08558070645241611-48, id: 0.08558070645241611-49, id: 0.08558070645241611-50, id: 0.08558070645241611-51, id: 0.08558070645241611-52, id: 0.08558070645241611-53, id: 0.08558070645241611-54, id: 0.08558070645241611-55, id: 0.08558070645241611-56, id: 0.08558070645241611-57, id: 0.08558070645241611-58, id: 0.08558070645241611-59, id: 0.08558070645241611-60, id: 0.08558070645241611-61, id: 0.08558070645241611-62, id: 0.08558070645241611-63, id: 0.08558070645241611-64, id: 0.08558070645241611-65, id: 0.08558070645241611-66, id: 0.08558070645241611-67, id: 0.08558070645241611-68, id: 0.08558070645241611-69, id: 0.08558070645241611-70, id: 0.08558070645241611-71, id: 0.08558070645241611-72, id: 0.08558070645241611-73, id: 0.08558070645241611-74, id: 0.08558070645241611-75, id: 0.08558070645241611-76, id: 0.08558070645241611-77, id: 0.08558070645241611-78, id: 0.08558070645241611-79, id: 0.08558070645241611-80, id: 0.08558070645241611-81, id: 0.08558070645241611-82, id: 0.08558070645241611-83, id: 0.08558070645241611-84, id: 0.08558070645241611-85, id: 0.08558070645241611-86, id: 0.08558070645241611-87, id: 0.08558070645241611-88, id: 0.08558070645241611-89, id: 0.08558070645241611-90, id: 0.08558070645241611-91, id: 0.08558070645241611-92, id: 0.08558070645241611-93, id: 0.08558070645241611-94, id: 0.08558070645241611-95, id: 0.08558070645241611-96]
[WebDriverCommandLogger] - Executing findElements parameters: {&quot;using&quot;:&quot;xpath&quot;,&quot;value&quot;:&quot;//div[@id=&apos;c_articlelist_stories_2&apos;]/ul[1]/li/span[1]/a&quot;}
[WebDriverCommandLogger] - command: findElements[ param-1: {value=//div[@id=&apos;c_articlelist_stories_2&apos;]/ul[1]/li/span[1]/a, using=xpath}] Result: [id: 0.08558070645241611-1, id: 0.08558070645241611-2, id: 0.08558070645241611-3, id: 0.08558070645241611-4, id: 0.08558070645241611-5, id: 0.08558070645241611-6, id: 0.08558070645241611-7, id: 0.08558070645241611-8, id: 0.08558070645241611-9, id: 0.08558070645241611-10, id: 0.08558070645241611-11, id: 0.08558070645241611-12, id: 0.08558070645241611-13, id: 0.08558070645241611-14, id: 0.08558070645241611-15, id: 0.08558070645241611-16, id: 0.08558070645241611-17, id: 0.08558070645241611-18, id: 0.08558070645241611-19, id: 0.08558070645241611-20, id: 0.08558070645241611-21, id: 0.08558070645241611-22, id: 0.08558070645241611-23, id: 0.08558070645241611-24, id: 0.08558070645241611-25, id: 0.08558070645241611-26, id: 0.08558070645241611-27, id: 0.08558070645241611-28, id: 0.08558070645241611-29, id: 0.08558070645241611-30, id: 0.08558070645241611-31, id: 0.08558070645241611-32, id: 0.08558070645241611-33, id: 0.08558070645241611-34, id: 0.08558070645241611-35, id: 0.08558070645241611-36, id: 0.08558070645241611-37, id: 0.08558070645241611-38, id: 0.08558070645241611-39, id: 0.08558070645241611-40, id: 0.08558070645241611-41, id: 0.08558070645241611-42, id: 0.08558070645241611-43, id: 0.08558070645241611-44, id: 0.08558070645241611-45, id: 0.08558070645241611-46, id: 0.08558070645241611-47, id: 0.08558070645241611-48, id: 0.08558070645241611-49, id: 0.08558070645241611-50, id: 0.08558070645241611-51, id: 0.08558070645241611-52, id: 0.08558070645241611-53, id: 0.08558070645241611-54, id: 0.08558070645241611-55, id: 0.08558070645241611-56, id: 0.08558070645241611-57, id: 0.08558070645241611-58, id: 0.08558070645241611-59, id: 0.08558070645241611-60, id: 0.08558070645241611-61, id: 0.08558070645241611-62, id: 0.08558070645241611-63, id: 0.08558070645241611-64, id: 0.08558070645241611-65, id: 0.08558070645241611-66, id: 0.08558070645241611-67, id: 0.08558070645241611-68, id: 0.08558070645241611-69, id: 0.08558070645241611-70, id: 0.08558070645241611-71, id: 0.08558070645241611-72, id: 0.08558070645241611-73, id: 0.08558070645241611-74, id: 0.08558070645241611-75, id: 0.08558070645241611-76, id: 0.08558070645241611-77, id: 0.08558070645241611-78, id: 0.08558070645241611-79, id: 0.08558070645241611-80, id: 0.08558070645241611-81, id: 0.08558070645241611-82, id: 0.08558070645241611-83, id: 0.08558070645241611-84, id: 0.08558070645241611-85, id: 0.08558070645241611-86, id: 0.08558070645241611-87, id: 0.08558070645241611-88, id: 0.08558070645241611-89, id: 0.08558070645241611-90, id: 0.08558070645241611-91, id: 0.08558070645241611-92, id: 0.08558070645241611-93, id: 0.08558070645241611-94, id: 0.08558070645241611-95, id: 0.08558070645241611-96]
[WebDriverCommandLogger] - Executing getElementText element: By.xpath: //div[@id=&apos;c_articlelist_stories_2&apos;]/ul[1]/li/span[1]/a parameters: {&quot;id&quot;:&quot;0.08558070645241611-20&quot;}
[WebDriverCommandLogger] - command: getElementText[ param-1: By.xpath: //div[@id=&apos;c_articlelist_stories_2&apos;]/ul[1]/li/span[1]/a param-2: {&quot;id&quot;:&quot;0.08558070645241611-20&quot;}] Result: getElementText:SPA project gathers dust as two ministries fight
[WebDriverCommandLogger] - Executing findElements parameters: {&quot;using&quot;:&quot;xpath&quot;,&quot;value&quot;:&quot;//div[@id=&apos;c_articlelist_stories_2&apos;]/ul[1]/li/span[2]/span[2]&quot;}
[WebDriverCommandLogger] - command: findElements[ param-1: {value=//div[@id=&apos;c_articlelist_stories_2&apos;]/ul[1]/li/span[2]/span[2], using=xpath}] Result: [id: 0.08558070645241611-97, id: 0.08558070645241611-98, id: 0.08558070645241611-99, id: 0.08558070645241611-100, id: 0.08558070645241611-101, id: 0.08558070645241611-102, id: 0.08558070645241611-103, id: 0.08558070645241611-104, id: 0.08558070645241611-105, id: 0.08558070645241611-106, id: 0.08558070645241611-107, id: 0.08558070645241611-108, id: 0.08558070645241611-109, id: 0.08558070645241611-110, id: 0.08558070645241611-111, id: 0.08558070645241611-112, id: 0.08558070645241611-113, id: 0.08558070645241611-114, id: 0.08558070645241611-115, id: 0.08558070645241611-116, id: 0.08558070645241611-117, id: 0.08558070645241611-118, id: 0.08558070645241611-119, id: 0.08558070645241611-120, id: 0.08558070645241611-121, id: 0.08558070645241611-122, id: 0.08558070645241611-123, id: 0.08558070645241611-124, id: 0.08558070645241611-125, id: 0.08558070645241611-126, id: 0.08558070645241611-127, id: 0.08558070645241611-128, id: 0.08558070645241611-129, id: 0.08558070645241611-130, id: 0.08558070645241611-131, id: 0.08558070645241611-132, id: 0.08558070645241611-133, id: 0.08558070645241611-134, id: 0.08558070645241611-135, id: 0.08558070645241611-136, id: 0.08558070645241611-137, id: 0.08558070645241611-138, id: 0.08558070645241611-139, id: 0.08558070645241611-140, id: 0.08558070645241611-141, id: 0.08558070645241611-142, id: 0.08558070645241611-143, id: 0.08558070645241611-144, id: 0.08558070645241611-145, id: 0.08558070645241611-146, id: 0.08558070645241611-147, id: 0.08558070645241611-148, id: 0.08558070645241611-149, id: 0.08558070645241611-150, id: 0.08558070645241611-151, id: 0.08558070645241611-152, id: 0.08558070645241611-153, id: 0.08558070645241611-154, id: 0.08558070645241611-155, id: 0.08558070645241611-156, id: 0.08558070645241611-157, id: 0.08558070645241611-158, id: 0.08558070645241611-159, id: 0.08558070645241611-160, id: 0.08558070645241611-161, id: 0.08558070645241611-162, id: 0.08558070645241611-163, id: 0.08558070645241611-164, id: 0.08558070645241611-165, id: 0.08558070645241611-166, id: 0.08558070645241611-167, id: 0.08558070645241611-168, id: 0.08558070645241611-169, id: 0.08558070645241611-170, id: 0.08558070645241611-171, id: 0.08558070645241611-172, id: 0.08558070645241611-173, id: 0.08558070645241611-174, id: 0.08558070645241611-175, id: 0.08558070645241611-176, id: 0.08558070645241611-177, id: 0.08558070645241611-178, id: 0.08558070645241611-179, id: 0.08558070645241611-180, id: 0.08558070645241611-181, id: 0.08558070645241611-182, id: 0.08558070645241611-183, id: 0.08558070645241611-184, id: 0.08558070645241611-185, id: 0.08558070645241611-186, id: 0.08558070645241611-187, id: 0.08558070645241611-188, id: 0.08558070645241611-189, id: 0.08558070645241611-190, id: 0.08558070645241611-191, id: 0.08558070645241611-192]
[WebDriverCommandLogger] - Executing getElementText element: By.xpath: //div[@id=&apos;c_articlelist_stories_2&apos;]/ul[1]/li/span[2]/span[2] parameters: {&quot;id&quot;:&quot;0.08558070645241611-116&quot;}
[WebDriverCommandLogger] - command: getElementText[ param-1: By.xpath: //div[@id=&apos;c_articlelist_stories_2&apos;]/ul[1]/li/span[2]/span[2] param-2: {&quot;id&quot;:&quot;0.08558070645241611-116&quot;}] Result: getElementText:13 HOURS AGO
[WebDriverCommandLogger] - Executing findElements parameters: {&quot;using&quot;:&quot;xpath&quot;,&quot;value&quot;:&quot;//div[@id=&apos;c_articlelist_stories_2&apos;]/ul[1]/li/span[1]/a&quot;}
[WebDriverCommandLogger] - command: findElements[ param-1: {value=//div[@id=&apos;c_articlelist_stories_2&apos;]/ul[1]/li/span[1]/a, using=xpath}] Result: [id: 0.08558070645241611-1, id: 0.08558070645241611-2, id: 0.08558070645241611-3, id: 0.08558070645241611-4, id: 0.08558070645241611-5, id: 0.08558070645241611-6, id: 0.08558070645241611-7, id: 0.08558070645241611-8, id: 0.08558070645241611-9, id: 0.08558070645241611-10, id: 0.08558070645241611-11, id: 0.08558070645241611-12, id: 0.08558070645241611-13, id: 0.08558070645241611-14, id: 0.08558070645241611-15, id: 0.08558070645241611-16, id: 0.08558070645241611-17, id: 0.08558070645241611-18, id: 0.08558070645241611-19, id: 0.08558070645241611-20, id: 0.08558070645241611-21, id: 0.08558070645241611-22, id: 0.08558070645241611-23, id: 0.08558070645241611-24, id: 0.08558070645241611-25, id: 0.08558070645241611-26, id: 0.08558070645241611-27, id: 0.08558070645241611-28, id: 0.08558070645241611-29, id: 0.08558070645241611-30, id: 0.08558070645241611-31, id: 0.08558070645241611-32, id: 0.08558070645241611-33, id: 0.08558070645241611-34, id: 0.08558070645241611-35, id: 0.08558070645241611-36, id: 0.08558070645241611-37, id: 0.08558070645241611-38, id: 0.08558070645241611-39, id: 0.08558070645241611-40, id: 0.08558070645241611-41, id: 0.08558070645241611-42, id: 0.08558070645241611-43, id: 0.08558070645241611-44, id: 0.08558070645241611-45, id: 0.08558070645241611-46, id: 0.08558070645241611-47, id: 0.08558070645241611-48, id: 0.08558070645241611-49, id: 0.08558070645241611-50, id: 0.08558070645241611-51, id: 0.08558070645241611-52, id: 0.08558070645241611-53, id: 0.08558070645241611-54, id: 0.08558070645241611-55, id: 0.08558070645241611-56, id: 0.08558070645241611-57, id: 0.08558070645241611-58, id: 0.08558070645241611-59, id: 0.08558070645241611-60, id: 0.08558070645241611-61, id: 0.08558070645241611-62, id: 0.08558070645241611-63, id: 0.08558070645241611-64, id: 0.08558070645241611-65, id: 0.08558070645241611-66, id: 0.08558070645241611-67, id: 0.08558070645241611-68, id: 0.08558070645241611-69, id: 0.08558070645241611-70, id: 0.08558070645241611-71, id: 0.08558070645241611-72, id: 0.08558070645241611-73, id: 0.08558070645241611-74, id: 0.08558070645241611-75, id: 0.08558070645241611-76, id: 0.08558070645241611-77, id: 0.08558070645241611-78, id: 0.08558070645241611-79, id: 0.08558070645241611-80, id: 0.08558070645241611-81, id: 0.08558070645241611-82, id: 0.08558070645241611-83, id: 0.08558070645241611-84, id: 0.08558070645241611-85, id: 0.08558070645241611-86, id: 0.08558070645241611-87, id: 0.08558070645241611-88, id: 0.08558070645241611-89, id: 0.08558070645241611-90, id: 0.08558070645241611-91, id: 0.08558070645241611-92, id: 0.08558070645241611-93, id: 0.08558070645241611-94, id: 0.08558070645241611-95, id: 0.08558070645241611-96]
[WebDriverCommandLogger] - Executing findElements parameters: {&quot;using&quot;:&quot;xpath&quot;,&quot;value&quot;:&quot;//div[@id=&apos;c_articlelist_stories_2&apos;]/ul[1]/li/span[1]/a&quot;}
[WebDriverCommandLogger] - command: findElements[ param-1: {value=//div[@id=&apos;c_articlelist_stories_2&apos;]/ul[1]/li/span[1]/a, using=xpath}] Result: [id: 0.08558070645241611-1, id: 0.08558070645241611-2, id: 0.08558070645241611-3, id: 0.08558070645241611-4, id: 0.08558070645241611-5, id: 0.08558070645241611-6, id: 0.08558070645241611-7, id: 0.08558070645241611-8, id: 0.08558070645241611-9, id: 0.08558070645241611-10, id: 0.08558070645241611-11, id: 0.08558070645241611-12, id: 0.08558070645241611-13, id: 0.08558070645241611-14, id: 0.08558070645241611-15, id: 0.08558070645241611-16, id: 0.08558070645241611-17, id: 0.08558070645241611-18, id: 0.08558070645241611-19, id: 0.08558070645241611-20, id: 0.08558070645241611-21, id: 0.08558070645241611-22, id: 0.08558070645241611-23, id: 0.08558070645241611-24, id: 0.08558070645241611-25, id: 0.08558070645241611-26, id: 0.08558070645241611-27, id: 0.08558070645241611-28, id: 0.08558070645241611-29, id: 0.08558070645241611-30, id: 0.08558070645241611-31, id: 0.08558070645241611-32, id: 0.08558070645241611-33, id: 0.08558070645241611-34, id: 0.08558070645241611-35, id: 0.08558070645241611-36, id: 0.08558070645241611-37, id: 0.08558070645241611-38, id: 0.08558070645241611-39, id: 0.08558070645241611-40, id: 0.08558070645241611-41, id: 0.08558070645241611-42, id: 0.08558070645241611-43, id: 0.08558070645241611-44, id: 0.08558070645241611-45, id: 0.08558070645241611-46, id: 0.08558070645241611-47, id: 0.08558070645241611-48, id: 0.08558070645241611-49, id: 0.08558070645241611-50, id: 0.08558070645241611-51, id: 0.08558070645241611-52, id: 0.08558070645241611-53, id: 0.08558070645241611-54, id: 0.08558070645241611-55, id: 0.08558070645241611-56, id: 0.08558070645241611-57, id: 0.08558070645241611-58, id: 0.08558070645241611-59, id: 0.08558070645241611-60, id: 0.08558070645241611-61, id: 0.08558070645241611-62, id: 0.08558070645241611-63, id: 0.08558070645241611-64, id: 0.08558070645241611-65, id: 0.08558070645241611-66, id: 0.08558070645241611-67, id: 0.08558070645241611-68, id: 0.08558070645241611-69, id: 0.08558070645241611-70, id: 0.08558070645241611-71, id: 0.08558070645241611-72, id: 0.08558070645241611-73, id: 0.08558070645241611-74, id: 0.08558070645241611-75, id: 0.08558070645241611-76, id: 0.08558070645241611-77, id: 0.08558070645241611-78, id: 0.08558070645241611-79, id: 0.08558070645241611-80, id: 0.08558070645241611-81, id: 0.08558070645241611-82, id: 0.08558070645241611-83, id: 0.08558070645241611-84, id: 0.08558070645241611-85, id: 0.08558070645241611-86, id: 0.08558070645241611-87, id: 0.08558070645241611-88, id: 0.08558070645241611-89, id: 0.08558070645241611-90, id: 0.08558070645241611-91, id: 0.08558070645241611-92, id: 0.08558070645241611-93, id: 0.08558070645241611-94, id: 0.08558070645241611-95, id: 0.08558070645241611-96]
[WebDriverCommandLogger] - Executing getElementText element: By.xpath: //div[@id=&apos;c_articlelist_stories_2&apos;]/ul[1]/li/span[1]/a parameters: {&quot;id&quot;:&quot;0.08558070645241611-21&quot;}
[WebDriverCommandLogger] - command: getElementText[ param-1: By.xpath: //div[@id=&apos;c_articlelist_stories_2&apos;]/ul[1]/li/span[1]/a param-2: {&quot;id&quot;:&quot;0.08558070645241611-21&quot;}] Result: getElementText:Scientist to speak at lecture series
[WebDriverCommandLogger] - Executing findElements parameters: {&quot;using&quot;:&quot;xpath&quot;,&quot;value&quot;:&quot;//div[@id=&apos;c_articlelist_stories_2&apos;]/ul[1]/li/span[2]/span[2]&quot;}
[WebDriverCommandLogger] - command: findElements[ param-1: {value=//div[@id=&apos;c_articlelist_stories_2&apos;]/ul[1]/li/span[2]/span[2], using=xpath}] Result: [id: 0.08558070645241611-97, id: 0.08558070645241611-98, id: 0.08558070645241611-99, id: 0.08558070645241611-100, id: 0.08558070645241611-101, id: 0.08558070645241611-102, id: 0.08558070645241611-103, id: 0.08558070645241611-104, id: 0.08558070645241611-105, id: 0.08558070645241611-106, id: 0.08558070645241611-107, id: 0.08558070645241611-108, id: 0.08558070645241611-109, id: 0.08558070645241611-110, id: 0.08558070645241611-111, id: 0.08558070645241611-112, id: 0.08558070645241611-113, id: 0.08558070645241611-114, id: 0.08558070645241611-115, id: 0.08558070645241611-116, id: 0.08558070645241611-117, id: 0.08558070645241611-118, id: 0.08558070645241611-119, id: 0.08558070645241611-120, id: 0.08558070645241611-121, id: 0.08558070645241611-122, id: 0.08558070645241611-123, id: 0.08558070645241611-124, id: 0.08558070645241611-125, id: 0.08558070645241611-126, id: 0.08558070645241611-127, id: 0.08558070645241611-128, id: 0.08558070645241611-129, id: 0.08558070645241611-130, id: 0.08558070645241611-131, id: 0.08558070645241611-132, id: 0.08558070645241611-133, id: 0.08558070645241611-134, id: 0.08558070645241611-135, id: 0.08558070645241611-136, id: 0.08558070645241611-137, id: 0.08558070645241611-138, id: 0.08558070645241611-139, id: 0.08558070645241611-140, id: 0.08558070645241611-141, id: 0.08558070645241611-142, id: 0.08558070645241611-143, id: 0.08558070645241611-144, id: 0.08558070645241611-145, id: 0.08558070645241611-146, id: 0.08558070645241611-147, id: 0.08558070645241611-148, id: 0.08558070645241611-149, id: 0.08558070645241611-150, id: 0.08558070645241611-151, id: 0.08558070645241611-152, id: 0.08558070645241611-153, id: 0.08558070645241611-154, id: 0.08558070645241611-155, id: 0.08558070645241611-156, id: 0.08558070645241611-157, id: 0.08558070645241611-158, id: 0.08558070645241611-159, id: 0.08558070645241611-160, id: 0.08558070645241611-161, id: 0.08558070645241611-162, id: 0.08558070645241611-163, id: 0.08558070645241611-164, id: 0.08558070645241611-165, id: 0.08558070645241611-166, id: 0.08558070645241611-167, id: 0.08558070645241611-168, id: 0.08558070645241611-169, id: 0.08558070645241611-170, id: 0.08558070645241611-171, id: 0.08558070645241611-172, id: 0.08558070645241611-173, id: 0.08558070645241611-174, id: 0.08558070645241611-175, id: 0.08558070645241611-176, id: 0.08558070645241611-177, id: 0.08558070645241611-178, id: 0.08558070645241611-179, id: 0.08558070645241611-180, id: 0.08558070645241611-181, id: 0.08558070645241611-182, id: 0.08558070645241611-183, id: 0.08558070645241611-184, id: 0.08558070645241611-185, id: 0.08558070645241611-186, id: 0.08558070645241611-187, id: 0.08558070645241611-188, id: 0.08558070645241611-189, id: 0.08558070645241611-190, id: 0.08558070645241611-191, id: 0.08558070645241611-192]
[WebDriverCommandLogger] - Executing getElementText element: By.xpath: //div[@id=&apos;c_articlelist_stories_2&apos;]/ul[1]/li/span[2]/span[2] parameters: {&quot;id&quot;:&quot;0.08558070645241611-117&quot;}
[WebDriverCommandLogger] - command: getElementText[ param-1: By.xpath: //div[@id=&apos;c_articlelist_stories_2&apos;]/ul[1]/li/span[2]/span[2] param-2: {&quot;id&quot;:&quot;0.08558070645241611-117&quot;}] Result: getElementText:13 HOURS AGO
[WebDriverCommandLogger] - Executing findElements parameters: {&quot;using&quot;:&quot;xpath&quot;,&quot;value&quot;:&quot;//div[@id=&apos;c_articlelist_stories_2&apos;]/ul[1]/li/span[1]/a&quot;}
[WebDriverCommandLogger] - command: findElements[ param-1: {value=//div[@id=&apos;c_articlelist_stories_2&apos;]/ul[1]/li/span[1]/a, using=xpath}] Result: [id: 0.08558070645241611-1, id: 0.08558070645241611-2, id: 0.08558070645241611-3, id: 0.08558070645241611-4, id: 0.08558070645241611-5, id: 0.08558070645241611-6, id: 0.08558070645241611-7, id: 0.08558070645241611-8, id: 0.08558070645241611-9, id: 0.08558070645241611-10, id: 0.08558070645241611-11, id: 0.08558070645241611-12, id: 0.08558070645241611-13, id: 0.08558070645241611-14, id: 0.08558070645241611-15, id: 0.08558070645241611-16, id: 0.08558070645241611-17, id: 0.08558070645241611-18, id: 0.08558070645241611-19, id: 0.08558070645241611-20, id: 0.08558070645241611-21, id: 0.08558070645241611-22, id: 0.08558070645241611-23, id: 0.08558070645241611-24, id: 0.08558070645241611-25, id: 0.08558070645241611-26, id: 0.08558070645241611-27, id: 0.08558070645241611-28, id: 0.08558070645241611-29, id: 0.08558070645241611-30, id: 0.08558070645241611-31, id: 0.08558070645241611-32, id: 0.08558070645241611-33, id: 0.08558070645241611-34, id: 0.08558070645241611-35, id: 0.08558070645241611-36, id: 0.08558070645241611-37, id: 0.08558070645241611-38, id: 0.08558070645241611-39, id: 0.08558070645241611-40, id: 0.08558070645241611-41, id: 0.08558070645241611-42, id: 0.08558070645241611-43, id: 0.08558070645241611-44, id: 0.08558070645241611-45, id: 0.08558070645241611-46, id: 0.08558070645241611-47, id: 0.08558070645241611-48, id: 0.08558070645241611-49, id: 0.08558070645241611-50, id: 0.08558070645241611-51, id: 0.08558070645241611-52, id: 0.08558070645241611-53, id: 0.08558070645241611-54, id: 0.08558070645241611-55, id: 0.08558070645241611-56, id: 0.08558070645241611-57, id: 0.08558070645241611-58, id: 0.08558070645241611-59, id: 0.08558070645241611-60, id: 0.08558070645241611-61, id: 0.08558070645241611-62, id: 0.08558070645241611-63, id: 0.08558070645241611-64, id: 0.08558070645241611-65, id: 0.08558070645241611-66, id: 0.08558070645241611-67, id: 0.08558070645241611-68, id: 0.08558070645241611-69, id: 0.08558070645241611-70, id: 0.08558070645241611-71, id: 0.08558070645241611-72, id: 0.08558070645241611-73, id: 0.08558070645241611-74, id: 0.08558070645241611-75, id: 0.08558070645241611-76, id: 0.08558070645241611-77, id: 0.08558070645241611-78, id: 0.08558070645241611-79, id: 0.08558070645241611-80, id: 0.08558070645241611-81, id: 0.08558070645241611-82, id: 0.08558070645241611-83, id: 0.08558070645241611-84, id: 0.08558070645241611-85, id: 0.08558070645241611-86, id: 0.08558070645241611-87, id: 0.08558070645241611-88, id: 0.08558070645241611-89, id: 0.08558070645241611-90, id: 0.08558070645241611-91, id: 0.08558070645241611-92, id: 0.08558070645241611-93, id: 0.08558070645241611-94, id: 0.08558070645241611-95, id: 0.08558070645241611-96]
[WebDriverCommandLogger] - Executing findElements parameters: {&quot;using&quot;:&quot;xpath&quot;,&quot;value&quot;:&quot;//div[@id=&apos;c_articlelist_stories_2&apos;]/ul[1]/li/span[1]/a&quot;}
[WebDriverCommandLogger] - command: findElements[ param-1: {value=//div[@id=&apos;c_articlelist_stories_2&apos;]/ul[1]/li/span[1]/a, using=xpath}] Result: [id: 0.08558070645241611-1, id: 0.08558070645241611-2, id: 0.08558070645241611-3, id: 0.08558070645241611-4, id: 0.08558070645241611-5, id: 0.08558070645241611-6, id: 0.08558070645241611-7, id: 0.08558070645241611-8, id: 0.08558070645241611-9, id: 0.08558070645241611-10, id: 0.08558070645241611-11, id: 0.08558070645241611-12, id: 0.08558070645241611-13, id: 0.08558070645241611-14, id: 0.08558070645241611-15, id: 0.08558070645241611-16, id: 0.08558070645241611-17, id: 0.08558070645241611-18, id: 0.08558070645241611-19, id: 0.08558070645241611-20, id: 0.08558070645241611-21, id: 0.08558070645241611-22, id: 0.08558070645241611-23, id: 0.08558070645241611-24, id: 0.08558070645241611-25, id: 0.08558070645241611-26, id: 0.08558070645241611-27, id: 0.08558070645241611-28, id: 0.08558070645241611-29, id: 0.08558070645241611-30, id: 0.08558070645241611-31, id: 0.08558070645241611-32, id: 0.08558070645241611-33, id: 0.08558070645241611-34, id: 0.08558070645241611-35, id: 0.08558070645241611-36, id: 0.08558070645241611-37, id: 0.08558070645241611-38, id: 0.08558070645241611-39, id: 0.08558070645241611-40, id: 0.08558070645241611-41, id: 0.08558070645241611-42, id: 0.08558070645241611-43, id: 0.08558070645241611-44, id: 0.08558070645241611-45, id: 0.08558070645241611-46, id: 0.08558070645241611-47, id: 0.08558070645241611-48, id: 0.08558070645241611-49, id: 0.08558070645241611-50, id: 0.08558070645241611-51, id: 0.08558070645241611-52, id: 0.08558070645241611-53, id: 0.08558070645241611-54, id: 0.08558070645241611-55, id: 0.08558070645241611-56, id: 0.08558070645241611-57, id: 0.08558070645241611-58, id: 0.08558070645241611-59, id: 0.08558070645241611-60, id: 0.08558070645241611-61, id: 0.08558070645241611-62, id: 0.08558070645241611-63, id: 0.08558070645241611-64, id: 0.08558070645241611-65, id: 0.08558070645241611-66, id: 0.08558070645241611-67, id: 0.08558070645241611-68, id: 0.08558070645241611-69, id: 0.08558070645241611-70, id: 0.08558070645241611-71, id: 0.08558070645241611-72, id: 0.08558070645241611-73, id: 0.08558070645241611-74, id: 0.08558070645241611-75, id: 0.08558070645241611-76, id: 0.08558070645241611-77, id: 0.08558070645241611-78, id: 0.08558070645241611-79, id: 0.08558070645241611-80, id: 0.08558070645241611-81, id: 0.08558070645241611-82, id: 0.08558070645241611-83, id: 0.08558070645241611-84, id: 0.08558070645241611-85, id: 0.08558070645241611-86, id: 0.08558070645241611-87, id: 0.08558070645241611-88, id: 0.08558070645241611-89, id: 0.08558070645241611-90, id: 0.08558070645241611-91, id: 0.08558070645241611-92, id: 0.08558070645241611-93, id: 0.08558070645241611-94, id: 0.08558070645241611-95, id: 0.08558070645241611-96]
[WebDriverCommandLogger] - Executing getElementText element: By.xpath: //div[@id=&apos;c_articlelist_stories_2&apos;]/ul[1]/li/span[1]/a parameters: {&quot;id&quot;:&quot;0.08558070645241611-22&quot;}
[WebDriverCommandLogger] - command: getElementText[ param-1: By.xpath: //div[@id=&apos;c_articlelist_stories_2&apos;]/ul[1]/li/span[1]/a param-2: {&quot;id&quot;:&quot;0.08558070645241611-22&quot;}] Result: getElementText:Now, students to have a say in accreditation of colleges
[WebDriverCommandLogger] - Executing findElements parameters: {&quot;using&quot;:&quot;xpath&quot;,&quot;value&quot;:&quot;//div[@id=&apos;c_articlelist_stories_2&apos;]/ul[1]/li/span[2]/span[2]&quot;}
[WebDriverCommandLogger] - command: findElements[ param-1: {value=//div[@id=&apos;c_articlelist_stories_2&apos;]/ul[1]/li/span[2]/span[2], using=xpath}] Result: [id: 0.08558070645241611-97, id: 0.08558070645241611-98, id: 0.08558070645241611-99, id: 0.08558070645241611-100, id: 0.08558070645241611-101, id: 0.08558070645241611-102, id: 0.08558070645241611-103, id: 0.08558070645241611-104, id: 0.08558070645241611-105, id: 0.08558070645241611-106, id: 0.08558070645241611-107, id: 0.08558070645241611-108, id: 0.08558070645241611-109, id: 0.08558070645241611-110, id: 0.08558070645241611-111, id: 0.08558070645241611-112, id: 0.08558070645241611-113, id: 0.08558070645241611-114, id: 0.08558070645241611-115, id: 0.08558070645241611-116, id: 0.08558070645241611-117, id: 0.08558070645241611-118, id: 0.08558070645241611-119, id: 0.08558070645241611-120, id: 0.08558070645241611-121, id: 0.08558070645241611-122, id: 0.08558070645241611-123, id: 0.08558070645241611-124, id: 0.08558070645241611-125, id: 0.08558070645241611-126, id: 0.08558070645241611-127, id: 0.08558070645241611-128, id: 0.08558070645241611-129, id: 0.08558070645241611-130, id: 0.08558070645241611-131, id: 0.08558070645241611-132, id: 0.08558070645241611-133, id: 0.08558070645241611-134, id: 0.08558070645241611-135, id: 0.08558070645241611-136, id: 0.08558070645241611-137, id: 0.08558070645241611-138, id: 0.08558070645241611-139, id: 0.08558070645241611-140, id: 0.08558070645241611-141, id: 0.08558070645241611-142, id: 0.08558070645241611-143, id: 0.08558070645241611-144, id: 0.08558070645241611-145, id: 0.08558070645241611-146, id: 0.08558070645241611-147, id: 0.08558070645241611-148, id: 0.08558070645241611-149, id: 0.08558070645241611-150, id: 0.08558070645241611-151, id: 0.08558070645241611-152, id: 0.08558070645241611-153, id: 0.08558070645241611-154, id: 0.08558070645241611-155, id: 0.08558070645241611-156, id: 0.08558070645241611-157, id: 0.08558070645241611-158, id: 0.08558070645241611-159, id: 0.08558070645241611-160, id: 0.08558070645241611-161, id: 0.08558070645241611-162, id: 0.08558070645241611-163, id: 0.08558070645241611-164, id: 0.08558070645241611-165, id: 0.08558070645241611-166, id: 0.08558070645241611-167, id: 0.08558070645241611-168, id: 0.08558070645241611-169, id: 0.08558070645241611-170, id: 0.08558070645241611-171, id: 0.08558070645241611-172, id: 0.08558070645241611-173, id: 0.08558070645241611-174, id: 0.08558070645241611-175, id: 0.08558070645241611-176, id: 0.08558070645241611-177, id: 0.08558070645241611-178, id: 0.08558070645241611-179, id: 0.08558070645241611-180, id: 0.08558070645241611-181, id: 0.08558070645241611-182, id: 0.08558070645241611-183, id: 0.08558070645241611-184, id: 0.08558070645241611-185, id: 0.08558070645241611-186, id: 0.08558070645241611-187, id: 0.08558070645241611-188, id: 0.08558070645241611-189, id: 0.08558070645241611-190, id: 0.08558070645241611-191, id: 0.08558070645241611-192]
[WebDriverCommandLogger] - Executing getElementText element: By.xpath: //div[@id=&apos;c_articlelist_stories_2&apos;]/ul[1]/li/span[2]/span[2] parameters: {&quot;id&quot;:&quot;0.08558070645241611-118&quot;}
[WebDriverCommandLogger] - command: getElementText[ param-1: By.xpath: //div[@id=&apos;c_articlelist_stories_2&apos;]/ul[1]/li/span[2]/span[2] param-2: {&quot;id&quot;:&quot;0.08558070645241611-118&quot;}] Result: getElementText:13 HOURS AGO
[WebDriverCommandLogger] - Executing findElements parameters: {&quot;using&quot;:&quot;xpath&quot;,&quot;value&quot;:&quot;//div[@id=&apos;c_articlelist_stories_2&apos;]/ul[1]/li/span[1]/a&quot;}
[WebDriverCommandLogger] - command: findElements[ param-1: {value=//div[@id=&apos;c_articlelist_stories_2&apos;]/ul[1]/li/span[1]/a, using=xpath}] Result: [id: 0.08558070645241611-1, id: 0.08558070645241611-2, id: 0.08558070645241611-3, id: 0.08558070645241611-4, id: 0.08558070645241611-5, id: 0.08558070645241611-6, id: 0.08558070645241611-7, id: 0.08558070645241611-8, id: 0.08558070645241611-9, id: 0.08558070645241611-10, id: 0.08558070645241611-11, id: 0.08558070645241611-12, id: 0.08558070645241611-13, id: 0.08558070645241611-14, id: 0.08558070645241611-15, id: 0.08558070645241611-16, id: 0.08558070645241611-17, id: 0.08558070645241611-18, id: 0.08558070645241611-19, id: 0.08558070645241611-20, id: 0.08558070645241611-21, id: 0.08558070645241611-22, id: 0.08558070645241611-23, id: 0.08558070645241611-24, id: 0.08558070645241611-25, id: 0.08558070645241611-26, id: 0.08558070645241611-27, id: 0.08558070645241611-28, id: 0.08558070645241611-29, id: 0.08558070645241611-30, id: 0.08558070645241611-31, id: 0.08558070645241611-32, id: 0.08558070645241611-33, id: 0.08558070645241611-34, id: 0.08558070645241611-35, id: 0.08558070645241611-36, id: 0.08558070645241611-37, id: 0.08558070645241611-38, id: 0.08558070645241611-39, id: 0.08558070645241611-40, id: 0.08558070645241611-41, id: 0.08558070645241611-42, id: 0.08558070645241611-43, id: 0.08558070645241611-44, id: 0.08558070645241611-45, id: 0.08558070645241611-46, id: 0.08558070645241611-47, id: 0.08558070645241611-48, id: 0.08558070645241611-49, id: 0.08558070645241611-50, id: 0.08558070645241611-51, id: 0.08558070645241611-52, id: 0.08558070645241611-53, id: 0.08558070645241611-54, id: 0.08558070645241611-55, id: 0.08558070645241611-56, id: 0.08558070645241611-57, id: 0.08558070645241611-58, id: 0.08558070645241611-59, id: 0.08558070645241611-60, id: 0.08558070645241611-61, id: 0.08558070645241611-62, id: 0.08558070645241611-63, id: 0.08558070645241611-64, id: 0.08558070645241611-65, id: 0.08558070645241611-66, id: 0.08558070645241611-67, id: 0.08558070645241611-68, id: 0.08558070645241611-69, id: 0.08558070645241611-70, id: 0.08558070645241611-71, id: 0.08558070645241611-72, id: 0.08558070645241611-73, id: 0.08558070645241611-74, id: 0.08558070645241611-75, id: 0.08558070645241611-76, id: 0.08558070645241611-77, id: 0.08558070645241611-78, id: 0.08558070645241611-79, id: 0.08558070645241611-80, id: 0.08558070645241611-81, id: 0.08558070645241611-82, id: 0.08558070645241611-83, id: 0.08558070645241611-84, id: 0.08558070645241611-85, id: 0.08558070645241611-86, id: 0.08558070645241611-87, id: 0.08558070645241611-88, id: 0.08558070645241611-89, id: 0.08558070645241611-90, id: 0.08558070645241611-91, id: 0.08558070645241611-92, id: 0.08558070645241611-93, id: 0.08558070645241611-94, id: 0.08558070645241611-95, id: 0.08558070645241611-96]
[WebDriverCommandLogger] - Executing findElements parameters: {&quot;using&quot;:&quot;xpath&quot;,&quot;value&quot;:&quot;//div[@id=&apos;c_articlelist_stories_2&apos;]/ul[1]/li/span[1]/a&quot;}
[WebDriverCommandLogger] - command: findElements[ param-1: {value=//div[@id=&apos;c_articlelist_stories_2&apos;]/ul[1]/li/span[1]/a, using=xpath}] Result: [id: 0.08558070645241611-1, id: 0.08558070645241611-2, id: 0.08558070645241611-3, id: 0.08558070645241611-4, id: 0.08558070645241611-5, id: 0.08558070645241611-6, id: 0.08558070645241611-7, id: 0.08558070645241611-8, id: 0.08558070645241611-9, id: 0.08558070645241611-10, id: 0.08558070645241611-11, id: 0.08558070645241611-12, id: 0.08558070645241611-13, id: 0.08558070645241611-14, id: 0.08558070645241611-15, id: 0.08558070645241611-16, id: 0.08558070645241611-17, id: 0.08558070645241611-18, id: 0.08558070645241611-19, id: 0.08558070645241611-20, id: 0.08558070645241611-21, id: 0.08558070645241611-22, id: 0.08558070645241611-23, id: 0.08558070645241611-24, id: 0.08558070645241611-25, id: 0.08558070645241611-26, id: 0.08558070645241611-27, id: 0.08558070645241611-28, id: 0.08558070645241611-29, id: 0.08558070645241611-30, id: 0.08558070645241611-31, id: 0.08558070645241611-32, id: 0.08558070645241611-33, id: 0.08558070645241611-34, id: 0.08558070645241611-35, id: 0.08558070645241611-36, id: 0.08558070645241611-37, id: 0.08558070645241611-38, id: 0.08558070645241611-39, id: 0.08558070645241611-40, id: 0.08558070645241611-41, id: 0.08558070645241611-42, id: 0.08558070645241611-43, id: 0.08558070645241611-44, id: 0.08558070645241611-45, id: 0.08558070645241611-46, id: 0.08558070645241611-47, id: 0.08558070645241611-48, id: 0.08558070645241611-49, id: 0.08558070645241611-50, id: 0.08558070645241611-51, id: 0.08558070645241611-52, id: 0.08558070645241611-53, id: 0.08558070645241611-54, id: 0.08558070645241611-55, id: 0.08558070645241611-56, id: 0.08558070645241611-57, id: 0.08558070645241611-58, id: 0.08558070645241611-59, id: 0.08558070645241611-60, id: 0.08558070645241611-61, id: 0.08558070645241611-62, id: 0.08558070645241611-63, id: 0.08558070645241611-64, id: 0.08558070645241611-65, id: 0.08558070645241611-66, id: 0.08558070645241611-67, id: 0.08558070645241611-68, id: 0.08558070645241611-69, id: 0.08558070645241611-70, id: 0.08558070645241611-71, id: 0.08558070645241611-72, id: 0.08558070645241611-73, id: 0.08558070645241611-74, id: 0.08558070645241611-75, id: 0.08558070645241611-76, id: 0.08558070645241611-77, id: 0.08558070645241611-78, id: 0.08558070645241611-79, id: 0.08558070645241611-80, id: 0.08558070645241611-81, id: 0.08558070645241611-82, id: 0.08558070645241611-83, id: 0.08558070645241611-84, id: 0.08558070645241611-85, id: 0.08558070645241611-86, id: 0.08558070645241611-87, id: 0.08558070645241611-88, id: 0.08558070645241611-89, id: 0.08558070645241611-90, id: 0.08558070645241611-91, id: 0.08558070645241611-92, id: 0.08558070645241611-93, id: 0.08558070645241611-94, id: 0.08558070645241611-95, id: 0.08558070645241611-96]
[WebDriverCommandLogger] - Executing getElementText element: By.xpath: //div[@id=&apos;c_articlelist_stories_2&apos;]/ul[1]/li/span[1]/a parameters: {&quot;id&quot;:&quot;0.08558070645241611-23&quot;}
[WebDriverCommandLogger] - command: getElementText[ param-1: By.xpath: //div[@id=&apos;c_articlelist_stories_2&apos;]/ul[1]/li/span[1]/a param-2: {&quot;id&quot;:&quot;0.08558070645241611-23&quot;}] Result: getElementText:Chikalthana hospital to open by Aug 15
[WebDriverCommandLogger] - Executing findElements parameters: {&quot;using&quot;:&quot;xpath&quot;,&quot;value&quot;:&quot;//div[@id=&apos;c_articlelist_stories_2&apos;]/ul[1]/li/span[2]/span[2]&quot;}
[WebDriverCommandLogger] - command: findElements[ param-1: {value=//div[@id=&apos;c_articlelist_stories_2&apos;]/ul[1]/li/span[2]/span[2], using=xpath}] Result: [id: 0.08558070645241611-97, id: 0.08558070645241611-98, id: 0.08558070645241611-99, id: 0.08558070645241611-100, id: 0.08558070645241611-101, id: 0.08558070645241611-102, id: 0.08558070645241611-103, id: 0.08558070645241611-104, id: 0.08558070645241611-105, id: 0.08558070645241611-106, id: 0.08558070645241611-107, id: 0.08558070645241611-108, id: 0.08558070645241611-109, id: 0.08558070645241611-110, id: 0.08558070645241611-111, id: 0.08558070645241611-112, id: 0.08558070645241611-113, id: 0.08558070645241611-114, id: 0.08558070645241611-115, id: 0.08558070645241611-116, id: 0.08558070645241611-117, id: 0.08558070645241611-118, id: 0.08558070645241611-119, id: 0.08558070645241611-120, id: 0.08558070645241611-121, id: 0.08558070645241611-122, id: 0.08558070645241611-123, id: 0.08558070645241611-124, id: 0.08558070645241611-125, id: 0.08558070645241611-126, id: 0.08558070645241611-127, id: 0.08558070645241611-128, id: 0.08558070645241611-129, id: 0.08558070645241611-130, id: 0.08558070645241611-131, id: 0.08558070645241611-132, id: 0.08558070645241611-133, id: 0.08558070645241611-134, id: 0.08558070645241611-135, id: 0.08558070645241611-136, id: 0.08558070645241611-137, id: 0.08558070645241611-138, id: 0.08558070645241611-139, id: 0.08558070645241611-140, id: 0.08558070645241611-141, id: 0.08558070645241611-142, id: 0.08558070645241611-143, id: 0.08558070645241611-144, id: 0.08558070645241611-145, id: 0.08558070645241611-146, id: 0.08558070645241611-147, id: 0.08558070645241611-148, id: 0.08558070645241611-149, id: 0.08558070645241611-150, id: 0.08558070645241611-151, id: 0.08558070645241611-152, id: 0.08558070645241611-153, id: 0.08558070645241611-154, id: 0.08558070645241611-155, id: 0.08558070645241611-156, id: 0.08558070645241611-157, id: 0.08558070645241611-158, id: 0.08558070645241611-159, id: 0.08558070645241611-160, id: 0.08558070645241611-161, id: 0.08558070645241611-162, id: 0.08558070645241611-163, id: 0.08558070645241611-164, id: 0.08558070645241611-165, id: 0.08558070645241611-166, id: 0.08558070645241611-167, id: 0.08558070645241611-168, id: 0.08558070645241611-169, id: 0.08558070645241611-170, id: 0.08558070645241611-171, id: 0.08558070645241611-172, id: 0.08558070645241611-173, id: 0.08558070645241611-174, id: 0.08558070645241611-175, id: 0.08558070645241611-176, id: 0.08558070645241611-177, id: 0.08558070645241611-178, id: 0.08558070645241611-179, id: 0.08558070645241611-180, id: 0.08558070645241611-181, id: 0.08558070645241611-182, id: 0.08558070645241611-183, id: 0.08558070645241611-184, id: 0.08558070645241611-185, id: 0.08558070645241611-186, id: 0.08558070645241611-187, id: 0.08558070645241611-188, id: 0.08558070645241611-189, id: 0.08558070645241611-190, id: 0.08558070645241611-191, id: 0.08558070645241611-192]
[WebDriverCommandLogger] - Executing getElementText element: By.xpath: //div[@id=&apos;c_articlelist_stories_2&apos;]/ul[1]/li/span[2]/span[2] parameters: {&quot;id&quot;:&quot;0.08558070645241611-119&quot;}
[WebDriverCommandLogger] - command: getElementText[ param-1: By.xpath: //div[@id=&apos;c_articlelist_stories_2&apos;]/ul[1]/li/span[2]/span[2] param-2: {&quot;id&quot;:&quot;0.08558070645241611-119&quot;}] Result: getElementText:13 HOURS AGO
[WebDriverCommandLogger] - Executing findElements parameters: {&quot;using&quot;:&quot;xpath&quot;,&quot;value&quot;:&quot;//div[@id=&apos;c_articlelist_stories_2&apos;]/ul[1]/li/span[1]/a&quot;}
[WebDriverCommandLogger] - command: findElements[ param-1: {value=//div[@id=&apos;c_articlelist_stories_2&apos;]/ul[1]/li/span[1]/a, using=xpath}] Result: [id: 0.08558070645241611-1, id: 0.08558070645241611-2, id: 0.08558070645241611-3, id: 0.08558070645241611-4, id: 0.08558070645241611-5, id: 0.08558070645241611-6, id: 0.08558070645241611-7, id: 0.08558070645241611-8, id: 0.08558070645241611-9, id: 0.08558070645241611-10, id: 0.08558070645241611-11, id: 0.08558070645241611-12, id: 0.08558070645241611-13, id: 0.08558070645241611-14, id: 0.08558070645241611-15, id: 0.08558070645241611-16, id: 0.08558070645241611-17, id: 0.08558070645241611-18, id: 0.08558070645241611-19, id: 0.08558070645241611-20, id: 0.08558070645241611-21, id: 0.08558070645241611-22, id: 0.08558070645241611-23, id: 0.08558070645241611-24, id: 0.08558070645241611-25, id: 0.08558070645241611-26, id: 0.08558070645241611-27, id: 0.08558070645241611-28, id: 0.08558070645241611-29, id: 0.08558070645241611-30, id: 0.08558070645241611-31, id: 0.08558070645241611-32, id: 0.08558070645241611-33, id: 0.08558070645241611-34, id: 0.08558070645241611-35, id: 0.08558070645241611-36, id: 0.08558070645241611-37, id: 0.08558070645241611-38, id: 0.08558070645241611-39, id: 0.08558070645241611-40, id: 0.08558070645241611-41, id: 0.08558070645241611-42, id: 0.08558070645241611-43, id: 0.08558070645241611-44, id: 0.08558070645241611-45, id: 0.08558070645241611-46, id: 0.08558070645241611-47, id: 0.08558070645241611-48, id: 0.08558070645241611-49, id: 0.08558070645241611-50, id: 0.08558070645241611-51, id: 0.08558070645241611-52, id: 0.08558070645241611-53, id: 0.08558070645241611-54, id: 0.08558070645241611-55, id: 0.08558070645241611-56, id: 0.08558070645241611-57, id: 0.08558070645241611-58, id: 0.08558070645241611-59, id: 0.08558070645241611-60, id: 0.08558070645241611-61, id: 0.08558070645241611-62, id: 0.08558070645241611-63, id: 0.08558070645241611-64, id: 0.08558070645241611-65, id: 0.08558070645241611-66, id: 0.08558070645241611-67, id: 0.08558070645241611-68, id: 0.08558070645241611-69, id: 0.08558070645241611-70, id: 0.08558070645241611-71, id: 0.08558070645241611-72, id: 0.08558070645241611-73, id: 0.08558070645241611-74, id: 0.08558070645241611-75, id: 0.08558070645241611-76, id: 0.08558070645241611-77, id: 0.08558070645241611-78, id: 0.08558070645241611-79, id: 0.08558070645241611-80, id: 0.08558070645241611-81, id: 0.08558070645241611-82, id: 0.08558070645241611-83, id: 0.08558070645241611-84, id: 0.08558070645241611-85, id: 0.08558070645241611-86, id: 0.08558070645241611-87, id: 0.08558070645241611-88, id: 0.08558070645241611-89, id: 0.08558070645241611-90, id: 0.08558070645241611-91, id: 0.08558070645241611-92, id: 0.08558070645241611-93, id: 0.08558070645241611-94, id: 0.08558070645241611-95, id: 0.08558070645241611-96]
[WebDriverCommandLogger] - Executing findElements parameters: {&quot;using&quot;:&quot;xpath&quot;,&quot;value&quot;:&quot;//div[@id=&apos;c_articlelist_stories_2&apos;]/ul[1]/li/span[1]/a&quot;}
[WebDriverCommandLogger] - command: findElements[ param-1: {value=//div[@id=&apos;c_articlelist_stories_2&apos;]/ul[1]/li/span[1]/a, using=xpath}] Result: [id: 0.08558070645241611-1, id: 0.08558070645241611-2, id: 0.08558070645241611-3, id: 0.08558070645241611-4, id: 0.08558070645241611-5, id: 0.08558070645241611-6, id: 0.08558070645241611-7, id: 0.08558070645241611-8, id: 0.08558070645241611-9, id: 0.08558070645241611-10, id: 0.08558070645241611-11, id: 0.08558070645241611-12, id: 0.08558070645241611-13, id: 0.08558070645241611-14, id: 0.08558070645241611-15, id: 0.08558070645241611-16, id: 0.08558070645241611-17, id: 0.08558070645241611-18, id: 0.08558070645241611-19, id: 0.08558070645241611-20, id: 0.08558070645241611-21, id: 0.08558070645241611-22, id: 0.08558070645241611-23, id: 0.08558070645241611-24, id: 0.08558070645241611-25, id: 0.08558070645241611-26, id: 0.08558070645241611-27, id: 0.08558070645241611-28, id: 0.08558070645241611-29, id: 0.08558070645241611-30, id: 0.08558070645241611-31, id: 0.08558070645241611-32, id: 0.08558070645241611-33, id: 0.08558070645241611-34, id: 0.08558070645241611-35, id: 0.08558070645241611-36, id: 0.08558070645241611-37, id: 0.08558070645241611-38, id: 0.08558070645241611-39, id: 0.08558070645241611-40, id: 0.08558070645241611-41, id: 0.08558070645241611-42, id: 0.08558070645241611-43, id: 0.08558070645241611-44, id: 0.08558070645241611-45, id: 0.08558070645241611-46, id: 0.08558070645241611-47, id: 0.08558070645241611-48, id: 0.08558070645241611-49, id: 0.08558070645241611-50, id: 0.08558070645241611-51, id: 0.08558070645241611-52, id: 0.08558070645241611-53, id: 0.08558070645241611-54, id: 0.08558070645241611-55, id: 0.08558070645241611-56, id: 0.08558070645241611-57, id: 0.08558070645241611-58, id: 0.08558070645241611-59, id: 0.08558070645241611-60, id: 0.08558070645241611-61, id: 0.08558070645241611-62, id: 0.08558070645241611-63, id: 0.08558070645241611-64, id: 0.08558070645241611-65, id: 0.08558070645241611-66, id: 0.08558070645241611-67, id: 0.08558070645241611-68, id: 0.08558070645241611-69, id: 0.08558070645241611-70, id: 0.08558070645241611-71, id: 0.08558070645241611-72, id: 0.08558070645241611-73, id: 0.08558070645241611-74, id: 0.08558070645241611-75, id: 0.08558070645241611-76, id: 0.08558070645241611-77, id: 0.08558070645241611-78, id: 0.08558070645241611-79, id: 0.08558070645241611-80, id: 0.08558070645241611-81, id: 0.08558070645241611-82, id: 0.08558070645241611-83, id: 0.08558070645241611-84, id: 0.08558070645241611-85, id: 0.08558070645241611-86, id: 0.08558070645241611-87, id: 0.08558070645241611-88, id: 0.08558070645241611-89, id: 0.08558070645241611-90, id: 0.08558070645241611-91, id: 0.08558070645241611-92, id: 0.08558070645241611-93, id: 0.08558070645241611-94, id: 0.08558070645241611-95, id: 0.08558070645241611-96]
[WebDriverCommandLogger] - Executing getElementText element: By.xpath: //div[@id=&apos;c_articlelist_stories_2&apos;]/ul[1]/li/span[1]/a parameters: {&quot;id&quot;:&quot;0.08558070645241611-24&quot;}
[WebDriverCommandLogger] - command: getElementText[ param-1: By.xpath: //div[@id=&apos;c_articlelist_stories_2&apos;]/ul[1]/li/span[1]/a param-2: {&quot;id&quot;:&quot;0.08558070645241611-24&quot;}] Result: getElementText:Bikes torched metres away from police stn
[WebDriverCommandLogger] - Executing findElements parameters: {&quot;using&quot;:&quot;xpath&quot;,&quot;value&quot;:&quot;//div[@id=&apos;c_articlelist_stories_2&apos;]/ul[1]/li/span[2]/span[2]&quot;}
[WebDriverCommandLogger] - command: findElements[ param-1: {value=//div[@id=&apos;c_articlelist_stories_2&apos;]/ul[1]/li/span[2]/span[2], using=xpath}] Result: [id: 0.08558070645241611-97, id: 0.08558070645241611-98, id: 0.08558070645241611-99, id: 0.08558070645241611-100, id: 0.08558070645241611-101, id: 0.08558070645241611-102, id: 0.08558070645241611-103, id: 0.08558070645241611-104, id: 0.08558070645241611-105, id: 0.08558070645241611-106, id: 0.08558070645241611-107, id: 0.08558070645241611-108, id: 0.08558070645241611-109, id: 0.08558070645241611-110, id: 0.08558070645241611-111, id: 0.08558070645241611-112, id: 0.08558070645241611-113, id: 0.08558070645241611-114, id: 0.08558070645241611-115, id: 0.08558070645241611-116, id: 0.08558070645241611-117, id: 0.08558070645241611-118, id: 0.08558070645241611-119, id: 0.08558070645241611-120, id: 0.08558070645241611-121, id: 0.08558070645241611-122, id: 0.08558070645241611-123, id: 0.08558070645241611-124, id: 0.08558070645241611-125, id: 0.08558070645241611-126, id: 0.08558070645241611-127, id: 0.08558070645241611-128, id: 0.08558070645241611-129, id: 0.08558070645241611-130, id: 0.08558070645241611-131, id: 0.08558070645241611-132, id: 0.08558070645241611-133, id: 0.08558070645241611-134, id: 0.08558070645241611-135, id: 0.08558070645241611-136, id: 0.08558070645241611-137, id: 0.08558070645241611-138, id: 0.08558070645241611-139, id: 0.08558070645241611-140, id: 0.08558070645241611-141, id: 0.08558070645241611-142, id: 0.08558070645241611-143, id: 0.08558070645241611-144, id: 0.08558070645241611-145, id: 0.08558070645241611-146, id: 0.08558070645241611-147, id: 0.08558070645241611-148, id: 0.08558070645241611-149, id: 0.08558070645241611-150, id: 0.08558070645241611-151, id: 0.08558070645241611-152, id: 0.08558070645241611-153, id: 0.08558070645241611-154, id: 0.08558070645241611-155, id: 0.08558070645241611-156, id: 0.08558070645241611-157, id: 0.08558070645241611-158, id: 0.08558070645241611-159, id: 0.08558070645241611-160, id: 0.08558070645241611-161, id: 0.08558070645241611-162, id: 0.08558070645241611-163, id: 0.08558070645241611-164, id: 0.08558070645241611-165, id: 0.08558070645241611-166, id: 0.08558070645241611-167, id: 0.08558070645241611-168, id: 0.08558070645241611-169, id: 0.08558070645241611-170, id: 0.08558070645241611-171, id: 0.08558070645241611-172, id: 0.08558070645241611-173, id: 0.08558070645241611-174, id: 0.08558070645241611-175, id: 0.08558070645241611-176, id: 0.08558070645241611-177, id: 0.08558070645241611-178, id: 0.08558070645241611-179, id: 0.08558070645241611-180, id: 0.08558070645241611-181, id: 0.08558070645241611-182, id: 0.08558070645241611-183, id: 0.08558070645241611-184, id: 0.08558070645241611-185, id: 0.08558070645241611-186, id: 0.08558070645241611-187, id: 0.08558070645241611-188, id: 0.08558070645241611-189, id: 0.08558070645241611-190, id: 0.08558070645241611-191, id: 0.08558070645241611-192]
[WebDriverCommandLogger] - Executing getElementText element: By.xpath: //div[@id=&apos;c_articlelist_stories_2&apos;]/ul[1]/li/span[2]/span[2] parameters: {&quot;id&quot;:&quot;0.08558070645241611-120&quot;}
[WebDriverCommandLogger] - command: getElementText[ param-1: By.xpath: //div[@id=&apos;c_articlelist_stories_2&apos;]/ul[1]/li/span[2]/span[2] param-2: {&quot;id&quot;:&quot;0.08558070645241611-120&quot;}] Result: getElementText:13 HOURS AGO
[WebDriverCommandLogger] - Executing findElements parameters: {&quot;using&quot;:&quot;xpath&quot;,&quot;value&quot;:&quot;//div[@id=&apos;c_articlelist_stories_2&apos;]/ul[1]/li/span[1]/a&quot;}
[WebDriverCommandLogger] - command: findElements[ param-1: {value=//div[@id=&apos;c_articlelist_stories_2&apos;]/ul[1]/li/span[1]/a, using=xpath}] Result: [id: 0.08558070645241611-1, id: 0.08558070645241611-2, id: 0.08558070645241611-3, id: 0.08558070645241611-4, id: 0.08558070645241611-5, id: 0.08558070645241611-6, id: 0.08558070645241611-7, id: 0.08558070645241611-8, id: 0.08558070645241611-9, id: 0.08558070645241611-10, id: 0.08558070645241611-11, id: 0.08558070645241611-12, id: 0.08558070645241611-13, id: 0.08558070645241611-14, id: 0.08558070645241611-15, id: 0.08558070645241611-16, id: 0.08558070645241611-17, id: 0.08558070645241611-18, id: 0.08558070645241611-19, id: 0.08558070645241611-20, id: 0.08558070645241611-21, id: 0.08558070645241611-22, id: 0.08558070645241611-23, id: 0.08558070645241611-24, id: 0.08558070645241611-25, id: 0.08558070645241611-26, id: 0.08558070645241611-27, id: 0.08558070645241611-28, id: 0.08558070645241611-29, id: 0.08558070645241611-30, id: 0.08558070645241611-31, id: 0.08558070645241611-32, id: 0.08558070645241611-33, id: 0.08558070645241611-34, id: 0.08558070645241611-35, id: 0.08558070645241611-36, id: 0.08558070645241611-37, id: 0.08558070645241611-38, id: 0.08558070645241611-39, id: 0.08558070645241611-40, id: 0.08558070645241611-41, id: 0.08558070645241611-42, id: 0.08558070645241611-43, id: 0.08558070645241611-44, id: 0.08558070645241611-45, id: 0.08558070645241611-46, id: 0.08558070645241611-47, id: 0.08558070645241611-48, id: 0.08558070645241611-49, id: 0.08558070645241611-50, id: 0.08558070645241611-51, id: 0.08558070645241611-52, id: 0.08558070645241611-53, id: 0.08558070645241611-54, id: 0.08558070645241611-55, id: 0.08558070645241611-56, id: 0.08558070645241611-57, id: 0.08558070645241611-58, id: 0.08558070645241611-59, id: 0.08558070645241611-60, id: 0.08558070645241611-61, id: 0.08558070645241611-62, id: 0.08558070645241611-63, id: 0.08558070645241611-64, id: 0.08558070645241611-65, id: 0.08558070645241611-66, id: 0.08558070645241611-67, id: 0.08558070645241611-68, id: 0.08558070645241611-69, id: 0.08558070645241611-70, id: 0.08558070645241611-71, id: 0.08558070645241611-72, id: 0.08558070645241611-73, id: 0.08558070645241611-74, id: 0.08558070645241611-75, id: 0.08558070645241611-76, id: 0.08558070645241611-77, id: 0.08558070645241611-78, id: 0.08558070645241611-79, id: 0.08558070645241611-80, id: 0.08558070645241611-81, id: 0.08558070645241611-82, id: 0.08558070645241611-83, id: 0.08558070645241611-84, id: 0.08558070645241611-85, id: 0.08558070645241611-86, id: 0.08558070645241611-87, id: 0.08558070645241611-88, id: 0.08558070645241611-89, id: 0.08558070645241611-90, id: 0.08558070645241611-91, id: 0.08558070645241611-92, id: 0.08558070645241611-93, id: 0.08558070645241611-94, id: 0.08558070645241611-95, id: 0.08558070645241611-96]
[WebDriverCommandLogger] - Executing findElements parameters: {&quot;using&quot;:&quot;xpath&quot;,&quot;value&quot;:&quot;//div[@id=&apos;c_articlelist_stories_2&apos;]/ul[1]/li/span[1]/a&quot;}
[WebDriverCommandLogger] - command: findElements[ param-1: {value=//div[@id=&apos;c_articlelist_stories_2&apos;]/ul[1]/li/span[1]/a, using=xpath}] Result: [id: 0.08558070645241611-1, id: 0.08558070645241611-2, id: 0.08558070645241611-3, id: 0.08558070645241611-4, id: 0.08558070645241611-5, id: 0.08558070645241611-6, id: 0.08558070645241611-7, id: 0.08558070645241611-8, id: 0.08558070645241611-9, id: 0.08558070645241611-10, id: 0.08558070645241611-11, id: 0.08558070645241611-12, id: 0.08558070645241611-13, id: 0.08558070645241611-14, id: 0.08558070645241611-15, id: 0.08558070645241611-16, id: 0.08558070645241611-17, id: 0.08558070645241611-18, id: 0.08558070645241611-19, id: 0.08558070645241611-20, id: 0.08558070645241611-21, id: 0.08558070645241611-22, id: 0.08558070645241611-23, id: 0.08558070645241611-24, id: 0.08558070645241611-25, id: 0.08558070645241611-26, id: 0.08558070645241611-27, id: 0.08558070645241611-28, id: 0.08558070645241611-29, id: 0.08558070645241611-30, id: 0.08558070645241611-31, id: 0.08558070645241611-32, id: 0.08558070645241611-33, id: 0.08558070645241611-34, id: 0.08558070645241611-35, id: 0.08558070645241611-36, id: 0.08558070645241611-37, id: 0.08558070645241611-38, id: 0.08558070645241611-39, id: 0.08558070645241611-40, id: 0.08558070645241611-41, id: 0.08558070645241611-42, id: 0.08558070645241611-43, id: 0.08558070645241611-44, id: 0.08558070645241611-45, id: 0.08558070645241611-46, id: 0.08558070645241611-47, id: 0.08558070645241611-48, id: 0.08558070645241611-49, id: 0.08558070645241611-50, id: 0.08558070645241611-51, id: 0.08558070645241611-52, id: 0.08558070645241611-53, id: 0.08558070645241611-54, id: 0.08558070645241611-55, id: 0.08558070645241611-56, id: 0.08558070645241611-57, id: 0.08558070645241611-58, id: 0.08558070645241611-59, id: 0.08558070645241611-60, id: 0.08558070645241611-61, id: 0.08558070645241611-62, id: 0.08558070645241611-63, id: 0.08558070645241611-64, id: 0.08558070645241611-65, id: 0.08558070645241611-66, id: 0.08558070645241611-67, id: 0.08558070645241611-68, id: 0.08558070645241611-69, id: 0.08558070645241611-70, id: 0.08558070645241611-71, id: 0.08558070645241611-72, id: 0.08558070645241611-73, id: 0.08558070645241611-74, id: 0.08558070645241611-75, id: 0.08558070645241611-76, id: 0.08558070645241611-77, id: 0.08558070645241611-78, id: 0.08558070645241611-79, id: 0.08558070645241611-80, id: 0.08558070645241611-81, id: 0.08558070645241611-82, id: 0.08558070645241611-83, id: 0.08558070645241611-84, id: 0.08558070645241611-85, id: 0.08558070645241611-86, id: 0.08558070645241611-87, id: 0.08558070645241611-88, id: 0.08558070645241611-89, id: 0.08558070645241611-90, id: 0.08558070645241611-91, id: 0.08558070645241611-92, id: 0.08558070645241611-93, id: 0.08558070645241611-94, id: 0.08558070645241611-95, id: 0.08558070645241611-96]
[WebDriverCommandLogger] - Executing getElementText element: By.xpath: //div[@id=&apos;c_articlelist_stories_2&apos;]/ul[1]/li/span[1]/a parameters: {&quot;id&quot;:&quot;0.08558070645241611-25&quot;}
[WebDriverCommandLogger] - command: getElementText[ param-1: By.xpath: //div[@id=&apos;c_articlelist_stories_2&apos;]/ul[1]/li/span[1]/a param-2: {&quot;id&quot;:&quot;0.08558070645241611-25&quot;}] Result: getElementText:Police bust Koregaon Park sex racket, rescue 9 women
[WebDriverCommandLogger] - Executing findElements parameters: {&quot;using&quot;:&quot;xpath&quot;,&quot;value&quot;:&quot;//div[@id=&apos;c_articlelist_stories_2&apos;]/ul[1]/li/span[2]/span[2]&quot;}
[WebDriverCommandLogger] - command: findElements[ param-1: {value=//div[@id=&apos;c_articlelist_stories_2&apos;]/ul[1]/li/span[2]/span[2], using=xpath}] Result: [id: 0.08558070645241611-97, id: 0.08558070645241611-98, id: 0.08558070645241611-99, id: 0.08558070645241611-100, id: 0.08558070645241611-101, id: 0.08558070645241611-102, id: 0.08558070645241611-103, id: 0.08558070645241611-104, id: 0.08558070645241611-105, id: 0.08558070645241611-106, id: 0.08558070645241611-107, id: 0.08558070645241611-108, id: 0.08558070645241611-109, id: 0.08558070645241611-110, id: 0.08558070645241611-111, id: 0.08558070645241611-112, id: 0.08558070645241611-113, id: 0.08558070645241611-114, id: 0.08558070645241611-115, id: 0.08558070645241611-116, id: 0.08558070645241611-117, id: 0.08558070645241611-118, id: 0.08558070645241611-119, id: 0.08558070645241611-120, id: 0.08558070645241611-121, id: 0.08558070645241611-122, id: 0.08558070645241611-123, id: 0.08558070645241611-124, id: 0.08558070645241611-125, id: 0.08558070645241611-126, id: 0.08558070645241611-127, id: 0.08558070645241611-128, id: 0.08558070645241611-129, id: 0.08558070645241611-130, id: 0.08558070645241611-131, id: 0.08558070645241611-132, id: 0.08558070645241611-133, id: 0.08558070645241611-134, id: 0.08558070645241611-135, id: 0.08558070645241611-136, id: 0.08558070645241611-137, id: 0.08558070645241611-138, id: 0.08558070645241611-139, id: 0.08558070645241611-140, id: 0.08558070645241611-141, id: 0.08558070645241611-142, id: 0.08558070645241611-143, id: 0.08558070645241611-144, id: 0.08558070645241611-145, id: 0.08558070645241611-146, id: 0.08558070645241611-147, id: 0.08558070645241611-148, id: 0.08558070645241611-149, id: 0.08558070645241611-150, id: 0.08558070645241611-151, id: 0.08558070645241611-152, id: 0.08558070645241611-153, id: 0.08558070645241611-154, id: 0.08558070645241611-155, id: 0.08558070645241611-156, id: 0.08558070645241611-157, id: 0.08558070645241611-158, id: 0.08558070645241611-159, id: 0.08558070645241611-160, id: 0.08558070645241611-161, id: 0.08558070645241611-162, id: 0.08558070645241611-163, id: 0.08558070645241611-164, id: 0.08558070645241611-165, id: 0.08558070645241611-166, id: 0.08558070645241611-167, id: 0.08558070645241611-168, id: 0.08558070645241611-169, id: 0.08558070645241611-170, id: 0.08558070645241611-171, id: 0.08558070645241611-172, id: 0.08558070645241611-173, id: 0.08558070645241611-174, id: 0.08558070645241611-175, id: 0.08558070645241611-176, id: 0.08558070645241611-177, id: 0.08558070645241611-178, id: 0.08558070645241611-179, id: 0.08558070645241611-180, id: 0.08558070645241611-181, id: 0.08558070645241611-182, id: 0.08558070645241611-183, id: 0.08558070645241611-184, id: 0.08558070645241611-185, id: 0.08558070645241611-186, id: 0.08558070645241611-187, id: 0.08558070645241611-188, id: 0.08558070645241611-189, id: 0.08558070645241611-190, id: 0.08558070645241611-191, id: 0.08558070645241611-192]
[WebDriverCommandLogger] - Executing getElementText element: By.xpath: //div[@id=&apos;c_articlelist_stories_2&apos;]/ul[1]/li/span[2]/span[2] parameters: {&quot;id&quot;:&quot;0.08558070645241611-121&quot;}
[WebDriverCommandLogger] - command: getElementText[ param-1: By.xpath: //div[@id=&apos;c_articlelist_stories_2&apos;]/ul[1]/li/span[2]/span[2] param-2: {&quot;id&quot;:&quot;0.08558070645241611-121&quot;}] Result: getElementText:14 HOURS AGO
[WebDriverCommandLogger] - Executing findElements parameters: {&quot;using&quot;:&quot;xpath&quot;,&quot;value&quot;:&quot;//div[@id=&apos;c_articlelist_stories_2&apos;]/ul[1]/li/span[1]/a&quot;}
[WebDriverCommandLogger] - command: findElements[ param-1: {value=//div[@id=&apos;c_articlelist_stories_2&apos;]/ul[1]/li/span[1]/a, using=xpath}] Result: [id: 0.08558070645241611-1, id: 0.08558070645241611-2, id: 0.08558070645241611-3, id: 0.08558070645241611-4, id: 0.08558070645241611-5, id: 0.08558070645241611-6, id: 0.08558070645241611-7, id: 0.08558070645241611-8, id: 0.08558070645241611-9, id: 0.08558070645241611-10, id: 0.08558070645241611-11, id: 0.08558070645241611-12, id: 0.08558070645241611-13, id: 0.08558070645241611-14, id: 0.08558070645241611-15, id: 0.08558070645241611-16, id: 0.08558070645241611-17, id: 0.08558070645241611-18, id: 0.08558070645241611-19, id: 0.08558070645241611-20, id: 0.08558070645241611-21, id: 0.08558070645241611-22, id: 0.08558070645241611-23, id: 0.08558070645241611-24, id: 0.08558070645241611-25, id: 0.08558070645241611-26, id: 0.08558070645241611-27, id: 0.08558070645241611-28, id: 0.08558070645241611-29, id: 0.08558070645241611-30, id: 0.08558070645241611-31, id: 0.08558070645241611-32, id: 0.08558070645241611-33, id: 0.08558070645241611-34, id: 0.08558070645241611-35, id: 0.08558070645241611-36, id: 0.08558070645241611-37, id: 0.08558070645241611-38, id: 0.08558070645241611-39, id: 0.08558070645241611-40, id: 0.08558070645241611-41, id: 0.08558070645241611-42, id: 0.08558070645241611-43, id: 0.08558070645241611-44, id: 0.08558070645241611-45, id: 0.08558070645241611-46, id: 0.08558070645241611-47, id: 0.08558070645241611-48, id: 0.08558070645241611-49, id: 0.08558070645241611-50, id: 0.08558070645241611-51, id: 0.08558070645241611-52, id: 0.08558070645241611-53, id: 0.08558070645241611-54, id: 0.08558070645241611-55, id: 0.08558070645241611-56, id: 0.08558070645241611-57, id: 0.08558070645241611-58, id: 0.08558070645241611-59, id: 0.08558070645241611-60, id: 0.08558070645241611-61, id: 0.08558070645241611-62, id: 0.08558070645241611-63, id: 0.08558070645241611-64, id: 0.08558070645241611-65, id: 0.08558070645241611-66, id: 0.08558070645241611-67, id: 0.08558070645241611-68, id: 0.08558070645241611-69, id: 0.08558070645241611-70, id: 0.08558070645241611-71, id: 0.08558070645241611-72, id: 0.08558070645241611-73, id: 0.08558070645241611-74, id: 0.08558070645241611-75, id: 0.08558070645241611-76, id: 0.08558070645241611-77, id: 0.08558070645241611-78, id: 0.08558070645241611-79, id: 0.08558070645241611-80, id: 0.08558070645241611-81, id: 0.08558070645241611-82, id: 0.08558070645241611-83, id: 0.08558070645241611-84, id: 0.08558070645241611-85, id: 0.08558070645241611-86, id: 0.08558070645241611-87, id: 0.08558070645241611-88, id: 0.08558070645241611-89, id: 0.08558070645241611-90, id: 0.08558070645241611-91, id: 0.08558070645241611-92, id: 0.08558070645241611-93, id: 0.08558070645241611-94, id: 0.08558070645241611-95, id: 0.08558070645241611-96]
[WebDriverCommandLogger] - Executing findElements parameters: {&quot;using&quot;:&quot;xpath&quot;,&quot;value&quot;:&quot;//div[@id=&apos;c_articlelist_stories_2&apos;]/ul[1]/li/span[1]/a&quot;}
[WebDriverCommandLogger] - command: findElements[ param-1: {value=//div[@id=&apos;c_articlelist_stories_2&apos;]/ul[1]/li/span[1]/a, using=xpath}] Result: [id: 0.08558070645241611-1, id: 0.08558070645241611-2, id: 0.08558070645241611-3, id: 0.08558070645241611-4, id: 0.08558070645241611-5, id: 0.08558070645241611-6, id: 0.08558070645241611-7, id: 0.08558070645241611-8, id: 0.08558070645241611-9, id: 0.08558070645241611-10, id: 0.08558070645241611-11, id: 0.08558070645241611-12, id: 0.08558070645241611-13, id: 0.08558070645241611-14, id: 0.08558070645241611-15, id: 0.08558070645241611-16, id: 0.08558070645241611-17, id: 0.08558070645241611-18, id: 0.08558070645241611-19, id: 0.08558070645241611-20, id: 0.08558070645241611-21, id: 0.08558070645241611-22, id: 0.08558070645241611-23, id: 0.08558070645241611-24, id: 0.08558070645241611-25, id: 0.08558070645241611-26, id: 0.08558070645241611-27, id: 0.08558070645241611-28, id: 0.08558070645241611-29, id: 0.08558070645241611-30, id: 0.08558070645241611-31, id: 0.08558070645241611-32, id: 0.08558070645241611-33, id: 0.08558070645241611-34, id: 0.08558070645241611-35, id: 0.08558070645241611-36, id: 0.08558070645241611-37, id: 0.08558070645241611-38, id: 0.08558070645241611-39, id: 0.08558070645241611-40, id: 0.08558070645241611-41, id: 0.08558070645241611-42, id: 0.08558070645241611-43, id: 0.08558070645241611-44, id: 0.08558070645241611-45, id: 0.08558070645241611-46, id: 0.08558070645241611-47, id: 0.08558070645241611-48, id: 0.08558070645241611-49, id: 0.08558070645241611-50, id: 0.08558070645241611-51, id: 0.08558070645241611-52, id: 0.08558070645241611-53, id: 0.08558070645241611-54, id: 0.08558070645241611-55, id: 0.08558070645241611-56, id: 0.08558070645241611-57, id: 0.08558070645241611-58, id: 0.08558070645241611-59, id: 0.08558070645241611-60, id: 0.08558070645241611-61, id: 0.08558070645241611-62, id: 0.08558070645241611-63, id: 0.08558070645241611-64, id: 0.08558070645241611-65, id: 0.08558070645241611-66, id: 0.08558070645241611-67, id: 0.08558070645241611-68, id: 0.08558070645241611-69, id: 0.08558070645241611-70, id: 0.08558070645241611-71, id: 0.08558070645241611-72, id: 0.08558070645241611-73, id: 0.08558070645241611-74, id: 0.08558070645241611-75, id: 0.08558070645241611-76, id: 0.08558070645241611-77, id: 0.08558070645241611-78, id: 0.08558070645241611-79, id: 0.08558070645241611-80, id: 0.08558070645241611-81, id: 0.08558070645241611-82, id: 0.08558070645241611-83, id: 0.08558070645241611-84, id: 0.08558070645241611-85, id: 0.08558070645241611-86, id: 0.08558070645241611-87, id: 0.08558070645241611-88, id: 0.08558070645241611-89, id: 0.08558070645241611-90, id: 0.08558070645241611-91, id: 0.08558070645241611-92, id: 0.08558070645241611-93, id: 0.08558070645241611-94, id: 0.08558070645241611-95, id: 0.08558070645241611-96]
[WebDriverCommandLogger] - Executing getElementText element: By.xpath: //div[@id=&apos;c_articlelist_stories_2&apos;]/ul[1]/li/span[1]/a parameters: {&quot;id&quot;:&quot;0.08558070645241611-26&quot;}
[WebDriverCommandLogger] - command: getElementText[ param-1: By.xpath: //div[@id=&apos;c_articlelist_stories_2&apos;]/ul[1]/li/span[1]/a param-2: {&quot;id&quot;:&quot;0.08558070645241611-26&quot;}] Result: getElementText:Adios siesta, shops and stores scrap nap time
[WebDriverCommandLogger] - Executing findElements parameters: {&quot;using&quot;:&quot;xpath&quot;,&quot;value&quot;:&quot;//div[@id=&apos;c_articlelist_stories_2&apos;]/ul[1]/li/span[2]/span[2]&quot;}
[WebDriverCommandLogger] - command: findElements[ param-1: {value=//div[@id=&apos;c_articlelist_stories_2&apos;]/ul[1]/li/span[2]/span[2], using=xpath}] Result: [id: 0.08558070645241611-97, id: 0.08558070645241611-98, id: 0.08558070645241611-99, id: 0.08558070645241611-100, id: 0.08558070645241611-101, id: 0.08558070645241611-102, id: 0.08558070645241611-103, id: 0.08558070645241611-104, id: 0.08558070645241611-105, id: 0.08558070645241611-106, id: 0.08558070645241611-107, id: 0.08558070645241611-108, id: 0.08558070645241611-109, id: 0.08558070645241611-110, id: 0.08558070645241611-111, id: 0.08558070645241611-112, id: 0.08558070645241611-113, id: 0.08558070645241611-114, id: 0.08558070645241611-115, id: 0.08558070645241611-116, id: 0.08558070645241611-117, id: 0.08558070645241611-118, id: 0.08558070645241611-119, id: 0.08558070645241611-120, id: 0.08558070645241611-121, id: 0.08558070645241611-122, id: 0.08558070645241611-123, id: 0.08558070645241611-124, id: 0.08558070645241611-125, id: 0.08558070645241611-126, id: 0.08558070645241611-127, id: 0.08558070645241611-128, id: 0.08558070645241611-129, id: 0.08558070645241611-130, id: 0.08558070645241611-131, id: 0.08558070645241611-132, id: 0.08558070645241611-133, id: 0.08558070645241611-134, id: 0.08558070645241611-135, id: 0.08558070645241611-136, id: 0.08558070645241611-137, id: 0.08558070645241611-138, id: 0.08558070645241611-139, id: 0.08558070645241611-140, id: 0.08558070645241611-141, id: 0.08558070645241611-142, id: 0.08558070645241611-143, id: 0.08558070645241611-144, id: 0.08558070645241611-145, id: 0.08558070645241611-146, id: 0.08558070645241611-147, id: 0.08558070645241611-148, id: 0.08558070645241611-149, id: 0.08558070645241611-150, id: 0.08558070645241611-151, id: 0.08558070645241611-152, id: 0.08558070645241611-153, id: 0.08558070645241611-154, id: 0.08558070645241611-155, id: 0.08558070645241611-156, id: 0.08558070645241611-157, id: 0.08558070645241611-158, id: 0.08558070645241611-159, id: 0.08558070645241611-160, id: 0.08558070645241611-161, id: 0.08558070645241611-162, id: 0.08558070645241611-163, id: 0.08558070645241611-164, id: 0.08558070645241611-165, id: 0.08558070645241611-166, id: 0.08558070645241611-167, id: 0.08558070645241611-168, id: 0.08558070645241611-169, id: 0.08558070645241611-170, id: 0.08558070645241611-171, id: 0.08558070645241611-172, id: 0.08558070645241611-173, id: 0.08558070645241611-174, id: 0.08558070645241611-175, id: 0.08558070645241611-176, id: 0.08558070645241611-177, id: 0.08558070645241611-178, id: 0.08558070645241611-179, id: 0.08558070645241611-180, id: 0.08558070645241611-181, id: 0.08558070645241611-182, id: 0.08558070645241611-183, id: 0.08558070645241611-184, id: 0.08558070645241611-185, id: 0.08558070645241611-186, id: 0.08558070645241611-187, id: 0.08558070645241611-188, id: 0.08558070645241611-189, id: 0.08558070645241611-190, id: 0.08558070645241611-191, id: 0.08558070645241611-192]
[WebDriverCommandLogger] - Executing getElementText element: By.xpath: //div[@id=&apos;c_articlelist_stories_2&apos;]/ul[1]/li/span[2]/span[2] parameters: {&quot;id&quot;:&quot;0.08558070645241611-122&quot;}
[WebDriverCommandLogger] - command: getElementText[ param-1: By.xpath: //div[@id=&apos;c_articlelist_stories_2&apos;]/ul[1]/li/span[2]/span[2] param-2: {&quot;id&quot;:&quot;0.08558070645241611-122&quot;}] Result: getElementText:17 HOURS AGO
[WebDriverCommandLogger] - Executing findElements parameters: {&quot;using&quot;:&quot;xpath&quot;,&quot;value&quot;:&quot;//div[@id=&apos;c_articlelist_stories_2&apos;]/ul[1]/li/span[1]/a&quot;}
[WebDriverCommandLogger] - command: findElements[ param-1: {value=//div[@id=&apos;c_articlelist_stories_2&apos;]/ul[1]/li/span[1]/a, using=xpath}] Result: [id: 0.08558070645241611-1, id: 0.08558070645241611-2, id: 0.08558070645241611-3, id: 0.08558070645241611-4, id: 0.08558070645241611-5, id: 0.08558070645241611-6, id: 0.08558070645241611-7, id: 0.08558070645241611-8, id: 0.08558070645241611-9, id: 0.08558070645241611-10, id: 0.08558070645241611-11, id: 0.08558070645241611-12, id: 0.08558070645241611-13, id: 0.08558070645241611-14, id: 0.08558070645241611-15, id: 0.08558070645241611-16, id: 0.08558070645241611-17, id: 0.08558070645241611-18, id: 0.08558070645241611-19, id: 0.08558070645241611-20, id: 0.08558070645241611-21, id: 0.08558070645241611-22, id: 0.08558070645241611-23, id: 0.08558070645241611-24, id: 0.08558070645241611-25, id: 0.08558070645241611-26, id: 0.08558070645241611-27, id: 0.08558070645241611-28, id: 0.08558070645241611-29, id: 0.08558070645241611-30, id: 0.08558070645241611-31, id: 0.08558070645241611-32, id: 0.08558070645241611-33, id: 0.08558070645241611-34, id: 0.08558070645241611-35, id: 0.08558070645241611-36, id: 0.08558070645241611-37, id: 0.08558070645241611-38, id: 0.08558070645241611-39, id: 0.08558070645241611-40, id: 0.08558070645241611-41, id: 0.08558070645241611-42, id: 0.08558070645241611-43, id: 0.08558070645241611-44, id: 0.08558070645241611-45, id: 0.08558070645241611-46, id: 0.08558070645241611-47, id: 0.08558070645241611-48, id: 0.08558070645241611-49, id: 0.08558070645241611-50, id: 0.08558070645241611-51, id: 0.08558070645241611-52, id: 0.08558070645241611-53, id: 0.08558070645241611-54, id: 0.08558070645241611-55, id: 0.08558070645241611-56, id: 0.08558070645241611-57, id: 0.08558070645241611-58, id: 0.08558070645241611-59, id: 0.08558070645241611-60, id: 0.08558070645241611-61, id: 0.08558070645241611-62, id: 0.08558070645241611-63, id: 0.08558070645241611-64, id: 0.08558070645241611-65, id: 0.08558070645241611-66, id: 0.08558070645241611-67, id: 0.08558070645241611-68, id: 0.08558070645241611-69, id: 0.08558070645241611-70, id: 0.08558070645241611-71, id: 0.08558070645241611-72, id: 0.08558070645241611-73, id: 0.08558070645241611-74, id: 0.08558070645241611-75, id: 0.08558070645241611-76, id: 0.08558070645241611-77, id: 0.08558070645241611-78, id: 0.08558070645241611-79, id: 0.08558070645241611-80, id: 0.08558070645241611-81, id: 0.08558070645241611-82, id: 0.08558070645241611-83, id: 0.08558070645241611-84, id: 0.08558070645241611-85, id: 0.08558070645241611-86, id: 0.08558070645241611-87, id: 0.08558070645241611-88, id: 0.08558070645241611-89, id: 0.08558070645241611-90, id: 0.08558070645241611-91, id: 0.08558070645241611-92, id: 0.08558070645241611-93, id: 0.08558070645241611-94, id: 0.08558070645241611-95, id: 0.08558070645241611-96]
[WebDriverCommandLogger] - Executing findElements parameters: {&quot;using&quot;:&quot;xpath&quot;,&quot;value&quot;:&quot;//div[@id=&apos;c_articlelist_stories_2&apos;]/ul[1]/li/span[1]/a&quot;}
[WebDriverCommandLogger] - command: findElements[ param-1: {value=//div[@id=&apos;c_articlelist_stories_2&apos;]/ul[1]/li/span[1]/a, using=xpath}] Result: [id: 0.08558070645241611-1, id: 0.08558070645241611-2, id: 0.08558070645241611-3, id: 0.08558070645241611-4, id: 0.08558070645241611-5, id: 0.08558070645241611-6, id: 0.08558070645241611-7, id: 0.08558070645241611-8, id: 0.08558070645241611-9, id: 0.08558070645241611-10, id: 0.08558070645241611-11, id: 0.08558070645241611-12, id: 0.08558070645241611-13, id: 0.08558070645241611-14, id: 0.08558070645241611-15, id: 0.08558070645241611-16, id: 0.08558070645241611-17, id: 0.08558070645241611-18, id: 0.08558070645241611-19, id: 0.08558070645241611-20, id: 0.08558070645241611-21, id: 0.08558070645241611-22, id: 0.08558070645241611-23, id: 0.08558070645241611-24, id: 0.08558070645241611-25, id: 0.08558070645241611-26, id: 0.08558070645241611-27, id: 0.08558070645241611-28, id: 0.08558070645241611-29, id: 0.08558070645241611-30, id: 0.08558070645241611-31, id: 0.08558070645241611-32, id: 0.08558070645241611-33, id: 0.08558070645241611-34, id: 0.08558070645241611-35, id: 0.08558070645241611-36, id: 0.08558070645241611-37, id: 0.08558070645241611-38, id: 0.08558070645241611-39, id: 0.08558070645241611-40, id: 0.08558070645241611-41, id: 0.08558070645241611-42, id: 0.08558070645241611-43, id: 0.08558070645241611-44, id: 0.08558070645241611-45, id: 0.08558070645241611-46, id: 0.08558070645241611-47, id: 0.08558070645241611-48, id: 0.08558070645241611-49, id: 0.08558070645241611-50, id: 0.08558070645241611-51, id: 0.08558070645241611-52, id: 0.08558070645241611-53, id: 0.08558070645241611-54, id: 0.08558070645241611-55, id: 0.08558070645241611-56, id: 0.08558070645241611-57, id: 0.08558070645241611-58, id: 0.08558070645241611-59, id: 0.08558070645241611-60, id: 0.08558070645241611-61, id: 0.08558070645241611-62, id: 0.08558070645241611-63, id: 0.08558070645241611-64, id: 0.08558070645241611-65, id: 0.08558070645241611-66, id: 0.08558070645241611-67, id: 0.08558070645241611-68, id: 0.08558070645241611-69, id: 0.08558070645241611-70, id: 0.08558070645241611-71, id: 0.08558070645241611-72, id: 0.08558070645241611-73, id: 0.08558070645241611-74, id: 0.08558070645241611-75, id: 0.08558070645241611-76, id: 0.08558070645241611-77, id: 0.08558070645241611-78, id: 0.08558070645241611-79, id: 0.08558070645241611-80, id: 0.08558070645241611-81, id: 0.08558070645241611-82, id: 0.08558070645241611-83, id: 0.08558070645241611-84, id: 0.08558070645241611-85, id: 0.08558070645241611-86, id: 0.08558070645241611-87, id: 0.08558070645241611-88, id: 0.08558070645241611-89, id: 0.08558070645241611-90, id: 0.08558070645241611-91, id: 0.08558070645241611-92, id: 0.08558070645241611-93, id: 0.08558070645241611-94, id: 0.08558070645241611-95, id: 0.08558070645241611-96]
[WebDriverCommandLogger] - Executing getElementText element: By.xpath: //div[@id=&apos;c_articlelist_stories_2&apos;]/ul[1]/li/span[1]/a parameters: {&quot;id&quot;:&quot;0.08558070645241611-27&quot;}
[WebDriverCommandLogger] - command: getElementText[ param-1: By.xpath: //div[@id=&apos;c_articlelist_stories_2&apos;]/ul[1]/li/span[1]/a param-2: {&quot;id&quot;:&quot;0.08558070645241611-27&quot;}] Result: getElementText:Adios siesta, shops &amp; stores scrap nap time
[WebDriverCommandLogger] - Executing findElements parameters: {&quot;using&quot;:&quot;xpath&quot;,&quot;value&quot;:&quot;//div[@id=&apos;c_articlelist_stories_2&apos;]/ul[1]/li/span[2]/span[2]&quot;}
[WebDriverCommandLogger] - command: findElements[ param-1: {value=//div[@id=&apos;c_articlelist_stories_2&apos;]/ul[1]/li/span[2]/span[2], using=xpath}] Result: [id: 0.08558070645241611-97, id: 0.08558070645241611-98, id: 0.08558070645241611-99, id: 0.08558070645241611-100, id: 0.08558070645241611-101, id: 0.08558070645241611-102, id: 0.08558070645241611-103, id: 0.08558070645241611-104, id: 0.08558070645241611-105, id: 0.08558070645241611-106, id: 0.08558070645241611-107, id: 0.08558070645241611-108, id: 0.08558070645241611-109, id: 0.08558070645241611-110, id: 0.08558070645241611-111, id: 0.08558070645241611-112, id: 0.08558070645241611-113, id: 0.08558070645241611-114, id: 0.08558070645241611-115, id: 0.08558070645241611-116, id: 0.08558070645241611-117, id: 0.08558070645241611-118, id: 0.08558070645241611-119, id: 0.08558070645241611-120, id: 0.08558070645241611-121, id: 0.08558070645241611-122, id: 0.08558070645241611-123, id: 0.08558070645241611-124, id: 0.08558070645241611-125, id: 0.08558070645241611-126, id: 0.08558070645241611-127, id: 0.08558070645241611-128, id: 0.08558070645241611-129, id: 0.08558070645241611-130, id: 0.08558070645241611-131, id: 0.08558070645241611-132, id: 0.08558070645241611-133, id: 0.08558070645241611-134, id: 0.08558070645241611-135, id: 0.08558070645241611-136, id: 0.08558070645241611-137, id: 0.08558070645241611-138, id: 0.08558070645241611-139, id: 0.08558070645241611-140, id: 0.08558070645241611-141, id: 0.08558070645241611-142, id: 0.08558070645241611-143, id: 0.08558070645241611-144, id: 0.08558070645241611-145, id: 0.08558070645241611-146, id: 0.08558070645241611-147, id: 0.08558070645241611-148, id: 0.08558070645241611-149, id: 0.08558070645241611-150, id: 0.08558070645241611-151, id: 0.08558070645241611-152, id: 0.08558070645241611-153, id: 0.08558070645241611-154, id: 0.08558070645241611-155, id: 0.08558070645241611-156, id: 0.08558070645241611-157, id: 0.08558070645241611-158, id: 0.08558070645241611-159, id: 0.08558070645241611-160, id: 0.08558070645241611-161, id: 0.08558070645241611-162, id: 0.08558070645241611-163, id: 0.08558070645241611-164, id: 0.08558070645241611-165, id: 0.08558070645241611-166, id: 0.08558070645241611-167, id: 0.08558070645241611-168, id: 0.08558070645241611-169, id: 0.08558070645241611-170, id: 0.08558070645241611-171, id: 0.08558070645241611-172, id: 0.08558070645241611-173, id: 0.08558070645241611-174, id: 0.08558070645241611-175, id: 0.08558070645241611-176, id: 0.08558070645241611-177, id: 0.08558070645241611-178, id: 0.08558070645241611-179, id: 0.08558070645241611-180, id: 0.08558070645241611-181, id: 0.08558070645241611-182, id: 0.08558070645241611-183, id: 0.08558070645241611-184, id: 0.08558070645241611-185, id: 0.08558070645241611-186, id: 0.08558070645241611-187, id: 0.08558070645241611-188, id: 0.08558070645241611-189, id: 0.08558070645241611-190, id: 0.08558070645241611-191, id: 0.08558070645241611-192]
[WebDriverCommandLogger] - Executing getElementText element: By.xpath: //div[@id=&apos;c_articlelist_stories_2&apos;]/ul[1]/li/span[2]/span[2] parameters: {&quot;id&quot;:&quot;0.08558070645241611-123&quot;}
[WebDriverCommandLogger] - command: getElementText[ param-1: By.xpath: //div[@id=&apos;c_articlelist_stories_2&apos;]/ul[1]/li/span[2]/span[2] param-2: {&quot;id&quot;:&quot;0.08558070645241611-123&quot;}] Result: getElementText:17 HOURS AGO
[WebDriverCommandLogger] - Executing findElements parameters: {&quot;using&quot;:&quot;xpath&quot;,&quot;value&quot;:&quot;//div[@id=&apos;c_articlelist_stories_2&apos;]/ul[1]/li/span[1]/a&quot;}
[WebDriverCommandLogger] - command: findElements[ param-1: {value=//div[@id=&apos;c_articlelist_stories_2&apos;]/ul[1]/li/span[1]/a, using=xpath}] Result: [id: 0.08558070645241611-1, id: 0.08558070645241611-2, id: 0.08558070645241611-3, id: 0.08558070645241611-4, id: 0.08558070645241611-5, id: 0.08558070645241611-6, id: 0.08558070645241611-7, id: 0.08558070645241611-8, id: 0.08558070645241611-9, id: 0.08558070645241611-10, id: 0.08558070645241611-11, id: 0.08558070645241611-12, id: 0.08558070645241611-13, id: 0.08558070645241611-14, id: 0.08558070645241611-15, id: 0.08558070645241611-16, id: 0.08558070645241611-17, id: 0.08558070645241611-18, id: 0.08558070645241611-19, id: 0.08558070645241611-20, id: 0.08558070645241611-21, id: 0.08558070645241611-22, id: 0.08558070645241611-23, id: 0.08558070645241611-24, id: 0.08558070645241611-25, id: 0.08558070645241611-26, id: 0.08558070645241611-27, id: 0.08558070645241611-28, id: 0.08558070645241611-29, id: 0.08558070645241611-30, id: 0.08558070645241611-31, id: 0.08558070645241611-32, id: 0.08558070645241611-33, id: 0.08558070645241611-34, id: 0.08558070645241611-35, id: 0.08558070645241611-36, id: 0.08558070645241611-37, id: 0.08558070645241611-38, id: 0.08558070645241611-39, id: 0.08558070645241611-40, id: 0.08558070645241611-41, id: 0.08558070645241611-42, id: 0.08558070645241611-43, id: 0.08558070645241611-44, id: 0.08558070645241611-45, id: 0.08558070645241611-46, id: 0.08558070645241611-47, id: 0.08558070645241611-48, id: 0.08558070645241611-49, id: 0.08558070645241611-50, id: 0.08558070645241611-51, id: 0.08558070645241611-52, id: 0.08558070645241611-53, id: 0.08558070645241611-54, id: 0.08558070645241611-55, id: 0.08558070645241611-56, id: 0.08558070645241611-57, id: 0.08558070645241611-58, id: 0.08558070645241611-59, id: 0.08558070645241611-60, id: 0.08558070645241611-61, id: 0.08558070645241611-62, id: 0.08558070645241611-63, id: 0.08558070645241611-64, id: 0.08558070645241611-65, id: 0.08558070645241611-66, id: 0.08558070645241611-67, id: 0.08558070645241611-68, id: 0.08558070645241611-69, id: 0.08558070645241611-70, id: 0.08558070645241611-71, id: 0.08558070645241611-72, id: 0.08558070645241611-73, id: 0.08558070645241611-74, id: 0.08558070645241611-75, id: 0.08558070645241611-76, id: 0.08558070645241611-77, id: 0.08558070645241611-78, id: 0.08558070645241611-79, id: 0.08558070645241611-80, id: 0.08558070645241611-81, id: 0.08558070645241611-82, id: 0.08558070645241611-83, id: 0.08558070645241611-84, id: 0.08558070645241611-85, id: 0.08558070645241611-86, id: 0.08558070645241611-87, id: 0.08558070645241611-88, id: 0.08558070645241611-89, id: 0.08558070645241611-90, id: 0.08558070645241611-91, id: 0.08558070645241611-92, id: 0.08558070645241611-93, id: 0.08558070645241611-94, id: 0.08558070645241611-95, id: 0.08558070645241611-96]
[WebDriverCommandLogger] - Executing findElements parameters: {&quot;using&quot;:&quot;xpath&quot;,&quot;value&quot;:&quot;//div[@id=&apos;c_articlelist_stories_2&apos;]/ul[1]/li/span[1]/a&quot;}
[WebDriverCommandLogger] - command: findElements[ param-1: {value=//div[@id=&apos;c_articlelist_stories_2&apos;]/ul[1]/li/span[1]/a, using=xpath}] Result: [id: 0.08558070645241611-1, id: 0.08558070645241611-2, id: 0.08558070645241611-3, id: 0.08558070645241611-4, id: 0.08558070645241611-5, id: 0.08558070645241611-6, id: 0.08558070645241611-7, id: 0.08558070645241611-8, id: 0.08558070645241611-9, id: 0.08558070645241611-10, id: 0.08558070645241611-11, id: 0.08558070645241611-12, id: 0.08558070645241611-13, id: 0.08558070645241611-14, id: 0.08558070645241611-15, id: 0.08558070645241611-16, id: 0.08558070645241611-17, id: 0.08558070645241611-18, id: 0.08558070645241611-19, id: 0.08558070645241611-20, id: 0.08558070645241611-21, id: 0.08558070645241611-22, id: 0.08558070645241611-23, id: 0.08558070645241611-24, id: 0.08558070645241611-25, id: 0.08558070645241611-26, id: 0.08558070645241611-27, id: 0.08558070645241611-28, id: 0.08558070645241611-29, id: 0.08558070645241611-30, id: 0.08558070645241611-31, id: 0.08558070645241611-32, id: 0.08558070645241611-33, id: 0.08558070645241611-34, id: 0.08558070645241611-35, id: 0.08558070645241611-36, id: 0.08558070645241611-37, id: 0.08558070645241611-38, id: 0.08558070645241611-39, id: 0.08558070645241611-40, id: 0.08558070645241611-41, id: 0.08558070645241611-42, id: 0.08558070645241611-43, id: 0.08558070645241611-44, id: 0.08558070645241611-45, id: 0.08558070645241611-46, id: 0.08558070645241611-47, id: 0.08558070645241611-48, id: 0.08558070645241611-49, id: 0.08558070645241611-50, id: 0.08558070645241611-51, id: 0.08558070645241611-52, id: 0.08558070645241611-53, id: 0.08558070645241611-54, id: 0.08558070645241611-55, id: 0.08558070645241611-56, id: 0.08558070645241611-57, id: 0.08558070645241611-58, id: 0.08558070645241611-59, id: 0.08558070645241611-60, id: 0.08558070645241611-61, id: 0.08558070645241611-62, id: 0.08558070645241611-63, id: 0.08558070645241611-64, id: 0.08558070645241611-65, id: 0.08558070645241611-66, id: 0.08558070645241611-67, id: 0.08558070645241611-68, id: 0.08558070645241611-69, id: 0.08558070645241611-70, id: 0.08558070645241611-71, id: 0.08558070645241611-72, id: 0.08558070645241611-73, id: 0.08558070645241611-74, id: 0.08558070645241611-75, id: 0.08558070645241611-76, id: 0.08558070645241611-77, id: 0.08558070645241611-78, id: 0.08558070645241611-79, id: 0.08558070645241611-80, id: 0.08558070645241611-81, id: 0.08558070645241611-82, id: 0.08558070645241611-83, id: 0.08558070645241611-84, id: 0.08558070645241611-85, id: 0.08558070645241611-86, id: 0.08558070645241611-87, id: 0.08558070645241611-88, id: 0.08558070645241611-89, id: 0.08558070645241611-90, id: 0.08558070645241611-91, id: 0.08558070645241611-92, id: 0.08558070645241611-93, id: 0.08558070645241611-94, id: 0.08558070645241611-95, id: 0.08558070645241611-96]
[WebDriverCommandLogger] - Executing getElementText element: By.xpath: //div[@id=&apos;c_articlelist_stories_2&apos;]/ul[1]/li/span[1]/a parameters: {&quot;id&quot;:&quot;0.08558070645241611-28&quot;}
[WebDriverCommandLogger] - command: getElementText[ param-1: By.xpath: //div[@id=&apos;c_articlelist_stories_2&apos;]/ul[1]/li/span[1]/a param-2: {&quot;id&quot;:&quot;0.08558070645241611-28&quot;}] Result: getElementText:International conference on Physics at SPPU
[WebDriverCommandLogger] - Executing findElements parameters: {&quot;using&quot;:&quot;xpath&quot;,&quot;value&quot;:&quot;//div[@id=&apos;c_articlelist_stories_2&apos;]/ul[1]/li/span[2]/span[2]&quot;}
[WebDriverCommandLogger] - command: findElements[ param-1: {value=//div[@id=&apos;c_articlelist_stories_2&apos;]/ul[1]/li/span[2]/span[2], using=xpath}] Result: [id: 0.08558070645241611-97, id: 0.08558070645241611-98, id: 0.08558070645241611-99, id: 0.08558070645241611-100, id: 0.08558070645241611-101, id: 0.08558070645241611-102, id: 0.08558070645241611-103, id: 0.08558070645241611-104, id: 0.08558070645241611-105, id: 0.08558070645241611-106, id: 0.08558070645241611-107, id: 0.08558070645241611-108, id: 0.08558070645241611-109, id: 0.08558070645241611-110, id: 0.08558070645241611-111, id: 0.08558070645241611-112, id: 0.08558070645241611-113, id: 0.08558070645241611-114, id: 0.08558070645241611-115, id: 0.08558070645241611-116, id: 0.08558070645241611-117, id: 0.08558070645241611-118, id: 0.08558070645241611-119, id: 0.08558070645241611-120, id: 0.08558070645241611-121, id: 0.08558070645241611-122, id: 0.08558070645241611-123, id: 0.08558070645241611-124, id: 0.08558070645241611-125, id: 0.08558070645241611-126, id: 0.08558070645241611-127, id: 0.08558070645241611-128, id: 0.08558070645241611-129, id: 0.08558070645241611-130, id: 0.08558070645241611-131, id: 0.08558070645241611-132, id: 0.08558070645241611-133, id: 0.08558070645241611-134, id: 0.08558070645241611-135, id: 0.08558070645241611-136, id: 0.08558070645241611-137, id: 0.08558070645241611-138, id: 0.08558070645241611-139, id: 0.08558070645241611-140, id: 0.08558070645241611-141, id: 0.08558070645241611-142, id: 0.08558070645241611-143, id: 0.08558070645241611-144, id: 0.08558070645241611-145, id: 0.08558070645241611-146, id: 0.08558070645241611-147, id: 0.08558070645241611-148, id: 0.08558070645241611-149, id: 0.08558070645241611-150, id: 0.08558070645241611-151, id: 0.08558070645241611-152, id: 0.08558070645241611-153, id: 0.08558070645241611-154, id: 0.08558070645241611-155, id: 0.08558070645241611-156, id: 0.08558070645241611-157, id: 0.08558070645241611-158, id: 0.08558070645241611-159, id: 0.08558070645241611-160, id: 0.08558070645241611-161, id: 0.08558070645241611-162, id: 0.08558070645241611-163, id: 0.08558070645241611-164, id: 0.08558070645241611-165, id: 0.08558070645241611-166, id: 0.08558070645241611-167, id: 0.08558070645241611-168, id: 0.08558070645241611-169, id: 0.08558070645241611-170, id: 0.08558070645241611-171, id: 0.08558070645241611-172, id: 0.08558070645241611-173, id: 0.08558070645241611-174, id: 0.08558070645241611-175, id: 0.08558070645241611-176, id: 0.08558070645241611-177, id: 0.08558070645241611-178, id: 0.08558070645241611-179, id: 0.08558070645241611-180, id: 0.08558070645241611-181, id: 0.08558070645241611-182, id: 0.08558070645241611-183, id: 0.08558070645241611-184, id: 0.08558070645241611-185, id: 0.08558070645241611-186, id: 0.08558070645241611-187, id: 0.08558070645241611-188, id: 0.08558070645241611-189, id: 0.08558070645241611-190, id: 0.08558070645241611-191, id: 0.08558070645241611-192]
[WebDriverCommandLogger] - Executing getElementText element: By.xpath: //div[@id=&apos;c_articlelist_stories_2&apos;]/ul[1]/li/span[2]/span[2] parameters: {&quot;id&quot;:&quot;0.08558070645241611-124&quot;}
[WebDriverCommandLogger] - command: getElementText[ param-1: By.xpath: //div[@id=&apos;c_articlelist_stories_2&apos;]/ul[1]/li/span[2]/span[2] param-2: {&quot;id&quot;:&quot;0.08558070645241611-124&quot;}] Result: getElementText:19 HOURS AGO
[WebDriverCommandLogger] - Executing findElements parameters: {&quot;using&quot;:&quot;xpath&quot;,&quot;value&quot;:&quot;//div[@id=&apos;c_articlelist_stories_2&apos;]/ul[1]/li/span[1]/a&quot;}
[WebDriverCommandLogger] - command: findElements[ param-1: {value=//div[@id=&apos;c_articlelist_stories_2&apos;]/ul[1]/li/span[1]/a, using=xpath}] Result: [id: 0.08558070645241611-1, id: 0.08558070645241611-2, id: 0.08558070645241611-3, id: 0.08558070645241611-4, id: 0.08558070645241611-5, id: 0.08558070645241611-6, id: 0.08558070645241611-7, id: 0.08558070645241611-8, id: 0.08558070645241611-9, id: 0.08558070645241611-10, id: 0.08558070645241611-11, id: 0.08558070645241611-12, id: 0.08558070645241611-13, id: 0.08558070645241611-14, id: 0.08558070645241611-15, id: 0.08558070645241611-16, id: 0.08558070645241611-17, id: 0.08558070645241611-18, id: 0.08558070645241611-19, id: 0.08558070645241611-20, id: 0.08558070645241611-21, id: 0.08558070645241611-22, id: 0.08558070645241611-23, id: 0.08558070645241611-24, id: 0.08558070645241611-25, id: 0.08558070645241611-26, id: 0.08558070645241611-27, id: 0.08558070645241611-28, id: 0.08558070645241611-29, id: 0.08558070645241611-30, id: 0.08558070645241611-31, id: 0.08558070645241611-32, id: 0.08558070645241611-33, id: 0.08558070645241611-34, id: 0.08558070645241611-35, id: 0.08558070645241611-36, id: 0.08558070645241611-37, id: 0.08558070645241611-38, id: 0.08558070645241611-39, id: 0.08558070645241611-40, id: 0.08558070645241611-41, id: 0.08558070645241611-42, id: 0.08558070645241611-43, id: 0.08558070645241611-44, id: 0.08558070645241611-45, id: 0.08558070645241611-46, id: 0.08558070645241611-47, id: 0.08558070645241611-48, id: 0.08558070645241611-49, id: 0.08558070645241611-50, id: 0.08558070645241611-51, id: 0.08558070645241611-52, id: 0.08558070645241611-53, id: 0.08558070645241611-54, id: 0.08558070645241611-55, id: 0.08558070645241611-56, id: 0.08558070645241611-57, id: 0.08558070645241611-58, id: 0.08558070645241611-59, id: 0.08558070645241611-60, id: 0.08558070645241611-61, id: 0.08558070645241611-62, id: 0.08558070645241611-63, id: 0.08558070645241611-64, id: 0.08558070645241611-65, id: 0.08558070645241611-66, id: 0.08558070645241611-67, id: 0.08558070645241611-68, id: 0.08558070645241611-69, id: 0.08558070645241611-70, id: 0.08558070645241611-71, id: 0.08558070645241611-72, id: 0.08558070645241611-73, id: 0.08558070645241611-74, id: 0.08558070645241611-75, id: 0.08558070645241611-76, id: 0.08558070645241611-77, id: 0.08558070645241611-78, id: 0.08558070645241611-79, id: 0.08558070645241611-80, id: 0.08558070645241611-81, id: 0.08558070645241611-82, id: 0.08558070645241611-83, id: 0.08558070645241611-84, id: 0.08558070645241611-85, id: 0.08558070645241611-86, id: 0.08558070645241611-87, id: 0.08558070645241611-88, id: 0.08558070645241611-89, id: 0.08558070645241611-90, id: 0.08558070645241611-91, id: 0.08558070645241611-92, id: 0.08558070645241611-93, id: 0.08558070645241611-94, id: 0.08558070645241611-95, id: 0.08558070645241611-96]
[WebDriverCommandLogger] - Executing findElements parameters: {&quot;using&quot;:&quot;xpath&quot;,&quot;value&quot;:&quot;//div[@id=&apos;c_articlelist_stories_2&apos;]/ul[1]/li/span[1]/a&quot;}
[WebDriverCommandLogger] - command: findElements[ param-1: {value=//div[@id=&apos;c_articlelist_stories_2&apos;]/ul[1]/li/span[1]/a, using=xpath}] Result: [id: 0.08558070645241611-1, id: 0.08558070645241611-2, id: 0.08558070645241611-3, id: 0.08558070645241611-4, id: 0.08558070645241611-5, id: 0.08558070645241611-6, id: 0.08558070645241611-7, id: 0.08558070645241611-8, id: 0.08558070645241611-9, id: 0.08558070645241611-10, id: 0.08558070645241611-11, id: 0.08558070645241611-12, id: 0.08558070645241611-13, id: 0.08558070645241611-14, id: 0.08558070645241611-15, id: 0.08558070645241611-16, id: 0.08558070645241611-17, id: 0.08558070645241611-18, id: 0.08558070645241611-19, id: 0.08558070645241611-20, id: 0.08558070645241611-21, id: 0.08558070645241611-22, id: 0.08558070645241611-23, id: 0.08558070645241611-24, id: 0.08558070645241611-25, id: 0.08558070645241611-26, id: 0.08558070645241611-27, id: 0.08558070645241611-28, id: 0.08558070645241611-29, id: 0.08558070645241611-30, id: 0.08558070645241611-31, id: 0.08558070645241611-32, id: 0.08558070645241611-33, id: 0.08558070645241611-34, id: 0.08558070645241611-35, id: 0.08558070645241611-36, id: 0.08558070645241611-37, id: 0.08558070645241611-38, id: 0.08558070645241611-39, id: 0.08558070645241611-40, id: 0.08558070645241611-41, id: 0.08558070645241611-42, id: 0.08558070645241611-43, id: 0.08558070645241611-44, id: 0.08558070645241611-45, id: 0.08558070645241611-46, id: 0.08558070645241611-47, id: 0.08558070645241611-48, id: 0.08558070645241611-49, id: 0.08558070645241611-50, id: 0.08558070645241611-51, id: 0.08558070645241611-52, id: 0.08558070645241611-53, id: 0.08558070645241611-54, id: 0.08558070645241611-55, id: 0.08558070645241611-56, id: 0.08558070645241611-57, id: 0.08558070645241611-58, id: 0.08558070645241611-59, id: 0.08558070645241611-60, id: 0.08558070645241611-61, id: 0.08558070645241611-62, id: 0.08558070645241611-63, id: 0.08558070645241611-64, id: 0.08558070645241611-65, id: 0.08558070645241611-66, id: 0.08558070645241611-67, id: 0.08558070645241611-68, id: 0.08558070645241611-69, id: 0.08558070645241611-70, id: 0.08558070645241611-71, id: 0.08558070645241611-72, id: 0.08558070645241611-73, id: 0.08558070645241611-74, id: 0.08558070645241611-75, id: 0.08558070645241611-76, id: 0.08558070645241611-77, id: 0.08558070645241611-78, id: 0.08558070645241611-79, id: 0.08558070645241611-80, id: 0.08558070645241611-81, id: 0.08558070645241611-82, id: 0.08558070645241611-83, id: 0.08558070645241611-84, id: 0.08558070645241611-85, id: 0.08558070645241611-86, id: 0.08558070645241611-87, id: 0.08558070645241611-88, id: 0.08558070645241611-89, id: 0.08558070645241611-90, id: 0.08558070645241611-91, id: 0.08558070645241611-92, id: 0.08558070645241611-93, id: 0.08558070645241611-94, id: 0.08558070645241611-95, id: 0.08558070645241611-96]
[WebDriverCommandLogger] - Executing getElementText element: By.xpath: //div[@id=&apos;c_articlelist_stories_2&apos;]/ul[1]/li/span[1]/a parameters: {&quot;id&quot;:&quot;0.08558070645241611-29&quot;}
[WebDriverCommandLogger] - command: getElementText[ param-1: By.xpath: //div[@id=&apos;c_articlelist_stories_2&apos;]/ul[1]/li/span[1]/a param-2: {&quot;id&quot;:&quot;0.08558070645241611-29&quot;}] Result: getElementText:‘I asked a girl for her number on my first day of college!’
[WebDriverCommandLogger] - Executing findElements parameters: {&quot;using&quot;:&quot;xpath&quot;,&quot;value&quot;:&quot;//div[@id=&apos;c_articlelist_stories_2&apos;]/ul[1]/li/span[2]/span[2]&quot;}
[WebDriverCommandLogger] - command: findElements[ param-1: {value=//div[@id=&apos;c_articlelist_stories_2&apos;]/ul[1]/li/span[2]/span[2], using=xpath}] Result: [id: 0.08558070645241611-97, id: 0.08558070645241611-98, id: 0.08558070645241611-99, id: 0.08558070645241611-100, id: 0.08558070645241611-101, id: 0.08558070645241611-102, id: 0.08558070645241611-103, id: 0.08558070645241611-104, id: 0.08558070645241611-105, id: 0.08558070645241611-106, id: 0.08558070645241611-107, id: 0.08558070645241611-108, id: 0.08558070645241611-109, id: 0.08558070645241611-110, id: 0.08558070645241611-111, id: 0.08558070645241611-112, id: 0.08558070645241611-113, id: 0.08558070645241611-114, id: 0.08558070645241611-115, id: 0.08558070645241611-116, id: 0.08558070645241611-117, id: 0.08558070645241611-118, id: 0.08558070645241611-119, id: 0.08558070645241611-120, id: 0.08558070645241611-121, id: 0.08558070645241611-122, id: 0.08558070645241611-123, id: 0.08558070645241611-124, id: 0.08558070645241611-125, id: 0.08558070645241611-126, id: 0.08558070645241611-127, id: 0.08558070645241611-128, id: 0.08558070645241611-129, id: 0.08558070645241611-130, id: 0.08558070645241611-131, id: 0.08558070645241611-132, id: 0.08558070645241611-133, id: 0.08558070645241611-134, id: 0.08558070645241611-135, id: 0.08558070645241611-136, id: 0.08558070645241611-137, id: 0.08558070645241611-138, id: 0.08558070645241611-139, id: 0.08558070645241611-140, id: 0.08558070645241611-141, id: 0.08558070645241611-142, id: 0.08558070645241611-143, id: 0.08558070645241611-144, id: 0.08558070645241611-145, id: 0.08558070645241611-146, id: 0.08558070645241611-147, id: 0.08558070645241611-148, id: 0.08558070645241611-149, id: 0.08558070645241611-150, id: 0.08558070645241611-151, id: 0.08558070645241611-152, id: 0.08558070645241611-153, id: 0.08558070645241611-154, id: 0.08558070645241611-155, id: 0.08558070645241611-156, id: 0.08558070645241611-157, id: 0.08558070645241611-158, id: 0.08558070645241611-159, id: 0.08558070645241611-160, id: 0.08558070645241611-161, id: 0.08558070645241611-162, id: 0.08558070645241611-163, id: 0.08558070645241611-164, id: 0.08558070645241611-165, id: 0.08558070645241611-166, id: 0.08558070645241611-167, id: 0.08558070645241611-168, id: 0.08558070645241611-169, id: 0.08558070645241611-170, id: 0.08558070645241611-171, id: 0.08558070645241611-172, id: 0.08558070645241611-173, id: 0.08558070645241611-174, id: 0.08558070645241611-175, id: 0.08558070645241611-176, id: 0.08558070645241611-177, id: 0.08558070645241611-178, id: 0.08558070645241611-179, id: 0.08558070645241611-180, id: 0.08558070645241611-181, id: 0.08558070645241611-182, id: 0.08558070645241611-183, id: 0.08558070645241611-184, id: 0.08558070645241611-185, id: 0.08558070645241611-186, id: 0.08558070645241611-187, id: 0.08558070645241611-188, id: 0.08558070645241611-189, id: 0.08558070645241611-190, id: 0.08558070645241611-191, id: 0.08558070645241611-192]
[WebDriverCommandLogger] - Executing getElementText element: By.xpath: //div[@id=&apos;c_articlelist_stories_2&apos;]/ul[1]/li/span[2]/span[2] parameters: {&quot;id&quot;:&quot;0.08558070645241611-125&quot;}
[WebDriverCommandLogger] - command: getElementText[ param-1: By.xpath: //div[@id=&apos;c_articlelist_stories_2&apos;]/ul[1]/li/span[2]/span[2] param-2: {&quot;id&quot;:&quot;0.08558070645241611-125&quot;}] Result: getElementText:19 HOURS AGO
[WebDriverCommandLogger] - Executing findElements parameters: {&quot;using&quot;:&quot;xpath&quot;,&quot;value&quot;:&quot;//div[@id=&apos;c_articlelist_stories_2&apos;]/ul[1]/li/span[1]/a&quot;}
[WebDriverCommandLogger] - command: findElements[ param-1: {value=//div[@id=&apos;c_articlelist_stories_2&apos;]/ul[1]/li/span[1]/a, using=xpath}] Result: [id: 0.08558070645241611-1, id: 0.08558070645241611-2, id: 0.08558070645241611-3, id: 0.08558070645241611-4, id: 0.08558070645241611-5, id: 0.08558070645241611-6, id: 0.08558070645241611-7, id: 0.08558070645241611-8, id: 0.08558070645241611-9, id: 0.08558070645241611-10, id: 0.08558070645241611-11, id: 0.08558070645241611-12, id: 0.08558070645241611-13, id: 0.08558070645241611-14, id: 0.08558070645241611-15, id: 0.08558070645241611-16, id: 0.08558070645241611-17, id: 0.08558070645241611-18, id: 0.08558070645241611-19, id: 0.08558070645241611-20, id: 0.08558070645241611-21, id: 0.08558070645241611-22, id: 0.08558070645241611-23, id: 0.08558070645241611-24, id: 0.08558070645241611-25, id: 0.08558070645241611-26, id: 0.08558070645241611-27, id: 0.08558070645241611-28, id: 0.08558070645241611-29, id: 0.08558070645241611-30, id: 0.08558070645241611-31, id: 0.08558070645241611-32, id: 0.08558070645241611-33, id: 0.08558070645241611-34, id: 0.08558070645241611-35, id: 0.08558070645241611-36, id: 0.08558070645241611-37, id: 0.08558070645241611-38, id: 0.08558070645241611-39, id: 0.08558070645241611-40, id: 0.08558070645241611-41, id: 0.08558070645241611-42, id: 0.08558070645241611-43, id: 0.08558070645241611-44, id: 0.08558070645241611-45, id: 0.08558070645241611-46, id: 0.08558070645241611-47, id: 0.08558070645241611-48, id: 0.08558070645241611-49, id: 0.08558070645241611-50, id: 0.08558070645241611-51, id: 0.08558070645241611-52, id: 0.08558070645241611-53, id: 0.08558070645241611-54, id: 0.08558070645241611-55, id: 0.08558070645241611-56, id: 0.08558070645241611-57, id: 0.08558070645241611-58, id: 0.08558070645241611-59, id: 0.08558070645241611-60, id: 0.08558070645241611-61, id: 0.08558070645241611-62, id: 0.08558070645241611-63, id: 0.08558070645241611-64, id: 0.08558070645241611-65, id: 0.08558070645241611-66, id: 0.08558070645241611-67, id: 0.08558070645241611-68, id: 0.08558070645241611-69, id: 0.08558070645241611-70, id: 0.08558070645241611-71, id: 0.08558070645241611-72, id: 0.08558070645241611-73, id: 0.08558070645241611-74, id: 0.08558070645241611-75, id: 0.08558070645241611-76, id: 0.08558070645241611-77, id: 0.08558070645241611-78, id: 0.08558070645241611-79, id: 0.08558070645241611-80, id: 0.08558070645241611-81, id: 0.08558070645241611-82, id: 0.08558070645241611-83, id: 0.08558070645241611-84, id: 0.08558070645241611-85, id: 0.08558070645241611-86, id: 0.08558070645241611-87, id: 0.08558070645241611-88, id: 0.08558070645241611-89, id: 0.08558070645241611-90, id: 0.08558070645241611-91, id: 0.08558070645241611-92, id: 0.08558070645241611-93, id: 0.08558070645241611-94, id: 0.08558070645241611-95, id: 0.08558070645241611-96]
[WebDriverCommandLogger] - Executing findElements parameters: {&quot;using&quot;:&quot;xpath&quot;,&quot;value&quot;:&quot;//div[@id=&apos;c_articlelist_stories_2&apos;]/ul[1]/li/span[1]/a&quot;}
[WebDriverCommandLogger] - command: findElements[ param-1: {value=//div[@id=&apos;c_articlelist_stories_2&apos;]/ul[1]/li/span[1]/a, using=xpath}] Result: [id: 0.08558070645241611-1, id: 0.08558070645241611-2, id: 0.08558070645241611-3, id: 0.08558070645241611-4, id: 0.08558070645241611-5, id: 0.08558070645241611-6, id: 0.08558070645241611-7, id: 0.08558070645241611-8, id: 0.08558070645241611-9, id: 0.08558070645241611-10, id: 0.08558070645241611-11, id: 0.08558070645241611-12, id: 0.08558070645241611-13, id: 0.08558070645241611-14, id: 0.08558070645241611-15, id: 0.08558070645241611-16, id: 0.08558070645241611-17, id: 0.08558070645241611-18, id: 0.08558070645241611-19, id: 0.08558070645241611-20, id: 0.08558070645241611-21, id: 0.08558070645241611-22, id: 0.08558070645241611-23, id: 0.08558070645241611-24, id: 0.08558070645241611-25, id: 0.08558070645241611-26, id: 0.08558070645241611-27, id: 0.08558070645241611-28, id: 0.08558070645241611-29, id: 0.08558070645241611-30, id: 0.08558070645241611-31, id: 0.08558070645241611-32, id: 0.08558070645241611-33, id: 0.08558070645241611-34, id: 0.08558070645241611-35, id: 0.08558070645241611-36, id: 0.08558070645241611-37, id: 0.08558070645241611-38, id: 0.08558070645241611-39, id: 0.08558070645241611-40, id: 0.08558070645241611-41, id: 0.08558070645241611-42, id: 0.08558070645241611-43, id: 0.08558070645241611-44, id: 0.08558070645241611-45, id: 0.08558070645241611-46, id: 0.08558070645241611-47, id: 0.08558070645241611-48, id: 0.08558070645241611-49, id: 0.08558070645241611-50, id: 0.08558070645241611-51, id: 0.08558070645241611-52, id: 0.08558070645241611-53, id: 0.08558070645241611-54, id: 0.08558070645241611-55, id: 0.08558070645241611-56, id: 0.08558070645241611-57, id: 0.08558070645241611-58, id: 0.08558070645241611-59, id: 0.08558070645241611-60, id: 0.08558070645241611-61, id: 0.08558070645241611-62, id: 0.08558070645241611-63, id: 0.08558070645241611-64, id: 0.08558070645241611-65, id: 0.08558070645241611-66, id: 0.08558070645241611-67, id: 0.08558070645241611-68, id: 0.08558070645241611-69, id: 0.08558070645241611-70, id: 0.08558070645241611-71, id: 0.08558070645241611-72, id: 0.08558070645241611-73, id: 0.08558070645241611-74, id: 0.08558070645241611-75, id: 0.08558070645241611-76, id: 0.08558070645241611-77, id: 0.08558070645241611-78, id: 0.08558070645241611-79, id: 0.08558070645241611-80, id: 0.08558070645241611-81, id: 0.08558070645241611-82, id: 0.08558070645241611-83, id: 0.08558070645241611-84, id: 0.08558070645241611-85, id: 0.08558070645241611-86, id: 0.08558070645241611-87, id: 0.08558070645241611-88, id: 0.08558070645241611-89, id: 0.08558070645241611-90, id: 0.08558070645241611-91, id: 0.08558070645241611-92, id: 0.08558070645241611-93, id: 0.08558070645241611-94, id: 0.08558070645241611-95, id: 0.08558070645241611-96]
[WebDriverCommandLogger] - Executing getElementText element: By.xpath: //div[@id=&apos;c_articlelist_stories_2&apos;]/ul[1]/li/span[1]/a parameters: {&quot;id&quot;:&quot;0.08558070645241611-30&quot;}
[WebDriverCommandLogger] - command: getElementText[ param-1: By.xpath: //div[@id=&apos;c_articlelist_stories_2&apos;]/ul[1]/li/span[1]/a param-2: {&quot;id&quot;:&quot;0.08558070645241611-30&quot;}] Result: getElementText:Lonavala vehicle-free, Mulshi and Tamhini jammed
[WebDriverCommandLogger] - Executing findElements parameters: {&quot;using&quot;:&quot;xpath&quot;,&quot;value&quot;:&quot;//div[@id=&apos;c_articlelist_stories_2&apos;]/ul[1]/li/span[2]/span[2]&quot;}
[WebDriverCommandLogger] - command: findElements[ param-1: {value=//div[@id=&apos;c_articlelist_stories_2&apos;]/ul[1]/li/span[2]/span[2], using=xpath}] Result: [id: 0.08558070645241611-97, id: 0.08558070645241611-98, id: 0.08558070645241611-99, id: 0.08558070645241611-100, id: 0.08558070645241611-101, id: 0.08558070645241611-102, id: 0.08558070645241611-103, id: 0.08558070645241611-104, id: 0.08558070645241611-105, id: 0.08558070645241611-106, id: 0.08558070645241611-107, id: 0.08558070645241611-108, id: 0.08558070645241611-109, id: 0.08558070645241611-110, id: 0.08558070645241611-111, id: 0.08558070645241611-112, id: 0.08558070645241611-113, id: 0.08558070645241611-114, id: 0.08558070645241611-115, id: 0.08558070645241611-116, id: 0.08558070645241611-117, id: 0.08558070645241611-118, id: 0.08558070645241611-119, id: 0.08558070645241611-120, id: 0.08558070645241611-121, id: 0.08558070645241611-122, id: 0.08558070645241611-123, id: 0.08558070645241611-124, id: 0.08558070645241611-125, id: 0.08558070645241611-126, id: 0.08558070645241611-127, id: 0.08558070645241611-128, id: 0.08558070645241611-129, id: 0.08558070645241611-130, id: 0.08558070645241611-131, id: 0.08558070645241611-132, id: 0.08558070645241611-133, id: 0.08558070645241611-134, id: 0.08558070645241611-135, id: 0.08558070645241611-136, id: 0.08558070645241611-137, id: 0.08558070645241611-138, id: 0.08558070645241611-139, id: 0.08558070645241611-140, id: 0.08558070645241611-141, id: 0.08558070645241611-142, id: 0.08558070645241611-143, id: 0.08558070645241611-144, id: 0.08558070645241611-145, id: 0.08558070645241611-146, id: 0.08558070645241611-147, id: 0.08558070645241611-148, id: 0.08558070645241611-149, id: 0.08558070645241611-150, id: 0.08558070645241611-151, id: 0.08558070645241611-152, id: 0.08558070645241611-153, id: 0.08558070645241611-154, id: 0.08558070645241611-155, id: 0.08558070645241611-156, id: 0.08558070645241611-157, id: 0.08558070645241611-158, id: 0.08558070645241611-159, id: 0.08558070645241611-160, id: 0.08558070645241611-161, id: 0.08558070645241611-162, id: 0.08558070645241611-163, id: 0.08558070645241611-164, id: 0.08558070645241611-165, id: 0.08558070645241611-166, id: 0.08558070645241611-167, id: 0.08558070645241611-168, id: 0.08558070645241611-169, id: 0.08558070645241611-170, id: 0.08558070645241611-171, id: 0.08558070645241611-172, id: 0.08558070645241611-173, id: 0.08558070645241611-174, id: 0.08558070645241611-175, id: 0.08558070645241611-176, id: 0.08558070645241611-177, id: 0.08558070645241611-178, id: 0.08558070645241611-179, id: 0.08558070645241611-180, id: 0.08558070645241611-181, id: 0.08558070645241611-182, id: 0.08558070645241611-183, id: 0.08558070645241611-184, id: 0.08558070645241611-185, id: 0.08558070645241611-186, id: 0.08558070645241611-187, id: 0.08558070645241611-188, id: 0.08558070645241611-189, id: 0.08558070645241611-190, id: 0.08558070645241611-191, id: 0.08558070645241611-192]
[WebDriverCommandLogger] - Executing getElementText element: By.xpath: //div[@id=&apos;c_articlelist_stories_2&apos;]/ul[1]/li/span[2]/span[2] parameters: {&quot;id&quot;:&quot;0.08558070645241611-126&quot;}
[WebDriverCommandLogger] - command: getElementText[ param-1: By.xpath: //div[@id=&apos;c_articlelist_stories_2&apos;]/ul[1]/li/span[2]/span[2] param-2: {&quot;id&quot;:&quot;0.08558070645241611-126&quot;}] Result: getElementText:22 HOURS AGO
[WebDriverCommandLogger] - Executing findElements parameters: {&quot;using&quot;:&quot;xpath&quot;,&quot;value&quot;:&quot;//div[@id=&apos;c_articlelist_stories_2&apos;]/ul[1]/li/span[1]/a&quot;}
[WebDriverCommandLogger] - command: findElements[ param-1: {value=//div[@id=&apos;c_articlelist_stories_2&apos;]/ul[1]/li/span[1]/a, using=xpath}] Result: [id: 0.08558070645241611-1, id: 0.08558070645241611-2, id: 0.08558070645241611-3, id: 0.08558070645241611-4, id: 0.08558070645241611-5, id: 0.08558070645241611-6, id: 0.08558070645241611-7, id: 0.08558070645241611-8, id: 0.08558070645241611-9, id: 0.08558070645241611-10, id: 0.08558070645241611-11, id: 0.08558070645241611-12, id: 0.08558070645241611-13, id: 0.08558070645241611-14, id: 0.08558070645241611-15, id: 0.08558070645241611-16, id: 0.08558070645241611-17, id: 0.08558070645241611-18, id: 0.08558070645241611-19, id: 0.08558070645241611-20, id: 0.08558070645241611-21, id: 0.08558070645241611-22, id: 0.08558070645241611-23, id: 0.08558070645241611-24, id: 0.08558070645241611-25, id: 0.08558070645241611-26, id: 0.08558070645241611-27, id: 0.08558070645241611-28, id: 0.08558070645241611-29, id: 0.08558070645241611-30, id: 0.08558070645241611-31, id: 0.08558070645241611-32, id: 0.08558070645241611-33, id: 0.08558070645241611-34, id: 0.08558070645241611-35, id: 0.08558070645241611-36, id: 0.08558070645241611-37, id: 0.08558070645241611-38, id: 0.08558070645241611-39, id: 0.08558070645241611-40, id: 0.08558070645241611-41, id: 0.08558070645241611-42, id: 0.08558070645241611-43, id: 0.08558070645241611-44, id: 0.08558070645241611-45, id: 0.08558070645241611-46, id: 0.08558070645241611-47, id: 0.08558070645241611-48, id: 0.08558070645241611-49, id: 0.08558070645241611-50, id: 0.08558070645241611-51, id: 0.08558070645241611-52, id: 0.08558070645241611-53, id: 0.08558070645241611-54, id: 0.08558070645241611-55, id: 0.08558070645241611-56, id: 0.08558070645241611-57, id: 0.08558070645241611-58, id: 0.08558070645241611-59, id: 0.08558070645241611-60, id: 0.08558070645241611-61, id: 0.08558070645241611-62, id: 0.08558070645241611-63, id: 0.08558070645241611-64, id: 0.08558070645241611-65, id: 0.08558070645241611-66, id: 0.08558070645241611-67, id: 0.08558070645241611-68, id: 0.08558070645241611-69, id: 0.08558070645241611-70, id: 0.08558070645241611-71, id: 0.08558070645241611-72, id: 0.08558070645241611-73, id: 0.08558070645241611-74, id: 0.08558070645241611-75, id: 0.08558070645241611-76, id: 0.08558070645241611-77, id: 0.08558070645241611-78, id: 0.08558070645241611-79, id: 0.08558070645241611-80, id: 0.08558070645241611-81, id: 0.08558070645241611-82, id: 0.08558070645241611-83, id: 0.08558070645241611-84, id: 0.08558070645241611-85, id: 0.08558070645241611-86, id: 0.08558070645241611-87, id: 0.08558070645241611-88, id: 0.08558070645241611-89, id: 0.08558070645241611-90, id: 0.08558070645241611-91, id: 0.08558070645241611-92, id: 0.08558070645241611-93, id: 0.08558070645241611-94, id: 0.08558070645241611-95, id: 0.08558070645241611-96]
[WebDriverCommandLogger] - Executing findElements parameters: {&quot;using&quot;:&quot;xpath&quot;,&quot;value&quot;:&quot;//div[@id=&apos;c_articlelist_stories_2&apos;]/ul[1]/li/span[1]/a&quot;}
[WebDriverCommandLogger] - command: findElements[ param-1: {value=//div[@id=&apos;c_articlelist_stories_2&apos;]/ul[1]/li/span[1]/a, using=xpath}] Result: [id: 0.08558070645241611-1, id: 0.08558070645241611-2, id: 0.08558070645241611-3, id: 0.08558070645241611-4, id: 0.08558070645241611-5, id: 0.08558070645241611-6, id: 0.08558070645241611-7, id: 0.08558070645241611-8, id: 0.08558070645241611-9, id: 0.08558070645241611-10, id: 0.08558070645241611-11, id: 0.08558070645241611-12, id: 0.08558070645241611-13, id: 0.08558070645241611-14, id: 0.08558070645241611-15, id: 0.08558070645241611-16, id: 0.08558070645241611-17, id: 0.08558070645241611-18, id: 0.08558070645241611-19, id: 0.08558070645241611-20, id: 0.08558070645241611-21, id: 0.08558070645241611-22, id: 0.08558070645241611-23, id: 0.08558070645241611-24, id: 0.08558070645241611-25, id: 0.08558070645241611-26, id: 0.08558070645241611-27, id: 0.08558070645241611-28, id: 0.08558070645241611-29, id: 0.08558070645241611-30, id: 0.08558070645241611-31, id: 0.08558070645241611-32, id: 0.08558070645241611-33, id: 0.08558070645241611-34, id: 0.08558070645241611-35, id: 0.08558070645241611-36, id: 0.08558070645241611-37, id: 0.08558070645241611-38, id: 0.08558070645241611-39, id: 0.08558070645241611-40, id: 0.08558070645241611-41, id: 0.08558070645241611-42, id: 0.08558070645241611-43, id: 0.08558070645241611-44, id: 0.08558070645241611-45, id: 0.08558070645241611-46, id: 0.08558070645241611-47, id: 0.08558070645241611-48, id: 0.08558070645241611-49, id: 0.08558070645241611-50, id: 0.08558070645241611-51, id: 0.08558070645241611-52, id: 0.08558070645241611-53, id: 0.08558070645241611-54, id: 0.08558070645241611-55, id: 0.08558070645241611-56, id: 0.08558070645241611-57, id: 0.08558070645241611-58, id: 0.08558070645241611-59, id: 0.08558070645241611-60, id: 0.08558070645241611-61, id: 0.08558070645241611-62, id: 0.08558070645241611-63, id: 0.08558070645241611-64, id: 0.08558070645241611-65, id: 0.08558070645241611-66, id: 0.08558070645241611-67, id: 0.08558070645241611-68, id: 0.08558070645241611-69, id: 0.08558070645241611-70, id: 0.08558070645241611-71, id: 0.08558070645241611-72, id: 0.08558070645241611-73, id: 0.08558070645241611-74, id: 0.08558070645241611-75, id: 0.08558070645241611-76, id: 0.08558070645241611-77, id: 0.08558070645241611-78, id: 0.08558070645241611-79, id: 0.08558070645241611-80, id: 0.08558070645241611-81, id: 0.08558070645241611-82, id: 0.08558070645241611-83, id: 0.08558070645241611-84, id: 0.08558070645241611-85, id: 0.08558070645241611-86, id: 0.08558070645241611-87, id: 0.08558070645241611-88, id: 0.08558070645241611-89, id: 0.08558070645241611-90, id: 0.08558070645241611-91, id: 0.08558070645241611-92, id: 0.08558070645241611-93, id: 0.08558070645241611-94, id: 0.08558070645241611-95, id: 0.08558070645241611-96]
[WebDriverCommandLogger] - Executing getElementText element: By.xpath: //div[@id=&apos;c_articlelist_stories_2&apos;]/ul[1]/li/span[1]/a parameters: {&quot;id&quot;:&quot;0.08558070645241611-31&quot;}
[WebDriverCommandLogger] - command: getElementText[ param-1: By.xpath: //div[@id=&apos;c_articlelist_stories_2&apos;]/ul[1]/li/span[1]/a param-2: {&quot;id&quot;:&quot;0.08558070645241611-31&quot;}] Result: getElementText:Renowned cartoonist Mangesh Tendulkar dies in Pune
[WebDriverCommandLogger] - Executing findElements parameters: {&quot;using&quot;:&quot;xpath&quot;,&quot;value&quot;:&quot;//div[@id=&apos;c_articlelist_stories_2&apos;]/ul[1]/li/span[2]/span[2]&quot;}
[WebDriverCommandLogger] - command: findElements[ param-1: {value=//div[@id=&apos;c_articlelist_stories_2&apos;]/ul[1]/li/span[2]/span[2], using=xpath}] Result: [id: 0.08558070645241611-97, id: 0.08558070645241611-98, id: 0.08558070645241611-99, id: 0.08558070645241611-100, id: 0.08558070645241611-101, id: 0.08558070645241611-102, id: 0.08558070645241611-103, id: 0.08558070645241611-104, id: 0.08558070645241611-105, id: 0.08558070645241611-106, id: 0.08558070645241611-107, id: 0.08558070645241611-108, id: 0.08558070645241611-109, id: 0.08558070645241611-110, id: 0.08558070645241611-111, id: 0.08558070645241611-112, id: 0.08558070645241611-113, id: 0.08558070645241611-114, id: 0.08558070645241611-115, id: 0.08558070645241611-116, id: 0.08558070645241611-117, id: 0.08558070645241611-118, id: 0.08558070645241611-119, id: 0.08558070645241611-120, id: 0.08558070645241611-121, id: 0.08558070645241611-122, id: 0.08558070645241611-123, id: 0.08558070645241611-124, id: 0.08558070645241611-125, id: 0.08558070645241611-126, id: 0.08558070645241611-127, id: 0.08558070645241611-128, id: 0.08558070645241611-129, id: 0.08558070645241611-130, id: 0.08558070645241611-131, id: 0.08558070645241611-132, id: 0.08558070645241611-133, id: 0.08558070645241611-134, id: 0.08558070645241611-135, id: 0.08558070645241611-136, id: 0.08558070645241611-137, id: 0.08558070645241611-138, id: 0.08558070645241611-139, id: 0.08558070645241611-140, id: 0.08558070645241611-141, id: 0.08558070645241611-142, id: 0.08558070645241611-143, id: 0.08558070645241611-144, id: 0.08558070645241611-145, id: 0.08558070645241611-146, id: 0.08558070645241611-147, id: 0.08558070645241611-148, id: 0.08558070645241611-149, id: 0.08558070645241611-150, id: 0.08558070645241611-151, id: 0.08558070645241611-152, id: 0.08558070645241611-153, id: 0.08558070645241611-154, id: 0.08558070645241611-155, id: 0.08558070645241611-156, id: 0.08558070645241611-157, id: 0.08558070645241611-158, id: 0.08558070645241611-159, id: 0.08558070645241611-160, id: 0.08558070645241611-161, id: 0.08558070645241611-162, id: 0.08558070645241611-163, id: 0.08558070645241611-164, id: 0.08558070645241611-165, id: 0.08558070645241611-166, id: 0.08558070645241611-167, id: 0.08558070645241611-168, id: 0.08558070645241611-169, id: 0.08558070645241611-170, id: 0.08558070645241611-171, id: 0.08558070645241611-172, id: 0.08558070645241611-173, id: 0.08558070645241611-174, id: 0.08558070645241611-175, id: 0.08558070645241611-176, id: 0.08558070645241611-177, id: 0.08558070645241611-178, id: 0.08558070645241611-179, id: 0.08558070645241611-180, id: 0.08558070645241611-181, id: 0.08558070645241611-182, id: 0.08558070645241611-183, id: 0.08558070645241611-184, id: 0.08558070645241611-185, id: 0.08558070645241611-186, id: 0.08558070645241611-187, id: 0.08558070645241611-188, id: 0.08558070645241611-189, id: 0.08558070645241611-190, id: 0.08558070645241611-191, id: 0.08558070645241611-192]
[WebDriverCommandLogger] - Executing getElementText element: By.xpath: //div[@id=&apos;c_articlelist_stories_2&apos;]/ul[1]/li/span[2]/span[2] parameters: {&quot;id&quot;:&quot;0.08558070645241611-127&quot;}
[WebDriverCommandLogger] - command: getElementText[ param-1: By.xpath: //div[@id=&apos;c_articlelist_stories_2&apos;]/ul[1]/li/span[2]/span[2] param-2: {&quot;id&quot;:&quot;0.08558070645241611-127&quot;}] Result: getElementText:23 HOURS AGO
[WebDriverCommandLogger] - Executing findElements parameters: {&quot;using&quot;:&quot;xpath&quot;,&quot;value&quot;:&quot;//div[@id=&apos;c_articlelist_stories_2&apos;]/ul[1]/li/span[1]/a&quot;}
[WebDriverCommandLogger] - command: findElements[ param-1: {value=//div[@id=&apos;c_articlelist_stories_2&apos;]/ul[1]/li/span[1]/a, using=xpath}] Result: [id: 0.08558070645241611-1, id: 0.08558070645241611-2, id: 0.08558070645241611-3, id: 0.08558070645241611-4, id: 0.08558070645241611-5, id: 0.08558070645241611-6, id: 0.08558070645241611-7, id: 0.08558070645241611-8, id: 0.08558070645241611-9, id: 0.08558070645241611-10, id: 0.08558070645241611-11, id: 0.08558070645241611-12, id: 0.08558070645241611-13, id: 0.08558070645241611-14, id: 0.08558070645241611-15, id: 0.08558070645241611-16, id: 0.08558070645241611-17, id: 0.08558070645241611-18, id: 0.08558070645241611-19, id: 0.08558070645241611-20, id: 0.08558070645241611-21, id: 0.08558070645241611-22, id: 0.08558070645241611-23, id: 0.08558070645241611-24, id: 0.08558070645241611-25, id: 0.08558070645241611-26, id: 0.08558070645241611-27, id: 0.08558070645241611-28, id: 0.08558070645241611-29, id: 0.08558070645241611-30, id: 0.08558070645241611-31, id: 0.08558070645241611-32, id: 0.08558070645241611-33, id: 0.08558070645241611-34, id: 0.08558070645241611-35, id: 0.08558070645241611-36, id: 0.08558070645241611-37, id: 0.08558070645241611-38, id: 0.08558070645241611-39, id: 0.08558070645241611-40, id: 0.08558070645241611-41, id: 0.08558070645241611-42, id: 0.08558070645241611-43, id: 0.08558070645241611-44, id: 0.08558070645241611-45, id: 0.08558070645241611-46, id: 0.08558070645241611-47, id: 0.08558070645241611-48, id: 0.08558070645241611-49, id: 0.08558070645241611-50, id: 0.08558070645241611-51, id: 0.08558070645241611-52, id: 0.08558070645241611-53, id: 0.08558070645241611-54, id: 0.08558070645241611-55, id: 0.08558070645241611-56, id: 0.08558070645241611-57, id: 0.08558070645241611-58, id: 0.08558070645241611-59, id: 0.08558070645241611-60, id: 0.08558070645241611-61, id: 0.08558070645241611-62, id: 0.08558070645241611-63, id: 0.08558070645241611-64, id: 0.08558070645241611-65, id: 0.08558070645241611-66, id: 0.08558070645241611-67, id: 0.08558070645241611-68, id: 0.08558070645241611-69, id: 0.08558070645241611-70, id: 0.08558070645241611-71, id: 0.08558070645241611-72, id: 0.08558070645241611-73, id: 0.08558070645241611-74, id: 0.08558070645241611-75, id: 0.08558070645241611-76, id: 0.08558070645241611-77, id: 0.08558070645241611-78, id: 0.08558070645241611-79, id: 0.08558070645241611-80, id: 0.08558070645241611-81, id: 0.08558070645241611-82, id: 0.08558070645241611-83, id: 0.08558070645241611-84, id: 0.08558070645241611-85, id: 0.08558070645241611-86, id: 0.08558070645241611-87, id: 0.08558070645241611-88, id: 0.08558070645241611-89, id: 0.08558070645241611-90, id: 0.08558070645241611-91, id: 0.08558070645241611-92, id: 0.08558070645241611-93, id: 0.08558070645241611-94, id: 0.08558070645241611-95, id: 0.08558070645241611-96]
[WebDriverCommandLogger] - Executing findElements parameters: {&quot;using&quot;:&quot;xpath&quot;,&quot;value&quot;:&quot;//div[@id=&apos;c_articlelist_stories_2&apos;]/ul[1]/li/span[1]/a&quot;}
[WebDriverCommandLogger] - command: findElements[ param-1: {value=//div[@id=&apos;c_articlelist_stories_2&apos;]/ul[1]/li/span[1]/a, using=xpath}] Result: [id: 0.08558070645241611-1, id: 0.08558070645241611-2, id: 0.08558070645241611-3, id: 0.08558070645241611-4, id: 0.08558070645241611-5, id: 0.08558070645241611-6, id: 0.08558070645241611-7, id: 0.08558070645241611-8, id: 0.08558070645241611-9, id: 0.08558070645241611-10, id: 0.08558070645241611-11, id: 0.08558070645241611-12, id: 0.08558070645241611-13, id: 0.08558070645241611-14, id: 0.08558070645241611-15, id: 0.08558070645241611-16, id: 0.08558070645241611-17, id: 0.08558070645241611-18, id: 0.08558070645241611-19, id: 0.08558070645241611-20, id: 0.08558070645241611-21, id: 0.08558070645241611-22, id: 0.08558070645241611-23, id: 0.08558070645241611-24, id: 0.08558070645241611-25, id: 0.08558070645241611-26, id: 0.08558070645241611-27, id: 0.08558070645241611-28, id: 0.08558070645241611-29, id: 0.08558070645241611-30, id: 0.08558070645241611-31, id: 0.08558070645241611-32, id: 0.08558070645241611-33, id: 0.08558070645241611-34, id: 0.08558070645241611-35, id: 0.08558070645241611-36, id: 0.08558070645241611-37, id: 0.08558070645241611-38, id: 0.08558070645241611-39, id: 0.08558070645241611-40, id: 0.08558070645241611-41, id: 0.08558070645241611-42, id: 0.08558070645241611-43, id: 0.08558070645241611-44, id: 0.08558070645241611-45, id: 0.08558070645241611-46, id: 0.08558070645241611-47, id: 0.08558070645241611-48, id: 0.08558070645241611-49, id: 0.08558070645241611-50, id: 0.08558070645241611-51, id: 0.08558070645241611-52, id: 0.08558070645241611-53, id: 0.08558070645241611-54, id: 0.08558070645241611-55, id: 0.08558070645241611-56, id: 0.08558070645241611-57, id: 0.08558070645241611-58, id: 0.08558070645241611-59, id: 0.08558070645241611-60, id: 0.08558070645241611-61, id: 0.08558070645241611-62, id: 0.08558070645241611-63, id: 0.08558070645241611-64, id: 0.08558070645241611-65, id: 0.08558070645241611-66, id: 0.08558070645241611-67, id: 0.08558070645241611-68, id: 0.08558070645241611-69, id: 0.08558070645241611-70, id: 0.08558070645241611-71, id: 0.08558070645241611-72, id: 0.08558070645241611-73, id: 0.08558070645241611-74, id: 0.08558070645241611-75, id: 0.08558070645241611-76, id: 0.08558070645241611-77, id: 0.08558070645241611-78, id: 0.08558070645241611-79, id: 0.08558070645241611-80, id: 0.08558070645241611-81, id: 0.08558070645241611-82, id: 0.08558070645241611-83, id: 0.08558070645241611-84, id: 0.08558070645241611-85, id: 0.08558070645241611-86, id: 0.08558070645241611-87, id: 0.08558070645241611-88, id: 0.08558070645241611-89, id: 0.08558070645241611-90, id: 0.08558070645241611-91, id: 0.08558070645241611-92, id: 0.08558070645241611-93, id: 0.08558070645241611-94, id: 0.08558070645241611-95, id: 0.08558070645241611-96]
[WebDriverCommandLogger] - Executing getElementText element: By.xpath: //div[@id=&apos;c_articlelist_stories_2&apos;]/ul[1]/li/span[1]/a parameters: {&quot;id&quot;:&quot;0.08558070645241611-32&quot;}
[WebDriverCommandLogger] - command: getElementText[ param-1: By.xpath: //div[@id=&apos;c_articlelist_stories_2&apos;]/ul[1]/li/span[1]/a param-2: {&quot;id&quot;:&quot;0.08558070645241611-32&quot;}] Result: getElementText:My last Eid in Pune
[WebDriverCommandLogger] - Executing findElements parameters: {&quot;using&quot;:&quot;xpath&quot;,&quot;value&quot;:&quot;//div[@id=&apos;c_articlelist_stories_2&apos;]/ul[1]/li/span[2]/span[2]&quot;}
[WebDriverCommandLogger] - command: findElements[ param-1: {value=//div[@id=&apos;c_articlelist_stories_2&apos;]/ul[1]/li/span[2]/span[2], using=xpath}] Result: [id: 0.08558070645241611-97, id: 0.08558070645241611-98, id: 0.08558070645241611-99, id: 0.08558070645241611-100, id: 0.08558070645241611-101, id: 0.08558070645241611-102, id: 0.08558070645241611-103, id: 0.08558070645241611-104, id: 0.08558070645241611-105, id: 0.08558070645241611-106, id: 0.08558070645241611-107, id: 0.08558070645241611-108, id: 0.08558070645241611-109, id: 0.08558070645241611-110, id: 0.08558070645241611-111, id: 0.08558070645241611-112, id: 0.08558070645241611-113, id: 0.08558070645241611-114, id: 0.08558070645241611-115, id: 0.08558070645241611-116, id: 0.08558070645241611-117, id: 0.08558070645241611-118, id: 0.08558070645241611-119, id: 0.08558070645241611-120, id: 0.08558070645241611-121, id: 0.08558070645241611-122, id: 0.08558070645241611-123, id: 0.08558070645241611-124, id: 0.08558070645241611-125, id: 0.08558070645241611-126, id: 0.08558070645241611-127, id: 0.08558070645241611-128, id: 0.08558070645241611-129, id: 0.08558070645241611-130, id: 0.08558070645241611-131, id: 0.08558070645241611-132, id: 0.08558070645241611-133, id: 0.08558070645241611-134, id: 0.08558070645241611-135, id: 0.08558070645241611-136, id: 0.08558070645241611-137, id: 0.08558070645241611-138, id: 0.08558070645241611-139, id: 0.08558070645241611-140, id: 0.08558070645241611-141, id: 0.08558070645241611-142, id: 0.08558070645241611-143, id: 0.08558070645241611-144, id: 0.08558070645241611-145, id: 0.08558070645241611-146, id: 0.08558070645241611-147, id: 0.08558070645241611-148, id: 0.08558070645241611-149, id: 0.08558070645241611-150, id: 0.08558070645241611-151, id: 0.08558070645241611-152, id: 0.08558070645241611-153, id: 0.08558070645241611-154, id: 0.08558070645241611-155, id: 0.08558070645241611-156, id: 0.08558070645241611-157, id: 0.08558070645241611-158, id: 0.08558070645241611-159, id: 0.08558070645241611-160, id: 0.08558070645241611-161, id: 0.08558070645241611-162, id: 0.08558070645241611-163, id: 0.08558070645241611-164, id: 0.08558070645241611-165, id: 0.08558070645241611-166, id: 0.08558070645241611-167, id: 0.08558070645241611-168, id: 0.08558070645241611-169, id: 0.08558070645241611-170, id: 0.08558070645241611-171, id: 0.08558070645241611-172, id: 0.08558070645241611-173, id: 0.08558070645241611-174, id: 0.08558070645241611-175, id: 0.08558070645241611-176, id: 0.08558070645241611-177, id: 0.08558070645241611-178, id: 0.08558070645241611-179, id: 0.08558070645241611-180, id: 0.08558070645241611-181, id: 0.08558070645241611-182, id: 0.08558070645241611-183, id: 0.08558070645241611-184, id: 0.08558070645241611-185, id: 0.08558070645241611-186, id: 0.08558070645241611-187, id: 0.08558070645241611-188, id: 0.08558070645241611-189, id: 0.08558070645241611-190, id: 0.08558070645241611-191, id: 0.08558070645241611-192]
[WebDriverCommandLogger] - Executing getElementText element: By.xpath: //div[@id=&apos;c_articlelist_stories_2&apos;]/ul[1]/li/span[2]/span[2] parameters: {&quot;id&quot;:&quot;0.08558070645241611-128&quot;}
[WebDriverCommandLogger] - command: getElementText[ param-1: By.xpath: //div[@id=&apos;c_articlelist_stories_2&apos;]/ul[1]/li/span[2]/span[2] param-2: {&quot;id&quot;:&quot;0.08558070645241611-128&quot;}] Result: getElementText:1 DAY AGO
[WebDriverCommandLogger] - Executing findElements parameters: {&quot;using&quot;:&quot;xpath&quot;,&quot;value&quot;:&quot;//div[@id=&apos;c_articlelist_stories_2&apos;]/ul[1]/li/span[1]/a&quot;}
[WebDriverCommandLogger] - command: findElements[ param-1: {value=//div[@id=&apos;c_articlelist_stories_2&apos;]/ul[1]/li/span[1]/a, using=xpath}] Result: [id: 0.08558070645241611-1, id: 0.08558070645241611-2, id: 0.08558070645241611-3, id: 0.08558070645241611-4, id: 0.08558070645241611-5, id: 0.08558070645241611-6, id: 0.08558070645241611-7, id: 0.08558070645241611-8, id: 0.08558070645241611-9, id: 0.08558070645241611-10, id: 0.08558070645241611-11, id: 0.08558070645241611-12, id: 0.08558070645241611-13, id: 0.08558070645241611-14, id: 0.08558070645241611-15, id: 0.08558070645241611-16, id: 0.08558070645241611-17, id: 0.08558070645241611-18, id: 0.08558070645241611-19, id: 0.08558070645241611-20, id: 0.08558070645241611-21, id: 0.08558070645241611-22, id: 0.08558070645241611-23, id: 0.08558070645241611-24, id: 0.08558070645241611-25, id: 0.08558070645241611-26, id: 0.08558070645241611-27, id: 0.08558070645241611-28, id: 0.08558070645241611-29, id: 0.08558070645241611-30, id: 0.08558070645241611-31, id: 0.08558070645241611-32, id: 0.08558070645241611-33, id: 0.08558070645241611-34, id: 0.08558070645241611-35, id: 0.08558070645241611-36, id: 0.08558070645241611-37, id: 0.08558070645241611-38, id: 0.08558070645241611-39, id: 0.08558070645241611-40, id: 0.08558070645241611-41, id: 0.08558070645241611-42, id: 0.08558070645241611-43, id: 0.08558070645241611-44, id: 0.08558070645241611-45, id: 0.08558070645241611-46, id: 0.08558070645241611-47, id: 0.08558070645241611-48, id: 0.08558070645241611-49, id: 0.08558070645241611-50, id: 0.08558070645241611-51, id: 0.08558070645241611-52, id: 0.08558070645241611-53, id: 0.08558070645241611-54, id: 0.08558070645241611-55, id: 0.08558070645241611-56, id: 0.08558070645241611-57, id: 0.08558070645241611-58, id: 0.08558070645241611-59, id: 0.08558070645241611-60, id: 0.08558070645241611-61, id: 0.08558070645241611-62, id: 0.08558070645241611-63, id: 0.08558070645241611-64, id: 0.08558070645241611-65, id: 0.08558070645241611-66, id: 0.08558070645241611-67, id: 0.08558070645241611-68, id: 0.08558070645241611-69, id: 0.08558070645241611-70, id: 0.08558070645241611-71, id: 0.08558070645241611-72, id: 0.08558070645241611-73, id: 0.08558070645241611-74, id: 0.08558070645241611-75, id: 0.08558070645241611-76, id: 0.08558070645241611-77, id: 0.08558070645241611-78, id: 0.08558070645241611-79, id: 0.08558070645241611-80, id: 0.08558070645241611-81, id: 0.08558070645241611-82, id: 0.08558070645241611-83, id: 0.08558070645241611-84, id: 0.08558070645241611-85, id: 0.08558070645241611-86, id: 0.08558070645241611-87, id: 0.08558070645241611-88, id: 0.08558070645241611-89, id: 0.08558070645241611-90, id: 0.08558070645241611-91, id: 0.08558070645241611-92, id: 0.08558070645241611-93, id: 0.08558070645241611-94, id: 0.08558070645241611-95, id: 0.08558070645241611-96]
[WebDriverCommandLogger] - Executing findElements parameters: {&quot;using&quot;:&quot;xpath&quot;,&quot;value&quot;:&quot;//div[@id=&apos;c_articlelist_stories_2&apos;]/ul[1]/li/span[1]/a&quot;}
[WebDriverCommandLogger] - command: findElements[ param-1: {value=//div[@id=&apos;c_articlelist_stories_2&apos;]/ul[1]/li/span[1]/a, using=xpath}] Result: [id: 0.08558070645241611-1, id: 0.08558070645241611-2, id: 0.08558070645241611-3, id: 0.08558070645241611-4, id: 0.08558070645241611-5, id: 0.08558070645241611-6, id: 0.08558070645241611-7, id: 0.08558070645241611-8, id: 0.08558070645241611-9, id: 0.08558070645241611-10, id: 0.08558070645241611-11, id: 0.08558070645241611-12, id: 0.08558070645241611-13, id: 0.08558070645241611-14, id: 0.08558070645241611-15, id: 0.08558070645241611-16, id: 0.08558070645241611-17, id: 0.08558070645241611-18, id: 0.08558070645241611-19, id: 0.08558070645241611-20, id: 0.08558070645241611-21, id: 0.08558070645241611-22, id: 0.08558070645241611-23, id: 0.08558070645241611-24, id: 0.08558070645241611-25, id: 0.08558070645241611-26, id: 0.08558070645241611-27, id: 0.08558070645241611-28, id: 0.08558070645241611-29, id: 0.08558070645241611-30, id: 0.08558070645241611-31, id: 0.08558070645241611-32, id: 0.08558070645241611-33, id: 0.08558070645241611-34, id: 0.08558070645241611-35, id: 0.08558070645241611-36, id: 0.08558070645241611-37, id: 0.08558070645241611-38, id: 0.08558070645241611-39, id: 0.08558070645241611-40, id: 0.08558070645241611-41, id: 0.08558070645241611-42, id: 0.08558070645241611-43, id: 0.08558070645241611-44, id: 0.08558070645241611-45, id: 0.08558070645241611-46, id: 0.08558070645241611-47, id: 0.08558070645241611-48, id: 0.08558070645241611-49, id: 0.08558070645241611-50, id: 0.08558070645241611-51, id: 0.08558070645241611-52, id: 0.08558070645241611-53, id: 0.08558070645241611-54, id: 0.08558070645241611-55, id: 0.08558070645241611-56, id: 0.08558070645241611-57, id: 0.08558070645241611-58, id: 0.08558070645241611-59, id: 0.08558070645241611-60, id: 0.08558070645241611-61, id: 0.08558070645241611-62, id: 0.08558070645241611-63, id: 0.08558070645241611-64, id: 0.08558070645241611-65, id: 0.08558070645241611-66, id: 0.08558070645241611-67, id: 0.08558070645241611-68, id: 0.08558070645241611-69, id: 0.08558070645241611-70, id: 0.08558070645241611-71, id: 0.08558070645241611-72, id: 0.08558070645241611-73, id: 0.08558070645241611-74, id: 0.08558070645241611-75, id: 0.08558070645241611-76, id: 0.08558070645241611-77, id: 0.08558070645241611-78, id: 0.08558070645241611-79, id: 0.08558070645241611-80, id: 0.08558070645241611-81, id: 0.08558070645241611-82, id: 0.08558070645241611-83, id: 0.08558070645241611-84, id: 0.08558070645241611-85, id: 0.08558070645241611-86, id: 0.08558070645241611-87, id: 0.08558070645241611-88, id: 0.08558070645241611-89, id: 0.08558070645241611-90, id: 0.08558070645241611-91, id: 0.08558070645241611-92, id: 0.08558070645241611-93, id: 0.08558070645241611-94, id: 0.08558070645241611-95, id: 0.08558070645241611-96]
[WebDriverCommandLogger] - Executing getElementText element: By.xpath: //div[@id=&apos;c_articlelist_stories_2&apos;]/ul[1]/li/span[1]/a parameters: {&quot;id&quot;:&quot;0.08558070645241611-33&quot;}
[WebDriverCommandLogger] - command: getElementText[ param-1: By.xpath: //div[@id=&apos;c_articlelist_stories_2&apos;]/ul[1]/li/span[1]/a param-2: {&quot;id&quot;:&quot;0.08558070645241611-33&quot;}] Result: getElementText:Family donates brain-dead son’s organs, give new lease of life to 3
[WebDriverCommandLogger] - Executing findElements parameters: {&quot;using&quot;:&quot;xpath&quot;,&quot;value&quot;:&quot;//div[@id=&apos;c_articlelist_stories_2&apos;]/ul[1]/li/span[2]/span[2]&quot;}
[WebDriverCommandLogger] - command: findElements[ param-1: {value=//div[@id=&apos;c_articlelist_stories_2&apos;]/ul[1]/li/span[2]/span[2], using=xpath}] Result: [id: 0.08558070645241611-97, id: 0.08558070645241611-98, id: 0.08558070645241611-99, id: 0.08558070645241611-100, id: 0.08558070645241611-101, id: 0.08558070645241611-102, id: 0.08558070645241611-103, id: 0.08558070645241611-104, id: 0.08558070645241611-105, id: 0.08558070645241611-106, id: 0.08558070645241611-107, id: 0.08558070645241611-108, id: 0.08558070645241611-109, id: 0.08558070645241611-110, id: 0.08558070645241611-111, id: 0.08558070645241611-112, id: 0.08558070645241611-113, id: 0.08558070645241611-114, id: 0.08558070645241611-115, id: 0.08558070645241611-116, id: 0.08558070645241611-117, id: 0.08558070645241611-118, id: 0.08558070645241611-119, id: 0.08558070645241611-120, id: 0.08558070645241611-121, id: 0.08558070645241611-122, id: 0.08558070645241611-123, id: 0.08558070645241611-124, id: 0.08558070645241611-125, id: 0.08558070645241611-126, id: 0.08558070645241611-127, id: 0.08558070645241611-128, id: 0.08558070645241611-129, id: 0.08558070645241611-130, id: 0.08558070645241611-131, id: 0.08558070645241611-132, id: 0.08558070645241611-133, id: 0.08558070645241611-134, id: 0.08558070645241611-135, id: 0.08558070645241611-136, id: 0.08558070645241611-137, id: 0.08558070645241611-138, id: 0.08558070645241611-139, id: 0.08558070645241611-140, id: 0.08558070645241611-141, id: 0.08558070645241611-142, id: 0.08558070645241611-143, id: 0.08558070645241611-144, id: 0.08558070645241611-145, id: 0.08558070645241611-146, id: 0.08558070645241611-147, id: 0.08558070645241611-148, id: 0.08558070645241611-149, id: 0.08558070645241611-150, id: 0.08558070645241611-151, id: 0.08558070645241611-152, id: 0.08558070645241611-153, id: 0.08558070645241611-154, id: 0.08558070645241611-155, id: 0.08558070645241611-156, id: 0.08558070645241611-157, id: 0.08558070645241611-158, id: 0.08558070645241611-159, id: 0.08558070645241611-160, id: 0.08558070645241611-161, id: 0.08558070645241611-162, id: 0.08558070645241611-163, id: 0.08558070645241611-164, id: 0.08558070645241611-165, id: 0.08558070645241611-166, id: 0.08558070645241611-167, id: 0.08558070645241611-168, id: 0.08558070645241611-169, id: 0.08558070645241611-170, id: 0.08558070645241611-171, id: 0.08558070645241611-172, id: 0.08558070645241611-173, id: 0.08558070645241611-174, id: 0.08558070645241611-175, id: 0.08558070645241611-176, id: 0.08558070645241611-177, id: 0.08558070645241611-178, id: 0.08558070645241611-179, id: 0.08558070645241611-180, id: 0.08558070645241611-181, id: 0.08558070645241611-182, id: 0.08558070645241611-183, id: 0.08558070645241611-184, id: 0.08558070645241611-185, id: 0.08558070645241611-186, id: 0.08558070645241611-187, id: 0.08558070645241611-188, id: 0.08558070645241611-189, id: 0.08558070645241611-190, id: 0.08558070645241611-191, id: 0.08558070645241611-192]
[WebDriverCommandLogger] - Executing getElementText element: By.xpath: //div[@id=&apos;c_articlelist_stories_2&apos;]/ul[1]/li/span[2]/span[2] parameters: {&quot;id&quot;:&quot;0.08558070645241611-129&quot;}
[WebDriverCommandLogger] - command: getElementText[ param-1: By.xpath: //div[@id=&apos;c_articlelist_stories_2&apos;]/ul[1]/li/span[2]/span[2] param-2: {&quot;id&quot;:&quot;0.08558070645241611-129&quot;}] Result: getElementText:1 DAY AGO
[WebDriverCommandLogger] - Executing findElements parameters: {&quot;using&quot;:&quot;xpath&quot;,&quot;value&quot;:&quot;//div[@id=&apos;c_articlelist_stories_2&apos;]/ul[1]/li/span[1]/a&quot;}
[WebDriverCommandLogger] - command: findElements[ param-1: {value=//div[@id=&apos;c_articlelist_stories_2&apos;]/ul[1]/li/span[1]/a, using=xpath}] Result: [id: 0.08558070645241611-1, id: 0.08558070645241611-2, id: 0.08558070645241611-3, id: 0.08558070645241611-4, id: 0.08558070645241611-5, id: 0.08558070645241611-6, id: 0.08558070645241611-7, id: 0.08558070645241611-8, id: 0.08558070645241611-9, id: 0.08558070645241611-10, id: 0.08558070645241611-11, id: 0.08558070645241611-12, id: 0.08558070645241611-13, id: 0.08558070645241611-14, id: 0.08558070645241611-15, id: 0.08558070645241611-16, id: 0.08558070645241611-17, id: 0.08558070645241611-18, id: 0.08558070645241611-19, id: 0.08558070645241611-20, id: 0.08558070645241611-21, id: 0.08558070645241611-22, id: 0.08558070645241611-23, id: 0.08558070645241611-24, id: 0.08558070645241611-25, id: 0.08558070645241611-26, id: 0.08558070645241611-27, id: 0.08558070645241611-28, id: 0.08558070645241611-29, id: 0.08558070645241611-30, id: 0.08558070645241611-31, id: 0.08558070645241611-32, id: 0.08558070645241611-33, id: 0.08558070645241611-34, id: 0.08558070645241611-35, id: 0.08558070645241611-36, id: 0.08558070645241611-37, id: 0.08558070645241611-38, id: 0.08558070645241611-39, id: 0.08558070645241611-40, id: 0.08558070645241611-41, id: 0.08558070645241611-42, id: 0.08558070645241611-43, id: 0.08558070645241611-44, id: 0.08558070645241611-45, id: 0.08558070645241611-46, id: 0.08558070645241611-47, id: 0.08558070645241611-48, id: 0.08558070645241611-49, id: 0.08558070645241611-50, id: 0.08558070645241611-51, id: 0.08558070645241611-52, id: 0.08558070645241611-53, id: 0.08558070645241611-54, id: 0.08558070645241611-55, id: 0.08558070645241611-56, id: 0.08558070645241611-57, id: 0.08558070645241611-58, id: 0.08558070645241611-59, id: 0.08558070645241611-60, id: 0.08558070645241611-61, id: 0.08558070645241611-62, id: 0.08558070645241611-63, id: 0.08558070645241611-64, id: 0.08558070645241611-65, id: 0.08558070645241611-66, id: 0.08558070645241611-67, id: 0.08558070645241611-68, id: 0.08558070645241611-69, id: 0.08558070645241611-70, id: 0.08558070645241611-71, id: 0.08558070645241611-72, id: 0.08558070645241611-73, id: 0.08558070645241611-74, id: 0.08558070645241611-75, id: 0.08558070645241611-76, id: 0.08558070645241611-77, id: 0.08558070645241611-78, id: 0.08558070645241611-79, id: 0.08558070645241611-80, id: 0.08558070645241611-81, id: 0.08558070645241611-82, id: 0.08558070645241611-83, id: 0.08558070645241611-84, id: 0.08558070645241611-85, id: 0.08558070645241611-86, id: 0.08558070645241611-87, id: 0.08558070645241611-88, id: 0.08558070645241611-89, id: 0.08558070645241611-90, id: 0.08558070645241611-91, id: 0.08558070645241611-92, id: 0.08558070645241611-93, id: 0.08558070645241611-94, id: 0.08558070645241611-95, id: 0.08558070645241611-96]
[WebDriverCommandLogger] - Executing findElements parameters: {&quot;using&quot;:&quot;xpath&quot;,&quot;value&quot;:&quot;//div[@id=&apos;c_articlelist_stories_2&apos;]/ul[1]/li/span[1]/a&quot;}
[WebDriverCommandLogger] - command: findElements[ param-1: {value=//div[@id=&apos;c_articlelist_stories_2&apos;]/ul[1]/li/span[1]/a, using=xpath}] Result: [id: 0.08558070645241611-1, id: 0.08558070645241611-2, id: 0.08558070645241611-3, id: 0.08558070645241611-4, id: 0.08558070645241611-5, id: 0.08558070645241611-6, id: 0.08558070645241611-7, id: 0.08558070645241611-8, id: 0.08558070645241611-9, id: 0.08558070645241611-10, id: 0.08558070645241611-11, id: 0.08558070645241611-12, id: 0.08558070645241611-13, id: 0.08558070645241611-14, id: 0.08558070645241611-15, id: 0.08558070645241611-16, id: 0.08558070645241611-17, id: 0.08558070645241611-18, id: 0.08558070645241611-19, id: 0.08558070645241611-20, id: 0.08558070645241611-21, id: 0.08558070645241611-22, id: 0.08558070645241611-23, id: 0.08558070645241611-24, id: 0.08558070645241611-25, id: 0.08558070645241611-26, id: 0.08558070645241611-27, id: 0.08558070645241611-28, id: 0.08558070645241611-29, id: 0.08558070645241611-30, id: 0.08558070645241611-31, id: 0.08558070645241611-32, id: 0.08558070645241611-33, id: 0.08558070645241611-34, id: 0.08558070645241611-35, id: 0.08558070645241611-36, id: 0.08558070645241611-37, id: 0.08558070645241611-38, id: 0.08558070645241611-39, id: 0.08558070645241611-40, id: 0.08558070645241611-41, id: 0.08558070645241611-42, id: 0.08558070645241611-43, id: 0.08558070645241611-44, id: 0.08558070645241611-45, id: 0.08558070645241611-46, id: 0.08558070645241611-47, id: 0.08558070645241611-48, id: 0.08558070645241611-49, id: 0.08558070645241611-50, id: 0.08558070645241611-51, id: 0.08558070645241611-52, id: 0.08558070645241611-53, id: 0.08558070645241611-54, id: 0.08558070645241611-55, id: 0.08558070645241611-56, id: 0.08558070645241611-57, id: 0.08558070645241611-58, id: 0.08558070645241611-59, id: 0.08558070645241611-60, id: 0.08558070645241611-61, id: 0.08558070645241611-62, id: 0.08558070645241611-63, id: 0.08558070645241611-64, id: 0.08558070645241611-65, id: 0.08558070645241611-66, id: 0.08558070645241611-67, id: 0.08558070645241611-68, id: 0.08558070645241611-69, id: 0.08558070645241611-70, id: 0.08558070645241611-71, id: 0.08558070645241611-72, id: 0.08558070645241611-73, id: 0.08558070645241611-74, id: 0.08558070645241611-75, id: 0.08558070645241611-76, id: 0.08558070645241611-77, id: 0.08558070645241611-78, id: 0.08558070645241611-79, id: 0.08558070645241611-80, id: 0.08558070645241611-81, id: 0.08558070645241611-82, id: 0.08558070645241611-83, id: 0.08558070645241611-84, id: 0.08558070645241611-85, id: 0.08558070645241611-86, id: 0.08558070645241611-87, id: 0.08558070645241611-88, id: 0.08558070645241611-89, id: 0.08558070645241611-90, id: 0.08558070645241611-91, id: 0.08558070645241611-92, id: 0.08558070645241611-93, id: 0.08558070645241611-94, id: 0.08558070645241611-95, id: 0.08558070645241611-96]
[WebDriverCommandLogger] - Executing getElementText element: By.xpath: //div[@id=&apos;c_articlelist_stories_2&apos;]/ul[1]/li/span[1]/a parameters: {&quot;id&quot;:&quot;0.08558070645241611-34&quot;}
[WebDriverCommandLogger] - command: getElementText[ param-1: By.xpath: //div[@id=&apos;c_articlelist_stories_2&apos;]/ul[1]/li/span[1]/a param-2: {&quot;id&quot;:&quot;0.08558070645241611-34&quot;}] Result: getElementText:Order on pre-arrest bail plea of Trupti Desai, 3 others reserved
[WebDriverCommandLogger] - Executing findElements parameters: {&quot;using&quot;:&quot;xpath&quot;,&quot;value&quot;:&quot;//div[@id=&apos;c_articlelist_stories_2&apos;]/ul[1]/li/span[2]/span[2]&quot;}
[WebDriverCommandLogger] - command: findElements[ param-1: {value=//div[@id=&apos;c_articlelist_stories_2&apos;]/ul[1]/li/span[2]/span[2], using=xpath}] Result: [id: 0.08558070645241611-97, id: 0.08558070645241611-98, id: 0.08558070645241611-99, id: 0.08558070645241611-100, id: 0.08558070645241611-101, id: 0.08558070645241611-102, id: 0.08558070645241611-103, id: 0.08558070645241611-104, id: 0.08558070645241611-105, id: 0.08558070645241611-106, id: 0.08558070645241611-107, id: 0.08558070645241611-108, id: 0.08558070645241611-109, id: 0.08558070645241611-110, id: 0.08558070645241611-111, id: 0.08558070645241611-112, id: 0.08558070645241611-113, id: 0.08558070645241611-114, id: 0.08558070645241611-115, id: 0.08558070645241611-116, id: 0.08558070645241611-117, id: 0.08558070645241611-118, id: 0.08558070645241611-119, id: 0.08558070645241611-120, id: 0.08558070645241611-121, id: 0.08558070645241611-122, id: 0.08558070645241611-123, id: 0.08558070645241611-124, id: 0.08558070645241611-125, id: 0.08558070645241611-126, id: 0.08558070645241611-127, id: 0.08558070645241611-128, id: 0.08558070645241611-129, id: 0.08558070645241611-130, id: 0.08558070645241611-131, id: 0.08558070645241611-132, id: 0.08558070645241611-133, id: 0.08558070645241611-134, id: 0.08558070645241611-135, id: 0.08558070645241611-136, id: 0.08558070645241611-137, id: 0.08558070645241611-138, id: 0.08558070645241611-139, id: 0.08558070645241611-140, id: 0.08558070645241611-141, id: 0.08558070645241611-142, id: 0.08558070645241611-143, id: 0.08558070645241611-144, id: 0.08558070645241611-145, id: 0.08558070645241611-146, id: 0.08558070645241611-147, id: 0.08558070645241611-148, id: 0.08558070645241611-149, id: 0.08558070645241611-150, id: 0.08558070645241611-151, id: 0.08558070645241611-152, id: 0.08558070645241611-153, id: 0.08558070645241611-154, id: 0.08558070645241611-155, id: 0.08558070645241611-156, id: 0.08558070645241611-157, id: 0.08558070645241611-158, id: 0.08558070645241611-159, id: 0.08558070645241611-160, id: 0.08558070645241611-161, id: 0.08558070645241611-162, id: 0.08558070645241611-163, id: 0.08558070645241611-164, id: 0.08558070645241611-165, id: 0.08558070645241611-166, id: 0.08558070645241611-167, id: 0.08558070645241611-168, id: 0.08558070645241611-169, id: 0.08558070645241611-170, id: 0.08558070645241611-171, id: 0.08558070645241611-172, id: 0.08558070645241611-173, id: 0.08558070645241611-174, id: 0.08558070645241611-175, id: 0.08558070645241611-176, id: 0.08558070645241611-177, id: 0.08558070645241611-178, id: 0.08558070645241611-179, id: 0.08558070645241611-180, id: 0.08558070645241611-181, id: 0.08558070645241611-182, id: 0.08558070645241611-183, id: 0.08558070645241611-184, id: 0.08558070645241611-185, id: 0.08558070645241611-186, id: 0.08558070645241611-187, id: 0.08558070645241611-188, id: 0.08558070645241611-189, id: 0.08558070645241611-190, id: 0.08558070645241611-191, id: 0.08558070645241611-192]
[WebDriverCommandLogger] - Executing getElementText element: By.xpath: //div[@id=&apos;c_articlelist_stories_2&apos;]/ul[1]/li/span[2]/span[2] parameters: {&quot;id&quot;:&quot;0.08558070645241611-130&quot;}
[WebDriverCommandLogger] - command: getElementText[ param-1: By.xpath: //div[@id=&apos;c_articlelist_stories_2&apos;]/ul[1]/li/span[2]/span[2] param-2: {&quot;id&quot;:&quot;0.08558070645241611-130&quot;}] Result: getElementText:1 DAY AGO
[WebDriverCommandLogger] - Executing findElements parameters: {&quot;using&quot;:&quot;xpath&quot;,&quot;value&quot;:&quot;//div[@id=&apos;c_articlelist_stories_2&apos;]/ul[1]/li/span[1]/a&quot;}
[WebDriverCommandLogger] - command: findElements[ param-1: {value=//div[@id=&apos;c_articlelist_stories_2&apos;]/ul[1]/li/span[1]/a, using=xpath}] Result: [id: 0.08558070645241611-1, id: 0.08558070645241611-2, id: 0.08558070645241611-3, id: 0.08558070645241611-4, id: 0.08558070645241611-5, id: 0.08558070645241611-6, id: 0.08558070645241611-7, id: 0.08558070645241611-8, id: 0.08558070645241611-9, id: 0.08558070645241611-10, id: 0.08558070645241611-11, id: 0.08558070645241611-12, id: 0.08558070645241611-13, id: 0.08558070645241611-14, id: 0.08558070645241611-15, id: 0.08558070645241611-16, id: 0.08558070645241611-17, id: 0.08558070645241611-18, id: 0.08558070645241611-19, id: 0.08558070645241611-20, id: 0.08558070645241611-21, id: 0.08558070645241611-22, id: 0.08558070645241611-23, id: 0.08558070645241611-24, id: 0.08558070645241611-25, id: 0.08558070645241611-26, id: 0.08558070645241611-27, id: 0.08558070645241611-28, id: 0.08558070645241611-29, id: 0.08558070645241611-30, id: 0.08558070645241611-31, id: 0.08558070645241611-32, id: 0.08558070645241611-33, id: 0.08558070645241611-34, id: 0.08558070645241611-35, id: 0.08558070645241611-36, id: 0.08558070645241611-37, id: 0.08558070645241611-38, id: 0.08558070645241611-39, id: 0.08558070645241611-40, id: 0.08558070645241611-41, id: 0.08558070645241611-42, id: 0.08558070645241611-43, id: 0.08558070645241611-44, id: 0.08558070645241611-45, id: 0.08558070645241611-46, id: 0.08558070645241611-47, id: 0.08558070645241611-48, id: 0.08558070645241611-49, id: 0.08558070645241611-50, id: 0.08558070645241611-51, id: 0.08558070645241611-52, id: 0.08558070645241611-53, id: 0.08558070645241611-54, id: 0.08558070645241611-55, id: 0.08558070645241611-56, id: 0.08558070645241611-57, id: 0.08558070645241611-58, id: 0.08558070645241611-59, id: 0.08558070645241611-60, id: 0.08558070645241611-61, id: 0.08558070645241611-62, id: 0.08558070645241611-63, id: 0.08558070645241611-64, id: 0.08558070645241611-65, id: 0.08558070645241611-66, id: 0.08558070645241611-67, id: 0.08558070645241611-68, id: 0.08558070645241611-69, id: 0.08558070645241611-70, id: 0.08558070645241611-71, id: 0.08558070645241611-72, id: 0.08558070645241611-73, id: 0.08558070645241611-74, id: 0.08558070645241611-75, id: 0.08558070645241611-76, id: 0.08558070645241611-77, id: 0.08558070645241611-78, id: 0.08558070645241611-79, id: 0.08558070645241611-80, id: 0.08558070645241611-81, id: 0.08558070645241611-82, id: 0.08558070645241611-83, id: 0.08558070645241611-84, id: 0.08558070645241611-85, id: 0.08558070645241611-86, id: 0.08558070645241611-87, id: 0.08558070645241611-88, id: 0.08558070645241611-89, id: 0.08558070645241611-90, id: 0.08558070645241611-91, id: 0.08558070645241611-92, id: 0.08558070645241611-93, id: 0.08558070645241611-94, id: 0.08558070645241611-95, id: 0.08558070645241611-96]
[WebDriverCommandLogger] - Executing findElements parameters: {&quot;using&quot;:&quot;xpath&quot;,&quot;value&quot;:&quot;//div[@id=&apos;c_articlelist_stories_2&apos;]/ul[1]/li/span[1]/a&quot;}
[WebDriverCommandLogger] - command: findElements[ param-1: {value=//div[@id=&apos;c_articlelist_stories_2&apos;]/ul[1]/li/span[1]/a, using=xpath}] Result: [id: 0.08558070645241611-1, id: 0.08558070645241611-2, id: 0.08558070645241611-3, id: 0.08558070645241611-4, id: 0.08558070645241611-5, id: 0.08558070645241611-6, id: 0.08558070645241611-7, id: 0.08558070645241611-8, id: 0.08558070645241611-9, id: 0.08558070645241611-10, id: 0.08558070645241611-11, id: 0.08558070645241611-12, id: 0.08558070645241611-13, id: 0.08558070645241611-14, id: 0.08558070645241611-15, id: 0.08558070645241611-16, id: 0.08558070645241611-17, id: 0.08558070645241611-18, id: 0.08558070645241611-19, id: 0.08558070645241611-20, id: 0.08558070645241611-21, id: 0.08558070645241611-22, id: 0.08558070645241611-23, id: 0.08558070645241611-24, id: 0.08558070645241611-25, id: 0.08558070645241611-26, id: 0.08558070645241611-27, id: 0.08558070645241611-28, id: 0.08558070645241611-29, id: 0.08558070645241611-30, id: 0.08558070645241611-31, id: 0.08558070645241611-32, id: 0.08558070645241611-33, id: 0.08558070645241611-34, id: 0.08558070645241611-35, id: 0.08558070645241611-36, id: 0.08558070645241611-37, id: 0.08558070645241611-38, id: 0.08558070645241611-39, id: 0.08558070645241611-40, id: 0.08558070645241611-41, id: 0.08558070645241611-42, id: 0.08558070645241611-43, id: 0.08558070645241611-44, id: 0.08558070645241611-45, id: 0.08558070645241611-46, id: 0.08558070645241611-47, id: 0.08558070645241611-48, id: 0.08558070645241611-49, id: 0.08558070645241611-50, id: 0.08558070645241611-51, id: 0.08558070645241611-52, id: 0.08558070645241611-53, id: 0.08558070645241611-54, id: 0.08558070645241611-55, id: 0.08558070645241611-56, id: 0.08558070645241611-57, id: 0.08558070645241611-58, id: 0.08558070645241611-59, id: 0.08558070645241611-60, id: 0.08558070645241611-61, id: 0.08558070645241611-62, id: 0.08558070645241611-63, id: 0.08558070645241611-64, id: 0.08558070645241611-65, id: 0.08558070645241611-66, id: 0.08558070645241611-67, id: 0.08558070645241611-68, id: 0.08558070645241611-69, id: 0.08558070645241611-70, id: 0.08558070645241611-71, id: 0.08558070645241611-72, id: 0.08558070645241611-73, id: 0.08558070645241611-74, id: 0.08558070645241611-75, id: 0.08558070645241611-76, id: 0.08558070645241611-77, id: 0.08558070645241611-78, id: 0.08558070645241611-79, id: 0.08558070645241611-80, id: 0.08558070645241611-81, id: 0.08558070645241611-82, id: 0.08558070645241611-83, id: 0.08558070645241611-84, id: 0.08558070645241611-85, id: 0.08558070645241611-86, id: 0.08558070645241611-87, id: 0.08558070645241611-88, id: 0.08558070645241611-89, id: 0.08558070645241611-90, id: 0.08558070645241611-91, id: 0.08558070645241611-92, id: 0.08558070645241611-93, id: 0.08558070645241611-94, id: 0.08558070645241611-95, id: 0.08558070645241611-96]
[WebDriverCommandLogger] - Executing getElementText element: By.xpath: //div[@id=&apos;c_articlelist_stories_2&apos;]/ul[1]/li/span[1]/a parameters: {&quot;id&quot;:&quot;0.08558070645241611-35&quot;}
[WebDriverCommandLogger] - command: getElementText[ param-1: By.xpath: //div[@id=&apos;c_articlelist_stories_2&apos;]/ul[1]/li/span[1]/a param-2: {&quot;id&quot;:&quot;0.08558070645241611-35&quot;}] Result: getElementText:Deal with J&amp;K issue delicately, says Lt Gen D S Hooda
[WebDriverCommandLogger] - Executing findElements parameters: {&quot;using&quot;:&quot;xpath&quot;,&quot;value&quot;:&quot;//div[@id=&apos;c_articlelist_stories_2&apos;]/ul[1]/li/span[2]/span[2]&quot;}
[WebDriverCommandLogger] - command: findElements[ param-1: {value=//div[@id=&apos;c_articlelist_stories_2&apos;]/ul[1]/li/span[2]/span[2], using=xpath}] Result: [id: 0.08558070645241611-97, id: 0.08558070645241611-98, id: 0.08558070645241611-99, id: 0.08558070645241611-100, id: 0.08558070645241611-101, id: 0.08558070645241611-102, id: 0.08558070645241611-103, id: 0.08558070645241611-104, id: 0.08558070645241611-105, id: 0.08558070645241611-106, id: 0.08558070645241611-107, id: 0.08558070645241611-108, id: 0.08558070645241611-109, id: 0.08558070645241611-110, id: 0.08558070645241611-111, id: 0.08558070645241611-112, id: 0.08558070645241611-113, id: 0.08558070645241611-114, id: 0.08558070645241611-115, id: 0.08558070645241611-116, id: 0.08558070645241611-117, id: 0.08558070645241611-118, id: 0.08558070645241611-119, id: 0.08558070645241611-120, id: 0.08558070645241611-121, id: 0.08558070645241611-122, id: 0.08558070645241611-123, id: 0.08558070645241611-124, id: 0.08558070645241611-125, id: 0.08558070645241611-126, id: 0.08558070645241611-127, id: 0.08558070645241611-128, id: 0.08558070645241611-129, id: 0.08558070645241611-130, id: 0.08558070645241611-131, id: 0.08558070645241611-132, id: 0.08558070645241611-133, id: 0.08558070645241611-134, id: 0.08558070645241611-135, id: 0.08558070645241611-136, id: 0.08558070645241611-137, id: 0.08558070645241611-138, id: 0.08558070645241611-139, id: 0.08558070645241611-140, id: 0.08558070645241611-141, id: 0.08558070645241611-142, id: 0.08558070645241611-143, id: 0.08558070645241611-144, id: 0.08558070645241611-145, id: 0.08558070645241611-146, id: 0.08558070645241611-147, id: 0.08558070645241611-148, id: 0.08558070645241611-149, id: 0.08558070645241611-150, id: 0.08558070645241611-151, id: 0.08558070645241611-152, id: 0.08558070645241611-153, id: 0.08558070645241611-154, id: 0.08558070645241611-155, id: 0.08558070645241611-156, id: 0.08558070645241611-157, id: 0.08558070645241611-158, id: 0.08558070645241611-159, id: 0.08558070645241611-160, id: 0.08558070645241611-161, id: 0.08558070645241611-162, id: 0.08558070645241611-163, id: 0.08558070645241611-164, id: 0.08558070645241611-165, id: 0.08558070645241611-166, id: 0.08558070645241611-167, id: 0.08558070645241611-168, id: 0.08558070645241611-169, id: 0.08558070645241611-170, id: 0.08558070645241611-171, id: 0.08558070645241611-172, id: 0.08558070645241611-173, id: 0.08558070645241611-174, id: 0.08558070645241611-175, id: 0.08558070645241611-176, id: 0.08558070645241611-177, id: 0.08558070645241611-178, id: 0.08558070645241611-179, id: 0.08558070645241611-180, id: 0.08558070645241611-181, id: 0.08558070645241611-182, id: 0.08558070645241611-183, id: 0.08558070645241611-184, id: 0.08558070645241611-185, id: 0.08558070645241611-186, id: 0.08558070645241611-187, id: 0.08558070645241611-188, id: 0.08558070645241611-189, id: 0.08558070645241611-190, id: 0.08558070645241611-191, id: 0.08558070645241611-192]
[WebDriverCommandLogger] - Executing getElementText element: By.xpath: //div[@id=&apos;c_articlelist_stories_2&apos;]/ul[1]/li/span[2]/span[2] parameters: {&quot;id&quot;:&quot;0.08558070645241611-131&quot;}
[WebDriverCommandLogger] - command: getElementText[ param-1: By.xpath: //div[@id=&apos;c_articlelist_stories_2&apos;]/ul[1]/li/span[2]/span[2] param-2: {&quot;id&quot;:&quot;0.08558070645241611-131&quot;}] Result: getElementText:1 DAY AGO
[WebDriverCommandLogger] - Executing findElements parameters: {&quot;using&quot;:&quot;xpath&quot;,&quot;value&quot;:&quot;//div[@id=&apos;c_articlelist_stories_2&apos;]/ul[1]/li/span[1]/a&quot;}
[WebDriverCommandLogger] - command: findElements[ param-1: {value=//div[@id=&apos;c_articlelist_stories_2&apos;]/ul[1]/li/span[1]/a, using=xpath}] Result: [id: 0.08558070645241611-1, id: 0.08558070645241611-2, id: 0.08558070645241611-3, id: 0.08558070645241611-4, id: 0.08558070645241611-5, id: 0.08558070645241611-6, id: 0.08558070645241611-7, id: 0.08558070645241611-8, id: 0.08558070645241611-9, id: 0.08558070645241611-10, id: 0.08558070645241611-11, id: 0.08558070645241611-12, id: 0.08558070645241611-13, id: 0.08558070645241611-14, id: 0.08558070645241611-15, id: 0.08558070645241611-16, id: 0.08558070645241611-17, id: 0.08558070645241611-18, id: 0.08558070645241611-19, id: 0.08558070645241611-20, id: 0.08558070645241611-21, id: 0.08558070645241611-22, id: 0.08558070645241611-23, id: 0.08558070645241611-24, id: 0.08558070645241611-25, id: 0.08558070645241611-26, id: 0.08558070645241611-27, id: 0.08558070645241611-28, id: 0.08558070645241611-29, id: 0.08558070645241611-30, id: 0.08558070645241611-31, id: 0.08558070645241611-32, id: 0.08558070645241611-33, id: 0.08558070645241611-34, id: 0.08558070645241611-35, id: 0.08558070645241611-36, id: 0.08558070645241611-37, id: 0.08558070645241611-38, id: 0.08558070645241611-39, id: 0.08558070645241611-40, id: 0.08558070645241611-41, id: 0.08558070645241611-42, id: 0.08558070645241611-43, id: 0.08558070645241611-44, id: 0.08558070645241611-45, id: 0.08558070645241611-46, id: 0.08558070645241611-47, id: 0.08558070645241611-48, id: 0.08558070645241611-49, id: 0.08558070645241611-50, id: 0.08558070645241611-51, id: 0.08558070645241611-52, id: 0.08558070645241611-53, id: 0.08558070645241611-54, id: 0.08558070645241611-55, id: 0.08558070645241611-56, id: 0.08558070645241611-57, id: 0.08558070645241611-58, id: 0.08558070645241611-59, id: 0.08558070645241611-60, id: 0.08558070645241611-61, id: 0.08558070645241611-62, id: 0.08558070645241611-63, id: 0.08558070645241611-64, id: 0.08558070645241611-65, id: 0.08558070645241611-66, id: 0.08558070645241611-67, id: 0.08558070645241611-68, id: 0.08558070645241611-69, id: 0.08558070645241611-70, id: 0.08558070645241611-71, id: 0.08558070645241611-72, id: 0.08558070645241611-73, id: 0.08558070645241611-74, id: 0.08558070645241611-75, id: 0.08558070645241611-76, id: 0.08558070645241611-77, id: 0.08558070645241611-78, id: 0.08558070645241611-79, id: 0.08558070645241611-80, id: 0.08558070645241611-81, id: 0.08558070645241611-82, id: 0.08558070645241611-83, id: 0.08558070645241611-84, id: 0.08558070645241611-85, id: 0.08558070645241611-86, id: 0.08558070645241611-87, id: 0.08558070645241611-88, id: 0.08558070645241611-89, id: 0.08558070645241611-90, id: 0.08558070645241611-91, id: 0.08558070645241611-92, id: 0.08558070645241611-93, id: 0.08558070645241611-94, id: 0.08558070645241611-95, id: 0.08558070645241611-96]
[WebDriverCommandLogger] - Executing findElements parameters: {&quot;using&quot;:&quot;xpath&quot;,&quot;value&quot;:&quot;//div[@id=&apos;c_articlelist_stories_2&apos;]/ul[1]/li/span[1]/a&quot;}
[WebDriverCommandLogger] - command: findElements[ param-1: {value=//div[@id=&apos;c_articlelist_stories_2&apos;]/ul[1]/li/span[1]/a, using=xpath}] Result: [id: 0.08558070645241611-1, id: 0.08558070645241611-2, id: 0.08558070645241611-3, id: 0.08558070645241611-4, id: 0.08558070645241611-5, id: 0.08558070645241611-6, id: 0.08558070645241611-7, id: 0.08558070645241611-8, id: 0.08558070645241611-9, id: 0.08558070645241611-10, id: 0.08558070645241611-11, id: 0.08558070645241611-12, id: 0.08558070645241611-13, id: 0.08558070645241611-14, id: 0.08558070645241611-15, id: 0.08558070645241611-16, id: 0.08558070645241611-17, id: 0.08558070645241611-18, id: 0.08558070645241611-19, id: 0.08558070645241611-20, id: 0.08558070645241611-21, id: 0.08558070645241611-22, id: 0.08558070645241611-23, id: 0.08558070645241611-24, id: 0.08558070645241611-25, id: 0.08558070645241611-26, id: 0.08558070645241611-27, id: 0.08558070645241611-28, id: 0.08558070645241611-29, id: 0.08558070645241611-30, id: 0.08558070645241611-31, id: 0.08558070645241611-32, id: 0.08558070645241611-33, id: 0.08558070645241611-34, id: 0.08558070645241611-35, id: 0.08558070645241611-36, id: 0.08558070645241611-37, id: 0.08558070645241611-38, id: 0.08558070645241611-39, id: 0.08558070645241611-40, id: 0.08558070645241611-41, id: 0.08558070645241611-42, id: 0.08558070645241611-43, id: 0.08558070645241611-44, id: 0.08558070645241611-45, id: 0.08558070645241611-46, id: 0.08558070645241611-47, id: 0.08558070645241611-48, id: 0.08558070645241611-49, id: 0.08558070645241611-50, id: 0.08558070645241611-51, id: 0.08558070645241611-52, id: 0.08558070645241611-53, id: 0.08558070645241611-54, id: 0.08558070645241611-55, id: 0.08558070645241611-56, id: 0.08558070645241611-57, id: 0.08558070645241611-58, id: 0.08558070645241611-59, id: 0.08558070645241611-60, id: 0.08558070645241611-61, id: 0.08558070645241611-62, id: 0.08558070645241611-63, id: 0.08558070645241611-64, id: 0.08558070645241611-65, id: 0.08558070645241611-66, id: 0.08558070645241611-67, id: 0.08558070645241611-68, id: 0.08558070645241611-69, id: 0.08558070645241611-70, id: 0.08558070645241611-71, id: 0.08558070645241611-72, id: 0.08558070645241611-73, id: 0.08558070645241611-74, id: 0.08558070645241611-75, id: 0.08558070645241611-76, id: 0.08558070645241611-77, id: 0.08558070645241611-78, id: 0.08558070645241611-79, id: 0.08558070645241611-80, id: 0.08558070645241611-81, id: 0.08558070645241611-82, id: 0.08558070645241611-83, id: 0.08558070645241611-84, id: 0.08558070645241611-85, id: 0.08558070645241611-86, id: 0.08558070645241611-87, id: 0.08558070645241611-88, id: 0.08558070645241611-89, id: 0.08558070645241611-90, id: 0.08558070645241611-91, id: 0.08558070645241611-92, id: 0.08558070645241611-93, id: 0.08558070645241611-94, id: 0.08558070645241611-95, id: 0.08558070645241611-96]
[WebDriverCommandLogger] - Executing getElementText element: By.xpath: //div[@id=&apos;c_articlelist_stories_2&apos;]/ul[1]/li/span[1]/a parameters: {&quot;id&quot;:&quot;0.08558070645241611-36&quot;}
[WebDriverCommandLogger] - command: getElementText[ param-1: By.xpath: //div[@id=&apos;c_articlelist_stories_2&apos;]/ul[1]/li/span[1]/a param-2: {&quot;id&quot;:&quot;0.08558070645241611-36&quot;}] Result: getElementText:Revellers jam-pack Lonavla on Sunday
[WebDriverCommandLogger] - Executing findElements parameters: {&quot;using&quot;:&quot;xpath&quot;,&quot;value&quot;:&quot;//div[@id=&apos;c_articlelist_stories_2&apos;]/ul[1]/li/span[2]/span[2]&quot;}
[WebDriverCommandLogger] - command: findElements[ param-1: {value=//div[@id=&apos;c_articlelist_stories_2&apos;]/ul[1]/li/span[2]/span[2], using=xpath}] Result: [id: 0.08558070645241611-97, id: 0.08558070645241611-98, id: 0.08558070645241611-99, id: 0.08558070645241611-100, id: 0.08558070645241611-101, id: 0.08558070645241611-102, id: 0.08558070645241611-103, id: 0.08558070645241611-104, id: 0.08558070645241611-105, id: 0.08558070645241611-106, id: 0.08558070645241611-107, id: 0.08558070645241611-108, id: 0.08558070645241611-109, id: 0.08558070645241611-110, id: 0.08558070645241611-111, id: 0.08558070645241611-112, id: 0.08558070645241611-113, id: 0.08558070645241611-114, id: 0.08558070645241611-115, id: 0.08558070645241611-116, id: 0.08558070645241611-117, id: 0.08558070645241611-118, id: 0.08558070645241611-119, id: 0.08558070645241611-120, id: 0.08558070645241611-121, id: 0.08558070645241611-122, id: 0.08558070645241611-123, id: 0.08558070645241611-124, id: 0.08558070645241611-125, id: 0.08558070645241611-126, id: 0.08558070645241611-127, id: 0.08558070645241611-128, id: 0.08558070645241611-129, id: 0.08558070645241611-130, id: 0.08558070645241611-131, id: 0.08558070645241611-132, id: 0.08558070645241611-133, id: 0.08558070645241611-134, id: 0.08558070645241611-135, id: 0.08558070645241611-136, id: 0.08558070645241611-137, id: 0.08558070645241611-138, id: 0.08558070645241611-139, id: 0.08558070645241611-140, id: 0.08558070645241611-141, id: 0.08558070645241611-142, id: 0.08558070645241611-143, id: 0.08558070645241611-144, id: 0.08558070645241611-145, id: 0.08558070645241611-146, id: 0.08558070645241611-147, id: 0.08558070645241611-148, id: 0.08558070645241611-149, id: 0.08558070645241611-150, id: 0.08558070645241611-151, id: 0.08558070645241611-152, id: 0.08558070645241611-153, id: 0.08558070645241611-154, id: 0.08558070645241611-155, id: 0.08558070645241611-156, id: 0.08558070645241611-157, id: 0.08558070645241611-158, id: 0.08558070645241611-159, id: 0.08558070645241611-160, id: 0.08558070645241611-161, id: 0.08558070645241611-162, id: 0.08558070645241611-163, id: 0.08558070645241611-164, id: 0.08558070645241611-165, id: 0.08558070645241611-166, id: 0.08558070645241611-167, id: 0.08558070645241611-168, id: 0.08558070645241611-169, id: 0.08558070645241611-170, id: 0.08558070645241611-171, id: 0.08558070645241611-172, id: 0.08558070645241611-173, id: 0.08558070645241611-174, id: 0.08558070645241611-175, id: 0.08558070645241611-176, id: 0.08558070645241611-177, id: 0.08558070645241611-178, id: 0.08558070645241611-179, id: 0.08558070645241611-180, id: 0.08558070645241611-181, id: 0.08558070645241611-182, id: 0.08558070645241611-183, id: 0.08558070645241611-184, id: 0.08558070645241611-185, id: 0.08558070645241611-186, id: 0.08558070645241611-187, id: 0.08558070645241611-188, id: 0.08558070645241611-189, id: 0.08558070645241611-190, id: 0.08558070645241611-191, id: 0.08558070645241611-192]
[WebDriverCommandLogger] - Executing getElementText element: By.xpath: //div[@id=&apos;c_articlelist_stories_2&apos;]/ul[1]/li/span[2]/span[2] parameters: {&quot;id&quot;:&quot;0.08558070645241611-132&quot;}
[WebDriverCommandLogger] - command: getElementText[ param-1: By.xpath: //div[@id=&apos;c_articlelist_stories_2&apos;]/ul[1]/li/span[2]/span[2] param-2: {&quot;id&quot;:&quot;0.08558070645241611-132&quot;}] Result: getElementText:1 DAY AGO
[WebDriverCommandLogger] - Executing findElements parameters: {&quot;using&quot;:&quot;xpath&quot;,&quot;value&quot;:&quot;//div[@id=&apos;c_articlelist_stories_2&apos;]/ul[1]/li/span[1]/a&quot;}
[WebDriverCommandLogger] - command: findElements[ param-1: {value=//div[@id=&apos;c_articlelist_stories_2&apos;]/ul[1]/li/span[1]/a, using=xpath}] Result: [id: 0.08558070645241611-1, id: 0.08558070645241611-2, id: 0.08558070645241611-3, id: 0.08558070645241611-4, id: 0.08558070645241611-5, id: 0.08558070645241611-6, id: 0.08558070645241611-7, id: 0.08558070645241611-8, id: 0.08558070645241611-9, id: 0.08558070645241611-10, id: 0.08558070645241611-11, id: 0.08558070645241611-12, id: 0.08558070645241611-13, id: 0.08558070645241611-14, id: 0.08558070645241611-15, id: 0.08558070645241611-16, id: 0.08558070645241611-17, id: 0.08558070645241611-18, id: 0.08558070645241611-19, id: 0.08558070645241611-20, id: 0.08558070645241611-21, id: 0.08558070645241611-22, id: 0.08558070645241611-23, id: 0.08558070645241611-24, id: 0.08558070645241611-25, id: 0.08558070645241611-26, id: 0.08558070645241611-27, id: 0.08558070645241611-28, id: 0.08558070645241611-29, id: 0.08558070645241611-30, id: 0.08558070645241611-31, id: 0.08558070645241611-32, id: 0.08558070645241611-33, id: 0.08558070645241611-34, id: 0.08558070645241611-35, id: 0.08558070645241611-36, id: 0.08558070645241611-37, id: 0.08558070645241611-38, id: 0.08558070645241611-39, id: 0.08558070645241611-40, id: 0.08558070645241611-41, id: 0.08558070645241611-42, id: 0.08558070645241611-43, id: 0.08558070645241611-44, id: 0.08558070645241611-45, id: 0.08558070645241611-46, id: 0.08558070645241611-47, id: 0.08558070645241611-48, id: 0.08558070645241611-49, id: 0.08558070645241611-50, id: 0.08558070645241611-51, id: 0.08558070645241611-52, id: 0.08558070645241611-53, id: 0.08558070645241611-54, id: 0.08558070645241611-55, id: 0.08558070645241611-56, id: 0.08558070645241611-57, id: 0.08558070645241611-58, id: 0.08558070645241611-59, id: 0.08558070645241611-60, id: 0.08558070645241611-61, id: 0.08558070645241611-62, id: 0.08558070645241611-63, id: 0.08558070645241611-64, id: 0.08558070645241611-65, id: 0.08558070645241611-66, id: 0.08558070645241611-67, id: 0.08558070645241611-68, id: 0.08558070645241611-69, id: 0.08558070645241611-70, id: 0.08558070645241611-71, id: 0.08558070645241611-72, id: 0.08558070645241611-73, id: 0.08558070645241611-74, id: 0.08558070645241611-75, id: 0.08558070645241611-76, id: 0.08558070645241611-77, id: 0.08558070645241611-78, id: 0.08558070645241611-79, id: 0.08558070645241611-80, id: 0.08558070645241611-81, id: 0.08558070645241611-82, id: 0.08558070645241611-83, id: 0.08558070645241611-84, id: 0.08558070645241611-85, id: 0.08558070645241611-86, id: 0.08558070645241611-87, id: 0.08558070645241611-88, id: 0.08558070645241611-89, id: 0.08558070645241611-90, id: 0.08558070645241611-91, id: 0.08558070645241611-92, id: 0.08558070645241611-93, id: 0.08558070645241611-94, id: 0.08558070645241611-95, id: 0.08558070645241611-96]
[WebDriverCommandLogger] - Executing findElements parameters: {&quot;using&quot;:&quot;xpath&quot;,&quot;value&quot;:&quot;//div[@id=&apos;c_articlelist_stories_2&apos;]/ul[1]/li/span[1]/a&quot;}
[WebDriverCommandLogger] - command: findElements[ param-1: {value=//div[@id=&apos;c_articlelist_stories_2&apos;]/ul[1]/li/span[1]/a, using=xpath}] Result: [id: 0.08558070645241611-1, id: 0.08558070645241611-2, id: 0.08558070645241611-3, id: 0.08558070645241611-4, id: 0.08558070645241611-5, id: 0.08558070645241611-6, id: 0.08558070645241611-7, id: 0.08558070645241611-8, id: 0.08558070645241611-9, id: 0.08558070645241611-10, id: 0.08558070645241611-11, id: 0.08558070645241611-12, id: 0.08558070645241611-13, id: 0.08558070645241611-14, id: 0.08558070645241611-15, id: 0.08558070645241611-16, id: 0.08558070645241611-17, id: 0.08558070645241611-18, id: 0.08558070645241611-19, id: 0.08558070645241611-20, id: 0.08558070645241611-21, id: 0.08558070645241611-22, id: 0.08558070645241611-23, id: 0.08558070645241611-24, id: 0.08558070645241611-25, id: 0.08558070645241611-26, id: 0.08558070645241611-27, id: 0.08558070645241611-28, id: 0.08558070645241611-29, id: 0.08558070645241611-30, id: 0.08558070645241611-31, id: 0.08558070645241611-32, id: 0.08558070645241611-33, id: 0.08558070645241611-34, id: 0.08558070645241611-35, id: 0.08558070645241611-36, id: 0.08558070645241611-37, id: 0.08558070645241611-38, id: 0.08558070645241611-39, id: 0.08558070645241611-40, id: 0.08558070645241611-41, id: 0.08558070645241611-42, id: 0.08558070645241611-43, id: 0.08558070645241611-44, id: 0.08558070645241611-45, id: 0.08558070645241611-46, id: 0.08558070645241611-47, id: 0.08558070645241611-48, id: 0.08558070645241611-49, id: 0.08558070645241611-50, id: 0.08558070645241611-51, id: 0.08558070645241611-52, id: 0.08558070645241611-53, id: 0.08558070645241611-54, id: 0.08558070645241611-55, id: 0.08558070645241611-56, id: 0.08558070645241611-57, id: 0.08558070645241611-58, id: 0.08558070645241611-59, id: 0.08558070645241611-60, id: 0.08558070645241611-61, id: 0.08558070645241611-62, id: 0.08558070645241611-63, id: 0.08558070645241611-64, id: 0.08558070645241611-65, id: 0.08558070645241611-66, id: 0.08558070645241611-67, id: 0.08558070645241611-68, id: 0.08558070645241611-69, id: 0.08558070645241611-70, id: 0.08558070645241611-71, id: 0.08558070645241611-72, id: 0.08558070645241611-73, id: 0.08558070645241611-74, id: 0.08558070645241611-75, id: 0.08558070645241611-76, id: 0.08558070645241611-77, id: 0.08558070645241611-78, id: 0.08558070645241611-79, id: 0.08558070645241611-80, id: 0.08558070645241611-81, id: 0.08558070645241611-82, id: 0.08558070645241611-83, id: 0.08558070645241611-84, id: 0.08558070645241611-85, id: 0.08558070645241611-86, id: 0.08558070645241611-87, id: 0.08558070645241611-88, id: 0.08558070645241611-89, id: 0.08558070645241611-90, id: 0.08558070645241611-91, id: 0.08558070645241611-92, id: 0.08558070645241611-93, id: 0.08558070645241611-94, id: 0.08558070645241611-95, id: 0.08558070645241611-96]
[WebDriverCommandLogger] - Executing getElementText element: By.xpath: //div[@id=&apos;c_articlelist_stories_2&apos;]/ul[1]/li/span[1]/a parameters: {&quot;id&quot;:&quot;0.08558070645241611-37&quot;}
[WebDriverCommandLogger] - command: getElementText[ param-1: By.xpath: //div[@id=&apos;c_articlelist_stories_2&apos;]/ul[1]/li/span[1]/a param-2: {&quot;id&quot;:&quot;0.08558070645241611-37&quot;}] Result: getElementText:IMD expects monsoon to revive by weekend
[WebDriverCommandLogger] - Executing findElements parameters: {&quot;using&quot;:&quot;xpath&quot;,&quot;value&quot;:&quot;//div[@id=&apos;c_articlelist_stories_2&apos;]/ul[1]/li/span[2]/span[2]&quot;}
[WebDriverCommandLogger] - command: findElements[ param-1: {value=//div[@id=&apos;c_articlelist_stories_2&apos;]/ul[1]/li/span[2]/span[2], using=xpath}] Result: [id: 0.08558070645241611-97, id: 0.08558070645241611-98, id: 0.08558070645241611-99, id: 0.08558070645241611-100, id: 0.08558070645241611-101, id: 0.08558070645241611-102, id: 0.08558070645241611-103, id: 0.08558070645241611-104, id: 0.08558070645241611-105, id: 0.08558070645241611-106, id: 0.08558070645241611-107, id: 0.08558070645241611-108, id: 0.08558070645241611-109, id: 0.08558070645241611-110, id: 0.08558070645241611-111, id: 0.08558070645241611-112, id: 0.08558070645241611-113, id: 0.08558070645241611-114, id: 0.08558070645241611-115, id: 0.08558070645241611-116, id: 0.08558070645241611-117, id: 0.08558070645241611-118, id: 0.08558070645241611-119, id: 0.08558070645241611-120, id: 0.08558070645241611-121, id: 0.08558070645241611-122, id: 0.08558070645241611-123, id: 0.08558070645241611-124, id: 0.08558070645241611-125, id: 0.08558070645241611-126, id: 0.08558070645241611-127, id: 0.08558070645241611-128, id: 0.08558070645241611-129, id: 0.08558070645241611-130, id: 0.08558070645241611-131, id: 0.08558070645241611-132, id: 0.08558070645241611-133, id: 0.08558070645241611-134, id: 0.08558070645241611-135, id: 0.08558070645241611-136, id: 0.08558070645241611-137, id: 0.08558070645241611-138, id: 0.08558070645241611-139, id: 0.08558070645241611-140, id: 0.08558070645241611-141, id: 0.08558070645241611-142, id: 0.08558070645241611-143, id: 0.08558070645241611-144, id: 0.08558070645241611-145, id: 0.08558070645241611-146, id: 0.08558070645241611-147, id: 0.08558070645241611-148, id: 0.08558070645241611-149, id: 0.08558070645241611-150, id: 0.08558070645241611-151, id: 0.08558070645241611-152, id: 0.08558070645241611-153, id: 0.08558070645241611-154, id: 0.08558070645241611-155, id: 0.08558070645241611-156, id: 0.08558070645241611-157, id: 0.08558070645241611-158, id: 0.08558070645241611-159, id: 0.08558070645241611-160, id: 0.08558070645241611-161, id: 0.08558070645241611-162, id: 0.08558070645241611-163, id: 0.08558070645241611-164, id: 0.08558070645241611-165, id: 0.08558070645241611-166, id: 0.08558070645241611-167, id: 0.08558070645241611-168, id: 0.08558070645241611-169, id: 0.08558070645241611-170, id: 0.08558070645241611-171, id: 0.08558070645241611-172, id: 0.08558070645241611-173, id: 0.08558070645241611-174, id: 0.08558070645241611-175, id: 0.08558070645241611-176, id: 0.08558070645241611-177, id: 0.08558070645241611-178, id: 0.08558070645241611-179, id: 0.08558070645241611-180, id: 0.08558070645241611-181, id: 0.08558070645241611-182, id: 0.08558070645241611-183, id: 0.08558070645241611-184, id: 0.08558070645241611-185, id: 0.08558070645241611-186, id: 0.08558070645241611-187, id: 0.08558070645241611-188, id: 0.08558070645241611-189, id: 0.08558070645241611-190, id: 0.08558070645241611-191, id: 0.08558070645241611-192]
[WebDriverCommandLogger] - Executing getElementText element: By.xpath: //div[@id=&apos;c_articlelist_stories_2&apos;]/ul[1]/li/span[2]/span[2] parameters: {&quot;id&quot;:&quot;0.08558070645241611-133&quot;}
[WebDriverCommandLogger] - command: getElementText[ param-1: By.xpath: //div[@id=&apos;c_articlelist_stories_2&apos;]/ul[1]/li/span[2]/span[2] param-2: {&quot;id&quot;:&quot;0.08558070645241611-133&quot;}] Result: getElementText:1 DAY AGO
[WebDriverCommandLogger] - Executing findElements parameters: {&quot;using&quot;:&quot;xpath&quot;,&quot;value&quot;:&quot;//div[@id=&apos;c_articlelist_stories_2&apos;]/ul[1]/li/span[1]/a&quot;}
[WebDriverCommandLogger] - command: findElements[ param-1: {value=//div[@id=&apos;c_articlelist_stories_2&apos;]/ul[1]/li/span[1]/a, using=xpath}] Result: [id: 0.08558070645241611-1, id: 0.08558070645241611-2, id: 0.08558070645241611-3, id: 0.08558070645241611-4, id: 0.08558070645241611-5, id: 0.08558070645241611-6, id: 0.08558070645241611-7, id: 0.08558070645241611-8, id: 0.08558070645241611-9, id: 0.08558070645241611-10, id: 0.08558070645241611-11, id: 0.08558070645241611-12, id: 0.08558070645241611-13, id: 0.08558070645241611-14, id: 0.08558070645241611-15, id: 0.08558070645241611-16, id: 0.08558070645241611-17, id: 0.08558070645241611-18, id: 0.08558070645241611-19, id: 0.08558070645241611-20, id: 0.08558070645241611-21, id: 0.08558070645241611-22, id: 0.08558070645241611-23, id: 0.08558070645241611-24, id: 0.08558070645241611-25, id: 0.08558070645241611-26, id: 0.08558070645241611-27, id: 0.08558070645241611-28, id: 0.08558070645241611-29, id: 0.08558070645241611-30, id: 0.08558070645241611-31, id: 0.08558070645241611-32, id: 0.08558070645241611-33, id: 0.08558070645241611-34, id: 0.08558070645241611-35, id: 0.08558070645241611-36, id: 0.08558070645241611-37, id: 0.08558070645241611-38, id: 0.08558070645241611-39, id: 0.08558070645241611-40, id: 0.08558070645241611-41, id: 0.08558070645241611-42, id: 0.08558070645241611-43, id: 0.08558070645241611-44, id: 0.08558070645241611-45, id: 0.08558070645241611-46, id: 0.08558070645241611-47, id: 0.08558070645241611-48, id: 0.08558070645241611-49, id: 0.08558070645241611-50, id: 0.08558070645241611-51, id: 0.08558070645241611-52, id: 0.08558070645241611-53, id: 0.08558070645241611-54, id: 0.08558070645241611-55, id: 0.08558070645241611-56, id: 0.08558070645241611-57, id: 0.08558070645241611-58, id: 0.08558070645241611-59, id: 0.08558070645241611-60, id: 0.08558070645241611-61, id: 0.08558070645241611-62, id: 0.08558070645241611-63, id: 0.08558070645241611-64, id: 0.08558070645241611-65, id: 0.08558070645241611-66, id: 0.08558070645241611-67, id: 0.08558070645241611-68, id: 0.08558070645241611-69, id: 0.08558070645241611-70, id: 0.08558070645241611-71, id: 0.08558070645241611-72, id: 0.08558070645241611-73, id: 0.08558070645241611-74, id: 0.08558070645241611-75, id: 0.08558070645241611-76, id: 0.08558070645241611-77, id: 0.08558070645241611-78, id: 0.08558070645241611-79, id: 0.08558070645241611-80, id: 0.08558070645241611-81, id: 0.08558070645241611-82, id: 0.08558070645241611-83, id: 0.08558070645241611-84, id: 0.08558070645241611-85, id: 0.08558070645241611-86, id: 0.08558070645241611-87, id: 0.08558070645241611-88, id: 0.08558070645241611-89, id: 0.08558070645241611-90, id: 0.08558070645241611-91, id: 0.08558070645241611-92, id: 0.08558070645241611-93, id: 0.08558070645241611-94, id: 0.08558070645241611-95, id: 0.08558070645241611-96]
[WebDriverCommandLogger] - Executing findElements parameters: {&quot;using&quot;:&quot;xpath&quot;,&quot;value&quot;:&quot;//div[@id=&apos;c_articlelist_stories_2&apos;]/ul[1]/li/span[1]/a&quot;}
[WebDriverCommandLogger] - command: findElements[ param-1: {value=//div[@id=&apos;c_articlelist_stories_2&apos;]/ul[1]/li/span[1]/a, using=xpath}] Result: [id: 0.08558070645241611-1, id: 0.08558070645241611-2, id: 0.08558070645241611-3, id: 0.08558070645241611-4, id: 0.08558070645241611-5, id: 0.08558070645241611-6, id: 0.08558070645241611-7, id: 0.08558070645241611-8, id: 0.08558070645241611-9, id: 0.08558070645241611-10, id: 0.08558070645241611-11, id: 0.08558070645241611-12, id: 0.08558070645241611-13, id: 0.08558070645241611-14, id: 0.08558070645241611-15, id: 0.08558070645241611-16, id: 0.08558070645241611-17, id: 0.08558070645241611-18, id: 0.08558070645241611-19, id: 0.08558070645241611-20, id: 0.08558070645241611-21, id: 0.08558070645241611-22, id: 0.08558070645241611-23, id: 0.08558070645241611-24, id: 0.08558070645241611-25, id: 0.08558070645241611-26, id: 0.08558070645241611-27, id: 0.08558070645241611-28, id: 0.08558070645241611-29, id: 0.08558070645241611-30, id: 0.08558070645241611-31, id: 0.08558070645241611-32, id: 0.08558070645241611-33, id: 0.08558070645241611-34, id: 0.08558070645241611-35, id: 0.08558070645241611-36, id: 0.08558070645241611-37, id: 0.08558070645241611-38, id: 0.08558070645241611-39, id: 0.08558070645241611-40, id: 0.08558070645241611-41, id: 0.08558070645241611-42, id: 0.08558070645241611-43, id: 0.08558070645241611-44, id: 0.08558070645241611-45, id: 0.08558070645241611-46, id: 0.08558070645241611-47, id: 0.08558070645241611-48, id: 0.08558070645241611-49, id: 0.08558070645241611-50, id: 0.08558070645241611-51, id: 0.08558070645241611-52, id: 0.08558070645241611-53, id: 0.08558070645241611-54, id: 0.08558070645241611-55, id: 0.08558070645241611-56, id: 0.08558070645241611-57, id: 0.08558070645241611-58, id: 0.08558070645241611-59, id: 0.08558070645241611-60, id: 0.08558070645241611-61, id: 0.08558070645241611-62, id: 0.08558070645241611-63, id: 0.08558070645241611-64, id: 0.08558070645241611-65, id: 0.08558070645241611-66, id: 0.08558070645241611-67, id: 0.08558070645241611-68, id: 0.08558070645241611-69, id: 0.08558070645241611-70, id: 0.08558070645241611-71, id: 0.08558070645241611-72, id: 0.08558070645241611-73, id: 0.08558070645241611-74, id: 0.08558070645241611-75, id: 0.08558070645241611-76, id: 0.08558070645241611-77, id: 0.08558070645241611-78, id: 0.08558070645241611-79, id: 0.08558070645241611-80, id: 0.08558070645241611-81, id: 0.08558070645241611-82, id: 0.08558070645241611-83, id: 0.08558070645241611-84, id: 0.08558070645241611-85, id: 0.08558070645241611-86, id: 0.08558070645241611-87, id: 0.08558070645241611-88, id: 0.08558070645241611-89, id: 0.08558070645241611-90, id: 0.08558070645241611-91, id: 0.08558070645241611-92, id: 0.08558070645241611-93, id: 0.08558070645241611-94, id: 0.08558070645241611-95, id: 0.08558070645241611-96]
[WebDriverCommandLogger] - Executing getElementText element: By.xpath: //div[@id=&apos;c_articlelist_stories_2&apos;]/ul[1]/li/span[1]/a parameters: {&quot;id&quot;:&quot;0.08558070645241611-38&quot;}
[WebDriverCommandLogger] - command: getElementText[ param-1: By.xpath: //div[@id=&apos;c_articlelist_stories_2&apos;]/ul[1]/li/span[1]/a param-2: {&quot;id&quot;:&quot;0.08558070645241611-38&quot;}] Result: getElementText:In chance recovery, Mercedes-Benz stolen from hotel found in Rajasthan
[WebDriverCommandLogger] - Executing findElements parameters: {&quot;using&quot;:&quot;xpath&quot;,&quot;value&quot;:&quot;//div[@id=&apos;c_articlelist_stories_2&apos;]/ul[1]/li/span[2]/span[2]&quot;}
[WebDriverCommandLogger] - command: findElements[ param-1: {value=//div[@id=&apos;c_articlelist_stories_2&apos;]/ul[1]/li/span[2]/span[2], using=xpath}] Result: [id: 0.08558070645241611-97, id: 0.08558070645241611-98, id: 0.08558070645241611-99, id: 0.08558070645241611-100, id: 0.08558070645241611-101, id: 0.08558070645241611-102, id: 0.08558070645241611-103, id: 0.08558070645241611-104, id: 0.08558070645241611-105, id: 0.08558070645241611-106, id: 0.08558070645241611-107, id: 0.08558070645241611-108, id: 0.08558070645241611-109, id: 0.08558070645241611-110, id: 0.08558070645241611-111, id: 0.08558070645241611-112, id: 0.08558070645241611-113, id: 0.08558070645241611-114, id: 0.08558070645241611-115, id: 0.08558070645241611-116, id: 0.08558070645241611-117, id: 0.08558070645241611-118, id: 0.08558070645241611-119, id: 0.08558070645241611-120, id: 0.08558070645241611-121, id: 0.08558070645241611-122, id: 0.08558070645241611-123, id: 0.08558070645241611-124, id: 0.08558070645241611-125, id: 0.08558070645241611-126, id: 0.08558070645241611-127, id: 0.08558070645241611-128, id: 0.08558070645241611-129, id: 0.08558070645241611-130, id: 0.08558070645241611-131, id: 0.08558070645241611-132, id: 0.08558070645241611-133, id: 0.08558070645241611-134, id: 0.08558070645241611-135, id: 0.08558070645241611-136, id: 0.08558070645241611-137, id: 0.08558070645241611-138, id: 0.08558070645241611-139, id: 0.08558070645241611-140, id: 0.08558070645241611-141, id: 0.08558070645241611-142, id: 0.08558070645241611-143, id: 0.08558070645241611-144, id: 0.08558070645241611-145, id: 0.08558070645241611-146, id: 0.08558070645241611-147, id: 0.08558070645241611-148, id: 0.08558070645241611-149, id: 0.08558070645241611-150, id: 0.08558070645241611-151, id: 0.08558070645241611-152, id: 0.08558070645241611-153, id: 0.08558070645241611-154, id: 0.08558070645241611-155, id: 0.08558070645241611-156, id: 0.08558070645241611-157, id: 0.08558070645241611-158, id: 0.08558070645241611-159, id: 0.08558070645241611-160, id: 0.08558070645241611-161, id: 0.08558070645241611-162, id: 0.08558070645241611-163, id: 0.08558070645241611-164, id: 0.08558070645241611-165, id: 0.08558070645241611-166, id: 0.08558070645241611-167, id: 0.08558070645241611-168, id: 0.08558070645241611-169, id: 0.08558070645241611-170, id: 0.08558070645241611-171, id: 0.08558070645241611-172, id: 0.08558070645241611-173, id: 0.08558070645241611-174, id: 0.08558070645241611-175, id: 0.08558070645241611-176, id: 0.08558070645241611-177, id: 0.08558070645241611-178, id: 0.08558070645241611-179, id: 0.08558070645241611-180, id: 0.08558070645241611-181, id: 0.08558070645241611-182, id: 0.08558070645241611-183, id: 0.08558070645241611-184, id: 0.08558070645241611-185, id: 0.08558070645241611-186, id: 0.08558070645241611-187, id: 0.08558070645241611-188, id: 0.08558070645241611-189, id: 0.08558070645241611-190, id: 0.08558070645241611-191, id: 0.08558070645241611-192]
[WebDriverCommandLogger] - Executing getElementText element: By.xpath: //div[@id=&apos;c_articlelist_stories_2&apos;]/ul[1]/li/span[2]/span[2] parameters: {&quot;id&quot;:&quot;0.08558070645241611-134&quot;}
[WebDriverCommandLogger] - command: getElementText[ param-1: By.xpath: //div[@id=&apos;c_articlelist_stories_2&apos;]/ul[1]/li/span[2]/span[2] param-2: {&quot;id&quot;:&quot;0.08558070645241611-134&quot;}] Result: getElementText:1 DAY AGO
[WebDriverCommandLogger] - Executing findElements parameters: {&quot;using&quot;:&quot;xpath&quot;,&quot;value&quot;:&quot;//div[@id=&apos;c_articlelist_stories_2&apos;]/ul[1]/li/span[1]/a&quot;}
[WebDriverCommandLogger] - command: findElements[ param-1: {value=//div[@id=&apos;c_articlelist_stories_2&apos;]/ul[1]/li/span[1]/a, using=xpath}] Result: [id: 0.08558070645241611-1, id: 0.08558070645241611-2, id: 0.08558070645241611-3, id: 0.08558070645241611-4, id: 0.08558070645241611-5, id: 0.08558070645241611-6, id: 0.08558070645241611-7, id: 0.08558070645241611-8, id: 0.08558070645241611-9, id: 0.08558070645241611-10, id: 0.08558070645241611-11, id: 0.08558070645241611-12, id: 0.08558070645241611-13, id: 0.08558070645241611-14, id: 0.08558070645241611-15, id: 0.08558070645241611-16, id: 0.08558070645241611-17, id: 0.08558070645241611-18, id: 0.08558070645241611-19, id: 0.08558070645241611-20, id: 0.08558070645241611-21, id: 0.08558070645241611-22, id: 0.08558070645241611-23, id: 0.08558070645241611-24, id: 0.08558070645241611-25, id: 0.08558070645241611-26, id: 0.08558070645241611-27, id: 0.08558070645241611-28, id: 0.08558070645241611-29, id: 0.08558070645241611-30, id: 0.08558070645241611-31, id: 0.08558070645241611-32, id: 0.08558070645241611-33, id: 0.08558070645241611-34, id: 0.08558070645241611-35, id: 0.08558070645241611-36, id: 0.08558070645241611-37, id: 0.08558070645241611-38, id: 0.08558070645241611-39, id: 0.08558070645241611-40, id: 0.08558070645241611-41, id: 0.08558070645241611-42, id: 0.08558070645241611-43, id: 0.08558070645241611-44, id: 0.08558070645241611-45, id: 0.08558070645241611-46, id: 0.08558070645241611-47, id: 0.08558070645241611-48, id: 0.08558070645241611-49, id: 0.08558070645241611-50, id: 0.08558070645241611-51, id: 0.08558070645241611-52, id: 0.08558070645241611-53, id: 0.08558070645241611-54, id: 0.08558070645241611-55, id: 0.08558070645241611-56, id: 0.08558070645241611-57, id: 0.08558070645241611-58, id: 0.08558070645241611-59, id: 0.08558070645241611-60, id: 0.08558070645241611-61, id: 0.08558070645241611-62, id: 0.08558070645241611-63, id: 0.08558070645241611-64, id: 0.08558070645241611-65, id: 0.08558070645241611-66, id: 0.08558070645241611-67, id: 0.08558070645241611-68, id: 0.08558070645241611-69, id: 0.08558070645241611-70, id: 0.08558070645241611-71, id: 0.08558070645241611-72, id: 0.08558070645241611-73, id: 0.08558070645241611-74, id: 0.08558070645241611-75, id: 0.08558070645241611-76, id: 0.08558070645241611-77, id: 0.08558070645241611-78, id: 0.08558070645241611-79, id: 0.08558070645241611-80, id: 0.08558070645241611-81, id: 0.08558070645241611-82, id: 0.08558070645241611-83, id: 0.08558070645241611-84, id: 0.08558070645241611-85, id: 0.08558070645241611-86, id: 0.08558070645241611-87, id: 0.08558070645241611-88, id: 0.08558070645241611-89, id: 0.08558070645241611-90, id: 0.08558070645241611-91, id: 0.08558070645241611-92, id: 0.08558070645241611-93, id: 0.08558070645241611-94, id: 0.08558070645241611-95, id: 0.08558070645241611-96]
[WebDriverCommandLogger] - Executing findElements parameters: {&quot;using&quot;:&quot;xpath&quot;,&quot;value&quot;:&quot;//div[@id=&apos;c_articlelist_stories_2&apos;]/ul[1]/li/span[1]/a&quot;}
[WebDriverCommandLogger] - command: findElements[ param-1: {value=//div[@id=&apos;c_articlelist_stories_2&apos;]/ul[1]/li/span[1]/a, using=xpath}] Result: [id: 0.08558070645241611-1, id: 0.08558070645241611-2, id: 0.08558070645241611-3, id: 0.08558070645241611-4, id: 0.08558070645241611-5, id: 0.08558070645241611-6, id: 0.08558070645241611-7, id: 0.08558070645241611-8, id: 0.08558070645241611-9, id: 0.08558070645241611-10, id: 0.08558070645241611-11, id: 0.08558070645241611-12, id: 0.08558070645241611-13, id: 0.08558070645241611-14, id: 0.08558070645241611-15, id: 0.08558070645241611-16, id: 0.08558070645241611-17, id: 0.08558070645241611-18, id: 0.08558070645241611-19, id: 0.08558070645241611-20, id: 0.08558070645241611-21, id: 0.08558070645241611-22, id: 0.08558070645241611-23, id: 0.08558070645241611-24, id: 0.08558070645241611-25, id: 0.08558070645241611-26, id: 0.08558070645241611-27, id: 0.08558070645241611-28, id: 0.08558070645241611-29, id: 0.08558070645241611-30, id: 0.08558070645241611-31, id: 0.08558070645241611-32, id: 0.08558070645241611-33, id: 0.08558070645241611-34, id: 0.08558070645241611-35, id: 0.08558070645241611-36, id: 0.08558070645241611-37, id: 0.08558070645241611-38, id: 0.08558070645241611-39, id: 0.08558070645241611-40, id: 0.08558070645241611-41, id: 0.08558070645241611-42, id: 0.08558070645241611-43, id: 0.08558070645241611-44, id: 0.08558070645241611-45, id: 0.08558070645241611-46, id: 0.08558070645241611-47, id: 0.08558070645241611-48, id: 0.08558070645241611-49, id: 0.08558070645241611-50, id: 0.08558070645241611-51, id: 0.08558070645241611-52, id: 0.08558070645241611-53, id: 0.08558070645241611-54, id: 0.08558070645241611-55, id: 0.08558070645241611-56, id: 0.08558070645241611-57, id: 0.08558070645241611-58, id: 0.08558070645241611-59, id: 0.08558070645241611-60, id: 0.08558070645241611-61, id: 0.08558070645241611-62, id: 0.08558070645241611-63, id: 0.08558070645241611-64, id: 0.08558070645241611-65, id: 0.08558070645241611-66, id: 0.08558070645241611-67, id: 0.08558070645241611-68, id: 0.08558070645241611-69, id: 0.08558070645241611-70, id: 0.08558070645241611-71, id: 0.08558070645241611-72, id: 0.08558070645241611-73, id: 0.08558070645241611-74, id: 0.08558070645241611-75, id: 0.08558070645241611-76, id: 0.08558070645241611-77, id: 0.08558070645241611-78, id: 0.08558070645241611-79, id: 0.08558070645241611-80, id: 0.08558070645241611-81, id: 0.08558070645241611-82, id: 0.08558070645241611-83, id: 0.08558070645241611-84, id: 0.08558070645241611-85, id: 0.08558070645241611-86, id: 0.08558070645241611-87, id: 0.08558070645241611-88, id: 0.08558070645241611-89, id: 0.08558070645241611-90, id: 0.08558070645241611-91, id: 0.08558070645241611-92, id: 0.08558070645241611-93, id: 0.08558070645241611-94, id: 0.08558070645241611-95, id: 0.08558070645241611-96]
[WebDriverCommandLogger] - Executing getElementText element: By.xpath: //div[@id=&apos;c_articlelist_stories_2&apos;]/ul[1]/li/span[1]/a parameters: {&quot;id&quot;:&quot;0.08558070645241611-39&quot;}
[WebDriverCommandLogger] - command: getElementText[ param-1: By.xpath: //div[@id=&apos;c_articlelist_stories_2&apos;]/ul[1]/li/span[1]/a param-2: {&quot;id&quot;:&quot;0.08558070645241611-39&quot;}] Result: getElementText:RTS chief asks govt departments to respond to service queries
[WebDriverCommandLogger] - Executing findElements parameters: {&quot;using&quot;:&quot;xpath&quot;,&quot;value&quot;:&quot;//div[@id=&apos;c_articlelist_stories_2&apos;]/ul[1]/li/span[2]/span[2]&quot;}
[WebDriverCommandLogger] - command: findElements[ param-1: {value=//div[@id=&apos;c_articlelist_stories_2&apos;]/ul[1]/li/span[2]/span[2], using=xpath}] Result: [id: 0.08558070645241611-97, id: 0.08558070645241611-98, id: 0.08558070645241611-99, id: 0.08558070645241611-100, id: 0.08558070645241611-101, id: 0.08558070645241611-102, id: 0.08558070645241611-103, id: 0.08558070645241611-104, id: 0.08558070645241611-105, id: 0.08558070645241611-106, id: 0.08558070645241611-107, id: 0.08558070645241611-108, id: 0.08558070645241611-109, id: 0.08558070645241611-110, id: 0.08558070645241611-111, id: 0.08558070645241611-112, id: 0.08558070645241611-113, id: 0.08558070645241611-114, id: 0.08558070645241611-115, id: 0.08558070645241611-116, id: 0.08558070645241611-117, id: 0.08558070645241611-118, id: 0.08558070645241611-119, id: 0.08558070645241611-120, id: 0.08558070645241611-121, id: 0.08558070645241611-122, id: 0.08558070645241611-123, id: 0.08558070645241611-124, id: 0.08558070645241611-125, id: 0.08558070645241611-126, id: 0.08558070645241611-127, id: 0.08558070645241611-128, id: 0.08558070645241611-129, id: 0.08558070645241611-130, id: 0.08558070645241611-131, id: 0.08558070645241611-132, id: 0.08558070645241611-133, id: 0.08558070645241611-134, id: 0.08558070645241611-135, id: 0.08558070645241611-136, id: 0.08558070645241611-137, id: 0.08558070645241611-138, id: 0.08558070645241611-139, id: 0.08558070645241611-140, id: 0.08558070645241611-141, id: 0.08558070645241611-142, id: 0.08558070645241611-143, id: 0.08558070645241611-144, id: 0.08558070645241611-145, id: 0.08558070645241611-146, id: 0.08558070645241611-147, id: 0.08558070645241611-148, id: 0.08558070645241611-149, id: 0.08558070645241611-150, id: 0.08558070645241611-151, id: 0.08558070645241611-152, id: 0.08558070645241611-153, id: 0.08558070645241611-154, id: 0.08558070645241611-155, id: 0.08558070645241611-156, id: 0.08558070645241611-157, id: 0.08558070645241611-158, id: 0.08558070645241611-159, id: 0.08558070645241611-160, id: 0.08558070645241611-161, id: 0.08558070645241611-162, id: 0.08558070645241611-163, id: 0.08558070645241611-164, id: 0.08558070645241611-165, id: 0.08558070645241611-166, id: 0.08558070645241611-167, id: 0.08558070645241611-168, id: 0.08558070645241611-169, id: 0.08558070645241611-170, id: 0.08558070645241611-171, id: 0.08558070645241611-172, id: 0.08558070645241611-173, id: 0.08558070645241611-174, id: 0.08558070645241611-175, id: 0.08558070645241611-176, id: 0.08558070645241611-177, id: 0.08558070645241611-178, id: 0.08558070645241611-179, id: 0.08558070645241611-180, id: 0.08558070645241611-181, id: 0.08558070645241611-182, id: 0.08558070645241611-183, id: 0.08558070645241611-184, id: 0.08558070645241611-185, id: 0.08558070645241611-186, id: 0.08558070645241611-187, id: 0.08558070645241611-188, id: 0.08558070645241611-189, id: 0.08558070645241611-190, id: 0.08558070645241611-191, id: 0.08558070645241611-192]
[WebDriverCommandLogger] - Executing getElementText element: By.xpath: //div[@id=&apos;c_articlelist_stories_2&apos;]/ul[1]/li/span[2]/span[2] parameters: {&quot;id&quot;:&quot;0.08558070645241611-135&quot;}
[WebDriverCommandLogger] - command: getElementText[ param-1: By.xpath: //div[@id=&apos;c_articlelist_stories_2&apos;]/ul[1]/li/span[2]/span[2] param-2: {&quot;id&quot;:&quot;0.08558070645241611-135&quot;}] Result: getElementText:1 DAY AGO
[WebDriverCommandLogger] - Executing findElements parameters: {&quot;using&quot;:&quot;xpath&quot;,&quot;value&quot;:&quot;//div[@id=&apos;c_articlelist_stories_2&apos;]/ul[1]/li/span[1]/a&quot;}
[WebDriverCommandLogger] - command: findElements[ param-1: {value=//div[@id=&apos;c_articlelist_stories_2&apos;]/ul[1]/li/span[1]/a, using=xpath}] Result: [id: 0.08558070645241611-1, id: 0.08558070645241611-2, id: 0.08558070645241611-3, id: 0.08558070645241611-4, id: 0.08558070645241611-5, id: 0.08558070645241611-6, id: 0.08558070645241611-7, id: 0.08558070645241611-8, id: 0.08558070645241611-9, id: 0.08558070645241611-10, id: 0.08558070645241611-11, id: 0.08558070645241611-12, id: 0.08558070645241611-13, id: 0.08558070645241611-14, id: 0.08558070645241611-15, id: 0.08558070645241611-16, id: 0.08558070645241611-17, id: 0.08558070645241611-18, id: 0.08558070645241611-19, id: 0.08558070645241611-20, id: 0.08558070645241611-21, id: 0.08558070645241611-22, id: 0.08558070645241611-23, id: 0.08558070645241611-24, id: 0.08558070645241611-25, id: 0.08558070645241611-26, id: 0.08558070645241611-27, id: 0.08558070645241611-28, id: 0.08558070645241611-29, id: 0.08558070645241611-30, id: 0.08558070645241611-31, id: 0.08558070645241611-32, id: 0.08558070645241611-33, id: 0.08558070645241611-34, id: 0.08558070645241611-35, id: 0.08558070645241611-36, id: 0.08558070645241611-37, id: 0.08558070645241611-38, id: 0.08558070645241611-39, id: 0.08558070645241611-40, id: 0.08558070645241611-41, id: 0.08558070645241611-42, id: 0.08558070645241611-43, id: 0.08558070645241611-44, id: 0.08558070645241611-45, id: 0.08558070645241611-46, id: 0.08558070645241611-47, id: 0.08558070645241611-48, id: 0.08558070645241611-49, id: 0.08558070645241611-50, id: 0.08558070645241611-51, id: 0.08558070645241611-52, id: 0.08558070645241611-53, id: 0.08558070645241611-54, id: 0.08558070645241611-55, id: 0.08558070645241611-56, id: 0.08558070645241611-57, id: 0.08558070645241611-58, id: 0.08558070645241611-59, id: 0.08558070645241611-60, id: 0.08558070645241611-61, id: 0.08558070645241611-62, id: 0.08558070645241611-63, id: 0.08558070645241611-64, id: 0.08558070645241611-65, id: 0.08558070645241611-66, id: 0.08558070645241611-67, id: 0.08558070645241611-68, id: 0.08558070645241611-69, id: 0.08558070645241611-70, id: 0.08558070645241611-71, id: 0.08558070645241611-72, id: 0.08558070645241611-73, id: 0.08558070645241611-74, id: 0.08558070645241611-75, id: 0.08558070645241611-76, id: 0.08558070645241611-77, id: 0.08558070645241611-78, id: 0.08558070645241611-79, id: 0.08558070645241611-80, id: 0.08558070645241611-81, id: 0.08558070645241611-82, id: 0.08558070645241611-83, id: 0.08558070645241611-84, id: 0.08558070645241611-85, id: 0.08558070645241611-86, id: 0.08558070645241611-87, id: 0.08558070645241611-88, id: 0.08558070645241611-89, id: 0.08558070645241611-90, id: 0.08558070645241611-91, id: 0.08558070645241611-92, id: 0.08558070645241611-93, id: 0.08558070645241611-94, id: 0.08558070645241611-95, id: 0.08558070645241611-96]
[WebDriverCommandLogger] - Executing findElements parameters: {&quot;using&quot;:&quot;xpath&quot;,&quot;value&quot;:&quot;//div[@id=&apos;c_articlelist_stories_2&apos;]/ul[1]/li/span[1]/a&quot;}
[WebDriverCommandLogger] - command: findElements[ param-1: {value=//div[@id=&apos;c_articlelist_stories_2&apos;]/ul[1]/li/span[1]/a, using=xpath}] Result: [id: 0.08558070645241611-1, id: 0.08558070645241611-2, id: 0.08558070645241611-3, id: 0.08558070645241611-4, id: 0.08558070645241611-5, id: 0.08558070645241611-6, id: 0.08558070645241611-7, id: 0.08558070645241611-8, id: 0.08558070645241611-9, id: 0.08558070645241611-10, id: 0.08558070645241611-11, id: 0.08558070645241611-12, id: 0.08558070645241611-13, id: 0.08558070645241611-14, id: 0.08558070645241611-15, id: 0.08558070645241611-16, id: 0.08558070645241611-17, id: 0.08558070645241611-18, id: 0.08558070645241611-19, id: 0.08558070645241611-20, id: 0.08558070645241611-21, id: 0.08558070645241611-22, id: 0.08558070645241611-23, id: 0.08558070645241611-24, id: 0.08558070645241611-25, id: 0.08558070645241611-26, id: 0.08558070645241611-27, id: 0.08558070645241611-28, id: 0.08558070645241611-29, id: 0.08558070645241611-30, id: 0.08558070645241611-31, id: 0.08558070645241611-32, id: 0.08558070645241611-33, id: 0.08558070645241611-34, id: 0.08558070645241611-35, id: 0.08558070645241611-36, id: 0.08558070645241611-37, id: 0.08558070645241611-38, id: 0.08558070645241611-39, id: 0.08558070645241611-40, id: 0.08558070645241611-41, id: 0.08558070645241611-42, id: 0.08558070645241611-43, id: 0.08558070645241611-44, id: 0.08558070645241611-45, id: 0.08558070645241611-46, id: 0.08558070645241611-47, id: 0.08558070645241611-48, id: 0.08558070645241611-49, id: 0.08558070645241611-50, id: 0.08558070645241611-51, id: 0.08558070645241611-52, id: 0.08558070645241611-53, id: 0.08558070645241611-54, id: 0.08558070645241611-55, id: 0.08558070645241611-56, id: 0.08558070645241611-57, id: 0.08558070645241611-58, id: 0.08558070645241611-59, id: 0.08558070645241611-60, id: 0.08558070645241611-61, id: 0.08558070645241611-62, id: 0.08558070645241611-63, id: 0.08558070645241611-64, id: 0.08558070645241611-65, id: 0.08558070645241611-66, id: 0.08558070645241611-67, id: 0.08558070645241611-68, id: 0.08558070645241611-69, id: 0.08558070645241611-70, id: 0.08558070645241611-71, id: 0.08558070645241611-72, id: 0.08558070645241611-73, id: 0.08558070645241611-74, id: 0.08558070645241611-75, id: 0.08558070645241611-76, id: 0.08558070645241611-77, id: 0.08558070645241611-78, id: 0.08558070645241611-79, id: 0.08558070645241611-80, id: 0.08558070645241611-81, id: 0.08558070645241611-82, id: 0.08558070645241611-83, id: 0.08558070645241611-84, id: 0.08558070645241611-85, id: 0.08558070645241611-86, id: 0.08558070645241611-87, id: 0.08558070645241611-88, id: 0.08558070645241611-89, id: 0.08558070645241611-90, id: 0.08558070645241611-91, id: 0.08558070645241611-92, id: 0.08558070645241611-93, id: 0.08558070645241611-94, id: 0.08558070645241611-95, id: 0.08558070645241611-96]
[WebDriverCommandLogger] - Executing getElementText element: By.xpath: //div[@id=&apos;c_articlelist_stories_2&apos;]/ul[1]/li/span[1]/a parameters: {&quot;id&quot;:&quot;0.08558070645241611-40&quot;}
[WebDriverCommandLogger] - command: getElementText[ param-1: By.xpath: //div[@id=&apos;c_articlelist_stories_2&apos;]/ul[1]/li/span[1]/a param-2: {&quot;id&quot;:&quot;0.08558070645241611-40&quot;}] Result: getElementText:Man murders wife &amp; son, daughter among two hurt
[WebDriverCommandLogger] - Executing findElements parameters: {&quot;using&quot;:&quot;xpath&quot;,&quot;value&quot;:&quot;//div[@id=&apos;c_articlelist_stories_2&apos;]/ul[1]/li/span[2]/span[2]&quot;}
[WebDriverCommandLogger] - command: findElements[ param-1: {value=//div[@id=&apos;c_articlelist_stories_2&apos;]/ul[1]/li/span[2]/span[2], using=xpath}] Result: [id: 0.08558070645241611-97, id: 0.08558070645241611-98, id: 0.08558070645241611-99, id: 0.08558070645241611-100, id: 0.08558070645241611-101, id: 0.08558070645241611-102, id: 0.08558070645241611-103, id: 0.08558070645241611-104, id: 0.08558070645241611-105, id: 0.08558070645241611-106, id: 0.08558070645241611-107, id: 0.08558070645241611-108, id: 0.08558070645241611-109, id: 0.08558070645241611-110, id: 0.08558070645241611-111, id: 0.08558070645241611-112, id: 0.08558070645241611-113, id: 0.08558070645241611-114, id: 0.08558070645241611-115, id: 0.08558070645241611-116, id: 0.08558070645241611-117, id: 0.08558070645241611-118, id: 0.08558070645241611-119, id: 0.08558070645241611-120, id: 0.08558070645241611-121, id: 0.08558070645241611-122, id: 0.08558070645241611-123, id: 0.08558070645241611-124, id: 0.08558070645241611-125, id: 0.08558070645241611-126, id: 0.08558070645241611-127, id: 0.08558070645241611-128, id: 0.08558070645241611-129, id: 0.08558070645241611-130, id: 0.08558070645241611-131, id: 0.08558070645241611-132, id: 0.08558070645241611-133, id: 0.08558070645241611-134, id: 0.08558070645241611-135, id: 0.08558070645241611-136, id: 0.08558070645241611-137, id: 0.08558070645241611-138, id: 0.08558070645241611-139, id: 0.08558070645241611-140, id: 0.08558070645241611-141, id: 0.08558070645241611-142, id: 0.08558070645241611-143, id: 0.08558070645241611-144, id: 0.08558070645241611-145, id: 0.08558070645241611-146, id: 0.08558070645241611-147, id: 0.08558070645241611-148, id: 0.08558070645241611-149, id: 0.08558070645241611-150, id: 0.08558070645241611-151, id: 0.08558070645241611-152, id: 0.08558070645241611-153, id: 0.08558070645241611-154, id: 0.08558070645241611-155, id: 0.08558070645241611-156, id: 0.08558070645241611-157, id: 0.08558070645241611-158, id: 0.08558070645241611-159, id: 0.08558070645241611-160, id: 0.08558070645241611-161, id: 0.08558070645241611-162, id: 0.08558070645241611-163, id: 0.08558070645241611-164, id: 0.08558070645241611-165, id: 0.08558070645241611-166, id: 0.08558070645241611-167, id: 0.08558070645241611-168, id: 0.08558070645241611-169, id: 0.08558070645241611-170, id: 0.08558070645241611-171, id: 0.08558070645241611-172, id: 0.08558070645241611-173, id: 0.08558070645241611-174, id: 0.08558070645241611-175, id: 0.08558070645241611-176, id: 0.08558070645241611-177, id: 0.08558070645241611-178, id: 0.08558070645241611-179, id: 0.08558070645241611-180, id: 0.08558070645241611-181, id: 0.08558070645241611-182, id: 0.08558070645241611-183, id: 0.08558070645241611-184, id: 0.08558070645241611-185, id: 0.08558070645241611-186, id: 0.08558070645241611-187, id: 0.08558070645241611-188, id: 0.08558070645241611-189, id: 0.08558070645241611-190, id: 0.08558070645241611-191, id: 0.08558070645241611-192]
[WebDriverCommandLogger] - Executing getElementText element: By.xpath: //div[@id=&apos;c_articlelist_stories_2&apos;]/ul[1]/li/span[2]/span[2] parameters: {&quot;id&quot;:&quot;0.08558070645241611-136&quot;}
[WebDriverCommandLogger] - command: getElementText[ param-1: By.xpath: //div[@id=&apos;c_articlelist_stories_2&apos;]/ul[1]/li/span[2]/span[2] param-2: {&quot;id&quot;:&quot;0.08558070645241611-136&quot;}] Result: getElementText:1 DAY AGO
[WebDriverCommandLogger] - Executing findElements parameters: {&quot;using&quot;:&quot;xpath&quot;,&quot;value&quot;:&quot;//div[@id=&apos;c_articlelist_stories_2&apos;]/ul[1]/li/span[1]/a&quot;}
[WebDriverCommandLogger] - command: findElements[ param-1: {value=//div[@id=&apos;c_articlelist_stories_2&apos;]/ul[1]/li/span[1]/a, using=xpath}] Result: [id: 0.08558070645241611-1, id: 0.08558070645241611-2, id: 0.08558070645241611-3, id: 0.08558070645241611-4, id: 0.08558070645241611-5, id: 0.08558070645241611-6, id: 0.08558070645241611-7, id: 0.08558070645241611-8, id: 0.08558070645241611-9, id: 0.08558070645241611-10, id: 0.08558070645241611-11, id: 0.08558070645241611-12, id: 0.08558070645241611-13, id: 0.08558070645241611-14, id: 0.08558070645241611-15, id: 0.08558070645241611-16, id: 0.08558070645241611-17, id: 0.08558070645241611-18, id: 0.08558070645241611-19, id: 0.08558070645241611-20, id: 0.08558070645241611-21, id: 0.08558070645241611-22, id: 0.08558070645241611-23, id: 0.08558070645241611-24, id: 0.08558070645241611-25, id: 0.08558070645241611-26, id: 0.08558070645241611-27, id: 0.08558070645241611-28, id: 0.08558070645241611-29, id: 0.08558070645241611-30, id: 0.08558070645241611-31, id: 0.08558070645241611-32, id: 0.08558070645241611-33, id: 0.08558070645241611-34, id: 0.08558070645241611-35, id: 0.08558070645241611-36, id: 0.08558070645241611-37, id: 0.08558070645241611-38, id: 0.08558070645241611-39, id: 0.08558070645241611-40, id: 0.08558070645241611-41, id: 0.08558070645241611-42, id: 0.08558070645241611-43, id: 0.08558070645241611-44, id: 0.08558070645241611-45, id: 0.08558070645241611-46, id: 0.08558070645241611-47, id: 0.08558070645241611-48, id: 0.08558070645241611-49, id: 0.08558070645241611-50, id: 0.08558070645241611-51, id: 0.08558070645241611-52, id: 0.08558070645241611-53, id: 0.08558070645241611-54, id: 0.08558070645241611-55, id: 0.08558070645241611-56, id: 0.08558070645241611-57, id: 0.08558070645241611-58, id: 0.08558070645241611-59, id: 0.08558070645241611-60, id: 0.08558070645241611-61, id: 0.08558070645241611-62, id: 0.08558070645241611-63, id: 0.08558070645241611-64, id: 0.08558070645241611-65, id: 0.08558070645241611-66, id: 0.08558070645241611-67, id: 0.08558070645241611-68, id: 0.08558070645241611-69, id: 0.08558070645241611-70, id: 0.08558070645241611-71, id: 0.08558070645241611-72, id: 0.08558070645241611-73, id: 0.08558070645241611-74, id: 0.08558070645241611-75, id: 0.08558070645241611-76, id: 0.08558070645241611-77, id: 0.08558070645241611-78, id: 0.08558070645241611-79, id: 0.08558070645241611-80, id: 0.08558070645241611-81, id: 0.08558070645241611-82, id: 0.08558070645241611-83, id: 0.08558070645241611-84, id: 0.08558070645241611-85, id: 0.08558070645241611-86, id: 0.08558070645241611-87, id: 0.08558070645241611-88, id: 0.08558070645241611-89, id: 0.08558070645241611-90, id: 0.08558070645241611-91, id: 0.08558070645241611-92, id: 0.08558070645241611-93, id: 0.08558070645241611-94, id: 0.08558070645241611-95, id: 0.08558070645241611-96]
[WebDriverCommandLogger] - Executing findElements parameters: {&quot;using&quot;:&quot;xpath&quot;,&quot;value&quot;:&quot;//div[@id=&apos;c_articlelist_stories_2&apos;]/ul[1]/li/span[1]/a&quot;}
[WebDriverCommandLogger] - command: findElements[ param-1: {value=//div[@id=&apos;c_articlelist_stories_2&apos;]/ul[1]/li/span[1]/a, using=xpath}] Result: [id: 0.08558070645241611-1, id: 0.08558070645241611-2, id: 0.08558070645241611-3, id: 0.08558070645241611-4, id: 0.08558070645241611-5, id: 0.08558070645241611-6, id: 0.08558070645241611-7, id: 0.08558070645241611-8, id: 0.08558070645241611-9, id: 0.08558070645241611-10, id: 0.08558070645241611-11, id: 0.08558070645241611-12, id: 0.08558070645241611-13, id: 0.08558070645241611-14, id: 0.08558070645241611-15, id: 0.08558070645241611-16, id: 0.08558070645241611-17, id: 0.08558070645241611-18, id: 0.08558070645241611-19, id: 0.08558070645241611-20, id: 0.08558070645241611-21, id: 0.08558070645241611-22, id: 0.08558070645241611-23, id: 0.08558070645241611-24, id: 0.08558070645241611-25, id: 0.08558070645241611-26, id: 0.08558070645241611-27, id: 0.08558070645241611-28, id: 0.08558070645241611-29, id: 0.08558070645241611-30, id: 0.08558070645241611-31, id: 0.08558070645241611-32, id: 0.08558070645241611-33, id: 0.08558070645241611-34, id: 0.08558070645241611-35, id: 0.08558070645241611-36, id: 0.08558070645241611-37, id: 0.08558070645241611-38, id: 0.08558070645241611-39, id: 0.08558070645241611-40, id: 0.08558070645241611-41, id: 0.08558070645241611-42, id: 0.08558070645241611-43, id: 0.08558070645241611-44, id: 0.08558070645241611-45, id: 0.08558070645241611-46, id: 0.08558070645241611-47, id: 0.08558070645241611-48, id: 0.08558070645241611-49, id: 0.08558070645241611-50, id: 0.08558070645241611-51, id: 0.08558070645241611-52, id: 0.08558070645241611-53, id: 0.08558070645241611-54, id: 0.08558070645241611-55, id: 0.08558070645241611-56, id: 0.08558070645241611-57, id: 0.08558070645241611-58, id: 0.08558070645241611-59, id: 0.08558070645241611-60, id: 0.08558070645241611-61, id: 0.08558070645241611-62, id: 0.08558070645241611-63, id: 0.08558070645241611-64, id: 0.08558070645241611-65, id: 0.08558070645241611-66, id: 0.08558070645241611-67, id: 0.08558070645241611-68, id: 0.08558070645241611-69, id: 0.08558070645241611-70, id: 0.08558070645241611-71, id: 0.08558070645241611-72, id: 0.08558070645241611-73, id: 0.08558070645241611-74, id: 0.08558070645241611-75, id: 0.08558070645241611-76, id: 0.08558070645241611-77, id: 0.08558070645241611-78, id: 0.08558070645241611-79, id: 0.08558070645241611-80, id: 0.08558070645241611-81, id: 0.08558070645241611-82, id: 0.08558070645241611-83, id: 0.08558070645241611-84, id: 0.08558070645241611-85, id: 0.08558070645241611-86, id: 0.08558070645241611-87, id: 0.08558070645241611-88, id: 0.08558070645241611-89, id: 0.08558070645241611-90, id: 0.08558070645241611-91, id: 0.08558070645241611-92, id: 0.08558070645241611-93, id: 0.08558070645241611-94, id: 0.08558070645241611-95, id: 0.08558070645241611-96]
[WebDriverCommandLogger] - Executing getElementText element: By.xpath: //div[@id=&apos;c_articlelist_stories_2&apos;]/ul[1]/li/span[1]/a parameters: {&quot;id&quot;:&quot;0.08558070645241611-41&quot;}
[WebDriverCommandLogger] - command: getElementText[ param-1: By.xpath: //div[@id=&apos;c_articlelist_stories_2&apos;]/ul[1]/li/span[1]/a param-2: {&quot;id&quot;:&quot;0.08558070645241611-41&quot;}] Result: getElementText:Rural police organise camp to find missing people, identify bodies
[WebDriverCommandLogger] - Executing findElements parameters: {&quot;using&quot;:&quot;xpath&quot;,&quot;value&quot;:&quot;//div[@id=&apos;c_articlelist_stories_2&apos;]/ul[1]/li/span[2]/span[2]&quot;}
[WebDriverCommandLogger] - command: findElements[ param-1: {value=//div[@id=&apos;c_articlelist_stories_2&apos;]/ul[1]/li/span[2]/span[2], using=xpath}] Result: [id: 0.08558070645241611-97, id: 0.08558070645241611-98, id: 0.08558070645241611-99, id: 0.08558070645241611-100, id: 0.08558070645241611-101, id: 0.08558070645241611-102, id: 0.08558070645241611-103, id: 0.08558070645241611-104, id: 0.08558070645241611-105, id: 0.08558070645241611-106, id: 0.08558070645241611-107, id: 0.08558070645241611-108, id: 0.08558070645241611-109, id: 0.08558070645241611-110, id: 0.08558070645241611-111, id: 0.08558070645241611-112, id: 0.08558070645241611-113, id: 0.08558070645241611-114, id: 0.08558070645241611-115, id: 0.08558070645241611-116, id: 0.08558070645241611-117, id: 0.08558070645241611-118, id: 0.08558070645241611-119, id: 0.08558070645241611-120, id: 0.08558070645241611-121, id: 0.08558070645241611-122, id: 0.08558070645241611-123, id: 0.08558070645241611-124, id: 0.08558070645241611-125, id: 0.08558070645241611-126, id: 0.08558070645241611-127, id: 0.08558070645241611-128, id: 0.08558070645241611-129, id: 0.08558070645241611-130, id: 0.08558070645241611-131, id: 0.08558070645241611-132, id: 0.08558070645241611-133, id: 0.08558070645241611-134, id: 0.08558070645241611-135, id: 0.08558070645241611-136, id: 0.08558070645241611-137, id: 0.08558070645241611-138, id: 0.08558070645241611-139, id: 0.08558070645241611-140, id: 0.08558070645241611-141, id: 0.08558070645241611-142, id: 0.08558070645241611-143, id: 0.08558070645241611-144, id: 0.08558070645241611-145, id: 0.08558070645241611-146, id: 0.08558070645241611-147, id: 0.08558070645241611-148, id: 0.08558070645241611-149, id: 0.08558070645241611-150, id: 0.08558070645241611-151, id: 0.08558070645241611-152, id: 0.08558070645241611-153, id: 0.08558070645241611-154, id: 0.08558070645241611-155, id: 0.08558070645241611-156, id: 0.08558070645241611-157, id: 0.08558070645241611-158, id: 0.08558070645241611-159, id: 0.08558070645241611-160, id: 0.08558070645241611-161, id: 0.08558070645241611-162, id: 0.08558070645241611-163, id: 0.08558070645241611-164, id: 0.08558070645241611-165, id: 0.08558070645241611-166, id: 0.08558070645241611-167, id: 0.08558070645241611-168, id: 0.08558070645241611-169, id: 0.08558070645241611-170, id: 0.08558070645241611-171, id: 0.08558070645241611-172, id: 0.08558070645241611-173, id: 0.08558070645241611-174, id: 0.08558070645241611-175, id: 0.08558070645241611-176, id: 0.08558070645241611-177, id: 0.08558070645241611-178, id: 0.08558070645241611-179, id: 0.08558070645241611-180, id: 0.08558070645241611-181, id: 0.08558070645241611-182, id: 0.08558070645241611-183, id: 0.08558070645241611-184, id: 0.08558070645241611-185, id: 0.08558070645241611-186, id: 0.08558070645241611-187, id: 0.08558070645241611-188, id: 0.08558070645241611-189, id: 0.08558070645241611-190, id: 0.08558070645241611-191, id: 0.08558070645241611-192]
[WebDriverCommandLogger] - Executing getElementText element: By.xpath: //div[@id=&apos;c_articlelist_stories_2&apos;]/ul[1]/li/span[2]/span[2] parameters: {&quot;id&quot;:&quot;0.08558070645241611-137&quot;}
[WebDriverCommandLogger] - command: getElementText[ param-1: By.xpath: //div[@id=&apos;c_articlelist_stories_2&apos;]/ul[1]/li/span[2]/span[2] param-2: {&quot;id&quot;:&quot;0.08558070645241611-137&quot;}] Result: getElementText:1 DAY AGO
[WebDriverCommandLogger] - Executing findElements parameters: {&quot;using&quot;:&quot;xpath&quot;,&quot;value&quot;:&quot;//div[@id=&apos;c_articlelist_stories_2&apos;]/ul[1]/li/span[1]/a&quot;}
[WebDriverCommandLogger] - command: findElements[ param-1: {value=//div[@id=&apos;c_articlelist_stories_2&apos;]/ul[1]/li/span[1]/a, using=xpath}] Result: [id: 0.08558070645241611-1, id: 0.08558070645241611-2, id: 0.08558070645241611-3, id: 0.08558070645241611-4, id: 0.08558070645241611-5, id: 0.08558070645241611-6, id: 0.08558070645241611-7, id: 0.08558070645241611-8, id: 0.08558070645241611-9, id: 0.08558070645241611-10, id: 0.08558070645241611-11, id: 0.08558070645241611-12, id: 0.08558070645241611-13, id: 0.08558070645241611-14, id: 0.08558070645241611-15, id: 0.08558070645241611-16, id: 0.08558070645241611-17, id: 0.08558070645241611-18, id: 0.08558070645241611-19, id: 0.08558070645241611-20, id: 0.08558070645241611-21, id: 0.08558070645241611-22, id: 0.08558070645241611-23, id: 0.08558070645241611-24, id: 0.08558070645241611-25, id: 0.08558070645241611-26, id: 0.08558070645241611-27, id: 0.08558070645241611-28, id: 0.08558070645241611-29, id: 0.08558070645241611-30, id: 0.08558070645241611-31, id: 0.08558070645241611-32, id: 0.08558070645241611-33, id: 0.08558070645241611-34, id: 0.08558070645241611-35, id: 0.08558070645241611-36, id: 0.08558070645241611-37, id: 0.08558070645241611-38, id: 0.08558070645241611-39, id: 0.08558070645241611-40, id: 0.08558070645241611-41, id: 0.08558070645241611-42, id: 0.08558070645241611-43, id: 0.08558070645241611-44, id: 0.08558070645241611-45, id: 0.08558070645241611-46, id: 0.08558070645241611-47, id: 0.08558070645241611-48, id: 0.08558070645241611-49, id: 0.08558070645241611-50, id: 0.08558070645241611-51, id: 0.08558070645241611-52, id: 0.08558070645241611-53, id: 0.08558070645241611-54, id: 0.08558070645241611-55, id: 0.08558070645241611-56, id: 0.08558070645241611-57, id: 0.08558070645241611-58, id: 0.08558070645241611-59, id: 0.08558070645241611-60, id: 0.08558070645241611-61, id: 0.08558070645241611-62, id: 0.08558070645241611-63, id: 0.08558070645241611-64, id: 0.08558070645241611-65, id: 0.08558070645241611-66, id: 0.08558070645241611-67, id: 0.08558070645241611-68, id: 0.08558070645241611-69, id: 0.08558070645241611-70, id: 0.08558070645241611-71, id: 0.08558070645241611-72, id: 0.08558070645241611-73, id: 0.08558070645241611-74, id: 0.08558070645241611-75, id: 0.08558070645241611-76, id: 0.08558070645241611-77, id: 0.08558070645241611-78, id: 0.08558070645241611-79, id: 0.08558070645241611-80, id: 0.08558070645241611-81, id: 0.08558070645241611-82, id: 0.08558070645241611-83, id: 0.08558070645241611-84, id: 0.08558070645241611-85, id: 0.08558070645241611-86, id: 0.08558070645241611-87, id: 0.08558070645241611-88, id: 0.08558070645241611-89, id: 0.08558070645241611-90, id: 0.08558070645241611-91, id: 0.08558070645241611-92, id: 0.08558070645241611-93, id: 0.08558070645241611-94, id: 0.08558070645241611-95, id: 0.08558070645241611-96]
[WebDriverCommandLogger] - Executing findElements parameters: {&quot;using&quot;:&quot;xpath&quot;,&quot;value&quot;:&quot;//div[@id=&apos;c_articlelist_stories_2&apos;]/ul[1]/li/span[1]/a&quot;}
[WebDriverCommandLogger] - command: findElements[ param-1: {value=//div[@id=&apos;c_articlelist_stories_2&apos;]/ul[1]/li/span[1]/a, using=xpath}] Result: [id: 0.08558070645241611-1, id: 0.08558070645241611-2, id: 0.08558070645241611-3, id: 0.08558070645241611-4, id: 0.08558070645241611-5, id: 0.08558070645241611-6, id: 0.08558070645241611-7, id: 0.08558070645241611-8, id: 0.08558070645241611-9, id: 0.08558070645241611-10, id: 0.08558070645241611-11, id: 0.08558070645241611-12, id: 0.08558070645241611-13, id: 0.08558070645241611-14, id: 0.08558070645241611-15, id: 0.08558070645241611-16, id: 0.08558070645241611-17, id: 0.08558070645241611-18, id: 0.08558070645241611-19, id: 0.08558070645241611-20, id: 0.08558070645241611-21, id: 0.08558070645241611-22, id: 0.08558070645241611-23, id: 0.08558070645241611-24, id: 0.08558070645241611-25, id: 0.08558070645241611-26, id: 0.08558070645241611-27, id: 0.08558070645241611-28, id: 0.08558070645241611-29, id: 0.08558070645241611-30, id: 0.08558070645241611-31, id: 0.08558070645241611-32, id: 0.08558070645241611-33, id: 0.08558070645241611-34, id: 0.08558070645241611-35, id: 0.08558070645241611-36, id: 0.08558070645241611-37, id: 0.08558070645241611-38, id: 0.08558070645241611-39, id: 0.08558070645241611-40, id: 0.08558070645241611-41, id: 0.08558070645241611-42, id: 0.08558070645241611-43, id: 0.08558070645241611-44, id: 0.08558070645241611-45, id: 0.08558070645241611-46, id: 0.08558070645241611-47, id: 0.08558070645241611-48, id: 0.08558070645241611-49, id: 0.08558070645241611-50, id: 0.08558070645241611-51, id: 0.08558070645241611-52, id: 0.08558070645241611-53, id: 0.08558070645241611-54, id: 0.08558070645241611-55, id: 0.08558070645241611-56, id: 0.08558070645241611-57, id: 0.08558070645241611-58, id: 0.08558070645241611-59, id: 0.08558070645241611-60, id: 0.08558070645241611-61, id: 0.08558070645241611-62, id: 0.08558070645241611-63, id: 0.08558070645241611-64, id: 0.08558070645241611-65, id: 0.08558070645241611-66, id: 0.08558070645241611-67, id: 0.08558070645241611-68, id: 0.08558070645241611-69, id: 0.08558070645241611-70, id: 0.08558070645241611-71, id: 0.08558070645241611-72, id: 0.08558070645241611-73, id: 0.08558070645241611-74, id: 0.08558070645241611-75, id: 0.08558070645241611-76, id: 0.08558070645241611-77, id: 0.08558070645241611-78, id: 0.08558070645241611-79, id: 0.08558070645241611-80, id: 0.08558070645241611-81, id: 0.08558070645241611-82, id: 0.08558070645241611-83, id: 0.08558070645241611-84, id: 0.08558070645241611-85, id: 0.08558070645241611-86, id: 0.08558070645241611-87, id: 0.08558070645241611-88, id: 0.08558070645241611-89, id: 0.08558070645241611-90, id: 0.08558070645241611-91, id: 0.08558070645241611-92, id: 0.08558070645241611-93, id: 0.08558070645241611-94, id: 0.08558070645241611-95, id: 0.08558070645241611-96]
[WebDriverCommandLogger] - Executing getElementText element: By.xpath: //div[@id=&apos;c_articlelist_stories_2&apos;]/ul[1]/li/span[1]/a parameters: {&quot;id&quot;:&quot;0.08558070645241611-42&quot;}
[WebDriverCommandLogger] - command: getElementText[ param-1: By.xpath: //div[@id=&apos;c_articlelist_stories_2&apos;]/ul[1]/li/span[1]/a param-2: {&quot;id&quot;:&quot;0.08558070645241611-42&quot;}] Result: getElementText:KalamSat plants seeds of possible human mission
[WebDriverCommandLogger] - Executing findElements parameters: {&quot;using&quot;:&quot;xpath&quot;,&quot;value&quot;:&quot;//div[@id=&apos;c_articlelist_stories_2&apos;]/ul[1]/li/span[2]/span[2]&quot;}
[WebDriverCommandLogger] - command: findElements[ param-1: {value=//div[@id=&apos;c_articlelist_stories_2&apos;]/ul[1]/li/span[2]/span[2], using=xpath}] Result: [id: 0.08558070645241611-97, id: 0.08558070645241611-98, id: 0.08558070645241611-99, id: 0.08558070645241611-100, id: 0.08558070645241611-101, id: 0.08558070645241611-102, id: 0.08558070645241611-103, id: 0.08558070645241611-104, id: 0.08558070645241611-105, id: 0.08558070645241611-106, id: 0.08558070645241611-107, id: 0.08558070645241611-108, id: 0.08558070645241611-109, id: 0.08558070645241611-110, id: 0.08558070645241611-111, id: 0.08558070645241611-112, id: 0.08558070645241611-113, id: 0.08558070645241611-114, id: 0.08558070645241611-115, id: 0.08558070645241611-116, id: 0.08558070645241611-117, id: 0.08558070645241611-118, id: 0.08558070645241611-119, id: 0.08558070645241611-120, id: 0.08558070645241611-121, id: 0.08558070645241611-122, id: 0.08558070645241611-123, id: 0.08558070645241611-124, id: 0.08558070645241611-125, id: 0.08558070645241611-126, id: 0.08558070645241611-127, id: 0.08558070645241611-128, id: 0.08558070645241611-129, id: 0.08558070645241611-130, id: 0.08558070645241611-131, id: 0.08558070645241611-132, id: 0.08558070645241611-133, id: 0.08558070645241611-134, id: 0.08558070645241611-135, id: 0.08558070645241611-136, id: 0.08558070645241611-137, id: 0.08558070645241611-138, id: 0.08558070645241611-139, id: 0.08558070645241611-140, id: 0.08558070645241611-141, id: 0.08558070645241611-142, id: 0.08558070645241611-143, id: 0.08558070645241611-144, id: 0.08558070645241611-145, id: 0.08558070645241611-146, id: 0.08558070645241611-147, id: 0.08558070645241611-148, id: 0.08558070645241611-149, id: 0.08558070645241611-150, id: 0.08558070645241611-151, id: 0.08558070645241611-152, id: 0.08558070645241611-153, id: 0.08558070645241611-154, id: 0.08558070645241611-155, id: 0.08558070645241611-156, id: 0.08558070645241611-157, id: 0.08558070645241611-158, id: 0.08558070645241611-159, id: 0.08558070645241611-160, id: 0.08558070645241611-161, id: 0.08558070645241611-162, id: 0.08558070645241611-163, id: 0.08558070645241611-164, id: 0.08558070645241611-165, id: 0.08558070645241611-166, id: 0.08558070645241611-167, id: 0.08558070645241611-168, id: 0.08558070645241611-169, id: 0.08558070645241611-170, id: 0.08558070645241611-171, id: 0.08558070645241611-172, id: 0.08558070645241611-173, id: 0.08558070645241611-174, id: 0.08558070645241611-175, id: 0.08558070645241611-176, id: 0.08558070645241611-177, id: 0.08558070645241611-178, id: 0.08558070645241611-179, id: 0.08558070645241611-180, id: 0.08558070645241611-181, id: 0.08558070645241611-182, id: 0.08558070645241611-183, id: 0.08558070645241611-184, id: 0.08558070645241611-185, id: 0.08558070645241611-186, id: 0.08558070645241611-187, id: 0.08558070645241611-188, id: 0.08558070645241611-189, id: 0.08558070645241611-190, id: 0.08558070645241611-191, id: 0.08558070645241611-192]
[WebDriverCommandLogger] - Executing getElementText element: By.xpath: //div[@id=&apos;c_articlelist_stories_2&apos;]/ul[1]/li/span[2]/span[2] parameters: {&quot;id&quot;:&quot;0.08558070645241611-138&quot;}
[WebDriverCommandLogger] - command: getElementText[ param-1: By.xpath: //div[@id=&apos;c_articlelist_stories_2&apos;]/ul[1]/li/span[2]/span[2] param-2: {&quot;id&quot;:&quot;0.08558070645241611-138&quot;}] Result: getElementText:1 DAY AGO
[WebDriverCommandLogger] - Executing findElements parameters: {&quot;using&quot;:&quot;xpath&quot;,&quot;value&quot;:&quot;//div[@id=&apos;c_articlelist_stories_2&apos;]/ul[1]/li/span[1]/a&quot;}
[WebDriverCommandLogger] - command: findElements[ param-1: {value=//div[@id=&apos;c_articlelist_stories_2&apos;]/ul[1]/li/span[1]/a, using=xpath}] Result: [id: 0.08558070645241611-1, id: 0.08558070645241611-2, id: 0.08558070645241611-3, id: 0.08558070645241611-4, id: 0.08558070645241611-5, id: 0.08558070645241611-6, id: 0.08558070645241611-7, id: 0.08558070645241611-8, id: 0.08558070645241611-9, id: 0.08558070645241611-10, id: 0.08558070645241611-11, id: 0.08558070645241611-12, id: 0.08558070645241611-13, id: 0.08558070645241611-14, id: 0.08558070645241611-15, id: 0.08558070645241611-16, id: 0.08558070645241611-17, id: 0.08558070645241611-18, id: 0.08558070645241611-19, id: 0.08558070645241611-20, id: 0.08558070645241611-21, id: 0.08558070645241611-22, id: 0.08558070645241611-23, id: 0.08558070645241611-24, id: 0.08558070645241611-25, id: 0.08558070645241611-26, id: 0.08558070645241611-27, id: 0.08558070645241611-28, id: 0.08558070645241611-29, id: 0.08558070645241611-30, id: 0.08558070645241611-31, id: 0.08558070645241611-32, id: 0.08558070645241611-33, id: 0.08558070645241611-34, id: 0.08558070645241611-35, id: 0.08558070645241611-36, id: 0.08558070645241611-37, id: 0.08558070645241611-38, id: 0.08558070645241611-39, id: 0.08558070645241611-40, id: 0.08558070645241611-41, id: 0.08558070645241611-42, id: 0.08558070645241611-43, id: 0.08558070645241611-44, id: 0.08558070645241611-45, id: 0.08558070645241611-46, id: 0.08558070645241611-47, id: 0.08558070645241611-48, id: 0.08558070645241611-49, id: 0.08558070645241611-50, id: 0.08558070645241611-51, id: 0.08558070645241611-52, id: 0.08558070645241611-53, id: 0.08558070645241611-54, id: 0.08558070645241611-55, id: 0.08558070645241611-56, id: 0.08558070645241611-57, id: 0.08558070645241611-58, id: 0.08558070645241611-59, id: 0.08558070645241611-60, id: 0.08558070645241611-61, id: 0.08558070645241611-62, id: 0.08558070645241611-63, id: 0.08558070645241611-64, id: 0.08558070645241611-65, id: 0.08558070645241611-66, id: 0.08558070645241611-67, id: 0.08558070645241611-68, id: 0.08558070645241611-69, id: 0.08558070645241611-70, id: 0.08558070645241611-71, id: 0.08558070645241611-72, id: 0.08558070645241611-73, id: 0.08558070645241611-74, id: 0.08558070645241611-75, id: 0.08558070645241611-76, id: 0.08558070645241611-77, id: 0.08558070645241611-78, id: 0.08558070645241611-79, id: 0.08558070645241611-80, id: 0.08558070645241611-81, id: 0.08558070645241611-82, id: 0.08558070645241611-83, id: 0.08558070645241611-84, id: 0.08558070645241611-85, id: 0.08558070645241611-86, id: 0.08558070645241611-87, id: 0.08558070645241611-88, id: 0.08558070645241611-89, id: 0.08558070645241611-90, id: 0.08558070645241611-91, id: 0.08558070645241611-92, id: 0.08558070645241611-93, id: 0.08558070645241611-94, id: 0.08558070645241611-95, id: 0.08558070645241611-96]
[WebDriverCommandLogger] - Executing findElements parameters: {&quot;using&quot;:&quot;xpath&quot;,&quot;value&quot;:&quot;//div[@id=&apos;c_articlelist_stories_2&apos;]/ul[1]/li/span[1]/a&quot;}
[WebDriverCommandLogger] - command: findElements[ param-1: {value=//div[@id=&apos;c_articlelist_stories_2&apos;]/ul[1]/li/span[1]/a, using=xpath}] Result: [id: 0.08558070645241611-1, id: 0.08558070645241611-2, id: 0.08558070645241611-3, id: 0.08558070645241611-4, id: 0.08558070645241611-5, id: 0.08558070645241611-6, id: 0.08558070645241611-7, id: 0.08558070645241611-8, id: 0.08558070645241611-9, id: 0.08558070645241611-10, id: 0.08558070645241611-11, id: 0.08558070645241611-12, id: 0.08558070645241611-13, id: 0.08558070645241611-14, id: 0.08558070645241611-15, id: 0.08558070645241611-16, id: 0.08558070645241611-17, id: 0.08558070645241611-18, id: 0.08558070645241611-19, id: 0.08558070645241611-20, id: 0.08558070645241611-21, id: 0.08558070645241611-22, id: 0.08558070645241611-23, id: 0.08558070645241611-24, id: 0.08558070645241611-25, id: 0.08558070645241611-26, id: 0.08558070645241611-27, id: 0.08558070645241611-28, id: 0.08558070645241611-29, id: 0.08558070645241611-30, id: 0.08558070645241611-31, id: 0.08558070645241611-32, id: 0.08558070645241611-33, id: 0.08558070645241611-34, id: 0.08558070645241611-35, id: 0.08558070645241611-36, id: 0.08558070645241611-37, id: 0.08558070645241611-38, id: 0.08558070645241611-39, id: 0.08558070645241611-40, id: 0.08558070645241611-41, id: 0.08558070645241611-42, id: 0.08558070645241611-43, id: 0.08558070645241611-44, id: 0.08558070645241611-45, id: 0.08558070645241611-46, id: 0.08558070645241611-47, id: 0.08558070645241611-48, id: 0.08558070645241611-49, id: 0.08558070645241611-50, id: 0.08558070645241611-51, id: 0.08558070645241611-52, id: 0.08558070645241611-53, id: 0.08558070645241611-54, id: 0.08558070645241611-55, id: 0.08558070645241611-56, id: 0.08558070645241611-57, id: 0.08558070645241611-58, id: 0.08558070645241611-59, id: 0.08558070645241611-60, id: 0.08558070645241611-61, id: 0.08558070645241611-62, id: 0.08558070645241611-63, id: 0.08558070645241611-64, id: 0.08558070645241611-65, id: 0.08558070645241611-66, id: 0.08558070645241611-67, id: 0.08558070645241611-68, id: 0.08558070645241611-69, id: 0.08558070645241611-70, id: 0.08558070645241611-71, id: 0.08558070645241611-72, id: 0.08558070645241611-73, id: 0.08558070645241611-74, id: 0.08558070645241611-75, id: 0.08558070645241611-76, id: 0.08558070645241611-77, id: 0.08558070645241611-78, id: 0.08558070645241611-79, id: 0.08558070645241611-80, id: 0.08558070645241611-81, id: 0.08558070645241611-82, id: 0.08558070645241611-83, id: 0.08558070645241611-84, id: 0.08558070645241611-85, id: 0.08558070645241611-86, id: 0.08558070645241611-87, id: 0.08558070645241611-88, id: 0.08558070645241611-89, id: 0.08558070645241611-90, id: 0.08558070645241611-91, id: 0.08558070645241611-92, id: 0.08558070645241611-93, id: 0.08558070645241611-94, id: 0.08558070645241611-95, id: 0.08558070645241611-96]
[WebDriverCommandLogger] - Executing getElementText element: By.xpath: //div[@id=&apos;c_articlelist_stories_2&apos;]/ul[1]/li/span[1]/a parameters: {&quot;id&quot;:&quot;0.08558070645241611-43&quot;}
[WebDriverCommandLogger] - command: getElementText[ param-1: By.xpath: //div[@id=&apos;c_articlelist_stories_2&apos;]/ul[1]/li/span[1]/a param-2: {&quot;id&quot;:&quot;0.08558070645241611-43&quot;}] Result: getElementText:Debt-ridden labourer robs gold chain
[WebDriverCommandLogger] - Executing findElements parameters: {&quot;using&quot;:&quot;xpath&quot;,&quot;value&quot;:&quot;//div[@id=&apos;c_articlelist_stories_2&apos;]/ul[1]/li/span[2]/span[2]&quot;}
[WebDriverCommandLogger] - command: findElements[ param-1: {value=//div[@id=&apos;c_articlelist_stories_2&apos;]/ul[1]/li/span[2]/span[2], using=xpath}] Result: [id: 0.08558070645241611-97, id: 0.08558070645241611-98, id: 0.08558070645241611-99, id: 0.08558070645241611-100, id: 0.08558070645241611-101, id: 0.08558070645241611-102, id: 0.08558070645241611-103, id: 0.08558070645241611-104, id: 0.08558070645241611-105, id: 0.08558070645241611-106, id: 0.08558070645241611-107, id: 0.08558070645241611-108, id: 0.08558070645241611-109, id: 0.08558070645241611-110, id: 0.08558070645241611-111, id: 0.08558070645241611-112, id: 0.08558070645241611-113, id: 0.08558070645241611-114, id: 0.08558070645241611-115, id: 0.08558070645241611-116, id: 0.08558070645241611-117, id: 0.08558070645241611-118, id: 0.08558070645241611-119, id: 0.08558070645241611-120, id: 0.08558070645241611-121, id: 0.08558070645241611-122, id: 0.08558070645241611-123, id: 0.08558070645241611-124, id: 0.08558070645241611-125, id: 0.08558070645241611-126, id: 0.08558070645241611-127, id: 0.08558070645241611-128, id: 0.08558070645241611-129, id: 0.08558070645241611-130, id: 0.08558070645241611-131, id: 0.08558070645241611-132, id: 0.08558070645241611-133, id: 0.08558070645241611-134, id: 0.08558070645241611-135, id: 0.08558070645241611-136, id: 0.08558070645241611-137, id: 0.08558070645241611-138, id: 0.08558070645241611-139, id: 0.08558070645241611-140, id: 0.08558070645241611-141, id: 0.08558070645241611-142, id: 0.08558070645241611-143, id: 0.08558070645241611-144, id: 0.08558070645241611-145, id: 0.08558070645241611-146, id: 0.08558070645241611-147, id: 0.08558070645241611-148, id: 0.08558070645241611-149, id: 0.08558070645241611-150, id: 0.08558070645241611-151, id: 0.08558070645241611-152, id: 0.08558070645241611-153, id: 0.08558070645241611-154, id: 0.08558070645241611-155, id: 0.08558070645241611-156, id: 0.08558070645241611-157, id: 0.08558070645241611-158, id: 0.08558070645241611-159, id: 0.08558070645241611-160, id: 0.08558070645241611-161, id: 0.08558070645241611-162, id: 0.08558070645241611-163, id: 0.08558070645241611-164, id: 0.08558070645241611-165, id: 0.08558070645241611-166, id: 0.08558070645241611-167, id: 0.08558070645241611-168, id: 0.08558070645241611-169, id: 0.08558070645241611-170, id: 0.08558070645241611-171, id: 0.08558070645241611-172, id: 0.08558070645241611-173, id: 0.08558070645241611-174, id: 0.08558070645241611-175, id: 0.08558070645241611-176, id: 0.08558070645241611-177, id: 0.08558070645241611-178, id: 0.08558070645241611-179, id: 0.08558070645241611-180, id: 0.08558070645241611-181, id: 0.08558070645241611-182, id: 0.08558070645241611-183, id: 0.08558070645241611-184, id: 0.08558070645241611-185, id: 0.08558070645241611-186, id: 0.08558070645241611-187, id: 0.08558070645241611-188, id: 0.08558070645241611-189, id: 0.08558070645241611-190, id: 0.08558070645241611-191, id: 0.08558070645241611-192]
[WebDriverCommandLogger] - Executing getElementText element: By.xpath: //div[@id=&apos;c_articlelist_stories_2&apos;]/ul[1]/li/span[2]/span[2] parameters: {&quot;id&quot;:&quot;0.08558070645241611-139&quot;}
[WebDriverCommandLogger] - command: getElementText[ param-1: By.xpath: //div[@id=&apos;c_articlelist_stories_2&apos;]/ul[1]/li/span[2]/span[2] param-2: {&quot;id&quot;:&quot;0.08558070645241611-139&quot;}] Result: getElementText:1 DAY AGO
[WebDriverCommandLogger] - Executing findElements parameters: {&quot;using&quot;:&quot;xpath&quot;,&quot;value&quot;:&quot;//div[@id=&apos;c_articlelist_stories_2&apos;]/ul[1]/li/span[1]/a&quot;}
[WebDriverCommandLogger] - command: findElements[ param-1: {value=//div[@id=&apos;c_articlelist_stories_2&apos;]/ul[1]/li/span[1]/a, using=xpath}] Result: [id: 0.08558070645241611-1, id: 0.08558070645241611-2, id: 0.08558070645241611-3, id: 0.08558070645241611-4, id: 0.08558070645241611-5, id: 0.08558070645241611-6, id: 0.08558070645241611-7, id: 0.08558070645241611-8, id: 0.08558070645241611-9, id: 0.08558070645241611-10, id: 0.08558070645241611-11, id: 0.08558070645241611-12, id: 0.08558070645241611-13, id: 0.08558070645241611-14, id: 0.08558070645241611-15, id: 0.08558070645241611-16, id: 0.08558070645241611-17, id: 0.08558070645241611-18, id: 0.08558070645241611-19, id: 0.08558070645241611-20, id: 0.08558070645241611-21, id: 0.08558070645241611-22, id: 0.08558070645241611-23, id: 0.08558070645241611-24, id: 0.08558070645241611-25, id: 0.08558070645241611-26, id: 0.08558070645241611-27, id: 0.08558070645241611-28, id: 0.08558070645241611-29, id: 0.08558070645241611-30, id: 0.08558070645241611-31, id: 0.08558070645241611-32, id: 0.08558070645241611-33, id: 0.08558070645241611-34, id: 0.08558070645241611-35, id: 0.08558070645241611-36, id: 0.08558070645241611-37, id: 0.08558070645241611-38, id: 0.08558070645241611-39, id: 0.08558070645241611-40, id: 0.08558070645241611-41, id: 0.08558070645241611-42, id: 0.08558070645241611-43, id: 0.08558070645241611-44, id: 0.08558070645241611-45, id: 0.08558070645241611-46, id: 0.08558070645241611-47, id: 0.08558070645241611-48, id: 0.08558070645241611-49, id: 0.08558070645241611-50, id: 0.08558070645241611-51, id: 0.08558070645241611-52, id: 0.08558070645241611-53, id: 0.08558070645241611-54, id: 0.08558070645241611-55, id: 0.08558070645241611-56, id: 0.08558070645241611-57, id: 0.08558070645241611-58, id: 0.08558070645241611-59, id: 0.08558070645241611-60, id: 0.08558070645241611-61, id: 0.08558070645241611-62, id: 0.08558070645241611-63, id: 0.08558070645241611-64, id: 0.08558070645241611-65, id: 0.08558070645241611-66, id: 0.08558070645241611-67, id: 0.08558070645241611-68, id: 0.08558070645241611-69, id: 0.08558070645241611-70, id: 0.08558070645241611-71, id: 0.08558070645241611-72, id: 0.08558070645241611-73, id: 0.08558070645241611-74, id: 0.08558070645241611-75, id: 0.08558070645241611-76, id: 0.08558070645241611-77, id: 0.08558070645241611-78, id: 0.08558070645241611-79, id: 0.08558070645241611-80, id: 0.08558070645241611-81, id: 0.08558070645241611-82, id: 0.08558070645241611-83, id: 0.08558070645241611-84, id: 0.08558070645241611-85, id: 0.08558070645241611-86, id: 0.08558070645241611-87, id: 0.08558070645241611-88, id: 0.08558070645241611-89, id: 0.08558070645241611-90, id: 0.08558070645241611-91, id: 0.08558070645241611-92, id: 0.08558070645241611-93, id: 0.08558070645241611-94, id: 0.08558070645241611-95, id: 0.08558070645241611-96]
[WebDriverCommandLogger] - Executing findElements parameters: {&quot;using&quot;:&quot;xpath&quot;,&quot;value&quot;:&quot;//div[@id=&apos;c_articlelist_stories_2&apos;]/ul[1]/li/span[1]/a&quot;}
[WebDriverCommandLogger] - command: findElements[ param-1: {value=//div[@id=&apos;c_articlelist_stories_2&apos;]/ul[1]/li/span[1]/a, using=xpath}] Result: [id: 0.08558070645241611-1, id: 0.08558070645241611-2, id: 0.08558070645241611-3, id: 0.08558070645241611-4, id: 0.08558070645241611-5, id: 0.08558070645241611-6, id: 0.08558070645241611-7, id: 0.08558070645241611-8, id: 0.08558070645241611-9, id: 0.08558070645241611-10, id: 0.08558070645241611-11, id: 0.08558070645241611-12, id: 0.08558070645241611-13, id: 0.08558070645241611-14, id: 0.08558070645241611-15, id: 0.08558070645241611-16, id: 0.08558070645241611-17, id: 0.08558070645241611-18, id: 0.08558070645241611-19, id: 0.08558070645241611-20, id: 0.08558070645241611-21, id: 0.08558070645241611-22, id: 0.08558070645241611-23, id: 0.08558070645241611-24, id: 0.08558070645241611-25, id: 0.08558070645241611-26, id: 0.08558070645241611-27, id: 0.08558070645241611-28, id: 0.08558070645241611-29, id: 0.08558070645241611-30, id: 0.08558070645241611-31, id: 0.08558070645241611-32, id: 0.08558070645241611-33, id: 0.08558070645241611-34, id: 0.08558070645241611-35, id: 0.08558070645241611-36, id: 0.08558070645241611-37, id: 0.08558070645241611-38, id: 0.08558070645241611-39, id: 0.08558070645241611-40, id: 0.08558070645241611-41, id: 0.08558070645241611-42, id: 0.08558070645241611-43, id: 0.08558070645241611-44, id: 0.08558070645241611-45, id: 0.08558070645241611-46, id: 0.08558070645241611-47, id: 0.08558070645241611-48, id: 0.08558070645241611-49, id: 0.08558070645241611-50, id: 0.08558070645241611-51, id: 0.08558070645241611-52, id: 0.08558070645241611-53, id: 0.08558070645241611-54, id: 0.08558070645241611-55, id: 0.08558070645241611-56, id: 0.08558070645241611-57, id: 0.08558070645241611-58, id: 0.08558070645241611-59, id: 0.08558070645241611-60, id: 0.08558070645241611-61, id: 0.08558070645241611-62, id: 0.08558070645241611-63, id: 0.08558070645241611-64, id: 0.08558070645241611-65, id: 0.08558070645241611-66, id: 0.08558070645241611-67, id: 0.08558070645241611-68, id: 0.08558070645241611-69, id: 0.08558070645241611-70, id: 0.08558070645241611-71, id: 0.08558070645241611-72, id: 0.08558070645241611-73, id: 0.08558070645241611-74, id: 0.08558070645241611-75, id: 0.08558070645241611-76, id: 0.08558070645241611-77, id: 0.08558070645241611-78, id: 0.08558070645241611-79, id: 0.08558070645241611-80, id: 0.08558070645241611-81, id: 0.08558070645241611-82, id: 0.08558070645241611-83, id: 0.08558070645241611-84, id: 0.08558070645241611-85, id: 0.08558070645241611-86, id: 0.08558070645241611-87, id: 0.08558070645241611-88, id: 0.08558070645241611-89, id: 0.08558070645241611-90, id: 0.08558070645241611-91, id: 0.08558070645241611-92, id: 0.08558070645241611-93, id: 0.08558070645241611-94, id: 0.08558070645241611-95, id: 0.08558070645241611-96]
[WebDriverCommandLogger] - Executing getElementText element: By.xpath: //div[@id=&apos;c_articlelist_stories_2&apos;]/ul[1]/li/span[1]/a parameters: {&quot;id&quot;:&quot;0.08558070645241611-44&quot;}
[WebDriverCommandLogger] - command: getElementText[ param-1: By.xpath: //div[@id=&apos;c_articlelist_stories_2&apos;]/ul[1]/li/span[1]/a param-2: {&quot;id&quot;:&quot;0.08558070645241611-44&quot;}] Result: getElementText:Police register case against Aba Bagul
[WebDriverCommandLogger] - Executing findElements parameters: {&quot;using&quot;:&quot;xpath&quot;,&quot;value&quot;:&quot;//div[@id=&apos;c_articlelist_stories_2&apos;]/ul[1]/li/span[2]/span[2]&quot;}
[WebDriverCommandLogger] - command: findElements[ param-1: {value=//div[@id=&apos;c_articlelist_stories_2&apos;]/ul[1]/li/span[2]/span[2], using=xpath}] Result: [id: 0.08558070645241611-97, id: 0.08558070645241611-98, id: 0.08558070645241611-99, id: 0.08558070645241611-100, id: 0.08558070645241611-101, id: 0.08558070645241611-102, id: 0.08558070645241611-103, id: 0.08558070645241611-104, id: 0.08558070645241611-105, id: 0.08558070645241611-106, id: 0.08558070645241611-107, id: 0.08558070645241611-108, id: 0.08558070645241611-109, id: 0.08558070645241611-110, id: 0.08558070645241611-111, id: 0.08558070645241611-112, id: 0.08558070645241611-113, id: 0.08558070645241611-114, id: 0.08558070645241611-115, id: 0.08558070645241611-116, id: 0.08558070645241611-117, id: 0.08558070645241611-118, id: 0.08558070645241611-119, id: 0.08558070645241611-120, id: 0.08558070645241611-121, id: 0.08558070645241611-122, id: 0.08558070645241611-123, id: 0.08558070645241611-124, id: 0.08558070645241611-125, id: 0.08558070645241611-126, id: 0.08558070645241611-127, id: 0.08558070645241611-128, id: 0.08558070645241611-129, id: 0.08558070645241611-130, id: 0.08558070645241611-131, id: 0.08558070645241611-132, id: 0.08558070645241611-133, id: 0.08558070645241611-134, id: 0.08558070645241611-135, id: 0.08558070645241611-136, id: 0.08558070645241611-137, id: 0.08558070645241611-138, id: 0.08558070645241611-139, id: 0.08558070645241611-140, id: 0.08558070645241611-141, id: 0.08558070645241611-142, id: 0.08558070645241611-143, id: 0.08558070645241611-144, id: 0.08558070645241611-145, id: 0.08558070645241611-146, id: 0.08558070645241611-147, id: 0.08558070645241611-148, id: 0.08558070645241611-149, id: 0.08558070645241611-150, id: 0.08558070645241611-151, id: 0.08558070645241611-152, id: 0.08558070645241611-153, id: 0.08558070645241611-154, id: 0.08558070645241611-155, id: 0.08558070645241611-156, id: 0.08558070645241611-157, id: 0.08558070645241611-158, id: 0.08558070645241611-159, id: 0.08558070645241611-160, id: 0.08558070645241611-161, id: 0.08558070645241611-162, id: 0.08558070645241611-163, id: 0.08558070645241611-164, id: 0.08558070645241611-165, id: 0.08558070645241611-166, id: 0.08558070645241611-167, id: 0.08558070645241611-168, id: 0.08558070645241611-169, id: 0.08558070645241611-170, id: 0.08558070645241611-171, id: 0.08558070645241611-172, id: 0.08558070645241611-173, id: 0.08558070645241611-174, id: 0.08558070645241611-175, id: 0.08558070645241611-176, id: 0.08558070645241611-177, id: 0.08558070645241611-178, id: 0.08558070645241611-179, id: 0.08558070645241611-180, id: 0.08558070645241611-181, id: 0.08558070645241611-182, id: 0.08558070645241611-183, id: 0.08558070645241611-184, id: 0.08558070645241611-185, id: 0.08558070645241611-186, id: 0.08558070645241611-187, id: 0.08558070645241611-188, id: 0.08558070645241611-189, id: 0.08558070645241611-190, id: 0.08558070645241611-191, id: 0.08558070645241611-192]
[WebDriverCommandLogger] - Executing getElementText element: By.xpath: //div[@id=&apos;c_articlelist_stories_2&apos;]/ul[1]/li/span[2]/span[2] parameters: {&quot;id&quot;:&quot;0.08558070645241611-140&quot;}
[WebDriverCommandLogger] - command: getElementText[ param-1: By.xpath: //div[@id=&apos;c_articlelist_stories_2&apos;]/ul[1]/li/span[2]/span[2] param-2: {&quot;id&quot;:&quot;0.08558070645241611-140&quot;}] Result: getElementText:1 DAY AGO
[WebDriverCommandLogger] - Executing findElements parameters: {&quot;using&quot;:&quot;xpath&quot;,&quot;value&quot;:&quot;//div[@id=&apos;c_articlelist_stories_2&apos;]/ul[1]/li/span[1]/a&quot;}
[WebDriverCommandLogger] - command: findElements[ param-1: {value=//div[@id=&apos;c_articlelist_stories_2&apos;]/ul[1]/li/span[1]/a, using=xpath}] Result: [id: 0.08558070645241611-1, id: 0.08558070645241611-2, id: 0.08558070645241611-3, id: 0.08558070645241611-4, id: 0.08558070645241611-5, id: 0.08558070645241611-6, id: 0.08558070645241611-7, id: 0.08558070645241611-8, id: 0.08558070645241611-9, id: 0.08558070645241611-10, id: 0.08558070645241611-11, id: 0.08558070645241611-12, id: 0.08558070645241611-13, id: 0.08558070645241611-14, id: 0.08558070645241611-15, id: 0.08558070645241611-16, id: 0.08558070645241611-17, id: 0.08558070645241611-18, id: 0.08558070645241611-19, id: 0.08558070645241611-20, id: 0.08558070645241611-21, id: 0.08558070645241611-22, id: 0.08558070645241611-23, id: 0.08558070645241611-24, id: 0.08558070645241611-25, id: 0.08558070645241611-26, id: 0.08558070645241611-27, id: 0.08558070645241611-28, id: 0.08558070645241611-29, id: 0.08558070645241611-30, id: 0.08558070645241611-31, id: 0.08558070645241611-32, id: 0.08558070645241611-33, id: 0.08558070645241611-34, id: 0.08558070645241611-35, id: 0.08558070645241611-36, id: 0.08558070645241611-37, id: 0.08558070645241611-38, id: 0.08558070645241611-39, id: 0.08558070645241611-40, id: 0.08558070645241611-41, id: 0.08558070645241611-42, id: 0.08558070645241611-43, id: 0.08558070645241611-44, id: 0.08558070645241611-45, id: 0.08558070645241611-46, id: 0.08558070645241611-47, id: 0.08558070645241611-48, id: 0.08558070645241611-49, id: 0.08558070645241611-50, id: 0.08558070645241611-51, id: 0.08558070645241611-52, id: 0.08558070645241611-53, id: 0.08558070645241611-54, id: 0.08558070645241611-55, id: 0.08558070645241611-56, id: 0.08558070645241611-57, id: 0.08558070645241611-58, id: 0.08558070645241611-59, id: 0.08558070645241611-60, id: 0.08558070645241611-61, id: 0.08558070645241611-62, id: 0.08558070645241611-63, id: 0.08558070645241611-64, id: 0.08558070645241611-65, id: 0.08558070645241611-66, id: 0.08558070645241611-67, id: 0.08558070645241611-68, id: 0.08558070645241611-69, id: 0.08558070645241611-70, id: 0.08558070645241611-71, id: 0.08558070645241611-72, id: 0.08558070645241611-73, id: 0.08558070645241611-74, id: 0.08558070645241611-75, id: 0.08558070645241611-76, id: 0.08558070645241611-77, id: 0.08558070645241611-78, id: 0.08558070645241611-79, id: 0.08558070645241611-80, id: 0.08558070645241611-81, id: 0.08558070645241611-82, id: 0.08558070645241611-83, id: 0.08558070645241611-84, id: 0.08558070645241611-85, id: 0.08558070645241611-86, id: 0.08558070645241611-87, id: 0.08558070645241611-88, id: 0.08558070645241611-89, id: 0.08558070645241611-90, id: 0.08558070645241611-91, id: 0.08558070645241611-92, id: 0.08558070645241611-93, id: 0.08558070645241611-94, id: 0.08558070645241611-95, id: 0.08558070645241611-96]
[WebDriverCommandLogger] - Executing findElements parameters: {&quot;using&quot;:&quot;xpath&quot;,&quot;value&quot;:&quot;//div[@id=&apos;c_articlelist_stories_2&apos;]/ul[1]/li/span[1]/a&quot;}
[WebDriverCommandLogger] - command: findElements[ param-1: {value=//div[@id=&apos;c_articlelist_stories_2&apos;]/ul[1]/li/span[1]/a, using=xpath}] Result: [id: 0.08558070645241611-1, id: 0.08558070645241611-2, id: 0.08558070645241611-3, id: 0.08558070645241611-4, id: 0.08558070645241611-5, id: 0.08558070645241611-6, id: 0.08558070645241611-7, id: 0.08558070645241611-8, id: 0.08558070645241611-9, id: 0.08558070645241611-10, id: 0.08558070645241611-11, id: 0.08558070645241611-12, id: 0.08558070645241611-13, id: 0.08558070645241611-14, id: 0.08558070645241611-15, id: 0.08558070645241611-16, id: 0.08558070645241611-17, id: 0.08558070645241611-18, id: 0.08558070645241611-19, id: 0.08558070645241611-20, id: 0.08558070645241611-21, id: 0.08558070645241611-22, id: 0.08558070645241611-23, id: 0.08558070645241611-24, id: 0.08558070645241611-25, id: 0.08558070645241611-26, id: 0.08558070645241611-27, id: 0.08558070645241611-28, id: 0.08558070645241611-29, id: 0.08558070645241611-30, id: 0.08558070645241611-31, id: 0.08558070645241611-32, id: 0.08558070645241611-33, id: 0.08558070645241611-34, id: 0.08558070645241611-35, id: 0.08558070645241611-36, id: 0.08558070645241611-37, id: 0.08558070645241611-38, id: 0.08558070645241611-39, id: 0.08558070645241611-40, id: 0.08558070645241611-41, id: 0.08558070645241611-42, id: 0.08558070645241611-43, id: 0.08558070645241611-44, id: 0.08558070645241611-45, id: 0.08558070645241611-46, id: 0.08558070645241611-47, id: 0.08558070645241611-48, id: 0.08558070645241611-49, id: 0.08558070645241611-50, id: 0.08558070645241611-51, id: 0.08558070645241611-52, id: 0.08558070645241611-53, id: 0.08558070645241611-54, id: 0.08558070645241611-55, id: 0.08558070645241611-56, id: 0.08558070645241611-57, id: 0.08558070645241611-58, id: 0.08558070645241611-59, id: 0.08558070645241611-60, id: 0.08558070645241611-61, id: 0.08558070645241611-62, id: 0.08558070645241611-63, id: 0.08558070645241611-64, id: 0.08558070645241611-65, id: 0.08558070645241611-66, id: 0.08558070645241611-67, id: 0.08558070645241611-68, id: 0.08558070645241611-69, id: 0.08558070645241611-70, id: 0.08558070645241611-71, id: 0.08558070645241611-72, id: 0.08558070645241611-73, id: 0.08558070645241611-74, id: 0.08558070645241611-75, id: 0.08558070645241611-76, id: 0.08558070645241611-77, id: 0.08558070645241611-78, id: 0.08558070645241611-79, id: 0.08558070645241611-80, id: 0.08558070645241611-81, id: 0.08558070645241611-82, id: 0.08558070645241611-83, id: 0.08558070645241611-84, id: 0.08558070645241611-85, id: 0.08558070645241611-86, id: 0.08558070645241611-87, id: 0.08558070645241611-88, id: 0.08558070645241611-89, id: 0.08558070645241611-90, id: 0.08558070645241611-91, id: 0.08558070645241611-92, id: 0.08558070645241611-93, id: 0.08558070645241611-94, id: 0.08558070645241611-95, id: 0.08558070645241611-96]
[WebDriverCommandLogger] - Executing getElementText element: By.xpath: //div[@id=&apos;c_articlelist_stories_2&apos;]/ul[1]/li/span[1]/a parameters: {&quot;id&quot;:&quot;0.08558070645241611-45&quot;}
[WebDriverCommandLogger] - command: getElementText[ param-1: By.xpath: //div[@id=&apos;c_articlelist_stories_2&apos;]/ul[1]/li/span[1]/a param-2: {&quot;id&quot;:&quot;0.08558070645241611-45&quot;}] Result: getElementText:Maha Online for Aadhaar enrolment
[WebDriverCommandLogger] - Executing findElements parameters: {&quot;using&quot;:&quot;xpath&quot;,&quot;value&quot;:&quot;//div[@id=&apos;c_articlelist_stories_2&apos;]/ul[1]/li/span[2]/span[2]&quot;}
[WebDriverCommandLogger] - command: findElements[ param-1: {value=//div[@id=&apos;c_articlelist_stories_2&apos;]/ul[1]/li/span[2]/span[2], using=xpath}] Result: [id: 0.08558070645241611-97, id: 0.08558070645241611-98, id: 0.08558070645241611-99, id: 0.08558070645241611-100, id: 0.08558070645241611-101, id: 0.08558070645241611-102, id: 0.08558070645241611-103, id: 0.08558070645241611-104, id: 0.08558070645241611-105, id: 0.08558070645241611-106, id: 0.08558070645241611-107, id: 0.08558070645241611-108, id: 0.08558070645241611-109, id: 0.08558070645241611-110, id: 0.08558070645241611-111, id: 0.08558070645241611-112, id: 0.08558070645241611-113, id: 0.08558070645241611-114, id: 0.08558070645241611-115, id: 0.08558070645241611-116, id: 0.08558070645241611-117, id: 0.08558070645241611-118, id: 0.08558070645241611-119, id: 0.08558070645241611-120, id: 0.08558070645241611-121, id: 0.08558070645241611-122, id: 0.08558070645241611-123, id: 0.08558070645241611-124, id: 0.08558070645241611-125, id: 0.08558070645241611-126, id: 0.08558070645241611-127, id: 0.08558070645241611-128, id: 0.08558070645241611-129, id: 0.08558070645241611-130, id: 0.08558070645241611-131, id: 0.08558070645241611-132, id: 0.08558070645241611-133, id: 0.08558070645241611-134, id: 0.08558070645241611-135, id: 0.08558070645241611-136, id: 0.08558070645241611-137, id: 0.08558070645241611-138, id: 0.08558070645241611-139, id: 0.08558070645241611-140, id: 0.08558070645241611-141, id: 0.08558070645241611-142, id: 0.08558070645241611-143, id: 0.08558070645241611-144, id: 0.08558070645241611-145, id: 0.08558070645241611-146, id: 0.08558070645241611-147, id: 0.08558070645241611-148, id: 0.08558070645241611-149, id: 0.08558070645241611-150, id: 0.08558070645241611-151, id: 0.08558070645241611-152, id: 0.08558070645241611-153, id: 0.08558070645241611-154, id: 0.08558070645241611-155, id: 0.08558070645241611-156, id: 0.08558070645241611-157, id: 0.08558070645241611-158, id: 0.08558070645241611-159, id: 0.08558070645241611-160, id: 0.08558070645241611-161, id: 0.08558070645241611-162, id: 0.08558070645241611-163, id: 0.08558070645241611-164, id: 0.08558070645241611-165, id: 0.08558070645241611-166, id: 0.08558070645241611-167, id: 0.08558070645241611-168, id: 0.08558070645241611-169, id: 0.08558070645241611-170, id: 0.08558070645241611-171, id: 0.08558070645241611-172, id: 0.08558070645241611-173, id: 0.08558070645241611-174, id: 0.08558070645241611-175, id: 0.08558070645241611-176, id: 0.08558070645241611-177, id: 0.08558070645241611-178, id: 0.08558070645241611-179, id: 0.08558070645241611-180, id: 0.08558070645241611-181, id: 0.08558070645241611-182, id: 0.08558070645241611-183, id: 0.08558070645241611-184, id: 0.08558070645241611-185, id: 0.08558070645241611-186, id: 0.08558070645241611-187, id: 0.08558070645241611-188, id: 0.08558070645241611-189, id: 0.08558070645241611-190, id: 0.08558070645241611-191, id: 0.08558070645241611-192]
[WebDriverCommandLogger] - Executing getElementText element: By.xpath: //div[@id=&apos;c_articlelist_stories_2&apos;]/ul[1]/li/span[2]/span[2] parameters: {&quot;id&quot;:&quot;0.08558070645241611-141&quot;}
[WebDriverCommandLogger] - command: getElementText[ param-1: By.xpath: //div[@id=&apos;c_articlelist_stories_2&apos;]/ul[1]/li/span[2]/span[2] param-2: {&quot;id&quot;:&quot;0.08558070645241611-141&quot;}] Result: getElementText:1 DAY AGO
[WebDriverCommandLogger] - Executing findElements parameters: {&quot;using&quot;:&quot;xpath&quot;,&quot;value&quot;:&quot;//div[@id=&apos;c_articlelist_stories_2&apos;]/ul[1]/li/span[1]/a&quot;}
[WebDriverCommandLogger] - command: findElements[ param-1: {value=//div[@id=&apos;c_articlelist_stories_2&apos;]/ul[1]/li/span[1]/a, using=xpath}] Result: [id: 0.08558070645241611-1, id: 0.08558070645241611-2, id: 0.08558070645241611-3, id: 0.08558070645241611-4, id: 0.08558070645241611-5, id: 0.08558070645241611-6, id: 0.08558070645241611-7, id: 0.08558070645241611-8, id: 0.08558070645241611-9, id: 0.08558070645241611-10, id: 0.08558070645241611-11, id: 0.08558070645241611-12, id: 0.08558070645241611-13, id: 0.08558070645241611-14, id: 0.08558070645241611-15, id: 0.08558070645241611-16, id: 0.08558070645241611-17, id: 0.08558070645241611-18, id: 0.08558070645241611-19, id: 0.08558070645241611-20, id: 0.08558070645241611-21, id: 0.08558070645241611-22, id: 0.08558070645241611-23, id: 0.08558070645241611-24, id: 0.08558070645241611-25, id: 0.08558070645241611-26, id: 0.08558070645241611-27, id: 0.08558070645241611-28, id: 0.08558070645241611-29, id: 0.08558070645241611-30, id: 0.08558070645241611-31, id: 0.08558070645241611-32, id: 0.08558070645241611-33, id: 0.08558070645241611-34, id: 0.08558070645241611-35, id: 0.08558070645241611-36, id: 0.08558070645241611-37, id: 0.08558070645241611-38, id: 0.08558070645241611-39, id: 0.08558070645241611-40, id: 0.08558070645241611-41, id: 0.08558070645241611-42, id: 0.08558070645241611-43, id: 0.08558070645241611-44, id: 0.08558070645241611-45, id: 0.08558070645241611-46, id: 0.08558070645241611-47, id: 0.08558070645241611-48, id: 0.08558070645241611-49, id: 0.08558070645241611-50, id: 0.08558070645241611-51, id: 0.08558070645241611-52, id: 0.08558070645241611-53, id: 0.08558070645241611-54, id: 0.08558070645241611-55, id: 0.08558070645241611-56, id: 0.08558070645241611-57, id: 0.08558070645241611-58, id: 0.08558070645241611-59, id: 0.08558070645241611-60, id: 0.08558070645241611-61, id: 0.08558070645241611-62, id: 0.08558070645241611-63, id: 0.08558070645241611-64, id: 0.08558070645241611-65, id: 0.08558070645241611-66, id: 0.08558070645241611-67, id: 0.08558070645241611-68, id: 0.08558070645241611-69, id: 0.08558070645241611-70, id: 0.08558070645241611-71, id: 0.08558070645241611-72, id: 0.08558070645241611-73, id: 0.08558070645241611-74, id: 0.08558070645241611-75, id: 0.08558070645241611-76, id: 0.08558070645241611-77, id: 0.08558070645241611-78, id: 0.08558070645241611-79, id: 0.08558070645241611-80, id: 0.08558070645241611-81, id: 0.08558070645241611-82, id: 0.08558070645241611-83, id: 0.08558070645241611-84, id: 0.08558070645241611-85, id: 0.08558070645241611-86, id: 0.08558070645241611-87, id: 0.08558070645241611-88, id: 0.08558070645241611-89, id: 0.08558070645241611-90, id: 0.08558070645241611-91, id: 0.08558070645241611-92, id: 0.08558070645241611-93, id: 0.08558070645241611-94, id: 0.08558070645241611-95, id: 0.08558070645241611-96]
[WebDriverCommandLogger] - Executing findElements parameters: {&quot;using&quot;:&quot;xpath&quot;,&quot;value&quot;:&quot;//div[@id=&apos;c_articlelist_stories_2&apos;]/ul[1]/li/span[1]/a&quot;}
[WebDriverCommandLogger] - command: findElements[ param-1: {value=//div[@id=&apos;c_articlelist_stories_2&apos;]/ul[1]/li/span[1]/a, using=xpath}] Result: [id: 0.08558070645241611-1, id: 0.08558070645241611-2, id: 0.08558070645241611-3, id: 0.08558070645241611-4, id: 0.08558070645241611-5, id: 0.08558070645241611-6, id: 0.08558070645241611-7, id: 0.08558070645241611-8, id: 0.08558070645241611-9, id: 0.08558070645241611-10, id: 0.08558070645241611-11, id: 0.08558070645241611-12, id: 0.08558070645241611-13, id: 0.08558070645241611-14, id: 0.08558070645241611-15, id: 0.08558070645241611-16, id: 0.08558070645241611-17, id: 0.08558070645241611-18, id: 0.08558070645241611-19, id: 0.08558070645241611-20, id: 0.08558070645241611-21, id: 0.08558070645241611-22, id: 0.08558070645241611-23, id: 0.08558070645241611-24, id: 0.08558070645241611-25, id: 0.08558070645241611-26, id: 0.08558070645241611-27, id: 0.08558070645241611-28, id: 0.08558070645241611-29, id: 0.08558070645241611-30, id: 0.08558070645241611-31, id: 0.08558070645241611-32, id: 0.08558070645241611-33, id: 0.08558070645241611-34, id: 0.08558070645241611-35, id: 0.08558070645241611-36, id: 0.08558070645241611-37, id: 0.08558070645241611-38, id: 0.08558070645241611-39, id: 0.08558070645241611-40, id: 0.08558070645241611-41, id: 0.08558070645241611-42, id: 0.08558070645241611-43, id: 0.08558070645241611-44, id: 0.08558070645241611-45, id: 0.08558070645241611-46, id: 0.08558070645241611-47, id: 0.08558070645241611-48, id: 0.08558070645241611-49, id: 0.08558070645241611-50, id: 0.08558070645241611-51, id: 0.08558070645241611-52, id: 0.08558070645241611-53, id: 0.08558070645241611-54, id: 0.08558070645241611-55, id: 0.08558070645241611-56, id: 0.08558070645241611-57, id: 0.08558070645241611-58, id: 0.08558070645241611-59, id: 0.08558070645241611-60, id: 0.08558070645241611-61, id: 0.08558070645241611-62, id: 0.08558070645241611-63, id: 0.08558070645241611-64, id: 0.08558070645241611-65, id: 0.08558070645241611-66, id: 0.08558070645241611-67, id: 0.08558070645241611-68, id: 0.08558070645241611-69, id: 0.08558070645241611-70, id: 0.08558070645241611-71, id: 0.08558070645241611-72, id: 0.08558070645241611-73, id: 0.08558070645241611-74, id: 0.08558070645241611-75, id: 0.08558070645241611-76, id: 0.08558070645241611-77, id: 0.08558070645241611-78, id: 0.08558070645241611-79, id: 0.08558070645241611-80, id: 0.08558070645241611-81, id: 0.08558070645241611-82, id: 0.08558070645241611-83, id: 0.08558070645241611-84, id: 0.08558070645241611-85, id: 0.08558070645241611-86, id: 0.08558070645241611-87, id: 0.08558070645241611-88, id: 0.08558070645241611-89, id: 0.08558070645241611-90, id: 0.08558070645241611-91, id: 0.08558070645241611-92, id: 0.08558070645241611-93, id: 0.08558070645241611-94, id: 0.08558070645241611-95, id: 0.08558070645241611-96]
[WebDriverCommandLogger] - Executing getElementText element: By.xpath: //div[@id=&apos;c_articlelist_stories_2&apos;]/ul[1]/li/span[1]/a parameters: {&quot;id&quot;:&quot;0.08558070645241611-46&quot;}
[WebDriverCommandLogger] - command: getElementText[ param-1: By.xpath: //div[@id=&apos;c_articlelist_stories_2&apos;]/ul[1]/li/span[1]/a param-2: {&quot;id&quot;:&quot;0.08558070645241611-46&quot;}] Result: getElementText:Grime, stench take sheen off shows at Chavan hall
[WebDriverCommandLogger] - Executing findElements parameters: {&quot;using&quot;:&quot;xpath&quot;,&quot;value&quot;:&quot;//div[@id=&apos;c_articlelist_stories_2&apos;]/ul[1]/li/span[2]/span[2]&quot;}
[WebDriverCommandLogger] - command: findElements[ param-1: {value=//div[@id=&apos;c_articlelist_stories_2&apos;]/ul[1]/li/span[2]/span[2], using=xpath}] Result: [id: 0.08558070645241611-97, id: 0.08558070645241611-98, id: 0.08558070645241611-99, id: 0.08558070645241611-100, id: 0.08558070645241611-101, id: 0.08558070645241611-102, id: 0.08558070645241611-103, id: 0.08558070645241611-104, id: 0.08558070645241611-105, id: 0.08558070645241611-106, id: 0.08558070645241611-107, id: 0.08558070645241611-108, id: 0.08558070645241611-109, id: 0.08558070645241611-110, id: 0.08558070645241611-111, id: 0.08558070645241611-112, id: 0.08558070645241611-113, id: 0.08558070645241611-114, id: 0.08558070645241611-115, id: 0.08558070645241611-116, id: 0.08558070645241611-117, id: 0.08558070645241611-118, id: 0.08558070645241611-119, id: 0.08558070645241611-120, id: 0.08558070645241611-121, id: 0.08558070645241611-122, id: 0.08558070645241611-123, id: 0.08558070645241611-124, id: 0.08558070645241611-125, id: 0.08558070645241611-126, id: 0.08558070645241611-127, id: 0.08558070645241611-128, id: 0.08558070645241611-129, id: 0.08558070645241611-130, id: 0.08558070645241611-131, id: 0.08558070645241611-132, id: 0.08558070645241611-133, id: 0.08558070645241611-134, id: 0.08558070645241611-135, id: 0.08558070645241611-136, id: 0.08558070645241611-137, id: 0.08558070645241611-138, id: 0.08558070645241611-139, id: 0.08558070645241611-140, id: 0.08558070645241611-141, id: 0.08558070645241611-142, id: 0.08558070645241611-143, id: 0.08558070645241611-144, id: 0.08558070645241611-145, id: 0.08558070645241611-146, id: 0.08558070645241611-147, id: 0.08558070645241611-148, id: 0.08558070645241611-149, id: 0.08558070645241611-150, id: 0.08558070645241611-151, id: 0.08558070645241611-152, id: 0.08558070645241611-153, id: 0.08558070645241611-154, id: 0.08558070645241611-155, id: 0.08558070645241611-156, id: 0.08558070645241611-157, id: 0.08558070645241611-158, id: 0.08558070645241611-159, id: 0.08558070645241611-160, id: 0.08558070645241611-161, id: 0.08558070645241611-162, id: 0.08558070645241611-163, id: 0.08558070645241611-164, id: 0.08558070645241611-165, id: 0.08558070645241611-166, id: 0.08558070645241611-167, id: 0.08558070645241611-168, id: 0.08558070645241611-169, id: 0.08558070645241611-170, id: 0.08558070645241611-171, id: 0.08558070645241611-172, id: 0.08558070645241611-173, id: 0.08558070645241611-174, id: 0.08558070645241611-175, id: 0.08558070645241611-176, id: 0.08558070645241611-177, id: 0.08558070645241611-178, id: 0.08558070645241611-179, id: 0.08558070645241611-180, id: 0.08558070645241611-181, id: 0.08558070645241611-182, id: 0.08558070645241611-183, id: 0.08558070645241611-184, id: 0.08558070645241611-185, id: 0.08558070645241611-186, id: 0.08558070645241611-187, id: 0.08558070645241611-188, id: 0.08558070645241611-189, id: 0.08558070645241611-190, id: 0.08558070645241611-191, id: 0.08558070645241611-192]
[WebDriverCommandLogger] - Executing getElementText element: By.xpath: //div[@id=&apos;c_articlelist_stories_2&apos;]/ul[1]/li/span[2]/span[2] parameters: {&quot;id&quot;:&quot;0.08558070645241611-142&quot;}
[WebDriverCommandLogger] - command: getElementText[ param-1: By.xpath: //div[@id=&apos;c_articlelist_stories_2&apos;]/ul[1]/li/span[2]/span[2] param-2: {&quot;id&quot;:&quot;0.08558070645241611-142&quot;}] Result: getElementText:1 DAY AGO
[WebDriverCommandLogger] - Executing findElements parameters: {&quot;using&quot;:&quot;xpath&quot;,&quot;value&quot;:&quot;//div[@id=&apos;c_articlelist_stories_2&apos;]/ul[1]/li/span[1]/a&quot;}
[WebDriverCommandLogger] - command: findElements[ param-1: {value=//div[@id=&apos;c_articlelist_stories_2&apos;]/ul[1]/li/span[1]/a, using=xpath}] Result: [id: 0.08558070645241611-1, id: 0.08558070645241611-2, id: 0.08558070645241611-3, id: 0.08558070645241611-4, id: 0.08558070645241611-5, id: 0.08558070645241611-6, id: 0.08558070645241611-7, id: 0.08558070645241611-8, id: 0.08558070645241611-9, id: 0.08558070645241611-10, id: 0.08558070645241611-11, id: 0.08558070645241611-12, id: 0.08558070645241611-13, id: 0.08558070645241611-14, id: 0.08558070645241611-15, id: 0.08558070645241611-16, id: 0.08558070645241611-17, id: 0.08558070645241611-18, id: 0.08558070645241611-19, id: 0.08558070645241611-20, id: 0.08558070645241611-21, id: 0.08558070645241611-22, id: 0.08558070645241611-23, id: 0.08558070645241611-24, id: 0.08558070645241611-25, id: 0.08558070645241611-26, id: 0.08558070645241611-27, id: 0.08558070645241611-28, id: 0.08558070645241611-29, id: 0.08558070645241611-30, id: 0.08558070645241611-31, id: 0.08558070645241611-32, id: 0.08558070645241611-33, id: 0.08558070645241611-34, id: 0.08558070645241611-35, id: 0.08558070645241611-36, id: 0.08558070645241611-37, id: 0.08558070645241611-38, id: 0.08558070645241611-39, id: 0.08558070645241611-40, id: 0.08558070645241611-41, id: 0.08558070645241611-42, id: 0.08558070645241611-43, id: 0.08558070645241611-44, id: 0.08558070645241611-45, id: 0.08558070645241611-46, id: 0.08558070645241611-47, id: 0.08558070645241611-48, id: 0.08558070645241611-49, id: 0.08558070645241611-50, id: 0.08558070645241611-51, id: 0.08558070645241611-52, id: 0.08558070645241611-53, id: 0.08558070645241611-54, id: 0.08558070645241611-55, id: 0.08558070645241611-56, id: 0.08558070645241611-57, id: 0.08558070645241611-58, id: 0.08558070645241611-59, id: 0.08558070645241611-60, id: 0.08558070645241611-61, id: 0.08558070645241611-62, id: 0.08558070645241611-63, id: 0.08558070645241611-64, id: 0.08558070645241611-65, id: 0.08558070645241611-66, id: 0.08558070645241611-67, id: 0.08558070645241611-68, id: 0.08558070645241611-69, id: 0.08558070645241611-70, id: 0.08558070645241611-71, id: 0.08558070645241611-72, id: 0.08558070645241611-73, id: 0.08558070645241611-74, id: 0.08558070645241611-75, id: 0.08558070645241611-76, id: 0.08558070645241611-77, id: 0.08558070645241611-78, id: 0.08558070645241611-79, id: 0.08558070645241611-80, id: 0.08558070645241611-81, id: 0.08558070645241611-82, id: 0.08558070645241611-83, id: 0.08558070645241611-84, id: 0.08558070645241611-85, id: 0.08558070645241611-86, id: 0.08558070645241611-87, id: 0.08558070645241611-88, id: 0.08558070645241611-89, id: 0.08558070645241611-90, id: 0.08558070645241611-91, id: 0.08558070645241611-92, id: 0.08558070645241611-93, id: 0.08558070645241611-94, id: 0.08558070645241611-95, id: 0.08558070645241611-96]
[WebDriverCommandLogger] - Executing findElements parameters: {&quot;using&quot;:&quot;xpath&quot;,&quot;value&quot;:&quot;//div[@id=&apos;c_articlelist_stories_2&apos;]/ul[1]/li/span[1]/a&quot;}
[WebDriverCommandLogger] - command: findElements[ param-1: {value=//div[@id=&apos;c_articlelist_stories_2&apos;]/ul[1]/li/span[1]/a, using=xpath}] Result: [id: 0.08558070645241611-1, id: 0.08558070645241611-2, id: 0.08558070645241611-3, id: 0.08558070645241611-4, id: 0.08558070645241611-5, id: 0.08558070645241611-6, id: 0.08558070645241611-7, id: 0.08558070645241611-8, id: 0.08558070645241611-9, id: 0.08558070645241611-10, id: 0.08558070645241611-11, id: 0.08558070645241611-12, id: 0.08558070645241611-13, id: 0.08558070645241611-14, id: 0.08558070645241611-15, id: 0.08558070645241611-16, id: 0.08558070645241611-17, id: 0.08558070645241611-18, id: 0.08558070645241611-19, id: 0.08558070645241611-20, id: 0.08558070645241611-21, id: 0.08558070645241611-22, id: 0.08558070645241611-23, id: 0.08558070645241611-24, id: 0.08558070645241611-25, id: 0.08558070645241611-26, id: 0.08558070645241611-27, id: 0.08558070645241611-28, id: 0.08558070645241611-29, id: 0.08558070645241611-30, id: 0.08558070645241611-31, id: 0.08558070645241611-32, id: 0.08558070645241611-33, id: 0.08558070645241611-34, id: 0.08558070645241611-35, id: 0.08558070645241611-36, id: 0.08558070645241611-37, id: 0.08558070645241611-38, id: 0.08558070645241611-39, id: 0.08558070645241611-40, id: 0.08558070645241611-41, id: 0.08558070645241611-42, id: 0.08558070645241611-43, id: 0.08558070645241611-44, id: 0.08558070645241611-45, id: 0.08558070645241611-46, id: 0.08558070645241611-47, id: 0.08558070645241611-48, id: 0.08558070645241611-49, id: 0.08558070645241611-50, id: 0.08558070645241611-51, id: 0.08558070645241611-52, id: 0.08558070645241611-53, id: 0.08558070645241611-54, id: 0.08558070645241611-55, id: 0.08558070645241611-56, id: 0.08558070645241611-57, id: 0.08558070645241611-58, id: 0.08558070645241611-59, id: 0.08558070645241611-60, id: 0.08558070645241611-61, id: 0.08558070645241611-62, id: 0.08558070645241611-63, id: 0.08558070645241611-64, id: 0.08558070645241611-65, id: 0.08558070645241611-66, id: 0.08558070645241611-67, id: 0.08558070645241611-68, id: 0.08558070645241611-69, id: 0.08558070645241611-70, id: 0.08558070645241611-71, id: 0.08558070645241611-72, id: 0.08558070645241611-73, id: 0.08558070645241611-74, id: 0.08558070645241611-75, id: 0.08558070645241611-76, id: 0.08558070645241611-77, id: 0.08558070645241611-78, id: 0.08558070645241611-79, id: 0.08558070645241611-80, id: 0.08558070645241611-81, id: 0.08558070645241611-82, id: 0.08558070645241611-83, id: 0.08558070645241611-84, id: 0.08558070645241611-85, id: 0.08558070645241611-86, id: 0.08558070645241611-87, id: 0.08558070645241611-88, id: 0.08558070645241611-89, id: 0.08558070645241611-90, id: 0.08558070645241611-91, id: 0.08558070645241611-92, id: 0.08558070645241611-93, id: 0.08558070645241611-94, id: 0.08558070645241611-95, id: 0.08558070645241611-96]
[WebDriverCommandLogger] - Executing getElementText element: By.xpath: //div[@id=&apos;c_articlelist_stories_2&apos;]/ul[1]/li/span[1]/a parameters: {&quot;id&quot;:&quot;0.08558070645241611-47&quot;}
[WebDriverCommandLogger] - command: getElementText[ param-1: By.xpath: //div[@id=&apos;c_articlelist_stories_2&apos;]/ul[1]/li/span[1]/a param-2: {&quot;id&quot;:&quot;0.08558070645241611-47&quot;}] Result: getElementText:Duo robs man of cash, ornament
[WebDriverCommandLogger] - Executing findElements parameters: {&quot;using&quot;:&quot;xpath&quot;,&quot;value&quot;:&quot;//div[@id=&apos;c_articlelist_stories_2&apos;]/ul[1]/li/span[2]/span[2]&quot;}
[WebDriverCommandLogger] - command: findElements[ param-1: {value=//div[@id=&apos;c_articlelist_stories_2&apos;]/ul[1]/li/span[2]/span[2], using=xpath}] Result: [id: 0.08558070645241611-97, id: 0.08558070645241611-98, id: 0.08558070645241611-99, id: 0.08558070645241611-100, id: 0.08558070645241611-101, id: 0.08558070645241611-102, id: 0.08558070645241611-103, id: 0.08558070645241611-104, id: 0.08558070645241611-105, id: 0.08558070645241611-106, id: 0.08558070645241611-107, id: 0.08558070645241611-108, id: 0.08558070645241611-109, id: 0.08558070645241611-110, id: 0.08558070645241611-111, id: 0.08558070645241611-112, id: 0.08558070645241611-113, id: 0.08558070645241611-114, id: 0.08558070645241611-115, id: 0.08558070645241611-116, id: 0.08558070645241611-117, id: 0.08558070645241611-118, id: 0.08558070645241611-119, id: 0.08558070645241611-120, id: 0.08558070645241611-121, id: 0.08558070645241611-122, id: 0.08558070645241611-123, id: 0.08558070645241611-124, id: 0.08558070645241611-125, id: 0.08558070645241611-126, id: 0.08558070645241611-127, id: 0.08558070645241611-128, id: 0.08558070645241611-129, id: 0.08558070645241611-130, id: 0.08558070645241611-131, id: 0.08558070645241611-132, id: 0.08558070645241611-133, id: 0.08558070645241611-134, id: 0.08558070645241611-135, id: 0.08558070645241611-136, id: 0.08558070645241611-137, id: 0.08558070645241611-138, id: 0.08558070645241611-139, id: 0.08558070645241611-140, id: 0.08558070645241611-141, id: 0.08558070645241611-142, id: 0.08558070645241611-143, id: 0.08558070645241611-144, id: 0.08558070645241611-145, id: 0.08558070645241611-146, id: 0.08558070645241611-147, id: 0.08558070645241611-148, id: 0.08558070645241611-149, id: 0.08558070645241611-150, id: 0.08558070645241611-151, id: 0.08558070645241611-152, id: 0.08558070645241611-153, id: 0.08558070645241611-154, id: 0.08558070645241611-155, id: 0.08558070645241611-156, id: 0.08558070645241611-157, id: 0.08558070645241611-158, id: 0.08558070645241611-159, id: 0.08558070645241611-160, id: 0.08558070645241611-161, id: 0.08558070645241611-162, id: 0.08558070645241611-163, id: 0.08558070645241611-164, id: 0.08558070645241611-165, id: 0.08558070645241611-166, id: 0.08558070645241611-167, id: 0.08558070645241611-168, id: 0.08558070645241611-169, id: 0.08558070645241611-170, id: 0.08558070645241611-171, id: 0.08558070645241611-172, id: 0.08558070645241611-173, id: 0.08558070645241611-174, id: 0.08558070645241611-175, id: 0.08558070645241611-176, id: 0.08558070645241611-177, id: 0.08558070645241611-178, id: 0.08558070645241611-179, id: 0.08558070645241611-180, id: 0.08558070645241611-181, id: 0.08558070645241611-182, id: 0.08558070645241611-183, id: 0.08558070645241611-184, id: 0.08558070645241611-185, id: 0.08558070645241611-186, id: 0.08558070645241611-187, id: 0.08558070645241611-188, id: 0.08558070645241611-189, id: 0.08558070645241611-190, id: 0.08558070645241611-191, id: 0.08558070645241611-192]
[WebDriverCommandLogger] - Executing getElementText element: By.xpath: //div[@id=&apos;c_articlelist_stories_2&apos;]/ul[1]/li/span[2]/span[2] parameters: {&quot;id&quot;:&quot;0.08558070645241611-143&quot;}
[WebDriverCommandLogger] - command: getElementText[ param-1: By.xpath: //div[@id=&apos;c_articlelist_stories_2&apos;]/ul[1]/li/span[2]/span[2] param-2: {&quot;id&quot;:&quot;0.08558070645241611-143&quot;}] Result: getElementText:1 DAY AGO
[WebDriverCommandLogger] - Executing findElements parameters: {&quot;using&quot;:&quot;xpath&quot;,&quot;value&quot;:&quot;//div[@id=&apos;c_articlelist_stories_2&apos;]/ul[1]/li/span[1]/a&quot;}
[WebDriverCommandLogger] - command: findElements[ param-1: {value=//div[@id=&apos;c_articlelist_stories_2&apos;]/ul[1]/li/span[1]/a, using=xpath}] Result: [id: 0.08558070645241611-1, id: 0.08558070645241611-2, id: 0.08558070645241611-3, id: 0.08558070645241611-4, id: 0.08558070645241611-5, id: 0.08558070645241611-6, id: 0.08558070645241611-7, id: 0.08558070645241611-8, id: 0.08558070645241611-9, id: 0.08558070645241611-10, id: 0.08558070645241611-11, id: 0.08558070645241611-12, id: 0.08558070645241611-13, id: 0.08558070645241611-14, id: 0.08558070645241611-15, id: 0.08558070645241611-16, id: 0.08558070645241611-17, id: 0.08558070645241611-18, id: 0.08558070645241611-19, id: 0.08558070645241611-20, id: 0.08558070645241611-21, id: 0.08558070645241611-22, id: 0.08558070645241611-23, id: 0.08558070645241611-24, id: 0.08558070645241611-25, id: 0.08558070645241611-26, id: 0.08558070645241611-27, id: 0.08558070645241611-28, id: 0.08558070645241611-29, id: 0.08558070645241611-30, id: 0.08558070645241611-31, id: 0.08558070645241611-32, id: 0.08558070645241611-33, id: 0.08558070645241611-34, id: 0.08558070645241611-35, id: 0.08558070645241611-36, id: 0.08558070645241611-37, id: 0.08558070645241611-38, id: 0.08558070645241611-39, id: 0.08558070645241611-40, id: 0.08558070645241611-41, id: 0.08558070645241611-42, id: 0.08558070645241611-43, id: 0.08558070645241611-44, id: 0.08558070645241611-45, id: 0.08558070645241611-46, id: 0.08558070645241611-47, id: 0.08558070645241611-48, id: 0.08558070645241611-49, id: 0.08558070645241611-50, id: 0.08558070645241611-51, id: 0.08558070645241611-52, id: 0.08558070645241611-53, id: 0.08558070645241611-54, id: 0.08558070645241611-55, id: 0.08558070645241611-56, id: 0.08558070645241611-57, id: 0.08558070645241611-58, id: 0.08558070645241611-59, id: 0.08558070645241611-60, id: 0.08558070645241611-61, id: 0.08558070645241611-62, id: 0.08558070645241611-63, id: 0.08558070645241611-64, id: 0.08558070645241611-65, id: 0.08558070645241611-66, id: 0.08558070645241611-67, id: 0.08558070645241611-68, id: 0.08558070645241611-69, id: 0.08558070645241611-70, id: 0.08558070645241611-71, id: 0.08558070645241611-72, id: 0.08558070645241611-73, id: 0.08558070645241611-74, id: 0.08558070645241611-75, id: 0.08558070645241611-76, id: 0.08558070645241611-77, id: 0.08558070645241611-78, id: 0.08558070645241611-79, id: 0.08558070645241611-80, id: 0.08558070645241611-81, id: 0.08558070645241611-82, id: 0.08558070645241611-83, id: 0.08558070645241611-84, id: 0.08558070645241611-85, id: 0.08558070645241611-86, id: 0.08558070645241611-87, id: 0.08558070645241611-88, id: 0.08558070645241611-89, id: 0.08558070645241611-90, id: 0.08558070645241611-91, id: 0.08558070645241611-92, id: 0.08558070645241611-93, id: 0.08558070645241611-94, id: 0.08558070645241611-95, id: 0.08558070645241611-96]
[WebDriverCommandLogger] - Executing findElements parameters: {&quot;using&quot;:&quot;xpath&quot;,&quot;value&quot;:&quot;//div[@id=&apos;c_articlelist_stories_2&apos;]/ul[1]/li/span[1]/a&quot;}
[WebDriverCommandLogger] - command: findElements[ param-1: {value=//div[@id=&apos;c_articlelist_stories_2&apos;]/ul[1]/li/span[1]/a, using=xpath}] Result: [id: 0.08558070645241611-1, id: 0.08558070645241611-2, id: 0.08558070645241611-3, id: 0.08558070645241611-4, id: 0.08558070645241611-5, id: 0.08558070645241611-6, id: 0.08558070645241611-7, id: 0.08558070645241611-8, id: 0.08558070645241611-9, id: 0.08558070645241611-10, id: 0.08558070645241611-11, id: 0.08558070645241611-12, id: 0.08558070645241611-13, id: 0.08558070645241611-14, id: 0.08558070645241611-15, id: 0.08558070645241611-16, id: 0.08558070645241611-17, id: 0.08558070645241611-18, id: 0.08558070645241611-19, id: 0.08558070645241611-20, id: 0.08558070645241611-21, id: 0.08558070645241611-22, id: 0.08558070645241611-23, id: 0.08558070645241611-24, id: 0.08558070645241611-25, id: 0.08558070645241611-26, id: 0.08558070645241611-27, id: 0.08558070645241611-28, id: 0.08558070645241611-29, id: 0.08558070645241611-30, id: 0.08558070645241611-31, id: 0.08558070645241611-32, id: 0.08558070645241611-33, id: 0.08558070645241611-34, id: 0.08558070645241611-35, id: 0.08558070645241611-36, id: 0.08558070645241611-37, id: 0.08558070645241611-38, id: 0.08558070645241611-39, id: 0.08558070645241611-40, id: 0.08558070645241611-41, id: 0.08558070645241611-42, id: 0.08558070645241611-43, id: 0.08558070645241611-44, id: 0.08558070645241611-45, id: 0.08558070645241611-46, id: 0.08558070645241611-47, id: 0.08558070645241611-48, id: 0.08558070645241611-49, id: 0.08558070645241611-50, id: 0.08558070645241611-51, id: 0.08558070645241611-52, id: 0.08558070645241611-53, id: 0.08558070645241611-54, id: 0.08558070645241611-55, id: 0.08558070645241611-56, id: 0.08558070645241611-57, id: 0.08558070645241611-58, id: 0.08558070645241611-59, id: 0.08558070645241611-60, id: 0.08558070645241611-61, id: 0.08558070645241611-62, id: 0.08558070645241611-63, id: 0.08558070645241611-64, id: 0.08558070645241611-65, id: 0.08558070645241611-66, id: 0.08558070645241611-67, id: 0.08558070645241611-68, id: 0.08558070645241611-69, id: 0.08558070645241611-70, id: 0.08558070645241611-71, id: 0.08558070645241611-72, id: 0.08558070645241611-73, id: 0.08558070645241611-74, id: 0.08558070645241611-75, id: 0.08558070645241611-76, id: 0.08558070645241611-77, id: 0.08558070645241611-78, id: 0.08558070645241611-79, id: 0.08558070645241611-80, id: 0.08558070645241611-81, id: 0.08558070645241611-82, id: 0.08558070645241611-83, id: 0.08558070645241611-84, id: 0.08558070645241611-85, id: 0.08558070645241611-86, id: 0.08558070645241611-87, id: 0.08558070645241611-88, id: 0.08558070645241611-89, id: 0.08558070645241611-90, id: 0.08558070645241611-91, id: 0.08558070645241611-92, id: 0.08558070645241611-93, id: 0.08558070645241611-94, id: 0.08558070645241611-95, id: 0.08558070645241611-96]
[WebDriverCommandLogger] - Executing getElementText element: By.xpath: //div[@id=&apos;c_articlelist_stories_2&apos;]/ul[1]/li/span[1]/a parameters: {&quot;id&quot;:&quot;0.08558070645241611-48&quot;}
[WebDriverCommandLogger] - command: getElementText[ param-1: By.xpath: //div[@id=&apos;c_articlelist_stories_2&apos;]/ul[1]/li/span[1]/a param-2: {&quot;id&quot;:&quot;0.08558070645241611-48&quot;}] Result: getElementText:Tilak Road electronic shop blaze destroys laptops, computer parts
[WebDriverCommandLogger] - Executing findElements parameters: {&quot;using&quot;:&quot;xpath&quot;,&quot;value&quot;:&quot;//div[@id=&apos;c_articlelist_stories_2&apos;]/ul[1]/li/span[2]/span[2]&quot;}
[WebDriverCommandLogger] - command: findElements[ param-1: {value=//div[@id=&apos;c_articlelist_stories_2&apos;]/ul[1]/li/span[2]/span[2], using=xpath}] Result: [id: 0.08558070645241611-97, id: 0.08558070645241611-98, id: 0.08558070645241611-99, id: 0.08558070645241611-100, id: 0.08558070645241611-101, id: 0.08558070645241611-102, id: 0.08558070645241611-103, id: 0.08558070645241611-104, id: 0.08558070645241611-105, id: 0.08558070645241611-106, id: 0.08558070645241611-107, id: 0.08558070645241611-108, id: 0.08558070645241611-109, id: 0.08558070645241611-110, id: 0.08558070645241611-111, id: 0.08558070645241611-112, id: 0.08558070645241611-113, id: 0.08558070645241611-114, id: 0.08558070645241611-115, id: 0.08558070645241611-116, id: 0.08558070645241611-117, id: 0.08558070645241611-118, id: 0.08558070645241611-119, id: 0.08558070645241611-120, id: 0.08558070645241611-121, id: 0.08558070645241611-122, id: 0.08558070645241611-123, id: 0.08558070645241611-124, id: 0.08558070645241611-125, id: 0.08558070645241611-126, id: 0.08558070645241611-127, id: 0.08558070645241611-128, id: 0.08558070645241611-129, id: 0.08558070645241611-130, id: 0.08558070645241611-131, id: 0.08558070645241611-132, id: 0.08558070645241611-133, id: 0.08558070645241611-134, id: 0.08558070645241611-135, id: 0.08558070645241611-136, id: 0.08558070645241611-137, id: 0.08558070645241611-138, id: 0.08558070645241611-139, id: 0.08558070645241611-140, id: 0.08558070645241611-141, id: 0.08558070645241611-142, id: 0.08558070645241611-143, id: 0.08558070645241611-144, id: 0.08558070645241611-145, id: 0.08558070645241611-146, id: 0.08558070645241611-147, id: 0.08558070645241611-148, id: 0.08558070645241611-149, id: 0.08558070645241611-150, id: 0.08558070645241611-151, id: 0.08558070645241611-152, id: 0.08558070645241611-153, id: 0.08558070645241611-154, id: 0.08558070645241611-155, id: 0.08558070645241611-156, id: 0.08558070645241611-157, id: 0.08558070645241611-158, id: 0.08558070645241611-159, id: 0.08558070645241611-160, id: 0.08558070645241611-161, id: 0.08558070645241611-162, id: 0.08558070645241611-163, id: 0.08558070645241611-164, id: 0.08558070645241611-165, id: 0.08558070645241611-166, id: 0.08558070645241611-167, id: 0.08558070645241611-168, id: 0.08558070645241611-169, id: 0.08558070645241611-170, id: 0.08558070645241611-171, id: 0.08558070645241611-172, id: 0.08558070645241611-173, id: 0.08558070645241611-174, id: 0.08558070645241611-175, id: 0.08558070645241611-176, id: 0.08558070645241611-177, id: 0.08558070645241611-178, id: 0.08558070645241611-179, id: 0.08558070645241611-180, id: 0.08558070645241611-181, id: 0.08558070645241611-182, id: 0.08558070645241611-183, id: 0.08558070645241611-184, id: 0.08558070645241611-185, id: 0.08558070645241611-186, id: 0.08558070645241611-187, id: 0.08558070645241611-188, id: 0.08558070645241611-189, id: 0.08558070645241611-190, id: 0.08558070645241611-191, id: 0.08558070645241611-192]
[WebDriverCommandLogger] - Executing getElementText element: By.xpath: //div[@id=&apos;c_articlelist_stories_2&apos;]/ul[1]/li/span[2]/span[2] parameters: {&quot;id&quot;:&quot;0.08558070645241611-144&quot;}
[WebDriverCommandLogger] - command: getElementText[ param-1: By.xpath: //div[@id=&apos;c_articlelist_stories_2&apos;]/ul[1]/li/span[2]/span[2] param-2: {&quot;id&quot;:&quot;0.08558070645241611-144&quot;}] Result: getElementText:1 DAY AGO
[WebDriverCommandLogger] - Executing findElements parameters: {&quot;using&quot;:&quot;xpath&quot;,&quot;value&quot;:&quot;//div[@id=&apos;c_articlelist_stories_2&apos;]/ul[1]/li/span[1]/a&quot;}
[WebDriverCommandLogger] - command: findElements[ param-1: {value=//div[@id=&apos;c_articlelist_stories_2&apos;]/ul[1]/li/span[1]/a, using=xpath}] Result: [id: 0.08558070645241611-1, id: 0.08558070645241611-2, id: 0.08558070645241611-3, id: 0.08558070645241611-4, id: 0.08558070645241611-5, id: 0.08558070645241611-6, id: 0.08558070645241611-7, id: 0.08558070645241611-8, id: 0.08558070645241611-9, id: 0.08558070645241611-10, id: 0.08558070645241611-11, id: 0.08558070645241611-12, id: 0.08558070645241611-13, id: 0.08558070645241611-14, id: 0.08558070645241611-15, id: 0.08558070645241611-16, id: 0.08558070645241611-17, id: 0.08558070645241611-18, id: 0.08558070645241611-19, id: 0.08558070645241611-20, id: 0.08558070645241611-21, id: 0.08558070645241611-22, id: 0.08558070645241611-23, id: 0.08558070645241611-24, id: 0.08558070645241611-25, id: 0.08558070645241611-26, id: 0.08558070645241611-27, id: 0.08558070645241611-28, id: 0.08558070645241611-29, id: 0.08558070645241611-30, id: 0.08558070645241611-31, id: 0.08558070645241611-32, id: 0.08558070645241611-33, id: 0.08558070645241611-34, id: 0.08558070645241611-35, id: 0.08558070645241611-36, id: 0.08558070645241611-37, id: 0.08558070645241611-38, id: 0.08558070645241611-39, id: 0.08558070645241611-40, id: 0.08558070645241611-41, id: 0.08558070645241611-42, id: 0.08558070645241611-43, id: 0.08558070645241611-44, id: 0.08558070645241611-45, id: 0.08558070645241611-46, id: 0.08558070645241611-47, id: 0.08558070645241611-48, id: 0.08558070645241611-49, id: 0.08558070645241611-50, id: 0.08558070645241611-51, id: 0.08558070645241611-52, id: 0.08558070645241611-53, id: 0.08558070645241611-54, id: 0.08558070645241611-55, id: 0.08558070645241611-56, id: 0.08558070645241611-57, id: 0.08558070645241611-58, id: 0.08558070645241611-59, id: 0.08558070645241611-60, id: 0.08558070645241611-61, id: 0.08558070645241611-62, id: 0.08558070645241611-63, id: 0.08558070645241611-64, id: 0.08558070645241611-65, id: 0.08558070645241611-66, id: 0.08558070645241611-67, id: 0.08558070645241611-68, id: 0.08558070645241611-69, id: 0.08558070645241611-70, id: 0.08558070645241611-71, id: 0.08558070645241611-72, id: 0.08558070645241611-73, id: 0.08558070645241611-74, id: 0.08558070645241611-75, id: 0.08558070645241611-76, id: 0.08558070645241611-77, id: 0.08558070645241611-78, id: 0.08558070645241611-79, id: 0.08558070645241611-80, id: 0.08558070645241611-81, id: 0.08558070645241611-82, id: 0.08558070645241611-83, id: 0.08558070645241611-84, id: 0.08558070645241611-85, id: 0.08558070645241611-86, id: 0.08558070645241611-87, id: 0.08558070645241611-88, id: 0.08558070645241611-89, id: 0.08558070645241611-90, id: 0.08558070645241611-91, id: 0.08558070645241611-92, id: 0.08558070645241611-93, id: 0.08558070645241611-94, id: 0.08558070645241611-95, id: 0.08558070645241611-96]
[WebDriverCommandLogger] - Executing findElements parameters: {&quot;using&quot;:&quot;xpath&quot;,&quot;value&quot;:&quot;//div[@id=&apos;c_articlelist_stories_2&apos;]/ul[1]/li/span[1]/a&quot;}
[WebDriverCommandLogger] - command: findElements[ param-1: {value=//div[@id=&apos;c_articlelist_stories_2&apos;]/ul[1]/li/span[1]/a, using=xpath}] Result: [id: 0.08558070645241611-1, id: 0.08558070645241611-2, id: 0.08558070645241611-3, id: 0.08558070645241611-4, id: 0.08558070645241611-5, id: 0.08558070645241611-6, id: 0.08558070645241611-7, id: 0.08558070645241611-8, id: 0.08558070645241611-9, id: 0.08558070645241611-10, id: 0.08558070645241611-11, id: 0.08558070645241611-12, id: 0.08558070645241611-13, id: 0.08558070645241611-14, id: 0.08558070645241611-15, id: 0.08558070645241611-16, id: 0.08558070645241611-17, id: 0.08558070645241611-18, id: 0.08558070645241611-19, id: 0.08558070645241611-20, id: 0.08558070645241611-21, id: 0.08558070645241611-22, id: 0.08558070645241611-23, id: 0.08558070645241611-24, id: 0.08558070645241611-25, id: 0.08558070645241611-26, id: 0.08558070645241611-27, id: 0.08558070645241611-28, id: 0.08558070645241611-29, id: 0.08558070645241611-30, id: 0.08558070645241611-31, id: 0.08558070645241611-32, id: 0.08558070645241611-33, id: 0.08558070645241611-34, id: 0.08558070645241611-35, id: 0.08558070645241611-36, id: 0.08558070645241611-37, id: 0.08558070645241611-38, id: 0.08558070645241611-39, id: 0.08558070645241611-40, id: 0.08558070645241611-41, id: 0.08558070645241611-42, id: 0.08558070645241611-43, id: 0.08558070645241611-44, id: 0.08558070645241611-45, id: 0.08558070645241611-46, id: 0.08558070645241611-47, id: 0.08558070645241611-48, id: 0.08558070645241611-49, id: 0.08558070645241611-50, id: 0.08558070645241611-51, id: 0.08558070645241611-52, id: 0.08558070645241611-53, id: 0.08558070645241611-54, id: 0.08558070645241611-55, id: 0.08558070645241611-56, id: 0.08558070645241611-57, id: 0.08558070645241611-58, id: 0.08558070645241611-59, id: 0.08558070645241611-60, id: 0.08558070645241611-61, id: 0.08558070645241611-62, id: 0.08558070645241611-63, id: 0.08558070645241611-64, id: 0.08558070645241611-65, id: 0.08558070645241611-66, id: 0.08558070645241611-67, id: 0.08558070645241611-68, id: 0.08558070645241611-69, id: 0.08558070645241611-70, id: 0.08558070645241611-71, id: 0.08558070645241611-72, id: 0.08558070645241611-73, id: 0.08558070645241611-74, id: 0.08558070645241611-75, id: 0.08558070645241611-76, id: 0.08558070645241611-77, id: 0.08558070645241611-78, id: 0.08558070645241611-79, id: 0.08558070645241611-80, id: 0.08558070645241611-81, id: 0.08558070645241611-82, id: 0.08558070645241611-83, id: 0.08558070645241611-84, id: 0.08558070645241611-85, id: 0.08558070645241611-86, id: 0.08558070645241611-87, id: 0.08558070645241611-88, id: 0.08558070645241611-89, id: 0.08558070645241611-90, id: 0.08558070645241611-91, id: 0.08558070645241611-92, id: 0.08558070645241611-93, id: 0.08558070645241611-94, id: 0.08558070645241611-95, id: 0.08558070645241611-96]
[WebDriverCommandLogger] - Executing getElementText element: By.xpath: //div[@id=&apos;c_articlelist_stories_2&apos;]/ul[1]/li/span[1]/a parameters: {&quot;id&quot;:&quot;0.08558070645241611-49&quot;}
[WebDriverCommandLogger] - command: getElementText[ param-1: By.xpath: //div[@id=&apos;c_articlelist_stories_2&apos;]/ul[1]/li/span[1]/a param-2: {&quot;id&quot;:&quot;0.08558070645241611-49&quot;}] Result: getElementText:Commerce powers ahead in students’ choice of streams
[WebDriverCommandLogger] - Executing findElements parameters: {&quot;using&quot;:&quot;xpath&quot;,&quot;value&quot;:&quot;//div[@id=&apos;c_articlelist_stories_2&apos;]/ul[1]/li/span[2]/span[2]&quot;}
[WebDriverCommandLogger] - command: findElements[ param-1: {value=//div[@id=&apos;c_articlelist_stories_2&apos;]/ul[1]/li/span[2]/span[2], using=xpath}] Result: [id: 0.08558070645241611-97, id: 0.08558070645241611-98, id: 0.08558070645241611-99, id: 0.08558070645241611-100, id: 0.08558070645241611-101, id: 0.08558070645241611-102, id: 0.08558070645241611-103, id: 0.08558070645241611-104, id: 0.08558070645241611-105, id: 0.08558070645241611-106, id: 0.08558070645241611-107, id: 0.08558070645241611-108, id: 0.08558070645241611-109, id: 0.08558070645241611-110, id: 0.08558070645241611-111, id: 0.08558070645241611-112, id: 0.08558070645241611-113, id: 0.08558070645241611-114, id: 0.08558070645241611-115, id: 0.08558070645241611-116, id: 0.08558070645241611-117, id: 0.08558070645241611-118, id: 0.08558070645241611-119, id: 0.08558070645241611-120, id: 0.08558070645241611-121, id: 0.08558070645241611-122, id: 0.08558070645241611-123, id: 0.08558070645241611-124, id: 0.08558070645241611-125, id: 0.08558070645241611-126, id: 0.08558070645241611-127, id: 0.08558070645241611-128, id: 0.08558070645241611-129, id: 0.08558070645241611-130, id: 0.08558070645241611-131, id: 0.08558070645241611-132, id: 0.08558070645241611-133, id: 0.08558070645241611-134, id: 0.08558070645241611-135, id: 0.08558070645241611-136, id: 0.08558070645241611-137, id: 0.08558070645241611-138, id: 0.08558070645241611-139, id: 0.08558070645241611-140, id: 0.08558070645241611-141, id: 0.08558070645241611-142, id: 0.08558070645241611-143, id: 0.08558070645241611-144, id: 0.08558070645241611-145, id: 0.08558070645241611-146, id: 0.08558070645241611-147, id: 0.08558070645241611-148, id: 0.08558070645241611-149, id: 0.08558070645241611-150, id: 0.08558070645241611-151, id: 0.08558070645241611-152, id: 0.08558070645241611-153, id: 0.08558070645241611-154, id: 0.08558070645241611-155, id: 0.08558070645241611-156, id: 0.08558070645241611-157, id: 0.08558070645241611-158, id: 0.08558070645241611-159, id: 0.08558070645241611-160, id: 0.08558070645241611-161, id: 0.08558070645241611-162, id: 0.08558070645241611-163, id: 0.08558070645241611-164, id: 0.08558070645241611-165, id: 0.08558070645241611-166, id: 0.08558070645241611-167, id: 0.08558070645241611-168, id: 0.08558070645241611-169, id: 0.08558070645241611-170, id: 0.08558070645241611-171, id: 0.08558070645241611-172, id: 0.08558070645241611-173, id: 0.08558070645241611-174, id: 0.08558070645241611-175, id: 0.08558070645241611-176, id: 0.08558070645241611-177, id: 0.08558070645241611-178, id: 0.08558070645241611-179, id: 0.08558070645241611-180, id: 0.08558070645241611-181, id: 0.08558070645241611-182, id: 0.08558070645241611-183, id: 0.08558070645241611-184, id: 0.08558070645241611-185, id: 0.08558070645241611-186, id: 0.08558070645241611-187, id: 0.08558070645241611-188, id: 0.08558070645241611-189, id: 0.08558070645241611-190, id: 0.08558070645241611-191, id: 0.08558070645241611-192]
[WebDriverCommandLogger] - Executing getElementText element: By.xpath: //div[@id=&apos;c_articlelist_stories_2&apos;]/ul[1]/li/span[2]/span[2] parameters: {&quot;id&quot;:&quot;0.08558070645241611-145&quot;}
[WebDriverCommandLogger] - command: getElementText[ param-1: By.xpath: //div[@id=&apos;c_articlelist_stories_2&apos;]/ul[1]/li/span[2]/span[2] param-2: {&quot;id&quot;:&quot;0.08558070645241611-145&quot;}] Result: getElementText:1 DAY AGO
[WebDriverCommandLogger] - Executing findElements parameters: {&quot;using&quot;:&quot;xpath&quot;,&quot;value&quot;:&quot;//div[@id=&apos;c_articlelist_stories_2&apos;]/ul[1]/li/span[1]/a&quot;}
[WebDriverCommandLogger] - command: findElements[ param-1: {value=//div[@id=&apos;c_articlelist_stories_2&apos;]/ul[1]/li/span[1]/a, using=xpath}] Result: [id: 0.08558070645241611-1, id: 0.08558070645241611-2, id: 0.08558070645241611-3, id: 0.08558070645241611-4, id: 0.08558070645241611-5, id: 0.08558070645241611-6, id: 0.08558070645241611-7, id: 0.08558070645241611-8, id: 0.08558070645241611-9, id: 0.08558070645241611-10, id: 0.08558070645241611-11, id: 0.08558070645241611-12, id: 0.08558070645241611-13, id: 0.08558070645241611-14, id: 0.08558070645241611-15, id: 0.08558070645241611-16, id: 0.08558070645241611-17, id: 0.08558070645241611-18, id: 0.08558070645241611-19, id: 0.08558070645241611-20, id: 0.08558070645241611-21, id: 0.08558070645241611-22, id: 0.08558070645241611-23, id: 0.08558070645241611-24, id: 0.08558070645241611-25, id: 0.08558070645241611-26, id: 0.08558070645241611-27, id: 0.08558070645241611-28, id: 0.08558070645241611-29, id: 0.08558070645241611-30, id: 0.08558070645241611-31, id: 0.08558070645241611-32, id: 0.08558070645241611-33, id: 0.08558070645241611-34, id: 0.08558070645241611-35, id: 0.08558070645241611-36, id: 0.08558070645241611-37, id: 0.08558070645241611-38, id: 0.08558070645241611-39, id: 0.08558070645241611-40, id: 0.08558070645241611-41, id: 0.08558070645241611-42, id: 0.08558070645241611-43, id: 0.08558070645241611-44, id: 0.08558070645241611-45, id: 0.08558070645241611-46, id: 0.08558070645241611-47, id: 0.08558070645241611-48, id: 0.08558070645241611-49, id: 0.08558070645241611-50, id: 0.08558070645241611-51, id: 0.08558070645241611-52, id: 0.08558070645241611-53, id: 0.08558070645241611-54, id: 0.08558070645241611-55, id: 0.08558070645241611-56, id: 0.08558070645241611-57, id: 0.08558070645241611-58, id: 0.08558070645241611-59, id: 0.08558070645241611-60, id: 0.08558070645241611-61, id: 0.08558070645241611-62, id: 0.08558070645241611-63, id: 0.08558070645241611-64, id: 0.08558070645241611-65, id: 0.08558070645241611-66, id: 0.08558070645241611-67, id: 0.08558070645241611-68, id: 0.08558070645241611-69, id: 0.08558070645241611-70, id: 0.08558070645241611-71, id: 0.08558070645241611-72, id: 0.08558070645241611-73, id: 0.08558070645241611-74, id: 0.08558070645241611-75, id: 0.08558070645241611-76, id: 0.08558070645241611-77, id: 0.08558070645241611-78, id: 0.08558070645241611-79, id: 0.08558070645241611-80, id: 0.08558070645241611-81, id: 0.08558070645241611-82, id: 0.08558070645241611-83, id: 0.08558070645241611-84, id: 0.08558070645241611-85, id: 0.08558070645241611-86, id: 0.08558070645241611-87, id: 0.08558070645241611-88, id: 0.08558070645241611-89, id: 0.08558070645241611-90, id: 0.08558070645241611-91, id: 0.08558070645241611-92, id: 0.08558070645241611-93, id: 0.08558070645241611-94, id: 0.08558070645241611-95, id: 0.08558070645241611-96]
[WebDriverCommandLogger] - Executing findElements parameters: {&quot;using&quot;:&quot;xpath&quot;,&quot;value&quot;:&quot;//div[@id=&apos;c_articlelist_stories_2&apos;]/ul[1]/li/span[1]/a&quot;}
[WebDriverCommandLogger] - command: findElements[ param-1: {value=//div[@id=&apos;c_articlelist_stories_2&apos;]/ul[1]/li/span[1]/a, using=xpath}] Result: [id: 0.08558070645241611-1, id: 0.08558070645241611-2, id: 0.08558070645241611-3, id: 0.08558070645241611-4, id: 0.08558070645241611-5, id: 0.08558070645241611-6, id: 0.08558070645241611-7, id: 0.08558070645241611-8, id: 0.08558070645241611-9, id: 0.08558070645241611-10, id: 0.08558070645241611-11, id: 0.08558070645241611-12, id: 0.08558070645241611-13, id: 0.08558070645241611-14, id: 0.08558070645241611-15, id: 0.08558070645241611-16, id: 0.08558070645241611-17, id: 0.08558070645241611-18, id: 0.08558070645241611-19, id: 0.08558070645241611-20, id: 0.08558070645241611-21, id: 0.08558070645241611-22, id: 0.08558070645241611-23, id: 0.08558070645241611-24, id: 0.08558070645241611-25, id: 0.08558070645241611-26, id: 0.08558070645241611-27, id: 0.08558070645241611-28, id: 0.08558070645241611-29, id: 0.08558070645241611-30, id: 0.08558070645241611-31, id: 0.08558070645241611-32, id: 0.08558070645241611-33, id: 0.08558070645241611-34, id: 0.08558070645241611-35, id: 0.08558070645241611-36, id: 0.08558070645241611-37, id: 0.08558070645241611-38, id: 0.08558070645241611-39, id: 0.08558070645241611-40, id: 0.08558070645241611-41, id: 0.08558070645241611-42, id: 0.08558070645241611-43, id: 0.08558070645241611-44, id: 0.08558070645241611-45, id: 0.08558070645241611-46, id: 0.08558070645241611-47, id: 0.08558070645241611-48, id: 0.08558070645241611-49, id: 0.08558070645241611-50, id: 0.08558070645241611-51, id: 0.08558070645241611-52, id: 0.08558070645241611-53, id: 0.08558070645241611-54, id: 0.08558070645241611-55, id: 0.08558070645241611-56, id: 0.08558070645241611-57, id: 0.08558070645241611-58, id: 0.08558070645241611-59, id: 0.08558070645241611-60, id: 0.08558070645241611-61, id: 0.08558070645241611-62, id: 0.08558070645241611-63, id: 0.08558070645241611-64, id: 0.08558070645241611-65, id: 0.08558070645241611-66, id: 0.08558070645241611-67, id: 0.08558070645241611-68, id: 0.08558070645241611-69, id: 0.08558070645241611-70, id: 0.08558070645241611-71, id: 0.08558070645241611-72, id: 0.08558070645241611-73, id: 0.08558070645241611-74, id: 0.08558070645241611-75, id: 0.08558070645241611-76, id: 0.08558070645241611-77, id: 0.08558070645241611-78, id: 0.08558070645241611-79, id: 0.08558070645241611-80, id: 0.08558070645241611-81, id: 0.08558070645241611-82, id: 0.08558070645241611-83, id: 0.08558070645241611-84, id: 0.08558070645241611-85, id: 0.08558070645241611-86, id: 0.08558070645241611-87, id: 0.08558070645241611-88, id: 0.08558070645241611-89, id: 0.08558070645241611-90, id: 0.08558070645241611-91, id: 0.08558070645241611-92, id: 0.08558070645241611-93, id: 0.08558070645241611-94, id: 0.08558070645241611-95, id: 0.08558070645241611-96]
[WebDriverCommandLogger] - Executing getElementText element: By.xpath: //div[@id=&apos;c_articlelist_stories_2&apos;]/ul[1]/li/span[1]/a parameters: {&quot;id&quot;:&quot;0.08558070645241611-50&quot;}
[WebDriverCommandLogger] - command: getElementText[ param-1: By.xpath: //div[@id=&apos;c_articlelist_stories_2&apos;]/ul[1]/li/span[1]/a param-2: {&quot;id&quot;:&quot;0.08558070645241611-50&quot;}] Result: getElementText:Pupils to confirm seats by Thursday
[WebDriverCommandLogger] - Executing findElements parameters: {&quot;using&quot;:&quot;xpath&quot;,&quot;value&quot;:&quot;//div[@id=&apos;c_articlelist_stories_2&apos;]/ul[1]/li/span[2]/span[2]&quot;}
[WebDriverCommandLogger] - command: findElements[ param-1: {value=//div[@id=&apos;c_articlelist_stories_2&apos;]/ul[1]/li/span[2]/span[2], using=xpath}] Result: [id: 0.08558070645241611-97, id: 0.08558070645241611-98, id: 0.08558070645241611-99, id: 0.08558070645241611-100, id: 0.08558070645241611-101, id: 0.08558070645241611-102, id: 0.08558070645241611-103, id: 0.08558070645241611-104, id: 0.08558070645241611-105, id: 0.08558070645241611-106, id: 0.08558070645241611-107, id: 0.08558070645241611-108, id: 0.08558070645241611-109, id: 0.08558070645241611-110, id: 0.08558070645241611-111, id: 0.08558070645241611-112, id: 0.08558070645241611-113, id: 0.08558070645241611-114, id: 0.08558070645241611-115, id: 0.08558070645241611-116, id: 0.08558070645241611-117, id: 0.08558070645241611-118, id: 0.08558070645241611-119, id: 0.08558070645241611-120, id: 0.08558070645241611-121, id: 0.08558070645241611-122, id: 0.08558070645241611-123, id: 0.08558070645241611-124, id: 0.08558070645241611-125, id: 0.08558070645241611-126, id: 0.08558070645241611-127, id: 0.08558070645241611-128, id: 0.08558070645241611-129, id: 0.08558070645241611-130, id: 0.08558070645241611-131, id: 0.08558070645241611-132, id: 0.08558070645241611-133, id: 0.08558070645241611-134, id: 0.08558070645241611-135, id: 0.08558070645241611-136, id: 0.08558070645241611-137, id: 0.08558070645241611-138, id: 0.08558070645241611-139, id: 0.08558070645241611-140, id: 0.08558070645241611-141, id: 0.08558070645241611-142, id: 0.08558070645241611-143, id: 0.08558070645241611-144, id: 0.08558070645241611-145, id: 0.08558070645241611-146, id: 0.08558070645241611-147, id: 0.08558070645241611-148, id: 0.08558070645241611-149, id: 0.08558070645241611-150, id: 0.08558070645241611-151, id: 0.08558070645241611-152, id: 0.08558070645241611-153, id: 0.08558070645241611-154, id: 0.08558070645241611-155, id: 0.08558070645241611-156, id: 0.08558070645241611-157, id: 0.08558070645241611-158, id: 0.08558070645241611-159, id: 0.08558070645241611-160, id: 0.08558070645241611-161, id: 0.08558070645241611-162, id: 0.08558070645241611-163, id: 0.08558070645241611-164, id: 0.08558070645241611-165, id: 0.08558070645241611-166, id: 0.08558070645241611-167, id: 0.08558070645241611-168, id: 0.08558070645241611-169, id: 0.08558070645241611-170, id: 0.08558070645241611-171, id: 0.08558070645241611-172, id: 0.08558070645241611-173, id: 0.08558070645241611-174, id: 0.08558070645241611-175, id: 0.08558070645241611-176, id: 0.08558070645241611-177, id: 0.08558070645241611-178, id: 0.08558070645241611-179, id: 0.08558070645241611-180, id: 0.08558070645241611-181, id: 0.08558070645241611-182, id: 0.08558070645241611-183, id: 0.08558070645241611-184, id: 0.08558070645241611-185, id: 0.08558070645241611-186, id: 0.08558070645241611-187, id: 0.08558070645241611-188, id: 0.08558070645241611-189, id: 0.08558070645241611-190, id: 0.08558070645241611-191, id: 0.08558070645241611-192]
[WebDriverCommandLogger] - Executing getElementText element: By.xpath: //div[@id=&apos;c_articlelist_stories_2&apos;]/ul[1]/li/span[2]/span[2] parameters: {&quot;id&quot;:&quot;0.08558070645241611-146&quot;}
[WebDriverCommandLogger] - command: getElementText[ param-1: By.xpath: //div[@id=&apos;c_articlelist_stories_2&apos;]/ul[1]/li/span[2]/span[2] param-2: {&quot;id&quot;:&quot;0.08558070645241611-146&quot;}] Result: getElementText:1 DAY AGO
[WebDriverCommandLogger] - Executing findElements parameters: {&quot;using&quot;:&quot;xpath&quot;,&quot;value&quot;:&quot;//div[@id=&apos;c_articlelist_stories_2&apos;]/ul[1]/li/span[1]/a&quot;}
[WebDriverCommandLogger] - command: findElements[ param-1: {value=//div[@id=&apos;c_articlelist_stories_2&apos;]/ul[1]/li/span[1]/a, using=xpath}] Result: [id: 0.08558070645241611-1, id: 0.08558070645241611-2, id: 0.08558070645241611-3, id: 0.08558070645241611-4, id: 0.08558070645241611-5, id: 0.08558070645241611-6, id: 0.08558070645241611-7, id: 0.08558070645241611-8, id: 0.08558070645241611-9, id: 0.08558070645241611-10, id: 0.08558070645241611-11, id: 0.08558070645241611-12, id: 0.08558070645241611-13, id: 0.08558070645241611-14, id: 0.08558070645241611-15, id: 0.08558070645241611-16, id: 0.08558070645241611-17, id: 0.08558070645241611-18, id: 0.08558070645241611-19, id: 0.08558070645241611-20, id: 0.08558070645241611-21, id: 0.08558070645241611-22, id: 0.08558070645241611-23, id: 0.08558070645241611-24, id: 0.08558070645241611-25, id: 0.08558070645241611-26, id: 0.08558070645241611-27, id: 0.08558070645241611-28, id: 0.08558070645241611-29, id: 0.08558070645241611-30, id: 0.08558070645241611-31, id: 0.08558070645241611-32, id: 0.08558070645241611-33, id: 0.08558070645241611-34, id: 0.08558070645241611-35, id: 0.08558070645241611-36, id: 0.08558070645241611-37, id: 0.08558070645241611-38, id: 0.08558070645241611-39, id: 0.08558070645241611-40, id: 0.08558070645241611-41, id: 0.08558070645241611-42, id: 0.08558070645241611-43, id: 0.08558070645241611-44, id: 0.08558070645241611-45, id: 0.08558070645241611-46, id: 0.08558070645241611-47, id: 0.08558070645241611-48, id: 0.08558070645241611-49, id: 0.08558070645241611-50, id: 0.08558070645241611-51, id: 0.08558070645241611-52, id: 0.08558070645241611-53, id: 0.08558070645241611-54, id: 0.08558070645241611-55, id: 0.08558070645241611-56, id: 0.08558070645241611-57, id: 0.08558070645241611-58, id: 0.08558070645241611-59, id: 0.08558070645241611-60, id: 0.08558070645241611-61, id: 0.08558070645241611-62, id: 0.08558070645241611-63, id: 0.08558070645241611-64, id: 0.08558070645241611-65, id: 0.08558070645241611-66, id: 0.08558070645241611-67, id: 0.08558070645241611-68, id: 0.08558070645241611-69, id: 0.08558070645241611-70, id: 0.08558070645241611-71, id: 0.08558070645241611-72, id: 0.08558070645241611-73, id: 0.08558070645241611-74, id: 0.08558070645241611-75, id: 0.08558070645241611-76, id: 0.08558070645241611-77, id: 0.08558070645241611-78, id: 0.08558070645241611-79, id: 0.08558070645241611-80, id: 0.08558070645241611-81, id: 0.08558070645241611-82, id: 0.08558070645241611-83, id: 0.08558070645241611-84, id: 0.08558070645241611-85, id: 0.08558070645241611-86, id: 0.08558070645241611-87, id: 0.08558070645241611-88, id: 0.08558070645241611-89, id: 0.08558070645241611-90, id: 0.08558070645241611-91, id: 0.08558070645241611-92, id: 0.08558070645241611-93, id: 0.08558070645241611-94, id: 0.08558070645241611-95, id: 0.08558070645241611-96]
[WebDriverCommandLogger] - Executing findElements parameters: {&quot;using&quot;:&quot;xpath&quot;,&quot;value&quot;:&quot;//div[@id=&apos;c_articlelist_stories_2&apos;]/ul[1]/li/span[1]/a&quot;}
[WebDriverCommandLogger] - command: findElements[ param-1: {value=//div[@id=&apos;c_articlelist_stories_2&apos;]/ul[1]/li/span[1]/a, using=xpath}] Result: [id: 0.08558070645241611-1, id: 0.08558070645241611-2, id: 0.08558070645241611-3, id: 0.08558070645241611-4, id: 0.08558070645241611-5, id: 0.08558070645241611-6, id: 0.08558070645241611-7, id: 0.08558070645241611-8, id: 0.08558070645241611-9, id: 0.08558070645241611-10, id: 0.08558070645241611-11, id: 0.08558070645241611-12, id: 0.08558070645241611-13, id: 0.08558070645241611-14, id: 0.08558070645241611-15, id: 0.08558070645241611-16, id: 0.08558070645241611-17, id: 0.08558070645241611-18, id: 0.08558070645241611-19, id: 0.08558070645241611-20, id: 0.08558070645241611-21, id: 0.08558070645241611-22, id: 0.08558070645241611-23, id: 0.08558070645241611-24, id: 0.08558070645241611-25, id: 0.08558070645241611-26, id: 0.08558070645241611-27, id: 0.08558070645241611-28, id: 0.08558070645241611-29, id: 0.08558070645241611-30, id: 0.08558070645241611-31, id: 0.08558070645241611-32, id: 0.08558070645241611-33, id: 0.08558070645241611-34, id: 0.08558070645241611-35, id: 0.08558070645241611-36, id: 0.08558070645241611-37, id: 0.08558070645241611-38, id: 0.08558070645241611-39, id: 0.08558070645241611-40, id: 0.08558070645241611-41, id: 0.08558070645241611-42, id: 0.08558070645241611-43, id: 0.08558070645241611-44, id: 0.08558070645241611-45, id: 0.08558070645241611-46, id: 0.08558070645241611-47, id: 0.08558070645241611-48, id: 0.08558070645241611-49, id: 0.08558070645241611-50, id: 0.08558070645241611-51, id: 0.08558070645241611-52, id: 0.08558070645241611-53, id: 0.08558070645241611-54, id: 0.08558070645241611-55, id: 0.08558070645241611-56, id: 0.08558070645241611-57, id: 0.08558070645241611-58, id: 0.08558070645241611-59, id: 0.08558070645241611-60, id: 0.08558070645241611-61, id: 0.08558070645241611-62, id: 0.08558070645241611-63, id: 0.08558070645241611-64, id: 0.08558070645241611-65, id: 0.08558070645241611-66, id: 0.08558070645241611-67, id: 0.08558070645241611-68, id: 0.08558070645241611-69, id: 0.08558070645241611-70, id: 0.08558070645241611-71, id: 0.08558070645241611-72, id: 0.08558070645241611-73, id: 0.08558070645241611-74, id: 0.08558070645241611-75, id: 0.08558070645241611-76, id: 0.08558070645241611-77, id: 0.08558070645241611-78, id: 0.08558070645241611-79, id: 0.08558070645241611-80, id: 0.08558070645241611-81, id: 0.08558070645241611-82, id: 0.08558070645241611-83, id: 0.08558070645241611-84, id: 0.08558070645241611-85, id: 0.08558070645241611-86, id: 0.08558070645241611-87, id: 0.08558070645241611-88, id: 0.08558070645241611-89, id: 0.08558070645241611-90, id: 0.08558070645241611-91, id: 0.08558070645241611-92, id: 0.08558070645241611-93, id: 0.08558070645241611-94, id: 0.08558070645241611-95, id: 0.08558070645241611-96]
[WebDriverCommandLogger] - Executing getElementText element: By.xpath: //div[@id=&apos;c_articlelist_stories_2&apos;]/ul[1]/li/span[1]/a parameters: {&quot;id&quot;:&quot;0.08558070645241611-51&quot;}
[WebDriverCommandLogger] - command: getElementText[ param-1: By.xpath: //div[@id=&apos;c_articlelist_stories_2&apos;]/ul[1]/li/span[1]/a param-2: {&quot;id&quot;:&quot;0.08558070645241611-51&quot;}] Result: getElementText:Bike-borne men rob fuel station staffers of Rs 22.95 lakh in daylight
[WebDriverCommandLogger] - Executing findElements parameters: {&quot;using&quot;:&quot;xpath&quot;,&quot;value&quot;:&quot;//div[@id=&apos;c_articlelist_stories_2&apos;]/ul[1]/li/span[2]/span[2]&quot;}
[WebDriverCommandLogger] - command: findElements[ param-1: {value=//div[@id=&apos;c_articlelist_stories_2&apos;]/ul[1]/li/span[2]/span[2], using=xpath}] Result: [id: 0.08558070645241611-97, id: 0.08558070645241611-98, id: 0.08558070645241611-99, id: 0.08558070645241611-100, id: 0.08558070645241611-101, id: 0.08558070645241611-102, id: 0.08558070645241611-103, id: 0.08558070645241611-104, id: 0.08558070645241611-105, id: 0.08558070645241611-106, id: 0.08558070645241611-107, id: 0.08558070645241611-108, id: 0.08558070645241611-109, id: 0.08558070645241611-110, id: 0.08558070645241611-111, id: 0.08558070645241611-112, id: 0.08558070645241611-113, id: 0.08558070645241611-114, id: 0.08558070645241611-115, id: 0.08558070645241611-116, id: 0.08558070645241611-117, id: 0.08558070645241611-118, id: 0.08558070645241611-119, id: 0.08558070645241611-120, id: 0.08558070645241611-121, id: 0.08558070645241611-122, id: 0.08558070645241611-123, id: 0.08558070645241611-124, id: 0.08558070645241611-125, id: 0.08558070645241611-126, id: 0.08558070645241611-127, id: 0.08558070645241611-128, id: 0.08558070645241611-129, id: 0.08558070645241611-130, id: 0.08558070645241611-131, id: 0.08558070645241611-132, id: 0.08558070645241611-133, id: 0.08558070645241611-134, id: 0.08558070645241611-135, id: 0.08558070645241611-136, id: 0.08558070645241611-137, id: 0.08558070645241611-138, id: 0.08558070645241611-139, id: 0.08558070645241611-140, id: 0.08558070645241611-141, id: 0.08558070645241611-142, id: 0.08558070645241611-143, id: 0.08558070645241611-144, id: 0.08558070645241611-145, id: 0.08558070645241611-146, id: 0.08558070645241611-147, id: 0.08558070645241611-148, id: 0.08558070645241611-149, id: 0.08558070645241611-150, id: 0.08558070645241611-151, id: 0.08558070645241611-152, id: 0.08558070645241611-153, id: 0.08558070645241611-154, id: 0.08558070645241611-155, id: 0.08558070645241611-156, id: 0.08558070645241611-157, id: 0.08558070645241611-158, id: 0.08558070645241611-159, id: 0.08558070645241611-160, id: 0.08558070645241611-161, id: 0.08558070645241611-162, id: 0.08558070645241611-163, id: 0.08558070645241611-164, id: 0.08558070645241611-165, id: 0.08558070645241611-166, id: 0.08558070645241611-167, id: 0.08558070645241611-168, id: 0.08558070645241611-169, id: 0.08558070645241611-170, id: 0.08558070645241611-171, id: 0.08558070645241611-172, id: 0.08558070645241611-173, id: 0.08558070645241611-174, id: 0.08558070645241611-175, id: 0.08558070645241611-176, id: 0.08558070645241611-177, id: 0.08558070645241611-178, id: 0.08558070645241611-179, id: 0.08558070645241611-180, id: 0.08558070645241611-181, id: 0.08558070645241611-182, id: 0.08558070645241611-183, id: 0.08558070645241611-184, id: 0.08558070645241611-185, id: 0.08558070645241611-186, id: 0.08558070645241611-187, id: 0.08558070645241611-188, id: 0.08558070645241611-189, id: 0.08558070645241611-190, id: 0.08558070645241611-191, id: 0.08558070645241611-192]
[WebDriverCommandLogger] - Executing getElementText element: By.xpath: //div[@id=&apos;c_articlelist_stories_2&apos;]/ul[1]/li/span[2]/span[2] parameters: {&quot;id&quot;:&quot;0.08558070645241611-147&quot;}
[WebDriverCommandLogger] - command: getElementText[ param-1: By.xpath: //div[@id=&apos;c_articlelist_stories_2&apos;]/ul[1]/li/span[2]/span[2] param-2: {&quot;id&quot;:&quot;0.08558070645241611-147&quot;}] Result: getElementText:1 DAY AGO
[WebDriverCommandLogger] - Executing findElements parameters: {&quot;using&quot;:&quot;xpath&quot;,&quot;value&quot;:&quot;//div[@id=&apos;c_articlelist_stories_2&apos;]/ul[1]/li/span[1]/a&quot;}
[WebDriverCommandLogger] - command: findElements[ param-1: {value=//div[@id=&apos;c_articlelist_stories_2&apos;]/ul[1]/li/span[1]/a, using=xpath}] Result: [id: 0.08558070645241611-1, id: 0.08558070645241611-2, id: 0.08558070645241611-3, id: 0.08558070645241611-4, id: 0.08558070645241611-5, id: 0.08558070645241611-6, id: 0.08558070645241611-7, id: 0.08558070645241611-8, id: 0.08558070645241611-9, id: 0.08558070645241611-10, id: 0.08558070645241611-11, id: 0.08558070645241611-12, id: 0.08558070645241611-13, id: 0.08558070645241611-14, id: 0.08558070645241611-15, id: 0.08558070645241611-16, id: 0.08558070645241611-17, id: 0.08558070645241611-18, id: 0.08558070645241611-19, id: 0.08558070645241611-20, id: 0.08558070645241611-21, id: 0.08558070645241611-22, id: 0.08558070645241611-23, id: 0.08558070645241611-24, id: 0.08558070645241611-25, id: 0.08558070645241611-26, id: 0.08558070645241611-27, id: 0.08558070645241611-28, id: 0.08558070645241611-29, id: 0.08558070645241611-30, id: 0.08558070645241611-31, id: 0.08558070645241611-32, id: 0.08558070645241611-33, id: 0.08558070645241611-34, id: 0.08558070645241611-35, id: 0.08558070645241611-36, id: 0.08558070645241611-37, id: 0.08558070645241611-38, id: 0.08558070645241611-39, id: 0.08558070645241611-40, id: 0.08558070645241611-41, id: 0.08558070645241611-42, id: 0.08558070645241611-43, id: 0.08558070645241611-44, id: 0.08558070645241611-45, id: 0.08558070645241611-46, id: 0.08558070645241611-47, id: 0.08558070645241611-48, id: 0.08558070645241611-49, id: 0.08558070645241611-50, id: 0.08558070645241611-51, id: 0.08558070645241611-52, id: 0.08558070645241611-53, id: 0.08558070645241611-54, id: 0.08558070645241611-55, id: 0.08558070645241611-56, id: 0.08558070645241611-57, id: 0.08558070645241611-58, id: 0.08558070645241611-59, id: 0.08558070645241611-60, id: 0.08558070645241611-61, id: 0.08558070645241611-62, id: 0.08558070645241611-63, id: 0.08558070645241611-64, id: 0.08558070645241611-65, id: 0.08558070645241611-66, id: 0.08558070645241611-67, id: 0.08558070645241611-68, id: 0.08558070645241611-69, id: 0.08558070645241611-70, id: 0.08558070645241611-71, id: 0.08558070645241611-72, id: 0.08558070645241611-73, id: 0.08558070645241611-74, id: 0.08558070645241611-75, id: 0.08558070645241611-76, id: 0.08558070645241611-77, id: 0.08558070645241611-78, id: 0.08558070645241611-79, id: 0.08558070645241611-80, id: 0.08558070645241611-81, id: 0.08558070645241611-82, id: 0.08558070645241611-83, id: 0.08558070645241611-84, id: 0.08558070645241611-85, id: 0.08558070645241611-86, id: 0.08558070645241611-87, id: 0.08558070645241611-88, id: 0.08558070645241611-89, id: 0.08558070645241611-90, id: 0.08558070645241611-91, id: 0.08558070645241611-92, id: 0.08558070645241611-93, id: 0.08558070645241611-94, id: 0.08558070645241611-95, id: 0.08558070645241611-96]
[WebDriverCommandLogger] - Executing findElements parameters: {&quot;using&quot;:&quot;xpath&quot;,&quot;value&quot;:&quot;//div[@id=&apos;c_articlelist_stories_2&apos;]/ul[1]/li/span[1]/a&quot;}
[WebDriverCommandLogger] - command: findElements[ param-1: {value=//div[@id=&apos;c_articlelist_stories_2&apos;]/ul[1]/li/span[1]/a, using=xpath}] Result: [id: 0.08558070645241611-1, id: 0.08558070645241611-2, id: 0.08558070645241611-3, id: 0.08558070645241611-4, id: 0.08558070645241611-5, id: 0.08558070645241611-6, id: 0.08558070645241611-7, id: 0.08558070645241611-8, id: 0.08558070645241611-9, id: 0.08558070645241611-10, id: 0.08558070645241611-11, id: 0.08558070645241611-12, id: 0.08558070645241611-13, id: 0.08558070645241611-14, id: 0.08558070645241611-15, id: 0.08558070645241611-16, id: 0.08558070645241611-17, id: 0.08558070645241611-18, id: 0.08558070645241611-19, id: 0.08558070645241611-20, id: 0.08558070645241611-21, id: 0.08558070645241611-22, id: 0.08558070645241611-23, id: 0.08558070645241611-24, id: 0.08558070645241611-25, id: 0.08558070645241611-26, id: 0.08558070645241611-27, id: 0.08558070645241611-28, id: 0.08558070645241611-29, id: 0.08558070645241611-30, id: 0.08558070645241611-31, id: 0.08558070645241611-32, id: 0.08558070645241611-33, id: 0.08558070645241611-34, id: 0.08558070645241611-35, id: 0.08558070645241611-36, id: 0.08558070645241611-37, id: 0.08558070645241611-38, id: 0.08558070645241611-39, id: 0.08558070645241611-40, id: 0.08558070645241611-41, id: 0.08558070645241611-42, id: 0.08558070645241611-43, id: 0.08558070645241611-44, id: 0.08558070645241611-45, id: 0.08558070645241611-46, id: 0.08558070645241611-47, id: 0.08558070645241611-48, id: 0.08558070645241611-49, id: 0.08558070645241611-50, id: 0.08558070645241611-51, id: 0.08558070645241611-52, id: 0.08558070645241611-53, id: 0.08558070645241611-54, id: 0.08558070645241611-55, id: 0.08558070645241611-56, id: 0.08558070645241611-57, id: 0.08558070645241611-58, id: 0.08558070645241611-59, id: 0.08558070645241611-60, id: 0.08558070645241611-61, id: 0.08558070645241611-62, id: 0.08558070645241611-63, id: 0.08558070645241611-64, id: 0.08558070645241611-65, id: 0.08558070645241611-66, id: 0.08558070645241611-67, id: 0.08558070645241611-68, id: 0.08558070645241611-69, id: 0.08558070645241611-70, id: 0.08558070645241611-71, id: 0.08558070645241611-72, id: 0.08558070645241611-73, id: 0.08558070645241611-74, id: 0.08558070645241611-75, id: 0.08558070645241611-76, id: 0.08558070645241611-77, id: 0.08558070645241611-78, id: 0.08558070645241611-79, id: 0.08558070645241611-80, id: 0.08558070645241611-81, id: 0.08558070645241611-82, id: 0.08558070645241611-83, id: 0.08558070645241611-84, id: 0.08558070645241611-85, id: 0.08558070645241611-86, id: 0.08558070645241611-87, id: 0.08558070645241611-88, id: 0.08558070645241611-89, id: 0.08558070645241611-90, id: 0.08558070645241611-91, id: 0.08558070645241611-92, id: 0.08558070645241611-93, id: 0.08558070645241611-94, id: 0.08558070645241611-95, id: 0.08558070645241611-96]
[WebDriverCommandLogger] - Executing getElementText element: By.xpath: //div[@id=&apos;c_articlelist_stories_2&apos;]/ul[1]/li/span[1]/a parameters: {&quot;id&quot;:&quot;0.08558070645241611-52&quot;}
[WebDriverCommandLogger] - command: getElementText[ param-1: By.xpath: //div[@id=&apos;c_articlelist_stories_2&apos;]/ul[1]/li/span[1]/a param-2: {&quot;id&quot;:&quot;0.08558070645241611-52&quot;}] Result: getElementText:Daily passengers detain Deccan Queen for 1 hour
[WebDriverCommandLogger] - Executing findElements parameters: {&quot;using&quot;:&quot;xpath&quot;,&quot;value&quot;:&quot;//div[@id=&apos;c_articlelist_stories_2&apos;]/ul[1]/li/span[2]/span[2]&quot;}
[WebDriverCommandLogger] - command: findElements[ param-1: {value=//div[@id=&apos;c_articlelist_stories_2&apos;]/ul[1]/li/span[2]/span[2], using=xpath}] Result: [id: 0.08558070645241611-97, id: 0.08558070645241611-98, id: 0.08558070645241611-99, id: 0.08558070645241611-100, id: 0.08558070645241611-101, id: 0.08558070645241611-102, id: 0.08558070645241611-103, id: 0.08558070645241611-104, id: 0.08558070645241611-105, id: 0.08558070645241611-106, id: 0.08558070645241611-107, id: 0.08558070645241611-108, id: 0.08558070645241611-109, id: 0.08558070645241611-110, id: 0.08558070645241611-111, id: 0.08558070645241611-112, id: 0.08558070645241611-113, id: 0.08558070645241611-114, id: 0.08558070645241611-115, id: 0.08558070645241611-116, id: 0.08558070645241611-117, id: 0.08558070645241611-118, id: 0.08558070645241611-119, id: 0.08558070645241611-120, id: 0.08558070645241611-121, id: 0.08558070645241611-122, id: 0.08558070645241611-123, id: 0.08558070645241611-124, id: 0.08558070645241611-125, id: 0.08558070645241611-126, id: 0.08558070645241611-127, id: 0.08558070645241611-128, id: 0.08558070645241611-129, id: 0.08558070645241611-130, id: 0.08558070645241611-131, id: 0.08558070645241611-132, id: 0.08558070645241611-133, id: 0.08558070645241611-134, id: 0.08558070645241611-135, id: 0.08558070645241611-136, id: 0.08558070645241611-137, id: 0.08558070645241611-138, id: 0.08558070645241611-139, id: 0.08558070645241611-140, id: 0.08558070645241611-141, id: 0.08558070645241611-142, id: 0.08558070645241611-143, id: 0.08558070645241611-144, id: 0.08558070645241611-145, id: 0.08558070645241611-146, id: 0.08558070645241611-147, id: 0.08558070645241611-148, id: 0.08558070645241611-149, id: 0.08558070645241611-150, id: 0.08558070645241611-151, id: 0.08558070645241611-152, id: 0.08558070645241611-153, id: 0.08558070645241611-154, id: 0.08558070645241611-155, id: 0.08558070645241611-156, id: 0.08558070645241611-157, id: 0.08558070645241611-158, id: 0.08558070645241611-159, id: 0.08558070645241611-160, id: 0.08558070645241611-161, id: 0.08558070645241611-162, id: 0.08558070645241611-163, id: 0.08558070645241611-164, id: 0.08558070645241611-165, id: 0.08558070645241611-166, id: 0.08558070645241611-167, id: 0.08558070645241611-168, id: 0.08558070645241611-169, id: 0.08558070645241611-170, id: 0.08558070645241611-171, id: 0.08558070645241611-172, id: 0.08558070645241611-173, id: 0.08558070645241611-174, id: 0.08558070645241611-175, id: 0.08558070645241611-176, id: 0.08558070645241611-177, id: 0.08558070645241611-178, id: 0.08558070645241611-179, id: 0.08558070645241611-180, id: 0.08558070645241611-181, id: 0.08558070645241611-182, id: 0.08558070645241611-183, id: 0.08558070645241611-184, id: 0.08558070645241611-185, id: 0.08558070645241611-186, id: 0.08558070645241611-187, id: 0.08558070645241611-188, id: 0.08558070645241611-189, id: 0.08558070645241611-190, id: 0.08558070645241611-191, id: 0.08558070645241611-192]
[WebDriverCommandLogger] - Executing getElementText element: By.xpath: //div[@id=&apos;c_articlelist_stories_2&apos;]/ul[1]/li/span[2]/span[2] parameters: {&quot;id&quot;:&quot;0.08558070645241611-148&quot;}
[WebDriverCommandLogger] - command: getElementText[ param-1: By.xpath: //div[@id=&apos;c_articlelist_stories_2&apos;]/ul[1]/li/span[2]/span[2] param-2: {&quot;id&quot;:&quot;0.08558070645241611-148&quot;}] Result: getElementText:1 DAY AGO
[WebDriverCommandLogger] - Executing findElements parameters: {&quot;using&quot;:&quot;xpath&quot;,&quot;value&quot;:&quot;//div[@id=&apos;c_articlelist_stories_2&apos;]/ul[1]/li/span[1]/a&quot;}
[WebDriverCommandLogger] - command: findElements[ param-1: {value=//div[@id=&apos;c_articlelist_stories_2&apos;]/ul[1]/li/span[1]/a, using=xpath}] Result: [id: 0.08558070645241611-1, id: 0.08558070645241611-2, id: 0.08558070645241611-3, id: 0.08558070645241611-4, id: 0.08558070645241611-5, id: 0.08558070645241611-6, id: 0.08558070645241611-7, id: 0.08558070645241611-8, id: 0.08558070645241611-9, id: 0.08558070645241611-10, id: 0.08558070645241611-11, id: 0.08558070645241611-12, id: 0.08558070645241611-13, id: 0.08558070645241611-14, id: 0.08558070645241611-15, id: 0.08558070645241611-16, id: 0.08558070645241611-17, id: 0.08558070645241611-18, id: 0.08558070645241611-19, id: 0.08558070645241611-20, id: 0.08558070645241611-21, id: 0.08558070645241611-22, id: 0.08558070645241611-23, id: 0.08558070645241611-24, id: 0.08558070645241611-25, id: 0.08558070645241611-26, id: 0.08558070645241611-27, id: 0.08558070645241611-28, id: 0.08558070645241611-29, id: 0.08558070645241611-30, id: 0.08558070645241611-31, id: 0.08558070645241611-32, id: 0.08558070645241611-33, id: 0.08558070645241611-34, id: 0.08558070645241611-35, id: 0.08558070645241611-36, id: 0.08558070645241611-37, id: 0.08558070645241611-38, id: 0.08558070645241611-39, id: 0.08558070645241611-40, id: 0.08558070645241611-41, id: 0.08558070645241611-42, id: 0.08558070645241611-43, id: 0.08558070645241611-44, id: 0.08558070645241611-45, id: 0.08558070645241611-46, id: 0.08558070645241611-47, id: 0.08558070645241611-48, id: 0.08558070645241611-49, id: 0.08558070645241611-50, id: 0.08558070645241611-51, id: 0.08558070645241611-52, id: 0.08558070645241611-53, id: 0.08558070645241611-54, id: 0.08558070645241611-55, id: 0.08558070645241611-56, id: 0.08558070645241611-57, id: 0.08558070645241611-58, id: 0.08558070645241611-59, id: 0.08558070645241611-60, id: 0.08558070645241611-61, id: 0.08558070645241611-62, id: 0.08558070645241611-63, id: 0.08558070645241611-64, id: 0.08558070645241611-65, id: 0.08558070645241611-66, id: 0.08558070645241611-67, id: 0.08558070645241611-68, id: 0.08558070645241611-69, id: 0.08558070645241611-70, id: 0.08558070645241611-71, id: 0.08558070645241611-72, id: 0.08558070645241611-73, id: 0.08558070645241611-74, id: 0.08558070645241611-75, id: 0.08558070645241611-76, id: 0.08558070645241611-77, id: 0.08558070645241611-78, id: 0.08558070645241611-79, id: 0.08558070645241611-80, id: 0.08558070645241611-81, id: 0.08558070645241611-82, id: 0.08558070645241611-83, id: 0.08558070645241611-84, id: 0.08558070645241611-85, id: 0.08558070645241611-86, id: 0.08558070645241611-87, id: 0.08558070645241611-88, id: 0.08558070645241611-89, id: 0.08558070645241611-90, id: 0.08558070645241611-91, id: 0.08558070645241611-92, id: 0.08558070645241611-93, id: 0.08558070645241611-94, id: 0.08558070645241611-95, id: 0.08558070645241611-96]
[WebDriverCommandLogger] - Executing findElements parameters: {&quot;using&quot;:&quot;xpath&quot;,&quot;value&quot;:&quot;//div[@id=&apos;c_articlelist_stories_2&apos;]/ul[1]/li/span[1]/a&quot;}
[WebDriverCommandLogger] - command: findElements[ param-1: {value=//div[@id=&apos;c_articlelist_stories_2&apos;]/ul[1]/li/span[1]/a, using=xpath}] Result: [id: 0.08558070645241611-1, id: 0.08558070645241611-2, id: 0.08558070645241611-3, id: 0.08558070645241611-4, id: 0.08558070645241611-5, id: 0.08558070645241611-6, id: 0.08558070645241611-7, id: 0.08558070645241611-8, id: 0.08558070645241611-9, id: 0.08558070645241611-10, id: 0.08558070645241611-11, id: 0.08558070645241611-12, id: 0.08558070645241611-13, id: 0.08558070645241611-14, id: 0.08558070645241611-15, id: 0.08558070645241611-16, id: 0.08558070645241611-17, id: 0.08558070645241611-18, id: 0.08558070645241611-19, id: 0.08558070645241611-20, id: 0.08558070645241611-21, id: 0.08558070645241611-22, id: 0.08558070645241611-23, id: 0.08558070645241611-24, id: 0.08558070645241611-25, id: 0.08558070645241611-26, id: 0.08558070645241611-27, id: 0.08558070645241611-28, id: 0.08558070645241611-29, id: 0.08558070645241611-30, id: 0.08558070645241611-31, id: 0.08558070645241611-32, id: 0.08558070645241611-33, id: 0.08558070645241611-34, id: 0.08558070645241611-35, id: 0.08558070645241611-36, id: 0.08558070645241611-37, id: 0.08558070645241611-38, id: 0.08558070645241611-39, id: 0.08558070645241611-40, id: 0.08558070645241611-41, id: 0.08558070645241611-42, id: 0.08558070645241611-43, id: 0.08558070645241611-44, id: 0.08558070645241611-45, id: 0.08558070645241611-46, id: 0.08558070645241611-47, id: 0.08558070645241611-48, id: 0.08558070645241611-49, id: 0.08558070645241611-50, id: 0.08558070645241611-51, id: 0.08558070645241611-52, id: 0.08558070645241611-53, id: 0.08558070645241611-54, id: 0.08558070645241611-55, id: 0.08558070645241611-56, id: 0.08558070645241611-57, id: 0.08558070645241611-58, id: 0.08558070645241611-59, id: 0.08558070645241611-60, id: 0.08558070645241611-61, id: 0.08558070645241611-62, id: 0.08558070645241611-63, id: 0.08558070645241611-64, id: 0.08558070645241611-65, id: 0.08558070645241611-66, id: 0.08558070645241611-67, id: 0.08558070645241611-68, id: 0.08558070645241611-69, id: 0.08558070645241611-70, id: 0.08558070645241611-71, id: 0.08558070645241611-72, id: 0.08558070645241611-73, id: 0.08558070645241611-74, id: 0.08558070645241611-75, id: 0.08558070645241611-76, id: 0.08558070645241611-77, id: 0.08558070645241611-78, id: 0.08558070645241611-79, id: 0.08558070645241611-80, id: 0.08558070645241611-81, id: 0.08558070645241611-82, id: 0.08558070645241611-83, id: 0.08558070645241611-84, id: 0.08558070645241611-85, id: 0.08558070645241611-86, id: 0.08558070645241611-87, id: 0.08558070645241611-88, id: 0.08558070645241611-89, id: 0.08558070645241611-90, id: 0.08558070645241611-91, id: 0.08558070645241611-92, id: 0.08558070645241611-93, id: 0.08558070645241611-94, id: 0.08558070645241611-95, id: 0.08558070645241611-96]
[WebDriverCommandLogger] - Executing getElementText element: By.xpath: //div[@id=&apos;c_articlelist_stories_2&apos;]/ul[1]/li/span[1]/a parameters: {&quot;id&quot;:&quot;0.08558070645241611-53&quot;}
[WebDriverCommandLogger] - command: getElementText[ param-1: By.xpath: //div[@id=&apos;c_articlelist_stories_2&apos;]/ul[1]/li/span[1]/a param-2: {&quot;id&quot;:&quot;0.08558070645241611-53&quot;}] Result: getElementText:Memories and landmarks are all that survive of Little Chennai
[WebDriverCommandLogger] - Executing findElements parameters: {&quot;using&quot;:&quot;xpath&quot;,&quot;value&quot;:&quot;//div[@id=&apos;c_articlelist_stories_2&apos;]/ul[1]/li/span[2]/span[2]&quot;}
[WebDriverCommandLogger] - command: findElements[ param-1: {value=//div[@id=&apos;c_articlelist_stories_2&apos;]/ul[1]/li/span[2]/span[2], using=xpath}] Result: [id: 0.08558070645241611-97, id: 0.08558070645241611-98, id: 0.08558070645241611-99, id: 0.08558070645241611-100, id: 0.08558070645241611-101, id: 0.08558070645241611-102, id: 0.08558070645241611-103, id: 0.08558070645241611-104, id: 0.08558070645241611-105, id: 0.08558070645241611-106, id: 0.08558070645241611-107, id: 0.08558070645241611-108, id: 0.08558070645241611-109, id: 0.08558070645241611-110, id: 0.08558070645241611-111, id: 0.08558070645241611-112, id: 0.08558070645241611-113, id: 0.08558070645241611-114, id: 0.08558070645241611-115, id: 0.08558070645241611-116, id: 0.08558070645241611-117, id: 0.08558070645241611-118, id: 0.08558070645241611-119, id: 0.08558070645241611-120, id: 0.08558070645241611-121, id: 0.08558070645241611-122, id: 0.08558070645241611-123, id: 0.08558070645241611-124, id: 0.08558070645241611-125, id: 0.08558070645241611-126, id: 0.08558070645241611-127, id: 0.08558070645241611-128, id: 0.08558070645241611-129, id: 0.08558070645241611-130, id: 0.08558070645241611-131, id: 0.08558070645241611-132, id: 0.08558070645241611-133, id: 0.08558070645241611-134, id: 0.08558070645241611-135, id: 0.08558070645241611-136, id: 0.08558070645241611-137, id: 0.08558070645241611-138, id: 0.08558070645241611-139, id: 0.08558070645241611-140, id: 0.08558070645241611-141, id: 0.08558070645241611-142, id: 0.08558070645241611-143, id: 0.08558070645241611-144, id: 0.08558070645241611-145, id: 0.08558070645241611-146, id: 0.08558070645241611-147, id: 0.08558070645241611-148, id: 0.08558070645241611-149, id: 0.08558070645241611-150, id: 0.08558070645241611-151, id: 0.08558070645241611-152, id: 0.08558070645241611-153, id: 0.08558070645241611-154, id: 0.08558070645241611-155, id: 0.08558070645241611-156, id: 0.08558070645241611-157, id: 0.08558070645241611-158, id: 0.08558070645241611-159, id: 0.08558070645241611-160, id: 0.08558070645241611-161, id: 0.08558070645241611-162, id: 0.08558070645241611-163, id: 0.08558070645241611-164, id: 0.08558070645241611-165, id: 0.08558070645241611-166, id: 0.08558070645241611-167, id: 0.08558070645241611-168, id: 0.08558070645241611-169, id: 0.08558070645241611-170, id: 0.08558070645241611-171, id: 0.08558070645241611-172, id: 0.08558070645241611-173, id: 0.08558070645241611-174, id: 0.08558070645241611-175, id: 0.08558070645241611-176, id: 0.08558070645241611-177, id: 0.08558070645241611-178, id: 0.08558070645241611-179, id: 0.08558070645241611-180, id: 0.08558070645241611-181, id: 0.08558070645241611-182, id: 0.08558070645241611-183, id: 0.08558070645241611-184, id: 0.08558070645241611-185, id: 0.08558070645241611-186, id: 0.08558070645241611-187, id: 0.08558070645241611-188, id: 0.08558070645241611-189, id: 0.08558070645241611-190, id: 0.08558070645241611-191, id: 0.08558070645241611-192]
[WebDriverCommandLogger] - Executing getElementText element: By.xpath: //div[@id=&apos;c_articlelist_stories_2&apos;]/ul[1]/li/span[2]/span[2] parameters: {&quot;id&quot;:&quot;0.08558070645241611-149&quot;}
[WebDriverCommandLogger] - command: getElementText[ param-1: By.xpath: //div[@id=&apos;c_articlelist_stories_2&apos;]/ul[1]/li/span[2]/span[2] param-2: {&quot;id&quot;:&quot;0.08558070645241611-149&quot;}] Result: getElementText:1 DAY AGO
[WebDriverCommandLogger] - Executing findElements parameters: {&quot;using&quot;:&quot;xpath&quot;,&quot;value&quot;:&quot;//div[@id=&apos;c_articlelist_stories_2&apos;]/ul[1]/li/span[1]/a&quot;}
[WebDriverCommandLogger] - command: findElements[ param-1: {value=//div[@id=&apos;c_articlelist_stories_2&apos;]/ul[1]/li/span[1]/a, using=xpath}] Result: [id: 0.08558070645241611-1, id: 0.08558070645241611-2, id: 0.08558070645241611-3, id: 0.08558070645241611-4, id: 0.08558070645241611-5, id: 0.08558070645241611-6, id: 0.08558070645241611-7, id: 0.08558070645241611-8, id: 0.08558070645241611-9, id: 0.08558070645241611-10, id: 0.08558070645241611-11, id: 0.08558070645241611-12, id: 0.08558070645241611-13, id: 0.08558070645241611-14, id: 0.08558070645241611-15, id: 0.08558070645241611-16, id: 0.08558070645241611-17, id: 0.08558070645241611-18, id: 0.08558070645241611-19, id: 0.08558070645241611-20, id: 0.08558070645241611-21, id: 0.08558070645241611-22, id: 0.08558070645241611-23, id: 0.08558070645241611-24, id: 0.08558070645241611-25, id: 0.08558070645241611-26, id: 0.08558070645241611-27, id: 0.08558070645241611-28, id: 0.08558070645241611-29, id: 0.08558070645241611-30, id: 0.08558070645241611-31, id: 0.08558070645241611-32, id: 0.08558070645241611-33, id: 0.08558070645241611-34, id: 0.08558070645241611-35, id: 0.08558070645241611-36, id: 0.08558070645241611-37, id: 0.08558070645241611-38, id: 0.08558070645241611-39, id: 0.08558070645241611-40, id: 0.08558070645241611-41, id: 0.08558070645241611-42, id: 0.08558070645241611-43, id: 0.08558070645241611-44, id: 0.08558070645241611-45, id: 0.08558070645241611-46, id: 0.08558070645241611-47, id: 0.08558070645241611-48, id: 0.08558070645241611-49, id: 0.08558070645241611-50, id: 0.08558070645241611-51, id: 0.08558070645241611-52, id: 0.08558070645241611-53, id: 0.08558070645241611-54, id: 0.08558070645241611-55, id: 0.08558070645241611-56, id: 0.08558070645241611-57, id: 0.08558070645241611-58, id: 0.08558070645241611-59, id: 0.08558070645241611-60, id: 0.08558070645241611-61, id: 0.08558070645241611-62, id: 0.08558070645241611-63, id: 0.08558070645241611-64, id: 0.08558070645241611-65, id: 0.08558070645241611-66, id: 0.08558070645241611-67, id: 0.08558070645241611-68, id: 0.08558070645241611-69, id: 0.08558070645241611-70, id: 0.08558070645241611-71, id: 0.08558070645241611-72, id: 0.08558070645241611-73, id: 0.08558070645241611-74, id: 0.08558070645241611-75, id: 0.08558070645241611-76, id: 0.08558070645241611-77, id: 0.08558070645241611-78, id: 0.08558070645241611-79, id: 0.08558070645241611-80, id: 0.08558070645241611-81, id: 0.08558070645241611-82, id: 0.08558070645241611-83, id: 0.08558070645241611-84, id: 0.08558070645241611-85, id: 0.08558070645241611-86, id: 0.08558070645241611-87, id: 0.08558070645241611-88, id: 0.08558070645241611-89, id: 0.08558070645241611-90, id: 0.08558070645241611-91, id: 0.08558070645241611-92, id: 0.08558070645241611-93, id: 0.08558070645241611-94, id: 0.08558070645241611-95, id: 0.08558070645241611-96]
[WebDriverCommandLogger] - Executing findElements parameters: {&quot;using&quot;:&quot;xpath&quot;,&quot;value&quot;:&quot;//div[@id=&apos;c_articlelist_stories_2&apos;]/ul[1]/li/span[1]/a&quot;}
[WebDriverCommandLogger] - command: findElements[ param-1: {value=//div[@id=&apos;c_articlelist_stories_2&apos;]/ul[1]/li/span[1]/a, using=xpath}] Result: [id: 0.08558070645241611-1, id: 0.08558070645241611-2, id: 0.08558070645241611-3, id: 0.08558070645241611-4, id: 0.08558070645241611-5, id: 0.08558070645241611-6, id: 0.08558070645241611-7, id: 0.08558070645241611-8, id: 0.08558070645241611-9, id: 0.08558070645241611-10, id: 0.08558070645241611-11, id: 0.08558070645241611-12, id: 0.08558070645241611-13, id: 0.08558070645241611-14, id: 0.08558070645241611-15, id: 0.08558070645241611-16, id: 0.08558070645241611-17, id: 0.08558070645241611-18, id: 0.08558070645241611-19, id: 0.08558070645241611-20, id: 0.08558070645241611-21, id: 0.08558070645241611-22, id: 0.08558070645241611-23, id: 0.08558070645241611-24, id: 0.08558070645241611-25, id: 0.08558070645241611-26, id: 0.08558070645241611-27, id: 0.08558070645241611-28, id: 0.08558070645241611-29, id: 0.08558070645241611-30, id: 0.08558070645241611-31, id: 0.08558070645241611-32, id: 0.08558070645241611-33, id: 0.08558070645241611-34, id: 0.08558070645241611-35, id: 0.08558070645241611-36, id: 0.08558070645241611-37, id: 0.08558070645241611-38, id: 0.08558070645241611-39, id: 0.08558070645241611-40, id: 0.08558070645241611-41, id: 0.08558070645241611-42, id: 0.08558070645241611-43, id: 0.08558070645241611-44, id: 0.08558070645241611-45, id: 0.08558070645241611-46, id: 0.08558070645241611-47, id: 0.08558070645241611-48, id: 0.08558070645241611-49, id: 0.08558070645241611-50, id: 0.08558070645241611-51, id: 0.08558070645241611-52, id: 0.08558070645241611-53, id: 0.08558070645241611-54, id: 0.08558070645241611-55, id: 0.08558070645241611-56, id: 0.08558070645241611-57, id: 0.08558070645241611-58, id: 0.08558070645241611-59, id: 0.08558070645241611-60, id: 0.08558070645241611-61, id: 0.08558070645241611-62, id: 0.08558070645241611-63, id: 0.08558070645241611-64, id: 0.08558070645241611-65, id: 0.08558070645241611-66, id: 0.08558070645241611-67, id: 0.08558070645241611-68, id: 0.08558070645241611-69, id: 0.08558070645241611-70, id: 0.08558070645241611-71, id: 0.08558070645241611-72, id: 0.08558070645241611-73, id: 0.08558070645241611-74, id: 0.08558070645241611-75, id: 0.08558070645241611-76, id: 0.08558070645241611-77, id: 0.08558070645241611-78, id: 0.08558070645241611-79, id: 0.08558070645241611-80, id: 0.08558070645241611-81, id: 0.08558070645241611-82, id: 0.08558070645241611-83, id: 0.08558070645241611-84, id: 0.08558070645241611-85, id: 0.08558070645241611-86, id: 0.08558070645241611-87, id: 0.08558070645241611-88, id: 0.08558070645241611-89, id: 0.08558070645241611-90, id: 0.08558070645241611-91, id: 0.08558070645241611-92, id: 0.08558070645241611-93, id: 0.08558070645241611-94, id: 0.08558070645241611-95, id: 0.08558070645241611-96]
[WebDriverCommandLogger] - Executing getElementText element: By.xpath: //div[@id=&apos;c_articlelist_stories_2&apos;]/ul[1]/li/span[1]/a parameters: {&quot;id&quot;:&quot;0.08558070645241611-54&quot;}
[WebDriverCommandLogger] - command: getElementText[ param-1: By.xpath: //div[@id=&apos;c_articlelist_stories_2&apos;]/ul[1]/li/span[1]/a param-2: {&quot;id&quot;:&quot;0.08558070645241611-54&quot;}] Result: getElementText:Suspecting man kills wife and son, surrenders
[WebDriverCommandLogger] - Executing findElements parameters: {&quot;using&quot;:&quot;xpath&quot;,&quot;value&quot;:&quot;//div[@id=&apos;c_articlelist_stories_2&apos;]/ul[1]/li/span[2]/span[2]&quot;}
[WebDriverCommandLogger] - command: findElements[ param-1: {value=//div[@id=&apos;c_articlelist_stories_2&apos;]/ul[1]/li/span[2]/span[2], using=xpath}] Result: [id: 0.08558070645241611-97, id: 0.08558070645241611-98, id: 0.08558070645241611-99, id: 0.08558070645241611-100, id: 0.08558070645241611-101, id: 0.08558070645241611-102, id: 0.08558070645241611-103, id: 0.08558070645241611-104, id: 0.08558070645241611-105, id: 0.08558070645241611-106, id: 0.08558070645241611-107, id: 0.08558070645241611-108, id: 0.08558070645241611-109, id: 0.08558070645241611-110, id: 0.08558070645241611-111, id: 0.08558070645241611-112, id: 0.08558070645241611-113, id: 0.08558070645241611-114, id: 0.08558070645241611-115, id: 0.08558070645241611-116, id: 0.08558070645241611-117, id: 0.08558070645241611-118, id: 0.08558070645241611-119, id: 0.08558070645241611-120, id: 0.08558070645241611-121, id: 0.08558070645241611-122, id: 0.08558070645241611-123, id: 0.08558070645241611-124, id: 0.08558070645241611-125, id: 0.08558070645241611-126, id: 0.08558070645241611-127, id: 0.08558070645241611-128, id: 0.08558070645241611-129, id: 0.08558070645241611-130, id: 0.08558070645241611-131, id: 0.08558070645241611-132, id: 0.08558070645241611-133, id: 0.08558070645241611-134, id: 0.08558070645241611-135, id: 0.08558070645241611-136, id: 0.08558070645241611-137, id: 0.08558070645241611-138, id: 0.08558070645241611-139, id: 0.08558070645241611-140, id: 0.08558070645241611-141, id: 0.08558070645241611-142, id: 0.08558070645241611-143, id: 0.08558070645241611-144, id: 0.08558070645241611-145, id: 0.08558070645241611-146, id: 0.08558070645241611-147, id: 0.08558070645241611-148, id: 0.08558070645241611-149, id: 0.08558070645241611-150, id: 0.08558070645241611-151, id: 0.08558070645241611-152, id: 0.08558070645241611-153, id: 0.08558070645241611-154, id: 0.08558070645241611-155, id: 0.08558070645241611-156, id: 0.08558070645241611-157, id: 0.08558070645241611-158, id: 0.08558070645241611-159, id: 0.08558070645241611-160, id: 0.08558070645241611-161, id: 0.08558070645241611-162, id: 0.08558070645241611-163, id: 0.08558070645241611-164, id: 0.08558070645241611-165, id: 0.08558070645241611-166, id: 0.08558070645241611-167, id: 0.08558070645241611-168, id: 0.08558070645241611-169, id: 0.08558070645241611-170, id: 0.08558070645241611-171, id: 0.08558070645241611-172, id: 0.08558070645241611-173, id: 0.08558070645241611-174, id: 0.08558070645241611-175, id: 0.08558070645241611-176, id: 0.08558070645241611-177, id: 0.08558070645241611-178, id: 0.08558070645241611-179, id: 0.08558070645241611-180, id: 0.08558070645241611-181, id: 0.08558070645241611-182, id: 0.08558070645241611-183, id: 0.08558070645241611-184, id: 0.08558070645241611-185, id: 0.08558070645241611-186, id: 0.08558070645241611-187, id: 0.08558070645241611-188, id: 0.08558070645241611-189, id: 0.08558070645241611-190, id: 0.08558070645241611-191, id: 0.08558070645241611-192]
[WebDriverCommandLogger] - Executing getElementText element: By.xpath: //div[@id=&apos;c_articlelist_stories_2&apos;]/ul[1]/li/span[2]/span[2] parameters: {&quot;id&quot;:&quot;0.08558070645241611-150&quot;}
[WebDriverCommandLogger] - command: getElementText[ param-1: By.xpath: //div[@id=&apos;c_articlelist_stories_2&apos;]/ul[1]/li/span[2]/span[2] param-2: {&quot;id&quot;:&quot;0.08558070645241611-150&quot;}] Result: getElementText:1 DAY AGO
[WebDriverCommandLogger] - Executing findElements parameters: {&quot;using&quot;:&quot;xpath&quot;,&quot;value&quot;:&quot;//div[@id=&apos;c_articlelist_stories_2&apos;]/ul[1]/li/span[1]/a&quot;}
[WebDriverCommandLogger] - command: findElements[ param-1: {value=//div[@id=&apos;c_articlelist_stories_2&apos;]/ul[1]/li/span[1]/a, using=xpath}] Result: [id: 0.08558070645241611-1, id: 0.08558070645241611-2, id: 0.08558070645241611-3, id: 0.08558070645241611-4, id: 0.08558070645241611-5, id: 0.08558070645241611-6, id: 0.08558070645241611-7, id: 0.08558070645241611-8, id: 0.08558070645241611-9, id: 0.08558070645241611-10, id: 0.08558070645241611-11, id: 0.08558070645241611-12, id: 0.08558070645241611-13, id: 0.08558070645241611-14, id: 0.08558070645241611-15, id: 0.08558070645241611-16, id: 0.08558070645241611-17, id: 0.08558070645241611-18, id: 0.08558070645241611-19, id: 0.08558070645241611-20, id: 0.08558070645241611-21, id: 0.08558070645241611-22, id: 0.08558070645241611-23, id: 0.08558070645241611-24, id: 0.08558070645241611-25, id: 0.08558070645241611-26, id: 0.08558070645241611-27, id: 0.08558070645241611-28, id: 0.08558070645241611-29, id: 0.08558070645241611-30, id: 0.08558070645241611-31, id: 0.08558070645241611-32, id: 0.08558070645241611-33, id: 0.08558070645241611-34, id: 0.08558070645241611-35, id: 0.08558070645241611-36, id: 0.08558070645241611-37, id: 0.08558070645241611-38, id: 0.08558070645241611-39, id: 0.08558070645241611-40, id: 0.08558070645241611-41, id: 0.08558070645241611-42, id: 0.08558070645241611-43, id: 0.08558070645241611-44, id: 0.08558070645241611-45, id: 0.08558070645241611-46, id: 0.08558070645241611-47, id: 0.08558070645241611-48, id: 0.08558070645241611-49, id: 0.08558070645241611-50, id: 0.08558070645241611-51, id: 0.08558070645241611-52, id: 0.08558070645241611-53, id: 0.08558070645241611-54, id: 0.08558070645241611-55, id: 0.08558070645241611-56, id: 0.08558070645241611-57, id: 0.08558070645241611-58, id: 0.08558070645241611-59, id: 0.08558070645241611-60, id: 0.08558070645241611-61, id: 0.08558070645241611-62, id: 0.08558070645241611-63, id: 0.08558070645241611-64, id: 0.08558070645241611-65, id: 0.08558070645241611-66, id: 0.08558070645241611-67, id: 0.08558070645241611-68, id: 0.08558070645241611-69, id: 0.08558070645241611-70, id: 0.08558070645241611-71, id: 0.08558070645241611-72, id: 0.08558070645241611-73, id: 0.08558070645241611-74, id: 0.08558070645241611-75, id: 0.08558070645241611-76, id: 0.08558070645241611-77, id: 0.08558070645241611-78, id: 0.08558070645241611-79, id: 0.08558070645241611-80, id: 0.08558070645241611-81, id: 0.08558070645241611-82, id: 0.08558070645241611-83, id: 0.08558070645241611-84, id: 0.08558070645241611-85, id: 0.08558070645241611-86, id: 0.08558070645241611-87, id: 0.08558070645241611-88, id: 0.08558070645241611-89, id: 0.08558070645241611-90, id: 0.08558070645241611-91, id: 0.08558070645241611-92, id: 0.08558070645241611-93, id: 0.08558070645241611-94, id: 0.08558070645241611-95, id: 0.08558070645241611-96]
[WebDriverCommandLogger] - Executing findElements parameters: {&quot;using&quot;:&quot;xpath&quot;,&quot;value&quot;:&quot;//div[@id=&apos;c_articlelist_stories_2&apos;]/ul[1]/li/span[1]/a&quot;}
[WebDriverCommandLogger] - command: findElements[ param-1: {value=//div[@id=&apos;c_articlelist_stories_2&apos;]/ul[1]/li/span[1]/a, using=xpath}] Result: [id: 0.08558070645241611-1, id: 0.08558070645241611-2, id: 0.08558070645241611-3, id: 0.08558070645241611-4, id: 0.08558070645241611-5, id: 0.08558070645241611-6, id: 0.08558070645241611-7, id: 0.08558070645241611-8, id: 0.08558070645241611-9, id: 0.08558070645241611-10, id: 0.08558070645241611-11, id: 0.08558070645241611-12, id: 0.08558070645241611-13, id: 0.08558070645241611-14, id: 0.08558070645241611-15, id: 0.08558070645241611-16, id: 0.08558070645241611-17, id: 0.08558070645241611-18, id: 0.08558070645241611-19, id: 0.08558070645241611-20, id: 0.08558070645241611-21, id: 0.08558070645241611-22, id: 0.08558070645241611-23, id: 0.08558070645241611-24, id: 0.08558070645241611-25, id: 0.08558070645241611-26, id: 0.08558070645241611-27, id: 0.08558070645241611-28, id: 0.08558070645241611-29, id: 0.08558070645241611-30, id: 0.08558070645241611-31, id: 0.08558070645241611-32, id: 0.08558070645241611-33, id: 0.08558070645241611-34, id: 0.08558070645241611-35, id: 0.08558070645241611-36, id: 0.08558070645241611-37, id: 0.08558070645241611-38, id: 0.08558070645241611-39, id: 0.08558070645241611-40, id: 0.08558070645241611-41, id: 0.08558070645241611-42, id: 0.08558070645241611-43, id: 0.08558070645241611-44, id: 0.08558070645241611-45, id: 0.08558070645241611-46, id: 0.08558070645241611-47, id: 0.08558070645241611-48, id: 0.08558070645241611-49, id: 0.08558070645241611-50, id: 0.08558070645241611-51, id: 0.08558070645241611-52, id: 0.08558070645241611-53, id: 0.08558070645241611-54, id: 0.08558070645241611-55, id: 0.08558070645241611-56, id: 0.08558070645241611-57, id: 0.08558070645241611-58, id: 0.08558070645241611-59, id: 0.08558070645241611-60, id: 0.08558070645241611-61, id: 0.08558070645241611-62, id: 0.08558070645241611-63, id: 0.08558070645241611-64, id: 0.08558070645241611-65, id: 0.08558070645241611-66, id: 0.08558070645241611-67, id: 0.08558070645241611-68, id: 0.08558070645241611-69, id: 0.08558070645241611-70, id: 0.08558070645241611-71, id: 0.08558070645241611-72, id: 0.08558070645241611-73, id: 0.08558070645241611-74, id: 0.08558070645241611-75, id: 0.08558070645241611-76, id: 0.08558070645241611-77, id: 0.08558070645241611-78, id: 0.08558070645241611-79, id: 0.08558070645241611-80, id: 0.08558070645241611-81, id: 0.08558070645241611-82, id: 0.08558070645241611-83, id: 0.08558070645241611-84, id: 0.08558070645241611-85, id: 0.08558070645241611-86, id: 0.08558070645241611-87, id: 0.08558070645241611-88, id: 0.08558070645241611-89, id: 0.08558070645241611-90, id: 0.08558070645241611-91, id: 0.08558070645241611-92, id: 0.08558070645241611-93, id: 0.08558070645241611-94, id: 0.08558070645241611-95, id: 0.08558070645241611-96]
[WebDriverCommandLogger] - Executing getElementText element: By.xpath: //div[@id=&apos;c_articlelist_stories_2&apos;]/ul[1]/li/span[1]/a parameters: {&quot;id&quot;:&quot;0.08558070645241611-55&quot;}
[WebDriverCommandLogger] - command: getElementText[ param-1: By.xpath: //div[@id=&apos;c_articlelist_stories_2&apos;]/ul[1]/li/span[1]/a param-2: {&quot;id&quot;:&quot;0.08558070645241611-55&quot;}] Result: getElementText:Pune feline among top runners for cutest cat award
[WebDriverCommandLogger] - Executing findElements parameters: {&quot;using&quot;:&quot;xpath&quot;,&quot;value&quot;:&quot;//div[@id=&apos;c_articlelist_stories_2&apos;]/ul[1]/li/span[2]/span[2]&quot;}
[WebDriverCommandLogger] - command: findElements[ param-1: {value=//div[@id=&apos;c_articlelist_stories_2&apos;]/ul[1]/li/span[2]/span[2], using=xpath}] Result: [id: 0.08558070645241611-97, id: 0.08558070645241611-98, id: 0.08558070645241611-99, id: 0.08558070645241611-100, id: 0.08558070645241611-101, id: 0.08558070645241611-102, id: 0.08558070645241611-103, id: 0.08558070645241611-104, id: 0.08558070645241611-105, id: 0.08558070645241611-106, id: 0.08558070645241611-107, id: 0.08558070645241611-108, id: 0.08558070645241611-109, id: 0.08558070645241611-110, id: 0.08558070645241611-111, id: 0.08558070645241611-112, id: 0.08558070645241611-113, id: 0.08558070645241611-114, id: 0.08558070645241611-115, id: 0.08558070645241611-116, id: 0.08558070645241611-117, id: 0.08558070645241611-118, id: 0.08558070645241611-119, id: 0.08558070645241611-120, id: 0.08558070645241611-121, id: 0.08558070645241611-122, id: 0.08558070645241611-123, id: 0.08558070645241611-124, id: 0.08558070645241611-125, id: 0.08558070645241611-126, id: 0.08558070645241611-127, id: 0.08558070645241611-128, id: 0.08558070645241611-129, id: 0.08558070645241611-130, id: 0.08558070645241611-131, id: 0.08558070645241611-132, id: 0.08558070645241611-133, id: 0.08558070645241611-134, id: 0.08558070645241611-135, id: 0.08558070645241611-136, id: 0.08558070645241611-137, id: 0.08558070645241611-138, id: 0.08558070645241611-139, id: 0.08558070645241611-140, id: 0.08558070645241611-141, id: 0.08558070645241611-142, id: 0.08558070645241611-143, id: 0.08558070645241611-144, id: 0.08558070645241611-145, id: 0.08558070645241611-146, id: 0.08558070645241611-147, id: 0.08558070645241611-148, id: 0.08558070645241611-149, id: 0.08558070645241611-150, id: 0.08558070645241611-151, id: 0.08558070645241611-152, id: 0.08558070645241611-153, id: 0.08558070645241611-154, id: 0.08558070645241611-155, id: 0.08558070645241611-156, id: 0.08558070645241611-157, id: 0.08558070645241611-158, id: 0.08558070645241611-159, id: 0.08558070645241611-160, id: 0.08558070645241611-161, id: 0.08558070645241611-162, id: 0.08558070645241611-163, id: 0.08558070645241611-164, id: 0.08558070645241611-165, id: 0.08558070645241611-166, id: 0.08558070645241611-167, id: 0.08558070645241611-168, id: 0.08558070645241611-169, id: 0.08558070645241611-170, id: 0.08558070645241611-171, id: 0.08558070645241611-172, id: 0.08558070645241611-173, id: 0.08558070645241611-174, id: 0.08558070645241611-175, id: 0.08558070645241611-176, id: 0.08558070645241611-177, id: 0.08558070645241611-178, id: 0.08558070645241611-179, id: 0.08558070645241611-180, id: 0.08558070645241611-181, id: 0.08558070645241611-182, id: 0.08558070645241611-183, id: 0.08558070645241611-184, id: 0.08558070645241611-185, id: 0.08558070645241611-186, id: 0.08558070645241611-187, id: 0.08558070645241611-188, id: 0.08558070645241611-189, id: 0.08558070645241611-190, id: 0.08558070645241611-191, id: 0.08558070645241611-192]
[WebDriverCommandLogger] - Executing getElementText element: By.xpath: //div[@id=&apos;c_articlelist_stories_2&apos;]/ul[1]/li/span[2]/span[2] parameters: {&quot;id&quot;:&quot;0.08558070645241611-151&quot;}
[WebDriverCommandLogger] - command: getElementText[ param-1: By.xpath: //div[@id=&apos;c_articlelist_stories_2&apos;]/ul[1]/li/span[2]/span[2] param-2: {&quot;id&quot;:&quot;0.08558070645241611-151&quot;}] Result: getElementText:1 DAY AGO
[WebDriverCommandLogger] - Executing findElements parameters: {&quot;using&quot;:&quot;xpath&quot;,&quot;value&quot;:&quot;//div[@id=&apos;c_articlelist_stories_2&apos;]/ul[1]/li/span[1]/a&quot;}
[WebDriverCommandLogger] - command: findElements[ param-1: {value=//div[@id=&apos;c_articlelist_stories_2&apos;]/ul[1]/li/span[1]/a, using=xpath}] Result: [id: 0.08558070645241611-1, id: 0.08558070645241611-2, id: 0.08558070645241611-3, id: 0.08558070645241611-4, id: 0.08558070645241611-5, id: 0.08558070645241611-6, id: 0.08558070645241611-7, id: 0.08558070645241611-8, id: 0.08558070645241611-9, id: 0.08558070645241611-10, id: 0.08558070645241611-11, id: 0.08558070645241611-12, id: 0.08558070645241611-13, id: 0.08558070645241611-14, id: 0.08558070645241611-15, id: 0.08558070645241611-16, id: 0.08558070645241611-17, id: 0.08558070645241611-18, id: 0.08558070645241611-19, id: 0.08558070645241611-20, id: 0.08558070645241611-21, id: 0.08558070645241611-22, id: 0.08558070645241611-23, id: 0.08558070645241611-24, id: 0.08558070645241611-25, id: 0.08558070645241611-26, id: 0.08558070645241611-27, id: 0.08558070645241611-28, id: 0.08558070645241611-29, id: 0.08558070645241611-30, id: 0.08558070645241611-31, id: 0.08558070645241611-32, id: 0.08558070645241611-33, id: 0.08558070645241611-34, id: 0.08558070645241611-35, id: 0.08558070645241611-36, id: 0.08558070645241611-37, id: 0.08558070645241611-38, id: 0.08558070645241611-39, id: 0.08558070645241611-40, id: 0.08558070645241611-41, id: 0.08558070645241611-42, id: 0.08558070645241611-43, id: 0.08558070645241611-44, id: 0.08558070645241611-45, id: 0.08558070645241611-46, id: 0.08558070645241611-47, id: 0.08558070645241611-48, id: 0.08558070645241611-49, id: 0.08558070645241611-50, id: 0.08558070645241611-51, id: 0.08558070645241611-52, id: 0.08558070645241611-53, id: 0.08558070645241611-54, id: 0.08558070645241611-55, id: 0.08558070645241611-56, id: 0.08558070645241611-57, id: 0.08558070645241611-58, id: 0.08558070645241611-59, id: 0.08558070645241611-60, id: 0.08558070645241611-61, id: 0.08558070645241611-62, id: 0.08558070645241611-63, id: 0.08558070645241611-64, id: 0.08558070645241611-65, id: 0.08558070645241611-66, id: 0.08558070645241611-67, id: 0.08558070645241611-68, id: 0.08558070645241611-69, id: 0.08558070645241611-70, id: 0.08558070645241611-71, id: 0.08558070645241611-72, id: 0.08558070645241611-73, id: 0.08558070645241611-74, id: 0.08558070645241611-75, id: 0.08558070645241611-76, id: 0.08558070645241611-77, id: 0.08558070645241611-78, id: 0.08558070645241611-79, id: 0.08558070645241611-80, id: 0.08558070645241611-81, id: 0.08558070645241611-82, id: 0.08558070645241611-83, id: 0.08558070645241611-84, id: 0.08558070645241611-85, id: 0.08558070645241611-86, id: 0.08558070645241611-87, id: 0.08558070645241611-88, id: 0.08558070645241611-89, id: 0.08558070645241611-90, id: 0.08558070645241611-91, id: 0.08558070645241611-92, id: 0.08558070645241611-93, id: 0.08558070645241611-94, id: 0.08558070645241611-95, id: 0.08558070645241611-96]
[WebDriverCommandLogger] - Executing findElements parameters: {&quot;using&quot;:&quot;xpath&quot;,&quot;value&quot;:&quot;//div[@id=&apos;c_articlelist_stories_2&apos;]/ul[1]/li/span[1]/a&quot;}
[WebDriverCommandLogger] - command: findElements[ param-1: {value=//div[@id=&apos;c_articlelist_stories_2&apos;]/ul[1]/li/span[1]/a, using=xpath}] Result: [id: 0.08558070645241611-1, id: 0.08558070645241611-2, id: 0.08558070645241611-3, id: 0.08558070645241611-4, id: 0.08558070645241611-5, id: 0.08558070645241611-6, id: 0.08558070645241611-7, id: 0.08558070645241611-8, id: 0.08558070645241611-9, id: 0.08558070645241611-10, id: 0.08558070645241611-11, id: 0.08558070645241611-12, id: 0.08558070645241611-13, id: 0.08558070645241611-14, id: 0.08558070645241611-15, id: 0.08558070645241611-16, id: 0.08558070645241611-17, id: 0.08558070645241611-18, id: 0.08558070645241611-19, id: 0.08558070645241611-20, id: 0.08558070645241611-21, id: 0.08558070645241611-22, id: 0.08558070645241611-23, id: 0.08558070645241611-24, id: 0.08558070645241611-25, id: 0.08558070645241611-26, id: 0.08558070645241611-27, id: 0.08558070645241611-28, id: 0.08558070645241611-29, id: 0.08558070645241611-30, id: 0.08558070645241611-31, id: 0.08558070645241611-32, id: 0.08558070645241611-33, id: 0.08558070645241611-34, id: 0.08558070645241611-35, id: 0.08558070645241611-36, id: 0.08558070645241611-37, id: 0.08558070645241611-38, id: 0.08558070645241611-39, id: 0.08558070645241611-40, id: 0.08558070645241611-41, id: 0.08558070645241611-42, id: 0.08558070645241611-43, id: 0.08558070645241611-44, id: 0.08558070645241611-45, id: 0.08558070645241611-46, id: 0.08558070645241611-47, id: 0.08558070645241611-48, id: 0.08558070645241611-49, id: 0.08558070645241611-50, id: 0.08558070645241611-51, id: 0.08558070645241611-52, id: 0.08558070645241611-53, id: 0.08558070645241611-54, id: 0.08558070645241611-55, id: 0.08558070645241611-56, id: 0.08558070645241611-57, id: 0.08558070645241611-58, id: 0.08558070645241611-59, id: 0.08558070645241611-60, id: 0.08558070645241611-61, id: 0.08558070645241611-62, id: 0.08558070645241611-63, id: 0.08558070645241611-64, id: 0.08558070645241611-65, id: 0.08558070645241611-66, id: 0.08558070645241611-67, id: 0.08558070645241611-68, id: 0.08558070645241611-69, id: 0.08558070645241611-70, id: 0.08558070645241611-71, id: 0.08558070645241611-72, id: 0.08558070645241611-73, id: 0.08558070645241611-74, id: 0.08558070645241611-75, id: 0.08558070645241611-76, id: 0.08558070645241611-77, id: 0.08558070645241611-78, id: 0.08558070645241611-79, id: 0.08558070645241611-80, id: 0.08558070645241611-81, id: 0.08558070645241611-82, id: 0.08558070645241611-83, id: 0.08558070645241611-84, id: 0.08558070645241611-85, id: 0.08558070645241611-86, id: 0.08558070645241611-87, id: 0.08558070645241611-88, id: 0.08558070645241611-89, id: 0.08558070645241611-90, id: 0.08558070645241611-91, id: 0.08558070645241611-92, id: 0.08558070645241611-93, id: 0.08558070645241611-94, id: 0.08558070645241611-95, id: 0.08558070645241611-96]
[WebDriverCommandLogger] - Executing getElementText element: By.xpath: //div[@id=&apos;c_articlelist_stories_2&apos;]/ul[1]/li/span[1]/a parameters: {&quot;id&quot;:&quot;0.08558070645241611-56&quot;}
[WebDriverCommandLogger] - command: getElementText[ param-1: By.xpath: //div[@id=&apos;c_articlelist_stories_2&apos;]/ul[1]/li/span[1]/a param-2: {&quot;id&quot;:&quot;0.08558070645241611-56&quot;}] Result: getElementText:Activists red-flag move to dilute NGT posts’ criteria
[WebDriverCommandLogger] - Executing findElements parameters: {&quot;using&quot;:&quot;xpath&quot;,&quot;value&quot;:&quot;//div[@id=&apos;c_articlelist_stories_2&apos;]/ul[1]/li/span[2]/span[2]&quot;}
[WebDriverCommandLogger] - command: findElements[ param-1: {value=//div[@id=&apos;c_articlelist_stories_2&apos;]/ul[1]/li/span[2]/span[2], using=xpath}] Result: [id: 0.08558070645241611-97, id: 0.08558070645241611-98, id: 0.08558070645241611-99, id: 0.08558070645241611-100, id: 0.08558070645241611-101, id: 0.08558070645241611-102, id: 0.08558070645241611-103, id: 0.08558070645241611-104, id: 0.08558070645241611-105, id: 0.08558070645241611-106, id: 0.08558070645241611-107, id: 0.08558070645241611-108, id: 0.08558070645241611-109, id: 0.08558070645241611-110, id: 0.08558070645241611-111, id: 0.08558070645241611-112, id: 0.08558070645241611-113, id: 0.08558070645241611-114, id: 0.08558070645241611-115, id: 0.08558070645241611-116, id: 0.08558070645241611-117, id: 0.08558070645241611-118, id: 0.08558070645241611-119, id: 0.08558070645241611-120, id: 0.08558070645241611-121, id: 0.08558070645241611-122, id: 0.08558070645241611-123, id: 0.08558070645241611-124, id: 0.08558070645241611-125, id: 0.08558070645241611-126, id: 0.08558070645241611-127, id: 0.08558070645241611-128, id: 0.08558070645241611-129, id: 0.08558070645241611-130, id: 0.08558070645241611-131, id: 0.08558070645241611-132, id: 0.08558070645241611-133, id: 0.08558070645241611-134, id: 0.08558070645241611-135, id: 0.08558070645241611-136, id: 0.08558070645241611-137, id: 0.08558070645241611-138, id: 0.08558070645241611-139, id: 0.08558070645241611-140, id: 0.08558070645241611-141, id: 0.08558070645241611-142, id: 0.08558070645241611-143, id: 0.08558070645241611-144, id: 0.08558070645241611-145, id: 0.08558070645241611-146, id: 0.08558070645241611-147, id: 0.08558070645241611-148, id: 0.08558070645241611-149, id: 0.08558070645241611-150, id: 0.08558070645241611-151, id: 0.08558070645241611-152, id: 0.08558070645241611-153, id: 0.08558070645241611-154, id: 0.08558070645241611-155, id: 0.08558070645241611-156, id: 0.08558070645241611-157, id: 0.08558070645241611-158, id: 0.08558070645241611-159, id: 0.08558070645241611-160, id: 0.08558070645241611-161, id: 0.08558070645241611-162, id: 0.08558070645241611-163, id: 0.08558070645241611-164, id: 0.08558070645241611-165, id: 0.08558070645241611-166, id: 0.08558070645241611-167, id: 0.08558070645241611-168, id: 0.08558070645241611-169, id: 0.08558070645241611-170, id: 0.08558070645241611-171, id: 0.08558070645241611-172, id: 0.08558070645241611-173, id: 0.08558070645241611-174, id: 0.08558070645241611-175, id: 0.08558070645241611-176, id: 0.08558070645241611-177, id: 0.08558070645241611-178, id: 0.08558070645241611-179, id: 0.08558070645241611-180, id: 0.08558070645241611-181, id: 0.08558070645241611-182, id: 0.08558070645241611-183, id: 0.08558070645241611-184, id: 0.08558070645241611-185, id: 0.08558070645241611-186, id: 0.08558070645241611-187, id: 0.08558070645241611-188, id: 0.08558070645241611-189, id: 0.08558070645241611-190, id: 0.08558070645241611-191, id: 0.08558070645241611-192]
[WebDriverCommandLogger] - Executing getElementText element: By.xpath: //div[@id=&apos;c_articlelist_stories_2&apos;]/ul[1]/li/span[2]/span[2] parameters: {&quot;id&quot;:&quot;0.08558070645241611-152&quot;}
[WebDriverCommandLogger] - command: getElementText[ param-1: By.xpath: //div[@id=&apos;c_articlelist_stories_2&apos;]/ul[1]/li/span[2]/span[2] param-2: {&quot;id&quot;:&quot;0.08558070645241611-152&quot;}] Result: getElementText:2 DAYS AGO
[WebDriverCommandLogger] - Executing findElements parameters: {&quot;using&quot;:&quot;xpath&quot;,&quot;value&quot;:&quot;//div[@id=&apos;c_articlelist_stories_2&apos;]/ul[1]/li/span[1]/a&quot;}
[WebDriverCommandLogger] - command: findElements[ param-1: {value=//div[@id=&apos;c_articlelist_stories_2&apos;]/ul[1]/li/span[1]/a, using=xpath}] Result: [id: 0.08558070645241611-1, id: 0.08558070645241611-2, id: 0.08558070645241611-3, id: 0.08558070645241611-4, id: 0.08558070645241611-5, id: 0.08558070645241611-6, id: 0.08558070645241611-7, id: 0.08558070645241611-8, id: 0.08558070645241611-9, id: 0.08558070645241611-10, id: 0.08558070645241611-11, id: 0.08558070645241611-12, id: 0.08558070645241611-13, id: 0.08558070645241611-14, id: 0.08558070645241611-15, id: 0.08558070645241611-16, id: 0.08558070645241611-17, id: 0.08558070645241611-18, id: 0.08558070645241611-19, id: 0.08558070645241611-20, id: 0.08558070645241611-21, id: 0.08558070645241611-22, id: 0.08558070645241611-23, id: 0.08558070645241611-24, id: 0.08558070645241611-25, id: 0.08558070645241611-26, id: 0.08558070645241611-27, id: 0.08558070645241611-28, id: 0.08558070645241611-29, id: 0.08558070645241611-30, id: 0.08558070645241611-31, id: 0.08558070645241611-32, id: 0.08558070645241611-33, id: 0.08558070645241611-34, id: 0.08558070645241611-35, id: 0.08558070645241611-36, id: 0.08558070645241611-37, id: 0.08558070645241611-38, id: 0.08558070645241611-39, id: 0.08558070645241611-40, id: 0.08558070645241611-41, id: 0.08558070645241611-42, id: 0.08558070645241611-43, id: 0.08558070645241611-44, id: 0.08558070645241611-45, id: 0.08558070645241611-46, id: 0.08558070645241611-47, id: 0.08558070645241611-48, id: 0.08558070645241611-49, id: 0.08558070645241611-50, id: 0.08558070645241611-51, id: 0.08558070645241611-52, id: 0.08558070645241611-53, id: 0.08558070645241611-54, id: 0.08558070645241611-55, id: 0.08558070645241611-56, id: 0.08558070645241611-57, id: 0.08558070645241611-58, id: 0.08558070645241611-59, id: 0.08558070645241611-60, id: 0.08558070645241611-61, id: 0.08558070645241611-62, id: 0.08558070645241611-63, id: 0.08558070645241611-64, id: 0.08558070645241611-65, id: 0.08558070645241611-66, id: 0.08558070645241611-67, id: 0.08558070645241611-68, id: 0.08558070645241611-69, id: 0.08558070645241611-70, id: 0.08558070645241611-71, id: 0.08558070645241611-72, id: 0.08558070645241611-73, id: 0.08558070645241611-74, id: 0.08558070645241611-75, id: 0.08558070645241611-76, id: 0.08558070645241611-77, id: 0.08558070645241611-78, id: 0.08558070645241611-79, id: 0.08558070645241611-80, id: 0.08558070645241611-81, id: 0.08558070645241611-82, id: 0.08558070645241611-83, id: 0.08558070645241611-84, id: 0.08558070645241611-85, id: 0.08558070645241611-86, id: 0.08558070645241611-87, id: 0.08558070645241611-88, id: 0.08558070645241611-89, id: 0.08558070645241611-90, id: 0.08558070645241611-91, id: 0.08558070645241611-92, id: 0.08558070645241611-93, id: 0.08558070645241611-94, id: 0.08558070645241611-95, id: 0.08558070645241611-96]
[WebDriverCommandLogger] - Executing findElements parameters: {&quot;using&quot;:&quot;xpath&quot;,&quot;value&quot;:&quot;//div[@id=&apos;c_articlelist_stories_2&apos;]/ul[1]/li/span[1]/a&quot;}
[WebDriverCommandLogger] - command: findElements[ param-1: {value=//div[@id=&apos;c_articlelist_stories_2&apos;]/ul[1]/li/span[1]/a, using=xpath}] Result: [id: 0.08558070645241611-1, id: 0.08558070645241611-2, id: 0.08558070645241611-3, id: 0.08558070645241611-4, id: 0.08558070645241611-5, id: 0.08558070645241611-6, id: 0.08558070645241611-7, id: 0.08558070645241611-8, id: 0.08558070645241611-9, id: 0.08558070645241611-10, id: 0.08558070645241611-11, id: 0.08558070645241611-12, id: 0.08558070645241611-13, id: 0.08558070645241611-14, id: 0.08558070645241611-15, id: 0.08558070645241611-16, id: 0.08558070645241611-17, id: 0.08558070645241611-18, id: 0.08558070645241611-19, id: 0.08558070645241611-20, id: 0.08558070645241611-21, id: 0.08558070645241611-22, id: 0.08558070645241611-23, id: 0.08558070645241611-24, id: 0.08558070645241611-25, id: 0.08558070645241611-26, id: 0.08558070645241611-27, id: 0.08558070645241611-28, id: 0.08558070645241611-29, id: 0.08558070645241611-30, id: 0.08558070645241611-31, id: 0.08558070645241611-32, id: 0.08558070645241611-33, id: 0.08558070645241611-34, id: 0.08558070645241611-35, id: 0.08558070645241611-36, id: 0.08558070645241611-37, id: 0.08558070645241611-38, id: 0.08558070645241611-39, id: 0.08558070645241611-40, id: 0.08558070645241611-41, id: 0.08558070645241611-42, id: 0.08558070645241611-43, id: 0.08558070645241611-44, id: 0.08558070645241611-45, id: 0.08558070645241611-46, id: 0.08558070645241611-47, id: 0.08558070645241611-48, id: 0.08558070645241611-49, id: 0.08558070645241611-50, id: 0.08558070645241611-51, id: 0.08558070645241611-52, id: 0.08558070645241611-53, id: 0.08558070645241611-54, id: 0.08558070645241611-55, id: 0.08558070645241611-56, id: 0.08558070645241611-57, id: 0.08558070645241611-58, id: 0.08558070645241611-59, id: 0.08558070645241611-60, id: 0.08558070645241611-61, id: 0.08558070645241611-62, id: 0.08558070645241611-63, id: 0.08558070645241611-64, id: 0.08558070645241611-65, id: 0.08558070645241611-66, id: 0.08558070645241611-67, id: 0.08558070645241611-68, id: 0.08558070645241611-69, id: 0.08558070645241611-70, id: 0.08558070645241611-71, id: 0.08558070645241611-72, id: 0.08558070645241611-73, id: 0.08558070645241611-74, id: 0.08558070645241611-75, id: 0.08558070645241611-76, id: 0.08558070645241611-77, id: 0.08558070645241611-78, id: 0.08558070645241611-79, id: 0.08558070645241611-80, id: 0.08558070645241611-81, id: 0.08558070645241611-82, id: 0.08558070645241611-83, id: 0.08558070645241611-84, id: 0.08558070645241611-85, id: 0.08558070645241611-86, id: 0.08558070645241611-87, id: 0.08558070645241611-88, id: 0.08558070645241611-89, id: 0.08558070645241611-90, id: 0.08558070645241611-91, id: 0.08558070645241611-92, id: 0.08558070645241611-93, id: 0.08558070645241611-94, id: 0.08558070645241611-95, id: 0.08558070645241611-96]
[WebDriverCommandLogger] - Executing getElementText element: By.xpath: //div[@id=&apos;c_articlelist_stories_2&apos;]/ul[1]/li/span[1]/a parameters: {&quot;id&quot;:&quot;0.08558070645241611-57&quot;}
[WebDriverCommandLogger] - command: getElementText[ param-1: By.xpath: //div[@id=&apos;c_articlelist_stories_2&apos;]/ul[1]/li/span[1]/a param-2: {&quot;id&quot;:&quot;0.08558070645241611-57&quot;}] Result: getElementText:‘Temporary home can’t be chosen only for filing case’
[WebDriverCommandLogger] - Executing findElements parameters: {&quot;using&quot;:&quot;xpath&quot;,&quot;value&quot;:&quot;//div[@id=&apos;c_articlelist_stories_2&apos;]/ul[1]/li/span[2]/span[2]&quot;}
[WebDriverCommandLogger] - command: findElements[ param-1: {value=//div[@id=&apos;c_articlelist_stories_2&apos;]/ul[1]/li/span[2]/span[2], using=xpath}] Result: [id: 0.08558070645241611-97, id: 0.08558070645241611-98, id: 0.08558070645241611-99, id: 0.08558070645241611-100, id: 0.08558070645241611-101, id: 0.08558070645241611-102, id: 0.08558070645241611-103, id: 0.08558070645241611-104, id: 0.08558070645241611-105, id: 0.08558070645241611-106, id: 0.08558070645241611-107, id: 0.08558070645241611-108, id: 0.08558070645241611-109, id: 0.08558070645241611-110, id: 0.08558070645241611-111, id: 0.08558070645241611-112, id: 0.08558070645241611-113, id: 0.08558070645241611-114, id: 0.08558070645241611-115, id: 0.08558070645241611-116, id: 0.08558070645241611-117, id: 0.08558070645241611-118, id: 0.08558070645241611-119, id: 0.08558070645241611-120, id: 0.08558070645241611-121, id: 0.08558070645241611-122, id: 0.08558070645241611-123, id: 0.08558070645241611-124, id: 0.08558070645241611-125, id: 0.08558070645241611-126, id: 0.08558070645241611-127, id: 0.08558070645241611-128, id: 0.08558070645241611-129, id: 0.08558070645241611-130, id: 0.08558070645241611-131, id: 0.08558070645241611-132, id: 0.08558070645241611-133, id: 0.08558070645241611-134, id: 0.08558070645241611-135, id: 0.08558070645241611-136, id: 0.08558070645241611-137, id: 0.08558070645241611-138, id: 0.08558070645241611-139, id: 0.08558070645241611-140, id: 0.08558070645241611-141, id: 0.08558070645241611-142, id: 0.08558070645241611-143, id: 0.08558070645241611-144, id: 0.08558070645241611-145, id: 0.08558070645241611-146, id: 0.08558070645241611-147, id: 0.08558070645241611-148, id: 0.08558070645241611-149, id: 0.08558070645241611-150, id: 0.08558070645241611-151, id: 0.08558070645241611-152, id: 0.08558070645241611-153, id: 0.08558070645241611-154, id: 0.08558070645241611-155, id: 0.08558070645241611-156, id: 0.08558070645241611-157, id: 0.08558070645241611-158, id: 0.08558070645241611-159, id: 0.08558070645241611-160, id: 0.08558070645241611-161, id: 0.08558070645241611-162, id: 0.08558070645241611-163, id: 0.08558070645241611-164, id: 0.08558070645241611-165, id: 0.08558070645241611-166, id: 0.08558070645241611-167, id: 0.08558070645241611-168, id: 0.08558070645241611-169, id: 0.08558070645241611-170, id: 0.08558070645241611-171, id: 0.08558070645241611-172, id: 0.08558070645241611-173, id: 0.08558070645241611-174, id: 0.08558070645241611-175, id: 0.08558070645241611-176, id: 0.08558070645241611-177, id: 0.08558070645241611-178, id: 0.08558070645241611-179, id: 0.08558070645241611-180, id: 0.08558070645241611-181, id: 0.08558070645241611-182, id: 0.08558070645241611-183, id: 0.08558070645241611-184, id: 0.08558070645241611-185, id: 0.08558070645241611-186, id: 0.08558070645241611-187, id: 0.08558070645241611-188, id: 0.08558070645241611-189, id: 0.08558070645241611-190, id: 0.08558070645241611-191, id: 0.08558070645241611-192]
[WebDriverCommandLogger] - Executing getElementText element: By.xpath: //div[@id=&apos;c_articlelist_stories_2&apos;]/ul[1]/li/span[2]/span[2] parameters: {&quot;id&quot;:&quot;0.08558070645241611-153&quot;}
[WebDriverCommandLogger] - command: getElementText[ param-1: By.xpath: //div[@id=&apos;c_articlelist_stories_2&apos;]/ul[1]/li/span[2]/span[2] param-2: {&quot;id&quot;:&quot;0.08558070645241611-153&quot;}] Result: getElementText:2 DAYS AGO
[WebDriverCommandLogger] - Executing findElements parameters: {&quot;using&quot;:&quot;xpath&quot;,&quot;value&quot;:&quot;//div[@id=&apos;c_articlelist_stories_2&apos;]/ul[1]/li/span[1]/a&quot;}
[WebDriverCommandLogger] - command: findElements[ param-1: {value=//div[@id=&apos;c_articlelist_stories_2&apos;]/ul[1]/li/span[1]/a, using=xpath}] Result: [id: 0.08558070645241611-1, id: 0.08558070645241611-2, id: 0.08558070645241611-3, id: 0.08558070645241611-4, id: 0.08558070645241611-5, id: 0.08558070645241611-6, id: 0.08558070645241611-7, id: 0.08558070645241611-8, id: 0.08558070645241611-9, id: 0.08558070645241611-10, id: 0.08558070645241611-11, id: 0.08558070645241611-12, id: 0.08558070645241611-13, id: 0.08558070645241611-14, id: 0.08558070645241611-15, id: 0.08558070645241611-16, id: 0.08558070645241611-17, id: 0.08558070645241611-18, id: 0.08558070645241611-19, id: 0.08558070645241611-20, id: 0.08558070645241611-21, id: 0.08558070645241611-22, id: 0.08558070645241611-23, id: 0.08558070645241611-24, id: 0.08558070645241611-25, id: 0.08558070645241611-26, id: 0.08558070645241611-27, id: 0.08558070645241611-28, id: 0.08558070645241611-29, id: 0.08558070645241611-30, id: 0.08558070645241611-31, id: 0.08558070645241611-32, id: 0.08558070645241611-33, id: 0.08558070645241611-34, id: 0.08558070645241611-35, id: 0.08558070645241611-36, id: 0.08558070645241611-37, id: 0.08558070645241611-38, id: 0.08558070645241611-39, id: 0.08558070645241611-40, id: 0.08558070645241611-41, id: 0.08558070645241611-42, id: 0.08558070645241611-43, id: 0.08558070645241611-44, id: 0.08558070645241611-45, id: 0.08558070645241611-46, id: 0.08558070645241611-47, id: 0.08558070645241611-48, id: 0.08558070645241611-49, id: 0.08558070645241611-50, id: 0.08558070645241611-51, id: 0.08558070645241611-52, id: 0.08558070645241611-53, id: 0.08558070645241611-54, id: 0.08558070645241611-55, id: 0.08558070645241611-56, id: 0.08558070645241611-57, id: 0.08558070645241611-58, id: 0.08558070645241611-59, id: 0.08558070645241611-60, id: 0.08558070645241611-61, id: 0.08558070645241611-62, id: 0.08558070645241611-63, id: 0.08558070645241611-64, id: 0.08558070645241611-65, id: 0.08558070645241611-66, id: 0.08558070645241611-67, id: 0.08558070645241611-68, id: 0.08558070645241611-69, id: 0.08558070645241611-70, id: 0.08558070645241611-71, id: 0.08558070645241611-72, id: 0.08558070645241611-73, id: 0.08558070645241611-74, id: 0.08558070645241611-75, id: 0.08558070645241611-76, id: 0.08558070645241611-77, id: 0.08558070645241611-78, id: 0.08558070645241611-79, id: 0.08558070645241611-80, id: 0.08558070645241611-81, id: 0.08558070645241611-82, id: 0.08558070645241611-83, id: 0.08558070645241611-84, id: 0.08558070645241611-85, id: 0.08558070645241611-86, id: 0.08558070645241611-87, id: 0.08558070645241611-88, id: 0.08558070645241611-89, id: 0.08558070645241611-90, id: 0.08558070645241611-91, id: 0.08558070645241611-92, id: 0.08558070645241611-93, id: 0.08558070645241611-94, id: 0.08558070645241611-95, id: 0.08558070645241611-96]
[WebDriverCommandLogger] - Executing findElements parameters: {&quot;using&quot;:&quot;xpath&quot;,&quot;value&quot;:&quot;//div[@id=&apos;c_articlelist_stories_2&apos;]/ul[1]/li/span[1]/a&quot;}
[WebDriverCommandLogger] - command: findElements[ param-1: {value=//div[@id=&apos;c_articlelist_stories_2&apos;]/ul[1]/li/span[1]/a, using=xpath}] Result: [id: 0.08558070645241611-1, id: 0.08558070645241611-2, id: 0.08558070645241611-3, id: 0.08558070645241611-4, id: 0.08558070645241611-5, id: 0.08558070645241611-6, id: 0.08558070645241611-7, id: 0.08558070645241611-8, id: 0.08558070645241611-9, id: 0.08558070645241611-10, id: 0.08558070645241611-11, id: 0.08558070645241611-12, id: 0.08558070645241611-13, id: 0.08558070645241611-14, id: 0.08558070645241611-15, id: 0.08558070645241611-16, id: 0.08558070645241611-17, id: 0.08558070645241611-18, id: 0.08558070645241611-19, id: 0.08558070645241611-20, id: 0.08558070645241611-21, id: 0.08558070645241611-22, id: 0.08558070645241611-23, id: 0.08558070645241611-24, id: 0.08558070645241611-25, id: 0.08558070645241611-26, id: 0.08558070645241611-27, id: 0.08558070645241611-28, id: 0.08558070645241611-29, id: 0.08558070645241611-30, id: 0.08558070645241611-31, id: 0.08558070645241611-32, id: 0.08558070645241611-33, id: 0.08558070645241611-34, id: 0.08558070645241611-35, id: 0.08558070645241611-36, id: 0.08558070645241611-37, id: 0.08558070645241611-38, id: 0.08558070645241611-39, id: 0.08558070645241611-40, id: 0.08558070645241611-41, id: 0.08558070645241611-42, id: 0.08558070645241611-43, id: 0.08558070645241611-44, id: 0.08558070645241611-45, id: 0.08558070645241611-46, id: 0.08558070645241611-47, id: 0.08558070645241611-48, id: 0.08558070645241611-49, id: 0.08558070645241611-50, id: 0.08558070645241611-51, id: 0.08558070645241611-52, id: 0.08558070645241611-53, id: 0.08558070645241611-54, id: 0.08558070645241611-55, id: 0.08558070645241611-56, id: 0.08558070645241611-57, id: 0.08558070645241611-58, id: 0.08558070645241611-59, id: 0.08558070645241611-60, id: 0.08558070645241611-61, id: 0.08558070645241611-62, id: 0.08558070645241611-63, id: 0.08558070645241611-64, id: 0.08558070645241611-65, id: 0.08558070645241611-66, id: 0.08558070645241611-67, id: 0.08558070645241611-68, id: 0.08558070645241611-69, id: 0.08558070645241611-70, id: 0.08558070645241611-71, id: 0.08558070645241611-72, id: 0.08558070645241611-73, id: 0.08558070645241611-74, id: 0.08558070645241611-75, id: 0.08558070645241611-76, id: 0.08558070645241611-77, id: 0.08558070645241611-78, id: 0.08558070645241611-79, id: 0.08558070645241611-80, id: 0.08558070645241611-81, id: 0.08558070645241611-82, id: 0.08558070645241611-83, id: 0.08558070645241611-84, id: 0.08558070645241611-85, id: 0.08558070645241611-86, id: 0.08558070645241611-87, id: 0.08558070645241611-88, id: 0.08558070645241611-89, id: 0.08558070645241611-90, id: 0.08558070645241611-91, id: 0.08558070645241611-92, id: 0.08558070645241611-93, id: 0.08558070645241611-94, id: 0.08558070645241611-95, id: 0.08558070645241611-96]
[WebDriverCommandLogger] - Executing getElementText element: By.xpath: //div[@id=&apos;c_articlelist_stories_2&apos;]/ul[1]/li/span[1]/a parameters: {&quot;id&quot;:&quot;0.08558070645241611-58&quot;}
[WebDriverCommandLogger] - command: getElementText[ param-1: By.xpath: //div[@id=&apos;c_articlelist_stories_2&apos;]/ul[1]/li/span[1]/a param-2: {&quot;id&quot;:&quot;0.08558070645241611-58&quot;}] Result: getElementText:More I-T return filers take e-route
[WebDriverCommandLogger] - Executing findElements parameters: {&quot;using&quot;:&quot;xpath&quot;,&quot;value&quot;:&quot;//div[@id=&apos;c_articlelist_stories_2&apos;]/ul[1]/li/span[2]/span[2]&quot;}
[WebDriverCommandLogger] - command: findElements[ param-1: {value=//div[@id=&apos;c_articlelist_stories_2&apos;]/ul[1]/li/span[2]/span[2], using=xpath}] Result: [id: 0.08558070645241611-97, id: 0.08558070645241611-98, id: 0.08558070645241611-99, id: 0.08558070645241611-100, id: 0.08558070645241611-101, id: 0.08558070645241611-102, id: 0.08558070645241611-103, id: 0.08558070645241611-104, id: 0.08558070645241611-105, id: 0.08558070645241611-106, id: 0.08558070645241611-107, id: 0.08558070645241611-108, id: 0.08558070645241611-109, id: 0.08558070645241611-110, id: 0.08558070645241611-111, id: 0.08558070645241611-112, id: 0.08558070645241611-113, id: 0.08558070645241611-114, id: 0.08558070645241611-115, id: 0.08558070645241611-116, id: 0.08558070645241611-117, id: 0.08558070645241611-118, id: 0.08558070645241611-119, id: 0.08558070645241611-120, id: 0.08558070645241611-121, id: 0.08558070645241611-122, id: 0.08558070645241611-123, id: 0.08558070645241611-124, id: 0.08558070645241611-125, id: 0.08558070645241611-126, id: 0.08558070645241611-127, id: 0.08558070645241611-128, id: 0.08558070645241611-129, id: 0.08558070645241611-130, id: 0.08558070645241611-131, id: 0.08558070645241611-132, id: 0.08558070645241611-133, id: 0.08558070645241611-134, id: 0.08558070645241611-135, id: 0.08558070645241611-136, id: 0.08558070645241611-137, id: 0.08558070645241611-138, id: 0.08558070645241611-139, id: 0.08558070645241611-140, id: 0.08558070645241611-141, id: 0.08558070645241611-142, id: 0.08558070645241611-143, id: 0.08558070645241611-144, id: 0.08558070645241611-145, id: 0.08558070645241611-146, id: 0.08558070645241611-147, id: 0.08558070645241611-148, id: 0.08558070645241611-149, id: 0.08558070645241611-150, id: 0.08558070645241611-151, id: 0.08558070645241611-152, id: 0.08558070645241611-153, id: 0.08558070645241611-154, id: 0.08558070645241611-155, id: 0.08558070645241611-156, id: 0.08558070645241611-157, id: 0.08558070645241611-158, id: 0.08558070645241611-159, id: 0.08558070645241611-160, id: 0.08558070645241611-161, id: 0.08558070645241611-162, id: 0.08558070645241611-163, id: 0.08558070645241611-164, id: 0.08558070645241611-165, id: 0.08558070645241611-166, id: 0.08558070645241611-167, id: 0.08558070645241611-168, id: 0.08558070645241611-169, id: 0.08558070645241611-170, id: 0.08558070645241611-171, id: 0.08558070645241611-172, id: 0.08558070645241611-173, id: 0.08558070645241611-174, id: 0.08558070645241611-175, id: 0.08558070645241611-176, id: 0.08558070645241611-177, id: 0.08558070645241611-178, id: 0.08558070645241611-179, id: 0.08558070645241611-180, id: 0.08558070645241611-181, id: 0.08558070645241611-182, id: 0.08558070645241611-183, id: 0.08558070645241611-184, id: 0.08558070645241611-185, id: 0.08558070645241611-186, id: 0.08558070645241611-187, id: 0.08558070645241611-188, id: 0.08558070645241611-189, id: 0.08558070645241611-190, id: 0.08558070645241611-191, id: 0.08558070645241611-192]
[WebDriverCommandLogger] - Executing getElementText element: By.xpath: //div[@id=&apos;c_articlelist_stories_2&apos;]/ul[1]/li/span[2]/span[2] parameters: {&quot;id&quot;:&quot;0.08558070645241611-154&quot;}
[WebDriverCommandLogger] - command: getElementText[ param-1: By.xpath: //div[@id=&apos;c_articlelist_stories_2&apos;]/ul[1]/li/span[2]/span[2] param-2: {&quot;id&quot;:&quot;0.08558070645241611-154&quot;}] Result: getElementText:2 DAYS AGO
[WebDriverCommandLogger] - Executing findElements parameters: {&quot;using&quot;:&quot;xpath&quot;,&quot;value&quot;:&quot;//div[@id=&apos;c_articlelist_stories_2&apos;]/ul[1]/li/span[1]/a&quot;}
[WebDriverCommandLogger] - command: findElements[ param-1: {value=//div[@id=&apos;c_articlelist_stories_2&apos;]/ul[1]/li/span[1]/a, using=xpath}] Result: [id: 0.08558070645241611-1, id: 0.08558070645241611-2, id: 0.08558070645241611-3, id: 0.08558070645241611-4, id: 0.08558070645241611-5, id: 0.08558070645241611-6, id: 0.08558070645241611-7, id: 0.08558070645241611-8, id: 0.08558070645241611-9, id: 0.08558070645241611-10, id: 0.08558070645241611-11, id: 0.08558070645241611-12, id: 0.08558070645241611-13, id: 0.08558070645241611-14, id: 0.08558070645241611-15, id: 0.08558070645241611-16, id: 0.08558070645241611-17, id: 0.08558070645241611-18, id: 0.08558070645241611-19, id: 0.08558070645241611-20, id: 0.08558070645241611-21, id: 0.08558070645241611-22, id: 0.08558070645241611-23, id: 0.08558070645241611-24, id: 0.08558070645241611-25, id: 0.08558070645241611-26, id: 0.08558070645241611-27, id: 0.08558070645241611-28, id: 0.08558070645241611-29, id: 0.08558070645241611-30, id: 0.08558070645241611-31, id: 0.08558070645241611-32, id: 0.08558070645241611-33, id: 0.08558070645241611-34, id: 0.08558070645241611-35, id: 0.08558070645241611-36, id: 0.08558070645241611-37, id: 0.08558070645241611-38, id: 0.08558070645241611-39, id: 0.08558070645241611-40, id: 0.08558070645241611-41, id: 0.08558070645241611-42, id: 0.08558070645241611-43, id: 0.08558070645241611-44, id: 0.08558070645241611-45, id: 0.08558070645241611-46, id: 0.08558070645241611-47, id: 0.08558070645241611-48, id: 0.08558070645241611-49, id: 0.08558070645241611-50, id: 0.08558070645241611-51, id: 0.08558070645241611-52, id: 0.08558070645241611-53, id: 0.08558070645241611-54, id: 0.08558070645241611-55, id: 0.08558070645241611-56, id: 0.08558070645241611-57, id: 0.08558070645241611-58, id: 0.08558070645241611-59, id: 0.08558070645241611-60, id: 0.08558070645241611-61, id: 0.08558070645241611-62, id: 0.08558070645241611-63, id: 0.08558070645241611-64, id: 0.08558070645241611-65, id: 0.08558070645241611-66, id: 0.08558070645241611-67, id: 0.08558070645241611-68, id: 0.08558070645241611-69, id: 0.08558070645241611-70, id: 0.08558070645241611-71, id: 0.08558070645241611-72, id: 0.08558070645241611-73, id: 0.08558070645241611-74, id: 0.08558070645241611-75, id: 0.08558070645241611-76, id: 0.08558070645241611-77, id: 0.08558070645241611-78, id: 0.08558070645241611-79, id: 0.08558070645241611-80, id: 0.08558070645241611-81, id: 0.08558070645241611-82, id: 0.08558070645241611-83, id: 0.08558070645241611-84, id: 0.08558070645241611-85, id: 0.08558070645241611-86, id: 0.08558070645241611-87, id: 0.08558070645241611-88, id: 0.08558070645241611-89, id: 0.08558070645241611-90, id: 0.08558070645241611-91, id: 0.08558070645241611-92, id: 0.08558070645241611-93, id: 0.08558070645241611-94, id: 0.08558070645241611-95, id: 0.08558070645241611-96]
[WebDriverCommandLogger] - Executing findElements parameters: {&quot;using&quot;:&quot;xpath&quot;,&quot;value&quot;:&quot;//div[@id=&apos;c_articlelist_stories_2&apos;]/ul[1]/li/span[1]/a&quot;}
[WebDriverCommandLogger] - command: findElements[ param-1: {value=//div[@id=&apos;c_articlelist_stories_2&apos;]/ul[1]/li/span[1]/a, using=xpath}] Result: [id: 0.08558070645241611-1, id: 0.08558070645241611-2, id: 0.08558070645241611-3, id: 0.08558070645241611-4, id: 0.08558070645241611-5, id: 0.08558070645241611-6, id: 0.08558070645241611-7, id: 0.08558070645241611-8, id: 0.08558070645241611-9, id: 0.08558070645241611-10, id: 0.08558070645241611-11, id: 0.08558070645241611-12, id: 0.08558070645241611-13, id: 0.08558070645241611-14, id: 0.08558070645241611-15, id: 0.08558070645241611-16, id: 0.08558070645241611-17, id: 0.08558070645241611-18, id: 0.08558070645241611-19, id: 0.08558070645241611-20, id: 0.08558070645241611-21, id: 0.08558070645241611-22, id: 0.08558070645241611-23, id: 0.08558070645241611-24, id: 0.08558070645241611-25, id: 0.08558070645241611-26, id: 0.08558070645241611-27, id: 0.08558070645241611-28, id: 0.08558070645241611-29, id: 0.08558070645241611-30, id: 0.08558070645241611-31, id: 0.08558070645241611-32, id: 0.08558070645241611-33, id: 0.08558070645241611-34, id: 0.08558070645241611-35, id: 0.08558070645241611-36, id: 0.08558070645241611-37, id: 0.08558070645241611-38, id: 0.08558070645241611-39, id: 0.08558070645241611-40, id: 0.08558070645241611-41, id: 0.08558070645241611-42, id: 0.08558070645241611-43, id: 0.08558070645241611-44, id: 0.08558070645241611-45, id: 0.08558070645241611-46, id: 0.08558070645241611-47, id: 0.08558070645241611-48, id: 0.08558070645241611-49, id: 0.08558070645241611-50, id: 0.08558070645241611-51, id: 0.08558070645241611-52, id: 0.08558070645241611-53, id: 0.08558070645241611-54, id: 0.08558070645241611-55, id: 0.08558070645241611-56, id: 0.08558070645241611-57, id: 0.08558070645241611-58, id: 0.08558070645241611-59, id: 0.08558070645241611-60, id: 0.08558070645241611-61, id: 0.08558070645241611-62, id: 0.08558070645241611-63, id: 0.08558070645241611-64, id: 0.08558070645241611-65, id: 0.08558070645241611-66, id: 0.08558070645241611-67, id: 0.08558070645241611-68, id: 0.08558070645241611-69, id: 0.08558070645241611-70, id: 0.08558070645241611-71, id: 0.08558070645241611-72, id: 0.08558070645241611-73, id: 0.08558070645241611-74, id: 0.08558070645241611-75, id: 0.08558070645241611-76, id: 0.08558070645241611-77, id: 0.08558070645241611-78, id: 0.08558070645241611-79, id: 0.08558070645241611-80, id: 0.08558070645241611-81, id: 0.08558070645241611-82, id: 0.08558070645241611-83, id: 0.08558070645241611-84, id: 0.08558070645241611-85, id: 0.08558070645241611-86, id: 0.08558070645241611-87, id: 0.08558070645241611-88, id: 0.08558070645241611-89, id: 0.08558070645241611-90, id: 0.08558070645241611-91, id: 0.08558070645241611-92, id: 0.08558070645241611-93, id: 0.08558070645241611-94, id: 0.08558070645241611-95, id: 0.08558070645241611-96]
[WebDriverCommandLogger] - Executing getElementText element: By.xpath: //div[@id=&apos;c_articlelist_stories_2&apos;]/ul[1]/li/span[1]/a parameters: {&quot;id&quot;:&quot;0.08558070645241611-59&quot;}
[WebDriverCommandLogger] - command: getElementText[ param-1: By.xpath: //div[@id=&apos;c_articlelist_stories_2&apos;]/ul[1]/li/span[1]/a param-2: {&quot;id&quot;:&quot;0.08558070645241611-59&quot;}] Result: getElementText:Inside of my guitar: Luthiers and the art of melding melody with material
[WebDriverCommandLogger] - Executing findElements parameters: {&quot;using&quot;:&quot;xpath&quot;,&quot;value&quot;:&quot;//div[@id=&apos;c_articlelist_stories_2&apos;]/ul[1]/li/span[2]/span[2]&quot;}
[WebDriverCommandLogger] - command: findElements[ param-1: {value=//div[@id=&apos;c_articlelist_stories_2&apos;]/ul[1]/li/span[2]/span[2], using=xpath}] Result: [id: 0.08558070645241611-97, id: 0.08558070645241611-98, id: 0.08558070645241611-99, id: 0.08558070645241611-100, id: 0.08558070645241611-101, id: 0.08558070645241611-102, id: 0.08558070645241611-103, id: 0.08558070645241611-104, id: 0.08558070645241611-105, id: 0.08558070645241611-106, id: 0.08558070645241611-107, id: 0.08558070645241611-108, id: 0.08558070645241611-109, id: 0.08558070645241611-110, id: 0.08558070645241611-111, id: 0.08558070645241611-112, id: 0.08558070645241611-113, id: 0.08558070645241611-114, id: 0.08558070645241611-115, id: 0.08558070645241611-116, id: 0.08558070645241611-117, id: 0.08558070645241611-118, id: 0.08558070645241611-119, id: 0.08558070645241611-120, id: 0.08558070645241611-121, id: 0.08558070645241611-122, id: 0.08558070645241611-123, id: 0.08558070645241611-124, id: 0.08558070645241611-125, id: 0.08558070645241611-126, id: 0.08558070645241611-127, id: 0.08558070645241611-128, id: 0.08558070645241611-129, id: 0.08558070645241611-130, id: 0.08558070645241611-131, id: 0.08558070645241611-132, id: 0.08558070645241611-133, id: 0.08558070645241611-134, id: 0.08558070645241611-135, id: 0.08558070645241611-136, id: 0.08558070645241611-137, id: 0.08558070645241611-138, id: 0.08558070645241611-139, id: 0.08558070645241611-140, id: 0.08558070645241611-141, id: 0.08558070645241611-142, id: 0.08558070645241611-143, id: 0.08558070645241611-144, id: 0.08558070645241611-145, id: 0.08558070645241611-146, id: 0.08558070645241611-147, id: 0.08558070645241611-148, id: 0.08558070645241611-149, id: 0.08558070645241611-150, id: 0.08558070645241611-151, id: 0.08558070645241611-152, id: 0.08558070645241611-153, id: 0.08558070645241611-154, id: 0.08558070645241611-155, id: 0.08558070645241611-156, id: 0.08558070645241611-157, id: 0.08558070645241611-158, id: 0.08558070645241611-159, id: 0.08558070645241611-160, id: 0.08558070645241611-161, id: 0.08558070645241611-162, id: 0.08558070645241611-163, id: 0.08558070645241611-164, id: 0.08558070645241611-165, id: 0.08558070645241611-166, id: 0.08558070645241611-167, id: 0.08558070645241611-168, id: 0.08558070645241611-169, id: 0.08558070645241611-170, id: 0.08558070645241611-171, id: 0.08558070645241611-172, id: 0.08558070645241611-173, id: 0.08558070645241611-174, id: 0.08558070645241611-175, id: 0.08558070645241611-176, id: 0.08558070645241611-177, id: 0.08558070645241611-178, id: 0.08558070645241611-179, id: 0.08558070645241611-180, id: 0.08558070645241611-181, id: 0.08558070645241611-182, id: 0.08558070645241611-183, id: 0.08558070645241611-184, id: 0.08558070645241611-185, id: 0.08558070645241611-186, id: 0.08558070645241611-187, id: 0.08558070645241611-188, id: 0.08558070645241611-189, id: 0.08558070645241611-190, id: 0.08558070645241611-191, id: 0.08558070645241611-192]
[WebDriverCommandLogger] - Executing getElementText element: By.xpath: //div[@id=&apos;c_articlelist_stories_2&apos;]/ul[1]/li/span[2]/span[2] parameters: {&quot;id&quot;:&quot;0.08558070645241611-155&quot;}
[WebDriverCommandLogger] - command: getElementText[ param-1: By.xpath: //div[@id=&apos;c_articlelist_stories_2&apos;]/ul[1]/li/span[2]/span[2] param-2: {&quot;id&quot;:&quot;0.08558070645241611-155&quot;}] Result: getElementText:2 DAYS AGO
[WebDriverCommandLogger] - Executing findElements parameters: {&quot;using&quot;:&quot;xpath&quot;,&quot;value&quot;:&quot;//div[@id=&apos;c_articlelist_stories_2&apos;]/ul[1]/li/span[1]/a&quot;}
[WebDriverCommandLogger] - command: findElements[ param-1: {value=//div[@id=&apos;c_articlelist_stories_2&apos;]/ul[1]/li/span[1]/a, using=xpath}] Result: [id: 0.08558070645241611-1, id: 0.08558070645241611-2, id: 0.08558070645241611-3, id: 0.08558070645241611-4, id: 0.08558070645241611-5, id: 0.08558070645241611-6, id: 0.08558070645241611-7, id: 0.08558070645241611-8, id: 0.08558070645241611-9, id: 0.08558070645241611-10, id: 0.08558070645241611-11, id: 0.08558070645241611-12, id: 0.08558070645241611-13, id: 0.08558070645241611-14, id: 0.08558070645241611-15, id: 0.08558070645241611-16, id: 0.08558070645241611-17, id: 0.08558070645241611-18, id: 0.08558070645241611-19, id: 0.08558070645241611-20, id: 0.08558070645241611-21, id: 0.08558070645241611-22, id: 0.08558070645241611-23, id: 0.08558070645241611-24, id: 0.08558070645241611-25, id: 0.08558070645241611-26, id: 0.08558070645241611-27, id: 0.08558070645241611-28, id: 0.08558070645241611-29, id: 0.08558070645241611-30, id: 0.08558070645241611-31, id: 0.08558070645241611-32, id: 0.08558070645241611-33, id: 0.08558070645241611-34, id: 0.08558070645241611-35, id: 0.08558070645241611-36, id: 0.08558070645241611-37, id: 0.08558070645241611-38, id: 0.08558070645241611-39, id: 0.08558070645241611-40, id: 0.08558070645241611-41, id: 0.08558070645241611-42, id: 0.08558070645241611-43, id: 0.08558070645241611-44, id: 0.08558070645241611-45, id: 0.08558070645241611-46, id: 0.08558070645241611-47, id: 0.08558070645241611-48, id: 0.08558070645241611-49, id: 0.08558070645241611-50, id: 0.08558070645241611-51, id: 0.08558070645241611-52, id: 0.08558070645241611-53, id: 0.08558070645241611-54, id: 0.08558070645241611-55, id: 0.08558070645241611-56, id: 0.08558070645241611-57, id: 0.08558070645241611-58, id: 0.08558070645241611-59, id: 0.08558070645241611-60, id: 0.08558070645241611-61, id: 0.08558070645241611-62, id: 0.08558070645241611-63, id: 0.08558070645241611-64, id: 0.08558070645241611-65, id: 0.08558070645241611-66, id: 0.08558070645241611-67, id: 0.08558070645241611-68, id: 0.08558070645241611-69, id: 0.08558070645241611-70, id: 0.08558070645241611-71, id: 0.08558070645241611-72, id: 0.08558070645241611-73, id: 0.08558070645241611-74, id: 0.08558070645241611-75, id: 0.08558070645241611-76, id: 0.08558070645241611-77, id: 0.08558070645241611-78, id: 0.08558070645241611-79, id: 0.08558070645241611-80, id: 0.08558070645241611-81, id: 0.08558070645241611-82, id: 0.08558070645241611-83, id: 0.08558070645241611-84, id: 0.08558070645241611-85, id: 0.08558070645241611-86, id: 0.08558070645241611-87, id: 0.08558070645241611-88, id: 0.08558070645241611-89, id: 0.08558070645241611-90, id: 0.08558070645241611-91, id: 0.08558070645241611-92, id: 0.08558070645241611-93, id: 0.08558070645241611-94, id: 0.08558070645241611-95, id: 0.08558070645241611-96]
[WebDriverCommandLogger] - Executing findElements parameters: {&quot;using&quot;:&quot;xpath&quot;,&quot;value&quot;:&quot;//div[@id=&apos;c_articlelist_stories_2&apos;]/ul[1]/li/span[1]/a&quot;}
[WebDriverCommandLogger] - command: findElements[ param-1: {value=//div[@id=&apos;c_articlelist_stories_2&apos;]/ul[1]/li/span[1]/a, using=xpath}] Result: [id: 0.08558070645241611-1, id: 0.08558070645241611-2, id: 0.08558070645241611-3, id: 0.08558070645241611-4, id: 0.08558070645241611-5, id: 0.08558070645241611-6, id: 0.08558070645241611-7, id: 0.08558070645241611-8, id: 0.08558070645241611-9, id: 0.08558070645241611-10, id: 0.08558070645241611-11, id: 0.08558070645241611-12, id: 0.08558070645241611-13, id: 0.08558070645241611-14, id: 0.08558070645241611-15, id: 0.08558070645241611-16, id: 0.08558070645241611-17, id: 0.08558070645241611-18, id: 0.08558070645241611-19, id: 0.08558070645241611-20, id: 0.08558070645241611-21, id: 0.08558070645241611-22, id: 0.08558070645241611-23, id: 0.08558070645241611-24, id: 0.08558070645241611-25, id: 0.08558070645241611-26, id: 0.08558070645241611-27, id: 0.08558070645241611-28, id: 0.08558070645241611-29, id: 0.08558070645241611-30, id: 0.08558070645241611-31, id: 0.08558070645241611-32, id: 0.08558070645241611-33, id: 0.08558070645241611-34, id: 0.08558070645241611-35, id: 0.08558070645241611-36, id: 0.08558070645241611-37, id: 0.08558070645241611-38, id: 0.08558070645241611-39, id: 0.08558070645241611-40, id: 0.08558070645241611-41, id: 0.08558070645241611-42, id: 0.08558070645241611-43, id: 0.08558070645241611-44, id: 0.08558070645241611-45, id: 0.08558070645241611-46, id: 0.08558070645241611-47, id: 0.08558070645241611-48, id: 0.08558070645241611-49, id: 0.08558070645241611-50, id: 0.08558070645241611-51, id: 0.08558070645241611-52, id: 0.08558070645241611-53, id: 0.08558070645241611-54, id: 0.08558070645241611-55, id: 0.08558070645241611-56, id: 0.08558070645241611-57, id: 0.08558070645241611-58, id: 0.08558070645241611-59, id: 0.08558070645241611-60, id: 0.08558070645241611-61, id: 0.08558070645241611-62, id: 0.08558070645241611-63, id: 0.08558070645241611-64, id: 0.08558070645241611-65, id: 0.08558070645241611-66, id: 0.08558070645241611-67, id: 0.08558070645241611-68, id: 0.08558070645241611-69, id: 0.08558070645241611-70, id: 0.08558070645241611-71, id: 0.08558070645241611-72, id: 0.08558070645241611-73, id: 0.08558070645241611-74, id: 0.08558070645241611-75, id: 0.08558070645241611-76, id: 0.08558070645241611-77, id: 0.08558070645241611-78, id: 0.08558070645241611-79, id: 0.08558070645241611-80, id: 0.08558070645241611-81, id: 0.08558070645241611-82, id: 0.08558070645241611-83, id: 0.08558070645241611-84, id: 0.08558070645241611-85, id: 0.08558070645241611-86, id: 0.08558070645241611-87, id: 0.08558070645241611-88, id: 0.08558070645241611-89, id: 0.08558070645241611-90, id: 0.08558070645241611-91, id: 0.08558070645241611-92, id: 0.08558070645241611-93, id: 0.08558070645241611-94, id: 0.08558070645241611-95, id: 0.08558070645241611-96]
[WebDriverCommandLogger] - Executing getElementText element: By.xpath: //div[@id=&apos;c_articlelist_stories_2&apos;]/ul[1]/li/span[1]/a parameters: {&quot;id&quot;:&quot;0.08558070645241611-60&quot;}
[WebDriverCommandLogger] - command: getElementText[ param-1: By.xpath: //div[@id=&apos;c_articlelist_stories_2&apos;]/ul[1]/li/span[1]/a param-2: {&quot;id&quot;:&quot;0.08558070645241611-60&quot;}] Result: getElementText:Slum residents suspect fuel theft as motive behind arson rampage
[WebDriverCommandLogger] - Executing findElements parameters: {&quot;using&quot;:&quot;xpath&quot;,&quot;value&quot;:&quot;//div[@id=&apos;c_articlelist_stories_2&apos;]/ul[1]/li/span[2]/span[2]&quot;}
[WebDriverCommandLogger] - command: findElements[ param-1: {value=//div[@id=&apos;c_articlelist_stories_2&apos;]/ul[1]/li/span[2]/span[2], using=xpath}] Result: [id: 0.08558070645241611-97, id: 0.08558070645241611-98, id: 0.08558070645241611-99, id: 0.08558070645241611-100, id: 0.08558070645241611-101, id: 0.08558070645241611-102, id: 0.08558070645241611-103, id: 0.08558070645241611-104, id: 0.08558070645241611-105, id: 0.08558070645241611-106, id: 0.08558070645241611-107, id: 0.08558070645241611-108, id: 0.08558070645241611-109, id: 0.08558070645241611-110, id: 0.08558070645241611-111, id: 0.08558070645241611-112, id: 0.08558070645241611-113, id: 0.08558070645241611-114, id: 0.08558070645241611-115, id: 0.08558070645241611-116, id: 0.08558070645241611-117, id: 0.08558070645241611-118, id: 0.08558070645241611-119, id: 0.08558070645241611-120, id: 0.08558070645241611-121, id: 0.08558070645241611-122, id: 0.08558070645241611-123, id: 0.08558070645241611-124, id: 0.08558070645241611-125, id: 0.08558070645241611-126, id: 0.08558070645241611-127, id: 0.08558070645241611-128, id: 0.08558070645241611-129, id: 0.08558070645241611-130, id: 0.08558070645241611-131, id: 0.08558070645241611-132, id: 0.08558070645241611-133, id: 0.08558070645241611-134, id: 0.08558070645241611-135, id: 0.08558070645241611-136, id: 0.08558070645241611-137, id: 0.08558070645241611-138, id: 0.08558070645241611-139, id: 0.08558070645241611-140, id: 0.08558070645241611-141, id: 0.08558070645241611-142, id: 0.08558070645241611-143, id: 0.08558070645241611-144, id: 0.08558070645241611-145, id: 0.08558070645241611-146, id: 0.08558070645241611-147, id: 0.08558070645241611-148, id: 0.08558070645241611-149, id: 0.08558070645241611-150, id: 0.08558070645241611-151, id: 0.08558070645241611-152, id: 0.08558070645241611-153, id: 0.08558070645241611-154, id: 0.08558070645241611-155, id: 0.08558070645241611-156, id: 0.08558070645241611-157, id: 0.08558070645241611-158, id: 0.08558070645241611-159, id: 0.08558070645241611-160, id: 0.08558070645241611-161, id: 0.08558070645241611-162, id: 0.08558070645241611-163, id: 0.08558070645241611-164, id: 0.08558070645241611-165, id: 0.08558070645241611-166, id: 0.08558070645241611-167, id: 0.08558070645241611-168, id: 0.08558070645241611-169, id: 0.08558070645241611-170, id: 0.08558070645241611-171, id: 0.08558070645241611-172, id: 0.08558070645241611-173, id: 0.08558070645241611-174, id: 0.08558070645241611-175, id: 0.08558070645241611-176, id: 0.08558070645241611-177, id: 0.08558070645241611-178, id: 0.08558070645241611-179, id: 0.08558070645241611-180, id: 0.08558070645241611-181, id: 0.08558070645241611-182, id: 0.08558070645241611-183, id: 0.08558070645241611-184, id: 0.08558070645241611-185, id: 0.08558070645241611-186, id: 0.08558070645241611-187, id: 0.08558070645241611-188, id: 0.08558070645241611-189, id: 0.08558070645241611-190, id: 0.08558070645241611-191, id: 0.08558070645241611-192]
[WebDriverCommandLogger] - Executing getElementText element: By.xpath: //div[@id=&apos;c_articlelist_stories_2&apos;]/ul[1]/li/span[2]/span[2] parameters: {&quot;id&quot;:&quot;0.08558070645241611-156&quot;}
[WebDriverCommandLogger] - command: getElementText[ param-1: By.xpath: //div[@id=&apos;c_articlelist_stories_2&apos;]/ul[1]/li/span[2]/span[2] param-2: {&quot;id&quot;:&quot;0.08558070645241611-156&quot;}] Result: getElementText:2 DAYS AGO
[WebDriverCommandLogger] - Executing findElements parameters: {&quot;using&quot;:&quot;xpath&quot;,&quot;value&quot;:&quot;//div[@id=&apos;c_articlelist_stories_2&apos;]/ul[1]/li/span[1]/a&quot;}
[WebDriverCommandLogger] - command: findElements[ param-1: {value=//div[@id=&apos;c_articlelist_stories_2&apos;]/ul[1]/li/span[1]/a, using=xpath}] Result: [id: 0.08558070645241611-1, id: 0.08558070645241611-2, id: 0.08558070645241611-3, id: 0.08558070645241611-4, id: 0.08558070645241611-5, id: 0.08558070645241611-6, id: 0.08558070645241611-7, id: 0.08558070645241611-8, id: 0.08558070645241611-9, id: 0.08558070645241611-10, id: 0.08558070645241611-11, id: 0.08558070645241611-12, id: 0.08558070645241611-13, id: 0.08558070645241611-14, id: 0.08558070645241611-15, id: 0.08558070645241611-16, id: 0.08558070645241611-17, id: 0.08558070645241611-18, id: 0.08558070645241611-19, id: 0.08558070645241611-20, id: 0.08558070645241611-21, id: 0.08558070645241611-22, id: 0.08558070645241611-23, id: 0.08558070645241611-24, id: 0.08558070645241611-25, id: 0.08558070645241611-26, id: 0.08558070645241611-27, id: 0.08558070645241611-28, id: 0.08558070645241611-29, id: 0.08558070645241611-30, id: 0.08558070645241611-31, id: 0.08558070645241611-32, id: 0.08558070645241611-33, id: 0.08558070645241611-34, id: 0.08558070645241611-35, id: 0.08558070645241611-36, id: 0.08558070645241611-37, id: 0.08558070645241611-38, id: 0.08558070645241611-39, id: 0.08558070645241611-40, id: 0.08558070645241611-41, id: 0.08558070645241611-42, id: 0.08558070645241611-43, id: 0.08558070645241611-44, id: 0.08558070645241611-45, id: 0.08558070645241611-46, id: 0.08558070645241611-47, id: 0.08558070645241611-48, id: 0.08558070645241611-49, id: 0.08558070645241611-50, id: 0.08558070645241611-51, id: 0.08558070645241611-52, id: 0.08558070645241611-53, id: 0.08558070645241611-54, id: 0.08558070645241611-55, id: 0.08558070645241611-56, id: 0.08558070645241611-57, id: 0.08558070645241611-58, id: 0.08558070645241611-59, id: 0.08558070645241611-60, id: 0.08558070645241611-61, id: 0.08558070645241611-62, id: 0.08558070645241611-63, id: 0.08558070645241611-64, id: 0.08558070645241611-65, id: 0.08558070645241611-66, id: 0.08558070645241611-67, id: 0.08558070645241611-68, id: 0.08558070645241611-69, id: 0.08558070645241611-70, id: 0.08558070645241611-71, id: 0.08558070645241611-72, id: 0.08558070645241611-73, id: 0.08558070645241611-74, id: 0.08558070645241611-75, id: 0.08558070645241611-76, id: 0.08558070645241611-77, id: 0.08558070645241611-78, id: 0.08558070645241611-79, id: 0.08558070645241611-80, id: 0.08558070645241611-81, id: 0.08558070645241611-82, id: 0.08558070645241611-83, id: 0.08558070645241611-84, id: 0.08558070645241611-85, id: 0.08558070645241611-86, id: 0.08558070645241611-87, id: 0.08558070645241611-88, id: 0.08558070645241611-89, id: 0.08558070645241611-90, id: 0.08558070645241611-91, id: 0.08558070645241611-92, id: 0.08558070645241611-93, id: 0.08558070645241611-94, id: 0.08558070645241611-95, id: 0.08558070645241611-96]
[WebDriverCommandLogger] - Executing findElements parameters: {&quot;using&quot;:&quot;xpath&quot;,&quot;value&quot;:&quot;//div[@id=&apos;c_articlelist_stories_2&apos;]/ul[1]/li/span[1]/a&quot;}
[WebDriverCommandLogger] - command: findElements[ param-1: {value=//div[@id=&apos;c_articlelist_stories_2&apos;]/ul[1]/li/span[1]/a, using=xpath}] Result: [id: 0.08558070645241611-1, id: 0.08558070645241611-2, id: 0.08558070645241611-3, id: 0.08558070645241611-4, id: 0.08558070645241611-5, id: 0.08558070645241611-6, id: 0.08558070645241611-7, id: 0.08558070645241611-8, id: 0.08558070645241611-9, id: 0.08558070645241611-10, id: 0.08558070645241611-11, id: 0.08558070645241611-12, id: 0.08558070645241611-13, id: 0.08558070645241611-14, id: 0.08558070645241611-15, id: 0.08558070645241611-16, id: 0.08558070645241611-17, id: 0.08558070645241611-18, id: 0.08558070645241611-19, id: 0.08558070645241611-20, id: 0.08558070645241611-21, id: 0.08558070645241611-22, id: 0.08558070645241611-23, id: 0.08558070645241611-24, id: 0.08558070645241611-25, id: 0.08558070645241611-26, id: 0.08558070645241611-27, id: 0.08558070645241611-28, id: 0.08558070645241611-29, id: 0.08558070645241611-30, id: 0.08558070645241611-31, id: 0.08558070645241611-32, id: 0.08558070645241611-33, id: 0.08558070645241611-34, id: 0.08558070645241611-35, id: 0.08558070645241611-36, id: 0.08558070645241611-37, id: 0.08558070645241611-38, id: 0.08558070645241611-39, id: 0.08558070645241611-40, id: 0.08558070645241611-41, id: 0.08558070645241611-42, id: 0.08558070645241611-43, id: 0.08558070645241611-44, id: 0.08558070645241611-45, id: 0.08558070645241611-46, id: 0.08558070645241611-47, id: 0.08558070645241611-48, id: 0.08558070645241611-49, id: 0.08558070645241611-50, id: 0.08558070645241611-51, id: 0.08558070645241611-52, id: 0.08558070645241611-53, id: 0.08558070645241611-54, id: 0.08558070645241611-55, id: 0.08558070645241611-56, id: 0.08558070645241611-57, id: 0.08558070645241611-58, id: 0.08558070645241611-59, id: 0.08558070645241611-60, id: 0.08558070645241611-61, id: 0.08558070645241611-62, id: 0.08558070645241611-63, id: 0.08558070645241611-64, id: 0.08558070645241611-65, id: 0.08558070645241611-66, id: 0.08558070645241611-67, id: 0.08558070645241611-68, id: 0.08558070645241611-69, id: 0.08558070645241611-70, id: 0.08558070645241611-71, id: 0.08558070645241611-72, id: 0.08558070645241611-73, id: 0.08558070645241611-74, id: 0.08558070645241611-75, id: 0.08558070645241611-76, id: 0.08558070645241611-77, id: 0.08558070645241611-78, id: 0.08558070645241611-79, id: 0.08558070645241611-80, id: 0.08558070645241611-81, id: 0.08558070645241611-82, id: 0.08558070645241611-83, id: 0.08558070645241611-84, id: 0.08558070645241611-85, id: 0.08558070645241611-86, id: 0.08558070645241611-87, id: 0.08558070645241611-88, id: 0.08558070645241611-89, id: 0.08558070645241611-90, id: 0.08558070645241611-91, id: 0.08558070645241611-92, id: 0.08558070645241611-93, id: 0.08558070645241611-94, id: 0.08558070645241611-95, id: 0.08558070645241611-96]
[WebDriverCommandLogger] - Executing getElementText element: By.xpath: //div[@id=&apos;c_articlelist_stories_2&apos;]/ul[1]/li/span[1]/a parameters: {&quot;id&quot;:&quot;0.08558070645241611-61&quot;}
[WebDriverCommandLogger] - command: getElementText[ param-1: By.xpath: //div[@id=&apos;c_articlelist_stories_2&apos;]/ul[1]/li/span[1]/a param-2: {&quot;id&quot;:&quot;0.08558070645241611-61&quot;}] Result: getElementText:Pune: Drunk man sets 30 vehicles on fire in slum near Parvati
[WebDriverCommandLogger] - Executing findElements parameters: {&quot;using&quot;:&quot;xpath&quot;,&quot;value&quot;:&quot;//div[@id=&apos;c_articlelist_stories_2&apos;]/ul[1]/li/span[2]/span[2]&quot;}
[WebDriverCommandLogger] - command: findElements[ param-1: {value=//div[@id=&apos;c_articlelist_stories_2&apos;]/ul[1]/li/span[2]/span[2], using=xpath}] Result: [id: 0.08558070645241611-97, id: 0.08558070645241611-98, id: 0.08558070645241611-99, id: 0.08558070645241611-100, id: 0.08558070645241611-101, id: 0.08558070645241611-102, id: 0.08558070645241611-103, id: 0.08558070645241611-104, id: 0.08558070645241611-105, id: 0.08558070645241611-106, id: 0.08558070645241611-107, id: 0.08558070645241611-108, id: 0.08558070645241611-109, id: 0.08558070645241611-110, id: 0.08558070645241611-111, id: 0.08558070645241611-112, id: 0.08558070645241611-113, id: 0.08558070645241611-114, id: 0.08558070645241611-115, id: 0.08558070645241611-116, id: 0.08558070645241611-117, id: 0.08558070645241611-118, id: 0.08558070645241611-119, id: 0.08558070645241611-120, id: 0.08558070645241611-121, id: 0.08558070645241611-122, id: 0.08558070645241611-123, id: 0.08558070645241611-124, id: 0.08558070645241611-125, id: 0.08558070645241611-126, id: 0.08558070645241611-127, id: 0.08558070645241611-128, id: 0.08558070645241611-129, id: 0.08558070645241611-130, id: 0.08558070645241611-131, id: 0.08558070645241611-132, id: 0.08558070645241611-133, id: 0.08558070645241611-134, id: 0.08558070645241611-135, id: 0.08558070645241611-136, id: 0.08558070645241611-137, id: 0.08558070645241611-138, id: 0.08558070645241611-139, id: 0.08558070645241611-140, id: 0.08558070645241611-141, id: 0.08558070645241611-142, id: 0.08558070645241611-143, id: 0.08558070645241611-144, id: 0.08558070645241611-145, id: 0.08558070645241611-146, id: 0.08558070645241611-147, id: 0.08558070645241611-148, id: 0.08558070645241611-149, id: 0.08558070645241611-150, id: 0.08558070645241611-151, id: 0.08558070645241611-152, id: 0.08558070645241611-153, id: 0.08558070645241611-154, id: 0.08558070645241611-155, id: 0.08558070645241611-156, id: 0.08558070645241611-157, id: 0.08558070645241611-158, id: 0.08558070645241611-159, id: 0.08558070645241611-160, id: 0.08558070645241611-161, id: 0.08558070645241611-162, id: 0.08558070645241611-163, id: 0.08558070645241611-164, id: 0.08558070645241611-165, id: 0.08558070645241611-166, id: 0.08558070645241611-167, id: 0.08558070645241611-168, id: 0.08558070645241611-169, id: 0.08558070645241611-170, id: 0.08558070645241611-171, id: 0.08558070645241611-172, id: 0.08558070645241611-173, id: 0.08558070645241611-174, id: 0.08558070645241611-175, id: 0.08558070645241611-176, id: 0.08558070645241611-177, id: 0.08558070645241611-178, id: 0.08558070645241611-179, id: 0.08558070645241611-180, id: 0.08558070645241611-181, id: 0.08558070645241611-182, id: 0.08558070645241611-183, id: 0.08558070645241611-184, id: 0.08558070645241611-185, id: 0.08558070645241611-186, id: 0.08558070645241611-187, id: 0.08558070645241611-188, id: 0.08558070645241611-189, id: 0.08558070645241611-190, id: 0.08558070645241611-191, id: 0.08558070645241611-192]
[WebDriverCommandLogger] - Executing getElementText element: By.xpath: //div[@id=&apos;c_articlelist_stories_2&apos;]/ul[1]/li/span[2]/span[2] parameters: {&quot;id&quot;:&quot;0.08558070645241611-157&quot;}
[WebDriverCommandLogger] - command: getElementText[ param-1: By.xpath: //div[@id=&apos;c_articlelist_stories_2&apos;]/ul[1]/li/span[2]/span[2] param-2: {&quot;id&quot;:&quot;0.08558070645241611-157&quot;}] Result: getElementText:2 DAYS AGO
[WebDriverCommandLogger] - Executing findElements parameters: {&quot;using&quot;:&quot;xpath&quot;,&quot;value&quot;:&quot;//div[@id=&apos;c_articlelist_stories_2&apos;]/ul[1]/li/span[1]/a&quot;}
[WebDriverCommandLogger] - command: findElements[ param-1: {value=//div[@id=&apos;c_articlelist_stories_2&apos;]/ul[1]/li/span[1]/a, using=xpath}] Result: [id: 0.08558070645241611-1, id: 0.08558070645241611-2, id: 0.08558070645241611-3, id: 0.08558070645241611-4, id: 0.08558070645241611-5, id: 0.08558070645241611-6, id: 0.08558070645241611-7, id: 0.08558070645241611-8, id: 0.08558070645241611-9, id: 0.08558070645241611-10, id: 0.08558070645241611-11, id: 0.08558070645241611-12, id: 0.08558070645241611-13, id: 0.08558070645241611-14, id: 0.08558070645241611-15, id: 0.08558070645241611-16, id: 0.08558070645241611-17, id: 0.08558070645241611-18, id: 0.08558070645241611-19, id: 0.08558070645241611-20, id: 0.08558070645241611-21, id: 0.08558070645241611-22, id: 0.08558070645241611-23, id: 0.08558070645241611-24, id: 0.08558070645241611-25, id: 0.08558070645241611-26, id: 0.08558070645241611-27, id: 0.08558070645241611-28, id: 0.08558070645241611-29, id: 0.08558070645241611-30, id: 0.08558070645241611-31, id: 0.08558070645241611-32, id: 0.08558070645241611-33, id: 0.08558070645241611-34, id: 0.08558070645241611-35, id: 0.08558070645241611-36, id: 0.08558070645241611-37, id: 0.08558070645241611-38, id: 0.08558070645241611-39, id: 0.08558070645241611-40, id: 0.08558070645241611-41, id: 0.08558070645241611-42, id: 0.08558070645241611-43, id: 0.08558070645241611-44, id: 0.08558070645241611-45, id: 0.08558070645241611-46, id: 0.08558070645241611-47, id: 0.08558070645241611-48, id: 0.08558070645241611-49, id: 0.08558070645241611-50, id: 0.08558070645241611-51, id: 0.08558070645241611-52, id: 0.08558070645241611-53, id: 0.08558070645241611-54, id: 0.08558070645241611-55, id: 0.08558070645241611-56, id: 0.08558070645241611-57, id: 0.08558070645241611-58, id: 0.08558070645241611-59, id: 0.08558070645241611-60, id: 0.08558070645241611-61, id: 0.08558070645241611-62, id: 0.08558070645241611-63, id: 0.08558070645241611-64, id: 0.08558070645241611-65, id: 0.08558070645241611-66, id: 0.08558070645241611-67, id: 0.08558070645241611-68, id: 0.08558070645241611-69, id: 0.08558070645241611-70, id: 0.08558070645241611-71, id: 0.08558070645241611-72, id: 0.08558070645241611-73, id: 0.08558070645241611-74, id: 0.08558070645241611-75, id: 0.08558070645241611-76, id: 0.08558070645241611-77, id: 0.08558070645241611-78, id: 0.08558070645241611-79, id: 0.08558070645241611-80, id: 0.08558070645241611-81, id: 0.08558070645241611-82, id: 0.08558070645241611-83, id: 0.08558070645241611-84, id: 0.08558070645241611-85, id: 0.08558070645241611-86, id: 0.08558070645241611-87, id: 0.08558070645241611-88, id: 0.08558070645241611-89, id: 0.08558070645241611-90, id: 0.08558070645241611-91, id: 0.08558070645241611-92, id: 0.08558070645241611-93, id: 0.08558070645241611-94, id: 0.08558070645241611-95, id: 0.08558070645241611-96]
[WebDriverCommandLogger] - Executing findElements parameters: {&quot;using&quot;:&quot;xpath&quot;,&quot;value&quot;:&quot;//div[@id=&apos;c_articlelist_stories_2&apos;]/ul[1]/li/span[1]/a&quot;}
[WebDriverCommandLogger] - command: findElements[ param-1: {value=//div[@id=&apos;c_articlelist_stories_2&apos;]/ul[1]/li/span[1]/a, using=xpath}] Result: [id: 0.08558070645241611-1, id: 0.08558070645241611-2, id: 0.08558070645241611-3, id: 0.08558070645241611-4, id: 0.08558070645241611-5, id: 0.08558070645241611-6, id: 0.08558070645241611-7, id: 0.08558070645241611-8, id: 0.08558070645241611-9, id: 0.08558070645241611-10, id: 0.08558070645241611-11, id: 0.08558070645241611-12, id: 0.08558070645241611-13, id: 0.08558070645241611-14, id: 0.08558070645241611-15, id: 0.08558070645241611-16, id: 0.08558070645241611-17, id: 0.08558070645241611-18, id: 0.08558070645241611-19, id: 0.08558070645241611-20, id: 0.08558070645241611-21, id: 0.08558070645241611-22, id: 0.08558070645241611-23, id: 0.08558070645241611-24, id: 0.08558070645241611-25, id: 0.08558070645241611-26, id: 0.08558070645241611-27, id: 0.08558070645241611-28, id: 0.08558070645241611-29, id: 0.08558070645241611-30, id: 0.08558070645241611-31, id: 0.08558070645241611-32, id: 0.08558070645241611-33, id: 0.08558070645241611-34, id: 0.08558070645241611-35, id: 0.08558070645241611-36, id: 0.08558070645241611-37, id: 0.08558070645241611-38, id: 0.08558070645241611-39, id: 0.08558070645241611-40, id: 0.08558070645241611-41, id: 0.08558070645241611-42, id: 0.08558070645241611-43, id: 0.08558070645241611-44, id: 0.08558070645241611-45, id: 0.08558070645241611-46, id: 0.08558070645241611-47, id: 0.08558070645241611-48, id: 0.08558070645241611-49, id: 0.08558070645241611-50, id: 0.08558070645241611-51, id: 0.08558070645241611-52, id: 0.08558070645241611-53, id: 0.08558070645241611-54, id: 0.08558070645241611-55, id: 0.08558070645241611-56, id: 0.08558070645241611-57, id: 0.08558070645241611-58, id: 0.08558070645241611-59, id: 0.08558070645241611-60, id: 0.08558070645241611-61, id: 0.08558070645241611-62, id: 0.08558070645241611-63, id: 0.08558070645241611-64, id: 0.08558070645241611-65, id: 0.08558070645241611-66, id: 0.08558070645241611-67, id: 0.08558070645241611-68, id: 0.08558070645241611-69, id: 0.08558070645241611-70, id: 0.08558070645241611-71, id: 0.08558070645241611-72, id: 0.08558070645241611-73, id: 0.08558070645241611-74, id: 0.08558070645241611-75, id: 0.08558070645241611-76, id: 0.08558070645241611-77, id: 0.08558070645241611-78, id: 0.08558070645241611-79, id: 0.08558070645241611-80, id: 0.08558070645241611-81, id: 0.08558070645241611-82, id: 0.08558070645241611-83, id: 0.08558070645241611-84, id: 0.08558070645241611-85, id: 0.08558070645241611-86, id: 0.08558070645241611-87, id: 0.08558070645241611-88, id: 0.08558070645241611-89, id: 0.08558070645241611-90, id: 0.08558070645241611-91, id: 0.08558070645241611-92, id: 0.08558070645241611-93, id: 0.08558070645241611-94, id: 0.08558070645241611-95, id: 0.08558070645241611-96]
[WebDriverCommandLogger] - Executing getElementText element: By.xpath: //div[@id=&apos;c_articlelist_stories_2&apos;]/ul[1]/li/span[1]/a parameters: {&quot;id&quot;:&quot;0.08558070645241611-62&quot;}
[WebDriverCommandLogger] - command: getElementText[ param-1: By.xpath: //div[@id=&apos;c_articlelist_stories_2&apos;]/ul[1]/li/span[1]/a param-2: {&quot;id&quot;:&quot;0.08558070645241611-62&quot;}] Result: getElementText:Defective water vending machines upset train users
[WebDriverCommandLogger] - Executing findElements parameters: {&quot;using&quot;:&quot;xpath&quot;,&quot;value&quot;:&quot;//div[@id=&apos;c_articlelist_stories_2&apos;]/ul[1]/li/span[2]/span[2]&quot;}
[WebDriverCommandLogger] - command: findElements[ param-1: {value=//div[@id=&apos;c_articlelist_stories_2&apos;]/ul[1]/li/span[2]/span[2], using=xpath}] Result: [id: 0.08558070645241611-97, id: 0.08558070645241611-98, id: 0.08558070645241611-99, id: 0.08558070645241611-100, id: 0.08558070645241611-101, id: 0.08558070645241611-102, id: 0.08558070645241611-103, id: 0.08558070645241611-104, id: 0.08558070645241611-105, id: 0.08558070645241611-106, id: 0.08558070645241611-107, id: 0.08558070645241611-108, id: 0.08558070645241611-109, id: 0.08558070645241611-110, id: 0.08558070645241611-111, id: 0.08558070645241611-112, id: 0.08558070645241611-113, id: 0.08558070645241611-114, id: 0.08558070645241611-115, id: 0.08558070645241611-116, id: 0.08558070645241611-117, id: 0.08558070645241611-118, id: 0.08558070645241611-119, id: 0.08558070645241611-120, id: 0.08558070645241611-121, id: 0.08558070645241611-122, id: 0.08558070645241611-123, id: 0.08558070645241611-124, id: 0.08558070645241611-125, id: 0.08558070645241611-126, id: 0.08558070645241611-127, id: 0.08558070645241611-128, id: 0.08558070645241611-129, id: 0.08558070645241611-130, id: 0.08558070645241611-131, id: 0.08558070645241611-132, id: 0.08558070645241611-133, id: 0.08558070645241611-134, id: 0.08558070645241611-135, id: 0.08558070645241611-136, id: 0.08558070645241611-137, id: 0.08558070645241611-138, id: 0.08558070645241611-139, id: 0.08558070645241611-140, id: 0.08558070645241611-141, id: 0.08558070645241611-142, id: 0.08558070645241611-143, id: 0.08558070645241611-144, id: 0.08558070645241611-145, id: 0.08558070645241611-146, id: 0.08558070645241611-147, id: 0.08558070645241611-148, id: 0.08558070645241611-149, id: 0.08558070645241611-150, id: 0.08558070645241611-151, id: 0.08558070645241611-152, id: 0.08558070645241611-153, id: 0.08558070645241611-154, id: 0.08558070645241611-155, id: 0.08558070645241611-156, id: 0.08558070645241611-157, id: 0.08558070645241611-158, id: 0.08558070645241611-159, id: 0.08558070645241611-160, id: 0.08558070645241611-161, id: 0.08558070645241611-162, id: 0.08558070645241611-163, id: 0.08558070645241611-164, id: 0.08558070645241611-165, id: 0.08558070645241611-166, id: 0.08558070645241611-167, id: 0.08558070645241611-168, id: 0.08558070645241611-169, id: 0.08558070645241611-170, id: 0.08558070645241611-171, id: 0.08558070645241611-172, id: 0.08558070645241611-173, id: 0.08558070645241611-174, id: 0.08558070645241611-175, id: 0.08558070645241611-176, id: 0.08558070645241611-177, id: 0.08558070645241611-178, id: 0.08558070645241611-179, id: 0.08558070645241611-180, id: 0.08558070645241611-181, id: 0.08558070645241611-182, id: 0.08558070645241611-183, id: 0.08558070645241611-184, id: 0.08558070645241611-185, id: 0.08558070645241611-186, id: 0.08558070645241611-187, id: 0.08558070645241611-188, id: 0.08558070645241611-189, id: 0.08558070645241611-190, id: 0.08558070645241611-191, id: 0.08558070645241611-192]
[WebDriverCommandLogger] - Executing getElementText element: By.xpath: //div[@id=&apos;c_articlelist_stories_2&apos;]/ul[1]/li/span[2]/span[2] parameters: {&quot;id&quot;:&quot;0.08558070645241611-158&quot;}
[WebDriverCommandLogger] - command: getElementText[ param-1: By.xpath: //div[@id=&apos;c_articlelist_stories_2&apos;]/ul[1]/li/span[2]/span[2] param-2: {&quot;id&quot;:&quot;0.08558070645241611-158&quot;}] Result: getElementText:2 DAYS AGO
[WebDriverCommandLogger] - Executing findElements parameters: {&quot;using&quot;:&quot;xpath&quot;,&quot;value&quot;:&quot;//div[@id=&apos;c_articlelist_stories_2&apos;]/ul[1]/li/span[1]/a&quot;}
[WebDriverCommandLogger] - command: findElements[ param-1: {value=//div[@id=&apos;c_articlelist_stories_2&apos;]/ul[1]/li/span[1]/a, using=xpath}] Result: [id: 0.08558070645241611-1, id: 0.08558070645241611-2, id: 0.08558070645241611-3, id: 0.08558070645241611-4, id: 0.08558070645241611-5, id: 0.08558070645241611-6, id: 0.08558070645241611-7, id: 0.08558070645241611-8, id: 0.08558070645241611-9, id: 0.08558070645241611-10, id: 0.08558070645241611-11, id: 0.08558070645241611-12, id: 0.08558070645241611-13, id: 0.08558070645241611-14, id: 0.08558070645241611-15, id: 0.08558070645241611-16, id: 0.08558070645241611-17, id: 0.08558070645241611-18, id: 0.08558070645241611-19, id: 0.08558070645241611-20, id: 0.08558070645241611-21, id: 0.08558070645241611-22, id: 0.08558070645241611-23, id: 0.08558070645241611-24, id: 0.08558070645241611-25, id: 0.08558070645241611-26, id: 0.08558070645241611-27, id: 0.08558070645241611-28, id: 0.08558070645241611-29, id: 0.08558070645241611-30, id: 0.08558070645241611-31, id: 0.08558070645241611-32, id: 0.08558070645241611-33, id: 0.08558070645241611-34, id: 0.08558070645241611-35, id: 0.08558070645241611-36, id: 0.08558070645241611-37, id: 0.08558070645241611-38, id: 0.08558070645241611-39, id: 0.08558070645241611-40, id: 0.08558070645241611-41, id: 0.08558070645241611-42, id: 0.08558070645241611-43, id: 0.08558070645241611-44, id: 0.08558070645241611-45, id: 0.08558070645241611-46, id: 0.08558070645241611-47, id: 0.08558070645241611-48, id: 0.08558070645241611-49, id: 0.08558070645241611-50, id: 0.08558070645241611-51, id: 0.08558070645241611-52, id: 0.08558070645241611-53, id: 0.08558070645241611-54, id: 0.08558070645241611-55, id: 0.08558070645241611-56, id: 0.08558070645241611-57, id: 0.08558070645241611-58, id: 0.08558070645241611-59, id: 0.08558070645241611-60, id: 0.08558070645241611-61, id: 0.08558070645241611-62, id: 0.08558070645241611-63, id: 0.08558070645241611-64, id: 0.08558070645241611-65, id: 0.08558070645241611-66, id: 0.08558070645241611-67, id: 0.08558070645241611-68, id: 0.08558070645241611-69, id: 0.08558070645241611-70, id: 0.08558070645241611-71, id: 0.08558070645241611-72, id: 0.08558070645241611-73, id: 0.08558070645241611-74, id: 0.08558070645241611-75, id: 0.08558070645241611-76, id: 0.08558070645241611-77, id: 0.08558070645241611-78, id: 0.08558070645241611-79, id: 0.08558070645241611-80, id: 0.08558070645241611-81, id: 0.08558070645241611-82, id: 0.08558070645241611-83, id: 0.08558070645241611-84, id: 0.08558070645241611-85, id: 0.08558070645241611-86, id: 0.08558070645241611-87, id: 0.08558070645241611-88, id: 0.08558070645241611-89, id: 0.08558070645241611-90, id: 0.08558070645241611-91, id: 0.08558070645241611-92, id: 0.08558070645241611-93, id: 0.08558070645241611-94, id: 0.08558070645241611-95, id: 0.08558070645241611-96]
[WebDriverCommandLogger] - Executing findElements parameters: {&quot;using&quot;:&quot;xpath&quot;,&quot;value&quot;:&quot;//div[@id=&apos;c_articlelist_stories_2&apos;]/ul[1]/li/span[1]/a&quot;}
[WebDriverCommandLogger] - command: findElements[ param-1: {value=//div[@id=&apos;c_articlelist_stories_2&apos;]/ul[1]/li/span[1]/a, using=xpath}] Result: [id: 0.08558070645241611-1, id: 0.08558070645241611-2, id: 0.08558070645241611-3, id: 0.08558070645241611-4, id: 0.08558070645241611-5, id: 0.08558070645241611-6, id: 0.08558070645241611-7, id: 0.08558070645241611-8, id: 0.08558070645241611-9, id: 0.08558070645241611-10, id: 0.08558070645241611-11, id: 0.08558070645241611-12, id: 0.08558070645241611-13, id: 0.08558070645241611-14, id: 0.08558070645241611-15, id: 0.08558070645241611-16, id: 0.08558070645241611-17, id: 0.08558070645241611-18, id: 0.08558070645241611-19, id: 0.08558070645241611-20, id: 0.08558070645241611-21, id: 0.08558070645241611-22, id: 0.08558070645241611-23, id: 0.08558070645241611-24, id: 0.08558070645241611-25, id: 0.08558070645241611-26, id: 0.08558070645241611-27, id: 0.08558070645241611-28, id: 0.08558070645241611-29, id: 0.08558070645241611-30, id: 0.08558070645241611-31, id: 0.08558070645241611-32, id: 0.08558070645241611-33, id: 0.08558070645241611-34, id: 0.08558070645241611-35, id: 0.08558070645241611-36, id: 0.08558070645241611-37, id: 0.08558070645241611-38, id: 0.08558070645241611-39, id: 0.08558070645241611-40, id: 0.08558070645241611-41, id: 0.08558070645241611-42, id: 0.08558070645241611-43, id: 0.08558070645241611-44, id: 0.08558070645241611-45, id: 0.08558070645241611-46, id: 0.08558070645241611-47, id: 0.08558070645241611-48, id: 0.08558070645241611-49, id: 0.08558070645241611-50, id: 0.08558070645241611-51, id: 0.08558070645241611-52, id: 0.08558070645241611-53, id: 0.08558070645241611-54, id: 0.08558070645241611-55, id: 0.08558070645241611-56, id: 0.08558070645241611-57, id: 0.08558070645241611-58, id: 0.08558070645241611-59, id: 0.08558070645241611-60, id: 0.08558070645241611-61, id: 0.08558070645241611-62, id: 0.08558070645241611-63, id: 0.08558070645241611-64, id: 0.08558070645241611-65, id: 0.08558070645241611-66, id: 0.08558070645241611-67, id: 0.08558070645241611-68, id: 0.08558070645241611-69, id: 0.08558070645241611-70, id: 0.08558070645241611-71, id: 0.08558070645241611-72, id: 0.08558070645241611-73, id: 0.08558070645241611-74, id: 0.08558070645241611-75, id: 0.08558070645241611-76, id: 0.08558070645241611-77, id: 0.08558070645241611-78, id: 0.08558070645241611-79, id: 0.08558070645241611-80, id: 0.08558070645241611-81, id: 0.08558070645241611-82, id: 0.08558070645241611-83, id: 0.08558070645241611-84, id: 0.08558070645241611-85, id: 0.08558070645241611-86, id: 0.08558070645241611-87, id: 0.08558070645241611-88, id: 0.08558070645241611-89, id: 0.08558070645241611-90, id: 0.08558070645241611-91, id: 0.08558070645241611-92, id: 0.08558070645241611-93, id: 0.08558070645241611-94, id: 0.08558070645241611-95, id: 0.08558070645241611-96]
[WebDriverCommandLogger] - Executing getElementText element: By.xpath: //div[@id=&apos;c_articlelist_stories_2&apos;]/ul[1]/li/span[1]/a parameters: {&quot;id&quot;:&quot;0.08558070645241611-63&quot;}
[WebDriverCommandLogger] - command: getElementText[ param-1: By.xpath: //div[@id=&apos;c_articlelist_stories_2&apos;]/ul[1]/li/span[1]/a param-2: {&quot;id&quot;:&quot;0.08558070645241611-63&quot;}] Result: getElementText:After Pune, more stations to get baby-feeding rooms
[WebDriverCommandLogger] - Executing findElements parameters: {&quot;using&quot;:&quot;xpath&quot;,&quot;value&quot;:&quot;//div[@id=&apos;c_articlelist_stories_2&apos;]/ul[1]/li/span[2]/span[2]&quot;}
[WebDriverCommandLogger] - command: findElements[ param-1: {value=//div[@id=&apos;c_articlelist_stories_2&apos;]/ul[1]/li/span[2]/span[2], using=xpath}] Result: [id: 0.08558070645241611-97, id: 0.08558070645241611-98, id: 0.08558070645241611-99, id: 0.08558070645241611-100, id: 0.08558070645241611-101, id: 0.08558070645241611-102, id: 0.08558070645241611-103, id: 0.08558070645241611-104, id: 0.08558070645241611-105, id: 0.08558070645241611-106, id: 0.08558070645241611-107, id: 0.08558070645241611-108, id: 0.08558070645241611-109, id: 0.08558070645241611-110, id: 0.08558070645241611-111, id: 0.08558070645241611-112, id: 0.08558070645241611-113, id: 0.08558070645241611-114, id: 0.08558070645241611-115, id: 0.08558070645241611-116, id: 0.08558070645241611-117, id: 0.08558070645241611-118, id: 0.08558070645241611-119, id: 0.08558070645241611-120, id: 0.08558070645241611-121, id: 0.08558070645241611-122, id: 0.08558070645241611-123, id: 0.08558070645241611-124, id: 0.08558070645241611-125, id: 0.08558070645241611-126, id: 0.08558070645241611-127, id: 0.08558070645241611-128, id: 0.08558070645241611-129, id: 0.08558070645241611-130, id: 0.08558070645241611-131, id: 0.08558070645241611-132, id: 0.08558070645241611-133, id: 0.08558070645241611-134, id: 0.08558070645241611-135, id: 0.08558070645241611-136, id: 0.08558070645241611-137, id: 0.08558070645241611-138, id: 0.08558070645241611-139, id: 0.08558070645241611-140, id: 0.08558070645241611-141, id: 0.08558070645241611-142, id: 0.08558070645241611-143, id: 0.08558070645241611-144, id: 0.08558070645241611-145, id: 0.08558070645241611-146, id: 0.08558070645241611-147, id: 0.08558070645241611-148, id: 0.08558070645241611-149, id: 0.08558070645241611-150, id: 0.08558070645241611-151, id: 0.08558070645241611-152, id: 0.08558070645241611-153, id: 0.08558070645241611-154, id: 0.08558070645241611-155, id: 0.08558070645241611-156, id: 0.08558070645241611-157, id: 0.08558070645241611-158, id: 0.08558070645241611-159, id: 0.08558070645241611-160, id: 0.08558070645241611-161, id: 0.08558070645241611-162, id: 0.08558070645241611-163, id: 0.08558070645241611-164, id: 0.08558070645241611-165, id: 0.08558070645241611-166, id: 0.08558070645241611-167, id: 0.08558070645241611-168, id: 0.08558070645241611-169, id: 0.08558070645241611-170, id: 0.08558070645241611-171, id: 0.08558070645241611-172, id: 0.08558070645241611-173, id: 0.08558070645241611-174, id: 0.08558070645241611-175, id: 0.08558070645241611-176, id: 0.08558070645241611-177, id: 0.08558070645241611-178, id: 0.08558070645241611-179, id: 0.08558070645241611-180, id: 0.08558070645241611-181, id: 0.08558070645241611-182, id: 0.08558070645241611-183, id: 0.08558070645241611-184, id: 0.08558070645241611-185, id: 0.08558070645241611-186, id: 0.08558070645241611-187, id: 0.08558070645241611-188, id: 0.08558070645241611-189, id: 0.08558070645241611-190, id: 0.08558070645241611-191, id: 0.08558070645241611-192]
[WebDriverCommandLogger] - Executing getElementText element: By.xpath: //div[@id=&apos;c_articlelist_stories_2&apos;]/ul[1]/li/span[2]/span[2] parameters: {&quot;id&quot;:&quot;0.08558070645241611-159&quot;}
[WebDriverCommandLogger] - command: getElementText[ param-1: By.xpath: //div[@id=&apos;c_articlelist_stories_2&apos;]/ul[1]/li/span[2]/span[2] param-2: {&quot;id&quot;:&quot;0.08558070645241611-159&quot;}] Result: getElementText:2 DAYS AGO
[WebDriverCommandLogger] - Executing findElements parameters: {&quot;using&quot;:&quot;xpath&quot;,&quot;value&quot;:&quot;//div[@id=&apos;c_articlelist_stories_2&apos;]/ul[1]/li/span[1]/a&quot;}
[WebDriverCommandLogger] - command: findElements[ param-1: {value=//div[@id=&apos;c_articlelist_stories_2&apos;]/ul[1]/li/span[1]/a, using=xpath}] Result: [id: 0.08558070645241611-1, id: 0.08558070645241611-2, id: 0.08558070645241611-3, id: 0.08558070645241611-4, id: 0.08558070645241611-5, id: 0.08558070645241611-6, id: 0.08558070645241611-7, id: 0.08558070645241611-8, id: 0.08558070645241611-9, id: 0.08558070645241611-10, id: 0.08558070645241611-11, id: 0.08558070645241611-12, id: 0.08558070645241611-13, id: 0.08558070645241611-14, id: 0.08558070645241611-15, id: 0.08558070645241611-16, id: 0.08558070645241611-17, id: 0.08558070645241611-18, id: 0.08558070645241611-19, id: 0.08558070645241611-20, id: 0.08558070645241611-21, id: 0.08558070645241611-22, id: 0.08558070645241611-23, id: 0.08558070645241611-24, id: 0.08558070645241611-25, id: 0.08558070645241611-26, id: 0.08558070645241611-27, id: 0.08558070645241611-28, id: 0.08558070645241611-29, id: 0.08558070645241611-30, id: 0.08558070645241611-31, id: 0.08558070645241611-32, id: 0.08558070645241611-33, id: 0.08558070645241611-34, id: 0.08558070645241611-35, id: 0.08558070645241611-36, id: 0.08558070645241611-37, id: 0.08558070645241611-38, id: 0.08558070645241611-39, id: 0.08558070645241611-40, id: 0.08558070645241611-41, id: 0.08558070645241611-42, id: 0.08558070645241611-43, id: 0.08558070645241611-44, id: 0.08558070645241611-45, id: 0.08558070645241611-46, id: 0.08558070645241611-47, id: 0.08558070645241611-48, id: 0.08558070645241611-49, id: 0.08558070645241611-50, id: 0.08558070645241611-51, id: 0.08558070645241611-52, id: 0.08558070645241611-53, id: 0.08558070645241611-54, id: 0.08558070645241611-55, id: 0.08558070645241611-56, id: 0.08558070645241611-57, id: 0.08558070645241611-58, id: 0.08558070645241611-59, id: 0.08558070645241611-60, id: 0.08558070645241611-61, id: 0.08558070645241611-62, id: 0.08558070645241611-63, id: 0.08558070645241611-64, id: 0.08558070645241611-65, id: 0.08558070645241611-66, id: 0.08558070645241611-67, id: 0.08558070645241611-68, id: 0.08558070645241611-69, id: 0.08558070645241611-70, id: 0.08558070645241611-71, id: 0.08558070645241611-72, id: 0.08558070645241611-73, id: 0.08558070645241611-74, id: 0.08558070645241611-75, id: 0.08558070645241611-76, id: 0.08558070645241611-77, id: 0.08558070645241611-78, id: 0.08558070645241611-79, id: 0.08558070645241611-80, id: 0.08558070645241611-81, id: 0.08558070645241611-82, id: 0.08558070645241611-83, id: 0.08558070645241611-84, id: 0.08558070645241611-85, id: 0.08558070645241611-86, id: 0.08558070645241611-87, id: 0.08558070645241611-88, id: 0.08558070645241611-89, id: 0.08558070645241611-90, id: 0.08558070645241611-91, id: 0.08558070645241611-92, id: 0.08558070645241611-93, id: 0.08558070645241611-94, id: 0.08558070645241611-95, id: 0.08558070645241611-96]
[WebDriverCommandLogger] - Executing findElements parameters: {&quot;using&quot;:&quot;xpath&quot;,&quot;value&quot;:&quot;//div[@id=&apos;c_articlelist_stories_2&apos;]/ul[1]/li/span[1]/a&quot;}
[WebDriverCommandLogger] - command: findElements[ param-1: {value=//div[@id=&apos;c_articlelist_stories_2&apos;]/ul[1]/li/span[1]/a, using=xpath}] Result: [id: 0.08558070645241611-1, id: 0.08558070645241611-2, id: 0.08558070645241611-3, id: 0.08558070645241611-4, id: 0.08558070645241611-5, id: 0.08558070645241611-6, id: 0.08558070645241611-7, id: 0.08558070645241611-8, id: 0.08558070645241611-9, id: 0.08558070645241611-10, id: 0.08558070645241611-11, id: 0.08558070645241611-12, id: 0.08558070645241611-13, id: 0.08558070645241611-14, id: 0.08558070645241611-15, id: 0.08558070645241611-16, id: 0.08558070645241611-17, id: 0.08558070645241611-18, id: 0.08558070645241611-19, id: 0.08558070645241611-20, id: 0.08558070645241611-21, id: 0.08558070645241611-22, id: 0.08558070645241611-23, id: 0.08558070645241611-24, id: 0.08558070645241611-25, id: 0.08558070645241611-26, id: 0.08558070645241611-27, id: 0.08558070645241611-28, id: 0.08558070645241611-29, id: 0.08558070645241611-30, id: 0.08558070645241611-31, id: 0.08558070645241611-32, id: 0.08558070645241611-33, id: 0.08558070645241611-34, id: 0.08558070645241611-35, id: 0.08558070645241611-36, id: 0.08558070645241611-37, id: 0.08558070645241611-38, id: 0.08558070645241611-39, id: 0.08558070645241611-40, id: 0.08558070645241611-41, id: 0.08558070645241611-42, id: 0.08558070645241611-43, id: 0.08558070645241611-44, id: 0.08558070645241611-45, id: 0.08558070645241611-46, id: 0.08558070645241611-47, id: 0.08558070645241611-48, id: 0.08558070645241611-49, id: 0.08558070645241611-50, id: 0.08558070645241611-51, id: 0.08558070645241611-52, id: 0.08558070645241611-53, id: 0.08558070645241611-54, id: 0.08558070645241611-55, id: 0.08558070645241611-56, id: 0.08558070645241611-57, id: 0.08558070645241611-58, id: 0.08558070645241611-59, id: 0.08558070645241611-60, id: 0.08558070645241611-61, id: 0.08558070645241611-62, id: 0.08558070645241611-63, id: 0.08558070645241611-64, id: 0.08558070645241611-65, id: 0.08558070645241611-66, id: 0.08558070645241611-67, id: 0.08558070645241611-68, id: 0.08558070645241611-69, id: 0.08558070645241611-70, id: 0.08558070645241611-71, id: 0.08558070645241611-72, id: 0.08558070645241611-73, id: 0.08558070645241611-74, id: 0.08558070645241611-75, id: 0.08558070645241611-76, id: 0.08558070645241611-77, id: 0.08558070645241611-78, id: 0.08558070645241611-79, id: 0.08558070645241611-80, id: 0.08558070645241611-81, id: 0.08558070645241611-82, id: 0.08558070645241611-83, id: 0.08558070645241611-84, id: 0.08558070645241611-85, id: 0.08558070645241611-86, id: 0.08558070645241611-87, id: 0.08558070645241611-88, id: 0.08558070645241611-89, id: 0.08558070645241611-90, id: 0.08558070645241611-91, id: 0.08558070645241611-92, id: 0.08558070645241611-93, id: 0.08558070645241611-94, id: 0.08558070645241611-95, id: 0.08558070645241611-96]
[WebDriverCommandLogger] - Executing getElementText element: By.xpath: //div[@id=&apos;c_articlelist_stories_2&apos;]/ul[1]/li/span[1]/a parameters: {&quot;id&quot;:&quot;0.08558070645241611-64&quot;}
[WebDriverCommandLogger] - command: getElementText[ param-1: By.xpath: //div[@id=&apos;c_articlelist_stories_2&apos;]/ul[1]/li/span[1]/a param-2: {&quot;id&quot;:&quot;0.08558070645241611-64&quot;}] Result: getElementText:Man gets 1-year jail for sexual harassment
[WebDriverCommandLogger] - Executing findElements parameters: {&quot;using&quot;:&quot;xpath&quot;,&quot;value&quot;:&quot;//div[@id=&apos;c_articlelist_stories_2&apos;]/ul[1]/li/span[2]/span[2]&quot;}
[WebDriverCommandLogger] - command: findElements[ param-1: {value=//div[@id=&apos;c_articlelist_stories_2&apos;]/ul[1]/li/span[2]/span[2], using=xpath}] Result: [id: 0.08558070645241611-97, id: 0.08558070645241611-98, id: 0.08558070645241611-99, id: 0.08558070645241611-100, id: 0.08558070645241611-101, id: 0.08558070645241611-102, id: 0.08558070645241611-103, id: 0.08558070645241611-104, id: 0.08558070645241611-105, id: 0.08558070645241611-106, id: 0.08558070645241611-107, id: 0.08558070645241611-108, id: 0.08558070645241611-109, id: 0.08558070645241611-110, id: 0.08558070645241611-111, id: 0.08558070645241611-112, id: 0.08558070645241611-113, id: 0.08558070645241611-114, id: 0.08558070645241611-115, id: 0.08558070645241611-116, id: 0.08558070645241611-117, id: 0.08558070645241611-118, id: 0.08558070645241611-119, id: 0.08558070645241611-120, id: 0.08558070645241611-121, id: 0.08558070645241611-122, id: 0.08558070645241611-123, id: 0.08558070645241611-124, id: 0.08558070645241611-125, id: 0.08558070645241611-126, id: 0.08558070645241611-127, id: 0.08558070645241611-128, id: 0.08558070645241611-129, id: 0.08558070645241611-130, id: 0.08558070645241611-131, id: 0.08558070645241611-132, id: 0.08558070645241611-133, id: 0.08558070645241611-134, id: 0.08558070645241611-135, id: 0.08558070645241611-136, id: 0.08558070645241611-137, id: 0.08558070645241611-138, id: 0.08558070645241611-139, id: 0.08558070645241611-140, id: 0.08558070645241611-141, id: 0.08558070645241611-142, id: 0.08558070645241611-143, id: 0.08558070645241611-144, id: 0.08558070645241611-145, id: 0.08558070645241611-146, id: 0.08558070645241611-147, id: 0.08558070645241611-148, id: 0.08558070645241611-149, id: 0.08558070645241611-150, id: 0.08558070645241611-151, id: 0.08558070645241611-152, id: 0.08558070645241611-153, id: 0.08558070645241611-154, id: 0.08558070645241611-155, id: 0.08558070645241611-156, id: 0.08558070645241611-157, id: 0.08558070645241611-158, id: 0.08558070645241611-159, id: 0.08558070645241611-160, id: 0.08558070645241611-161, id: 0.08558070645241611-162, id: 0.08558070645241611-163, id: 0.08558070645241611-164, id: 0.08558070645241611-165, id: 0.08558070645241611-166, id: 0.08558070645241611-167, id: 0.08558070645241611-168, id: 0.08558070645241611-169, id: 0.08558070645241611-170, id: 0.08558070645241611-171, id: 0.08558070645241611-172, id: 0.08558070645241611-173, id: 0.08558070645241611-174, id: 0.08558070645241611-175, id: 0.08558070645241611-176, id: 0.08558070645241611-177, id: 0.08558070645241611-178, id: 0.08558070645241611-179, id: 0.08558070645241611-180, id: 0.08558070645241611-181, id: 0.08558070645241611-182, id: 0.08558070645241611-183, id: 0.08558070645241611-184, id: 0.08558070645241611-185, id: 0.08558070645241611-186, id: 0.08558070645241611-187, id: 0.08558070645241611-188, id: 0.08558070645241611-189, id: 0.08558070645241611-190, id: 0.08558070645241611-191, id: 0.08558070645241611-192]
[WebDriverCommandLogger] - Executing getElementText element: By.xpath: //div[@id=&apos;c_articlelist_stories_2&apos;]/ul[1]/li/span[2]/span[2] parameters: {&quot;id&quot;:&quot;0.08558070645241611-160&quot;}
[WebDriverCommandLogger] - command: getElementText[ param-1: By.xpath: //div[@id=&apos;c_articlelist_stories_2&apos;]/ul[1]/li/span[2]/span[2] param-2: {&quot;id&quot;:&quot;0.08558070645241611-160&quot;}] Result: getElementText:2 DAYS AGO
[WebDriverCommandLogger] - Executing findElements parameters: {&quot;using&quot;:&quot;xpath&quot;,&quot;value&quot;:&quot;//div[@id=&apos;c_articlelist_stories_2&apos;]/ul[1]/li/span[1]/a&quot;}
[WebDriverCommandLogger] - command: findElements[ param-1: {value=//div[@id=&apos;c_articlelist_stories_2&apos;]/ul[1]/li/span[1]/a, using=xpath}] Result: [id: 0.08558070645241611-1, id: 0.08558070645241611-2, id: 0.08558070645241611-3, id: 0.08558070645241611-4, id: 0.08558070645241611-5, id: 0.08558070645241611-6, id: 0.08558070645241611-7, id: 0.08558070645241611-8, id: 0.08558070645241611-9, id: 0.08558070645241611-10, id: 0.08558070645241611-11, id: 0.08558070645241611-12, id: 0.08558070645241611-13, id: 0.08558070645241611-14, id: 0.08558070645241611-15, id: 0.08558070645241611-16, id: 0.08558070645241611-17, id: 0.08558070645241611-18, id: 0.08558070645241611-19, id: 0.08558070645241611-20, id: 0.08558070645241611-21, id: 0.08558070645241611-22, id: 0.08558070645241611-23, id: 0.08558070645241611-24, id: 0.08558070645241611-25, id: 0.08558070645241611-26, id: 0.08558070645241611-27, id: 0.08558070645241611-28, id: 0.08558070645241611-29, id: 0.08558070645241611-30, id: 0.08558070645241611-31, id: 0.08558070645241611-32, id: 0.08558070645241611-33, id: 0.08558070645241611-34, id: 0.08558070645241611-35, id: 0.08558070645241611-36, id: 0.08558070645241611-37, id: 0.08558070645241611-38, id: 0.08558070645241611-39, id: 0.08558070645241611-40, id: 0.08558070645241611-41, id: 0.08558070645241611-42, id: 0.08558070645241611-43, id: 0.08558070645241611-44, id: 0.08558070645241611-45, id: 0.08558070645241611-46, id: 0.08558070645241611-47, id: 0.08558070645241611-48, id: 0.08558070645241611-49, id: 0.08558070645241611-50, id: 0.08558070645241611-51, id: 0.08558070645241611-52, id: 0.08558070645241611-53, id: 0.08558070645241611-54, id: 0.08558070645241611-55, id: 0.08558070645241611-56, id: 0.08558070645241611-57, id: 0.08558070645241611-58, id: 0.08558070645241611-59, id: 0.08558070645241611-60, id: 0.08558070645241611-61, id: 0.08558070645241611-62, id: 0.08558070645241611-63, id: 0.08558070645241611-64, id: 0.08558070645241611-65, id: 0.08558070645241611-66, id: 0.08558070645241611-67, id: 0.08558070645241611-68, id: 0.08558070645241611-69, id: 0.08558070645241611-70, id: 0.08558070645241611-71, id: 0.08558070645241611-72, id: 0.08558070645241611-73, id: 0.08558070645241611-74, id: 0.08558070645241611-75, id: 0.08558070645241611-76, id: 0.08558070645241611-77, id: 0.08558070645241611-78, id: 0.08558070645241611-79, id: 0.08558070645241611-80, id: 0.08558070645241611-81, id: 0.08558070645241611-82, id: 0.08558070645241611-83, id: 0.08558070645241611-84, id: 0.08558070645241611-85, id: 0.08558070645241611-86, id: 0.08558070645241611-87, id: 0.08558070645241611-88, id: 0.08558070645241611-89, id: 0.08558070645241611-90, id: 0.08558070645241611-91, id: 0.08558070645241611-92, id: 0.08558070645241611-93, id: 0.08558070645241611-94, id: 0.08558070645241611-95, id: 0.08558070645241611-96]
[WebDriverCommandLogger] - Executing findElements parameters: {&quot;using&quot;:&quot;xpath&quot;,&quot;value&quot;:&quot;//div[@id=&apos;c_articlelist_stories_2&apos;]/ul[1]/li/span[1]/a&quot;}
[WebDriverCommandLogger] - command: findElements[ param-1: {value=//div[@id=&apos;c_articlelist_stories_2&apos;]/ul[1]/li/span[1]/a, using=xpath}] Result: [id: 0.08558070645241611-1, id: 0.08558070645241611-2, id: 0.08558070645241611-3, id: 0.08558070645241611-4, id: 0.08558070645241611-5, id: 0.08558070645241611-6, id: 0.08558070645241611-7, id: 0.08558070645241611-8, id: 0.08558070645241611-9, id: 0.08558070645241611-10, id: 0.08558070645241611-11, id: 0.08558070645241611-12, id: 0.08558070645241611-13, id: 0.08558070645241611-14, id: 0.08558070645241611-15, id: 0.08558070645241611-16, id: 0.08558070645241611-17, id: 0.08558070645241611-18, id: 0.08558070645241611-19, id: 0.08558070645241611-20, id: 0.08558070645241611-21, id: 0.08558070645241611-22, id: 0.08558070645241611-23, id: 0.08558070645241611-24, id: 0.08558070645241611-25, id: 0.08558070645241611-26, id: 0.08558070645241611-27, id: 0.08558070645241611-28, id: 0.08558070645241611-29, id: 0.08558070645241611-30, id: 0.08558070645241611-31, id: 0.08558070645241611-32, id: 0.08558070645241611-33, id: 0.08558070645241611-34, id: 0.08558070645241611-35, id: 0.08558070645241611-36, id: 0.08558070645241611-37, id: 0.08558070645241611-38, id: 0.08558070645241611-39, id: 0.08558070645241611-40, id: 0.08558070645241611-41, id: 0.08558070645241611-42, id: 0.08558070645241611-43, id: 0.08558070645241611-44, id: 0.08558070645241611-45, id: 0.08558070645241611-46, id: 0.08558070645241611-47, id: 0.08558070645241611-48, id: 0.08558070645241611-49, id: 0.08558070645241611-50, id: 0.08558070645241611-51, id: 0.08558070645241611-52, id: 0.08558070645241611-53, id: 0.08558070645241611-54, id: 0.08558070645241611-55, id: 0.08558070645241611-56, id: 0.08558070645241611-57, id: 0.08558070645241611-58, id: 0.08558070645241611-59, id: 0.08558070645241611-60, id: 0.08558070645241611-61, id: 0.08558070645241611-62, id: 0.08558070645241611-63, id: 0.08558070645241611-64, id: 0.08558070645241611-65, id: 0.08558070645241611-66, id: 0.08558070645241611-67, id: 0.08558070645241611-68, id: 0.08558070645241611-69, id: 0.08558070645241611-70, id: 0.08558070645241611-71, id: 0.08558070645241611-72, id: 0.08558070645241611-73, id: 0.08558070645241611-74, id: 0.08558070645241611-75, id: 0.08558070645241611-76, id: 0.08558070645241611-77, id: 0.08558070645241611-78, id: 0.08558070645241611-79, id: 0.08558070645241611-80, id: 0.08558070645241611-81, id: 0.08558070645241611-82, id: 0.08558070645241611-83, id: 0.08558070645241611-84, id: 0.08558070645241611-85, id: 0.08558070645241611-86, id: 0.08558070645241611-87, id: 0.08558070645241611-88, id: 0.08558070645241611-89, id: 0.08558070645241611-90, id: 0.08558070645241611-91, id: 0.08558070645241611-92, id: 0.08558070645241611-93, id: 0.08558070645241611-94, id: 0.08558070645241611-95, id: 0.08558070645241611-96]
[WebDriverCommandLogger] - Executing getElementText element: By.xpath: //div[@id=&apos;c_articlelist_stories_2&apos;]/ul[1]/li/span[1]/a parameters: {&quot;id&quot;:&quot;0.08558070645241611-65&quot;}
[WebDriverCommandLogger] - command: getElementText[ param-1: By.xpath: //div[@id=&apos;c_articlelist_stories_2&apos;]/ul[1]/li/span[1]/a param-2: {&quot;id&quot;:&quot;0.08558070645241611-65&quot;}] Result: getElementText:Applications double for 1.33 lakh ITI seats this year
[WebDriverCommandLogger] - Executing findElements parameters: {&quot;using&quot;:&quot;xpath&quot;,&quot;value&quot;:&quot;//div[@id=&apos;c_articlelist_stories_2&apos;]/ul[1]/li/span[2]/span[2]&quot;}
[WebDriverCommandLogger] - command: findElements[ param-1: {value=//div[@id=&apos;c_articlelist_stories_2&apos;]/ul[1]/li/span[2]/span[2], using=xpath}] Result: [id: 0.08558070645241611-97, id: 0.08558070645241611-98, id: 0.08558070645241611-99, id: 0.08558070645241611-100, id: 0.08558070645241611-101, id: 0.08558070645241611-102, id: 0.08558070645241611-103, id: 0.08558070645241611-104, id: 0.08558070645241611-105, id: 0.08558070645241611-106, id: 0.08558070645241611-107, id: 0.08558070645241611-108, id: 0.08558070645241611-109, id: 0.08558070645241611-110, id: 0.08558070645241611-111, id: 0.08558070645241611-112, id: 0.08558070645241611-113, id: 0.08558070645241611-114, id: 0.08558070645241611-115, id: 0.08558070645241611-116, id: 0.08558070645241611-117, id: 0.08558070645241611-118, id: 0.08558070645241611-119, id: 0.08558070645241611-120, id: 0.08558070645241611-121, id: 0.08558070645241611-122, id: 0.08558070645241611-123, id: 0.08558070645241611-124, id: 0.08558070645241611-125, id: 0.08558070645241611-126, id: 0.08558070645241611-127, id: 0.08558070645241611-128, id: 0.08558070645241611-129, id: 0.08558070645241611-130, id: 0.08558070645241611-131, id: 0.08558070645241611-132, id: 0.08558070645241611-133, id: 0.08558070645241611-134, id: 0.08558070645241611-135, id: 0.08558070645241611-136, id: 0.08558070645241611-137, id: 0.08558070645241611-138, id: 0.08558070645241611-139, id: 0.08558070645241611-140, id: 0.08558070645241611-141, id: 0.08558070645241611-142, id: 0.08558070645241611-143, id: 0.08558070645241611-144, id: 0.08558070645241611-145, id: 0.08558070645241611-146, id: 0.08558070645241611-147, id: 0.08558070645241611-148, id: 0.08558070645241611-149, id: 0.08558070645241611-150, id: 0.08558070645241611-151, id: 0.08558070645241611-152, id: 0.08558070645241611-153, id: 0.08558070645241611-154, id: 0.08558070645241611-155, id: 0.08558070645241611-156, id: 0.08558070645241611-157, id: 0.08558070645241611-158, id: 0.08558070645241611-159, id: 0.08558070645241611-160, id: 0.08558070645241611-161, id: 0.08558070645241611-162, id: 0.08558070645241611-163, id: 0.08558070645241611-164, id: 0.08558070645241611-165, id: 0.08558070645241611-166, id: 0.08558070645241611-167, id: 0.08558070645241611-168, id: 0.08558070645241611-169, id: 0.08558070645241611-170, id: 0.08558070645241611-171, id: 0.08558070645241611-172, id: 0.08558070645241611-173, id: 0.08558070645241611-174, id: 0.08558070645241611-175, id: 0.08558070645241611-176, id: 0.08558070645241611-177, id: 0.08558070645241611-178, id: 0.08558070645241611-179, id: 0.08558070645241611-180, id: 0.08558070645241611-181, id: 0.08558070645241611-182, id: 0.08558070645241611-183, id: 0.08558070645241611-184, id: 0.08558070645241611-185, id: 0.08558070645241611-186, id: 0.08558070645241611-187, id: 0.08558070645241611-188, id: 0.08558070645241611-189, id: 0.08558070645241611-190, id: 0.08558070645241611-191, id: 0.08558070645241611-192]
[WebDriverCommandLogger] - Executing getElementText element: By.xpath: //div[@id=&apos;c_articlelist_stories_2&apos;]/ul[1]/li/span[2]/span[2] parameters: {&quot;id&quot;:&quot;0.08558070645241611-161&quot;}
[WebDriverCommandLogger] - command: getElementText[ param-1: By.xpath: //div[@id=&apos;c_articlelist_stories_2&apos;]/ul[1]/li/span[2]/span[2] param-2: {&quot;id&quot;:&quot;0.08558070645241611-161&quot;}] Result: getElementText:2 DAYS AGO
[WebDriverCommandLogger] - Executing findElements parameters: {&quot;using&quot;:&quot;xpath&quot;,&quot;value&quot;:&quot;//div[@id=&apos;c_articlelist_stories_2&apos;]/ul[1]/li/span[1]/a&quot;}
[WebDriverCommandLogger] - command: findElements[ param-1: {value=//div[@id=&apos;c_articlelist_stories_2&apos;]/ul[1]/li/span[1]/a, using=xpath}] Result: [id: 0.08558070645241611-1, id: 0.08558070645241611-2, id: 0.08558070645241611-3, id: 0.08558070645241611-4, id: 0.08558070645241611-5, id: 0.08558070645241611-6, id: 0.08558070645241611-7, id: 0.08558070645241611-8, id: 0.08558070645241611-9, id: 0.08558070645241611-10, id: 0.08558070645241611-11, id: 0.08558070645241611-12, id: 0.08558070645241611-13, id: 0.08558070645241611-14, id: 0.08558070645241611-15, id: 0.08558070645241611-16, id: 0.08558070645241611-17, id: 0.08558070645241611-18, id: 0.08558070645241611-19, id: 0.08558070645241611-20, id: 0.08558070645241611-21, id: 0.08558070645241611-22, id: 0.08558070645241611-23, id: 0.08558070645241611-24, id: 0.08558070645241611-25, id: 0.08558070645241611-26, id: 0.08558070645241611-27, id: 0.08558070645241611-28, id: 0.08558070645241611-29, id: 0.08558070645241611-30, id: 0.08558070645241611-31, id: 0.08558070645241611-32, id: 0.08558070645241611-33, id: 0.08558070645241611-34, id: 0.08558070645241611-35, id: 0.08558070645241611-36, id: 0.08558070645241611-37, id: 0.08558070645241611-38, id: 0.08558070645241611-39, id: 0.08558070645241611-40, id: 0.08558070645241611-41, id: 0.08558070645241611-42, id: 0.08558070645241611-43, id: 0.08558070645241611-44, id: 0.08558070645241611-45, id: 0.08558070645241611-46, id: 0.08558070645241611-47, id: 0.08558070645241611-48, id: 0.08558070645241611-49, id: 0.08558070645241611-50, id: 0.08558070645241611-51, id: 0.08558070645241611-52, id: 0.08558070645241611-53, id: 0.08558070645241611-54, id: 0.08558070645241611-55, id: 0.08558070645241611-56, id: 0.08558070645241611-57, id: 0.08558070645241611-58, id: 0.08558070645241611-59, id: 0.08558070645241611-60, id: 0.08558070645241611-61, id: 0.08558070645241611-62, id: 0.08558070645241611-63, id: 0.08558070645241611-64, id: 0.08558070645241611-65, id: 0.08558070645241611-66, id: 0.08558070645241611-67, id: 0.08558070645241611-68, id: 0.08558070645241611-69, id: 0.08558070645241611-70, id: 0.08558070645241611-71, id: 0.08558070645241611-72, id: 0.08558070645241611-73, id: 0.08558070645241611-74, id: 0.08558070645241611-75, id: 0.08558070645241611-76, id: 0.08558070645241611-77, id: 0.08558070645241611-78, id: 0.08558070645241611-79, id: 0.08558070645241611-80, id: 0.08558070645241611-81, id: 0.08558070645241611-82, id: 0.08558070645241611-83, id: 0.08558070645241611-84, id: 0.08558070645241611-85, id: 0.08558070645241611-86, id: 0.08558070645241611-87, id: 0.08558070645241611-88, id: 0.08558070645241611-89, id: 0.08558070645241611-90, id: 0.08558070645241611-91, id: 0.08558070645241611-92, id: 0.08558070645241611-93, id: 0.08558070645241611-94, id: 0.08558070645241611-95, id: 0.08558070645241611-96]
[WebDriverCommandLogger] - Executing findElements parameters: {&quot;using&quot;:&quot;xpath&quot;,&quot;value&quot;:&quot;//div[@id=&apos;c_articlelist_stories_2&apos;]/ul[1]/li/span[1]/a&quot;}
[WebDriverCommandLogger] - command: findElements[ param-1: {value=//div[@id=&apos;c_articlelist_stories_2&apos;]/ul[1]/li/span[1]/a, using=xpath}] Result: [id: 0.08558070645241611-1, id: 0.08558070645241611-2, id: 0.08558070645241611-3, id: 0.08558070645241611-4, id: 0.08558070645241611-5, id: 0.08558070645241611-6, id: 0.08558070645241611-7, id: 0.08558070645241611-8, id: 0.08558070645241611-9, id: 0.08558070645241611-10, id: 0.08558070645241611-11, id: 0.08558070645241611-12, id: 0.08558070645241611-13, id: 0.08558070645241611-14, id: 0.08558070645241611-15, id: 0.08558070645241611-16, id: 0.08558070645241611-17, id: 0.08558070645241611-18, id: 0.08558070645241611-19, id: 0.08558070645241611-20, id: 0.08558070645241611-21, id: 0.08558070645241611-22, id: 0.08558070645241611-23, id: 0.08558070645241611-24, id: 0.08558070645241611-25, id: 0.08558070645241611-26, id: 0.08558070645241611-27, id: 0.08558070645241611-28, id: 0.08558070645241611-29, id: 0.08558070645241611-30, id: 0.08558070645241611-31, id: 0.08558070645241611-32, id: 0.08558070645241611-33, id: 0.08558070645241611-34, id: 0.08558070645241611-35, id: 0.08558070645241611-36, id: 0.08558070645241611-37, id: 0.08558070645241611-38, id: 0.08558070645241611-39, id: 0.08558070645241611-40, id: 0.08558070645241611-41, id: 0.08558070645241611-42, id: 0.08558070645241611-43, id: 0.08558070645241611-44, id: 0.08558070645241611-45, id: 0.08558070645241611-46, id: 0.08558070645241611-47, id: 0.08558070645241611-48, id: 0.08558070645241611-49, id: 0.08558070645241611-50, id: 0.08558070645241611-51, id: 0.08558070645241611-52, id: 0.08558070645241611-53, id: 0.08558070645241611-54, id: 0.08558070645241611-55, id: 0.08558070645241611-56, id: 0.08558070645241611-57, id: 0.08558070645241611-58, id: 0.08558070645241611-59, id: 0.08558070645241611-60, id: 0.08558070645241611-61, id: 0.08558070645241611-62, id: 0.08558070645241611-63, id: 0.08558070645241611-64, id: 0.08558070645241611-65, id: 0.08558070645241611-66, id: 0.08558070645241611-67, id: 0.08558070645241611-68, id: 0.08558070645241611-69, id: 0.08558070645241611-70, id: 0.08558070645241611-71, id: 0.08558070645241611-72, id: 0.08558070645241611-73, id: 0.08558070645241611-74, id: 0.08558070645241611-75, id: 0.08558070645241611-76, id: 0.08558070645241611-77, id: 0.08558070645241611-78, id: 0.08558070645241611-79, id: 0.08558070645241611-80, id: 0.08558070645241611-81, id: 0.08558070645241611-82, id: 0.08558070645241611-83, id: 0.08558070645241611-84, id: 0.08558070645241611-85, id: 0.08558070645241611-86, id: 0.08558070645241611-87, id: 0.08558070645241611-88, id: 0.08558070645241611-89, id: 0.08558070645241611-90, id: 0.08558070645241611-91, id: 0.08558070645241611-92, id: 0.08558070645241611-93, id: 0.08558070645241611-94, id: 0.08558070645241611-95, id: 0.08558070645241611-96]
[WebDriverCommandLogger] - Executing getElementText element: By.xpath: //div[@id=&apos;c_articlelist_stories_2&apos;]/ul[1]/li/span[1]/a parameters: {&quot;id&quot;:&quot;0.08558070645241611-66&quot;}
[WebDriverCommandLogger] - command: getElementText[ param-1: By.xpath: //div[@id=&apos;c_articlelist_stories_2&apos;]/ul[1]/li/span[1]/a param-2: {&quot;id&quot;:&quot;0.08558070645241611-66&quot;}] Result: getElementText:Advanced tech to help soldiers map minefields
[WebDriverCommandLogger] - Executing findElements parameters: {&quot;using&quot;:&quot;xpath&quot;,&quot;value&quot;:&quot;//div[@id=&apos;c_articlelist_stories_2&apos;]/ul[1]/li/span[2]/span[2]&quot;}
[WebDriverCommandLogger] - command: findElements[ param-1: {value=//div[@id=&apos;c_articlelist_stories_2&apos;]/ul[1]/li/span[2]/span[2], using=xpath}] Result: [id: 0.08558070645241611-97, id: 0.08558070645241611-98, id: 0.08558070645241611-99, id: 0.08558070645241611-100, id: 0.08558070645241611-101, id: 0.08558070645241611-102, id: 0.08558070645241611-103, id: 0.08558070645241611-104, id: 0.08558070645241611-105, id: 0.08558070645241611-106, id: 0.08558070645241611-107, id: 0.08558070645241611-108, id: 0.08558070645241611-109, id: 0.08558070645241611-110, id: 0.08558070645241611-111, id: 0.08558070645241611-112, id: 0.08558070645241611-113, id: 0.08558070645241611-114, id: 0.08558070645241611-115, id: 0.08558070645241611-116, id: 0.08558070645241611-117, id: 0.08558070645241611-118, id: 0.08558070645241611-119, id: 0.08558070645241611-120, id: 0.08558070645241611-121, id: 0.08558070645241611-122, id: 0.08558070645241611-123, id: 0.08558070645241611-124, id: 0.08558070645241611-125, id: 0.08558070645241611-126, id: 0.08558070645241611-127, id: 0.08558070645241611-128, id: 0.08558070645241611-129, id: 0.08558070645241611-130, id: 0.08558070645241611-131, id: 0.08558070645241611-132, id: 0.08558070645241611-133, id: 0.08558070645241611-134, id: 0.08558070645241611-135, id: 0.08558070645241611-136, id: 0.08558070645241611-137, id: 0.08558070645241611-138, id: 0.08558070645241611-139, id: 0.08558070645241611-140, id: 0.08558070645241611-141, id: 0.08558070645241611-142, id: 0.08558070645241611-143, id: 0.08558070645241611-144, id: 0.08558070645241611-145, id: 0.08558070645241611-146, id: 0.08558070645241611-147, id: 0.08558070645241611-148, id: 0.08558070645241611-149, id: 0.08558070645241611-150, id: 0.08558070645241611-151, id: 0.08558070645241611-152, id: 0.08558070645241611-153, id: 0.08558070645241611-154, id: 0.08558070645241611-155, id: 0.08558070645241611-156, id: 0.08558070645241611-157, id: 0.08558070645241611-158, id: 0.08558070645241611-159, id: 0.08558070645241611-160, id: 0.08558070645241611-161, id: 0.08558070645241611-162, id: 0.08558070645241611-163, id: 0.08558070645241611-164, id: 0.08558070645241611-165, id: 0.08558070645241611-166, id: 0.08558070645241611-167, id: 0.08558070645241611-168, id: 0.08558070645241611-169, id: 0.08558070645241611-170, id: 0.08558070645241611-171, id: 0.08558070645241611-172, id: 0.08558070645241611-173, id: 0.08558070645241611-174, id: 0.08558070645241611-175, id: 0.08558070645241611-176, id: 0.08558070645241611-177, id: 0.08558070645241611-178, id: 0.08558070645241611-179, id: 0.08558070645241611-180, id: 0.08558070645241611-181, id: 0.08558070645241611-182, id: 0.08558070645241611-183, id: 0.08558070645241611-184, id: 0.08558070645241611-185, id: 0.08558070645241611-186, id: 0.08558070645241611-187, id: 0.08558070645241611-188, id: 0.08558070645241611-189, id: 0.08558070645241611-190, id: 0.08558070645241611-191, id: 0.08558070645241611-192]
[WebDriverCommandLogger] - Executing getElementText element: By.xpath: //div[@id=&apos;c_articlelist_stories_2&apos;]/ul[1]/li/span[2]/span[2] parameters: {&quot;id&quot;:&quot;0.08558070645241611-162&quot;}
[WebDriverCommandLogger] - command: getElementText[ param-1: By.xpath: //div[@id=&apos;c_articlelist_stories_2&apos;]/ul[1]/li/span[2]/span[2] param-2: {&quot;id&quot;:&quot;0.08558070645241611-162&quot;}] Result: getElementText:2 DAYS AGO
[WebDriverCommandLogger] - Executing findElements parameters: {&quot;using&quot;:&quot;xpath&quot;,&quot;value&quot;:&quot;//div[@id=&apos;c_articlelist_stories_2&apos;]/ul[1]/li/span[1]/a&quot;}
[WebDriverCommandLogger] - command: findElements[ param-1: {value=//div[@id=&apos;c_articlelist_stories_2&apos;]/ul[1]/li/span[1]/a, using=xpath}] Result: [id: 0.08558070645241611-1, id: 0.08558070645241611-2, id: 0.08558070645241611-3, id: 0.08558070645241611-4, id: 0.08558070645241611-5, id: 0.08558070645241611-6, id: 0.08558070645241611-7, id: 0.08558070645241611-8, id: 0.08558070645241611-9, id: 0.08558070645241611-10, id: 0.08558070645241611-11, id: 0.08558070645241611-12, id: 0.08558070645241611-13, id: 0.08558070645241611-14, id: 0.08558070645241611-15, id: 0.08558070645241611-16, id: 0.08558070645241611-17, id: 0.08558070645241611-18, id: 0.08558070645241611-19, id: 0.08558070645241611-20, id: 0.08558070645241611-21, id: 0.08558070645241611-22, id: 0.08558070645241611-23, id: 0.08558070645241611-24, id: 0.08558070645241611-25, id: 0.08558070645241611-26, id: 0.08558070645241611-27, id: 0.08558070645241611-28, id: 0.08558070645241611-29, id: 0.08558070645241611-30, id: 0.08558070645241611-31, id: 0.08558070645241611-32, id: 0.08558070645241611-33, id: 0.08558070645241611-34, id: 0.08558070645241611-35, id: 0.08558070645241611-36, id: 0.08558070645241611-37, id: 0.08558070645241611-38, id: 0.08558070645241611-39, id: 0.08558070645241611-40, id: 0.08558070645241611-41, id: 0.08558070645241611-42, id: 0.08558070645241611-43, id: 0.08558070645241611-44, id: 0.08558070645241611-45, id: 0.08558070645241611-46, id: 0.08558070645241611-47, id: 0.08558070645241611-48, id: 0.08558070645241611-49, id: 0.08558070645241611-50, id: 0.08558070645241611-51, id: 0.08558070645241611-52, id: 0.08558070645241611-53, id: 0.08558070645241611-54, id: 0.08558070645241611-55, id: 0.08558070645241611-56, id: 0.08558070645241611-57, id: 0.08558070645241611-58, id: 0.08558070645241611-59, id: 0.08558070645241611-60, id: 0.08558070645241611-61, id: 0.08558070645241611-62, id: 0.08558070645241611-63, id: 0.08558070645241611-64, id: 0.08558070645241611-65, id: 0.08558070645241611-66, id: 0.08558070645241611-67, id: 0.08558070645241611-68, id: 0.08558070645241611-69, id: 0.08558070645241611-70, id: 0.08558070645241611-71, id: 0.08558070645241611-72, id: 0.08558070645241611-73, id: 0.08558070645241611-74, id: 0.08558070645241611-75, id: 0.08558070645241611-76, id: 0.08558070645241611-77, id: 0.08558070645241611-78, id: 0.08558070645241611-79, id: 0.08558070645241611-80, id: 0.08558070645241611-81, id: 0.08558070645241611-82, id: 0.08558070645241611-83, id: 0.08558070645241611-84, id: 0.08558070645241611-85, id: 0.08558070645241611-86, id: 0.08558070645241611-87, id: 0.08558070645241611-88, id: 0.08558070645241611-89, id: 0.08558070645241611-90, id: 0.08558070645241611-91, id: 0.08558070645241611-92, id: 0.08558070645241611-93, id: 0.08558070645241611-94, id: 0.08558070645241611-95, id: 0.08558070645241611-96]
[WebDriverCommandLogger] - Executing findElements parameters: {&quot;using&quot;:&quot;xpath&quot;,&quot;value&quot;:&quot;//div[@id=&apos;c_articlelist_stories_2&apos;]/ul[1]/li/span[1]/a&quot;}
[WebDriverCommandLogger] - command: findElements[ param-1: {value=//div[@id=&apos;c_articlelist_stories_2&apos;]/ul[1]/li/span[1]/a, using=xpath}] Result: [id: 0.08558070645241611-1, id: 0.08558070645241611-2, id: 0.08558070645241611-3, id: 0.08558070645241611-4, id: 0.08558070645241611-5, id: 0.08558070645241611-6, id: 0.08558070645241611-7, id: 0.08558070645241611-8, id: 0.08558070645241611-9, id: 0.08558070645241611-10, id: 0.08558070645241611-11, id: 0.08558070645241611-12, id: 0.08558070645241611-13, id: 0.08558070645241611-14, id: 0.08558070645241611-15, id: 0.08558070645241611-16, id: 0.08558070645241611-17, id: 0.08558070645241611-18, id: 0.08558070645241611-19, id: 0.08558070645241611-20, id: 0.08558070645241611-21, id: 0.08558070645241611-22, id: 0.08558070645241611-23, id: 0.08558070645241611-24, id: 0.08558070645241611-25, id: 0.08558070645241611-26, id: 0.08558070645241611-27, id: 0.08558070645241611-28, id: 0.08558070645241611-29, id: 0.08558070645241611-30, id: 0.08558070645241611-31, id: 0.08558070645241611-32, id: 0.08558070645241611-33, id: 0.08558070645241611-34, id: 0.08558070645241611-35, id: 0.08558070645241611-36, id: 0.08558070645241611-37, id: 0.08558070645241611-38, id: 0.08558070645241611-39, id: 0.08558070645241611-40, id: 0.08558070645241611-41, id: 0.08558070645241611-42, id: 0.08558070645241611-43, id: 0.08558070645241611-44, id: 0.08558070645241611-45, id: 0.08558070645241611-46, id: 0.08558070645241611-47, id: 0.08558070645241611-48, id: 0.08558070645241611-49, id: 0.08558070645241611-50, id: 0.08558070645241611-51, id: 0.08558070645241611-52, id: 0.08558070645241611-53, id: 0.08558070645241611-54, id: 0.08558070645241611-55, id: 0.08558070645241611-56, id: 0.08558070645241611-57, id: 0.08558070645241611-58, id: 0.08558070645241611-59, id: 0.08558070645241611-60, id: 0.08558070645241611-61, id: 0.08558070645241611-62, id: 0.08558070645241611-63, id: 0.08558070645241611-64, id: 0.08558070645241611-65, id: 0.08558070645241611-66, id: 0.08558070645241611-67, id: 0.08558070645241611-68, id: 0.08558070645241611-69, id: 0.08558070645241611-70, id: 0.08558070645241611-71, id: 0.08558070645241611-72, id: 0.08558070645241611-73, id: 0.08558070645241611-74, id: 0.08558070645241611-75, id: 0.08558070645241611-76, id: 0.08558070645241611-77, id: 0.08558070645241611-78, id: 0.08558070645241611-79, id: 0.08558070645241611-80, id: 0.08558070645241611-81, id: 0.08558070645241611-82, id: 0.08558070645241611-83, id: 0.08558070645241611-84, id: 0.08558070645241611-85, id: 0.08558070645241611-86, id: 0.08558070645241611-87, id: 0.08558070645241611-88, id: 0.08558070645241611-89, id: 0.08558070645241611-90, id: 0.08558070645241611-91, id: 0.08558070645241611-92, id: 0.08558070645241611-93, id: 0.08558070645241611-94, id: 0.08558070645241611-95, id: 0.08558070645241611-96]
[WebDriverCommandLogger] - Executing getElementText element: By.xpath: //div[@id=&apos;c_articlelist_stories_2&apos;]/ul[1]/li/span[1]/a parameters: {&quot;id&quot;:&quot;0.08558070645241611-67&quot;}
[WebDriverCommandLogger] - command: getElementText[ param-1: By.xpath: //div[@id=&apos;c_articlelist_stories_2&apos;]/ul[1]/li/span[1]/a param-2: {&quot;id&quot;:&quot;0.08558070645241611-67&quot;}] Result: getElementText:New prison blueprint near overcrowded Yerawada jail
[WebDriverCommandLogger] - Executing findElements parameters: {&quot;using&quot;:&quot;xpath&quot;,&quot;value&quot;:&quot;//div[@id=&apos;c_articlelist_stories_2&apos;]/ul[1]/li/span[2]/span[2]&quot;}
[WebDriverCommandLogger] - command: findElements[ param-1: {value=//div[@id=&apos;c_articlelist_stories_2&apos;]/ul[1]/li/span[2]/span[2], using=xpath}] Result: [id: 0.08558070645241611-97, id: 0.08558070645241611-98, id: 0.08558070645241611-99, id: 0.08558070645241611-100, id: 0.08558070645241611-101, id: 0.08558070645241611-102, id: 0.08558070645241611-103, id: 0.08558070645241611-104, id: 0.08558070645241611-105, id: 0.08558070645241611-106, id: 0.08558070645241611-107, id: 0.08558070645241611-108, id: 0.08558070645241611-109, id: 0.08558070645241611-110, id: 0.08558070645241611-111, id: 0.08558070645241611-112, id: 0.08558070645241611-113, id: 0.08558070645241611-114, id: 0.08558070645241611-115, id: 0.08558070645241611-116, id: 0.08558070645241611-117, id: 0.08558070645241611-118, id: 0.08558070645241611-119, id: 0.08558070645241611-120, id: 0.08558070645241611-121, id: 0.08558070645241611-122, id: 0.08558070645241611-123, id: 0.08558070645241611-124, id: 0.08558070645241611-125, id: 0.08558070645241611-126, id: 0.08558070645241611-127, id: 0.08558070645241611-128, id: 0.08558070645241611-129, id: 0.08558070645241611-130, id: 0.08558070645241611-131, id: 0.08558070645241611-132, id: 0.08558070645241611-133, id: 0.08558070645241611-134, id: 0.08558070645241611-135, id: 0.08558070645241611-136, id: 0.08558070645241611-137, id: 0.08558070645241611-138, id: 0.08558070645241611-139, id: 0.08558070645241611-140, id: 0.08558070645241611-141, id: 0.08558070645241611-142, id: 0.08558070645241611-143, id: 0.08558070645241611-144, id: 0.08558070645241611-145, id: 0.08558070645241611-146, id: 0.08558070645241611-147, id: 0.08558070645241611-148, id: 0.08558070645241611-149, id: 0.08558070645241611-150, id: 0.08558070645241611-151, id: 0.08558070645241611-152, id: 0.08558070645241611-153, id: 0.08558070645241611-154, id: 0.08558070645241611-155, id: 0.08558070645241611-156, id: 0.08558070645241611-157, id: 0.08558070645241611-158, id: 0.08558070645241611-159, id: 0.08558070645241611-160, id: 0.08558070645241611-161, id: 0.08558070645241611-162, id: 0.08558070645241611-163, id: 0.08558070645241611-164, id: 0.08558070645241611-165, id: 0.08558070645241611-166, id: 0.08558070645241611-167, id: 0.08558070645241611-168, id: 0.08558070645241611-169, id: 0.08558070645241611-170, id: 0.08558070645241611-171, id: 0.08558070645241611-172, id: 0.08558070645241611-173, id: 0.08558070645241611-174, id: 0.08558070645241611-175, id: 0.08558070645241611-176, id: 0.08558070645241611-177, id: 0.08558070645241611-178, id: 0.08558070645241611-179, id: 0.08558070645241611-180, id: 0.08558070645241611-181, id: 0.08558070645241611-182, id: 0.08558070645241611-183, id: 0.08558070645241611-184, id: 0.08558070645241611-185, id: 0.08558070645241611-186, id: 0.08558070645241611-187, id: 0.08558070645241611-188, id: 0.08558070645241611-189, id: 0.08558070645241611-190, id: 0.08558070645241611-191, id: 0.08558070645241611-192]
[WebDriverCommandLogger] - Executing getElementText element: By.xpath: //div[@id=&apos;c_articlelist_stories_2&apos;]/ul[1]/li/span[2]/span[2] parameters: {&quot;id&quot;:&quot;0.08558070645241611-163&quot;}
[WebDriverCommandLogger] - command: getElementText[ param-1: By.xpath: //div[@id=&apos;c_articlelist_stories_2&apos;]/ul[1]/li/span[2]/span[2] param-2: {&quot;id&quot;:&quot;0.08558070645241611-163&quot;}] Result: getElementText:2 DAYS AGO
[WebDriverCommandLogger] - Executing findElements parameters: {&quot;using&quot;:&quot;xpath&quot;,&quot;value&quot;:&quot;//div[@id=&apos;c_articlelist_stories_2&apos;]/ul[1]/li/span[1]/a&quot;}
[WebDriverCommandLogger] - command: findElements[ param-1: {value=//div[@id=&apos;c_articlelist_stories_2&apos;]/ul[1]/li/span[1]/a, using=xpath}] Result: [id: 0.08558070645241611-1, id: 0.08558070645241611-2, id: 0.08558070645241611-3, id: 0.08558070645241611-4, id: 0.08558070645241611-5, id: 0.08558070645241611-6, id: 0.08558070645241611-7, id: 0.08558070645241611-8, id: 0.08558070645241611-9, id: 0.08558070645241611-10, id: 0.08558070645241611-11, id: 0.08558070645241611-12, id: 0.08558070645241611-13, id: 0.08558070645241611-14, id: 0.08558070645241611-15, id: 0.08558070645241611-16, id: 0.08558070645241611-17, id: 0.08558070645241611-18, id: 0.08558070645241611-19, id: 0.08558070645241611-20, id: 0.08558070645241611-21, id: 0.08558070645241611-22, id: 0.08558070645241611-23, id: 0.08558070645241611-24, id: 0.08558070645241611-25, id: 0.08558070645241611-26, id: 0.08558070645241611-27, id: 0.08558070645241611-28, id: 0.08558070645241611-29, id: 0.08558070645241611-30, id: 0.08558070645241611-31, id: 0.08558070645241611-32, id: 0.08558070645241611-33, id: 0.08558070645241611-34, id: 0.08558070645241611-35, id: 0.08558070645241611-36, id: 0.08558070645241611-37, id: 0.08558070645241611-38, id: 0.08558070645241611-39, id: 0.08558070645241611-40, id: 0.08558070645241611-41, id: 0.08558070645241611-42, id: 0.08558070645241611-43, id: 0.08558070645241611-44, id: 0.08558070645241611-45, id: 0.08558070645241611-46, id: 0.08558070645241611-47, id: 0.08558070645241611-48, id: 0.08558070645241611-49, id: 0.08558070645241611-50, id: 0.08558070645241611-51, id: 0.08558070645241611-52, id: 0.08558070645241611-53, id: 0.08558070645241611-54, id: 0.08558070645241611-55, id: 0.08558070645241611-56, id: 0.08558070645241611-57, id: 0.08558070645241611-58, id: 0.08558070645241611-59, id: 0.08558070645241611-60, id: 0.08558070645241611-61, id: 0.08558070645241611-62, id: 0.08558070645241611-63, id: 0.08558070645241611-64, id: 0.08558070645241611-65, id: 0.08558070645241611-66, id: 0.08558070645241611-67, id: 0.08558070645241611-68, id: 0.08558070645241611-69, id: 0.08558070645241611-70, id: 0.08558070645241611-71, id: 0.08558070645241611-72, id: 0.08558070645241611-73, id: 0.08558070645241611-74, id: 0.08558070645241611-75, id: 0.08558070645241611-76, id: 0.08558070645241611-77, id: 0.08558070645241611-78, id: 0.08558070645241611-79, id: 0.08558070645241611-80, id: 0.08558070645241611-81, id: 0.08558070645241611-82, id: 0.08558070645241611-83, id: 0.08558070645241611-84, id: 0.08558070645241611-85, id: 0.08558070645241611-86, id: 0.08558070645241611-87, id: 0.08558070645241611-88, id: 0.08558070645241611-89, id: 0.08558070645241611-90, id: 0.08558070645241611-91, id: 0.08558070645241611-92, id: 0.08558070645241611-93, id: 0.08558070645241611-94, id: 0.08558070645241611-95, id: 0.08558070645241611-96]
[WebDriverCommandLogger] - Executing findElements parameters: {&quot;using&quot;:&quot;xpath&quot;,&quot;value&quot;:&quot;//div[@id=&apos;c_articlelist_stories_2&apos;]/ul[1]/li/span[1]/a&quot;}
[WebDriverCommandLogger] - command: findElements[ param-1: {value=//div[@id=&apos;c_articlelist_stories_2&apos;]/ul[1]/li/span[1]/a, using=xpath}] Result: [id: 0.08558070645241611-1, id: 0.08558070645241611-2, id: 0.08558070645241611-3, id: 0.08558070645241611-4, id: 0.08558070645241611-5, id: 0.08558070645241611-6, id: 0.08558070645241611-7, id: 0.08558070645241611-8, id: 0.08558070645241611-9, id: 0.08558070645241611-10, id: 0.08558070645241611-11, id: 0.08558070645241611-12, id: 0.08558070645241611-13, id: 0.08558070645241611-14, id: 0.08558070645241611-15, id: 0.08558070645241611-16, id: 0.08558070645241611-17, id: 0.08558070645241611-18, id: 0.08558070645241611-19, id: 0.08558070645241611-20, id: 0.08558070645241611-21, id: 0.08558070645241611-22, id: 0.08558070645241611-23, id: 0.08558070645241611-24, id: 0.08558070645241611-25, id: 0.08558070645241611-26, id: 0.08558070645241611-27, id: 0.08558070645241611-28, id: 0.08558070645241611-29, id: 0.08558070645241611-30, id: 0.08558070645241611-31, id: 0.08558070645241611-32, id: 0.08558070645241611-33, id: 0.08558070645241611-34, id: 0.08558070645241611-35, id: 0.08558070645241611-36, id: 0.08558070645241611-37, id: 0.08558070645241611-38, id: 0.08558070645241611-39, id: 0.08558070645241611-40, id: 0.08558070645241611-41, id: 0.08558070645241611-42, id: 0.08558070645241611-43, id: 0.08558070645241611-44, id: 0.08558070645241611-45, id: 0.08558070645241611-46, id: 0.08558070645241611-47, id: 0.08558070645241611-48, id: 0.08558070645241611-49, id: 0.08558070645241611-50, id: 0.08558070645241611-51, id: 0.08558070645241611-52, id: 0.08558070645241611-53, id: 0.08558070645241611-54, id: 0.08558070645241611-55, id: 0.08558070645241611-56, id: 0.08558070645241611-57, id: 0.08558070645241611-58, id: 0.08558070645241611-59, id: 0.08558070645241611-60, id: 0.08558070645241611-61, id: 0.08558070645241611-62, id: 0.08558070645241611-63, id: 0.08558070645241611-64, id: 0.08558070645241611-65, id: 0.08558070645241611-66, id: 0.08558070645241611-67, id: 0.08558070645241611-68, id: 0.08558070645241611-69, id: 0.08558070645241611-70, id: 0.08558070645241611-71, id: 0.08558070645241611-72, id: 0.08558070645241611-73, id: 0.08558070645241611-74, id: 0.08558070645241611-75, id: 0.08558070645241611-76, id: 0.08558070645241611-77, id: 0.08558070645241611-78, id: 0.08558070645241611-79, id: 0.08558070645241611-80, id: 0.08558070645241611-81, id: 0.08558070645241611-82, id: 0.08558070645241611-83, id: 0.08558070645241611-84, id: 0.08558070645241611-85, id: 0.08558070645241611-86, id: 0.08558070645241611-87, id: 0.08558070645241611-88, id: 0.08558070645241611-89, id: 0.08558070645241611-90, id: 0.08558070645241611-91, id: 0.08558070645241611-92, id: 0.08558070645241611-93, id: 0.08558070645241611-94, id: 0.08558070645241611-95, id: 0.08558070645241611-96]
[WebDriverCommandLogger] - Executing getElementText element: By.xpath: //div[@id=&apos;c_articlelist_stories_2&apos;]/ul[1]/li/span[1]/a parameters: {&quot;id&quot;:&quot;0.08558070645241611-68&quot;}
[WebDriverCommandLogger] - command: getElementText[ param-1: By.xpath: //div[@id=&apos;c_articlelist_stories_2&apos;]/ul[1]/li/span[1]/a param-2: {&quot;id&quot;:&quot;0.08558070645241611-68&quot;}] Result: getElementText:E-payment on the rise for property tax
[WebDriverCommandLogger] - Executing findElements parameters: {&quot;using&quot;:&quot;xpath&quot;,&quot;value&quot;:&quot;//div[@id=&apos;c_articlelist_stories_2&apos;]/ul[1]/li/span[2]/span[2]&quot;}
[WebDriverCommandLogger] - command: findElements[ param-1: {value=//div[@id=&apos;c_articlelist_stories_2&apos;]/ul[1]/li/span[2]/span[2], using=xpath}] Result: [id: 0.08558070645241611-97, id: 0.08558070645241611-98, id: 0.08558070645241611-99, id: 0.08558070645241611-100, id: 0.08558070645241611-101, id: 0.08558070645241611-102, id: 0.08558070645241611-103, id: 0.08558070645241611-104, id: 0.08558070645241611-105, id: 0.08558070645241611-106, id: 0.08558070645241611-107, id: 0.08558070645241611-108, id: 0.08558070645241611-109, id: 0.08558070645241611-110, id: 0.08558070645241611-111, id: 0.08558070645241611-112, id: 0.08558070645241611-113, id: 0.08558070645241611-114, id: 0.08558070645241611-115, id: 0.08558070645241611-116, id: 0.08558070645241611-117, id: 0.08558070645241611-118, id: 0.08558070645241611-119, id: 0.08558070645241611-120, id: 0.08558070645241611-121, id: 0.08558070645241611-122, id: 0.08558070645241611-123, id: 0.08558070645241611-124, id: 0.08558070645241611-125, id: 0.08558070645241611-126, id: 0.08558070645241611-127, id: 0.08558070645241611-128, id: 0.08558070645241611-129, id: 0.08558070645241611-130, id: 0.08558070645241611-131, id: 0.08558070645241611-132, id: 0.08558070645241611-133, id: 0.08558070645241611-134, id: 0.08558070645241611-135, id: 0.08558070645241611-136, id: 0.08558070645241611-137, id: 0.08558070645241611-138, id: 0.08558070645241611-139, id: 0.08558070645241611-140, id: 0.08558070645241611-141, id: 0.08558070645241611-142, id: 0.08558070645241611-143, id: 0.08558070645241611-144, id: 0.08558070645241611-145, id: 0.08558070645241611-146, id: 0.08558070645241611-147, id: 0.08558070645241611-148, id: 0.08558070645241611-149, id: 0.08558070645241611-150, id: 0.08558070645241611-151, id: 0.08558070645241611-152, id: 0.08558070645241611-153, id: 0.08558070645241611-154, id: 0.08558070645241611-155, id: 0.08558070645241611-156, id: 0.08558070645241611-157, id: 0.08558070645241611-158, id: 0.08558070645241611-159, id: 0.08558070645241611-160, id: 0.08558070645241611-161, id: 0.08558070645241611-162, id: 0.08558070645241611-163, id: 0.08558070645241611-164, id: 0.08558070645241611-165, id: 0.08558070645241611-166, id: 0.08558070645241611-167, id: 0.08558070645241611-168, id: 0.08558070645241611-169, id: 0.08558070645241611-170, id: 0.08558070645241611-171, id: 0.08558070645241611-172, id: 0.08558070645241611-173, id: 0.08558070645241611-174, id: 0.08558070645241611-175, id: 0.08558070645241611-176, id: 0.08558070645241611-177, id: 0.08558070645241611-178, id: 0.08558070645241611-179, id: 0.08558070645241611-180, id: 0.08558070645241611-181, id: 0.08558070645241611-182, id: 0.08558070645241611-183, id: 0.08558070645241611-184, id: 0.08558070645241611-185, id: 0.08558070645241611-186, id: 0.08558070645241611-187, id: 0.08558070645241611-188, id: 0.08558070645241611-189, id: 0.08558070645241611-190, id: 0.08558070645241611-191, id: 0.08558070645241611-192]
[WebDriverCommandLogger] - Executing getElementText element: By.xpath: //div[@id=&apos;c_articlelist_stories_2&apos;]/ul[1]/li/span[2]/span[2] parameters: {&quot;id&quot;:&quot;0.08558070645241611-164&quot;}
[WebDriverCommandLogger] - command: getElementText[ param-1: By.xpath: //div[@id=&apos;c_articlelist_stories_2&apos;]/ul[1]/li/span[2]/span[2] param-2: {&quot;id&quot;:&quot;0.08558070645241611-164&quot;}] Result: getElementText:2 DAYS AGO
[WebDriverCommandLogger] - Executing findElements parameters: {&quot;using&quot;:&quot;xpath&quot;,&quot;value&quot;:&quot;//div[@id=&apos;c_articlelist_stories_2&apos;]/ul[1]/li/span[1]/a&quot;}
[WebDriverCommandLogger] - command: findElements[ param-1: {value=//div[@id=&apos;c_articlelist_stories_2&apos;]/ul[1]/li/span[1]/a, using=xpath}] Result: [id: 0.08558070645241611-1, id: 0.08558070645241611-2, id: 0.08558070645241611-3, id: 0.08558070645241611-4, id: 0.08558070645241611-5, id: 0.08558070645241611-6, id: 0.08558070645241611-7, id: 0.08558070645241611-8, id: 0.08558070645241611-9, id: 0.08558070645241611-10, id: 0.08558070645241611-11, id: 0.08558070645241611-12, id: 0.08558070645241611-13, id: 0.08558070645241611-14, id: 0.08558070645241611-15, id: 0.08558070645241611-16, id: 0.08558070645241611-17, id: 0.08558070645241611-18, id: 0.08558070645241611-19, id: 0.08558070645241611-20, id: 0.08558070645241611-21, id: 0.08558070645241611-22, id: 0.08558070645241611-23, id: 0.08558070645241611-24, id: 0.08558070645241611-25, id: 0.08558070645241611-26, id: 0.08558070645241611-27, id: 0.08558070645241611-28, id: 0.08558070645241611-29, id: 0.08558070645241611-30, id: 0.08558070645241611-31, id: 0.08558070645241611-32, id: 0.08558070645241611-33, id: 0.08558070645241611-34, id: 0.08558070645241611-35, id: 0.08558070645241611-36, id: 0.08558070645241611-37, id: 0.08558070645241611-38, id: 0.08558070645241611-39, id: 0.08558070645241611-40, id: 0.08558070645241611-41, id: 0.08558070645241611-42, id: 0.08558070645241611-43, id: 0.08558070645241611-44, id: 0.08558070645241611-45, id: 0.08558070645241611-46, id: 0.08558070645241611-47, id: 0.08558070645241611-48, id: 0.08558070645241611-49, id: 0.08558070645241611-50, id: 0.08558070645241611-51, id: 0.08558070645241611-52, id: 0.08558070645241611-53, id: 0.08558070645241611-54, id: 0.08558070645241611-55, id: 0.08558070645241611-56, id: 0.08558070645241611-57, id: 0.08558070645241611-58, id: 0.08558070645241611-59, id: 0.08558070645241611-60, id: 0.08558070645241611-61, id: 0.08558070645241611-62, id: 0.08558070645241611-63, id: 0.08558070645241611-64, id: 0.08558070645241611-65, id: 0.08558070645241611-66, id: 0.08558070645241611-67, id: 0.08558070645241611-68, id: 0.08558070645241611-69, id: 0.08558070645241611-70, id: 0.08558070645241611-71, id: 0.08558070645241611-72, id: 0.08558070645241611-73, id: 0.08558070645241611-74, id: 0.08558070645241611-75, id: 0.08558070645241611-76, id: 0.08558070645241611-77, id: 0.08558070645241611-78, id: 0.08558070645241611-79, id: 0.08558070645241611-80, id: 0.08558070645241611-81, id: 0.08558070645241611-82, id: 0.08558070645241611-83, id: 0.08558070645241611-84, id: 0.08558070645241611-85, id: 0.08558070645241611-86, id: 0.08558070645241611-87, id: 0.08558070645241611-88, id: 0.08558070645241611-89, id: 0.08558070645241611-90, id: 0.08558070645241611-91, id: 0.08558070645241611-92, id: 0.08558070645241611-93, id: 0.08558070645241611-94, id: 0.08558070645241611-95, id: 0.08558070645241611-96]
[WebDriverCommandLogger] - Executing findElements parameters: {&quot;using&quot;:&quot;xpath&quot;,&quot;value&quot;:&quot;//div[@id=&apos;c_articlelist_stories_2&apos;]/ul[1]/li/span[1]/a&quot;}
[WebDriverCommandLogger] - command: findElements[ param-1: {value=//div[@id=&apos;c_articlelist_stories_2&apos;]/ul[1]/li/span[1]/a, using=xpath}] Result: [id: 0.08558070645241611-1, id: 0.08558070645241611-2, id: 0.08558070645241611-3, id: 0.08558070645241611-4, id: 0.08558070645241611-5, id: 0.08558070645241611-6, id: 0.08558070645241611-7, id: 0.08558070645241611-8, id: 0.08558070645241611-9, id: 0.08558070645241611-10, id: 0.08558070645241611-11, id: 0.08558070645241611-12, id: 0.08558070645241611-13, id: 0.08558070645241611-14, id: 0.08558070645241611-15, id: 0.08558070645241611-16, id: 0.08558070645241611-17, id: 0.08558070645241611-18, id: 0.08558070645241611-19, id: 0.08558070645241611-20, id: 0.08558070645241611-21, id: 0.08558070645241611-22, id: 0.08558070645241611-23, id: 0.08558070645241611-24, id: 0.08558070645241611-25, id: 0.08558070645241611-26, id: 0.08558070645241611-27, id: 0.08558070645241611-28, id: 0.08558070645241611-29, id: 0.08558070645241611-30, id: 0.08558070645241611-31, id: 0.08558070645241611-32, id: 0.08558070645241611-33, id: 0.08558070645241611-34, id: 0.08558070645241611-35, id: 0.08558070645241611-36, id: 0.08558070645241611-37, id: 0.08558070645241611-38, id: 0.08558070645241611-39, id: 0.08558070645241611-40, id: 0.08558070645241611-41, id: 0.08558070645241611-42, id: 0.08558070645241611-43, id: 0.08558070645241611-44, id: 0.08558070645241611-45, id: 0.08558070645241611-46, id: 0.08558070645241611-47, id: 0.08558070645241611-48, id: 0.08558070645241611-49, id: 0.08558070645241611-50, id: 0.08558070645241611-51, id: 0.08558070645241611-52, id: 0.08558070645241611-53, id: 0.08558070645241611-54, id: 0.08558070645241611-55, id: 0.08558070645241611-56, id: 0.08558070645241611-57, id: 0.08558070645241611-58, id: 0.08558070645241611-59, id: 0.08558070645241611-60, id: 0.08558070645241611-61, id: 0.08558070645241611-62, id: 0.08558070645241611-63, id: 0.08558070645241611-64, id: 0.08558070645241611-65, id: 0.08558070645241611-66, id: 0.08558070645241611-67, id: 0.08558070645241611-68, id: 0.08558070645241611-69, id: 0.08558070645241611-70, id: 0.08558070645241611-71, id: 0.08558070645241611-72, id: 0.08558070645241611-73, id: 0.08558070645241611-74, id: 0.08558070645241611-75, id: 0.08558070645241611-76, id: 0.08558070645241611-77, id: 0.08558070645241611-78, id: 0.08558070645241611-79, id: 0.08558070645241611-80, id: 0.08558070645241611-81, id: 0.08558070645241611-82, id: 0.08558070645241611-83, id: 0.08558070645241611-84, id: 0.08558070645241611-85, id: 0.08558070645241611-86, id: 0.08558070645241611-87, id: 0.08558070645241611-88, id: 0.08558070645241611-89, id: 0.08558070645241611-90, id: 0.08558070645241611-91, id: 0.08558070645241611-92, id: 0.08558070645241611-93, id: 0.08558070645241611-94, id: 0.08558070645241611-95, id: 0.08558070645241611-96]
[WebDriverCommandLogger] - Executing getElementText element: By.xpath: //div[@id=&apos;c_articlelist_stories_2&apos;]/ul[1]/li/span[1]/a parameters: {&quot;id&quot;:&quot;0.08558070645241611-69&quot;}
[WebDriverCommandLogger] - command: getElementText[ param-1: By.xpath: //div[@id=&apos;c_articlelist_stories_2&apos;]/ul[1]/li/span[1]/a param-2: {&quot;id&quot;:&quot;0.08558070645241611-69&quot;}] Result: getElementText:Law student undergoes life-saving op
[WebDriverCommandLogger] - Executing findElements parameters: {&quot;using&quot;:&quot;xpath&quot;,&quot;value&quot;:&quot;//div[@id=&apos;c_articlelist_stories_2&apos;]/ul[1]/li/span[2]/span[2]&quot;}
[WebDriverCommandLogger] - command: findElements[ param-1: {value=//div[@id=&apos;c_articlelist_stories_2&apos;]/ul[1]/li/span[2]/span[2], using=xpath}] Result: [id: 0.08558070645241611-97, id: 0.08558070645241611-98, id: 0.08558070645241611-99, id: 0.08558070645241611-100, id: 0.08558070645241611-101, id: 0.08558070645241611-102, id: 0.08558070645241611-103, id: 0.08558070645241611-104, id: 0.08558070645241611-105, id: 0.08558070645241611-106, id: 0.08558070645241611-107, id: 0.08558070645241611-108, id: 0.08558070645241611-109, id: 0.08558070645241611-110, id: 0.08558070645241611-111, id: 0.08558070645241611-112, id: 0.08558070645241611-113, id: 0.08558070645241611-114, id: 0.08558070645241611-115, id: 0.08558070645241611-116, id: 0.08558070645241611-117, id: 0.08558070645241611-118, id: 0.08558070645241611-119, id: 0.08558070645241611-120, id: 0.08558070645241611-121, id: 0.08558070645241611-122, id: 0.08558070645241611-123, id: 0.08558070645241611-124, id: 0.08558070645241611-125, id: 0.08558070645241611-126, id: 0.08558070645241611-127, id: 0.08558070645241611-128, id: 0.08558070645241611-129, id: 0.08558070645241611-130, id: 0.08558070645241611-131, id: 0.08558070645241611-132, id: 0.08558070645241611-133, id: 0.08558070645241611-134, id: 0.08558070645241611-135, id: 0.08558070645241611-136, id: 0.08558070645241611-137, id: 0.08558070645241611-138, id: 0.08558070645241611-139, id: 0.08558070645241611-140, id: 0.08558070645241611-141, id: 0.08558070645241611-142, id: 0.08558070645241611-143, id: 0.08558070645241611-144, id: 0.08558070645241611-145, id: 0.08558070645241611-146, id: 0.08558070645241611-147, id: 0.08558070645241611-148, id: 0.08558070645241611-149, id: 0.08558070645241611-150, id: 0.08558070645241611-151, id: 0.08558070645241611-152, id: 0.08558070645241611-153, id: 0.08558070645241611-154, id: 0.08558070645241611-155, id: 0.08558070645241611-156, id: 0.08558070645241611-157, id: 0.08558070645241611-158, id: 0.08558070645241611-159, id: 0.08558070645241611-160, id: 0.08558070645241611-161, id: 0.08558070645241611-162, id: 0.08558070645241611-163, id: 0.08558070645241611-164, id: 0.08558070645241611-165, id: 0.08558070645241611-166, id: 0.08558070645241611-167, id: 0.08558070645241611-168, id: 0.08558070645241611-169, id: 0.08558070645241611-170, id: 0.08558070645241611-171, id: 0.08558070645241611-172, id: 0.08558070645241611-173, id: 0.08558070645241611-174, id: 0.08558070645241611-175, id: 0.08558070645241611-176, id: 0.08558070645241611-177, id: 0.08558070645241611-178, id: 0.08558070645241611-179, id: 0.08558070645241611-180, id: 0.08558070645241611-181, id: 0.08558070645241611-182, id: 0.08558070645241611-183, id: 0.08558070645241611-184, id: 0.08558070645241611-185, id: 0.08558070645241611-186, id: 0.08558070645241611-187, id: 0.08558070645241611-188, id: 0.08558070645241611-189, id: 0.08558070645241611-190, id: 0.08558070645241611-191, id: 0.08558070645241611-192]
[WebDriverCommandLogger] - Executing getElementText element: By.xpath: //div[@id=&apos;c_articlelist_stories_2&apos;]/ul[1]/li/span[2]/span[2] parameters: {&quot;id&quot;:&quot;0.08558070645241611-165&quot;}
[WebDriverCommandLogger] - command: getElementText[ param-1: By.xpath: //div[@id=&apos;c_articlelist_stories_2&apos;]/ul[1]/li/span[2]/span[2] param-2: {&quot;id&quot;:&quot;0.08558070645241611-165&quot;}] Result: getElementText:2 DAYS AGO
[WebDriverCommandLogger] - Executing findElements parameters: {&quot;using&quot;:&quot;xpath&quot;,&quot;value&quot;:&quot;//div[@id=&apos;c_articlelist_stories_2&apos;]/ul[1]/li/span[1]/a&quot;}
[WebDriverCommandLogger] - command: findElements[ param-1: {value=//div[@id=&apos;c_articlelist_stories_2&apos;]/ul[1]/li/span[1]/a, using=xpath}] Result: [id: 0.08558070645241611-1, id: 0.08558070645241611-2, id: 0.08558070645241611-3, id: 0.08558070645241611-4, id: 0.08558070645241611-5, id: 0.08558070645241611-6, id: 0.08558070645241611-7, id: 0.08558070645241611-8, id: 0.08558070645241611-9, id: 0.08558070645241611-10, id: 0.08558070645241611-11, id: 0.08558070645241611-12, id: 0.08558070645241611-13, id: 0.08558070645241611-14, id: 0.08558070645241611-15, id: 0.08558070645241611-16, id: 0.08558070645241611-17, id: 0.08558070645241611-18, id: 0.08558070645241611-19, id: 0.08558070645241611-20, id: 0.08558070645241611-21, id: 0.08558070645241611-22, id: 0.08558070645241611-23, id: 0.08558070645241611-24, id: 0.08558070645241611-25, id: 0.08558070645241611-26, id: 0.08558070645241611-27, id: 0.08558070645241611-28, id: 0.08558070645241611-29, id: 0.08558070645241611-30, id: 0.08558070645241611-31, id: 0.08558070645241611-32, id: 0.08558070645241611-33, id: 0.08558070645241611-34, id: 0.08558070645241611-35, id: 0.08558070645241611-36, id: 0.08558070645241611-37, id: 0.08558070645241611-38, id: 0.08558070645241611-39, id: 0.08558070645241611-40, id: 0.08558070645241611-41, id: 0.08558070645241611-42, id: 0.08558070645241611-43, id: 0.08558070645241611-44, id: 0.08558070645241611-45, id: 0.08558070645241611-46, id: 0.08558070645241611-47, id: 0.08558070645241611-48, id: 0.08558070645241611-49, id: 0.08558070645241611-50, id: 0.08558070645241611-51, id: 0.08558070645241611-52, id: 0.08558070645241611-53, id: 0.08558070645241611-54, id: 0.08558070645241611-55, id: 0.08558070645241611-56, id: 0.08558070645241611-57, id: 0.08558070645241611-58, id: 0.08558070645241611-59, id: 0.08558070645241611-60, id: 0.08558070645241611-61, id: 0.08558070645241611-62, id: 0.08558070645241611-63, id: 0.08558070645241611-64, id: 0.08558070645241611-65, id: 0.08558070645241611-66, id: 0.08558070645241611-67, id: 0.08558070645241611-68, id: 0.08558070645241611-69, id: 0.08558070645241611-70, id: 0.08558070645241611-71, id: 0.08558070645241611-72, id: 0.08558070645241611-73, id: 0.08558070645241611-74, id: 0.08558070645241611-75, id: 0.08558070645241611-76, id: 0.08558070645241611-77, id: 0.08558070645241611-78, id: 0.08558070645241611-79, id: 0.08558070645241611-80, id: 0.08558070645241611-81, id: 0.08558070645241611-82, id: 0.08558070645241611-83, id: 0.08558070645241611-84, id: 0.08558070645241611-85, id: 0.08558070645241611-86, id: 0.08558070645241611-87, id: 0.08558070645241611-88, id: 0.08558070645241611-89, id: 0.08558070645241611-90, id: 0.08558070645241611-91, id: 0.08558070645241611-92, id: 0.08558070645241611-93, id: 0.08558070645241611-94, id: 0.08558070645241611-95, id: 0.08558070645241611-96]
[WebDriverCommandLogger] - Executing findElements parameters: {&quot;using&quot;:&quot;xpath&quot;,&quot;value&quot;:&quot;//div[@id=&apos;c_articlelist_stories_2&apos;]/ul[1]/li/span[1]/a&quot;}
[WebDriverCommandLogger] - command: findElements[ param-1: {value=//div[@id=&apos;c_articlelist_stories_2&apos;]/ul[1]/li/span[1]/a, using=xpath}] Result: [id: 0.08558070645241611-1, id: 0.08558070645241611-2, id: 0.08558070645241611-3, id: 0.08558070645241611-4, id: 0.08558070645241611-5, id: 0.08558070645241611-6, id: 0.08558070645241611-7, id: 0.08558070645241611-8, id: 0.08558070645241611-9, id: 0.08558070645241611-10, id: 0.08558070645241611-11, id: 0.08558070645241611-12, id: 0.08558070645241611-13, id: 0.08558070645241611-14, id: 0.08558070645241611-15, id: 0.08558070645241611-16, id: 0.08558070645241611-17, id: 0.08558070645241611-18, id: 0.08558070645241611-19, id: 0.08558070645241611-20, id: 0.08558070645241611-21, id: 0.08558070645241611-22, id: 0.08558070645241611-23, id: 0.08558070645241611-24, id: 0.08558070645241611-25, id: 0.08558070645241611-26, id: 0.08558070645241611-27, id: 0.08558070645241611-28, id: 0.08558070645241611-29, id: 0.08558070645241611-30, id: 0.08558070645241611-31, id: 0.08558070645241611-32, id: 0.08558070645241611-33, id: 0.08558070645241611-34, id: 0.08558070645241611-35, id: 0.08558070645241611-36, id: 0.08558070645241611-37, id: 0.08558070645241611-38, id: 0.08558070645241611-39, id: 0.08558070645241611-40, id: 0.08558070645241611-41, id: 0.08558070645241611-42, id: 0.08558070645241611-43, id: 0.08558070645241611-44, id: 0.08558070645241611-45, id: 0.08558070645241611-46, id: 0.08558070645241611-47, id: 0.08558070645241611-48, id: 0.08558070645241611-49, id: 0.08558070645241611-50, id: 0.08558070645241611-51, id: 0.08558070645241611-52, id: 0.08558070645241611-53, id: 0.08558070645241611-54, id: 0.08558070645241611-55, id: 0.08558070645241611-56, id: 0.08558070645241611-57, id: 0.08558070645241611-58, id: 0.08558070645241611-59, id: 0.08558070645241611-60, id: 0.08558070645241611-61, id: 0.08558070645241611-62, id: 0.08558070645241611-63, id: 0.08558070645241611-64, id: 0.08558070645241611-65, id: 0.08558070645241611-66, id: 0.08558070645241611-67, id: 0.08558070645241611-68, id: 0.08558070645241611-69, id: 0.08558070645241611-70, id: 0.08558070645241611-71, id: 0.08558070645241611-72, id: 0.08558070645241611-73, id: 0.08558070645241611-74, id: 0.08558070645241611-75, id: 0.08558070645241611-76, id: 0.08558070645241611-77, id: 0.08558070645241611-78, id: 0.08558070645241611-79, id: 0.08558070645241611-80, id: 0.08558070645241611-81, id: 0.08558070645241611-82, id: 0.08558070645241611-83, id: 0.08558070645241611-84, id: 0.08558070645241611-85, id: 0.08558070645241611-86, id: 0.08558070645241611-87, id: 0.08558070645241611-88, id: 0.08558070645241611-89, id: 0.08558070645241611-90, id: 0.08558070645241611-91, id: 0.08558070645241611-92, id: 0.08558070645241611-93, id: 0.08558070645241611-94, id: 0.08558070645241611-95, id: 0.08558070645241611-96]
[WebDriverCommandLogger] - Executing getElementText element: By.xpath: //div[@id=&apos;c_articlelist_stories_2&apos;]/ul[1]/li/span[1]/a parameters: {&quot;id&quot;:&quot;0.08558070645241611-70&quot;}
[WebDriverCommandLogger] - command: getElementText[ param-1: By.xpath: //div[@id=&apos;c_articlelist_stories_2&apos;]/ul[1]/li/span[1]/a param-2: {&quot;id&quot;:&quot;0.08558070645241611-70&quot;}] Result: getElementText:Burglars loot two flats in Nigdi, escape in owner’s car
[WebDriverCommandLogger] - Executing findElements parameters: {&quot;using&quot;:&quot;xpath&quot;,&quot;value&quot;:&quot;//div[@id=&apos;c_articlelist_stories_2&apos;]/ul[1]/li/span[2]/span[2]&quot;}
[WebDriverCommandLogger] - command: findElements[ param-1: {value=//div[@id=&apos;c_articlelist_stories_2&apos;]/ul[1]/li/span[2]/span[2], using=xpath}] Result: [id: 0.08558070645241611-97, id: 0.08558070645241611-98, id: 0.08558070645241611-99, id: 0.08558070645241611-100, id: 0.08558070645241611-101, id: 0.08558070645241611-102, id: 0.08558070645241611-103, id: 0.08558070645241611-104, id: 0.08558070645241611-105, id: 0.08558070645241611-106, id: 0.08558070645241611-107, id: 0.08558070645241611-108, id: 0.08558070645241611-109, id: 0.08558070645241611-110, id: 0.08558070645241611-111, id: 0.08558070645241611-112, id: 0.08558070645241611-113, id: 0.08558070645241611-114, id: 0.08558070645241611-115, id: 0.08558070645241611-116, id: 0.08558070645241611-117, id: 0.08558070645241611-118, id: 0.08558070645241611-119, id: 0.08558070645241611-120, id: 0.08558070645241611-121, id: 0.08558070645241611-122, id: 0.08558070645241611-123, id: 0.08558070645241611-124, id: 0.08558070645241611-125, id: 0.08558070645241611-126, id: 0.08558070645241611-127, id: 0.08558070645241611-128, id: 0.08558070645241611-129, id: 0.08558070645241611-130, id: 0.08558070645241611-131, id: 0.08558070645241611-132, id: 0.08558070645241611-133, id: 0.08558070645241611-134, id: 0.08558070645241611-135, id: 0.08558070645241611-136, id: 0.08558070645241611-137, id: 0.08558070645241611-138, id: 0.08558070645241611-139, id: 0.08558070645241611-140, id: 0.08558070645241611-141, id: 0.08558070645241611-142, id: 0.08558070645241611-143, id: 0.08558070645241611-144, id: 0.08558070645241611-145, id: 0.08558070645241611-146, id: 0.08558070645241611-147, id: 0.08558070645241611-148, id: 0.08558070645241611-149, id: 0.08558070645241611-150, id: 0.08558070645241611-151, id: 0.08558070645241611-152, id: 0.08558070645241611-153, id: 0.08558070645241611-154, id: 0.08558070645241611-155, id: 0.08558070645241611-156, id: 0.08558070645241611-157, id: 0.08558070645241611-158, id: 0.08558070645241611-159, id: 0.08558070645241611-160, id: 0.08558070645241611-161, id: 0.08558070645241611-162, id: 0.08558070645241611-163, id: 0.08558070645241611-164, id: 0.08558070645241611-165, id: 0.08558070645241611-166, id: 0.08558070645241611-167, id: 0.08558070645241611-168, id: 0.08558070645241611-169, id: 0.08558070645241611-170, id: 0.08558070645241611-171, id: 0.08558070645241611-172, id: 0.08558070645241611-173, id: 0.08558070645241611-174, id: 0.08558070645241611-175, id: 0.08558070645241611-176, id: 0.08558070645241611-177, id: 0.08558070645241611-178, id: 0.08558070645241611-179, id: 0.08558070645241611-180, id: 0.08558070645241611-181, id: 0.08558070645241611-182, id: 0.08558070645241611-183, id: 0.08558070645241611-184, id: 0.08558070645241611-185, id: 0.08558070645241611-186, id: 0.08558070645241611-187, id: 0.08558070645241611-188, id: 0.08558070645241611-189, id: 0.08558070645241611-190, id: 0.08558070645241611-191, id: 0.08558070645241611-192]
[WebDriverCommandLogger] - Executing getElementText element: By.xpath: //div[@id=&apos;c_articlelist_stories_2&apos;]/ul[1]/li/span[2]/span[2] parameters: {&quot;id&quot;:&quot;0.08558070645241611-166&quot;}
[WebDriverCommandLogger] - command: getElementText[ param-1: By.xpath: //div[@id=&apos;c_articlelist_stories_2&apos;]/ul[1]/li/span[2]/span[2] param-2: {&quot;id&quot;:&quot;0.08558070645241611-166&quot;}] Result: getElementText:2 DAYS AGO
[WebDriverCommandLogger] - Executing findElements parameters: {&quot;using&quot;:&quot;xpath&quot;,&quot;value&quot;:&quot;//div[@id=&apos;c_articlelist_stories_2&apos;]/ul[1]/li/span[1]/a&quot;}
[WebDriverCommandLogger] - command: findElements[ param-1: {value=//div[@id=&apos;c_articlelist_stories_2&apos;]/ul[1]/li/span[1]/a, using=xpath}] Result: [id: 0.08558070645241611-1, id: 0.08558070645241611-2, id: 0.08558070645241611-3, id: 0.08558070645241611-4, id: 0.08558070645241611-5, id: 0.08558070645241611-6, id: 0.08558070645241611-7, id: 0.08558070645241611-8, id: 0.08558070645241611-9, id: 0.08558070645241611-10, id: 0.08558070645241611-11, id: 0.08558070645241611-12, id: 0.08558070645241611-13, id: 0.08558070645241611-14, id: 0.08558070645241611-15, id: 0.08558070645241611-16, id: 0.08558070645241611-17, id: 0.08558070645241611-18, id: 0.08558070645241611-19, id: 0.08558070645241611-20, id: 0.08558070645241611-21, id: 0.08558070645241611-22, id: 0.08558070645241611-23, id: 0.08558070645241611-24, id: 0.08558070645241611-25, id: 0.08558070645241611-26, id: 0.08558070645241611-27, id: 0.08558070645241611-28, id: 0.08558070645241611-29, id: 0.08558070645241611-30, id: 0.08558070645241611-31, id: 0.08558070645241611-32, id: 0.08558070645241611-33, id: 0.08558070645241611-34, id: 0.08558070645241611-35, id: 0.08558070645241611-36, id: 0.08558070645241611-37, id: 0.08558070645241611-38, id: 0.08558070645241611-39, id: 0.08558070645241611-40, id: 0.08558070645241611-41, id: 0.08558070645241611-42, id: 0.08558070645241611-43, id: 0.08558070645241611-44, id: 0.08558070645241611-45, id: 0.08558070645241611-46, id: 0.08558070645241611-47, id: 0.08558070645241611-48, id: 0.08558070645241611-49, id: 0.08558070645241611-50, id: 0.08558070645241611-51, id: 0.08558070645241611-52, id: 0.08558070645241611-53, id: 0.08558070645241611-54, id: 0.08558070645241611-55, id: 0.08558070645241611-56, id: 0.08558070645241611-57, id: 0.08558070645241611-58, id: 0.08558070645241611-59, id: 0.08558070645241611-60, id: 0.08558070645241611-61, id: 0.08558070645241611-62, id: 0.08558070645241611-63, id: 0.08558070645241611-64, id: 0.08558070645241611-65, id: 0.08558070645241611-66, id: 0.08558070645241611-67, id: 0.08558070645241611-68, id: 0.08558070645241611-69, id: 0.08558070645241611-70, id: 0.08558070645241611-71, id: 0.08558070645241611-72, id: 0.08558070645241611-73, id: 0.08558070645241611-74, id: 0.08558070645241611-75, id: 0.08558070645241611-76, id: 0.08558070645241611-77, id: 0.08558070645241611-78, id: 0.08558070645241611-79, id: 0.08558070645241611-80, id: 0.08558070645241611-81, id: 0.08558070645241611-82, id: 0.08558070645241611-83, id: 0.08558070645241611-84, id: 0.08558070645241611-85, id: 0.08558070645241611-86, id: 0.08558070645241611-87, id: 0.08558070645241611-88, id: 0.08558070645241611-89, id: 0.08558070645241611-90, id: 0.08558070645241611-91, id: 0.08558070645241611-92, id: 0.08558070645241611-93, id: 0.08558070645241611-94, id: 0.08558070645241611-95, id: 0.08558070645241611-96]
[WebDriverCommandLogger] - Executing findElements parameters: {&quot;using&quot;:&quot;xpath&quot;,&quot;value&quot;:&quot;//div[@id=&apos;c_articlelist_stories_2&apos;]/ul[1]/li/span[1]/a&quot;}
[WebDriverCommandLogger] - command: findElements[ param-1: {value=//div[@id=&apos;c_articlelist_stories_2&apos;]/ul[1]/li/span[1]/a, using=xpath}] Result: [id: 0.08558070645241611-1, id: 0.08558070645241611-2, id: 0.08558070645241611-3, id: 0.08558070645241611-4, id: 0.08558070645241611-5, id: 0.08558070645241611-6, id: 0.08558070645241611-7, id: 0.08558070645241611-8, id: 0.08558070645241611-9, id: 0.08558070645241611-10, id: 0.08558070645241611-11, id: 0.08558070645241611-12, id: 0.08558070645241611-13, id: 0.08558070645241611-14, id: 0.08558070645241611-15, id: 0.08558070645241611-16, id: 0.08558070645241611-17, id: 0.08558070645241611-18, id: 0.08558070645241611-19, id: 0.08558070645241611-20, id: 0.08558070645241611-21, id: 0.08558070645241611-22, id: 0.08558070645241611-23, id: 0.08558070645241611-24, id: 0.08558070645241611-25, id: 0.08558070645241611-26, id: 0.08558070645241611-27, id: 0.08558070645241611-28, id: 0.08558070645241611-29, id: 0.08558070645241611-30, id: 0.08558070645241611-31, id: 0.08558070645241611-32, id: 0.08558070645241611-33, id: 0.08558070645241611-34, id: 0.08558070645241611-35, id: 0.08558070645241611-36, id: 0.08558070645241611-37, id: 0.08558070645241611-38, id: 0.08558070645241611-39, id: 0.08558070645241611-40, id: 0.08558070645241611-41, id: 0.08558070645241611-42, id: 0.08558070645241611-43, id: 0.08558070645241611-44, id: 0.08558070645241611-45, id: 0.08558070645241611-46, id: 0.08558070645241611-47, id: 0.08558070645241611-48, id: 0.08558070645241611-49, id: 0.08558070645241611-50, id: 0.08558070645241611-51, id: 0.08558070645241611-52, id: 0.08558070645241611-53, id: 0.08558070645241611-54, id: 0.08558070645241611-55, id: 0.08558070645241611-56, id: 0.08558070645241611-57, id: 0.08558070645241611-58, id: 0.08558070645241611-59, id: 0.08558070645241611-60, id: 0.08558070645241611-61, id: 0.08558070645241611-62, id: 0.08558070645241611-63, id: 0.08558070645241611-64, id: 0.08558070645241611-65, id: 0.08558070645241611-66, id: 0.08558070645241611-67, id: 0.08558070645241611-68, id: 0.08558070645241611-69, id: 0.08558070645241611-70, id: 0.08558070645241611-71, id: 0.08558070645241611-72, id: 0.08558070645241611-73, id: 0.08558070645241611-74, id: 0.08558070645241611-75, id: 0.08558070645241611-76, id: 0.08558070645241611-77, id: 0.08558070645241611-78, id: 0.08558070645241611-79, id: 0.08558070645241611-80, id: 0.08558070645241611-81, id: 0.08558070645241611-82, id: 0.08558070645241611-83, id: 0.08558070645241611-84, id: 0.08558070645241611-85, id: 0.08558070645241611-86, id: 0.08558070645241611-87, id: 0.08558070645241611-88, id: 0.08558070645241611-89, id: 0.08558070645241611-90, id: 0.08558070645241611-91, id: 0.08558070645241611-92, id: 0.08558070645241611-93, id: 0.08558070645241611-94, id: 0.08558070645241611-95, id: 0.08558070645241611-96]
[WebDriverCommandLogger] - Executing getElementText element: By.xpath: //div[@id=&apos;c_articlelist_stories_2&apos;]/ul[1]/li/span[1]/a parameters: {&quot;id&quot;:&quot;0.08558070645241611-71&quot;}
[WebDriverCommandLogger] - command: getElementText[ param-1: By.xpath: //div[@id=&apos;c_articlelist_stories_2&apos;]/ul[1]/li/span[1]/a param-2: {&quot;id&quot;:&quot;0.08558070645241611-71&quot;}] Result: getElementText:Transport body wants system optimisation
[WebDriverCommandLogger] - Executing findElements parameters: {&quot;using&quot;:&quot;xpath&quot;,&quot;value&quot;:&quot;//div[@id=&apos;c_articlelist_stories_2&apos;]/ul[1]/li/span[2]/span[2]&quot;}
[WebDriverCommandLogger] - command: findElements[ param-1: {value=//div[@id=&apos;c_articlelist_stories_2&apos;]/ul[1]/li/span[2]/span[2], using=xpath}] Result: [id: 0.08558070645241611-97, id: 0.08558070645241611-98, id: 0.08558070645241611-99, id: 0.08558070645241611-100, id: 0.08558070645241611-101, id: 0.08558070645241611-102, id: 0.08558070645241611-103, id: 0.08558070645241611-104, id: 0.08558070645241611-105, id: 0.08558070645241611-106, id: 0.08558070645241611-107, id: 0.08558070645241611-108, id: 0.08558070645241611-109, id: 0.08558070645241611-110, id: 0.08558070645241611-111, id: 0.08558070645241611-112, id: 0.08558070645241611-113, id: 0.08558070645241611-114, id: 0.08558070645241611-115, id: 0.08558070645241611-116, id: 0.08558070645241611-117, id: 0.08558070645241611-118, id: 0.08558070645241611-119, id: 0.08558070645241611-120, id: 0.08558070645241611-121, id: 0.08558070645241611-122, id: 0.08558070645241611-123, id: 0.08558070645241611-124, id: 0.08558070645241611-125, id: 0.08558070645241611-126, id: 0.08558070645241611-127, id: 0.08558070645241611-128, id: 0.08558070645241611-129, id: 0.08558070645241611-130, id: 0.08558070645241611-131, id: 0.08558070645241611-132, id: 0.08558070645241611-133, id: 0.08558070645241611-134, id: 0.08558070645241611-135, id: 0.08558070645241611-136, id: 0.08558070645241611-137, id: 0.08558070645241611-138, id: 0.08558070645241611-139, id: 0.08558070645241611-140, id: 0.08558070645241611-141, id: 0.08558070645241611-142, id: 0.08558070645241611-143, id: 0.08558070645241611-144, id: 0.08558070645241611-145, id: 0.08558070645241611-146, id: 0.08558070645241611-147, id: 0.08558070645241611-148, id: 0.08558070645241611-149, id: 0.08558070645241611-150, id: 0.08558070645241611-151, id: 0.08558070645241611-152, id: 0.08558070645241611-153, id: 0.08558070645241611-154, id: 0.08558070645241611-155, id: 0.08558070645241611-156, id: 0.08558070645241611-157, id: 0.08558070645241611-158, id: 0.08558070645241611-159, id: 0.08558070645241611-160, id: 0.08558070645241611-161, id: 0.08558070645241611-162, id: 0.08558070645241611-163, id: 0.08558070645241611-164, id: 0.08558070645241611-165, id: 0.08558070645241611-166, id: 0.08558070645241611-167, id: 0.08558070645241611-168, id: 0.08558070645241611-169, id: 0.08558070645241611-170, id: 0.08558070645241611-171, id: 0.08558070645241611-172, id: 0.08558070645241611-173, id: 0.08558070645241611-174, id: 0.08558070645241611-175, id: 0.08558070645241611-176, id: 0.08558070645241611-177, id: 0.08558070645241611-178, id: 0.08558070645241611-179, id: 0.08558070645241611-180, id: 0.08558070645241611-181, id: 0.08558070645241611-182, id: 0.08558070645241611-183, id: 0.08558070645241611-184, id: 0.08558070645241611-185, id: 0.08558070645241611-186, id: 0.08558070645241611-187, id: 0.08558070645241611-188, id: 0.08558070645241611-189, id: 0.08558070645241611-190, id: 0.08558070645241611-191, id: 0.08558070645241611-192]
[WebDriverCommandLogger] - Executing getElementText element: By.xpath: //div[@id=&apos;c_articlelist_stories_2&apos;]/ul[1]/li/span[2]/span[2] parameters: {&quot;id&quot;:&quot;0.08558070645241611-167&quot;}
[WebDriverCommandLogger] - command: getElementText[ param-1: By.xpath: //div[@id=&apos;c_articlelist_stories_2&apos;]/ul[1]/li/span[2]/span[2] param-2: {&quot;id&quot;:&quot;0.08558070645241611-167&quot;}] Result: getElementText:2 DAYS AGO
[WebDriverCommandLogger] - Executing findElements parameters: {&quot;using&quot;:&quot;xpath&quot;,&quot;value&quot;:&quot;//div[@id=&apos;c_articlelist_stories_2&apos;]/ul[1]/li/span[1]/a&quot;}
[WebDriverCommandLogger] - command: findElements[ param-1: {value=//div[@id=&apos;c_articlelist_stories_2&apos;]/ul[1]/li/span[1]/a, using=xpath}] Result: [id: 0.08558070645241611-1, id: 0.08558070645241611-2, id: 0.08558070645241611-3, id: 0.08558070645241611-4, id: 0.08558070645241611-5, id: 0.08558070645241611-6, id: 0.08558070645241611-7, id: 0.08558070645241611-8, id: 0.08558070645241611-9, id: 0.08558070645241611-10, id: 0.08558070645241611-11, id: 0.08558070645241611-12, id: 0.08558070645241611-13, id: 0.08558070645241611-14, id: 0.08558070645241611-15, id: 0.08558070645241611-16, id: 0.08558070645241611-17, id: 0.08558070645241611-18, id: 0.08558070645241611-19, id: 0.08558070645241611-20, id: 0.08558070645241611-21, id: 0.08558070645241611-22, id: 0.08558070645241611-23, id: 0.08558070645241611-24, id: 0.08558070645241611-25, id: 0.08558070645241611-26, id: 0.08558070645241611-27, id: 0.08558070645241611-28, id: 0.08558070645241611-29, id: 0.08558070645241611-30, id: 0.08558070645241611-31, id: 0.08558070645241611-32, id: 0.08558070645241611-33, id: 0.08558070645241611-34, id: 0.08558070645241611-35, id: 0.08558070645241611-36, id: 0.08558070645241611-37, id: 0.08558070645241611-38, id: 0.08558070645241611-39, id: 0.08558070645241611-40, id: 0.08558070645241611-41, id: 0.08558070645241611-42, id: 0.08558070645241611-43, id: 0.08558070645241611-44, id: 0.08558070645241611-45, id: 0.08558070645241611-46, id: 0.08558070645241611-47, id: 0.08558070645241611-48, id: 0.08558070645241611-49, id: 0.08558070645241611-50, id: 0.08558070645241611-51, id: 0.08558070645241611-52, id: 0.08558070645241611-53, id: 0.08558070645241611-54, id: 0.08558070645241611-55, id: 0.08558070645241611-56, id: 0.08558070645241611-57, id: 0.08558070645241611-58, id: 0.08558070645241611-59, id: 0.08558070645241611-60, id: 0.08558070645241611-61, id: 0.08558070645241611-62, id: 0.08558070645241611-63, id: 0.08558070645241611-64, id: 0.08558070645241611-65, id: 0.08558070645241611-66, id: 0.08558070645241611-67, id: 0.08558070645241611-68, id: 0.08558070645241611-69, id: 0.08558070645241611-70, id: 0.08558070645241611-71, id: 0.08558070645241611-72, id: 0.08558070645241611-73, id: 0.08558070645241611-74, id: 0.08558070645241611-75, id: 0.08558070645241611-76, id: 0.08558070645241611-77, id: 0.08558070645241611-78, id: 0.08558070645241611-79, id: 0.08558070645241611-80, id: 0.08558070645241611-81, id: 0.08558070645241611-82, id: 0.08558070645241611-83, id: 0.08558070645241611-84, id: 0.08558070645241611-85, id: 0.08558070645241611-86, id: 0.08558070645241611-87, id: 0.08558070645241611-88, id: 0.08558070645241611-89, id: 0.08558070645241611-90, id: 0.08558070645241611-91, id: 0.08558070645241611-92, id: 0.08558070645241611-93, id: 0.08558070645241611-94, id: 0.08558070645241611-95, id: 0.08558070645241611-96]
[WebDriverCommandLogger] - Executing findElements parameters: {&quot;using&quot;:&quot;xpath&quot;,&quot;value&quot;:&quot;//div[@id=&apos;c_articlelist_stories_2&apos;]/ul[1]/li/span[1]/a&quot;}
[WebDriverCommandLogger] - command: findElements[ param-1: {value=//div[@id=&apos;c_articlelist_stories_2&apos;]/ul[1]/li/span[1]/a, using=xpath}] Result: [id: 0.08558070645241611-1, id: 0.08558070645241611-2, id: 0.08558070645241611-3, id: 0.08558070645241611-4, id: 0.08558070645241611-5, id: 0.08558070645241611-6, id: 0.08558070645241611-7, id: 0.08558070645241611-8, id: 0.08558070645241611-9, id: 0.08558070645241611-10, id: 0.08558070645241611-11, id: 0.08558070645241611-12, id: 0.08558070645241611-13, id: 0.08558070645241611-14, id: 0.08558070645241611-15, id: 0.08558070645241611-16, id: 0.08558070645241611-17, id: 0.08558070645241611-18, id: 0.08558070645241611-19, id: 0.08558070645241611-20, id: 0.08558070645241611-21, id: 0.08558070645241611-22, id: 0.08558070645241611-23, id: 0.08558070645241611-24, id: 0.08558070645241611-25, id: 0.08558070645241611-26, id: 0.08558070645241611-27, id: 0.08558070645241611-28, id: 0.08558070645241611-29, id: 0.08558070645241611-30, id: 0.08558070645241611-31, id: 0.08558070645241611-32, id: 0.08558070645241611-33, id: 0.08558070645241611-34, id: 0.08558070645241611-35, id: 0.08558070645241611-36, id: 0.08558070645241611-37, id: 0.08558070645241611-38, id: 0.08558070645241611-39, id: 0.08558070645241611-40, id: 0.08558070645241611-41, id: 0.08558070645241611-42, id: 0.08558070645241611-43, id: 0.08558070645241611-44, id: 0.08558070645241611-45, id: 0.08558070645241611-46, id: 0.08558070645241611-47, id: 0.08558070645241611-48, id: 0.08558070645241611-49, id: 0.08558070645241611-50, id: 0.08558070645241611-51, id: 0.08558070645241611-52, id: 0.08558070645241611-53, id: 0.08558070645241611-54, id: 0.08558070645241611-55, id: 0.08558070645241611-56, id: 0.08558070645241611-57, id: 0.08558070645241611-58, id: 0.08558070645241611-59, id: 0.08558070645241611-60, id: 0.08558070645241611-61, id: 0.08558070645241611-62, id: 0.08558070645241611-63, id: 0.08558070645241611-64, id: 0.08558070645241611-65, id: 0.08558070645241611-66, id: 0.08558070645241611-67, id: 0.08558070645241611-68, id: 0.08558070645241611-69, id: 0.08558070645241611-70, id: 0.08558070645241611-71, id: 0.08558070645241611-72, id: 0.08558070645241611-73, id: 0.08558070645241611-74, id: 0.08558070645241611-75, id: 0.08558070645241611-76, id: 0.08558070645241611-77, id: 0.08558070645241611-78, id: 0.08558070645241611-79, id: 0.08558070645241611-80, id: 0.08558070645241611-81, id: 0.08558070645241611-82, id: 0.08558070645241611-83, id: 0.08558070645241611-84, id: 0.08558070645241611-85, id: 0.08558070645241611-86, id: 0.08558070645241611-87, id: 0.08558070645241611-88, id: 0.08558070645241611-89, id: 0.08558070645241611-90, id: 0.08558070645241611-91, id: 0.08558070645241611-92, id: 0.08558070645241611-93, id: 0.08558070645241611-94, id: 0.08558070645241611-95, id: 0.08558070645241611-96]
[WebDriverCommandLogger] - Executing getElementText element: By.xpath: //div[@id=&apos;c_articlelist_stories_2&apos;]/ul[1]/li/span[1]/a parameters: {&quot;id&quot;:&quot;0.08558070645241611-72&quot;}
[WebDriverCommandLogger] - command: getElementText[ param-1: By.xpath: //div[@id=&apos;c_articlelist_stories_2&apos;]/ul[1]/li/span[1]/a param-2: {&quot;id&quot;:&quot;0.08558070645241611-72&quot;}] Result: getElementText:Leptospirosis claims Warje resident after Konkan visit
[WebDriverCommandLogger] - Executing findElements parameters: {&quot;using&quot;:&quot;xpath&quot;,&quot;value&quot;:&quot;//div[@id=&apos;c_articlelist_stories_2&apos;]/ul[1]/li/span[2]/span[2]&quot;}
[WebDriverCommandLogger] - command: findElements[ param-1: {value=//div[@id=&apos;c_articlelist_stories_2&apos;]/ul[1]/li/span[2]/span[2], using=xpath}] Result: [id: 0.08558070645241611-97, id: 0.08558070645241611-98, id: 0.08558070645241611-99, id: 0.08558070645241611-100, id: 0.08558070645241611-101, id: 0.08558070645241611-102, id: 0.08558070645241611-103, id: 0.08558070645241611-104, id: 0.08558070645241611-105, id: 0.08558070645241611-106, id: 0.08558070645241611-107, id: 0.08558070645241611-108, id: 0.08558070645241611-109, id: 0.08558070645241611-110, id: 0.08558070645241611-111, id: 0.08558070645241611-112, id: 0.08558070645241611-113, id: 0.08558070645241611-114, id: 0.08558070645241611-115, id: 0.08558070645241611-116, id: 0.08558070645241611-117, id: 0.08558070645241611-118, id: 0.08558070645241611-119, id: 0.08558070645241611-120, id: 0.08558070645241611-121, id: 0.08558070645241611-122, id: 0.08558070645241611-123, id: 0.08558070645241611-124, id: 0.08558070645241611-125, id: 0.08558070645241611-126, id: 0.08558070645241611-127, id: 0.08558070645241611-128, id: 0.08558070645241611-129, id: 0.08558070645241611-130, id: 0.08558070645241611-131, id: 0.08558070645241611-132, id: 0.08558070645241611-133, id: 0.08558070645241611-134, id: 0.08558070645241611-135, id: 0.08558070645241611-136, id: 0.08558070645241611-137, id: 0.08558070645241611-138, id: 0.08558070645241611-139, id: 0.08558070645241611-140, id: 0.08558070645241611-141, id: 0.08558070645241611-142, id: 0.08558070645241611-143, id: 0.08558070645241611-144, id: 0.08558070645241611-145, id: 0.08558070645241611-146, id: 0.08558070645241611-147, id: 0.08558070645241611-148, id: 0.08558070645241611-149, id: 0.08558070645241611-150, id: 0.08558070645241611-151, id: 0.08558070645241611-152, id: 0.08558070645241611-153, id: 0.08558070645241611-154, id: 0.08558070645241611-155, id: 0.08558070645241611-156, id: 0.08558070645241611-157, id: 0.08558070645241611-158, id: 0.08558070645241611-159, id: 0.08558070645241611-160, id: 0.08558070645241611-161, id: 0.08558070645241611-162, id: 0.08558070645241611-163, id: 0.08558070645241611-164, id: 0.08558070645241611-165, id: 0.08558070645241611-166, id: 0.08558070645241611-167, id: 0.08558070645241611-168, id: 0.08558070645241611-169, id: 0.08558070645241611-170, id: 0.08558070645241611-171, id: 0.08558070645241611-172, id: 0.08558070645241611-173, id: 0.08558070645241611-174, id: 0.08558070645241611-175, id: 0.08558070645241611-176, id: 0.08558070645241611-177, id: 0.08558070645241611-178, id: 0.08558070645241611-179, id: 0.08558070645241611-180, id: 0.08558070645241611-181, id: 0.08558070645241611-182, id: 0.08558070645241611-183, id: 0.08558070645241611-184, id: 0.08558070645241611-185, id: 0.08558070645241611-186, id: 0.08558070645241611-187, id: 0.08558070645241611-188, id: 0.08558070645241611-189, id: 0.08558070645241611-190, id: 0.08558070645241611-191, id: 0.08558070645241611-192]
[WebDriverCommandLogger] - Executing getElementText element: By.xpath: //div[@id=&apos;c_articlelist_stories_2&apos;]/ul[1]/li/span[2]/span[2] parameters: {&quot;id&quot;:&quot;0.08558070645241611-168&quot;}
[WebDriverCommandLogger] - command: getElementText[ param-1: By.xpath: //div[@id=&apos;c_articlelist_stories_2&apos;]/ul[1]/li/span[2]/span[2] param-2: {&quot;id&quot;:&quot;0.08558070645241611-168&quot;}] Result: getElementText:2 DAYS AGO
[WebDriverCommandLogger] - Executing findElements parameters: {&quot;using&quot;:&quot;xpath&quot;,&quot;value&quot;:&quot;//div[@id=&apos;c_articlelist_stories_2&apos;]/ul[1]/li/span[1]/a&quot;}
[WebDriverCommandLogger] - command: findElements[ param-1: {value=//div[@id=&apos;c_articlelist_stories_2&apos;]/ul[1]/li/span[1]/a, using=xpath}] Result: [id: 0.08558070645241611-1, id: 0.08558070645241611-2, id: 0.08558070645241611-3, id: 0.08558070645241611-4, id: 0.08558070645241611-5, id: 0.08558070645241611-6, id: 0.08558070645241611-7, id: 0.08558070645241611-8, id: 0.08558070645241611-9, id: 0.08558070645241611-10, id: 0.08558070645241611-11, id: 0.08558070645241611-12, id: 0.08558070645241611-13, id: 0.08558070645241611-14, id: 0.08558070645241611-15, id: 0.08558070645241611-16, id: 0.08558070645241611-17, id: 0.08558070645241611-18, id: 0.08558070645241611-19, id: 0.08558070645241611-20, id: 0.08558070645241611-21, id: 0.08558070645241611-22, id: 0.08558070645241611-23, id: 0.08558070645241611-24, id: 0.08558070645241611-25, id: 0.08558070645241611-26, id: 0.08558070645241611-27, id: 0.08558070645241611-28, id: 0.08558070645241611-29, id: 0.08558070645241611-30, id: 0.08558070645241611-31, id: 0.08558070645241611-32, id: 0.08558070645241611-33, id: 0.08558070645241611-34, id: 0.08558070645241611-35, id: 0.08558070645241611-36, id: 0.08558070645241611-37, id: 0.08558070645241611-38, id: 0.08558070645241611-39, id: 0.08558070645241611-40, id: 0.08558070645241611-41, id: 0.08558070645241611-42, id: 0.08558070645241611-43, id: 0.08558070645241611-44, id: 0.08558070645241611-45, id: 0.08558070645241611-46, id: 0.08558070645241611-47, id: 0.08558070645241611-48, id: 0.08558070645241611-49, id: 0.08558070645241611-50, id: 0.08558070645241611-51, id: 0.08558070645241611-52, id: 0.08558070645241611-53, id: 0.08558070645241611-54, id: 0.08558070645241611-55, id: 0.08558070645241611-56, id: 0.08558070645241611-57, id: 0.08558070645241611-58, id: 0.08558070645241611-59, id: 0.08558070645241611-60, id: 0.08558070645241611-61, id: 0.08558070645241611-62, id: 0.08558070645241611-63, id: 0.08558070645241611-64, id: 0.08558070645241611-65, id: 0.08558070645241611-66, id: 0.08558070645241611-67, id: 0.08558070645241611-68, id: 0.08558070645241611-69, id: 0.08558070645241611-70, id: 0.08558070645241611-71, id: 0.08558070645241611-72, id: 0.08558070645241611-73, id: 0.08558070645241611-74, id: 0.08558070645241611-75, id: 0.08558070645241611-76, id: 0.08558070645241611-77, id: 0.08558070645241611-78, id: 0.08558070645241611-79, id: 0.08558070645241611-80, id: 0.08558070645241611-81, id: 0.08558070645241611-82, id: 0.08558070645241611-83, id: 0.08558070645241611-84, id: 0.08558070645241611-85, id: 0.08558070645241611-86, id: 0.08558070645241611-87, id: 0.08558070645241611-88, id: 0.08558070645241611-89, id: 0.08558070645241611-90, id: 0.08558070645241611-91, id: 0.08558070645241611-92, id: 0.08558070645241611-93, id: 0.08558070645241611-94, id: 0.08558070645241611-95, id: 0.08558070645241611-96]
[WebDriverCommandLogger] - Executing findElements parameters: {&quot;using&quot;:&quot;xpath&quot;,&quot;value&quot;:&quot;//div[@id=&apos;c_articlelist_stories_2&apos;]/ul[1]/li/span[1]/a&quot;}
[WebDriverCommandLogger] - command: findElements[ param-1: {value=//div[@id=&apos;c_articlelist_stories_2&apos;]/ul[1]/li/span[1]/a, using=xpath}] Result: [id: 0.08558070645241611-1, id: 0.08558070645241611-2, id: 0.08558070645241611-3, id: 0.08558070645241611-4, id: 0.08558070645241611-5, id: 0.08558070645241611-6, id: 0.08558070645241611-7, id: 0.08558070645241611-8, id: 0.08558070645241611-9, id: 0.08558070645241611-10, id: 0.08558070645241611-11, id: 0.08558070645241611-12, id: 0.08558070645241611-13, id: 0.08558070645241611-14, id: 0.08558070645241611-15, id: 0.08558070645241611-16, id: 0.08558070645241611-17, id: 0.08558070645241611-18, id: 0.08558070645241611-19, id: 0.08558070645241611-20, id: 0.08558070645241611-21, id: 0.08558070645241611-22, id: 0.08558070645241611-23, id: 0.08558070645241611-24, id: 0.08558070645241611-25, id: 0.08558070645241611-26, id: 0.08558070645241611-27, id: 0.08558070645241611-28, id: 0.08558070645241611-29, id: 0.08558070645241611-30, id: 0.08558070645241611-31, id: 0.08558070645241611-32, id: 0.08558070645241611-33, id: 0.08558070645241611-34, id: 0.08558070645241611-35, id: 0.08558070645241611-36, id: 0.08558070645241611-37, id: 0.08558070645241611-38, id: 0.08558070645241611-39, id: 0.08558070645241611-40, id: 0.08558070645241611-41, id: 0.08558070645241611-42, id: 0.08558070645241611-43, id: 0.08558070645241611-44, id: 0.08558070645241611-45, id: 0.08558070645241611-46, id: 0.08558070645241611-47, id: 0.08558070645241611-48, id: 0.08558070645241611-49, id: 0.08558070645241611-50, id: 0.08558070645241611-51, id: 0.08558070645241611-52, id: 0.08558070645241611-53, id: 0.08558070645241611-54, id: 0.08558070645241611-55, id: 0.08558070645241611-56, id: 0.08558070645241611-57, id: 0.08558070645241611-58, id: 0.08558070645241611-59, id: 0.08558070645241611-60, id: 0.08558070645241611-61, id: 0.08558070645241611-62, id: 0.08558070645241611-63, id: 0.08558070645241611-64, id: 0.08558070645241611-65, id: 0.08558070645241611-66, id: 0.08558070645241611-67, id: 0.08558070645241611-68, id: 0.08558070645241611-69, id: 0.08558070645241611-70, id: 0.08558070645241611-71, id: 0.08558070645241611-72, id: 0.08558070645241611-73, id: 0.08558070645241611-74, id: 0.08558070645241611-75, id: 0.08558070645241611-76, id: 0.08558070645241611-77, id: 0.08558070645241611-78, id: 0.08558070645241611-79, id: 0.08558070645241611-80, id: 0.08558070645241611-81, id: 0.08558070645241611-82, id: 0.08558070645241611-83, id: 0.08558070645241611-84, id: 0.08558070645241611-85, id: 0.08558070645241611-86, id: 0.08558070645241611-87, id: 0.08558070645241611-88, id: 0.08558070645241611-89, id: 0.08558070645241611-90, id: 0.08558070645241611-91, id: 0.08558070645241611-92, id: 0.08558070645241611-93, id: 0.08558070645241611-94, id: 0.08558070645241611-95, id: 0.08558070645241611-96]
[WebDriverCommandLogger] - Executing getElementText element: By.xpath: //div[@id=&apos;c_articlelist_stories_2&apos;]/ul[1]/li/span[1]/a parameters: {&quot;id&quot;:&quot;0.08558070645241611-73&quot;}
[WebDriverCommandLogger] - command: getElementText[ param-1: By.xpath: //div[@id=&apos;c_articlelist_stories_2&apos;]/ul[1]/li/span[1]/a param-2: {&quot;id&quot;:&quot;0.08558070645241611-73&quot;}] Result: getElementText:CET cell to hold Round 3 for MBA aspirants from July 11
[WebDriverCommandLogger] - Executing findElements parameters: {&quot;using&quot;:&quot;xpath&quot;,&quot;value&quot;:&quot;//div[@id=&apos;c_articlelist_stories_2&apos;]/ul[1]/li/span[2]/span[2]&quot;}
[WebDriverCommandLogger] - command: findElements[ param-1: {value=//div[@id=&apos;c_articlelist_stories_2&apos;]/ul[1]/li/span[2]/span[2], using=xpath}] Result: [id: 0.08558070645241611-97, id: 0.08558070645241611-98, id: 0.08558070645241611-99, id: 0.08558070645241611-100, id: 0.08558070645241611-101, id: 0.08558070645241611-102, id: 0.08558070645241611-103, id: 0.08558070645241611-104, id: 0.08558070645241611-105, id: 0.08558070645241611-106, id: 0.08558070645241611-107, id: 0.08558070645241611-108, id: 0.08558070645241611-109, id: 0.08558070645241611-110, id: 0.08558070645241611-111, id: 0.08558070645241611-112, id: 0.08558070645241611-113, id: 0.08558070645241611-114, id: 0.08558070645241611-115, id: 0.08558070645241611-116, id: 0.08558070645241611-117, id: 0.08558070645241611-118, id: 0.08558070645241611-119, id: 0.08558070645241611-120, id: 0.08558070645241611-121, id: 0.08558070645241611-122, id: 0.08558070645241611-123, id: 0.08558070645241611-124, id: 0.08558070645241611-125, id: 0.08558070645241611-126, id: 0.08558070645241611-127, id: 0.08558070645241611-128, id: 0.08558070645241611-129, id: 0.08558070645241611-130, id: 0.08558070645241611-131, id: 0.08558070645241611-132, id: 0.08558070645241611-133, id: 0.08558070645241611-134, id: 0.08558070645241611-135, id: 0.08558070645241611-136, id: 0.08558070645241611-137, id: 0.08558070645241611-138, id: 0.08558070645241611-139, id: 0.08558070645241611-140, id: 0.08558070645241611-141, id: 0.08558070645241611-142, id: 0.08558070645241611-143, id: 0.08558070645241611-144, id: 0.08558070645241611-145, id: 0.08558070645241611-146, id: 0.08558070645241611-147, id: 0.08558070645241611-148, id: 0.08558070645241611-149, id: 0.08558070645241611-150, id: 0.08558070645241611-151, id: 0.08558070645241611-152, id: 0.08558070645241611-153, id: 0.08558070645241611-154, id: 0.08558070645241611-155, id: 0.08558070645241611-156, id: 0.08558070645241611-157, id: 0.08558070645241611-158, id: 0.08558070645241611-159, id: 0.08558070645241611-160, id: 0.08558070645241611-161, id: 0.08558070645241611-162, id: 0.08558070645241611-163, id: 0.08558070645241611-164, id: 0.08558070645241611-165, id: 0.08558070645241611-166, id: 0.08558070645241611-167, id: 0.08558070645241611-168, id: 0.08558070645241611-169, id: 0.08558070645241611-170, id: 0.08558070645241611-171, id: 0.08558070645241611-172, id: 0.08558070645241611-173, id: 0.08558070645241611-174, id: 0.08558070645241611-175, id: 0.08558070645241611-176, id: 0.08558070645241611-177, id: 0.08558070645241611-178, id: 0.08558070645241611-179, id: 0.08558070645241611-180, id: 0.08558070645241611-181, id: 0.08558070645241611-182, id: 0.08558070645241611-183, id: 0.08558070645241611-184, id: 0.08558070645241611-185, id: 0.08558070645241611-186, id: 0.08558070645241611-187, id: 0.08558070645241611-188, id: 0.08558070645241611-189, id: 0.08558070645241611-190, id: 0.08558070645241611-191, id: 0.08558070645241611-192]
[WebDriverCommandLogger] - Executing getElementText element: By.xpath: //div[@id=&apos;c_articlelist_stories_2&apos;]/ul[1]/li/span[2]/span[2] parameters: {&quot;id&quot;:&quot;0.08558070645241611-169&quot;}
[WebDriverCommandLogger] - command: getElementText[ param-1: By.xpath: //div[@id=&apos;c_articlelist_stories_2&apos;]/ul[1]/li/span[2]/span[2] param-2: {&quot;id&quot;:&quot;0.08558070645241611-169&quot;}] Result: getElementText:2 DAYS AGO
[WebDriverCommandLogger] - Executing findElements parameters: {&quot;using&quot;:&quot;xpath&quot;,&quot;value&quot;:&quot;//div[@id=&apos;c_articlelist_stories_2&apos;]/ul[1]/li/span[1]/a&quot;}
[WebDriverCommandLogger] - command: findElements[ param-1: {value=//div[@id=&apos;c_articlelist_stories_2&apos;]/ul[1]/li/span[1]/a, using=xpath}] Result: [id: 0.08558070645241611-1, id: 0.08558070645241611-2, id: 0.08558070645241611-3, id: 0.08558070645241611-4, id: 0.08558070645241611-5, id: 0.08558070645241611-6, id: 0.08558070645241611-7, id: 0.08558070645241611-8, id: 0.08558070645241611-9, id: 0.08558070645241611-10, id: 0.08558070645241611-11, id: 0.08558070645241611-12, id: 0.08558070645241611-13, id: 0.08558070645241611-14, id: 0.08558070645241611-15, id: 0.08558070645241611-16, id: 0.08558070645241611-17, id: 0.08558070645241611-18, id: 0.08558070645241611-19, id: 0.08558070645241611-20, id: 0.08558070645241611-21, id: 0.08558070645241611-22, id: 0.08558070645241611-23, id: 0.08558070645241611-24, id: 0.08558070645241611-25, id: 0.08558070645241611-26, id: 0.08558070645241611-27, id: 0.08558070645241611-28, id: 0.08558070645241611-29, id: 0.08558070645241611-30, id: 0.08558070645241611-31, id: 0.08558070645241611-32, id: 0.08558070645241611-33, id: 0.08558070645241611-34, id: 0.08558070645241611-35, id: 0.08558070645241611-36, id: 0.08558070645241611-37, id: 0.08558070645241611-38, id: 0.08558070645241611-39, id: 0.08558070645241611-40, id: 0.08558070645241611-41, id: 0.08558070645241611-42, id: 0.08558070645241611-43, id: 0.08558070645241611-44, id: 0.08558070645241611-45, id: 0.08558070645241611-46, id: 0.08558070645241611-47, id: 0.08558070645241611-48, id: 0.08558070645241611-49, id: 0.08558070645241611-50, id: 0.08558070645241611-51, id: 0.08558070645241611-52, id: 0.08558070645241611-53, id: 0.08558070645241611-54, id: 0.08558070645241611-55, id: 0.08558070645241611-56, id: 0.08558070645241611-57, id: 0.08558070645241611-58, id: 0.08558070645241611-59, id: 0.08558070645241611-60, id: 0.08558070645241611-61, id: 0.08558070645241611-62, id: 0.08558070645241611-63, id: 0.08558070645241611-64, id: 0.08558070645241611-65, id: 0.08558070645241611-66, id: 0.08558070645241611-67, id: 0.08558070645241611-68, id: 0.08558070645241611-69, id: 0.08558070645241611-70, id: 0.08558070645241611-71, id: 0.08558070645241611-72, id: 0.08558070645241611-73, id: 0.08558070645241611-74, id: 0.08558070645241611-75, id: 0.08558070645241611-76, id: 0.08558070645241611-77, id: 0.08558070645241611-78, id: 0.08558070645241611-79, id: 0.08558070645241611-80, id: 0.08558070645241611-81, id: 0.08558070645241611-82, id: 0.08558070645241611-83, id: 0.08558070645241611-84, id: 0.08558070645241611-85, id: 0.08558070645241611-86, id: 0.08558070645241611-87, id: 0.08558070645241611-88, id: 0.08558070645241611-89, id: 0.08558070645241611-90, id: 0.08558070645241611-91, id: 0.08558070645241611-92, id: 0.08558070645241611-93, id: 0.08558070645241611-94, id: 0.08558070645241611-95, id: 0.08558070645241611-96]
[WebDriverCommandLogger] - Executing findElements parameters: {&quot;using&quot;:&quot;xpath&quot;,&quot;value&quot;:&quot;//div[@id=&apos;c_articlelist_stories_2&apos;]/ul[1]/li/span[1]/a&quot;}
[WebDriverCommandLogger] - command: findElements[ param-1: {value=//div[@id=&apos;c_articlelist_stories_2&apos;]/ul[1]/li/span[1]/a, using=xpath}] Result: [id: 0.08558070645241611-1, id: 0.08558070645241611-2, id: 0.08558070645241611-3, id: 0.08558070645241611-4, id: 0.08558070645241611-5, id: 0.08558070645241611-6, id: 0.08558070645241611-7, id: 0.08558070645241611-8, id: 0.08558070645241611-9, id: 0.08558070645241611-10, id: 0.08558070645241611-11, id: 0.08558070645241611-12, id: 0.08558070645241611-13, id: 0.08558070645241611-14, id: 0.08558070645241611-15, id: 0.08558070645241611-16, id: 0.08558070645241611-17, id: 0.08558070645241611-18, id: 0.08558070645241611-19, id: 0.08558070645241611-20, id: 0.08558070645241611-21, id: 0.08558070645241611-22, id: 0.08558070645241611-23, id: 0.08558070645241611-24, id: 0.08558070645241611-25, id: 0.08558070645241611-26, id: 0.08558070645241611-27, id: 0.08558070645241611-28, id: 0.08558070645241611-29, id: 0.08558070645241611-30, id: 0.08558070645241611-31, id: 0.08558070645241611-32, id: 0.08558070645241611-33, id: 0.08558070645241611-34, id: 0.08558070645241611-35, id: 0.08558070645241611-36, id: 0.08558070645241611-37, id: 0.08558070645241611-38, id: 0.08558070645241611-39, id: 0.08558070645241611-40, id: 0.08558070645241611-41, id: 0.08558070645241611-42, id: 0.08558070645241611-43, id: 0.08558070645241611-44, id: 0.08558070645241611-45, id: 0.08558070645241611-46, id: 0.08558070645241611-47, id: 0.08558070645241611-48, id: 0.08558070645241611-49, id: 0.08558070645241611-50, id: 0.08558070645241611-51, id: 0.08558070645241611-52, id: 0.08558070645241611-53, id: 0.08558070645241611-54, id: 0.08558070645241611-55, id: 0.08558070645241611-56, id: 0.08558070645241611-57, id: 0.08558070645241611-58, id: 0.08558070645241611-59, id: 0.08558070645241611-60, id: 0.08558070645241611-61, id: 0.08558070645241611-62, id: 0.08558070645241611-63, id: 0.08558070645241611-64, id: 0.08558070645241611-65, id: 0.08558070645241611-66, id: 0.08558070645241611-67, id: 0.08558070645241611-68, id: 0.08558070645241611-69, id: 0.08558070645241611-70, id: 0.08558070645241611-71, id: 0.08558070645241611-72, id: 0.08558070645241611-73, id: 0.08558070645241611-74, id: 0.08558070645241611-75, id: 0.08558070645241611-76, id: 0.08558070645241611-77, id: 0.08558070645241611-78, id: 0.08558070645241611-79, id: 0.08558070645241611-80, id: 0.08558070645241611-81, id: 0.08558070645241611-82, id: 0.08558070645241611-83, id: 0.08558070645241611-84, id: 0.08558070645241611-85, id: 0.08558070645241611-86, id: 0.08558070645241611-87, id: 0.08558070645241611-88, id: 0.08558070645241611-89, id: 0.08558070645241611-90, id: 0.08558070645241611-91, id: 0.08558070645241611-92, id: 0.08558070645241611-93, id: 0.08558070645241611-94, id: 0.08558070645241611-95, id: 0.08558070645241611-96]
[WebDriverCommandLogger] - Executing getElementText element: By.xpath: //div[@id=&apos;c_articlelist_stories_2&apos;]/ul[1]/li/span[1]/a parameters: {&quot;id&quot;:&quot;0.08558070645241611-74&quot;}
[WebDriverCommandLogger] - command: getElementText[ param-1: By.xpath: //div[@id=&apos;c_articlelist_stories_2&apos;]/ul[1]/li/span[1]/a param-2: {&quot;id&quot;:&quot;0.08558070645241611-74&quot;}] Result: getElementText:Administration takes temporary safety measures in landslide-prone Malin
[WebDriverCommandLogger] - Executing findElements parameters: {&quot;using&quot;:&quot;xpath&quot;,&quot;value&quot;:&quot;//div[@id=&apos;c_articlelist_stories_2&apos;]/ul[1]/li/span[2]/span[2]&quot;}
[WebDriverCommandLogger] - command: findElements[ param-1: {value=//div[@id=&apos;c_articlelist_stories_2&apos;]/ul[1]/li/span[2]/span[2], using=xpath}] Result: [id: 0.08558070645241611-97, id: 0.08558070645241611-98, id: 0.08558070645241611-99, id: 0.08558070645241611-100, id: 0.08558070645241611-101, id: 0.08558070645241611-102, id: 0.08558070645241611-103, id: 0.08558070645241611-104, id: 0.08558070645241611-105, id: 0.08558070645241611-106, id: 0.08558070645241611-107, id: 0.08558070645241611-108, id: 0.08558070645241611-109, id: 0.08558070645241611-110, id: 0.08558070645241611-111, id: 0.08558070645241611-112, id: 0.08558070645241611-113, id: 0.08558070645241611-114, id: 0.08558070645241611-115, id: 0.08558070645241611-116, id: 0.08558070645241611-117, id: 0.08558070645241611-118, id: 0.08558070645241611-119, id: 0.08558070645241611-120, id: 0.08558070645241611-121, id: 0.08558070645241611-122, id: 0.08558070645241611-123, id: 0.08558070645241611-124, id: 0.08558070645241611-125, id: 0.08558070645241611-126, id: 0.08558070645241611-127, id: 0.08558070645241611-128, id: 0.08558070645241611-129, id: 0.08558070645241611-130, id: 0.08558070645241611-131, id: 0.08558070645241611-132, id: 0.08558070645241611-133, id: 0.08558070645241611-134, id: 0.08558070645241611-135, id: 0.08558070645241611-136, id: 0.08558070645241611-137, id: 0.08558070645241611-138, id: 0.08558070645241611-139, id: 0.08558070645241611-140, id: 0.08558070645241611-141, id: 0.08558070645241611-142, id: 0.08558070645241611-143, id: 0.08558070645241611-144, id: 0.08558070645241611-145, id: 0.08558070645241611-146, id: 0.08558070645241611-147, id: 0.08558070645241611-148, id: 0.08558070645241611-149, id: 0.08558070645241611-150, id: 0.08558070645241611-151, id: 0.08558070645241611-152, id: 0.08558070645241611-153, id: 0.08558070645241611-154, id: 0.08558070645241611-155, id: 0.08558070645241611-156, id: 0.08558070645241611-157, id: 0.08558070645241611-158, id: 0.08558070645241611-159, id: 0.08558070645241611-160, id: 0.08558070645241611-161, id: 0.08558070645241611-162, id: 0.08558070645241611-163, id: 0.08558070645241611-164, id: 0.08558070645241611-165, id: 0.08558070645241611-166, id: 0.08558070645241611-167, id: 0.08558070645241611-168, id: 0.08558070645241611-169, id: 0.08558070645241611-170, id: 0.08558070645241611-171, id: 0.08558070645241611-172, id: 0.08558070645241611-173, id: 0.08558070645241611-174, id: 0.08558070645241611-175, id: 0.08558070645241611-176, id: 0.08558070645241611-177, id: 0.08558070645241611-178, id: 0.08558070645241611-179, id: 0.08558070645241611-180, id: 0.08558070645241611-181, id: 0.08558070645241611-182, id: 0.08558070645241611-183, id: 0.08558070645241611-184, id: 0.08558070645241611-185, id: 0.08558070645241611-186, id: 0.08558070645241611-187, id: 0.08558070645241611-188, id: 0.08558070645241611-189, id: 0.08558070645241611-190, id: 0.08558070645241611-191, id: 0.08558070645241611-192]
[WebDriverCommandLogger] - Executing getElementText element: By.xpath: //div[@id=&apos;c_articlelist_stories_2&apos;]/ul[1]/li/span[2]/span[2] parameters: {&quot;id&quot;:&quot;0.08558070645241611-170&quot;}
[WebDriverCommandLogger] - command: getElementText[ param-1: By.xpath: //div[@id=&apos;c_articlelist_stories_2&apos;]/ul[1]/li/span[2]/span[2] param-2: {&quot;id&quot;:&quot;0.08558070645241611-170&quot;}] Result: getElementText:2 DAYS AGO
[WebDriverCommandLogger] - Executing findElements parameters: {&quot;using&quot;:&quot;xpath&quot;,&quot;value&quot;:&quot;//div[@id=&apos;c_articlelist_stories_2&apos;]/ul[1]/li/span[1]/a&quot;}
[WebDriverCommandLogger] - command: findElements[ param-1: {value=//div[@id=&apos;c_articlelist_stories_2&apos;]/ul[1]/li/span[1]/a, using=xpath}] Result: [id: 0.08558070645241611-1, id: 0.08558070645241611-2, id: 0.08558070645241611-3, id: 0.08558070645241611-4, id: 0.08558070645241611-5, id: 0.08558070645241611-6, id: 0.08558070645241611-7, id: 0.08558070645241611-8, id: 0.08558070645241611-9, id: 0.08558070645241611-10, id: 0.08558070645241611-11, id: 0.08558070645241611-12, id: 0.08558070645241611-13, id: 0.08558070645241611-14, id: 0.08558070645241611-15, id: 0.08558070645241611-16, id: 0.08558070645241611-17, id: 0.08558070645241611-18, id: 0.08558070645241611-19, id: 0.08558070645241611-20, id: 0.08558070645241611-21, id: 0.08558070645241611-22, id: 0.08558070645241611-23, id: 0.08558070645241611-24, id: 0.08558070645241611-25, id: 0.08558070645241611-26, id: 0.08558070645241611-27, id: 0.08558070645241611-28, id: 0.08558070645241611-29, id: 0.08558070645241611-30, id: 0.08558070645241611-31, id: 0.08558070645241611-32, id: 0.08558070645241611-33, id: 0.08558070645241611-34, id: 0.08558070645241611-35, id: 0.08558070645241611-36, id: 0.08558070645241611-37, id: 0.08558070645241611-38, id: 0.08558070645241611-39, id: 0.08558070645241611-40, id: 0.08558070645241611-41, id: 0.08558070645241611-42, id: 0.08558070645241611-43, id: 0.08558070645241611-44, id: 0.08558070645241611-45, id: 0.08558070645241611-46, id: 0.08558070645241611-47, id: 0.08558070645241611-48, id: 0.08558070645241611-49, id: 0.08558070645241611-50, id: 0.08558070645241611-51, id: 0.08558070645241611-52, id: 0.08558070645241611-53, id: 0.08558070645241611-54, id: 0.08558070645241611-55, id: 0.08558070645241611-56, id: 0.08558070645241611-57, id: 0.08558070645241611-58, id: 0.08558070645241611-59, id: 0.08558070645241611-60, id: 0.08558070645241611-61, id: 0.08558070645241611-62, id: 0.08558070645241611-63, id: 0.08558070645241611-64, id: 0.08558070645241611-65, id: 0.08558070645241611-66, id: 0.08558070645241611-67, id: 0.08558070645241611-68, id: 0.08558070645241611-69, id: 0.08558070645241611-70, id: 0.08558070645241611-71, id: 0.08558070645241611-72, id: 0.08558070645241611-73, id: 0.08558070645241611-74, id: 0.08558070645241611-75, id: 0.08558070645241611-76, id: 0.08558070645241611-77, id: 0.08558070645241611-78, id: 0.08558070645241611-79, id: 0.08558070645241611-80, id: 0.08558070645241611-81, id: 0.08558070645241611-82, id: 0.08558070645241611-83, id: 0.08558070645241611-84, id: 0.08558070645241611-85, id: 0.08558070645241611-86, id: 0.08558070645241611-87, id: 0.08558070645241611-88, id: 0.08558070645241611-89, id: 0.08558070645241611-90, id: 0.08558070645241611-91, id: 0.08558070645241611-92, id: 0.08558070645241611-93, id: 0.08558070645241611-94, id: 0.08558070645241611-95, id: 0.08558070645241611-96]
[WebDriverCommandLogger] - Executing findElements parameters: {&quot;using&quot;:&quot;xpath&quot;,&quot;value&quot;:&quot;//div[@id=&apos;c_articlelist_stories_2&apos;]/ul[1]/li/span[1]/a&quot;}
[WebDriverCommandLogger] - command: findElements[ param-1: {value=//div[@id=&apos;c_articlelist_stories_2&apos;]/ul[1]/li/span[1]/a, using=xpath}] Result: [id: 0.08558070645241611-1, id: 0.08558070645241611-2, id: 0.08558070645241611-3, id: 0.08558070645241611-4, id: 0.08558070645241611-5, id: 0.08558070645241611-6, id: 0.08558070645241611-7, id: 0.08558070645241611-8, id: 0.08558070645241611-9, id: 0.08558070645241611-10, id: 0.08558070645241611-11, id: 0.08558070645241611-12, id: 0.08558070645241611-13, id: 0.08558070645241611-14, id: 0.08558070645241611-15, id: 0.08558070645241611-16, id: 0.08558070645241611-17, id: 0.08558070645241611-18, id: 0.08558070645241611-19, id: 0.08558070645241611-20, id: 0.08558070645241611-21, id: 0.08558070645241611-22, id: 0.08558070645241611-23, id: 0.08558070645241611-24, id: 0.08558070645241611-25, id: 0.08558070645241611-26, id: 0.08558070645241611-27, id: 0.08558070645241611-28, id: 0.08558070645241611-29, id: 0.08558070645241611-30, id: 0.08558070645241611-31, id: 0.08558070645241611-32, id: 0.08558070645241611-33, id: 0.08558070645241611-34, id: 0.08558070645241611-35, id: 0.08558070645241611-36, id: 0.08558070645241611-37, id: 0.08558070645241611-38, id: 0.08558070645241611-39, id: 0.08558070645241611-40, id: 0.08558070645241611-41, id: 0.08558070645241611-42, id: 0.08558070645241611-43, id: 0.08558070645241611-44, id: 0.08558070645241611-45, id: 0.08558070645241611-46, id: 0.08558070645241611-47, id: 0.08558070645241611-48, id: 0.08558070645241611-49, id: 0.08558070645241611-50, id: 0.08558070645241611-51, id: 0.08558070645241611-52, id: 0.08558070645241611-53, id: 0.08558070645241611-54, id: 0.08558070645241611-55, id: 0.08558070645241611-56, id: 0.08558070645241611-57, id: 0.08558070645241611-58, id: 0.08558070645241611-59, id: 0.08558070645241611-60, id: 0.08558070645241611-61, id: 0.08558070645241611-62, id: 0.08558070645241611-63, id: 0.08558070645241611-64, id: 0.08558070645241611-65, id: 0.08558070645241611-66, id: 0.08558070645241611-67, id: 0.08558070645241611-68, id: 0.08558070645241611-69, id: 0.08558070645241611-70, id: 0.08558070645241611-71, id: 0.08558070645241611-72, id: 0.08558070645241611-73, id: 0.08558070645241611-74, id: 0.08558070645241611-75, id: 0.08558070645241611-76, id: 0.08558070645241611-77, id: 0.08558070645241611-78, id: 0.08558070645241611-79, id: 0.08558070645241611-80, id: 0.08558070645241611-81, id: 0.08558070645241611-82, id: 0.08558070645241611-83, id: 0.08558070645241611-84, id: 0.08558070645241611-85, id: 0.08558070645241611-86, id: 0.08558070645241611-87, id: 0.08558070645241611-88, id: 0.08558070645241611-89, id: 0.08558070645241611-90, id: 0.08558070645241611-91, id: 0.08558070645241611-92, id: 0.08558070645241611-93, id: 0.08558070645241611-94, id: 0.08558070645241611-95, id: 0.08558070645241611-96]
[WebDriverCommandLogger] - Executing getElementText element: By.xpath: //div[@id=&apos;c_articlelist_stories_2&apos;]/ul[1]/li/span[1]/a parameters: {&quot;id&quot;:&quot;0.08558070645241611-75&quot;}
[WebDriverCommandLogger] - command: getElementText[ param-1: By.xpath: //div[@id=&apos;c_articlelist_stories_2&apos;]/ul[1]/li/span[1]/a param-2: {&quot;id&quot;:&quot;0.08558070645241611-75&quot;}] Result: getElementText:Authorities tread cautiously before allowing e-rickshaws to run in Pune
[WebDriverCommandLogger] - Executing findElements parameters: {&quot;using&quot;:&quot;xpath&quot;,&quot;value&quot;:&quot;//div[@id=&apos;c_articlelist_stories_2&apos;]/ul[1]/li/span[2]/span[2]&quot;}
[WebDriverCommandLogger] - command: findElements[ param-1: {value=//div[@id=&apos;c_articlelist_stories_2&apos;]/ul[1]/li/span[2]/span[2], using=xpath}] Result: [id: 0.08558070645241611-97, id: 0.08558070645241611-98, id: 0.08558070645241611-99, id: 0.08558070645241611-100, id: 0.08558070645241611-101, id: 0.08558070645241611-102, id: 0.08558070645241611-103, id: 0.08558070645241611-104, id: 0.08558070645241611-105, id: 0.08558070645241611-106, id: 0.08558070645241611-107, id: 0.08558070645241611-108, id: 0.08558070645241611-109, id: 0.08558070645241611-110, id: 0.08558070645241611-111, id: 0.08558070645241611-112, id: 0.08558070645241611-113, id: 0.08558070645241611-114, id: 0.08558070645241611-115, id: 0.08558070645241611-116, id: 0.08558070645241611-117, id: 0.08558070645241611-118, id: 0.08558070645241611-119, id: 0.08558070645241611-120, id: 0.08558070645241611-121, id: 0.08558070645241611-122, id: 0.08558070645241611-123, id: 0.08558070645241611-124, id: 0.08558070645241611-125, id: 0.08558070645241611-126, id: 0.08558070645241611-127, id: 0.08558070645241611-128, id: 0.08558070645241611-129, id: 0.08558070645241611-130, id: 0.08558070645241611-131, id: 0.08558070645241611-132, id: 0.08558070645241611-133, id: 0.08558070645241611-134, id: 0.08558070645241611-135, id: 0.08558070645241611-136, id: 0.08558070645241611-137, id: 0.08558070645241611-138, id: 0.08558070645241611-139, id: 0.08558070645241611-140, id: 0.08558070645241611-141, id: 0.08558070645241611-142, id: 0.08558070645241611-143, id: 0.08558070645241611-144, id: 0.08558070645241611-145, id: 0.08558070645241611-146, id: 0.08558070645241611-147, id: 0.08558070645241611-148, id: 0.08558070645241611-149, id: 0.08558070645241611-150, id: 0.08558070645241611-151, id: 0.08558070645241611-152, id: 0.08558070645241611-153, id: 0.08558070645241611-154, id: 0.08558070645241611-155, id: 0.08558070645241611-156, id: 0.08558070645241611-157, id: 0.08558070645241611-158, id: 0.08558070645241611-159, id: 0.08558070645241611-160, id: 0.08558070645241611-161, id: 0.08558070645241611-162, id: 0.08558070645241611-163, id: 0.08558070645241611-164, id: 0.08558070645241611-165, id: 0.08558070645241611-166, id: 0.08558070645241611-167, id: 0.08558070645241611-168, id: 0.08558070645241611-169, id: 0.08558070645241611-170, id: 0.08558070645241611-171, id: 0.08558070645241611-172, id: 0.08558070645241611-173, id: 0.08558070645241611-174, id: 0.08558070645241611-175, id: 0.08558070645241611-176, id: 0.08558070645241611-177, id: 0.08558070645241611-178, id: 0.08558070645241611-179, id: 0.08558070645241611-180, id: 0.08558070645241611-181, id: 0.08558070645241611-182, id: 0.08558070645241611-183, id: 0.08558070645241611-184, id: 0.08558070645241611-185, id: 0.08558070645241611-186, id: 0.08558070645241611-187, id: 0.08558070645241611-188, id: 0.08558070645241611-189, id: 0.08558070645241611-190, id: 0.08558070645241611-191, id: 0.08558070645241611-192]
[WebDriverCommandLogger] - Executing getElementText element: By.xpath: //div[@id=&apos;c_articlelist_stories_2&apos;]/ul[1]/li/span[2]/span[2] parameters: {&quot;id&quot;:&quot;0.08558070645241611-171&quot;}
[WebDriverCommandLogger] - command: getElementText[ param-1: By.xpath: //div[@id=&apos;c_articlelist_stories_2&apos;]/ul[1]/li/span[2]/span[2] param-2: {&quot;id&quot;:&quot;0.08558070645241611-171&quot;}] Result: getElementText:2 DAYS AGO
[WebDriverCommandLogger] - Executing findElements parameters: {&quot;using&quot;:&quot;xpath&quot;,&quot;value&quot;:&quot;//div[@id=&apos;c_articlelist_stories_2&apos;]/ul[1]/li/span[1]/a&quot;}
[WebDriverCommandLogger] - command: findElements[ param-1: {value=//div[@id=&apos;c_articlelist_stories_2&apos;]/ul[1]/li/span[1]/a, using=xpath}] Result: [id: 0.08558070645241611-1, id: 0.08558070645241611-2, id: 0.08558070645241611-3, id: 0.08558070645241611-4, id: 0.08558070645241611-5, id: 0.08558070645241611-6, id: 0.08558070645241611-7, id: 0.08558070645241611-8, id: 0.08558070645241611-9, id: 0.08558070645241611-10, id: 0.08558070645241611-11, id: 0.08558070645241611-12, id: 0.08558070645241611-13, id: 0.08558070645241611-14, id: 0.08558070645241611-15, id: 0.08558070645241611-16, id: 0.08558070645241611-17, id: 0.08558070645241611-18, id: 0.08558070645241611-19, id: 0.08558070645241611-20, id: 0.08558070645241611-21, id: 0.08558070645241611-22, id: 0.08558070645241611-23, id: 0.08558070645241611-24, id: 0.08558070645241611-25, id: 0.08558070645241611-26, id: 0.08558070645241611-27, id: 0.08558070645241611-28, id: 0.08558070645241611-29, id: 0.08558070645241611-30, id: 0.08558070645241611-31, id: 0.08558070645241611-32, id: 0.08558070645241611-33, id: 0.08558070645241611-34, id: 0.08558070645241611-35, id: 0.08558070645241611-36, id: 0.08558070645241611-37, id: 0.08558070645241611-38, id: 0.08558070645241611-39, id: 0.08558070645241611-40, id: 0.08558070645241611-41, id: 0.08558070645241611-42, id: 0.08558070645241611-43, id: 0.08558070645241611-44, id: 0.08558070645241611-45, id: 0.08558070645241611-46, id: 0.08558070645241611-47, id: 0.08558070645241611-48, id: 0.08558070645241611-49, id: 0.08558070645241611-50, id: 0.08558070645241611-51, id: 0.08558070645241611-52, id: 0.08558070645241611-53, id: 0.08558070645241611-54, id: 0.08558070645241611-55, id: 0.08558070645241611-56, id: 0.08558070645241611-57, id: 0.08558070645241611-58, id: 0.08558070645241611-59, id: 0.08558070645241611-60, id: 0.08558070645241611-61, id: 0.08558070645241611-62, id: 0.08558070645241611-63, id: 0.08558070645241611-64, id: 0.08558070645241611-65, id: 0.08558070645241611-66, id: 0.08558070645241611-67, id: 0.08558070645241611-68, id: 0.08558070645241611-69, id: 0.08558070645241611-70, id: 0.08558070645241611-71, id: 0.08558070645241611-72, id: 0.08558070645241611-73, id: 0.08558070645241611-74, id: 0.08558070645241611-75, id: 0.08558070645241611-76, id: 0.08558070645241611-77, id: 0.08558070645241611-78, id: 0.08558070645241611-79, id: 0.08558070645241611-80, id: 0.08558070645241611-81, id: 0.08558070645241611-82, id: 0.08558070645241611-83, id: 0.08558070645241611-84, id: 0.08558070645241611-85, id: 0.08558070645241611-86, id: 0.08558070645241611-87, id: 0.08558070645241611-88, id: 0.08558070645241611-89, id: 0.08558070645241611-90, id: 0.08558070645241611-91, id: 0.08558070645241611-92, id: 0.08558070645241611-93, id: 0.08558070645241611-94, id: 0.08558070645241611-95, id: 0.08558070645241611-96]
[WebDriverCommandLogger] - Executing findElements parameters: {&quot;using&quot;:&quot;xpath&quot;,&quot;value&quot;:&quot;//div[@id=&apos;c_articlelist_stories_2&apos;]/ul[1]/li/span[1]/a&quot;}
[WebDriverCommandLogger] - command: findElements[ param-1: {value=//div[@id=&apos;c_articlelist_stories_2&apos;]/ul[1]/li/span[1]/a, using=xpath}] Result: [id: 0.08558070645241611-1, id: 0.08558070645241611-2, id: 0.08558070645241611-3, id: 0.08558070645241611-4, id: 0.08558070645241611-5, id: 0.08558070645241611-6, id: 0.08558070645241611-7, id: 0.08558070645241611-8, id: 0.08558070645241611-9, id: 0.08558070645241611-10, id: 0.08558070645241611-11, id: 0.08558070645241611-12, id: 0.08558070645241611-13, id: 0.08558070645241611-14, id: 0.08558070645241611-15, id: 0.08558070645241611-16, id: 0.08558070645241611-17, id: 0.08558070645241611-18, id: 0.08558070645241611-19, id: 0.08558070645241611-20, id: 0.08558070645241611-21, id: 0.08558070645241611-22, id: 0.08558070645241611-23, id: 0.08558070645241611-24, id: 0.08558070645241611-25, id: 0.08558070645241611-26, id: 0.08558070645241611-27, id: 0.08558070645241611-28, id: 0.08558070645241611-29, id: 0.08558070645241611-30, id: 0.08558070645241611-31, id: 0.08558070645241611-32, id: 0.08558070645241611-33, id: 0.08558070645241611-34, id: 0.08558070645241611-35, id: 0.08558070645241611-36, id: 0.08558070645241611-37, id: 0.08558070645241611-38, id: 0.08558070645241611-39, id: 0.08558070645241611-40, id: 0.08558070645241611-41, id: 0.08558070645241611-42, id: 0.08558070645241611-43, id: 0.08558070645241611-44, id: 0.08558070645241611-45, id: 0.08558070645241611-46, id: 0.08558070645241611-47, id: 0.08558070645241611-48, id: 0.08558070645241611-49, id: 0.08558070645241611-50, id: 0.08558070645241611-51, id: 0.08558070645241611-52, id: 0.08558070645241611-53, id: 0.08558070645241611-54, id: 0.08558070645241611-55, id: 0.08558070645241611-56, id: 0.08558070645241611-57, id: 0.08558070645241611-58, id: 0.08558070645241611-59, id: 0.08558070645241611-60, id: 0.08558070645241611-61, id: 0.08558070645241611-62, id: 0.08558070645241611-63, id: 0.08558070645241611-64, id: 0.08558070645241611-65, id: 0.08558070645241611-66, id: 0.08558070645241611-67, id: 0.08558070645241611-68, id: 0.08558070645241611-69, id: 0.08558070645241611-70, id: 0.08558070645241611-71, id: 0.08558070645241611-72, id: 0.08558070645241611-73, id: 0.08558070645241611-74, id: 0.08558070645241611-75, id: 0.08558070645241611-76, id: 0.08558070645241611-77, id: 0.08558070645241611-78, id: 0.08558070645241611-79, id: 0.08558070645241611-80, id: 0.08558070645241611-81, id: 0.08558070645241611-82, id: 0.08558070645241611-83, id: 0.08558070645241611-84, id: 0.08558070645241611-85, id: 0.08558070645241611-86, id: 0.08558070645241611-87, id: 0.08558070645241611-88, id: 0.08558070645241611-89, id: 0.08558070645241611-90, id: 0.08558070645241611-91, id: 0.08558070645241611-92, id: 0.08558070645241611-93, id: 0.08558070645241611-94, id: 0.08558070645241611-95, id: 0.08558070645241611-96]
[WebDriverCommandLogger] - Executing getElementText element: By.xpath: //div[@id=&apos;c_articlelist_stories_2&apos;]/ul[1]/li/span[1]/a parameters: {&quot;id&quot;:&quot;0.08558070645241611-76&quot;}
[WebDriverCommandLogger] - command: getElementText[ param-1: By.xpath: //div[@id=&apos;c_articlelist_stories_2&apos;]/ul[1]/li/span[1]/a param-2: {&quot;id&quot;:&quot;0.08558070645241611-76&quot;}] Result: getElementText:Police book builder, aide under MOFA
[WebDriverCommandLogger] - Executing findElements parameters: {&quot;using&quot;:&quot;xpath&quot;,&quot;value&quot;:&quot;//div[@id=&apos;c_articlelist_stories_2&apos;]/ul[1]/li/span[2]/span[2]&quot;}
[WebDriverCommandLogger] - command: findElements[ param-1: {value=//div[@id=&apos;c_articlelist_stories_2&apos;]/ul[1]/li/span[2]/span[2], using=xpath}] Result: [id: 0.08558070645241611-97, id: 0.08558070645241611-98, id: 0.08558070645241611-99, id: 0.08558070645241611-100, id: 0.08558070645241611-101, id: 0.08558070645241611-102, id: 0.08558070645241611-103, id: 0.08558070645241611-104, id: 0.08558070645241611-105, id: 0.08558070645241611-106, id: 0.08558070645241611-107, id: 0.08558070645241611-108, id: 0.08558070645241611-109, id: 0.08558070645241611-110, id: 0.08558070645241611-111, id: 0.08558070645241611-112, id: 0.08558070645241611-113, id: 0.08558070645241611-114, id: 0.08558070645241611-115, id: 0.08558070645241611-116, id: 0.08558070645241611-117, id: 0.08558070645241611-118, id: 0.08558070645241611-119, id: 0.08558070645241611-120, id: 0.08558070645241611-121, id: 0.08558070645241611-122, id: 0.08558070645241611-123, id: 0.08558070645241611-124, id: 0.08558070645241611-125, id: 0.08558070645241611-126, id: 0.08558070645241611-127, id: 0.08558070645241611-128, id: 0.08558070645241611-129, id: 0.08558070645241611-130, id: 0.08558070645241611-131, id: 0.08558070645241611-132, id: 0.08558070645241611-133, id: 0.08558070645241611-134, id: 0.08558070645241611-135, id: 0.08558070645241611-136, id: 0.08558070645241611-137, id: 0.08558070645241611-138, id: 0.08558070645241611-139, id: 0.08558070645241611-140, id: 0.08558070645241611-141, id: 0.08558070645241611-142, id: 0.08558070645241611-143, id: 0.08558070645241611-144, id: 0.08558070645241611-145, id: 0.08558070645241611-146, id: 0.08558070645241611-147, id: 0.08558070645241611-148, id: 0.08558070645241611-149, id: 0.08558070645241611-150, id: 0.08558070645241611-151, id: 0.08558070645241611-152, id: 0.08558070645241611-153, id: 0.08558070645241611-154, id: 0.08558070645241611-155, id: 0.08558070645241611-156, id: 0.08558070645241611-157, id: 0.08558070645241611-158, id: 0.08558070645241611-159, id: 0.08558070645241611-160, id: 0.08558070645241611-161, id: 0.08558070645241611-162, id: 0.08558070645241611-163, id: 0.08558070645241611-164, id: 0.08558070645241611-165, id: 0.08558070645241611-166, id: 0.08558070645241611-167, id: 0.08558070645241611-168, id: 0.08558070645241611-169, id: 0.08558070645241611-170, id: 0.08558070645241611-171, id: 0.08558070645241611-172, id: 0.08558070645241611-173, id: 0.08558070645241611-174, id: 0.08558070645241611-175, id: 0.08558070645241611-176, id: 0.08558070645241611-177, id: 0.08558070645241611-178, id: 0.08558070645241611-179, id: 0.08558070645241611-180, id: 0.08558070645241611-181, id: 0.08558070645241611-182, id: 0.08558070645241611-183, id: 0.08558070645241611-184, id: 0.08558070645241611-185, id: 0.08558070645241611-186, id: 0.08558070645241611-187, id: 0.08558070645241611-188, id: 0.08558070645241611-189, id: 0.08558070645241611-190, id: 0.08558070645241611-191, id: 0.08558070645241611-192]
[WebDriverCommandLogger] - Executing getElementText element: By.xpath: //div[@id=&apos;c_articlelist_stories_2&apos;]/ul[1]/li/span[2]/span[2] parameters: {&quot;id&quot;:&quot;0.08558070645241611-172&quot;}
[WebDriverCommandLogger] - command: getElementText[ param-1: By.xpath: //div[@id=&apos;c_articlelist_stories_2&apos;]/ul[1]/li/span[2]/span[2] param-2: {&quot;id&quot;:&quot;0.08558070645241611-172&quot;}] Result: getElementText:2 DAYS AGO
[WebDriverCommandLogger] - Executing findElements parameters: {&quot;using&quot;:&quot;xpath&quot;,&quot;value&quot;:&quot;//div[@id=&apos;c_articlelist_stories_2&apos;]/ul[1]/li/span[1]/a&quot;}
[WebDriverCommandLogger] - command: findElements[ param-1: {value=//div[@id=&apos;c_articlelist_stories_2&apos;]/ul[1]/li/span[1]/a, using=xpath}] Result: [id: 0.08558070645241611-1, id: 0.08558070645241611-2, id: 0.08558070645241611-3, id: 0.08558070645241611-4, id: 0.08558070645241611-5, id: 0.08558070645241611-6, id: 0.08558070645241611-7, id: 0.08558070645241611-8, id: 0.08558070645241611-9, id: 0.08558070645241611-10, id: 0.08558070645241611-11, id: 0.08558070645241611-12, id: 0.08558070645241611-13, id: 0.08558070645241611-14, id: 0.08558070645241611-15, id: 0.08558070645241611-16, id: 0.08558070645241611-17, id: 0.08558070645241611-18, id: 0.08558070645241611-19, id: 0.08558070645241611-20, id: 0.08558070645241611-21, id: 0.08558070645241611-22, id: 0.08558070645241611-23, id: 0.08558070645241611-24, id: 0.08558070645241611-25, id: 0.08558070645241611-26, id: 0.08558070645241611-27, id: 0.08558070645241611-28, id: 0.08558070645241611-29, id: 0.08558070645241611-30, id: 0.08558070645241611-31, id: 0.08558070645241611-32, id: 0.08558070645241611-33, id: 0.08558070645241611-34, id: 0.08558070645241611-35, id: 0.08558070645241611-36, id: 0.08558070645241611-37, id: 0.08558070645241611-38, id: 0.08558070645241611-39, id: 0.08558070645241611-40, id: 0.08558070645241611-41, id: 0.08558070645241611-42, id: 0.08558070645241611-43, id: 0.08558070645241611-44, id: 0.08558070645241611-45, id: 0.08558070645241611-46, id: 0.08558070645241611-47, id: 0.08558070645241611-48, id: 0.08558070645241611-49, id: 0.08558070645241611-50, id: 0.08558070645241611-51, id: 0.08558070645241611-52, id: 0.08558070645241611-53, id: 0.08558070645241611-54, id: 0.08558070645241611-55, id: 0.08558070645241611-56, id: 0.08558070645241611-57, id: 0.08558070645241611-58, id: 0.08558070645241611-59, id: 0.08558070645241611-60, id: 0.08558070645241611-61, id: 0.08558070645241611-62, id: 0.08558070645241611-63, id: 0.08558070645241611-64, id: 0.08558070645241611-65, id: 0.08558070645241611-66, id: 0.08558070645241611-67, id: 0.08558070645241611-68, id: 0.08558070645241611-69, id: 0.08558070645241611-70, id: 0.08558070645241611-71, id: 0.08558070645241611-72, id: 0.08558070645241611-73, id: 0.08558070645241611-74, id: 0.08558070645241611-75, id: 0.08558070645241611-76, id: 0.08558070645241611-77, id: 0.08558070645241611-78, id: 0.08558070645241611-79, id: 0.08558070645241611-80, id: 0.08558070645241611-81, id: 0.08558070645241611-82, id: 0.08558070645241611-83, id: 0.08558070645241611-84, id: 0.08558070645241611-85, id: 0.08558070645241611-86, id: 0.08558070645241611-87, id: 0.08558070645241611-88, id: 0.08558070645241611-89, id: 0.08558070645241611-90, id: 0.08558070645241611-91, id: 0.08558070645241611-92, id: 0.08558070645241611-93, id: 0.08558070645241611-94, id: 0.08558070645241611-95, id: 0.08558070645241611-96]
[WebDriverCommandLogger] - Executing findElements parameters: {&quot;using&quot;:&quot;xpath&quot;,&quot;value&quot;:&quot;//div[@id=&apos;c_articlelist_stories_2&apos;]/ul[1]/li/span[1]/a&quot;}
[WebDriverCommandLogger] - command: findElements[ param-1: {value=//div[@id=&apos;c_articlelist_stories_2&apos;]/ul[1]/li/span[1]/a, using=xpath}] Result: [id: 0.08558070645241611-1, id: 0.08558070645241611-2, id: 0.08558070645241611-3, id: 0.08558070645241611-4, id: 0.08558070645241611-5, id: 0.08558070645241611-6, id: 0.08558070645241611-7, id: 0.08558070645241611-8, id: 0.08558070645241611-9, id: 0.08558070645241611-10, id: 0.08558070645241611-11, id: 0.08558070645241611-12, id: 0.08558070645241611-13, id: 0.08558070645241611-14, id: 0.08558070645241611-15, id: 0.08558070645241611-16, id: 0.08558070645241611-17, id: 0.08558070645241611-18, id: 0.08558070645241611-19, id: 0.08558070645241611-20, id: 0.08558070645241611-21, id: 0.08558070645241611-22, id: 0.08558070645241611-23, id: 0.08558070645241611-24, id: 0.08558070645241611-25, id: 0.08558070645241611-26, id: 0.08558070645241611-27, id: 0.08558070645241611-28, id: 0.08558070645241611-29, id: 0.08558070645241611-30, id: 0.08558070645241611-31, id: 0.08558070645241611-32, id: 0.08558070645241611-33, id: 0.08558070645241611-34, id: 0.08558070645241611-35, id: 0.08558070645241611-36, id: 0.08558070645241611-37, id: 0.08558070645241611-38, id: 0.08558070645241611-39, id: 0.08558070645241611-40, id: 0.08558070645241611-41, id: 0.08558070645241611-42, id: 0.08558070645241611-43, id: 0.08558070645241611-44, id: 0.08558070645241611-45, id: 0.08558070645241611-46, id: 0.08558070645241611-47, id: 0.08558070645241611-48, id: 0.08558070645241611-49, id: 0.08558070645241611-50, id: 0.08558070645241611-51, id: 0.08558070645241611-52, id: 0.08558070645241611-53, id: 0.08558070645241611-54, id: 0.08558070645241611-55, id: 0.08558070645241611-56, id: 0.08558070645241611-57, id: 0.08558070645241611-58, id: 0.08558070645241611-59, id: 0.08558070645241611-60, id: 0.08558070645241611-61, id: 0.08558070645241611-62, id: 0.08558070645241611-63, id: 0.08558070645241611-64, id: 0.08558070645241611-65, id: 0.08558070645241611-66, id: 0.08558070645241611-67, id: 0.08558070645241611-68, id: 0.08558070645241611-69, id: 0.08558070645241611-70, id: 0.08558070645241611-71, id: 0.08558070645241611-72, id: 0.08558070645241611-73, id: 0.08558070645241611-74, id: 0.08558070645241611-75, id: 0.08558070645241611-76, id: 0.08558070645241611-77, id: 0.08558070645241611-78, id: 0.08558070645241611-79, id: 0.08558070645241611-80, id: 0.08558070645241611-81, id: 0.08558070645241611-82, id: 0.08558070645241611-83, id: 0.08558070645241611-84, id: 0.08558070645241611-85, id: 0.08558070645241611-86, id: 0.08558070645241611-87, id: 0.08558070645241611-88, id: 0.08558070645241611-89, id: 0.08558070645241611-90, id: 0.08558070645241611-91, id: 0.08558070645241611-92, id: 0.08558070645241611-93, id: 0.08558070645241611-94, id: 0.08558070645241611-95, id: 0.08558070645241611-96]
[WebDriverCommandLogger] - Executing getElementText element: By.xpath: //div[@id=&apos;c_articlelist_stories_2&apos;]/ul[1]/li/span[1]/a parameters: {&quot;id&quot;:&quot;0.08558070645241611-77&quot;}
[WebDriverCommandLogger] - command: getElementText[ param-1: By.xpath: //div[@id=&apos;c_articlelist_stories_2&apos;]/ul[1]/li/span[1]/a param-2: {&quot;id&quot;:&quot;0.08558070645241611-77&quot;}] Result: getElementText:PMC uses porous paver blocks for better drainage
[WebDriverCommandLogger] - Executing findElements parameters: {&quot;using&quot;:&quot;xpath&quot;,&quot;value&quot;:&quot;//div[@id=&apos;c_articlelist_stories_2&apos;]/ul[1]/li/span[2]/span[2]&quot;}
[WebDriverCommandLogger] - command: findElements[ param-1: {value=//div[@id=&apos;c_articlelist_stories_2&apos;]/ul[1]/li/span[2]/span[2], using=xpath}] Result: [id: 0.08558070645241611-97, id: 0.08558070645241611-98, id: 0.08558070645241611-99, id: 0.08558070645241611-100, id: 0.08558070645241611-101, id: 0.08558070645241611-102, id: 0.08558070645241611-103, id: 0.08558070645241611-104, id: 0.08558070645241611-105, id: 0.08558070645241611-106, id: 0.08558070645241611-107, id: 0.08558070645241611-108, id: 0.08558070645241611-109, id: 0.08558070645241611-110, id: 0.08558070645241611-111, id: 0.08558070645241611-112, id: 0.08558070645241611-113, id: 0.08558070645241611-114, id: 0.08558070645241611-115, id: 0.08558070645241611-116, id: 0.08558070645241611-117, id: 0.08558070645241611-118, id: 0.08558070645241611-119, id: 0.08558070645241611-120, id: 0.08558070645241611-121, id: 0.08558070645241611-122, id: 0.08558070645241611-123, id: 0.08558070645241611-124, id: 0.08558070645241611-125, id: 0.08558070645241611-126, id: 0.08558070645241611-127, id: 0.08558070645241611-128, id: 0.08558070645241611-129, id: 0.08558070645241611-130, id: 0.08558070645241611-131, id: 0.08558070645241611-132, id: 0.08558070645241611-133, id: 0.08558070645241611-134, id: 0.08558070645241611-135, id: 0.08558070645241611-136, id: 0.08558070645241611-137, id: 0.08558070645241611-138, id: 0.08558070645241611-139, id: 0.08558070645241611-140, id: 0.08558070645241611-141, id: 0.08558070645241611-142, id: 0.08558070645241611-143, id: 0.08558070645241611-144, id: 0.08558070645241611-145, id: 0.08558070645241611-146, id: 0.08558070645241611-147, id: 0.08558070645241611-148, id: 0.08558070645241611-149, id: 0.08558070645241611-150, id: 0.08558070645241611-151, id: 0.08558070645241611-152, id: 0.08558070645241611-153, id: 0.08558070645241611-154, id: 0.08558070645241611-155, id: 0.08558070645241611-156, id: 0.08558070645241611-157, id: 0.08558070645241611-158, id: 0.08558070645241611-159, id: 0.08558070645241611-160, id: 0.08558070645241611-161, id: 0.08558070645241611-162, id: 0.08558070645241611-163, id: 0.08558070645241611-164, id: 0.08558070645241611-165, id: 0.08558070645241611-166, id: 0.08558070645241611-167, id: 0.08558070645241611-168, id: 0.08558070645241611-169, id: 0.08558070645241611-170, id: 0.08558070645241611-171, id: 0.08558070645241611-172, id: 0.08558070645241611-173, id: 0.08558070645241611-174, id: 0.08558070645241611-175, id: 0.08558070645241611-176, id: 0.08558070645241611-177, id: 0.08558070645241611-178, id: 0.08558070645241611-179, id: 0.08558070645241611-180, id: 0.08558070645241611-181, id: 0.08558070645241611-182, id: 0.08558070645241611-183, id: 0.08558070645241611-184, id: 0.08558070645241611-185, id: 0.08558070645241611-186, id: 0.08558070645241611-187, id: 0.08558070645241611-188, id: 0.08558070645241611-189, id: 0.08558070645241611-190, id: 0.08558070645241611-191, id: 0.08558070645241611-192]
[WebDriverCommandLogger] - Executing getElementText element: By.xpath: //div[@id=&apos;c_articlelist_stories_2&apos;]/ul[1]/li/span[2]/span[2] parameters: {&quot;id&quot;:&quot;0.08558070645241611-173&quot;}
[WebDriverCommandLogger] - command: getElementText[ param-1: By.xpath: //div[@id=&apos;c_articlelist_stories_2&apos;]/ul[1]/li/span[2]/span[2] param-2: {&quot;id&quot;:&quot;0.08558070645241611-173&quot;}] Result: getElementText:2 DAYS AGO
[WebDriverCommandLogger] - Executing findElements parameters: {&quot;using&quot;:&quot;xpath&quot;,&quot;value&quot;:&quot;//div[@id=&apos;c_articlelist_stories_2&apos;]/ul[1]/li/span[1]/a&quot;}
[WebDriverCommandLogger] - command: findElements[ param-1: {value=//div[@id=&apos;c_articlelist_stories_2&apos;]/ul[1]/li/span[1]/a, using=xpath}] Result: [id: 0.08558070645241611-1, id: 0.08558070645241611-2, id: 0.08558070645241611-3, id: 0.08558070645241611-4, id: 0.08558070645241611-5, id: 0.08558070645241611-6, id: 0.08558070645241611-7, id: 0.08558070645241611-8, id: 0.08558070645241611-9, id: 0.08558070645241611-10, id: 0.08558070645241611-11, id: 0.08558070645241611-12, id: 0.08558070645241611-13, id: 0.08558070645241611-14, id: 0.08558070645241611-15, id: 0.08558070645241611-16, id: 0.08558070645241611-17, id: 0.08558070645241611-18, id: 0.08558070645241611-19, id: 0.08558070645241611-20, id: 0.08558070645241611-21, id: 0.08558070645241611-22, id: 0.08558070645241611-23, id: 0.08558070645241611-24, id: 0.08558070645241611-25, id: 0.08558070645241611-26, id: 0.08558070645241611-27, id: 0.08558070645241611-28, id: 0.08558070645241611-29, id: 0.08558070645241611-30, id: 0.08558070645241611-31, id: 0.08558070645241611-32, id: 0.08558070645241611-33, id: 0.08558070645241611-34, id: 0.08558070645241611-35, id: 0.08558070645241611-36, id: 0.08558070645241611-37, id: 0.08558070645241611-38, id: 0.08558070645241611-39, id: 0.08558070645241611-40, id: 0.08558070645241611-41, id: 0.08558070645241611-42, id: 0.08558070645241611-43, id: 0.08558070645241611-44, id: 0.08558070645241611-45, id: 0.08558070645241611-46, id: 0.08558070645241611-47, id: 0.08558070645241611-48, id: 0.08558070645241611-49, id: 0.08558070645241611-50, id: 0.08558070645241611-51, id: 0.08558070645241611-52, id: 0.08558070645241611-53, id: 0.08558070645241611-54, id: 0.08558070645241611-55, id: 0.08558070645241611-56, id: 0.08558070645241611-57, id: 0.08558070645241611-58, id: 0.08558070645241611-59, id: 0.08558070645241611-60, id: 0.08558070645241611-61, id: 0.08558070645241611-62, id: 0.08558070645241611-63, id: 0.08558070645241611-64, id: 0.08558070645241611-65, id: 0.08558070645241611-66, id: 0.08558070645241611-67, id: 0.08558070645241611-68, id: 0.08558070645241611-69, id: 0.08558070645241611-70, id: 0.08558070645241611-71, id: 0.08558070645241611-72, id: 0.08558070645241611-73, id: 0.08558070645241611-74, id: 0.08558070645241611-75, id: 0.08558070645241611-76, id: 0.08558070645241611-77, id: 0.08558070645241611-78, id: 0.08558070645241611-79, id: 0.08558070645241611-80, id: 0.08558070645241611-81, id: 0.08558070645241611-82, id: 0.08558070645241611-83, id: 0.08558070645241611-84, id: 0.08558070645241611-85, id: 0.08558070645241611-86, id: 0.08558070645241611-87, id: 0.08558070645241611-88, id: 0.08558070645241611-89, id: 0.08558070645241611-90, id: 0.08558070645241611-91, id: 0.08558070645241611-92, id: 0.08558070645241611-93, id: 0.08558070645241611-94, id: 0.08558070645241611-95, id: 0.08558070645241611-96]
[WebDriverCommandLogger] - Executing findElements parameters: {&quot;using&quot;:&quot;xpath&quot;,&quot;value&quot;:&quot;//div[@id=&apos;c_articlelist_stories_2&apos;]/ul[1]/li/span[1]/a&quot;}
[WebDriverCommandLogger] - command: findElements[ param-1: {value=//div[@id=&apos;c_articlelist_stories_2&apos;]/ul[1]/li/span[1]/a, using=xpath}] Result: [id: 0.08558070645241611-1, id: 0.08558070645241611-2, id: 0.08558070645241611-3, id: 0.08558070645241611-4, id: 0.08558070645241611-5, id: 0.08558070645241611-6, id: 0.08558070645241611-7, id: 0.08558070645241611-8, id: 0.08558070645241611-9, id: 0.08558070645241611-10, id: 0.08558070645241611-11, id: 0.08558070645241611-12, id: 0.08558070645241611-13, id: 0.08558070645241611-14, id: 0.08558070645241611-15, id: 0.08558070645241611-16, id: 0.08558070645241611-17, id: 0.08558070645241611-18, id: 0.08558070645241611-19, id: 0.08558070645241611-20, id: 0.08558070645241611-21, id: 0.08558070645241611-22, id: 0.08558070645241611-23, id: 0.08558070645241611-24, id: 0.08558070645241611-25, id: 0.08558070645241611-26, id: 0.08558070645241611-27, id: 0.08558070645241611-28, id: 0.08558070645241611-29, id: 0.08558070645241611-30, id: 0.08558070645241611-31, id: 0.08558070645241611-32, id: 0.08558070645241611-33, id: 0.08558070645241611-34, id: 0.08558070645241611-35, id: 0.08558070645241611-36, id: 0.08558070645241611-37, id: 0.08558070645241611-38, id: 0.08558070645241611-39, id: 0.08558070645241611-40, id: 0.08558070645241611-41, id: 0.08558070645241611-42, id: 0.08558070645241611-43, id: 0.08558070645241611-44, id: 0.08558070645241611-45, id: 0.08558070645241611-46, id: 0.08558070645241611-47, id: 0.08558070645241611-48, id: 0.08558070645241611-49, id: 0.08558070645241611-50, id: 0.08558070645241611-51, id: 0.08558070645241611-52, id: 0.08558070645241611-53, id: 0.08558070645241611-54, id: 0.08558070645241611-55, id: 0.08558070645241611-56, id: 0.08558070645241611-57, id: 0.08558070645241611-58, id: 0.08558070645241611-59, id: 0.08558070645241611-60, id: 0.08558070645241611-61, id: 0.08558070645241611-62, id: 0.08558070645241611-63, id: 0.08558070645241611-64, id: 0.08558070645241611-65, id: 0.08558070645241611-66, id: 0.08558070645241611-67, id: 0.08558070645241611-68, id: 0.08558070645241611-69, id: 0.08558070645241611-70, id: 0.08558070645241611-71, id: 0.08558070645241611-72, id: 0.08558070645241611-73, id: 0.08558070645241611-74, id: 0.08558070645241611-75, id: 0.08558070645241611-76, id: 0.08558070645241611-77, id: 0.08558070645241611-78, id: 0.08558070645241611-79, id: 0.08558070645241611-80, id: 0.08558070645241611-81, id: 0.08558070645241611-82, id: 0.08558070645241611-83, id: 0.08558070645241611-84, id: 0.08558070645241611-85, id: 0.08558070645241611-86, id: 0.08558070645241611-87, id: 0.08558070645241611-88, id: 0.08558070645241611-89, id: 0.08558070645241611-90, id: 0.08558070645241611-91, id: 0.08558070645241611-92, id: 0.08558070645241611-93, id: 0.08558070645241611-94, id: 0.08558070645241611-95, id: 0.08558070645241611-96]
[WebDriverCommandLogger] - Executing getElementText element: By.xpath: //div[@id=&apos;c_articlelist_stories_2&apos;]/ul[1]/li/span[1]/a parameters: {&quot;id&quot;:&quot;0.08558070645241611-78&quot;}
[WebDriverCommandLogger] - command: getElementText[ param-1: By.xpath: //div[@id=&apos;c_articlelist_stories_2&apos;]/ul[1]/li/span[1]/a param-2: {&quot;id&quot;:&quot;0.08558070645241611-78&quot;}] Result: getElementText:Man eats biscuit laced with sedatives, robbed on ST bus
[WebDriverCommandLogger] - Executing findElements parameters: {&quot;using&quot;:&quot;xpath&quot;,&quot;value&quot;:&quot;//div[@id=&apos;c_articlelist_stories_2&apos;]/ul[1]/li/span[2]/span[2]&quot;}
[WebDriverCommandLogger] - command: findElements[ param-1: {value=//div[@id=&apos;c_articlelist_stories_2&apos;]/ul[1]/li/span[2]/span[2], using=xpath}] Result: [id: 0.08558070645241611-97, id: 0.08558070645241611-98, id: 0.08558070645241611-99, id: 0.08558070645241611-100, id: 0.08558070645241611-101, id: 0.08558070645241611-102, id: 0.08558070645241611-103, id: 0.08558070645241611-104, id: 0.08558070645241611-105, id: 0.08558070645241611-106, id: 0.08558070645241611-107, id: 0.08558070645241611-108, id: 0.08558070645241611-109, id: 0.08558070645241611-110, id: 0.08558070645241611-111, id: 0.08558070645241611-112, id: 0.08558070645241611-113, id: 0.08558070645241611-114, id: 0.08558070645241611-115, id: 0.08558070645241611-116, id: 0.08558070645241611-117, id: 0.08558070645241611-118, id: 0.08558070645241611-119, id: 0.08558070645241611-120, id: 0.08558070645241611-121, id: 0.08558070645241611-122, id: 0.08558070645241611-123, id: 0.08558070645241611-124, id: 0.08558070645241611-125, id: 0.08558070645241611-126, id: 0.08558070645241611-127, id: 0.08558070645241611-128, id: 0.08558070645241611-129, id: 0.08558070645241611-130, id: 0.08558070645241611-131, id: 0.08558070645241611-132, id: 0.08558070645241611-133, id: 0.08558070645241611-134, id: 0.08558070645241611-135, id: 0.08558070645241611-136, id: 0.08558070645241611-137, id: 0.08558070645241611-138, id: 0.08558070645241611-139, id: 0.08558070645241611-140, id: 0.08558070645241611-141, id: 0.08558070645241611-142, id: 0.08558070645241611-143, id: 0.08558070645241611-144, id: 0.08558070645241611-145, id: 0.08558070645241611-146, id: 0.08558070645241611-147, id: 0.08558070645241611-148, id: 0.08558070645241611-149, id: 0.08558070645241611-150, id: 0.08558070645241611-151, id: 0.08558070645241611-152, id: 0.08558070645241611-153, id: 0.08558070645241611-154, id: 0.08558070645241611-155, id: 0.08558070645241611-156, id: 0.08558070645241611-157, id: 0.08558070645241611-158, id: 0.08558070645241611-159, id: 0.08558070645241611-160, id: 0.08558070645241611-161, id: 0.08558070645241611-162, id: 0.08558070645241611-163, id: 0.08558070645241611-164, id: 0.08558070645241611-165, id: 0.08558070645241611-166, id: 0.08558070645241611-167, id: 0.08558070645241611-168, id: 0.08558070645241611-169, id: 0.08558070645241611-170, id: 0.08558070645241611-171, id: 0.08558070645241611-172, id: 0.08558070645241611-173, id: 0.08558070645241611-174, id: 0.08558070645241611-175, id: 0.08558070645241611-176, id: 0.08558070645241611-177, id: 0.08558070645241611-178, id: 0.08558070645241611-179, id: 0.08558070645241611-180, id: 0.08558070645241611-181, id: 0.08558070645241611-182, id: 0.08558070645241611-183, id: 0.08558070645241611-184, id: 0.08558070645241611-185, id: 0.08558070645241611-186, id: 0.08558070645241611-187, id: 0.08558070645241611-188, id: 0.08558070645241611-189, id: 0.08558070645241611-190, id: 0.08558070645241611-191, id: 0.08558070645241611-192]
[WebDriverCommandLogger] - Executing getElementText element: By.xpath: //div[@id=&apos;c_articlelist_stories_2&apos;]/ul[1]/li/span[2]/span[2] parameters: {&quot;id&quot;:&quot;0.08558070645241611-174&quot;}
[WebDriverCommandLogger] - command: getElementText[ param-1: By.xpath: //div[@id=&apos;c_articlelist_stories_2&apos;]/ul[1]/li/span[2]/span[2] param-2: {&quot;id&quot;:&quot;0.08558070645241611-174&quot;}] Result: getElementText:2 DAYS AGO
[WebDriverCommandLogger] - Executing findElements parameters: {&quot;using&quot;:&quot;xpath&quot;,&quot;value&quot;:&quot;//div[@id=&apos;c_articlelist_stories_2&apos;]/ul[1]/li/span[1]/a&quot;}
[WebDriverCommandLogger] - command: findElements[ param-1: {value=//div[@id=&apos;c_articlelist_stories_2&apos;]/ul[1]/li/span[1]/a, using=xpath}] Result: [id: 0.08558070645241611-1, id: 0.08558070645241611-2, id: 0.08558070645241611-3, id: 0.08558070645241611-4, id: 0.08558070645241611-5, id: 0.08558070645241611-6, id: 0.08558070645241611-7, id: 0.08558070645241611-8, id: 0.08558070645241611-9, id: 0.08558070645241611-10, id: 0.08558070645241611-11, id: 0.08558070645241611-12, id: 0.08558070645241611-13, id: 0.08558070645241611-14, id: 0.08558070645241611-15, id: 0.08558070645241611-16, id: 0.08558070645241611-17, id: 0.08558070645241611-18, id: 0.08558070645241611-19, id: 0.08558070645241611-20, id: 0.08558070645241611-21, id: 0.08558070645241611-22, id: 0.08558070645241611-23, id: 0.08558070645241611-24, id: 0.08558070645241611-25, id: 0.08558070645241611-26, id: 0.08558070645241611-27, id: 0.08558070645241611-28, id: 0.08558070645241611-29, id: 0.08558070645241611-30, id: 0.08558070645241611-31, id: 0.08558070645241611-32, id: 0.08558070645241611-33, id: 0.08558070645241611-34, id: 0.08558070645241611-35, id: 0.08558070645241611-36, id: 0.08558070645241611-37, id: 0.08558070645241611-38, id: 0.08558070645241611-39, id: 0.08558070645241611-40, id: 0.08558070645241611-41, id: 0.08558070645241611-42, id: 0.08558070645241611-43, id: 0.08558070645241611-44, id: 0.08558070645241611-45, id: 0.08558070645241611-46, id: 0.08558070645241611-47, id: 0.08558070645241611-48, id: 0.08558070645241611-49, id: 0.08558070645241611-50, id: 0.08558070645241611-51, id: 0.08558070645241611-52, id: 0.08558070645241611-53, id: 0.08558070645241611-54, id: 0.08558070645241611-55, id: 0.08558070645241611-56, id: 0.08558070645241611-57, id: 0.08558070645241611-58, id: 0.08558070645241611-59, id: 0.08558070645241611-60, id: 0.08558070645241611-61, id: 0.08558070645241611-62, id: 0.08558070645241611-63, id: 0.08558070645241611-64, id: 0.08558070645241611-65, id: 0.08558070645241611-66, id: 0.08558070645241611-67, id: 0.08558070645241611-68, id: 0.08558070645241611-69, id: 0.08558070645241611-70, id: 0.08558070645241611-71, id: 0.08558070645241611-72, id: 0.08558070645241611-73, id: 0.08558070645241611-74, id: 0.08558070645241611-75, id: 0.08558070645241611-76, id: 0.08558070645241611-77, id: 0.08558070645241611-78, id: 0.08558070645241611-79, id: 0.08558070645241611-80, id: 0.08558070645241611-81, id: 0.08558070645241611-82, id: 0.08558070645241611-83, id: 0.08558070645241611-84, id: 0.08558070645241611-85, id: 0.08558070645241611-86, id: 0.08558070645241611-87, id: 0.08558070645241611-88, id: 0.08558070645241611-89, id: 0.08558070645241611-90, id: 0.08558070645241611-91, id: 0.08558070645241611-92, id: 0.08558070645241611-93, id: 0.08558070645241611-94, id: 0.08558070645241611-95, id: 0.08558070645241611-96]
[WebDriverCommandLogger] - Executing findElements parameters: {&quot;using&quot;:&quot;xpath&quot;,&quot;value&quot;:&quot;//div[@id=&apos;c_articlelist_stories_2&apos;]/ul[1]/li/span[1]/a&quot;}
[WebDriverCommandLogger] - command: findElements[ param-1: {value=//div[@id=&apos;c_articlelist_stories_2&apos;]/ul[1]/li/span[1]/a, using=xpath}] Result: [id: 0.08558070645241611-1, id: 0.08558070645241611-2, id: 0.08558070645241611-3, id: 0.08558070645241611-4, id: 0.08558070645241611-5, id: 0.08558070645241611-6, id: 0.08558070645241611-7, id: 0.08558070645241611-8, id: 0.08558070645241611-9, id: 0.08558070645241611-10, id: 0.08558070645241611-11, id: 0.08558070645241611-12, id: 0.08558070645241611-13, id: 0.08558070645241611-14, id: 0.08558070645241611-15, id: 0.08558070645241611-16, id: 0.08558070645241611-17, id: 0.08558070645241611-18, id: 0.08558070645241611-19, id: 0.08558070645241611-20, id: 0.08558070645241611-21, id: 0.08558070645241611-22, id: 0.08558070645241611-23, id: 0.08558070645241611-24, id: 0.08558070645241611-25, id: 0.08558070645241611-26, id: 0.08558070645241611-27, id: 0.08558070645241611-28, id: 0.08558070645241611-29, id: 0.08558070645241611-30, id: 0.08558070645241611-31, id: 0.08558070645241611-32, id: 0.08558070645241611-33, id: 0.08558070645241611-34, id: 0.08558070645241611-35, id: 0.08558070645241611-36, id: 0.08558070645241611-37, id: 0.08558070645241611-38, id: 0.08558070645241611-39, id: 0.08558070645241611-40, id: 0.08558070645241611-41, id: 0.08558070645241611-42, id: 0.08558070645241611-43, id: 0.08558070645241611-44, id: 0.08558070645241611-45, id: 0.08558070645241611-46, id: 0.08558070645241611-47, id: 0.08558070645241611-48, id: 0.08558070645241611-49, id: 0.08558070645241611-50, id: 0.08558070645241611-51, id: 0.08558070645241611-52, id: 0.08558070645241611-53, id: 0.08558070645241611-54, id: 0.08558070645241611-55, id: 0.08558070645241611-56, id: 0.08558070645241611-57, id: 0.08558070645241611-58, id: 0.08558070645241611-59, id: 0.08558070645241611-60, id: 0.08558070645241611-61, id: 0.08558070645241611-62, id: 0.08558070645241611-63, id: 0.08558070645241611-64, id: 0.08558070645241611-65, id: 0.08558070645241611-66, id: 0.08558070645241611-67, id: 0.08558070645241611-68, id: 0.08558070645241611-69, id: 0.08558070645241611-70, id: 0.08558070645241611-71, id: 0.08558070645241611-72, id: 0.08558070645241611-73, id: 0.08558070645241611-74, id: 0.08558070645241611-75, id: 0.08558070645241611-76, id: 0.08558070645241611-77, id: 0.08558070645241611-78, id: 0.08558070645241611-79, id: 0.08558070645241611-80, id: 0.08558070645241611-81, id: 0.08558070645241611-82, id: 0.08558070645241611-83, id: 0.08558070645241611-84, id: 0.08558070645241611-85, id: 0.08558070645241611-86, id: 0.08558070645241611-87, id: 0.08558070645241611-88, id: 0.08558070645241611-89, id: 0.08558070645241611-90, id: 0.08558070645241611-91, id: 0.08558070645241611-92, id: 0.08558070645241611-93, id: 0.08558070645241611-94, id: 0.08558070645241611-95, id: 0.08558070645241611-96]
[WebDriverCommandLogger] - Executing getElementText element: By.xpath: //div[@id=&apos;c_articlelist_stories_2&apos;]/ul[1]/li/span[1]/a parameters: {&quot;id&quot;:&quot;0.08558070645241611-79&quot;}
[WebDriverCommandLogger] - command: getElementText[ param-1: By.xpath: //div[@id=&apos;c_articlelist_stories_2&apos;]/ul[1]/li/span[1]/a param-2: {&quot;id&quot;:&quot;0.08558070645241611-79&quot;}] Result: getElementText:Too many taxes spoiling the broth?
[WebDriverCommandLogger] - Executing findElements parameters: {&quot;using&quot;:&quot;xpath&quot;,&quot;value&quot;:&quot;//div[@id=&apos;c_articlelist_stories_2&apos;]/ul[1]/li/span[2]/span[2]&quot;}
[WebDriverCommandLogger] - command: findElements[ param-1: {value=//div[@id=&apos;c_articlelist_stories_2&apos;]/ul[1]/li/span[2]/span[2], using=xpath}] Result: [id: 0.08558070645241611-97, id: 0.08558070645241611-98, id: 0.08558070645241611-99, id: 0.08558070645241611-100, id: 0.08558070645241611-101, id: 0.08558070645241611-102, id: 0.08558070645241611-103, id: 0.08558070645241611-104, id: 0.08558070645241611-105, id: 0.08558070645241611-106, id: 0.08558070645241611-107, id: 0.08558070645241611-108, id: 0.08558070645241611-109, id: 0.08558070645241611-110, id: 0.08558070645241611-111, id: 0.08558070645241611-112, id: 0.08558070645241611-113, id: 0.08558070645241611-114, id: 0.08558070645241611-115, id: 0.08558070645241611-116, id: 0.08558070645241611-117, id: 0.08558070645241611-118, id: 0.08558070645241611-119, id: 0.08558070645241611-120, id: 0.08558070645241611-121, id: 0.08558070645241611-122, id: 0.08558070645241611-123, id: 0.08558070645241611-124, id: 0.08558070645241611-125, id: 0.08558070645241611-126, id: 0.08558070645241611-127, id: 0.08558070645241611-128, id: 0.08558070645241611-129, id: 0.08558070645241611-130, id: 0.08558070645241611-131, id: 0.08558070645241611-132, id: 0.08558070645241611-133, id: 0.08558070645241611-134, id: 0.08558070645241611-135, id: 0.08558070645241611-136, id: 0.08558070645241611-137, id: 0.08558070645241611-138, id: 0.08558070645241611-139, id: 0.08558070645241611-140, id: 0.08558070645241611-141, id: 0.08558070645241611-142, id: 0.08558070645241611-143, id: 0.08558070645241611-144, id: 0.08558070645241611-145, id: 0.08558070645241611-146, id: 0.08558070645241611-147, id: 0.08558070645241611-148, id: 0.08558070645241611-149, id: 0.08558070645241611-150, id: 0.08558070645241611-151, id: 0.08558070645241611-152, id: 0.08558070645241611-153, id: 0.08558070645241611-154, id: 0.08558070645241611-155, id: 0.08558070645241611-156, id: 0.08558070645241611-157, id: 0.08558070645241611-158, id: 0.08558070645241611-159, id: 0.08558070645241611-160, id: 0.08558070645241611-161, id: 0.08558070645241611-162, id: 0.08558070645241611-163, id: 0.08558070645241611-164, id: 0.08558070645241611-165, id: 0.08558070645241611-166, id: 0.08558070645241611-167, id: 0.08558070645241611-168, id: 0.08558070645241611-169, id: 0.08558070645241611-170, id: 0.08558070645241611-171, id: 0.08558070645241611-172, id: 0.08558070645241611-173, id: 0.08558070645241611-174, id: 0.08558070645241611-175, id: 0.08558070645241611-176, id: 0.08558070645241611-177, id: 0.08558070645241611-178, id: 0.08558070645241611-179, id: 0.08558070645241611-180, id: 0.08558070645241611-181, id: 0.08558070645241611-182, id: 0.08558070645241611-183, id: 0.08558070645241611-184, id: 0.08558070645241611-185, id: 0.08558070645241611-186, id: 0.08558070645241611-187, id: 0.08558070645241611-188, id: 0.08558070645241611-189, id: 0.08558070645241611-190, id: 0.08558070645241611-191, id: 0.08558070645241611-192]
[WebDriverCommandLogger] - Executing getElementText element: By.xpath: //div[@id=&apos;c_articlelist_stories_2&apos;]/ul[1]/li/span[2]/span[2] parameters: {&quot;id&quot;:&quot;0.08558070645241611-175&quot;}
[WebDriverCommandLogger] - command: getElementText[ param-1: By.xpath: //div[@id=&apos;c_articlelist_stories_2&apos;]/ul[1]/li/span[2]/span[2] param-2: {&quot;id&quot;:&quot;0.08558070645241611-175&quot;}] Result: getElementText:2 DAYS AGO
[WebDriverCommandLogger] - Executing findElements parameters: {&quot;using&quot;:&quot;xpath&quot;,&quot;value&quot;:&quot;//div[@id=&apos;c_articlelist_stories_2&apos;]/ul[1]/li/span[1]/a&quot;}
[WebDriverCommandLogger] - command: findElements[ param-1: {value=//div[@id=&apos;c_articlelist_stories_2&apos;]/ul[1]/li/span[1]/a, using=xpath}] Result: [id: 0.08558070645241611-1, id: 0.08558070645241611-2, id: 0.08558070645241611-3, id: 0.08558070645241611-4, id: 0.08558070645241611-5, id: 0.08558070645241611-6, id: 0.08558070645241611-7, id: 0.08558070645241611-8, id: 0.08558070645241611-9, id: 0.08558070645241611-10, id: 0.08558070645241611-11, id: 0.08558070645241611-12, id: 0.08558070645241611-13, id: 0.08558070645241611-14, id: 0.08558070645241611-15, id: 0.08558070645241611-16, id: 0.08558070645241611-17, id: 0.08558070645241611-18, id: 0.08558070645241611-19, id: 0.08558070645241611-20, id: 0.08558070645241611-21, id: 0.08558070645241611-22, id: 0.08558070645241611-23, id: 0.08558070645241611-24, id: 0.08558070645241611-25, id: 0.08558070645241611-26, id: 0.08558070645241611-27, id: 0.08558070645241611-28, id: 0.08558070645241611-29, id: 0.08558070645241611-30, id: 0.08558070645241611-31, id: 0.08558070645241611-32, id: 0.08558070645241611-33, id: 0.08558070645241611-34, id: 0.08558070645241611-35, id: 0.08558070645241611-36, id: 0.08558070645241611-37, id: 0.08558070645241611-38, id: 0.08558070645241611-39, id: 0.08558070645241611-40, id: 0.08558070645241611-41, id: 0.08558070645241611-42, id: 0.08558070645241611-43, id: 0.08558070645241611-44, id: 0.08558070645241611-45, id: 0.08558070645241611-46, id: 0.08558070645241611-47, id: 0.08558070645241611-48, id: 0.08558070645241611-49, id: 0.08558070645241611-50, id: 0.08558070645241611-51, id: 0.08558070645241611-52, id: 0.08558070645241611-53, id: 0.08558070645241611-54, id: 0.08558070645241611-55, id: 0.08558070645241611-56, id: 0.08558070645241611-57, id: 0.08558070645241611-58, id: 0.08558070645241611-59, id: 0.08558070645241611-60, id: 0.08558070645241611-61, id: 0.08558070645241611-62, id: 0.08558070645241611-63, id: 0.08558070645241611-64, id: 0.08558070645241611-65, id: 0.08558070645241611-66, id: 0.08558070645241611-67, id: 0.08558070645241611-68, id: 0.08558070645241611-69, id: 0.08558070645241611-70, id: 0.08558070645241611-71, id: 0.08558070645241611-72, id: 0.08558070645241611-73, id: 0.08558070645241611-74, id: 0.08558070645241611-75, id: 0.08558070645241611-76, id: 0.08558070645241611-77, id: 0.08558070645241611-78, id: 0.08558070645241611-79, id: 0.08558070645241611-80, id: 0.08558070645241611-81, id: 0.08558070645241611-82, id: 0.08558070645241611-83, id: 0.08558070645241611-84, id: 0.08558070645241611-85, id: 0.08558070645241611-86, id: 0.08558070645241611-87, id: 0.08558070645241611-88, id: 0.08558070645241611-89, id: 0.08558070645241611-90, id: 0.08558070645241611-91, id: 0.08558070645241611-92, id: 0.08558070645241611-93, id: 0.08558070645241611-94, id: 0.08558070645241611-95, id: 0.08558070645241611-96]
[WebDriverCommandLogger] - Executing findElements parameters: {&quot;using&quot;:&quot;xpath&quot;,&quot;value&quot;:&quot;//div[@id=&apos;c_articlelist_stories_2&apos;]/ul[1]/li/span[1]/a&quot;}
[WebDriverCommandLogger] - command: findElements[ param-1: {value=//div[@id=&apos;c_articlelist_stories_2&apos;]/ul[1]/li/span[1]/a, using=xpath}] Result: [id: 0.08558070645241611-1, id: 0.08558070645241611-2, id: 0.08558070645241611-3, id: 0.08558070645241611-4, id: 0.08558070645241611-5, id: 0.08558070645241611-6, id: 0.08558070645241611-7, id: 0.08558070645241611-8, id: 0.08558070645241611-9, id: 0.08558070645241611-10, id: 0.08558070645241611-11, id: 0.08558070645241611-12, id: 0.08558070645241611-13, id: 0.08558070645241611-14, id: 0.08558070645241611-15, id: 0.08558070645241611-16, id: 0.08558070645241611-17, id: 0.08558070645241611-18, id: 0.08558070645241611-19, id: 0.08558070645241611-20, id: 0.08558070645241611-21, id: 0.08558070645241611-22, id: 0.08558070645241611-23, id: 0.08558070645241611-24, id: 0.08558070645241611-25, id: 0.08558070645241611-26, id: 0.08558070645241611-27, id: 0.08558070645241611-28, id: 0.08558070645241611-29, id: 0.08558070645241611-30, id: 0.08558070645241611-31, id: 0.08558070645241611-32, id: 0.08558070645241611-33, id: 0.08558070645241611-34, id: 0.08558070645241611-35, id: 0.08558070645241611-36, id: 0.08558070645241611-37, id: 0.08558070645241611-38, id: 0.08558070645241611-39, id: 0.08558070645241611-40, id: 0.08558070645241611-41, id: 0.08558070645241611-42, id: 0.08558070645241611-43, id: 0.08558070645241611-44, id: 0.08558070645241611-45, id: 0.08558070645241611-46, id: 0.08558070645241611-47, id: 0.08558070645241611-48, id: 0.08558070645241611-49, id: 0.08558070645241611-50, id: 0.08558070645241611-51, id: 0.08558070645241611-52, id: 0.08558070645241611-53, id: 0.08558070645241611-54, id: 0.08558070645241611-55, id: 0.08558070645241611-56, id: 0.08558070645241611-57, id: 0.08558070645241611-58, id: 0.08558070645241611-59, id: 0.08558070645241611-60, id: 0.08558070645241611-61, id: 0.08558070645241611-62, id: 0.08558070645241611-63, id: 0.08558070645241611-64, id: 0.08558070645241611-65, id: 0.08558070645241611-66, id: 0.08558070645241611-67, id: 0.08558070645241611-68, id: 0.08558070645241611-69, id: 0.08558070645241611-70, id: 0.08558070645241611-71, id: 0.08558070645241611-72, id: 0.08558070645241611-73, id: 0.08558070645241611-74, id: 0.08558070645241611-75, id: 0.08558070645241611-76, id: 0.08558070645241611-77, id: 0.08558070645241611-78, id: 0.08558070645241611-79, id: 0.08558070645241611-80, id: 0.08558070645241611-81, id: 0.08558070645241611-82, id: 0.08558070645241611-83, id: 0.08558070645241611-84, id: 0.08558070645241611-85, id: 0.08558070645241611-86, id: 0.08558070645241611-87, id: 0.08558070645241611-88, id: 0.08558070645241611-89, id: 0.08558070645241611-90, id: 0.08558070645241611-91, id: 0.08558070645241611-92, id: 0.08558070645241611-93, id: 0.08558070645241611-94, id: 0.08558070645241611-95, id: 0.08558070645241611-96]
[WebDriverCommandLogger] - Executing getElementText element: By.xpath: //div[@id=&apos;c_articlelist_stories_2&apos;]/ul[1]/li/span[1]/a parameters: {&quot;id&quot;:&quot;0.08558070645241611-80&quot;}
[WebDriverCommandLogger] - command: getElementText[ param-1: By.xpath: //div[@id=&apos;c_articlelist_stories_2&apos;]/ul[1]/li/span[1]/a param-2: {&quot;id&quot;:&quot;0.08558070645241611-80&quot;}] Result: getElementText:Legal experts say techies have right to form unions
[WebDriverCommandLogger] - Executing findElements parameters: {&quot;using&quot;:&quot;xpath&quot;,&quot;value&quot;:&quot;//div[@id=&apos;c_articlelist_stories_2&apos;]/ul[1]/li/span[2]/span[2]&quot;}
[WebDriverCommandLogger] - command: findElements[ param-1: {value=//div[@id=&apos;c_articlelist_stories_2&apos;]/ul[1]/li/span[2]/span[2], using=xpath}] Result: [id: 0.08558070645241611-97, id: 0.08558070645241611-98, id: 0.08558070645241611-99, id: 0.08558070645241611-100, id: 0.08558070645241611-101, id: 0.08558070645241611-102, id: 0.08558070645241611-103, id: 0.08558070645241611-104, id: 0.08558070645241611-105, id: 0.08558070645241611-106, id: 0.08558070645241611-107, id: 0.08558070645241611-108, id: 0.08558070645241611-109, id: 0.08558070645241611-110, id: 0.08558070645241611-111, id: 0.08558070645241611-112, id: 0.08558070645241611-113, id: 0.08558070645241611-114, id: 0.08558070645241611-115, id: 0.08558070645241611-116, id: 0.08558070645241611-117, id: 0.08558070645241611-118, id: 0.08558070645241611-119, id: 0.08558070645241611-120, id: 0.08558070645241611-121, id: 0.08558070645241611-122, id: 0.08558070645241611-123, id: 0.08558070645241611-124, id: 0.08558070645241611-125, id: 0.08558070645241611-126, id: 0.08558070645241611-127, id: 0.08558070645241611-128, id: 0.08558070645241611-129, id: 0.08558070645241611-130, id: 0.08558070645241611-131, id: 0.08558070645241611-132, id: 0.08558070645241611-133, id: 0.08558070645241611-134, id: 0.08558070645241611-135, id: 0.08558070645241611-136, id: 0.08558070645241611-137, id: 0.08558070645241611-138, id: 0.08558070645241611-139, id: 0.08558070645241611-140, id: 0.08558070645241611-141, id: 0.08558070645241611-142, id: 0.08558070645241611-143, id: 0.08558070645241611-144, id: 0.08558070645241611-145, id: 0.08558070645241611-146, id: 0.08558070645241611-147, id: 0.08558070645241611-148, id: 0.08558070645241611-149, id: 0.08558070645241611-150, id: 0.08558070645241611-151, id: 0.08558070645241611-152, id: 0.08558070645241611-153, id: 0.08558070645241611-154, id: 0.08558070645241611-155, id: 0.08558070645241611-156, id: 0.08558070645241611-157, id: 0.08558070645241611-158, id: 0.08558070645241611-159, id: 0.08558070645241611-160, id: 0.08558070645241611-161, id: 0.08558070645241611-162, id: 0.08558070645241611-163, id: 0.08558070645241611-164, id: 0.08558070645241611-165, id: 0.08558070645241611-166, id: 0.08558070645241611-167, id: 0.08558070645241611-168, id: 0.08558070645241611-169, id: 0.08558070645241611-170, id: 0.08558070645241611-171, id: 0.08558070645241611-172, id: 0.08558070645241611-173, id: 0.08558070645241611-174, id: 0.08558070645241611-175, id: 0.08558070645241611-176, id: 0.08558070645241611-177, id: 0.08558070645241611-178, id: 0.08558070645241611-179, id: 0.08558070645241611-180, id: 0.08558070645241611-181, id: 0.08558070645241611-182, id: 0.08558070645241611-183, id: 0.08558070645241611-184, id: 0.08558070645241611-185, id: 0.08558070645241611-186, id: 0.08558070645241611-187, id: 0.08558070645241611-188, id: 0.08558070645241611-189, id: 0.08558070645241611-190, id: 0.08558070645241611-191, id: 0.08558070645241611-192]
[WebDriverCommandLogger] - Executing getElementText element: By.xpath: //div[@id=&apos;c_articlelist_stories_2&apos;]/ul[1]/li/span[2]/span[2] parameters: {&quot;id&quot;:&quot;0.08558070645241611-176&quot;}
[WebDriverCommandLogger] - command: getElementText[ param-1: By.xpath: //div[@id=&apos;c_articlelist_stories_2&apos;]/ul[1]/li/span[2]/span[2] param-2: {&quot;id&quot;:&quot;0.08558070645241611-176&quot;}] Result: getElementText:3 DAYS AGO
[WebDriverCommandLogger] - Executing findElements parameters: {&quot;using&quot;:&quot;xpath&quot;,&quot;value&quot;:&quot;//div[@id=&apos;c_articlelist_stories_2&apos;]/ul[1]/li/span[1]/a&quot;}
[WebDriverCommandLogger] - command: findElements[ param-1: {value=//div[@id=&apos;c_articlelist_stories_2&apos;]/ul[1]/li/span[1]/a, using=xpath}] Result: [id: 0.08558070645241611-1, id: 0.08558070645241611-2, id: 0.08558070645241611-3, id: 0.08558070645241611-4, id: 0.08558070645241611-5, id: 0.08558070645241611-6, id: 0.08558070645241611-7, id: 0.08558070645241611-8, id: 0.08558070645241611-9, id: 0.08558070645241611-10, id: 0.08558070645241611-11, id: 0.08558070645241611-12, id: 0.08558070645241611-13, id: 0.08558070645241611-14, id: 0.08558070645241611-15, id: 0.08558070645241611-16, id: 0.08558070645241611-17, id: 0.08558070645241611-18, id: 0.08558070645241611-19, id: 0.08558070645241611-20, id: 0.08558070645241611-21, id: 0.08558070645241611-22, id: 0.08558070645241611-23, id: 0.08558070645241611-24, id: 0.08558070645241611-25, id: 0.08558070645241611-26, id: 0.08558070645241611-27, id: 0.08558070645241611-28, id: 0.08558070645241611-29, id: 0.08558070645241611-30, id: 0.08558070645241611-31, id: 0.08558070645241611-32, id: 0.08558070645241611-33, id: 0.08558070645241611-34, id: 0.08558070645241611-35, id: 0.08558070645241611-36, id: 0.08558070645241611-37, id: 0.08558070645241611-38, id: 0.08558070645241611-39, id: 0.08558070645241611-40, id: 0.08558070645241611-41, id: 0.08558070645241611-42, id: 0.08558070645241611-43, id: 0.08558070645241611-44, id: 0.08558070645241611-45, id: 0.08558070645241611-46, id: 0.08558070645241611-47, id: 0.08558070645241611-48, id: 0.08558070645241611-49, id: 0.08558070645241611-50, id: 0.08558070645241611-51, id: 0.08558070645241611-52, id: 0.08558070645241611-53, id: 0.08558070645241611-54, id: 0.08558070645241611-55, id: 0.08558070645241611-56, id: 0.08558070645241611-57, id: 0.08558070645241611-58, id: 0.08558070645241611-59, id: 0.08558070645241611-60, id: 0.08558070645241611-61, id: 0.08558070645241611-62, id: 0.08558070645241611-63, id: 0.08558070645241611-64, id: 0.08558070645241611-65, id: 0.08558070645241611-66, id: 0.08558070645241611-67, id: 0.08558070645241611-68, id: 0.08558070645241611-69, id: 0.08558070645241611-70, id: 0.08558070645241611-71, id: 0.08558070645241611-72, id: 0.08558070645241611-73, id: 0.08558070645241611-74, id: 0.08558070645241611-75, id: 0.08558070645241611-76, id: 0.08558070645241611-77, id: 0.08558070645241611-78, id: 0.08558070645241611-79, id: 0.08558070645241611-80, id: 0.08558070645241611-81, id: 0.08558070645241611-82, id: 0.08558070645241611-83, id: 0.08558070645241611-84, id: 0.08558070645241611-85, id: 0.08558070645241611-86, id: 0.08558070645241611-87, id: 0.08558070645241611-88, id: 0.08558070645241611-89, id: 0.08558070645241611-90, id: 0.08558070645241611-91, id: 0.08558070645241611-92, id: 0.08558070645241611-93, id: 0.08558070645241611-94, id: 0.08558070645241611-95, id: 0.08558070645241611-96]
[WebDriverCommandLogger] - Executing findElements parameters: {&quot;using&quot;:&quot;xpath&quot;,&quot;value&quot;:&quot;//div[@id=&apos;c_articlelist_stories_2&apos;]/ul[1]/li/span[1]/a&quot;}
[WebDriverCommandLogger] - command: findElements[ param-1: {value=//div[@id=&apos;c_articlelist_stories_2&apos;]/ul[1]/li/span[1]/a, using=xpath}] Result: [id: 0.08558070645241611-1, id: 0.08558070645241611-2, id: 0.08558070645241611-3, id: 0.08558070645241611-4, id: 0.08558070645241611-5, id: 0.08558070645241611-6, id: 0.08558070645241611-7, id: 0.08558070645241611-8, id: 0.08558070645241611-9, id: 0.08558070645241611-10, id: 0.08558070645241611-11, id: 0.08558070645241611-12, id: 0.08558070645241611-13, id: 0.08558070645241611-14, id: 0.08558070645241611-15, id: 0.08558070645241611-16, id: 0.08558070645241611-17, id: 0.08558070645241611-18, id: 0.08558070645241611-19, id: 0.08558070645241611-20, id: 0.08558070645241611-21, id: 0.08558070645241611-22, id: 0.08558070645241611-23, id: 0.08558070645241611-24, id: 0.08558070645241611-25, id: 0.08558070645241611-26, id: 0.08558070645241611-27, id: 0.08558070645241611-28, id: 0.08558070645241611-29, id: 0.08558070645241611-30, id: 0.08558070645241611-31, id: 0.08558070645241611-32, id: 0.08558070645241611-33, id: 0.08558070645241611-34, id: 0.08558070645241611-35, id: 0.08558070645241611-36, id: 0.08558070645241611-37, id: 0.08558070645241611-38, id: 0.08558070645241611-39, id: 0.08558070645241611-40, id: 0.08558070645241611-41, id: 0.08558070645241611-42, id: 0.08558070645241611-43, id: 0.08558070645241611-44, id: 0.08558070645241611-45, id: 0.08558070645241611-46, id: 0.08558070645241611-47, id: 0.08558070645241611-48, id: 0.08558070645241611-49, id: 0.08558070645241611-50, id: 0.08558070645241611-51, id: 0.08558070645241611-52, id: 0.08558070645241611-53, id: 0.08558070645241611-54, id: 0.08558070645241611-55, id: 0.08558070645241611-56, id: 0.08558070645241611-57, id: 0.08558070645241611-58, id: 0.08558070645241611-59, id: 0.08558070645241611-60, id: 0.08558070645241611-61, id: 0.08558070645241611-62, id: 0.08558070645241611-63, id: 0.08558070645241611-64, id: 0.08558070645241611-65, id: 0.08558070645241611-66, id: 0.08558070645241611-67, id: 0.08558070645241611-68, id: 0.08558070645241611-69, id: 0.08558070645241611-70, id: 0.08558070645241611-71, id: 0.08558070645241611-72, id: 0.08558070645241611-73, id: 0.08558070645241611-74, id: 0.08558070645241611-75, id: 0.08558070645241611-76, id: 0.08558070645241611-77, id: 0.08558070645241611-78, id: 0.08558070645241611-79, id: 0.08558070645241611-80, id: 0.08558070645241611-81, id: 0.08558070645241611-82, id: 0.08558070645241611-83, id: 0.08558070645241611-84, id: 0.08558070645241611-85, id: 0.08558070645241611-86, id: 0.08558070645241611-87, id: 0.08558070645241611-88, id: 0.08558070645241611-89, id: 0.08558070645241611-90, id: 0.08558070645241611-91, id: 0.08558070645241611-92, id: 0.08558070645241611-93, id: 0.08558070645241611-94, id: 0.08558070645241611-95, id: 0.08558070645241611-96]
[WebDriverCommandLogger] - Executing getElementText element: By.xpath: //div[@id=&apos;c_articlelist_stories_2&apos;]/ul[1]/li/span[1]/a parameters: {&quot;id&quot;:&quot;0.08558070645241611-81&quot;}
[WebDriverCommandLogger] - command: getElementText[ param-1: By.xpath: //div[@id=&apos;c_articlelist_stories_2&apos;]/ul[1]/li/span[1]/a param-2: {&quot;id&quot;:&quot;0.08558070645241611-81&quot;}] Result: getElementText:Convict bludgeons inmate to death in Yerawada jail
[WebDriverCommandLogger] - Executing findElements parameters: {&quot;using&quot;:&quot;xpath&quot;,&quot;value&quot;:&quot;//div[@id=&apos;c_articlelist_stories_2&apos;]/ul[1]/li/span[2]/span[2]&quot;}
[WebDriverCommandLogger] - command: findElements[ param-1: {value=//div[@id=&apos;c_articlelist_stories_2&apos;]/ul[1]/li/span[2]/span[2], using=xpath}] Result: [id: 0.08558070645241611-97, id: 0.08558070645241611-98, id: 0.08558070645241611-99, id: 0.08558070645241611-100, id: 0.08558070645241611-101, id: 0.08558070645241611-102, id: 0.08558070645241611-103, id: 0.08558070645241611-104, id: 0.08558070645241611-105, id: 0.08558070645241611-106, id: 0.08558070645241611-107, id: 0.08558070645241611-108, id: 0.08558070645241611-109, id: 0.08558070645241611-110, id: 0.08558070645241611-111, id: 0.08558070645241611-112, id: 0.08558070645241611-113, id: 0.08558070645241611-114, id: 0.08558070645241611-115, id: 0.08558070645241611-116, id: 0.08558070645241611-117, id: 0.08558070645241611-118, id: 0.08558070645241611-119, id: 0.08558070645241611-120, id: 0.08558070645241611-121, id: 0.08558070645241611-122, id: 0.08558070645241611-123, id: 0.08558070645241611-124, id: 0.08558070645241611-125, id: 0.08558070645241611-126, id: 0.08558070645241611-127, id: 0.08558070645241611-128, id: 0.08558070645241611-129, id: 0.08558070645241611-130, id: 0.08558070645241611-131, id: 0.08558070645241611-132, id: 0.08558070645241611-133, id: 0.08558070645241611-134, id: 0.08558070645241611-135, id: 0.08558070645241611-136, id: 0.08558070645241611-137, id: 0.08558070645241611-138, id: 0.08558070645241611-139, id: 0.08558070645241611-140, id: 0.08558070645241611-141, id: 0.08558070645241611-142, id: 0.08558070645241611-143, id: 0.08558070645241611-144, id: 0.08558070645241611-145, id: 0.08558070645241611-146, id: 0.08558070645241611-147, id: 0.08558070645241611-148, id: 0.08558070645241611-149, id: 0.08558070645241611-150, id: 0.08558070645241611-151, id: 0.08558070645241611-152, id: 0.08558070645241611-153, id: 0.08558070645241611-154, id: 0.08558070645241611-155, id: 0.08558070645241611-156, id: 0.08558070645241611-157, id: 0.08558070645241611-158, id: 0.08558070645241611-159, id: 0.08558070645241611-160, id: 0.08558070645241611-161, id: 0.08558070645241611-162, id: 0.08558070645241611-163, id: 0.08558070645241611-164, id: 0.08558070645241611-165, id: 0.08558070645241611-166, id: 0.08558070645241611-167, id: 0.08558070645241611-168, id: 0.08558070645241611-169, id: 0.08558070645241611-170, id: 0.08558070645241611-171, id: 0.08558070645241611-172, id: 0.08558070645241611-173, id: 0.08558070645241611-174, id: 0.08558070645241611-175, id: 0.08558070645241611-176, id: 0.08558070645241611-177, id: 0.08558070645241611-178, id: 0.08558070645241611-179, id: 0.08558070645241611-180, id: 0.08558070645241611-181, id: 0.08558070645241611-182, id: 0.08558070645241611-183, id: 0.08558070645241611-184, id: 0.08558070645241611-185, id: 0.08558070645241611-186, id: 0.08558070645241611-187, id: 0.08558070645241611-188, id: 0.08558070645241611-189, id: 0.08558070645241611-190, id: 0.08558070645241611-191, id: 0.08558070645241611-192]
[WebDriverCommandLogger] - Executing getElementText element: By.xpath: //div[@id=&apos;c_articlelist_stories_2&apos;]/ul[1]/li/span[2]/span[2] parameters: {&quot;id&quot;:&quot;0.08558070645241611-177&quot;}
[WebDriverCommandLogger] - command: getElementText[ param-1: By.xpath: //div[@id=&apos;c_articlelist_stories_2&apos;]/ul[1]/li/span[2]/span[2] param-2: {&quot;id&quot;:&quot;0.08558070645241611-177&quot;}] Result: getElementText:3 DAYS AGO
[WebDriverCommandLogger] - Executing findElements parameters: {&quot;using&quot;:&quot;xpath&quot;,&quot;value&quot;:&quot;//div[@id=&apos;c_articlelist_stories_2&apos;]/ul[1]/li/span[1]/a&quot;}
[WebDriverCommandLogger] - command: findElements[ param-1: {value=//div[@id=&apos;c_articlelist_stories_2&apos;]/ul[1]/li/span[1]/a, using=xpath}] Result: [id: 0.08558070645241611-1, id: 0.08558070645241611-2, id: 0.08558070645241611-3, id: 0.08558070645241611-4, id: 0.08558070645241611-5, id: 0.08558070645241611-6, id: 0.08558070645241611-7, id: 0.08558070645241611-8, id: 0.08558070645241611-9, id: 0.08558070645241611-10, id: 0.08558070645241611-11, id: 0.08558070645241611-12, id: 0.08558070645241611-13, id: 0.08558070645241611-14, id: 0.08558070645241611-15, id: 0.08558070645241611-16, id: 0.08558070645241611-17, id: 0.08558070645241611-18, id: 0.08558070645241611-19, id: 0.08558070645241611-20, id: 0.08558070645241611-21, id: 0.08558070645241611-22, id: 0.08558070645241611-23, id: 0.08558070645241611-24, id: 0.08558070645241611-25, id: 0.08558070645241611-26, id: 0.08558070645241611-27, id: 0.08558070645241611-28, id: 0.08558070645241611-29, id: 0.08558070645241611-30, id: 0.08558070645241611-31, id: 0.08558070645241611-32, id: 0.08558070645241611-33, id: 0.08558070645241611-34, id: 0.08558070645241611-35, id: 0.08558070645241611-36, id: 0.08558070645241611-37, id: 0.08558070645241611-38, id: 0.08558070645241611-39, id: 0.08558070645241611-40, id: 0.08558070645241611-41, id: 0.08558070645241611-42, id: 0.08558070645241611-43, id: 0.08558070645241611-44, id: 0.08558070645241611-45, id: 0.08558070645241611-46, id: 0.08558070645241611-47, id: 0.08558070645241611-48, id: 0.08558070645241611-49, id: 0.08558070645241611-50, id: 0.08558070645241611-51, id: 0.08558070645241611-52, id: 0.08558070645241611-53, id: 0.08558070645241611-54, id: 0.08558070645241611-55, id: 0.08558070645241611-56, id: 0.08558070645241611-57, id: 0.08558070645241611-58, id: 0.08558070645241611-59, id: 0.08558070645241611-60, id: 0.08558070645241611-61, id: 0.08558070645241611-62, id: 0.08558070645241611-63, id: 0.08558070645241611-64, id: 0.08558070645241611-65, id: 0.08558070645241611-66, id: 0.08558070645241611-67, id: 0.08558070645241611-68, id: 0.08558070645241611-69, id: 0.08558070645241611-70, id: 0.08558070645241611-71, id: 0.08558070645241611-72, id: 0.08558070645241611-73, id: 0.08558070645241611-74, id: 0.08558070645241611-75, id: 0.08558070645241611-76, id: 0.08558070645241611-77, id: 0.08558070645241611-78, id: 0.08558070645241611-79, id: 0.08558070645241611-80, id: 0.08558070645241611-81, id: 0.08558070645241611-82, id: 0.08558070645241611-83, id: 0.08558070645241611-84, id: 0.08558070645241611-85, id: 0.08558070645241611-86, id: 0.08558070645241611-87, id: 0.08558070645241611-88, id: 0.08558070645241611-89, id: 0.08558070645241611-90, id: 0.08558070645241611-91, id: 0.08558070645241611-92, id: 0.08558070645241611-93, id: 0.08558070645241611-94, id: 0.08558070645241611-95, id: 0.08558070645241611-96]
[WebDriverCommandLogger] - Executing findElements parameters: {&quot;using&quot;:&quot;xpath&quot;,&quot;value&quot;:&quot;//div[@id=&apos;c_articlelist_stories_2&apos;]/ul[1]/li/span[1]/a&quot;}
[WebDriverCommandLogger] - command: findElements[ param-1: {value=//div[@id=&apos;c_articlelist_stories_2&apos;]/ul[1]/li/span[1]/a, using=xpath}] Result: [id: 0.08558070645241611-1, id: 0.08558070645241611-2, id: 0.08558070645241611-3, id: 0.08558070645241611-4, id: 0.08558070645241611-5, id: 0.08558070645241611-6, id: 0.08558070645241611-7, id: 0.08558070645241611-8, id: 0.08558070645241611-9, id: 0.08558070645241611-10, id: 0.08558070645241611-11, id: 0.08558070645241611-12, id: 0.08558070645241611-13, id: 0.08558070645241611-14, id: 0.08558070645241611-15, id: 0.08558070645241611-16, id: 0.08558070645241611-17, id: 0.08558070645241611-18, id: 0.08558070645241611-19, id: 0.08558070645241611-20, id: 0.08558070645241611-21, id: 0.08558070645241611-22, id: 0.08558070645241611-23, id: 0.08558070645241611-24, id: 0.08558070645241611-25, id: 0.08558070645241611-26, id: 0.08558070645241611-27, id: 0.08558070645241611-28, id: 0.08558070645241611-29, id: 0.08558070645241611-30, id: 0.08558070645241611-31, id: 0.08558070645241611-32, id: 0.08558070645241611-33, id: 0.08558070645241611-34, id: 0.08558070645241611-35, id: 0.08558070645241611-36, id: 0.08558070645241611-37, id: 0.08558070645241611-38, id: 0.08558070645241611-39, id: 0.08558070645241611-40, id: 0.08558070645241611-41, id: 0.08558070645241611-42, id: 0.08558070645241611-43, id: 0.08558070645241611-44, id: 0.08558070645241611-45, id: 0.08558070645241611-46, id: 0.08558070645241611-47, id: 0.08558070645241611-48, id: 0.08558070645241611-49, id: 0.08558070645241611-50, id: 0.08558070645241611-51, id: 0.08558070645241611-52, id: 0.08558070645241611-53, id: 0.08558070645241611-54, id: 0.08558070645241611-55, id: 0.08558070645241611-56, id: 0.08558070645241611-57, id: 0.08558070645241611-58, id: 0.08558070645241611-59, id: 0.08558070645241611-60, id: 0.08558070645241611-61, id: 0.08558070645241611-62, id: 0.08558070645241611-63, id: 0.08558070645241611-64, id: 0.08558070645241611-65, id: 0.08558070645241611-66, id: 0.08558070645241611-67, id: 0.08558070645241611-68, id: 0.08558070645241611-69, id: 0.08558070645241611-70, id: 0.08558070645241611-71, id: 0.08558070645241611-72, id: 0.08558070645241611-73, id: 0.08558070645241611-74, id: 0.08558070645241611-75, id: 0.08558070645241611-76, id: 0.08558070645241611-77, id: 0.08558070645241611-78, id: 0.08558070645241611-79, id: 0.08558070645241611-80, id: 0.08558070645241611-81, id: 0.08558070645241611-82, id: 0.08558070645241611-83, id: 0.08558070645241611-84, id: 0.08558070645241611-85, id: 0.08558070645241611-86, id: 0.08558070645241611-87, id: 0.08558070645241611-88, id: 0.08558070645241611-89, id: 0.08558070645241611-90, id: 0.08558070645241611-91, id: 0.08558070645241611-92, id: 0.08558070645241611-93, id: 0.08558070645241611-94, id: 0.08558070645241611-95, id: 0.08558070645241611-96]
[WebDriverCommandLogger] - Executing getElementText element: By.xpath: //div[@id=&apos;c_articlelist_stories_2&apos;]/ul[1]/li/span[1]/a parameters: {&quot;id&quot;:&quot;0.08558070645241611-82&quot;}
[WebDriverCommandLogger] - command: getElementText[ param-1: By.xpath: //div[@id=&apos;c_articlelist_stories_2&apos;]/ul[1]/li/span[1]/a param-2: {&quot;id&quot;:&quot;0.08558070645241611-82&quot;}] Result: getElementText:Collector Saurabh Rao writes to government over Aadhaar hiccups
[WebDriverCommandLogger] - Executing findElements parameters: {&quot;using&quot;:&quot;xpath&quot;,&quot;value&quot;:&quot;//div[@id=&apos;c_articlelist_stories_2&apos;]/ul[1]/li/span[2]/span[2]&quot;}
[WebDriverCommandLogger] - command: findElements[ param-1: {value=//div[@id=&apos;c_articlelist_stories_2&apos;]/ul[1]/li/span[2]/span[2], using=xpath}] Result: [id: 0.08558070645241611-97, id: 0.08558070645241611-98, id: 0.08558070645241611-99, id: 0.08558070645241611-100, id: 0.08558070645241611-101, id: 0.08558070645241611-102, id: 0.08558070645241611-103, id: 0.08558070645241611-104, id: 0.08558070645241611-105, id: 0.08558070645241611-106, id: 0.08558070645241611-107, id: 0.08558070645241611-108, id: 0.08558070645241611-109, id: 0.08558070645241611-110, id: 0.08558070645241611-111, id: 0.08558070645241611-112, id: 0.08558070645241611-113, id: 0.08558070645241611-114, id: 0.08558070645241611-115, id: 0.08558070645241611-116, id: 0.08558070645241611-117, id: 0.08558070645241611-118, id: 0.08558070645241611-119, id: 0.08558070645241611-120, id: 0.08558070645241611-121, id: 0.08558070645241611-122, id: 0.08558070645241611-123, id: 0.08558070645241611-124, id: 0.08558070645241611-125, id: 0.08558070645241611-126, id: 0.08558070645241611-127, id: 0.08558070645241611-128, id: 0.08558070645241611-129, id: 0.08558070645241611-130, id: 0.08558070645241611-131, id: 0.08558070645241611-132, id: 0.08558070645241611-133, id: 0.08558070645241611-134, id: 0.08558070645241611-135, id: 0.08558070645241611-136, id: 0.08558070645241611-137, id: 0.08558070645241611-138, id: 0.08558070645241611-139, id: 0.08558070645241611-140, id: 0.08558070645241611-141, id: 0.08558070645241611-142, id: 0.08558070645241611-143, id: 0.08558070645241611-144, id: 0.08558070645241611-145, id: 0.08558070645241611-146, id: 0.08558070645241611-147, id: 0.08558070645241611-148, id: 0.08558070645241611-149, id: 0.08558070645241611-150, id: 0.08558070645241611-151, id: 0.08558070645241611-152, id: 0.08558070645241611-153, id: 0.08558070645241611-154, id: 0.08558070645241611-155, id: 0.08558070645241611-156, id: 0.08558070645241611-157, id: 0.08558070645241611-158, id: 0.08558070645241611-159, id: 0.08558070645241611-160, id: 0.08558070645241611-161, id: 0.08558070645241611-162, id: 0.08558070645241611-163, id: 0.08558070645241611-164, id: 0.08558070645241611-165, id: 0.08558070645241611-166, id: 0.08558070645241611-167, id: 0.08558070645241611-168, id: 0.08558070645241611-169, id: 0.08558070645241611-170, id: 0.08558070645241611-171, id: 0.08558070645241611-172, id: 0.08558070645241611-173, id: 0.08558070645241611-174, id: 0.08558070645241611-175, id: 0.08558070645241611-176, id: 0.08558070645241611-177, id: 0.08558070645241611-178, id: 0.08558070645241611-179, id: 0.08558070645241611-180, id: 0.08558070645241611-181, id: 0.08558070645241611-182, id: 0.08558070645241611-183, id: 0.08558070645241611-184, id: 0.08558070645241611-185, id: 0.08558070645241611-186, id: 0.08558070645241611-187, id: 0.08558070645241611-188, id: 0.08558070645241611-189, id: 0.08558070645241611-190, id: 0.08558070645241611-191, id: 0.08558070645241611-192]
[WebDriverCommandLogger] - Executing getElementText element: By.xpath: //div[@id=&apos;c_articlelist_stories_2&apos;]/ul[1]/li/span[2]/span[2] parameters: {&quot;id&quot;:&quot;0.08558070645241611-178&quot;}
[WebDriverCommandLogger] - command: getElementText[ param-1: By.xpath: //div[@id=&apos;c_articlelist_stories_2&apos;]/ul[1]/li/span[2]/span[2] param-2: {&quot;id&quot;:&quot;0.08558070645241611-178&quot;}] Result: getElementText:3 DAYS AGO
[WebDriverCommandLogger] - Executing findElements parameters: {&quot;using&quot;:&quot;xpath&quot;,&quot;value&quot;:&quot;//div[@id=&apos;c_articlelist_stories_2&apos;]/ul[1]/li/span[1]/a&quot;}
[WebDriverCommandLogger] - command: findElements[ param-1: {value=//div[@id=&apos;c_articlelist_stories_2&apos;]/ul[1]/li/span[1]/a, using=xpath}] Result: [id: 0.08558070645241611-1, id: 0.08558070645241611-2, id: 0.08558070645241611-3, id: 0.08558070645241611-4, id: 0.08558070645241611-5, id: 0.08558070645241611-6, id: 0.08558070645241611-7, id: 0.08558070645241611-8, id: 0.08558070645241611-9, id: 0.08558070645241611-10, id: 0.08558070645241611-11, id: 0.08558070645241611-12, id: 0.08558070645241611-13, id: 0.08558070645241611-14, id: 0.08558070645241611-15, id: 0.08558070645241611-16, id: 0.08558070645241611-17, id: 0.08558070645241611-18, id: 0.08558070645241611-19, id: 0.08558070645241611-20, id: 0.08558070645241611-21, id: 0.08558070645241611-22, id: 0.08558070645241611-23, id: 0.08558070645241611-24, id: 0.08558070645241611-25, id: 0.08558070645241611-26, id: 0.08558070645241611-27, id: 0.08558070645241611-28, id: 0.08558070645241611-29, id: 0.08558070645241611-30, id: 0.08558070645241611-31, id: 0.08558070645241611-32, id: 0.08558070645241611-33, id: 0.08558070645241611-34, id: 0.08558070645241611-35, id: 0.08558070645241611-36, id: 0.08558070645241611-37, id: 0.08558070645241611-38, id: 0.08558070645241611-39, id: 0.08558070645241611-40, id: 0.08558070645241611-41, id: 0.08558070645241611-42, id: 0.08558070645241611-43, id: 0.08558070645241611-44, id: 0.08558070645241611-45, id: 0.08558070645241611-46, id: 0.08558070645241611-47, id: 0.08558070645241611-48, id: 0.08558070645241611-49, id: 0.08558070645241611-50, id: 0.08558070645241611-51, id: 0.08558070645241611-52, id: 0.08558070645241611-53, id: 0.08558070645241611-54, id: 0.08558070645241611-55, id: 0.08558070645241611-56, id: 0.08558070645241611-57, id: 0.08558070645241611-58, id: 0.08558070645241611-59, id: 0.08558070645241611-60, id: 0.08558070645241611-61, id: 0.08558070645241611-62, id: 0.08558070645241611-63, id: 0.08558070645241611-64, id: 0.08558070645241611-65, id: 0.08558070645241611-66, id: 0.08558070645241611-67, id: 0.08558070645241611-68, id: 0.08558070645241611-69, id: 0.08558070645241611-70, id: 0.08558070645241611-71, id: 0.08558070645241611-72, id: 0.08558070645241611-73, id: 0.08558070645241611-74, id: 0.08558070645241611-75, id: 0.08558070645241611-76, id: 0.08558070645241611-77, id: 0.08558070645241611-78, id: 0.08558070645241611-79, id: 0.08558070645241611-80, id: 0.08558070645241611-81, id: 0.08558070645241611-82, id: 0.08558070645241611-83, id: 0.08558070645241611-84, id: 0.08558070645241611-85, id: 0.08558070645241611-86, id: 0.08558070645241611-87, id: 0.08558070645241611-88, id: 0.08558070645241611-89, id: 0.08558070645241611-90, id: 0.08558070645241611-91, id: 0.08558070645241611-92, id: 0.08558070645241611-93, id: 0.08558070645241611-94, id: 0.08558070645241611-95, id: 0.08558070645241611-96]
[WebDriverCommandLogger] - Executing findElements parameters: {&quot;using&quot;:&quot;xpath&quot;,&quot;value&quot;:&quot;//div[@id=&apos;c_articlelist_stories_2&apos;]/ul[1]/li/span[1]/a&quot;}
[WebDriverCommandLogger] - command: findElements[ param-1: {value=//div[@id=&apos;c_articlelist_stories_2&apos;]/ul[1]/li/span[1]/a, using=xpath}] Result: [id: 0.08558070645241611-1, id: 0.08558070645241611-2, id: 0.08558070645241611-3, id: 0.08558070645241611-4, id: 0.08558070645241611-5, id: 0.08558070645241611-6, id: 0.08558070645241611-7, id: 0.08558070645241611-8, id: 0.08558070645241611-9, id: 0.08558070645241611-10, id: 0.08558070645241611-11, id: 0.08558070645241611-12, id: 0.08558070645241611-13, id: 0.08558070645241611-14, id: 0.08558070645241611-15, id: 0.08558070645241611-16, id: 0.08558070645241611-17, id: 0.08558070645241611-18, id: 0.08558070645241611-19, id: 0.08558070645241611-20, id: 0.08558070645241611-21, id: 0.08558070645241611-22, id: 0.08558070645241611-23, id: 0.08558070645241611-24, id: 0.08558070645241611-25, id: 0.08558070645241611-26, id: 0.08558070645241611-27, id: 0.08558070645241611-28, id: 0.08558070645241611-29, id: 0.08558070645241611-30, id: 0.08558070645241611-31, id: 0.08558070645241611-32, id: 0.08558070645241611-33, id: 0.08558070645241611-34, id: 0.08558070645241611-35, id: 0.08558070645241611-36, id: 0.08558070645241611-37, id: 0.08558070645241611-38, id: 0.08558070645241611-39, id: 0.08558070645241611-40, id: 0.08558070645241611-41, id: 0.08558070645241611-42, id: 0.08558070645241611-43, id: 0.08558070645241611-44, id: 0.08558070645241611-45, id: 0.08558070645241611-46, id: 0.08558070645241611-47, id: 0.08558070645241611-48, id: 0.08558070645241611-49, id: 0.08558070645241611-50, id: 0.08558070645241611-51, id: 0.08558070645241611-52, id: 0.08558070645241611-53, id: 0.08558070645241611-54, id: 0.08558070645241611-55, id: 0.08558070645241611-56, id: 0.08558070645241611-57, id: 0.08558070645241611-58, id: 0.08558070645241611-59, id: 0.08558070645241611-60, id: 0.08558070645241611-61, id: 0.08558070645241611-62, id: 0.08558070645241611-63, id: 0.08558070645241611-64, id: 0.08558070645241611-65, id: 0.08558070645241611-66, id: 0.08558070645241611-67, id: 0.08558070645241611-68, id: 0.08558070645241611-69, id: 0.08558070645241611-70, id: 0.08558070645241611-71, id: 0.08558070645241611-72, id: 0.08558070645241611-73, id: 0.08558070645241611-74, id: 0.08558070645241611-75, id: 0.08558070645241611-76, id: 0.08558070645241611-77, id: 0.08558070645241611-78, id: 0.08558070645241611-79, id: 0.08558070645241611-80, id: 0.08558070645241611-81, id: 0.08558070645241611-82, id: 0.08558070645241611-83, id: 0.08558070645241611-84, id: 0.08558070645241611-85, id: 0.08558070645241611-86, id: 0.08558070645241611-87, id: 0.08558070645241611-88, id: 0.08558070645241611-89, id: 0.08558070645241611-90, id: 0.08558070645241611-91, id: 0.08558070645241611-92, id: 0.08558070645241611-93, id: 0.08558070645241611-94, id: 0.08558070645241611-95, id: 0.08558070645241611-96]
[WebDriverCommandLogger] - Executing getElementText element: By.xpath: //div[@id=&apos;c_articlelist_stories_2&apos;]/ul[1]/li/span[1]/a parameters: {&quot;id&quot;:&quot;0.08558070645241611-83&quot;}
[WebDriverCommandLogger] - command: getElementText[ param-1: By.xpath: //div[@id=&apos;c_articlelist_stories_2&apos;]/ul[1]/li/span[1]/a param-2: {&quot;id&quot;:&quot;0.08558070645241611-83&quot;}] Result: getElementText:Student dies after falling from moving PMPML bus
[WebDriverCommandLogger] - Executing findElements parameters: {&quot;using&quot;:&quot;xpath&quot;,&quot;value&quot;:&quot;//div[@id=&apos;c_articlelist_stories_2&apos;]/ul[1]/li/span[2]/span[2]&quot;}
[WebDriverCommandLogger] - command: findElements[ param-1: {value=//div[@id=&apos;c_articlelist_stories_2&apos;]/ul[1]/li/span[2]/span[2], using=xpath}] Result: [id: 0.08558070645241611-97, id: 0.08558070645241611-98, id: 0.08558070645241611-99, id: 0.08558070645241611-100, id: 0.08558070645241611-101, id: 0.08558070645241611-102, id: 0.08558070645241611-103, id: 0.08558070645241611-104, id: 0.08558070645241611-105, id: 0.08558070645241611-106, id: 0.08558070645241611-107, id: 0.08558070645241611-108, id: 0.08558070645241611-109, id: 0.08558070645241611-110, id: 0.08558070645241611-111, id: 0.08558070645241611-112, id: 0.08558070645241611-113, id: 0.08558070645241611-114, id: 0.08558070645241611-115, id: 0.08558070645241611-116, id: 0.08558070645241611-117, id: 0.08558070645241611-118, id: 0.08558070645241611-119, id: 0.08558070645241611-120, id: 0.08558070645241611-121, id: 0.08558070645241611-122, id: 0.08558070645241611-123, id: 0.08558070645241611-124, id: 0.08558070645241611-125, id: 0.08558070645241611-126, id: 0.08558070645241611-127, id: 0.08558070645241611-128, id: 0.08558070645241611-129, id: 0.08558070645241611-130, id: 0.08558070645241611-131, id: 0.08558070645241611-132, id: 0.08558070645241611-133, id: 0.08558070645241611-134, id: 0.08558070645241611-135, id: 0.08558070645241611-136, id: 0.08558070645241611-137, id: 0.08558070645241611-138, id: 0.08558070645241611-139, id: 0.08558070645241611-140, id: 0.08558070645241611-141, id: 0.08558070645241611-142, id: 0.08558070645241611-143, id: 0.08558070645241611-144, id: 0.08558070645241611-145, id: 0.08558070645241611-146, id: 0.08558070645241611-147, id: 0.08558070645241611-148, id: 0.08558070645241611-149, id: 0.08558070645241611-150, id: 0.08558070645241611-151, id: 0.08558070645241611-152, id: 0.08558070645241611-153, id: 0.08558070645241611-154, id: 0.08558070645241611-155, id: 0.08558070645241611-156, id: 0.08558070645241611-157, id: 0.08558070645241611-158, id: 0.08558070645241611-159, id: 0.08558070645241611-160, id: 0.08558070645241611-161, id: 0.08558070645241611-162, id: 0.08558070645241611-163, id: 0.08558070645241611-164, id: 0.08558070645241611-165, id: 0.08558070645241611-166, id: 0.08558070645241611-167, id: 0.08558070645241611-168, id: 0.08558070645241611-169, id: 0.08558070645241611-170, id: 0.08558070645241611-171, id: 0.08558070645241611-172, id: 0.08558070645241611-173, id: 0.08558070645241611-174, id: 0.08558070645241611-175, id: 0.08558070645241611-176, id: 0.08558070645241611-177, id: 0.08558070645241611-178, id: 0.08558070645241611-179, id: 0.08558070645241611-180, id: 0.08558070645241611-181, id: 0.08558070645241611-182, id: 0.08558070645241611-183, id: 0.08558070645241611-184, id: 0.08558070645241611-185, id: 0.08558070645241611-186, id: 0.08558070645241611-187, id: 0.08558070645241611-188, id: 0.08558070645241611-189, id: 0.08558070645241611-190, id: 0.08558070645241611-191, id: 0.08558070645241611-192]
[WebDriverCommandLogger] - Executing getElementText element: By.xpath: //div[@id=&apos;c_articlelist_stories_2&apos;]/ul[1]/li/span[2]/span[2] parameters: {&quot;id&quot;:&quot;0.08558070645241611-179&quot;}
[WebDriverCommandLogger] - command: getElementText[ param-1: By.xpath: //div[@id=&apos;c_articlelist_stories_2&apos;]/ul[1]/li/span[2]/span[2] param-2: {&quot;id&quot;:&quot;0.08558070645241611-179&quot;}] Result: getElementText:3 DAYS AGO
[WebDriverCommandLogger] - Executing findElements parameters: {&quot;using&quot;:&quot;xpath&quot;,&quot;value&quot;:&quot;//div[@id=&apos;c_articlelist_stories_2&apos;]/ul[1]/li/span[1]/a&quot;}
[WebDriverCommandLogger] - command: findElements[ param-1: {value=//div[@id=&apos;c_articlelist_stories_2&apos;]/ul[1]/li/span[1]/a, using=xpath}] Result: [id: 0.08558070645241611-1, id: 0.08558070645241611-2, id: 0.08558070645241611-3, id: 0.08558070645241611-4, id: 0.08558070645241611-5, id: 0.08558070645241611-6, id: 0.08558070645241611-7, id: 0.08558070645241611-8, id: 0.08558070645241611-9, id: 0.08558070645241611-10, id: 0.08558070645241611-11, id: 0.08558070645241611-12, id: 0.08558070645241611-13, id: 0.08558070645241611-14, id: 0.08558070645241611-15, id: 0.08558070645241611-16, id: 0.08558070645241611-17, id: 0.08558070645241611-18, id: 0.08558070645241611-19, id: 0.08558070645241611-20, id: 0.08558070645241611-21, id: 0.08558070645241611-22, id: 0.08558070645241611-23, id: 0.08558070645241611-24, id: 0.08558070645241611-25, id: 0.08558070645241611-26, id: 0.08558070645241611-27, id: 0.08558070645241611-28, id: 0.08558070645241611-29, id: 0.08558070645241611-30, id: 0.08558070645241611-31, id: 0.08558070645241611-32, id: 0.08558070645241611-33, id: 0.08558070645241611-34, id: 0.08558070645241611-35, id: 0.08558070645241611-36, id: 0.08558070645241611-37, id: 0.08558070645241611-38, id: 0.08558070645241611-39, id: 0.08558070645241611-40, id: 0.08558070645241611-41, id: 0.08558070645241611-42, id: 0.08558070645241611-43, id: 0.08558070645241611-44, id: 0.08558070645241611-45, id: 0.08558070645241611-46, id: 0.08558070645241611-47, id: 0.08558070645241611-48, id: 0.08558070645241611-49, id: 0.08558070645241611-50, id: 0.08558070645241611-51, id: 0.08558070645241611-52, id: 0.08558070645241611-53, id: 0.08558070645241611-54, id: 0.08558070645241611-55, id: 0.08558070645241611-56, id: 0.08558070645241611-57, id: 0.08558070645241611-58, id: 0.08558070645241611-59, id: 0.08558070645241611-60, id: 0.08558070645241611-61, id: 0.08558070645241611-62, id: 0.08558070645241611-63, id: 0.08558070645241611-64, id: 0.08558070645241611-65, id: 0.08558070645241611-66, id: 0.08558070645241611-67, id: 0.08558070645241611-68, id: 0.08558070645241611-69, id: 0.08558070645241611-70, id: 0.08558070645241611-71, id: 0.08558070645241611-72, id: 0.08558070645241611-73, id: 0.08558070645241611-74, id: 0.08558070645241611-75, id: 0.08558070645241611-76, id: 0.08558070645241611-77, id: 0.08558070645241611-78, id: 0.08558070645241611-79, id: 0.08558070645241611-80, id: 0.08558070645241611-81, id: 0.08558070645241611-82, id: 0.08558070645241611-83, id: 0.08558070645241611-84, id: 0.08558070645241611-85, id: 0.08558070645241611-86, id: 0.08558070645241611-87, id: 0.08558070645241611-88, id: 0.08558070645241611-89, id: 0.08558070645241611-90, id: 0.08558070645241611-91, id: 0.08558070645241611-92, id: 0.08558070645241611-93, id: 0.08558070645241611-94, id: 0.08558070645241611-95, id: 0.08558070645241611-96]
[WebDriverCommandLogger] - Executing findElements parameters: {&quot;using&quot;:&quot;xpath&quot;,&quot;value&quot;:&quot;//div[@id=&apos;c_articlelist_stories_2&apos;]/ul[1]/li/span[1]/a&quot;}
[WebDriverCommandLogger] - command: findElements[ param-1: {value=//div[@id=&apos;c_articlelist_stories_2&apos;]/ul[1]/li/span[1]/a, using=xpath}] Result: [id: 0.08558070645241611-1, id: 0.08558070645241611-2, id: 0.08558070645241611-3, id: 0.08558070645241611-4, id: 0.08558070645241611-5, id: 0.08558070645241611-6, id: 0.08558070645241611-7, id: 0.08558070645241611-8, id: 0.08558070645241611-9, id: 0.08558070645241611-10, id: 0.08558070645241611-11, id: 0.08558070645241611-12, id: 0.08558070645241611-13, id: 0.08558070645241611-14, id: 0.08558070645241611-15, id: 0.08558070645241611-16, id: 0.08558070645241611-17, id: 0.08558070645241611-18, id: 0.08558070645241611-19, id: 0.08558070645241611-20, id: 0.08558070645241611-21, id: 0.08558070645241611-22, id: 0.08558070645241611-23, id: 0.08558070645241611-24, id: 0.08558070645241611-25, id: 0.08558070645241611-26, id: 0.08558070645241611-27, id: 0.08558070645241611-28, id: 0.08558070645241611-29, id: 0.08558070645241611-30, id: 0.08558070645241611-31, id: 0.08558070645241611-32, id: 0.08558070645241611-33, id: 0.08558070645241611-34, id: 0.08558070645241611-35, id: 0.08558070645241611-36, id: 0.08558070645241611-37, id: 0.08558070645241611-38, id: 0.08558070645241611-39, id: 0.08558070645241611-40, id: 0.08558070645241611-41, id: 0.08558070645241611-42, id: 0.08558070645241611-43, id: 0.08558070645241611-44, id: 0.08558070645241611-45, id: 0.08558070645241611-46, id: 0.08558070645241611-47, id: 0.08558070645241611-48, id: 0.08558070645241611-49, id: 0.08558070645241611-50, id: 0.08558070645241611-51, id: 0.08558070645241611-52, id: 0.08558070645241611-53, id: 0.08558070645241611-54, id: 0.08558070645241611-55, id: 0.08558070645241611-56, id: 0.08558070645241611-57, id: 0.08558070645241611-58, id: 0.08558070645241611-59, id: 0.08558070645241611-60, id: 0.08558070645241611-61, id: 0.08558070645241611-62, id: 0.08558070645241611-63, id: 0.08558070645241611-64, id: 0.08558070645241611-65, id: 0.08558070645241611-66, id: 0.08558070645241611-67, id: 0.08558070645241611-68, id: 0.08558070645241611-69, id: 0.08558070645241611-70, id: 0.08558070645241611-71, id: 0.08558070645241611-72, id: 0.08558070645241611-73, id: 0.08558070645241611-74, id: 0.08558070645241611-75, id: 0.08558070645241611-76, id: 0.08558070645241611-77, id: 0.08558070645241611-78, id: 0.08558070645241611-79, id: 0.08558070645241611-80, id: 0.08558070645241611-81, id: 0.08558070645241611-82, id: 0.08558070645241611-83, id: 0.08558070645241611-84, id: 0.08558070645241611-85, id: 0.08558070645241611-86, id: 0.08558070645241611-87, id: 0.08558070645241611-88, id: 0.08558070645241611-89, id: 0.08558070645241611-90, id: 0.08558070645241611-91, id: 0.08558070645241611-92, id: 0.08558070645241611-93, id: 0.08558070645241611-94, id: 0.08558070645241611-95, id: 0.08558070645241611-96]
[WebDriverCommandLogger] - Executing getElementText element: By.xpath: //div[@id=&apos;c_articlelist_stories_2&apos;]/ul[1]/li/span[1]/a parameters: {&quot;id&quot;:&quot;0.08558070645241611-84&quot;}
[WebDriverCommandLogger] - command: getElementText[ param-1: By.xpath: //div[@id=&apos;c_articlelist_stories_2&apos;]/ul[1]/li/span[1]/a param-2: {&quot;id&quot;:&quot;0.08558070645241611-84&quot;}] Result: getElementText:Seven persons booked for murder attempt, ransacking of vehicles
[WebDriverCommandLogger] - Executing findElements parameters: {&quot;using&quot;:&quot;xpath&quot;,&quot;value&quot;:&quot;//div[@id=&apos;c_articlelist_stories_2&apos;]/ul[1]/li/span[2]/span[2]&quot;}
[WebDriverCommandLogger] - command: findElements[ param-1: {value=//div[@id=&apos;c_articlelist_stories_2&apos;]/ul[1]/li/span[2]/span[2], using=xpath}] Result: [id: 0.08558070645241611-97, id: 0.08558070645241611-98, id: 0.08558070645241611-99, id: 0.08558070645241611-100, id: 0.08558070645241611-101, id: 0.08558070645241611-102, id: 0.08558070645241611-103, id: 0.08558070645241611-104, id: 0.08558070645241611-105, id: 0.08558070645241611-106, id: 0.08558070645241611-107, id: 0.08558070645241611-108, id: 0.08558070645241611-109, id: 0.08558070645241611-110, id: 0.08558070645241611-111, id: 0.08558070645241611-112, id: 0.08558070645241611-113, id: 0.08558070645241611-114, id: 0.08558070645241611-115, id: 0.08558070645241611-116, id: 0.08558070645241611-117, id: 0.08558070645241611-118, id: 0.08558070645241611-119, id: 0.08558070645241611-120, id: 0.08558070645241611-121, id: 0.08558070645241611-122, id: 0.08558070645241611-123, id: 0.08558070645241611-124, id: 0.08558070645241611-125, id: 0.08558070645241611-126, id: 0.08558070645241611-127, id: 0.08558070645241611-128, id: 0.08558070645241611-129, id: 0.08558070645241611-130, id: 0.08558070645241611-131, id: 0.08558070645241611-132, id: 0.08558070645241611-133, id: 0.08558070645241611-134, id: 0.08558070645241611-135, id: 0.08558070645241611-136, id: 0.08558070645241611-137, id: 0.08558070645241611-138, id: 0.08558070645241611-139, id: 0.08558070645241611-140, id: 0.08558070645241611-141, id: 0.08558070645241611-142, id: 0.08558070645241611-143, id: 0.08558070645241611-144, id: 0.08558070645241611-145, id: 0.08558070645241611-146, id: 0.08558070645241611-147, id: 0.08558070645241611-148, id: 0.08558070645241611-149, id: 0.08558070645241611-150, id: 0.08558070645241611-151, id: 0.08558070645241611-152, id: 0.08558070645241611-153, id: 0.08558070645241611-154, id: 0.08558070645241611-155, id: 0.08558070645241611-156, id: 0.08558070645241611-157, id: 0.08558070645241611-158, id: 0.08558070645241611-159, id: 0.08558070645241611-160, id: 0.08558070645241611-161, id: 0.08558070645241611-162, id: 0.08558070645241611-163, id: 0.08558070645241611-164, id: 0.08558070645241611-165, id: 0.08558070645241611-166, id: 0.08558070645241611-167, id: 0.08558070645241611-168, id: 0.08558070645241611-169, id: 0.08558070645241611-170, id: 0.08558070645241611-171, id: 0.08558070645241611-172, id: 0.08558070645241611-173, id: 0.08558070645241611-174, id: 0.08558070645241611-175, id: 0.08558070645241611-176, id: 0.08558070645241611-177, id: 0.08558070645241611-178, id: 0.08558070645241611-179, id: 0.08558070645241611-180, id: 0.08558070645241611-181, id: 0.08558070645241611-182, id: 0.08558070645241611-183, id: 0.08558070645241611-184, id: 0.08558070645241611-185, id: 0.08558070645241611-186, id: 0.08558070645241611-187, id: 0.08558070645241611-188, id: 0.08558070645241611-189, id: 0.08558070645241611-190, id: 0.08558070645241611-191, id: 0.08558070645241611-192]
[WebDriverCommandLogger] - Executing getElementText element: By.xpath: //div[@id=&apos;c_articlelist_stories_2&apos;]/ul[1]/li/span[2]/span[2] parameters: {&quot;id&quot;:&quot;0.08558070645241611-180&quot;}
[WebDriverCommandLogger] - command: getElementText[ param-1: By.xpath: //div[@id=&apos;c_articlelist_stories_2&apos;]/ul[1]/li/span[2]/span[2] param-2: {&quot;id&quot;:&quot;0.08558070645241611-180&quot;}] Result: getElementText:3 DAYS AGO
[WebDriverCommandLogger] - Executing findElements parameters: {&quot;using&quot;:&quot;xpath&quot;,&quot;value&quot;:&quot;//div[@id=&apos;c_articlelist_stories_2&apos;]/ul[1]/li/span[1]/a&quot;}
[WebDriverCommandLogger] - command: findElements[ param-1: {value=//div[@id=&apos;c_articlelist_stories_2&apos;]/ul[1]/li/span[1]/a, using=xpath}] Result: [id: 0.08558070645241611-1, id: 0.08558070645241611-2, id: 0.08558070645241611-3, id: 0.08558070645241611-4, id: 0.08558070645241611-5, id: 0.08558070645241611-6, id: 0.08558070645241611-7, id: 0.08558070645241611-8, id: 0.08558070645241611-9, id: 0.08558070645241611-10, id: 0.08558070645241611-11, id: 0.08558070645241611-12, id: 0.08558070645241611-13, id: 0.08558070645241611-14, id: 0.08558070645241611-15, id: 0.08558070645241611-16, id: 0.08558070645241611-17, id: 0.08558070645241611-18, id: 0.08558070645241611-19, id: 0.08558070645241611-20, id: 0.08558070645241611-21, id: 0.08558070645241611-22, id: 0.08558070645241611-23, id: 0.08558070645241611-24, id: 0.08558070645241611-25, id: 0.08558070645241611-26, id: 0.08558070645241611-27, id: 0.08558070645241611-28, id: 0.08558070645241611-29, id: 0.08558070645241611-30, id: 0.08558070645241611-31, id: 0.08558070645241611-32, id: 0.08558070645241611-33, id: 0.08558070645241611-34, id: 0.08558070645241611-35, id: 0.08558070645241611-36, id: 0.08558070645241611-37, id: 0.08558070645241611-38, id: 0.08558070645241611-39, id: 0.08558070645241611-40, id: 0.08558070645241611-41, id: 0.08558070645241611-42, id: 0.08558070645241611-43, id: 0.08558070645241611-44, id: 0.08558070645241611-45, id: 0.08558070645241611-46, id: 0.08558070645241611-47, id: 0.08558070645241611-48, id: 0.08558070645241611-49, id: 0.08558070645241611-50, id: 0.08558070645241611-51, id: 0.08558070645241611-52, id: 0.08558070645241611-53, id: 0.08558070645241611-54, id: 0.08558070645241611-55, id: 0.08558070645241611-56, id: 0.08558070645241611-57, id: 0.08558070645241611-58, id: 0.08558070645241611-59, id: 0.08558070645241611-60, id: 0.08558070645241611-61, id: 0.08558070645241611-62, id: 0.08558070645241611-63, id: 0.08558070645241611-64, id: 0.08558070645241611-65, id: 0.08558070645241611-66, id: 0.08558070645241611-67, id: 0.08558070645241611-68, id: 0.08558070645241611-69, id: 0.08558070645241611-70, id: 0.08558070645241611-71, id: 0.08558070645241611-72, id: 0.08558070645241611-73, id: 0.08558070645241611-74, id: 0.08558070645241611-75, id: 0.08558070645241611-76, id: 0.08558070645241611-77, id: 0.08558070645241611-78, id: 0.08558070645241611-79, id: 0.08558070645241611-80, id: 0.08558070645241611-81, id: 0.08558070645241611-82, id: 0.08558070645241611-83, id: 0.08558070645241611-84, id: 0.08558070645241611-85, id: 0.08558070645241611-86, id: 0.08558070645241611-87, id: 0.08558070645241611-88, id: 0.08558070645241611-89, id: 0.08558070645241611-90, id: 0.08558070645241611-91, id: 0.08558070645241611-92, id: 0.08558070645241611-93, id: 0.08558070645241611-94, id: 0.08558070645241611-95, id: 0.08558070645241611-96]
[WebDriverCommandLogger] - Executing findElements parameters: {&quot;using&quot;:&quot;xpath&quot;,&quot;value&quot;:&quot;//div[@id=&apos;c_articlelist_stories_2&apos;]/ul[1]/li/span[1]/a&quot;}
[WebDriverCommandLogger] - command: findElements[ param-1: {value=//div[@id=&apos;c_articlelist_stories_2&apos;]/ul[1]/li/span[1]/a, using=xpath}] Result: [id: 0.08558070645241611-1, id: 0.08558070645241611-2, id: 0.08558070645241611-3, id: 0.08558070645241611-4, id: 0.08558070645241611-5, id: 0.08558070645241611-6, id: 0.08558070645241611-7, id: 0.08558070645241611-8, id: 0.08558070645241611-9, id: 0.08558070645241611-10, id: 0.08558070645241611-11, id: 0.08558070645241611-12, id: 0.08558070645241611-13, id: 0.08558070645241611-14, id: 0.08558070645241611-15, id: 0.08558070645241611-16, id: 0.08558070645241611-17, id: 0.08558070645241611-18, id: 0.08558070645241611-19, id: 0.08558070645241611-20, id: 0.08558070645241611-21, id: 0.08558070645241611-22, id: 0.08558070645241611-23, id: 0.08558070645241611-24, id: 0.08558070645241611-25, id: 0.08558070645241611-26, id: 0.08558070645241611-27, id: 0.08558070645241611-28, id: 0.08558070645241611-29, id: 0.08558070645241611-30, id: 0.08558070645241611-31, id: 0.08558070645241611-32, id: 0.08558070645241611-33, id: 0.08558070645241611-34, id: 0.08558070645241611-35, id: 0.08558070645241611-36, id: 0.08558070645241611-37, id: 0.08558070645241611-38, id: 0.08558070645241611-39, id: 0.08558070645241611-40, id: 0.08558070645241611-41, id: 0.08558070645241611-42, id: 0.08558070645241611-43, id: 0.08558070645241611-44, id: 0.08558070645241611-45, id: 0.08558070645241611-46, id: 0.08558070645241611-47, id: 0.08558070645241611-48, id: 0.08558070645241611-49, id: 0.08558070645241611-50, id: 0.08558070645241611-51, id: 0.08558070645241611-52, id: 0.08558070645241611-53, id: 0.08558070645241611-54, id: 0.08558070645241611-55, id: 0.08558070645241611-56, id: 0.08558070645241611-57, id: 0.08558070645241611-58, id: 0.08558070645241611-59, id: 0.08558070645241611-60, id: 0.08558070645241611-61, id: 0.08558070645241611-62, id: 0.08558070645241611-63, id: 0.08558070645241611-64, id: 0.08558070645241611-65, id: 0.08558070645241611-66, id: 0.08558070645241611-67, id: 0.08558070645241611-68, id: 0.08558070645241611-69, id: 0.08558070645241611-70, id: 0.08558070645241611-71, id: 0.08558070645241611-72, id: 0.08558070645241611-73, id: 0.08558070645241611-74, id: 0.08558070645241611-75, id: 0.08558070645241611-76, id: 0.08558070645241611-77, id: 0.08558070645241611-78, id: 0.08558070645241611-79, id: 0.08558070645241611-80, id: 0.08558070645241611-81, id: 0.08558070645241611-82, id: 0.08558070645241611-83, id: 0.08558070645241611-84, id: 0.08558070645241611-85, id: 0.08558070645241611-86, id: 0.08558070645241611-87, id: 0.08558070645241611-88, id: 0.08558070645241611-89, id: 0.08558070645241611-90, id: 0.08558070645241611-91, id: 0.08558070645241611-92, id: 0.08558070645241611-93, id: 0.08558070645241611-94, id: 0.08558070645241611-95, id: 0.08558070645241611-96]
[WebDriverCommandLogger] - Executing getElementText element: By.xpath: //div[@id=&apos;c_articlelist_stories_2&apos;]/ul[1]/li/span[1]/a parameters: {&quot;id&quot;:&quot;0.08558070645241611-85&quot;}
[WebDriverCommandLogger] - command: getElementText[ param-1: By.xpath: //div[@id=&apos;c_articlelist_stories_2&apos;]/ul[1]/li/span[1]/a param-2: {&quot;id&quot;:&quot;0.08558070645241611-85&quot;}] Result: getElementText:Lens on water connections, details sought
[WebDriverCommandLogger] - Executing findElements parameters: {&quot;using&quot;:&quot;xpath&quot;,&quot;value&quot;:&quot;//div[@id=&apos;c_articlelist_stories_2&apos;]/ul[1]/li/span[2]/span[2]&quot;}
[WebDriverCommandLogger] - command: findElements[ param-1: {value=//div[@id=&apos;c_articlelist_stories_2&apos;]/ul[1]/li/span[2]/span[2], using=xpath}] Result: [id: 0.08558070645241611-97, id: 0.08558070645241611-98, id: 0.08558070645241611-99, id: 0.08558070645241611-100, id: 0.08558070645241611-101, id: 0.08558070645241611-102, id: 0.08558070645241611-103, id: 0.08558070645241611-104, id: 0.08558070645241611-105, id: 0.08558070645241611-106, id: 0.08558070645241611-107, id: 0.08558070645241611-108, id: 0.08558070645241611-109, id: 0.08558070645241611-110, id: 0.08558070645241611-111, id: 0.08558070645241611-112, id: 0.08558070645241611-113, id: 0.08558070645241611-114, id: 0.08558070645241611-115, id: 0.08558070645241611-116, id: 0.08558070645241611-117, id: 0.08558070645241611-118, id: 0.08558070645241611-119, id: 0.08558070645241611-120, id: 0.08558070645241611-121, id: 0.08558070645241611-122, id: 0.08558070645241611-123, id: 0.08558070645241611-124, id: 0.08558070645241611-125, id: 0.08558070645241611-126, id: 0.08558070645241611-127, id: 0.08558070645241611-128, id: 0.08558070645241611-129, id: 0.08558070645241611-130, id: 0.08558070645241611-131, id: 0.08558070645241611-132, id: 0.08558070645241611-133, id: 0.08558070645241611-134, id: 0.08558070645241611-135, id: 0.08558070645241611-136, id: 0.08558070645241611-137, id: 0.08558070645241611-138, id: 0.08558070645241611-139, id: 0.08558070645241611-140, id: 0.08558070645241611-141, id: 0.08558070645241611-142, id: 0.08558070645241611-143, id: 0.08558070645241611-144, id: 0.08558070645241611-145, id: 0.08558070645241611-146, id: 0.08558070645241611-147, id: 0.08558070645241611-148, id: 0.08558070645241611-149, id: 0.08558070645241611-150, id: 0.08558070645241611-151, id: 0.08558070645241611-152, id: 0.08558070645241611-153, id: 0.08558070645241611-154, id: 0.08558070645241611-155, id: 0.08558070645241611-156, id: 0.08558070645241611-157, id: 0.08558070645241611-158, id: 0.08558070645241611-159, id: 0.08558070645241611-160, id: 0.08558070645241611-161, id: 0.08558070645241611-162, id: 0.08558070645241611-163, id: 0.08558070645241611-164, id: 0.08558070645241611-165, id: 0.08558070645241611-166, id: 0.08558070645241611-167, id: 0.08558070645241611-168, id: 0.08558070645241611-169, id: 0.08558070645241611-170, id: 0.08558070645241611-171, id: 0.08558070645241611-172, id: 0.08558070645241611-173, id: 0.08558070645241611-174, id: 0.08558070645241611-175, id: 0.08558070645241611-176, id: 0.08558070645241611-177, id: 0.08558070645241611-178, id: 0.08558070645241611-179, id: 0.08558070645241611-180, id: 0.08558070645241611-181, id: 0.08558070645241611-182, id: 0.08558070645241611-183, id: 0.08558070645241611-184, id: 0.08558070645241611-185, id: 0.08558070645241611-186, id: 0.08558070645241611-187, id: 0.08558070645241611-188, id: 0.08558070645241611-189, id: 0.08558070645241611-190, id: 0.08558070645241611-191, id: 0.08558070645241611-192]
[WebDriverCommandLogger] - Executing getElementText element: By.xpath: //div[@id=&apos;c_articlelist_stories_2&apos;]/ul[1]/li/span[2]/span[2] parameters: {&quot;id&quot;:&quot;0.08558070645241611-181&quot;}
[WebDriverCommandLogger] - command: getElementText[ param-1: By.xpath: //div[@id=&apos;c_articlelist_stories_2&apos;]/ul[1]/li/span[2]/span[2] param-2: {&quot;id&quot;:&quot;0.08558070645241611-181&quot;}] Result: getElementText:3 DAYS AGO
[WebDriverCommandLogger] - Executing findElements parameters: {&quot;using&quot;:&quot;xpath&quot;,&quot;value&quot;:&quot;//div[@id=&apos;c_articlelist_stories_2&apos;]/ul[1]/li/span[1]/a&quot;}
[WebDriverCommandLogger] - command: findElements[ param-1: {value=//div[@id=&apos;c_articlelist_stories_2&apos;]/ul[1]/li/span[1]/a, using=xpath}] Result: [id: 0.08558070645241611-1, id: 0.08558070645241611-2, id: 0.08558070645241611-3, id: 0.08558070645241611-4, id: 0.08558070645241611-5, id: 0.08558070645241611-6, id: 0.08558070645241611-7, id: 0.08558070645241611-8, id: 0.08558070645241611-9, id: 0.08558070645241611-10, id: 0.08558070645241611-11, id: 0.08558070645241611-12, id: 0.08558070645241611-13, id: 0.08558070645241611-14, id: 0.08558070645241611-15, id: 0.08558070645241611-16, id: 0.08558070645241611-17, id: 0.08558070645241611-18, id: 0.08558070645241611-19, id: 0.08558070645241611-20, id: 0.08558070645241611-21, id: 0.08558070645241611-22, id: 0.08558070645241611-23, id: 0.08558070645241611-24, id: 0.08558070645241611-25, id: 0.08558070645241611-26, id: 0.08558070645241611-27, id: 0.08558070645241611-28, id: 0.08558070645241611-29, id: 0.08558070645241611-30, id: 0.08558070645241611-31, id: 0.08558070645241611-32, id: 0.08558070645241611-33, id: 0.08558070645241611-34, id: 0.08558070645241611-35, id: 0.08558070645241611-36, id: 0.08558070645241611-37, id: 0.08558070645241611-38, id: 0.08558070645241611-39, id: 0.08558070645241611-40, id: 0.08558070645241611-41, id: 0.08558070645241611-42, id: 0.08558070645241611-43, id: 0.08558070645241611-44, id: 0.08558070645241611-45, id: 0.08558070645241611-46, id: 0.08558070645241611-47, id: 0.08558070645241611-48, id: 0.08558070645241611-49, id: 0.08558070645241611-50, id: 0.08558070645241611-51, id: 0.08558070645241611-52, id: 0.08558070645241611-53, id: 0.08558070645241611-54, id: 0.08558070645241611-55, id: 0.08558070645241611-56, id: 0.08558070645241611-57, id: 0.08558070645241611-58, id: 0.08558070645241611-59, id: 0.08558070645241611-60, id: 0.08558070645241611-61, id: 0.08558070645241611-62, id: 0.08558070645241611-63, id: 0.08558070645241611-64, id: 0.08558070645241611-65, id: 0.08558070645241611-66, id: 0.08558070645241611-67, id: 0.08558070645241611-68, id: 0.08558070645241611-69, id: 0.08558070645241611-70, id: 0.08558070645241611-71, id: 0.08558070645241611-72, id: 0.08558070645241611-73, id: 0.08558070645241611-74, id: 0.08558070645241611-75, id: 0.08558070645241611-76, id: 0.08558070645241611-77, id: 0.08558070645241611-78, id: 0.08558070645241611-79, id: 0.08558070645241611-80, id: 0.08558070645241611-81, id: 0.08558070645241611-82, id: 0.08558070645241611-83, id: 0.08558070645241611-84, id: 0.08558070645241611-85, id: 0.08558070645241611-86, id: 0.08558070645241611-87, id: 0.08558070645241611-88, id: 0.08558070645241611-89, id: 0.08558070645241611-90, id: 0.08558070645241611-91, id: 0.08558070645241611-92, id: 0.08558070645241611-93, id: 0.08558070645241611-94, id: 0.08558070645241611-95, id: 0.08558070645241611-96]
[WebDriverCommandLogger] - Executing findElements parameters: {&quot;using&quot;:&quot;xpath&quot;,&quot;value&quot;:&quot;//div[@id=&apos;c_articlelist_stories_2&apos;]/ul[1]/li/span[1]/a&quot;}
[WebDriverCommandLogger] - command: findElements[ param-1: {value=//div[@id=&apos;c_articlelist_stories_2&apos;]/ul[1]/li/span[1]/a, using=xpath}] Result: [id: 0.08558070645241611-1, id: 0.08558070645241611-2, id: 0.08558070645241611-3, id: 0.08558070645241611-4, id: 0.08558070645241611-5, id: 0.08558070645241611-6, id: 0.08558070645241611-7, id: 0.08558070645241611-8, id: 0.08558070645241611-9, id: 0.08558070645241611-10, id: 0.08558070645241611-11, id: 0.08558070645241611-12, id: 0.08558070645241611-13, id: 0.08558070645241611-14, id: 0.08558070645241611-15, id: 0.08558070645241611-16, id: 0.08558070645241611-17, id: 0.08558070645241611-18, id: 0.08558070645241611-19, id: 0.08558070645241611-20, id: 0.08558070645241611-21, id: 0.08558070645241611-22, id: 0.08558070645241611-23, id: 0.08558070645241611-24, id: 0.08558070645241611-25, id: 0.08558070645241611-26, id: 0.08558070645241611-27, id: 0.08558070645241611-28, id: 0.08558070645241611-29, id: 0.08558070645241611-30, id: 0.08558070645241611-31, id: 0.08558070645241611-32, id: 0.08558070645241611-33, id: 0.08558070645241611-34, id: 0.08558070645241611-35, id: 0.08558070645241611-36, id: 0.08558070645241611-37, id: 0.08558070645241611-38, id: 0.08558070645241611-39, id: 0.08558070645241611-40, id: 0.08558070645241611-41, id: 0.08558070645241611-42, id: 0.08558070645241611-43, id: 0.08558070645241611-44, id: 0.08558070645241611-45, id: 0.08558070645241611-46, id: 0.08558070645241611-47, id: 0.08558070645241611-48, id: 0.08558070645241611-49, id: 0.08558070645241611-50, id: 0.08558070645241611-51, id: 0.08558070645241611-52, id: 0.08558070645241611-53, id: 0.08558070645241611-54, id: 0.08558070645241611-55, id: 0.08558070645241611-56, id: 0.08558070645241611-57, id: 0.08558070645241611-58, id: 0.08558070645241611-59, id: 0.08558070645241611-60, id: 0.08558070645241611-61, id: 0.08558070645241611-62, id: 0.08558070645241611-63, id: 0.08558070645241611-64, id: 0.08558070645241611-65, id: 0.08558070645241611-66, id: 0.08558070645241611-67, id: 0.08558070645241611-68, id: 0.08558070645241611-69, id: 0.08558070645241611-70, id: 0.08558070645241611-71, id: 0.08558070645241611-72, id: 0.08558070645241611-73, id: 0.08558070645241611-74, id: 0.08558070645241611-75, id: 0.08558070645241611-76, id: 0.08558070645241611-77, id: 0.08558070645241611-78, id: 0.08558070645241611-79, id: 0.08558070645241611-80, id: 0.08558070645241611-81, id: 0.08558070645241611-82, id: 0.08558070645241611-83, id: 0.08558070645241611-84, id: 0.08558070645241611-85, id: 0.08558070645241611-86, id: 0.08558070645241611-87, id: 0.08558070645241611-88, id: 0.08558070645241611-89, id: 0.08558070645241611-90, id: 0.08558070645241611-91, id: 0.08558070645241611-92, id: 0.08558070645241611-93, id: 0.08558070645241611-94, id: 0.08558070645241611-95, id: 0.08558070645241611-96]
[WebDriverCommandLogger] - Executing getElementText element: By.xpath: //div[@id=&apos;c_articlelist_stories_2&apos;]/ul[1]/li/span[1]/a parameters: {&quot;id&quot;:&quot;0.08558070645241611-86&quot;}
[WebDriverCommandLogger] - command: getElementText[ param-1: By.xpath: //div[@id=&apos;c_articlelist_stories_2&apos;]/ul[1]/li/span[1]/a param-2: {&quot;id&quot;:&quot;0.08558070645241611-86&quot;}] Result: getElementText:Parts of Pune flood-prone, warns PMC’s disaster plan
[WebDriverCommandLogger] - Executing findElements parameters: {&quot;using&quot;:&quot;xpath&quot;,&quot;value&quot;:&quot;//div[@id=&apos;c_articlelist_stories_2&apos;]/ul[1]/li/span[2]/span[2]&quot;}
[WebDriverCommandLogger] - command: findElements[ param-1: {value=//div[@id=&apos;c_articlelist_stories_2&apos;]/ul[1]/li/span[2]/span[2], using=xpath}] Result: [id: 0.08558070645241611-97, id: 0.08558070645241611-98, id: 0.08558070645241611-99, id: 0.08558070645241611-100, id: 0.08558070645241611-101, id: 0.08558070645241611-102, id: 0.08558070645241611-103, id: 0.08558070645241611-104, id: 0.08558070645241611-105, id: 0.08558070645241611-106, id: 0.08558070645241611-107, id: 0.08558070645241611-108, id: 0.08558070645241611-109, id: 0.08558070645241611-110, id: 0.08558070645241611-111, id: 0.08558070645241611-112, id: 0.08558070645241611-113, id: 0.08558070645241611-114, id: 0.08558070645241611-115, id: 0.08558070645241611-116, id: 0.08558070645241611-117, id: 0.08558070645241611-118, id: 0.08558070645241611-119, id: 0.08558070645241611-120, id: 0.08558070645241611-121, id: 0.08558070645241611-122, id: 0.08558070645241611-123, id: 0.08558070645241611-124, id: 0.08558070645241611-125, id: 0.08558070645241611-126, id: 0.08558070645241611-127, id: 0.08558070645241611-128, id: 0.08558070645241611-129, id: 0.08558070645241611-130, id: 0.08558070645241611-131, id: 0.08558070645241611-132, id: 0.08558070645241611-133, id: 0.08558070645241611-134, id: 0.08558070645241611-135, id: 0.08558070645241611-136, id: 0.08558070645241611-137, id: 0.08558070645241611-138, id: 0.08558070645241611-139, id: 0.08558070645241611-140, id: 0.08558070645241611-141, id: 0.08558070645241611-142, id: 0.08558070645241611-143, id: 0.08558070645241611-144, id: 0.08558070645241611-145, id: 0.08558070645241611-146, id: 0.08558070645241611-147, id: 0.08558070645241611-148, id: 0.08558070645241611-149, id: 0.08558070645241611-150, id: 0.08558070645241611-151, id: 0.08558070645241611-152, id: 0.08558070645241611-153, id: 0.08558070645241611-154, id: 0.08558070645241611-155, id: 0.08558070645241611-156, id: 0.08558070645241611-157, id: 0.08558070645241611-158, id: 0.08558070645241611-159, id: 0.08558070645241611-160, id: 0.08558070645241611-161, id: 0.08558070645241611-162, id: 0.08558070645241611-163, id: 0.08558070645241611-164, id: 0.08558070645241611-165, id: 0.08558070645241611-166, id: 0.08558070645241611-167, id: 0.08558070645241611-168, id: 0.08558070645241611-169, id: 0.08558070645241611-170, id: 0.08558070645241611-171, id: 0.08558070645241611-172, id: 0.08558070645241611-173, id: 0.08558070645241611-174, id: 0.08558070645241611-175, id: 0.08558070645241611-176, id: 0.08558070645241611-177, id: 0.08558070645241611-178, id: 0.08558070645241611-179, id: 0.08558070645241611-180, id: 0.08558070645241611-181, id: 0.08558070645241611-182, id: 0.08558070645241611-183, id: 0.08558070645241611-184, id: 0.08558070645241611-185, id: 0.08558070645241611-186, id: 0.08558070645241611-187, id: 0.08558070645241611-188, id: 0.08558070645241611-189, id: 0.08558070645241611-190, id: 0.08558070645241611-191, id: 0.08558070645241611-192]
[WebDriverCommandLogger] - Executing getElementText element: By.xpath: //div[@id=&apos;c_articlelist_stories_2&apos;]/ul[1]/li/span[2]/span[2] parameters: {&quot;id&quot;:&quot;0.08558070645241611-182&quot;}
[WebDriverCommandLogger] - command: getElementText[ param-1: By.xpath: //div[@id=&apos;c_articlelist_stories_2&apos;]/ul[1]/li/span[2]/span[2] param-2: {&quot;id&quot;:&quot;0.08558070645241611-182&quot;}] Result: getElementText:3 DAYS AGO
[WebDriverCommandLogger] - Executing findElements parameters: {&quot;using&quot;:&quot;xpath&quot;,&quot;value&quot;:&quot;//div[@id=&apos;c_articlelist_stories_2&apos;]/ul[1]/li/span[1]/a&quot;}
[WebDriverCommandLogger] - command: findElements[ param-1: {value=//div[@id=&apos;c_articlelist_stories_2&apos;]/ul[1]/li/span[1]/a, using=xpath}] Result: [id: 0.08558070645241611-1, id: 0.08558070645241611-2, id: 0.08558070645241611-3, id: 0.08558070645241611-4, id: 0.08558070645241611-5, id: 0.08558070645241611-6, id: 0.08558070645241611-7, id: 0.08558070645241611-8, id: 0.08558070645241611-9, id: 0.08558070645241611-10, id: 0.08558070645241611-11, id: 0.08558070645241611-12, id: 0.08558070645241611-13, id: 0.08558070645241611-14, id: 0.08558070645241611-15, id: 0.08558070645241611-16, id: 0.08558070645241611-17, id: 0.08558070645241611-18, id: 0.08558070645241611-19, id: 0.08558070645241611-20, id: 0.08558070645241611-21, id: 0.08558070645241611-22, id: 0.08558070645241611-23, id: 0.08558070645241611-24, id: 0.08558070645241611-25, id: 0.08558070645241611-26, id: 0.08558070645241611-27, id: 0.08558070645241611-28, id: 0.08558070645241611-29, id: 0.08558070645241611-30, id: 0.08558070645241611-31, id: 0.08558070645241611-32, id: 0.08558070645241611-33, id: 0.08558070645241611-34, id: 0.08558070645241611-35, id: 0.08558070645241611-36, id: 0.08558070645241611-37, id: 0.08558070645241611-38, id: 0.08558070645241611-39, id: 0.08558070645241611-40, id: 0.08558070645241611-41, id: 0.08558070645241611-42, id: 0.08558070645241611-43, id: 0.08558070645241611-44, id: 0.08558070645241611-45, id: 0.08558070645241611-46, id: 0.08558070645241611-47, id: 0.08558070645241611-48, id: 0.08558070645241611-49, id: 0.08558070645241611-50, id: 0.08558070645241611-51, id: 0.08558070645241611-52, id: 0.08558070645241611-53, id: 0.08558070645241611-54, id: 0.08558070645241611-55, id: 0.08558070645241611-56, id: 0.08558070645241611-57, id: 0.08558070645241611-58, id: 0.08558070645241611-59, id: 0.08558070645241611-60, id: 0.08558070645241611-61, id: 0.08558070645241611-62, id: 0.08558070645241611-63, id: 0.08558070645241611-64, id: 0.08558070645241611-65, id: 0.08558070645241611-66, id: 0.08558070645241611-67, id: 0.08558070645241611-68, id: 0.08558070645241611-69, id: 0.08558070645241611-70, id: 0.08558070645241611-71, id: 0.08558070645241611-72, id: 0.08558070645241611-73, id: 0.08558070645241611-74, id: 0.08558070645241611-75, id: 0.08558070645241611-76, id: 0.08558070645241611-77, id: 0.08558070645241611-78, id: 0.08558070645241611-79, id: 0.08558070645241611-80, id: 0.08558070645241611-81, id: 0.08558070645241611-82, id: 0.08558070645241611-83, id: 0.08558070645241611-84, id: 0.08558070645241611-85, id: 0.08558070645241611-86, id: 0.08558070645241611-87, id: 0.08558070645241611-88, id: 0.08558070645241611-89, id: 0.08558070645241611-90, id: 0.08558070645241611-91, id: 0.08558070645241611-92, id: 0.08558070645241611-93, id: 0.08558070645241611-94, id: 0.08558070645241611-95, id: 0.08558070645241611-96]
[WebDriverCommandLogger] - Executing findElements parameters: {&quot;using&quot;:&quot;xpath&quot;,&quot;value&quot;:&quot;//div[@id=&apos;c_articlelist_stories_2&apos;]/ul[1]/li/span[1]/a&quot;}
[WebDriverCommandLogger] - command: findElements[ param-1: {value=//div[@id=&apos;c_articlelist_stories_2&apos;]/ul[1]/li/span[1]/a, using=xpath}] Result: [id: 0.08558070645241611-1, id: 0.08558070645241611-2, id: 0.08558070645241611-3, id: 0.08558070645241611-4, id: 0.08558070645241611-5, id: 0.08558070645241611-6, id: 0.08558070645241611-7, id: 0.08558070645241611-8, id: 0.08558070645241611-9, id: 0.08558070645241611-10, id: 0.08558070645241611-11, id: 0.08558070645241611-12, id: 0.08558070645241611-13, id: 0.08558070645241611-14, id: 0.08558070645241611-15, id: 0.08558070645241611-16, id: 0.08558070645241611-17, id: 0.08558070645241611-18, id: 0.08558070645241611-19, id: 0.08558070645241611-20, id: 0.08558070645241611-21, id: 0.08558070645241611-22, id: 0.08558070645241611-23, id: 0.08558070645241611-24, id: 0.08558070645241611-25, id: 0.08558070645241611-26, id: 0.08558070645241611-27, id: 0.08558070645241611-28, id: 0.08558070645241611-29, id: 0.08558070645241611-30, id: 0.08558070645241611-31, id: 0.08558070645241611-32, id: 0.08558070645241611-33, id: 0.08558070645241611-34, id: 0.08558070645241611-35, id: 0.08558070645241611-36, id: 0.08558070645241611-37, id: 0.08558070645241611-38, id: 0.08558070645241611-39, id: 0.08558070645241611-40, id: 0.08558070645241611-41, id: 0.08558070645241611-42, id: 0.08558070645241611-43, id: 0.08558070645241611-44, id: 0.08558070645241611-45, id: 0.08558070645241611-46, id: 0.08558070645241611-47, id: 0.08558070645241611-48, id: 0.08558070645241611-49, id: 0.08558070645241611-50, id: 0.08558070645241611-51, id: 0.08558070645241611-52, id: 0.08558070645241611-53, id: 0.08558070645241611-54, id: 0.08558070645241611-55, id: 0.08558070645241611-56, id: 0.08558070645241611-57, id: 0.08558070645241611-58, id: 0.08558070645241611-59, id: 0.08558070645241611-60, id: 0.08558070645241611-61, id: 0.08558070645241611-62, id: 0.08558070645241611-63, id: 0.08558070645241611-64, id: 0.08558070645241611-65, id: 0.08558070645241611-66, id: 0.08558070645241611-67, id: 0.08558070645241611-68, id: 0.08558070645241611-69, id: 0.08558070645241611-70, id: 0.08558070645241611-71, id: 0.08558070645241611-72, id: 0.08558070645241611-73, id: 0.08558070645241611-74, id: 0.08558070645241611-75, id: 0.08558070645241611-76, id: 0.08558070645241611-77, id: 0.08558070645241611-78, id: 0.08558070645241611-79, id: 0.08558070645241611-80, id: 0.08558070645241611-81, id: 0.08558070645241611-82, id: 0.08558070645241611-83, id: 0.08558070645241611-84, id: 0.08558070645241611-85, id: 0.08558070645241611-86, id: 0.08558070645241611-87, id: 0.08558070645241611-88, id: 0.08558070645241611-89, id: 0.08558070645241611-90, id: 0.08558070645241611-91, id: 0.08558070645241611-92, id: 0.08558070645241611-93, id: 0.08558070645241611-94, id: 0.08558070645241611-95, id: 0.08558070645241611-96]
[WebDriverCommandLogger] - Executing getElementText element: By.xpath: //div[@id=&apos;c_articlelist_stories_2&apos;]/ul[1]/li/span[1]/a parameters: {&quot;id&quot;:&quot;0.08558070645241611-87&quot;}
[WebDriverCommandLogger] - command: getElementText[ param-1: By.xpath: //div[@id=&apos;c_articlelist_stories_2&apos;]/ul[1]/li/span[1]/a param-2: {&quot;id&quot;:&quot;0.08558070645241611-87&quot;}] Result: getElementText:Contractors uproot plants, environmentalists cry foul
[WebDriverCommandLogger] - Executing findElements parameters: {&quot;using&quot;:&quot;xpath&quot;,&quot;value&quot;:&quot;//div[@id=&apos;c_articlelist_stories_2&apos;]/ul[1]/li/span[2]/span[2]&quot;}
[WebDriverCommandLogger] - command: findElements[ param-1: {value=//div[@id=&apos;c_articlelist_stories_2&apos;]/ul[1]/li/span[2]/span[2], using=xpath}] Result: [id: 0.08558070645241611-97, id: 0.08558070645241611-98, id: 0.08558070645241611-99, id: 0.08558070645241611-100, id: 0.08558070645241611-101, id: 0.08558070645241611-102, id: 0.08558070645241611-103, id: 0.08558070645241611-104, id: 0.08558070645241611-105, id: 0.08558070645241611-106, id: 0.08558070645241611-107, id: 0.08558070645241611-108, id: 0.08558070645241611-109, id: 0.08558070645241611-110, id: 0.08558070645241611-111, id: 0.08558070645241611-112, id: 0.08558070645241611-113, id: 0.08558070645241611-114, id: 0.08558070645241611-115, id: 0.08558070645241611-116, id: 0.08558070645241611-117, id: 0.08558070645241611-118, id: 0.08558070645241611-119, id: 0.08558070645241611-120, id: 0.08558070645241611-121, id: 0.08558070645241611-122, id: 0.08558070645241611-123, id: 0.08558070645241611-124, id: 0.08558070645241611-125, id: 0.08558070645241611-126, id: 0.08558070645241611-127, id: 0.08558070645241611-128, id: 0.08558070645241611-129, id: 0.08558070645241611-130, id: 0.08558070645241611-131, id: 0.08558070645241611-132, id: 0.08558070645241611-133, id: 0.08558070645241611-134, id: 0.08558070645241611-135, id: 0.08558070645241611-136, id: 0.08558070645241611-137, id: 0.08558070645241611-138, id: 0.08558070645241611-139, id: 0.08558070645241611-140, id: 0.08558070645241611-141, id: 0.08558070645241611-142, id: 0.08558070645241611-143, id: 0.08558070645241611-144, id: 0.08558070645241611-145, id: 0.08558070645241611-146, id: 0.08558070645241611-147, id: 0.08558070645241611-148, id: 0.08558070645241611-149, id: 0.08558070645241611-150, id: 0.08558070645241611-151, id: 0.08558070645241611-152, id: 0.08558070645241611-153, id: 0.08558070645241611-154, id: 0.08558070645241611-155, id: 0.08558070645241611-156, id: 0.08558070645241611-157, id: 0.08558070645241611-158, id: 0.08558070645241611-159, id: 0.08558070645241611-160, id: 0.08558070645241611-161, id: 0.08558070645241611-162, id: 0.08558070645241611-163, id: 0.08558070645241611-164, id: 0.08558070645241611-165, id: 0.08558070645241611-166, id: 0.08558070645241611-167, id: 0.08558070645241611-168, id: 0.08558070645241611-169, id: 0.08558070645241611-170, id: 0.08558070645241611-171, id: 0.08558070645241611-172, id: 0.08558070645241611-173, id: 0.08558070645241611-174, id: 0.08558070645241611-175, id: 0.08558070645241611-176, id: 0.08558070645241611-177, id: 0.08558070645241611-178, id: 0.08558070645241611-179, id: 0.08558070645241611-180, id: 0.08558070645241611-181, id: 0.08558070645241611-182, id: 0.08558070645241611-183, id: 0.08558070645241611-184, id: 0.08558070645241611-185, id: 0.08558070645241611-186, id: 0.08558070645241611-187, id: 0.08558070645241611-188, id: 0.08558070645241611-189, id: 0.08558070645241611-190, id: 0.08558070645241611-191, id: 0.08558070645241611-192]
[WebDriverCommandLogger] - Executing getElementText element: By.xpath: //div[@id=&apos;c_articlelist_stories_2&apos;]/ul[1]/li/span[2]/span[2] parameters: {&quot;id&quot;:&quot;0.08558070645241611-183&quot;}
[WebDriverCommandLogger] - command: getElementText[ param-1: By.xpath: //div[@id=&apos;c_articlelist_stories_2&apos;]/ul[1]/li/span[2]/span[2] param-2: {&quot;id&quot;:&quot;0.08558070645241611-183&quot;}] Result: getElementText:3 DAYS AGO
[WebDriverCommandLogger] - Executing findElements parameters: {&quot;using&quot;:&quot;xpath&quot;,&quot;value&quot;:&quot;//div[@id=&apos;c_articlelist_stories_2&apos;]/ul[1]/li/span[1]/a&quot;}
[WebDriverCommandLogger] - command: findElements[ param-1: {value=//div[@id=&apos;c_articlelist_stories_2&apos;]/ul[1]/li/span[1]/a, using=xpath}] Result: [id: 0.08558070645241611-1, id: 0.08558070645241611-2, id: 0.08558070645241611-3, id: 0.08558070645241611-4, id: 0.08558070645241611-5, id: 0.08558070645241611-6, id: 0.08558070645241611-7, id: 0.08558070645241611-8, id: 0.08558070645241611-9, id: 0.08558070645241611-10, id: 0.08558070645241611-11, id: 0.08558070645241611-12, id: 0.08558070645241611-13, id: 0.08558070645241611-14, id: 0.08558070645241611-15, id: 0.08558070645241611-16, id: 0.08558070645241611-17, id: 0.08558070645241611-18, id: 0.08558070645241611-19, id: 0.08558070645241611-20, id: 0.08558070645241611-21, id: 0.08558070645241611-22, id: 0.08558070645241611-23, id: 0.08558070645241611-24, id: 0.08558070645241611-25, id: 0.08558070645241611-26, id: 0.08558070645241611-27, id: 0.08558070645241611-28, id: 0.08558070645241611-29, id: 0.08558070645241611-30, id: 0.08558070645241611-31, id: 0.08558070645241611-32, id: 0.08558070645241611-33, id: 0.08558070645241611-34, id: 0.08558070645241611-35, id: 0.08558070645241611-36, id: 0.08558070645241611-37, id: 0.08558070645241611-38, id: 0.08558070645241611-39, id: 0.08558070645241611-40, id: 0.08558070645241611-41, id: 0.08558070645241611-42, id: 0.08558070645241611-43, id: 0.08558070645241611-44, id: 0.08558070645241611-45, id: 0.08558070645241611-46, id: 0.08558070645241611-47, id: 0.08558070645241611-48, id: 0.08558070645241611-49, id: 0.08558070645241611-50, id: 0.08558070645241611-51, id: 0.08558070645241611-52, id: 0.08558070645241611-53, id: 0.08558070645241611-54, id: 0.08558070645241611-55, id: 0.08558070645241611-56, id: 0.08558070645241611-57, id: 0.08558070645241611-58, id: 0.08558070645241611-59, id: 0.08558070645241611-60, id: 0.08558070645241611-61, id: 0.08558070645241611-62, id: 0.08558070645241611-63, id: 0.08558070645241611-64, id: 0.08558070645241611-65, id: 0.08558070645241611-66, id: 0.08558070645241611-67, id: 0.08558070645241611-68, id: 0.08558070645241611-69, id: 0.08558070645241611-70, id: 0.08558070645241611-71, id: 0.08558070645241611-72, id: 0.08558070645241611-73, id: 0.08558070645241611-74, id: 0.08558070645241611-75, id: 0.08558070645241611-76, id: 0.08558070645241611-77, id: 0.08558070645241611-78, id: 0.08558070645241611-79, id: 0.08558070645241611-80, id: 0.08558070645241611-81, id: 0.08558070645241611-82, id: 0.08558070645241611-83, id: 0.08558070645241611-84, id: 0.08558070645241611-85, id: 0.08558070645241611-86, id: 0.08558070645241611-87, id: 0.08558070645241611-88, id: 0.08558070645241611-89, id: 0.08558070645241611-90, id: 0.08558070645241611-91, id: 0.08558070645241611-92, id: 0.08558070645241611-93, id: 0.08558070645241611-94, id: 0.08558070645241611-95, id: 0.08558070645241611-96]
[WebDriverCommandLogger] - Executing findElements parameters: {&quot;using&quot;:&quot;xpath&quot;,&quot;value&quot;:&quot;//div[@id=&apos;c_articlelist_stories_2&apos;]/ul[1]/li/span[1]/a&quot;}
[WebDriverCommandLogger] - command: findElements[ param-1: {value=//div[@id=&apos;c_articlelist_stories_2&apos;]/ul[1]/li/span[1]/a, using=xpath}] Result: [id: 0.08558070645241611-1, id: 0.08558070645241611-2, id: 0.08558070645241611-3, id: 0.08558070645241611-4, id: 0.08558070645241611-5, id: 0.08558070645241611-6, id: 0.08558070645241611-7, id: 0.08558070645241611-8, id: 0.08558070645241611-9, id: 0.08558070645241611-10, id: 0.08558070645241611-11, id: 0.08558070645241611-12, id: 0.08558070645241611-13, id: 0.08558070645241611-14, id: 0.08558070645241611-15, id: 0.08558070645241611-16, id: 0.08558070645241611-17, id: 0.08558070645241611-18, id: 0.08558070645241611-19, id: 0.08558070645241611-20, id: 0.08558070645241611-21, id: 0.08558070645241611-22, id: 0.08558070645241611-23, id: 0.08558070645241611-24, id: 0.08558070645241611-25, id: 0.08558070645241611-26, id: 0.08558070645241611-27, id: 0.08558070645241611-28, id: 0.08558070645241611-29, id: 0.08558070645241611-30, id: 0.08558070645241611-31, id: 0.08558070645241611-32, id: 0.08558070645241611-33, id: 0.08558070645241611-34, id: 0.08558070645241611-35, id: 0.08558070645241611-36, id: 0.08558070645241611-37, id: 0.08558070645241611-38, id: 0.08558070645241611-39, id: 0.08558070645241611-40, id: 0.08558070645241611-41, id: 0.08558070645241611-42, id: 0.08558070645241611-43, id: 0.08558070645241611-44, id: 0.08558070645241611-45, id: 0.08558070645241611-46, id: 0.08558070645241611-47, id: 0.08558070645241611-48, id: 0.08558070645241611-49, id: 0.08558070645241611-50, id: 0.08558070645241611-51, id: 0.08558070645241611-52, id: 0.08558070645241611-53, id: 0.08558070645241611-54, id: 0.08558070645241611-55, id: 0.08558070645241611-56, id: 0.08558070645241611-57, id: 0.08558070645241611-58, id: 0.08558070645241611-59, id: 0.08558070645241611-60, id: 0.08558070645241611-61, id: 0.08558070645241611-62, id: 0.08558070645241611-63, id: 0.08558070645241611-64, id: 0.08558070645241611-65, id: 0.08558070645241611-66, id: 0.08558070645241611-67, id: 0.08558070645241611-68, id: 0.08558070645241611-69, id: 0.08558070645241611-70, id: 0.08558070645241611-71, id: 0.08558070645241611-72, id: 0.08558070645241611-73, id: 0.08558070645241611-74, id: 0.08558070645241611-75, id: 0.08558070645241611-76, id: 0.08558070645241611-77, id: 0.08558070645241611-78, id: 0.08558070645241611-79, id: 0.08558070645241611-80, id: 0.08558070645241611-81, id: 0.08558070645241611-82, id: 0.08558070645241611-83, id: 0.08558070645241611-84, id: 0.08558070645241611-85, id: 0.08558070645241611-86, id: 0.08558070645241611-87, id: 0.08558070645241611-88, id: 0.08558070645241611-89, id: 0.08558070645241611-90, id: 0.08558070645241611-91, id: 0.08558070645241611-92, id: 0.08558070645241611-93, id: 0.08558070645241611-94, id: 0.08558070645241611-95, id: 0.08558070645241611-96]
[WebDriverCommandLogger] - Executing getElementText element: By.xpath: //div[@id=&apos;c_articlelist_stories_2&apos;]/ul[1]/li/span[1]/a parameters: {&quot;id&quot;:&quot;0.08558070645241611-88&quot;}
[WebDriverCommandLogger] - command: getElementText[ param-1: By.xpath: //div[@id=&apos;c_articlelist_stories_2&apos;]/ul[1]/li/span[1]/a param-2: {&quot;id&quot;:&quot;0.08558070645241611-88&quot;}] Result: getElementText:NGO claims colleges flouting fee norms
[WebDriverCommandLogger] - Executing findElements parameters: {&quot;using&quot;:&quot;xpath&quot;,&quot;value&quot;:&quot;//div[@id=&apos;c_articlelist_stories_2&apos;]/ul[1]/li/span[2]/span[2]&quot;}
[WebDriverCommandLogger] - command: findElements[ param-1: {value=//div[@id=&apos;c_articlelist_stories_2&apos;]/ul[1]/li/span[2]/span[2], using=xpath}] Result: [id: 0.08558070645241611-97, id: 0.08558070645241611-98, id: 0.08558070645241611-99, id: 0.08558070645241611-100, id: 0.08558070645241611-101, id: 0.08558070645241611-102, id: 0.08558070645241611-103, id: 0.08558070645241611-104, id: 0.08558070645241611-105, id: 0.08558070645241611-106, id: 0.08558070645241611-107, id: 0.08558070645241611-108, id: 0.08558070645241611-109, id: 0.08558070645241611-110, id: 0.08558070645241611-111, id: 0.08558070645241611-112, id: 0.08558070645241611-113, id: 0.08558070645241611-114, id: 0.08558070645241611-115, id: 0.08558070645241611-116, id: 0.08558070645241611-117, id: 0.08558070645241611-118, id: 0.08558070645241611-119, id: 0.08558070645241611-120, id: 0.08558070645241611-121, id: 0.08558070645241611-122, id: 0.08558070645241611-123, id: 0.08558070645241611-124, id: 0.08558070645241611-125, id: 0.08558070645241611-126, id: 0.08558070645241611-127, id: 0.08558070645241611-128, id: 0.08558070645241611-129, id: 0.08558070645241611-130, id: 0.08558070645241611-131, id: 0.08558070645241611-132, id: 0.08558070645241611-133, id: 0.08558070645241611-134, id: 0.08558070645241611-135, id: 0.08558070645241611-136, id: 0.08558070645241611-137, id: 0.08558070645241611-138, id: 0.08558070645241611-139, id: 0.08558070645241611-140, id: 0.08558070645241611-141, id: 0.08558070645241611-142, id: 0.08558070645241611-143, id: 0.08558070645241611-144, id: 0.08558070645241611-145, id: 0.08558070645241611-146, id: 0.08558070645241611-147, id: 0.08558070645241611-148, id: 0.08558070645241611-149, id: 0.08558070645241611-150, id: 0.08558070645241611-151, id: 0.08558070645241611-152, id: 0.08558070645241611-153, id: 0.08558070645241611-154, id: 0.08558070645241611-155, id: 0.08558070645241611-156, id: 0.08558070645241611-157, id: 0.08558070645241611-158, id: 0.08558070645241611-159, id: 0.08558070645241611-160, id: 0.08558070645241611-161, id: 0.08558070645241611-162, id: 0.08558070645241611-163, id: 0.08558070645241611-164, id: 0.08558070645241611-165, id: 0.08558070645241611-166, id: 0.08558070645241611-167, id: 0.08558070645241611-168, id: 0.08558070645241611-169, id: 0.08558070645241611-170, id: 0.08558070645241611-171, id: 0.08558070645241611-172, id: 0.08558070645241611-173, id: 0.08558070645241611-174, id: 0.08558070645241611-175, id: 0.08558070645241611-176, id: 0.08558070645241611-177, id: 0.08558070645241611-178, id: 0.08558070645241611-179, id: 0.08558070645241611-180, id: 0.08558070645241611-181, id: 0.08558070645241611-182, id: 0.08558070645241611-183, id: 0.08558070645241611-184, id: 0.08558070645241611-185, id: 0.08558070645241611-186, id: 0.08558070645241611-187, id: 0.08558070645241611-188, id: 0.08558070645241611-189, id: 0.08558070645241611-190, id: 0.08558070645241611-191, id: 0.08558070645241611-192]
[WebDriverCommandLogger] - Executing getElementText element: By.xpath: //div[@id=&apos;c_articlelist_stories_2&apos;]/ul[1]/li/span[2]/span[2] parameters: {&quot;id&quot;:&quot;0.08558070645241611-184&quot;}
[WebDriverCommandLogger] - command: getElementText[ param-1: By.xpath: //div[@id=&apos;c_articlelist_stories_2&apos;]/ul[1]/li/span[2]/span[2] param-2: {&quot;id&quot;:&quot;0.08558070645241611-184&quot;}] Result: getElementText:3 DAYS AGO
[WebDriverCommandLogger] - Executing findElements parameters: {&quot;using&quot;:&quot;xpath&quot;,&quot;value&quot;:&quot;//div[@id=&apos;c_articlelist_stories_2&apos;]/ul[1]/li/span[1]/a&quot;}
[WebDriverCommandLogger] - command: findElements[ param-1: {value=//div[@id=&apos;c_articlelist_stories_2&apos;]/ul[1]/li/span[1]/a, using=xpath}] Result: [id: 0.08558070645241611-1, id: 0.08558070645241611-2, id: 0.08558070645241611-3, id: 0.08558070645241611-4, id: 0.08558070645241611-5, id: 0.08558070645241611-6, id: 0.08558070645241611-7, id: 0.08558070645241611-8, id: 0.08558070645241611-9, id: 0.08558070645241611-10, id: 0.08558070645241611-11, id: 0.08558070645241611-12, id: 0.08558070645241611-13, id: 0.08558070645241611-14, id: 0.08558070645241611-15, id: 0.08558070645241611-16, id: 0.08558070645241611-17, id: 0.08558070645241611-18, id: 0.08558070645241611-19, id: 0.08558070645241611-20, id: 0.08558070645241611-21, id: 0.08558070645241611-22, id: 0.08558070645241611-23, id: 0.08558070645241611-24, id: 0.08558070645241611-25, id: 0.08558070645241611-26, id: 0.08558070645241611-27, id: 0.08558070645241611-28, id: 0.08558070645241611-29, id: 0.08558070645241611-30, id: 0.08558070645241611-31, id: 0.08558070645241611-32, id: 0.08558070645241611-33, id: 0.08558070645241611-34, id: 0.08558070645241611-35, id: 0.08558070645241611-36, id: 0.08558070645241611-37, id: 0.08558070645241611-38, id: 0.08558070645241611-39, id: 0.08558070645241611-40, id: 0.08558070645241611-41, id: 0.08558070645241611-42, id: 0.08558070645241611-43, id: 0.08558070645241611-44, id: 0.08558070645241611-45, id: 0.08558070645241611-46, id: 0.08558070645241611-47, id: 0.08558070645241611-48, id: 0.08558070645241611-49, id: 0.08558070645241611-50, id: 0.08558070645241611-51, id: 0.08558070645241611-52, id: 0.08558070645241611-53, id: 0.08558070645241611-54, id: 0.08558070645241611-55, id: 0.08558070645241611-56, id: 0.08558070645241611-57, id: 0.08558070645241611-58, id: 0.08558070645241611-59, id: 0.08558070645241611-60, id: 0.08558070645241611-61, id: 0.08558070645241611-62, id: 0.08558070645241611-63, id: 0.08558070645241611-64, id: 0.08558070645241611-65, id: 0.08558070645241611-66, id: 0.08558070645241611-67, id: 0.08558070645241611-68, id: 0.08558070645241611-69, id: 0.08558070645241611-70, id: 0.08558070645241611-71, id: 0.08558070645241611-72, id: 0.08558070645241611-73, id: 0.08558070645241611-74, id: 0.08558070645241611-75, id: 0.08558070645241611-76, id: 0.08558070645241611-77, id: 0.08558070645241611-78, id: 0.08558070645241611-79, id: 0.08558070645241611-80, id: 0.08558070645241611-81, id: 0.08558070645241611-82, id: 0.08558070645241611-83, id: 0.08558070645241611-84, id: 0.08558070645241611-85, id: 0.08558070645241611-86, id: 0.08558070645241611-87, id: 0.08558070645241611-88, id: 0.08558070645241611-89, id: 0.08558070645241611-90, id: 0.08558070645241611-91, id: 0.08558070645241611-92, id: 0.08558070645241611-93, id: 0.08558070645241611-94, id: 0.08558070645241611-95, id: 0.08558070645241611-96]
[WebDriverCommandLogger] - Executing findElements parameters: {&quot;using&quot;:&quot;xpath&quot;,&quot;value&quot;:&quot;//div[@id=&apos;c_articlelist_stories_2&apos;]/ul[1]/li/span[1]/a&quot;}
[WebDriverCommandLogger] - command: findElements[ param-1: {value=//div[@id=&apos;c_articlelist_stories_2&apos;]/ul[1]/li/span[1]/a, using=xpath}] Result: [id: 0.08558070645241611-1, id: 0.08558070645241611-2, id: 0.08558070645241611-3, id: 0.08558070645241611-4, id: 0.08558070645241611-5, id: 0.08558070645241611-6, id: 0.08558070645241611-7, id: 0.08558070645241611-8, id: 0.08558070645241611-9, id: 0.08558070645241611-10, id: 0.08558070645241611-11, id: 0.08558070645241611-12, id: 0.08558070645241611-13, id: 0.08558070645241611-14, id: 0.08558070645241611-15, id: 0.08558070645241611-16, id: 0.08558070645241611-17, id: 0.08558070645241611-18, id: 0.08558070645241611-19, id: 0.08558070645241611-20, id: 0.08558070645241611-21, id: 0.08558070645241611-22, id: 0.08558070645241611-23, id: 0.08558070645241611-24, id: 0.08558070645241611-25, id: 0.08558070645241611-26, id: 0.08558070645241611-27, id: 0.08558070645241611-28, id: 0.08558070645241611-29, id: 0.08558070645241611-30, id: 0.08558070645241611-31, id: 0.08558070645241611-32, id: 0.08558070645241611-33, id: 0.08558070645241611-34, id: 0.08558070645241611-35, id: 0.08558070645241611-36, id: 0.08558070645241611-37, id: 0.08558070645241611-38, id: 0.08558070645241611-39, id: 0.08558070645241611-40, id: 0.08558070645241611-41, id: 0.08558070645241611-42, id: 0.08558070645241611-43, id: 0.08558070645241611-44, id: 0.08558070645241611-45, id: 0.08558070645241611-46, id: 0.08558070645241611-47, id: 0.08558070645241611-48, id: 0.08558070645241611-49, id: 0.08558070645241611-50, id: 0.08558070645241611-51, id: 0.08558070645241611-52, id: 0.08558070645241611-53, id: 0.08558070645241611-54, id: 0.08558070645241611-55, id: 0.08558070645241611-56, id: 0.08558070645241611-57, id: 0.08558070645241611-58, id: 0.08558070645241611-59, id: 0.08558070645241611-60, id: 0.08558070645241611-61, id: 0.08558070645241611-62, id: 0.08558070645241611-63, id: 0.08558070645241611-64, id: 0.08558070645241611-65, id: 0.08558070645241611-66, id: 0.08558070645241611-67, id: 0.08558070645241611-68, id: 0.08558070645241611-69, id: 0.08558070645241611-70, id: 0.08558070645241611-71, id: 0.08558070645241611-72, id: 0.08558070645241611-73, id: 0.08558070645241611-74, id: 0.08558070645241611-75, id: 0.08558070645241611-76, id: 0.08558070645241611-77, id: 0.08558070645241611-78, id: 0.08558070645241611-79, id: 0.08558070645241611-80, id: 0.08558070645241611-81, id: 0.08558070645241611-82, id: 0.08558070645241611-83, id: 0.08558070645241611-84, id: 0.08558070645241611-85, id: 0.08558070645241611-86, id: 0.08558070645241611-87, id: 0.08558070645241611-88, id: 0.08558070645241611-89, id: 0.08558070645241611-90, id: 0.08558070645241611-91, id: 0.08558070645241611-92, id: 0.08558070645241611-93, id: 0.08558070645241611-94, id: 0.08558070645241611-95, id: 0.08558070645241611-96]
[WebDriverCommandLogger] - Executing getElementText element: By.xpath: //div[@id=&apos;c_articlelist_stories_2&apos;]/ul[1]/li/span[1]/a parameters: {&quot;id&quot;:&quot;0.08558070645241611-89&quot;}
[WebDriverCommandLogger] - command: getElementText[ param-1: By.xpath: //div[@id=&apos;c_articlelist_stories_2&apos;]/ul[1]/li/span[1]/a param-2: {&quot;id&quot;:&quot;0.08558070645241611-89&quot;}] Result: getElementText:Students and parents protest after SC stays IIT admissions
[WebDriverCommandLogger] - Executing findElements parameters: {&quot;using&quot;:&quot;xpath&quot;,&quot;value&quot;:&quot;//div[@id=&apos;c_articlelist_stories_2&apos;]/ul[1]/li/span[2]/span[2]&quot;}
[WebDriverCommandLogger] - command: findElements[ param-1: {value=//div[@id=&apos;c_articlelist_stories_2&apos;]/ul[1]/li/span[2]/span[2], using=xpath}] Result: [id: 0.08558070645241611-97, id: 0.08558070645241611-98, id: 0.08558070645241611-99, id: 0.08558070645241611-100, id: 0.08558070645241611-101, id: 0.08558070645241611-102, id: 0.08558070645241611-103, id: 0.08558070645241611-104, id: 0.08558070645241611-105, id: 0.08558070645241611-106, id: 0.08558070645241611-107, id: 0.08558070645241611-108, id: 0.08558070645241611-109, id: 0.08558070645241611-110, id: 0.08558070645241611-111, id: 0.08558070645241611-112, id: 0.08558070645241611-113, id: 0.08558070645241611-114, id: 0.08558070645241611-115, id: 0.08558070645241611-116, id: 0.08558070645241611-117, id: 0.08558070645241611-118, id: 0.08558070645241611-119, id: 0.08558070645241611-120, id: 0.08558070645241611-121, id: 0.08558070645241611-122, id: 0.08558070645241611-123, id: 0.08558070645241611-124, id: 0.08558070645241611-125, id: 0.08558070645241611-126, id: 0.08558070645241611-127, id: 0.08558070645241611-128, id: 0.08558070645241611-129, id: 0.08558070645241611-130, id: 0.08558070645241611-131, id: 0.08558070645241611-132, id: 0.08558070645241611-133, id: 0.08558070645241611-134, id: 0.08558070645241611-135, id: 0.08558070645241611-136, id: 0.08558070645241611-137, id: 0.08558070645241611-138, id: 0.08558070645241611-139, id: 0.08558070645241611-140, id: 0.08558070645241611-141, id: 0.08558070645241611-142, id: 0.08558070645241611-143, id: 0.08558070645241611-144, id: 0.08558070645241611-145, id: 0.08558070645241611-146, id: 0.08558070645241611-147, id: 0.08558070645241611-148, id: 0.08558070645241611-149, id: 0.08558070645241611-150, id: 0.08558070645241611-151, id: 0.08558070645241611-152, id: 0.08558070645241611-153, id: 0.08558070645241611-154, id: 0.08558070645241611-155, id: 0.08558070645241611-156, id: 0.08558070645241611-157, id: 0.08558070645241611-158, id: 0.08558070645241611-159, id: 0.08558070645241611-160, id: 0.08558070645241611-161, id: 0.08558070645241611-162, id: 0.08558070645241611-163, id: 0.08558070645241611-164, id: 0.08558070645241611-165, id: 0.08558070645241611-166, id: 0.08558070645241611-167, id: 0.08558070645241611-168, id: 0.08558070645241611-169, id: 0.08558070645241611-170, id: 0.08558070645241611-171, id: 0.08558070645241611-172, id: 0.08558070645241611-173, id: 0.08558070645241611-174, id: 0.08558070645241611-175, id: 0.08558070645241611-176, id: 0.08558070645241611-177, id: 0.08558070645241611-178, id: 0.08558070645241611-179, id: 0.08558070645241611-180, id: 0.08558070645241611-181, id: 0.08558070645241611-182, id: 0.08558070645241611-183, id: 0.08558070645241611-184, id: 0.08558070645241611-185, id: 0.08558070645241611-186, id: 0.08558070645241611-187, id: 0.08558070645241611-188, id: 0.08558070645241611-189, id: 0.08558070645241611-190, id: 0.08558070645241611-191, id: 0.08558070645241611-192]
[WebDriverCommandLogger] - Executing getElementText element: By.xpath: //div[@id=&apos;c_articlelist_stories_2&apos;]/ul[1]/li/span[2]/span[2] parameters: {&quot;id&quot;:&quot;0.08558070645241611-185&quot;}
[WebDriverCommandLogger] - command: getElementText[ param-1: By.xpath: //div[@id=&apos;c_articlelist_stories_2&apos;]/ul[1]/li/span[2]/span[2] param-2: {&quot;id&quot;:&quot;0.08558070645241611-185&quot;}] Result: getElementText:3 DAYS AGO
[WebDriverCommandLogger] - Executing findElements parameters: {&quot;using&quot;:&quot;xpath&quot;,&quot;value&quot;:&quot;//div[@id=&apos;c_articlelist_stories_2&apos;]/ul[1]/li/span[1]/a&quot;}
[WebDriverCommandLogger] - command: findElements[ param-1: {value=//div[@id=&apos;c_articlelist_stories_2&apos;]/ul[1]/li/span[1]/a, using=xpath}] Result: [id: 0.08558070645241611-1, id: 0.08558070645241611-2, id: 0.08558070645241611-3, id: 0.08558070645241611-4, id: 0.08558070645241611-5, id: 0.08558070645241611-6, id: 0.08558070645241611-7, id: 0.08558070645241611-8, id: 0.08558070645241611-9, id: 0.08558070645241611-10, id: 0.08558070645241611-11, id: 0.08558070645241611-12, id: 0.08558070645241611-13, id: 0.08558070645241611-14, id: 0.08558070645241611-15, id: 0.08558070645241611-16, id: 0.08558070645241611-17, id: 0.08558070645241611-18, id: 0.08558070645241611-19, id: 0.08558070645241611-20, id: 0.08558070645241611-21, id: 0.08558070645241611-22, id: 0.08558070645241611-23, id: 0.08558070645241611-24, id: 0.08558070645241611-25, id: 0.08558070645241611-26, id: 0.08558070645241611-27, id: 0.08558070645241611-28, id: 0.08558070645241611-29, id: 0.08558070645241611-30, id: 0.08558070645241611-31, id: 0.08558070645241611-32, id: 0.08558070645241611-33, id: 0.08558070645241611-34, id: 0.08558070645241611-35, id: 0.08558070645241611-36, id: 0.08558070645241611-37, id: 0.08558070645241611-38, id: 0.08558070645241611-39, id: 0.08558070645241611-40, id: 0.08558070645241611-41, id: 0.08558070645241611-42, id: 0.08558070645241611-43, id: 0.08558070645241611-44, id: 0.08558070645241611-45, id: 0.08558070645241611-46, id: 0.08558070645241611-47, id: 0.08558070645241611-48, id: 0.08558070645241611-49, id: 0.08558070645241611-50, id: 0.08558070645241611-51, id: 0.08558070645241611-52, id: 0.08558070645241611-53, id: 0.08558070645241611-54, id: 0.08558070645241611-55, id: 0.08558070645241611-56, id: 0.08558070645241611-57, id: 0.08558070645241611-58, id: 0.08558070645241611-59, id: 0.08558070645241611-60, id: 0.08558070645241611-61, id: 0.08558070645241611-62, id: 0.08558070645241611-63, id: 0.08558070645241611-64, id: 0.08558070645241611-65, id: 0.08558070645241611-66, id: 0.08558070645241611-67, id: 0.08558070645241611-68, id: 0.08558070645241611-69, id: 0.08558070645241611-70, id: 0.08558070645241611-71, id: 0.08558070645241611-72, id: 0.08558070645241611-73, id: 0.08558070645241611-74, id: 0.08558070645241611-75, id: 0.08558070645241611-76, id: 0.08558070645241611-77, id: 0.08558070645241611-78, id: 0.08558070645241611-79, id: 0.08558070645241611-80, id: 0.08558070645241611-81, id: 0.08558070645241611-82, id: 0.08558070645241611-83, id: 0.08558070645241611-84, id: 0.08558070645241611-85, id: 0.08558070645241611-86, id: 0.08558070645241611-87, id: 0.08558070645241611-88, id: 0.08558070645241611-89, id: 0.08558070645241611-90, id: 0.08558070645241611-91, id: 0.08558070645241611-92, id: 0.08558070645241611-93, id: 0.08558070645241611-94, id: 0.08558070645241611-95, id: 0.08558070645241611-96]
[WebDriverCommandLogger] - Executing findElements parameters: {&quot;using&quot;:&quot;xpath&quot;,&quot;value&quot;:&quot;//div[@id=&apos;c_articlelist_stories_2&apos;]/ul[1]/li/span[1]/a&quot;}
[WebDriverCommandLogger] - command: findElements[ param-1: {value=//div[@id=&apos;c_articlelist_stories_2&apos;]/ul[1]/li/span[1]/a, using=xpath}] Result: [id: 0.08558070645241611-1, id: 0.08558070645241611-2, id: 0.08558070645241611-3, id: 0.08558070645241611-4, id: 0.08558070645241611-5, id: 0.08558070645241611-6, id: 0.08558070645241611-7, id: 0.08558070645241611-8, id: 0.08558070645241611-9, id: 0.08558070645241611-10, id: 0.08558070645241611-11, id: 0.08558070645241611-12, id: 0.08558070645241611-13, id: 0.08558070645241611-14, id: 0.08558070645241611-15, id: 0.08558070645241611-16, id: 0.08558070645241611-17, id: 0.08558070645241611-18, id: 0.08558070645241611-19, id: 0.08558070645241611-20, id: 0.08558070645241611-21, id: 0.08558070645241611-22, id: 0.08558070645241611-23, id: 0.08558070645241611-24, id: 0.08558070645241611-25, id: 0.08558070645241611-26, id: 0.08558070645241611-27, id: 0.08558070645241611-28, id: 0.08558070645241611-29, id: 0.08558070645241611-30, id: 0.08558070645241611-31, id: 0.08558070645241611-32, id: 0.08558070645241611-33, id: 0.08558070645241611-34, id: 0.08558070645241611-35, id: 0.08558070645241611-36, id: 0.08558070645241611-37, id: 0.08558070645241611-38, id: 0.08558070645241611-39, id: 0.08558070645241611-40, id: 0.08558070645241611-41, id: 0.08558070645241611-42, id: 0.08558070645241611-43, id: 0.08558070645241611-44, id: 0.08558070645241611-45, id: 0.08558070645241611-46, id: 0.08558070645241611-47, id: 0.08558070645241611-48, id: 0.08558070645241611-49, id: 0.08558070645241611-50, id: 0.08558070645241611-51, id: 0.08558070645241611-52, id: 0.08558070645241611-53, id: 0.08558070645241611-54, id: 0.08558070645241611-55, id: 0.08558070645241611-56, id: 0.08558070645241611-57, id: 0.08558070645241611-58, id: 0.08558070645241611-59, id: 0.08558070645241611-60, id: 0.08558070645241611-61, id: 0.08558070645241611-62, id: 0.08558070645241611-63, id: 0.08558070645241611-64, id: 0.08558070645241611-65, id: 0.08558070645241611-66, id: 0.08558070645241611-67, id: 0.08558070645241611-68, id: 0.08558070645241611-69, id: 0.08558070645241611-70, id: 0.08558070645241611-71, id: 0.08558070645241611-72, id: 0.08558070645241611-73, id: 0.08558070645241611-74, id: 0.08558070645241611-75, id: 0.08558070645241611-76, id: 0.08558070645241611-77, id: 0.08558070645241611-78, id: 0.08558070645241611-79, id: 0.08558070645241611-80, id: 0.08558070645241611-81, id: 0.08558070645241611-82, id: 0.08558070645241611-83, id: 0.08558070645241611-84, id: 0.08558070645241611-85, id: 0.08558070645241611-86, id: 0.08558070645241611-87, id: 0.08558070645241611-88, id: 0.08558070645241611-89, id: 0.08558070645241611-90, id: 0.08558070645241611-91, id: 0.08558070645241611-92, id: 0.08558070645241611-93, id: 0.08558070645241611-94, id: 0.08558070645241611-95, id: 0.08558070645241611-96]
[WebDriverCommandLogger] - Executing getElementText element: By.xpath: //div[@id=&apos;c_articlelist_stories_2&apos;]/ul[1]/li/span[1]/a parameters: {&quot;id&quot;:&quot;0.08558070645241611-90&quot;}
[WebDriverCommandLogger] - command: getElementText[ param-1: By.xpath: //div[@id=&apos;c_articlelist_stories_2&apos;]/ul[1]/li/span[1]/a param-2: {&quot;id&quot;:&quot;0.08558070645241611-90&quot;}] Result: getElementText:Dams’ stock soars to 26% mark even as rainfall in catchment areas drops
[WebDriverCommandLogger] - Executing findElements parameters: {&quot;using&quot;:&quot;xpath&quot;,&quot;value&quot;:&quot;//div[@id=&apos;c_articlelist_stories_2&apos;]/ul[1]/li/span[2]/span[2]&quot;}
[WebDriverCommandLogger] - command: findElements[ param-1: {value=//div[@id=&apos;c_articlelist_stories_2&apos;]/ul[1]/li/span[2]/span[2], using=xpath}] Result: [id: 0.08558070645241611-97, id: 0.08558070645241611-98, id: 0.08558070645241611-99, id: 0.08558070645241611-100, id: 0.08558070645241611-101, id: 0.08558070645241611-102, id: 0.08558070645241611-103, id: 0.08558070645241611-104, id: 0.08558070645241611-105, id: 0.08558070645241611-106, id: 0.08558070645241611-107, id: 0.08558070645241611-108, id: 0.08558070645241611-109, id: 0.08558070645241611-110, id: 0.08558070645241611-111, id: 0.08558070645241611-112, id: 0.08558070645241611-113, id: 0.08558070645241611-114, id: 0.08558070645241611-115, id: 0.08558070645241611-116, id: 0.08558070645241611-117, id: 0.08558070645241611-118, id: 0.08558070645241611-119, id: 0.08558070645241611-120, id: 0.08558070645241611-121, id: 0.08558070645241611-122, id: 0.08558070645241611-123, id: 0.08558070645241611-124, id: 0.08558070645241611-125, id: 0.08558070645241611-126, id: 0.08558070645241611-127, id: 0.08558070645241611-128, id: 0.08558070645241611-129, id: 0.08558070645241611-130, id: 0.08558070645241611-131, id: 0.08558070645241611-132, id: 0.08558070645241611-133, id: 0.08558070645241611-134, id: 0.08558070645241611-135, id: 0.08558070645241611-136, id: 0.08558070645241611-137, id: 0.08558070645241611-138, id: 0.08558070645241611-139, id: 0.08558070645241611-140, id: 0.08558070645241611-141, id: 0.08558070645241611-142, id: 0.08558070645241611-143, id: 0.08558070645241611-144, id: 0.08558070645241611-145, id: 0.08558070645241611-146, id: 0.08558070645241611-147, id: 0.08558070645241611-148, id: 0.08558070645241611-149, id: 0.08558070645241611-150, id: 0.08558070645241611-151, id: 0.08558070645241611-152, id: 0.08558070645241611-153, id: 0.08558070645241611-154, id: 0.08558070645241611-155, id: 0.08558070645241611-156, id: 0.08558070645241611-157, id: 0.08558070645241611-158, id: 0.08558070645241611-159, id: 0.08558070645241611-160, id: 0.08558070645241611-161, id: 0.08558070645241611-162, id: 0.08558070645241611-163, id: 0.08558070645241611-164, id: 0.08558070645241611-165, id: 0.08558070645241611-166, id: 0.08558070645241611-167, id: 0.08558070645241611-168, id: 0.08558070645241611-169, id: 0.08558070645241611-170, id: 0.08558070645241611-171, id: 0.08558070645241611-172, id: 0.08558070645241611-173, id: 0.08558070645241611-174, id: 0.08558070645241611-175, id: 0.08558070645241611-176, id: 0.08558070645241611-177, id: 0.08558070645241611-178, id: 0.08558070645241611-179, id: 0.08558070645241611-180, id: 0.08558070645241611-181, id: 0.08558070645241611-182, id: 0.08558070645241611-183, id: 0.08558070645241611-184, id: 0.08558070645241611-185, id: 0.08558070645241611-186, id: 0.08558070645241611-187, id: 0.08558070645241611-188, id: 0.08558070645241611-189, id: 0.08558070645241611-190, id: 0.08558070645241611-191, id: 0.08558070645241611-192]
[WebDriverCommandLogger] - Executing getElementText element: By.xpath: //div[@id=&apos;c_articlelist_stories_2&apos;]/ul[1]/li/span[2]/span[2] parameters: {&quot;id&quot;:&quot;0.08558070645241611-186&quot;}
[WebDriverCommandLogger] - command: getElementText[ param-1: By.xpath: //div[@id=&apos;c_articlelist_stories_2&apos;]/ul[1]/li/span[2]/span[2] param-2: {&quot;id&quot;:&quot;0.08558070645241611-186&quot;}] Result: getElementText:3 DAYS AGO
[WebDriverCommandLogger] - Executing findElements parameters: {&quot;using&quot;:&quot;xpath&quot;,&quot;value&quot;:&quot;//div[@id=&apos;c_articlelist_stories_2&apos;]/ul[1]/li/span[1]/a&quot;}
[WebDriverCommandLogger] - command: findElements[ param-1: {value=//div[@id=&apos;c_articlelist_stories_2&apos;]/ul[1]/li/span[1]/a, using=xpath}] Result: [id: 0.08558070645241611-1, id: 0.08558070645241611-2, id: 0.08558070645241611-3, id: 0.08558070645241611-4, id: 0.08558070645241611-5, id: 0.08558070645241611-6, id: 0.08558070645241611-7, id: 0.08558070645241611-8, id: 0.08558070645241611-9, id: 0.08558070645241611-10, id: 0.08558070645241611-11, id: 0.08558070645241611-12, id: 0.08558070645241611-13, id: 0.08558070645241611-14, id: 0.08558070645241611-15, id: 0.08558070645241611-16, id: 0.08558070645241611-17, id: 0.08558070645241611-18, id: 0.08558070645241611-19, id: 0.08558070645241611-20, id: 0.08558070645241611-21, id: 0.08558070645241611-22, id: 0.08558070645241611-23, id: 0.08558070645241611-24, id: 0.08558070645241611-25, id: 0.08558070645241611-26, id: 0.08558070645241611-27, id: 0.08558070645241611-28, id: 0.08558070645241611-29, id: 0.08558070645241611-30, id: 0.08558070645241611-31, id: 0.08558070645241611-32, id: 0.08558070645241611-33, id: 0.08558070645241611-34, id: 0.08558070645241611-35, id: 0.08558070645241611-36, id: 0.08558070645241611-37, id: 0.08558070645241611-38, id: 0.08558070645241611-39, id: 0.08558070645241611-40, id: 0.08558070645241611-41, id: 0.08558070645241611-42, id: 0.08558070645241611-43, id: 0.08558070645241611-44, id: 0.08558070645241611-45, id: 0.08558070645241611-46, id: 0.08558070645241611-47, id: 0.08558070645241611-48, id: 0.08558070645241611-49, id: 0.08558070645241611-50, id: 0.08558070645241611-51, id: 0.08558070645241611-52, id: 0.08558070645241611-53, id: 0.08558070645241611-54, id: 0.08558070645241611-55, id: 0.08558070645241611-56, id: 0.08558070645241611-57, id: 0.08558070645241611-58, id: 0.08558070645241611-59, id: 0.08558070645241611-60, id: 0.08558070645241611-61, id: 0.08558070645241611-62, id: 0.08558070645241611-63, id: 0.08558070645241611-64, id: 0.08558070645241611-65, id: 0.08558070645241611-66, id: 0.08558070645241611-67, id: 0.08558070645241611-68, id: 0.08558070645241611-69, id: 0.08558070645241611-70, id: 0.08558070645241611-71, id: 0.08558070645241611-72, id: 0.08558070645241611-73, id: 0.08558070645241611-74, id: 0.08558070645241611-75, id: 0.08558070645241611-76, id: 0.08558070645241611-77, id: 0.08558070645241611-78, id: 0.08558070645241611-79, id: 0.08558070645241611-80, id: 0.08558070645241611-81, id: 0.08558070645241611-82, id: 0.08558070645241611-83, id: 0.08558070645241611-84, id: 0.08558070645241611-85, id: 0.08558070645241611-86, id: 0.08558070645241611-87, id: 0.08558070645241611-88, id: 0.08558070645241611-89, id: 0.08558070645241611-90, id: 0.08558070645241611-91, id: 0.08558070645241611-92, id: 0.08558070645241611-93, id: 0.08558070645241611-94, id: 0.08558070645241611-95, id: 0.08558070645241611-96]
[WebDriverCommandLogger] - Executing findElements parameters: {&quot;using&quot;:&quot;xpath&quot;,&quot;value&quot;:&quot;//div[@id=&apos;c_articlelist_stories_2&apos;]/ul[1]/li/span[1]/a&quot;}
[WebDriverCommandLogger] - command: findElements[ param-1: {value=//div[@id=&apos;c_articlelist_stories_2&apos;]/ul[1]/li/span[1]/a, using=xpath}] Result: [id: 0.08558070645241611-1, id: 0.08558070645241611-2, id: 0.08558070645241611-3, id: 0.08558070645241611-4, id: 0.08558070645241611-5, id: 0.08558070645241611-6, id: 0.08558070645241611-7, id: 0.08558070645241611-8, id: 0.08558070645241611-9, id: 0.08558070645241611-10, id: 0.08558070645241611-11, id: 0.08558070645241611-12, id: 0.08558070645241611-13, id: 0.08558070645241611-14, id: 0.08558070645241611-15, id: 0.08558070645241611-16, id: 0.08558070645241611-17, id: 0.08558070645241611-18, id: 0.08558070645241611-19, id: 0.08558070645241611-20, id: 0.08558070645241611-21, id: 0.08558070645241611-22, id: 0.08558070645241611-23, id: 0.08558070645241611-24, id: 0.08558070645241611-25, id: 0.08558070645241611-26, id: 0.08558070645241611-27, id: 0.08558070645241611-28, id: 0.08558070645241611-29, id: 0.08558070645241611-30, id: 0.08558070645241611-31, id: 0.08558070645241611-32, id: 0.08558070645241611-33, id: 0.08558070645241611-34, id: 0.08558070645241611-35, id: 0.08558070645241611-36, id: 0.08558070645241611-37, id: 0.08558070645241611-38, id: 0.08558070645241611-39, id: 0.08558070645241611-40, id: 0.08558070645241611-41, id: 0.08558070645241611-42, id: 0.08558070645241611-43, id: 0.08558070645241611-44, id: 0.08558070645241611-45, id: 0.08558070645241611-46, id: 0.08558070645241611-47, id: 0.08558070645241611-48, id: 0.08558070645241611-49, id: 0.08558070645241611-50, id: 0.08558070645241611-51, id: 0.08558070645241611-52, id: 0.08558070645241611-53, id: 0.08558070645241611-54, id: 0.08558070645241611-55, id: 0.08558070645241611-56, id: 0.08558070645241611-57, id: 0.08558070645241611-58, id: 0.08558070645241611-59, id: 0.08558070645241611-60, id: 0.08558070645241611-61, id: 0.08558070645241611-62, id: 0.08558070645241611-63, id: 0.08558070645241611-64, id: 0.08558070645241611-65, id: 0.08558070645241611-66, id: 0.08558070645241611-67, id: 0.08558070645241611-68, id: 0.08558070645241611-69, id: 0.08558070645241611-70, id: 0.08558070645241611-71, id: 0.08558070645241611-72, id: 0.08558070645241611-73, id: 0.08558070645241611-74, id: 0.08558070645241611-75, id: 0.08558070645241611-76, id: 0.08558070645241611-77, id: 0.08558070645241611-78, id: 0.08558070645241611-79, id: 0.08558070645241611-80, id: 0.08558070645241611-81, id: 0.08558070645241611-82, id: 0.08558070645241611-83, id: 0.08558070645241611-84, id: 0.08558070645241611-85, id: 0.08558070645241611-86, id: 0.08558070645241611-87, id: 0.08558070645241611-88, id: 0.08558070645241611-89, id: 0.08558070645241611-90, id: 0.08558070645241611-91, id: 0.08558070645241611-92, id: 0.08558070645241611-93, id: 0.08558070645241611-94, id: 0.08558070645241611-95, id: 0.08558070645241611-96]
[WebDriverCommandLogger] - Executing getElementText element: By.xpath: //div[@id=&apos;c_articlelist_stories_2&apos;]/ul[1]/li/span[1]/a parameters: {&quot;id&quot;:&quot;0.08558070645241611-91&quot;}
[WebDriverCommandLogger] - command: getElementText[ param-1: By.xpath: //div[@id=&apos;c_articlelist_stories_2&apos;]/ul[1]/li/span[1]/a param-2: {&quot;id&quot;:&quot;0.08558070645241611-91&quot;}] Result: getElementText:Human rights experts blame poor conditions
[WebDriverCommandLogger] - Executing findElements parameters: {&quot;using&quot;:&quot;xpath&quot;,&quot;value&quot;:&quot;//div[@id=&apos;c_articlelist_stories_2&apos;]/ul[1]/li/span[2]/span[2]&quot;}
[WebDriverCommandLogger] - command: findElements[ param-1: {value=//div[@id=&apos;c_articlelist_stories_2&apos;]/ul[1]/li/span[2]/span[2], using=xpath}] Result: [id: 0.08558070645241611-97, id: 0.08558070645241611-98, id: 0.08558070645241611-99, id: 0.08558070645241611-100, id: 0.08558070645241611-101, id: 0.08558070645241611-102, id: 0.08558070645241611-103, id: 0.08558070645241611-104, id: 0.08558070645241611-105, id: 0.08558070645241611-106, id: 0.08558070645241611-107, id: 0.08558070645241611-108, id: 0.08558070645241611-109, id: 0.08558070645241611-110, id: 0.08558070645241611-111, id: 0.08558070645241611-112, id: 0.08558070645241611-113, id: 0.08558070645241611-114, id: 0.08558070645241611-115, id: 0.08558070645241611-116, id: 0.08558070645241611-117, id: 0.08558070645241611-118, id: 0.08558070645241611-119, id: 0.08558070645241611-120, id: 0.08558070645241611-121, id: 0.08558070645241611-122, id: 0.08558070645241611-123, id: 0.08558070645241611-124, id: 0.08558070645241611-125, id: 0.08558070645241611-126, id: 0.08558070645241611-127, id: 0.08558070645241611-128, id: 0.08558070645241611-129, id: 0.08558070645241611-130, id: 0.08558070645241611-131, id: 0.08558070645241611-132, id: 0.08558070645241611-133, id: 0.08558070645241611-134, id: 0.08558070645241611-135, id: 0.08558070645241611-136, id: 0.08558070645241611-137, id: 0.08558070645241611-138, id: 0.08558070645241611-139, id: 0.08558070645241611-140, id: 0.08558070645241611-141, id: 0.08558070645241611-142, id: 0.08558070645241611-143, id: 0.08558070645241611-144, id: 0.08558070645241611-145, id: 0.08558070645241611-146, id: 0.08558070645241611-147, id: 0.08558070645241611-148, id: 0.08558070645241611-149, id: 0.08558070645241611-150, id: 0.08558070645241611-151, id: 0.08558070645241611-152, id: 0.08558070645241611-153, id: 0.08558070645241611-154, id: 0.08558070645241611-155, id: 0.08558070645241611-156, id: 0.08558070645241611-157, id: 0.08558070645241611-158, id: 0.08558070645241611-159, id: 0.08558070645241611-160, id: 0.08558070645241611-161, id: 0.08558070645241611-162, id: 0.08558070645241611-163, id: 0.08558070645241611-164, id: 0.08558070645241611-165, id: 0.08558070645241611-166, id: 0.08558070645241611-167, id: 0.08558070645241611-168, id: 0.08558070645241611-169, id: 0.08558070645241611-170, id: 0.08558070645241611-171, id: 0.08558070645241611-172, id: 0.08558070645241611-173, id: 0.08558070645241611-174, id: 0.08558070645241611-175, id: 0.08558070645241611-176, id: 0.08558070645241611-177, id: 0.08558070645241611-178, id: 0.08558070645241611-179, id: 0.08558070645241611-180, id: 0.08558070645241611-181, id: 0.08558070645241611-182, id: 0.08558070645241611-183, id: 0.08558070645241611-184, id: 0.08558070645241611-185, id: 0.08558070645241611-186, id: 0.08558070645241611-187, id: 0.08558070645241611-188, id: 0.08558070645241611-189, id: 0.08558070645241611-190, id: 0.08558070645241611-191, id: 0.08558070645241611-192]
[WebDriverCommandLogger] - Executing getElementText element: By.xpath: //div[@id=&apos;c_articlelist_stories_2&apos;]/ul[1]/li/span[2]/span[2] parameters: {&quot;id&quot;:&quot;0.08558070645241611-187&quot;}
[WebDriverCommandLogger] - command: getElementText[ param-1: By.xpath: //div[@id=&apos;c_articlelist_stories_2&apos;]/ul[1]/li/span[2]/span[2] param-2: {&quot;id&quot;:&quot;0.08558070645241611-187&quot;}] Result: getElementText:3 DAYS AGO
[WebDriverCommandLogger] - Executing findElements parameters: {&quot;using&quot;:&quot;xpath&quot;,&quot;value&quot;:&quot;//div[@id=&apos;c_articlelist_stories_2&apos;]/ul[1]/li/span[1]/a&quot;}
[WebDriverCommandLogger] - command: findElements[ param-1: {value=//div[@id=&apos;c_articlelist_stories_2&apos;]/ul[1]/li/span[1]/a, using=xpath}] Result: [id: 0.08558070645241611-1, id: 0.08558070645241611-2, id: 0.08558070645241611-3, id: 0.08558070645241611-4, id: 0.08558070645241611-5, id: 0.08558070645241611-6, id: 0.08558070645241611-7, id: 0.08558070645241611-8, id: 0.08558070645241611-9, id: 0.08558070645241611-10, id: 0.08558070645241611-11, id: 0.08558070645241611-12, id: 0.08558070645241611-13, id: 0.08558070645241611-14, id: 0.08558070645241611-15, id: 0.08558070645241611-16, id: 0.08558070645241611-17, id: 0.08558070645241611-18, id: 0.08558070645241611-19, id: 0.08558070645241611-20, id: 0.08558070645241611-21, id: 0.08558070645241611-22, id: 0.08558070645241611-23, id: 0.08558070645241611-24, id: 0.08558070645241611-25, id: 0.08558070645241611-26, id: 0.08558070645241611-27, id: 0.08558070645241611-28, id: 0.08558070645241611-29, id: 0.08558070645241611-30, id: 0.08558070645241611-31, id: 0.08558070645241611-32, id: 0.08558070645241611-33, id: 0.08558070645241611-34, id: 0.08558070645241611-35, id: 0.08558070645241611-36, id: 0.08558070645241611-37, id: 0.08558070645241611-38, id: 0.08558070645241611-39, id: 0.08558070645241611-40, id: 0.08558070645241611-41, id: 0.08558070645241611-42, id: 0.08558070645241611-43, id: 0.08558070645241611-44, id: 0.08558070645241611-45, id: 0.08558070645241611-46, id: 0.08558070645241611-47, id: 0.08558070645241611-48, id: 0.08558070645241611-49, id: 0.08558070645241611-50, id: 0.08558070645241611-51, id: 0.08558070645241611-52, id: 0.08558070645241611-53, id: 0.08558070645241611-54, id: 0.08558070645241611-55, id: 0.08558070645241611-56, id: 0.08558070645241611-57, id: 0.08558070645241611-58, id: 0.08558070645241611-59, id: 0.08558070645241611-60, id: 0.08558070645241611-61, id: 0.08558070645241611-62, id: 0.08558070645241611-63, id: 0.08558070645241611-64, id: 0.08558070645241611-65, id: 0.08558070645241611-66, id: 0.08558070645241611-67, id: 0.08558070645241611-68, id: 0.08558070645241611-69, id: 0.08558070645241611-70, id: 0.08558070645241611-71, id: 0.08558070645241611-72, id: 0.08558070645241611-73, id: 0.08558070645241611-74, id: 0.08558070645241611-75, id: 0.08558070645241611-76, id: 0.08558070645241611-77, id: 0.08558070645241611-78, id: 0.08558070645241611-79, id: 0.08558070645241611-80, id: 0.08558070645241611-81, id: 0.08558070645241611-82, id: 0.08558070645241611-83, id: 0.08558070645241611-84, id: 0.08558070645241611-85, id: 0.08558070645241611-86, id: 0.08558070645241611-87, id: 0.08558070645241611-88, id: 0.08558070645241611-89, id: 0.08558070645241611-90, id: 0.08558070645241611-91, id: 0.08558070645241611-92, id: 0.08558070645241611-93, id: 0.08558070645241611-94, id: 0.08558070645241611-95, id: 0.08558070645241611-96]
[WebDriverCommandLogger] - Executing findElements parameters: {&quot;using&quot;:&quot;xpath&quot;,&quot;value&quot;:&quot;//div[@id=&apos;c_articlelist_stories_2&apos;]/ul[1]/li/span[1]/a&quot;}
[WebDriverCommandLogger] - command: findElements[ param-1: {value=//div[@id=&apos;c_articlelist_stories_2&apos;]/ul[1]/li/span[1]/a, using=xpath}] Result: [id: 0.08558070645241611-1, id: 0.08558070645241611-2, id: 0.08558070645241611-3, id: 0.08558070645241611-4, id: 0.08558070645241611-5, id: 0.08558070645241611-6, id: 0.08558070645241611-7, id: 0.08558070645241611-8, id: 0.08558070645241611-9, id: 0.08558070645241611-10, id: 0.08558070645241611-11, id: 0.08558070645241611-12, id: 0.08558070645241611-13, id: 0.08558070645241611-14, id: 0.08558070645241611-15, id: 0.08558070645241611-16, id: 0.08558070645241611-17, id: 0.08558070645241611-18, id: 0.08558070645241611-19, id: 0.08558070645241611-20, id: 0.08558070645241611-21, id: 0.08558070645241611-22, id: 0.08558070645241611-23, id: 0.08558070645241611-24, id: 0.08558070645241611-25, id: 0.08558070645241611-26, id: 0.08558070645241611-27, id: 0.08558070645241611-28, id: 0.08558070645241611-29, id: 0.08558070645241611-30, id: 0.08558070645241611-31, id: 0.08558070645241611-32, id: 0.08558070645241611-33, id: 0.08558070645241611-34, id: 0.08558070645241611-35, id: 0.08558070645241611-36, id: 0.08558070645241611-37, id: 0.08558070645241611-38, id: 0.08558070645241611-39, id: 0.08558070645241611-40, id: 0.08558070645241611-41, id: 0.08558070645241611-42, id: 0.08558070645241611-43, id: 0.08558070645241611-44, id: 0.08558070645241611-45, id: 0.08558070645241611-46, id: 0.08558070645241611-47, id: 0.08558070645241611-48, id: 0.08558070645241611-49, id: 0.08558070645241611-50, id: 0.08558070645241611-51, id: 0.08558070645241611-52, id: 0.08558070645241611-53, id: 0.08558070645241611-54, id: 0.08558070645241611-55, id: 0.08558070645241611-56, id: 0.08558070645241611-57, id: 0.08558070645241611-58, id: 0.08558070645241611-59, id: 0.08558070645241611-60, id: 0.08558070645241611-61, id: 0.08558070645241611-62, id: 0.08558070645241611-63, id: 0.08558070645241611-64, id: 0.08558070645241611-65, id: 0.08558070645241611-66, id: 0.08558070645241611-67, id: 0.08558070645241611-68, id: 0.08558070645241611-69, id: 0.08558070645241611-70, id: 0.08558070645241611-71, id: 0.08558070645241611-72, id: 0.08558070645241611-73, id: 0.08558070645241611-74, id: 0.08558070645241611-75, id: 0.08558070645241611-76, id: 0.08558070645241611-77, id: 0.08558070645241611-78, id: 0.08558070645241611-79, id: 0.08558070645241611-80, id: 0.08558070645241611-81, id: 0.08558070645241611-82, id: 0.08558070645241611-83, id: 0.08558070645241611-84, id: 0.08558070645241611-85, id: 0.08558070645241611-86, id: 0.08558070645241611-87, id: 0.08558070645241611-88, id: 0.08558070645241611-89, id: 0.08558070645241611-90, id: 0.08558070645241611-91, id: 0.08558070645241611-92, id: 0.08558070645241611-93, id: 0.08558070645241611-94, id: 0.08558070645241611-95, id: 0.08558070645241611-96]
[WebDriverCommandLogger] - Executing getElementText element: By.xpath: //div[@id=&apos;c_articlelist_stories_2&apos;]/ul[1]/li/span[1]/a parameters: {&quot;id&quot;:&quot;0.08558070645241611-92&quot;}
[WebDriverCommandLogger] - command: getElementText[ param-1: By.xpath: //div[@id=&apos;c_articlelist_stories_2&apos;]/ul[1]/li/span[1]/a param-2: {&quot;id&quot;:&quot;0.08558070645241611-92&quot;}] Result: getElementText:Bike rams trailer, leaves one dead
[WebDriverCommandLogger] - Executing findElements parameters: {&quot;using&quot;:&quot;xpath&quot;,&quot;value&quot;:&quot;//div[@id=&apos;c_articlelist_stories_2&apos;]/ul[1]/li/span[2]/span[2]&quot;}
[WebDriverCommandLogger] - command: findElements[ param-1: {value=//div[@id=&apos;c_articlelist_stories_2&apos;]/ul[1]/li/span[2]/span[2], using=xpath}] Result: [id: 0.08558070645241611-97, id: 0.08558070645241611-98, id: 0.08558070645241611-99, id: 0.08558070645241611-100, id: 0.08558070645241611-101, id: 0.08558070645241611-102, id: 0.08558070645241611-103, id: 0.08558070645241611-104, id: 0.08558070645241611-105, id: 0.08558070645241611-106, id: 0.08558070645241611-107, id: 0.08558070645241611-108, id: 0.08558070645241611-109, id: 0.08558070645241611-110, id: 0.08558070645241611-111, id: 0.08558070645241611-112, id: 0.08558070645241611-113, id: 0.08558070645241611-114, id: 0.08558070645241611-115, id: 0.08558070645241611-116, id: 0.08558070645241611-117, id: 0.08558070645241611-118, id: 0.08558070645241611-119, id: 0.08558070645241611-120, id: 0.08558070645241611-121, id: 0.08558070645241611-122, id: 0.08558070645241611-123, id: 0.08558070645241611-124, id: 0.08558070645241611-125, id: 0.08558070645241611-126, id: 0.08558070645241611-127, id: 0.08558070645241611-128, id: 0.08558070645241611-129, id: 0.08558070645241611-130, id: 0.08558070645241611-131, id: 0.08558070645241611-132, id: 0.08558070645241611-133, id: 0.08558070645241611-134, id: 0.08558070645241611-135, id: 0.08558070645241611-136, id: 0.08558070645241611-137, id: 0.08558070645241611-138, id: 0.08558070645241611-139, id: 0.08558070645241611-140, id: 0.08558070645241611-141, id: 0.08558070645241611-142, id: 0.08558070645241611-143, id: 0.08558070645241611-144, id: 0.08558070645241611-145, id: 0.08558070645241611-146, id: 0.08558070645241611-147, id: 0.08558070645241611-148, id: 0.08558070645241611-149, id: 0.08558070645241611-150, id: 0.08558070645241611-151, id: 0.08558070645241611-152, id: 0.08558070645241611-153, id: 0.08558070645241611-154, id: 0.08558070645241611-155, id: 0.08558070645241611-156, id: 0.08558070645241611-157, id: 0.08558070645241611-158, id: 0.08558070645241611-159, id: 0.08558070645241611-160, id: 0.08558070645241611-161, id: 0.08558070645241611-162, id: 0.08558070645241611-163, id: 0.08558070645241611-164, id: 0.08558070645241611-165, id: 0.08558070645241611-166, id: 0.08558070645241611-167, id: 0.08558070645241611-168, id: 0.08558070645241611-169, id: 0.08558070645241611-170, id: 0.08558070645241611-171, id: 0.08558070645241611-172, id: 0.08558070645241611-173, id: 0.08558070645241611-174, id: 0.08558070645241611-175, id: 0.08558070645241611-176, id: 0.08558070645241611-177, id: 0.08558070645241611-178, id: 0.08558070645241611-179, id: 0.08558070645241611-180, id: 0.08558070645241611-181, id: 0.08558070645241611-182, id: 0.08558070645241611-183, id: 0.08558070645241611-184, id: 0.08558070645241611-185, id: 0.08558070645241611-186, id: 0.08558070645241611-187, id: 0.08558070645241611-188, id: 0.08558070645241611-189, id: 0.08558070645241611-190, id: 0.08558070645241611-191, id: 0.08558070645241611-192]
[WebDriverCommandLogger] - Executing getElementText element: By.xpath: //div[@id=&apos;c_articlelist_stories_2&apos;]/ul[1]/li/span[2]/span[2] parameters: {&quot;id&quot;:&quot;0.08558070645241611-188&quot;}
[WebDriverCommandLogger] - command: getElementText[ param-1: By.xpath: //div[@id=&apos;c_articlelist_stories_2&apos;]/ul[1]/li/span[2]/span[2] param-2: {&quot;id&quot;:&quot;0.08558070645241611-188&quot;}] Result: getElementText:3 DAYS AGO
[WebDriverCommandLogger] - Executing findElements parameters: {&quot;using&quot;:&quot;xpath&quot;,&quot;value&quot;:&quot;//div[@id=&apos;c_articlelist_stories_2&apos;]/ul[1]/li/span[1]/a&quot;}
[WebDriverCommandLogger] - command: findElements[ param-1: {value=//div[@id=&apos;c_articlelist_stories_2&apos;]/ul[1]/li/span[1]/a, using=xpath}] Result: [id: 0.08558070645241611-1, id: 0.08558070645241611-2, id: 0.08558070645241611-3, id: 0.08558070645241611-4, id: 0.08558070645241611-5, id: 0.08558070645241611-6, id: 0.08558070645241611-7, id: 0.08558070645241611-8, id: 0.08558070645241611-9, id: 0.08558070645241611-10, id: 0.08558070645241611-11, id: 0.08558070645241611-12, id: 0.08558070645241611-13, id: 0.08558070645241611-14, id: 0.08558070645241611-15, id: 0.08558070645241611-16, id: 0.08558070645241611-17, id: 0.08558070645241611-18, id: 0.08558070645241611-19, id: 0.08558070645241611-20, id: 0.08558070645241611-21, id: 0.08558070645241611-22, id: 0.08558070645241611-23, id: 0.08558070645241611-24, id: 0.08558070645241611-25, id: 0.08558070645241611-26, id: 0.08558070645241611-27, id: 0.08558070645241611-28, id: 0.08558070645241611-29, id: 0.08558070645241611-30, id: 0.08558070645241611-31, id: 0.08558070645241611-32, id: 0.08558070645241611-33, id: 0.08558070645241611-34, id: 0.08558070645241611-35, id: 0.08558070645241611-36, id: 0.08558070645241611-37, id: 0.08558070645241611-38, id: 0.08558070645241611-39, id: 0.08558070645241611-40, id: 0.08558070645241611-41, id: 0.08558070645241611-42, id: 0.08558070645241611-43, id: 0.08558070645241611-44, id: 0.08558070645241611-45, id: 0.08558070645241611-46, id: 0.08558070645241611-47, id: 0.08558070645241611-48, id: 0.08558070645241611-49, id: 0.08558070645241611-50, id: 0.08558070645241611-51, id: 0.08558070645241611-52, id: 0.08558070645241611-53, id: 0.08558070645241611-54, id: 0.08558070645241611-55, id: 0.08558070645241611-56, id: 0.08558070645241611-57, id: 0.08558070645241611-58, id: 0.08558070645241611-59, id: 0.08558070645241611-60, id: 0.08558070645241611-61, id: 0.08558070645241611-62, id: 0.08558070645241611-63, id: 0.08558070645241611-64, id: 0.08558070645241611-65, id: 0.08558070645241611-66, id: 0.08558070645241611-67, id: 0.08558070645241611-68, id: 0.08558070645241611-69, id: 0.08558070645241611-70, id: 0.08558070645241611-71, id: 0.08558070645241611-72, id: 0.08558070645241611-73, id: 0.08558070645241611-74, id: 0.08558070645241611-75, id: 0.08558070645241611-76, id: 0.08558070645241611-77, id: 0.08558070645241611-78, id: 0.08558070645241611-79, id: 0.08558070645241611-80, id: 0.08558070645241611-81, id: 0.08558070645241611-82, id: 0.08558070645241611-83, id: 0.08558070645241611-84, id: 0.08558070645241611-85, id: 0.08558070645241611-86, id: 0.08558070645241611-87, id: 0.08558070645241611-88, id: 0.08558070645241611-89, id: 0.08558070645241611-90, id: 0.08558070645241611-91, id: 0.08558070645241611-92, id: 0.08558070645241611-93, id: 0.08558070645241611-94, id: 0.08558070645241611-95, id: 0.08558070645241611-96]
[WebDriverCommandLogger] - Executing findElements parameters: {&quot;using&quot;:&quot;xpath&quot;,&quot;value&quot;:&quot;//div[@id=&apos;c_articlelist_stories_2&apos;]/ul[1]/li/span[1]/a&quot;}
[WebDriverCommandLogger] - command: findElements[ param-1: {value=//div[@id=&apos;c_articlelist_stories_2&apos;]/ul[1]/li/span[1]/a, using=xpath}] Result: [id: 0.08558070645241611-1, id: 0.08558070645241611-2, id: 0.08558070645241611-3, id: 0.08558070645241611-4, id: 0.08558070645241611-5, id: 0.08558070645241611-6, id: 0.08558070645241611-7, id: 0.08558070645241611-8, id: 0.08558070645241611-9, id: 0.08558070645241611-10, id: 0.08558070645241611-11, id: 0.08558070645241611-12, id: 0.08558070645241611-13, id: 0.08558070645241611-14, id: 0.08558070645241611-15, id: 0.08558070645241611-16, id: 0.08558070645241611-17, id: 0.08558070645241611-18, id: 0.08558070645241611-19, id: 0.08558070645241611-20, id: 0.08558070645241611-21, id: 0.08558070645241611-22, id: 0.08558070645241611-23, id: 0.08558070645241611-24, id: 0.08558070645241611-25, id: 0.08558070645241611-26, id: 0.08558070645241611-27, id: 0.08558070645241611-28, id: 0.08558070645241611-29, id: 0.08558070645241611-30, id: 0.08558070645241611-31, id: 0.08558070645241611-32, id: 0.08558070645241611-33, id: 0.08558070645241611-34, id: 0.08558070645241611-35, id: 0.08558070645241611-36, id: 0.08558070645241611-37, id: 0.08558070645241611-38, id: 0.08558070645241611-39, id: 0.08558070645241611-40, id: 0.08558070645241611-41, id: 0.08558070645241611-42, id: 0.08558070645241611-43, id: 0.08558070645241611-44, id: 0.08558070645241611-45, id: 0.08558070645241611-46, id: 0.08558070645241611-47, id: 0.08558070645241611-48, id: 0.08558070645241611-49, id: 0.08558070645241611-50, id: 0.08558070645241611-51, id: 0.08558070645241611-52, id: 0.08558070645241611-53, id: 0.08558070645241611-54, id: 0.08558070645241611-55, id: 0.08558070645241611-56, id: 0.08558070645241611-57, id: 0.08558070645241611-58, id: 0.08558070645241611-59, id: 0.08558070645241611-60, id: 0.08558070645241611-61, id: 0.08558070645241611-62, id: 0.08558070645241611-63, id: 0.08558070645241611-64, id: 0.08558070645241611-65, id: 0.08558070645241611-66, id: 0.08558070645241611-67, id: 0.08558070645241611-68, id: 0.08558070645241611-69, id: 0.08558070645241611-70, id: 0.08558070645241611-71, id: 0.08558070645241611-72, id: 0.08558070645241611-73, id: 0.08558070645241611-74, id: 0.08558070645241611-75, id: 0.08558070645241611-76, id: 0.08558070645241611-77, id: 0.08558070645241611-78, id: 0.08558070645241611-79, id: 0.08558070645241611-80, id: 0.08558070645241611-81, id: 0.08558070645241611-82, id: 0.08558070645241611-83, id: 0.08558070645241611-84, id: 0.08558070645241611-85, id: 0.08558070645241611-86, id: 0.08558070645241611-87, id: 0.08558070645241611-88, id: 0.08558070645241611-89, id: 0.08558070645241611-90, id: 0.08558070645241611-91, id: 0.08558070645241611-92, id: 0.08558070645241611-93, id: 0.08558070645241611-94, id: 0.08558070645241611-95, id: 0.08558070645241611-96]
[WebDriverCommandLogger] - Executing getElementText element: By.xpath: //div[@id=&apos;c_articlelist_stories_2&apos;]/ul[1]/li/span[1]/a parameters: {&quot;id&quot;:&quot;0.08558070645241611-93&quot;}
[WebDriverCommandLogger] - command: getElementText[ param-1: By.xpath: //div[@id=&apos;c_articlelist_stories_2&apos;]/ul[1]/li/span[1]/a param-2: {&quot;id&quot;:&quot;0.08558070645241611-93&quot;}] Result: getElementText:Maharashtra to compensate civic bodies for loss in revenue
[WebDriverCommandLogger] - Executing findElements parameters: {&quot;using&quot;:&quot;xpath&quot;,&quot;value&quot;:&quot;//div[@id=&apos;c_articlelist_stories_2&apos;]/ul[1]/li/span[2]/span[2]&quot;}
[WebDriverCommandLogger] - command: findElements[ param-1: {value=//div[@id=&apos;c_articlelist_stories_2&apos;]/ul[1]/li/span[2]/span[2], using=xpath}] Result: [id: 0.08558070645241611-97, id: 0.08558070645241611-98, id: 0.08558070645241611-99, id: 0.08558070645241611-100, id: 0.08558070645241611-101, id: 0.08558070645241611-102, id: 0.08558070645241611-103, id: 0.08558070645241611-104, id: 0.08558070645241611-105, id: 0.08558070645241611-106, id: 0.08558070645241611-107, id: 0.08558070645241611-108, id: 0.08558070645241611-109, id: 0.08558070645241611-110, id: 0.08558070645241611-111, id: 0.08558070645241611-112, id: 0.08558070645241611-113, id: 0.08558070645241611-114, id: 0.08558070645241611-115, id: 0.08558070645241611-116, id: 0.08558070645241611-117, id: 0.08558070645241611-118, id: 0.08558070645241611-119, id: 0.08558070645241611-120, id: 0.08558070645241611-121, id: 0.08558070645241611-122, id: 0.08558070645241611-123, id: 0.08558070645241611-124, id: 0.08558070645241611-125, id: 0.08558070645241611-126, id: 0.08558070645241611-127, id: 0.08558070645241611-128, id: 0.08558070645241611-129, id: 0.08558070645241611-130, id: 0.08558070645241611-131, id: 0.08558070645241611-132, id: 0.08558070645241611-133, id: 0.08558070645241611-134, id: 0.08558070645241611-135, id: 0.08558070645241611-136, id: 0.08558070645241611-137, id: 0.08558070645241611-138, id: 0.08558070645241611-139, id: 0.08558070645241611-140, id: 0.08558070645241611-141, id: 0.08558070645241611-142, id: 0.08558070645241611-143, id: 0.08558070645241611-144, id: 0.08558070645241611-145, id: 0.08558070645241611-146, id: 0.08558070645241611-147, id: 0.08558070645241611-148, id: 0.08558070645241611-149, id: 0.08558070645241611-150, id: 0.08558070645241611-151, id: 0.08558070645241611-152, id: 0.08558070645241611-153, id: 0.08558070645241611-154, id: 0.08558070645241611-155, id: 0.08558070645241611-156, id: 0.08558070645241611-157, id: 0.08558070645241611-158, id: 0.08558070645241611-159, id: 0.08558070645241611-160, id: 0.08558070645241611-161, id: 0.08558070645241611-162, id: 0.08558070645241611-163, id: 0.08558070645241611-164, id: 0.08558070645241611-165, id: 0.08558070645241611-166, id: 0.08558070645241611-167, id: 0.08558070645241611-168, id: 0.08558070645241611-169, id: 0.08558070645241611-170, id: 0.08558070645241611-171, id: 0.08558070645241611-172, id: 0.08558070645241611-173, id: 0.08558070645241611-174, id: 0.08558070645241611-175, id: 0.08558070645241611-176, id: 0.08558070645241611-177, id: 0.08558070645241611-178, id: 0.08558070645241611-179, id: 0.08558070645241611-180, id: 0.08558070645241611-181, id: 0.08558070645241611-182, id: 0.08558070645241611-183, id: 0.08558070645241611-184, id: 0.08558070645241611-185, id: 0.08558070645241611-186, id: 0.08558070645241611-187, id: 0.08558070645241611-188, id: 0.08558070645241611-189, id: 0.08558070645241611-190, id: 0.08558070645241611-191, id: 0.08558070645241611-192]
[WebDriverCommandLogger] - Executing getElementText element: By.xpath: //div[@id=&apos;c_articlelist_stories_2&apos;]/ul[1]/li/span[2]/span[2] parameters: {&quot;id&quot;:&quot;0.08558070645241611-189&quot;}
[WebDriverCommandLogger] - command: getElementText[ param-1: By.xpath: //div[@id=&apos;c_articlelist_stories_2&apos;]/ul[1]/li/span[2]/span[2] param-2: {&quot;id&quot;:&quot;0.08558070645241611-189&quot;}] Result: getElementText:3 DAYS AGO
[WebDriverCommandLogger] - Executing findElements parameters: {&quot;using&quot;:&quot;xpath&quot;,&quot;value&quot;:&quot;//div[@id=&apos;c_articlelist_stories_2&apos;]/ul[1]/li/span[1]/a&quot;}
[WebDriverCommandLogger] - command: findElements[ param-1: {value=//div[@id=&apos;c_articlelist_stories_2&apos;]/ul[1]/li/span[1]/a, using=xpath}] Result: [id: 0.08558070645241611-1, id: 0.08558070645241611-2, id: 0.08558070645241611-3, id: 0.08558070645241611-4, id: 0.08558070645241611-5, id: 0.08558070645241611-6, id: 0.08558070645241611-7, id: 0.08558070645241611-8, id: 0.08558070645241611-9, id: 0.08558070645241611-10, id: 0.08558070645241611-11, id: 0.08558070645241611-12, id: 0.08558070645241611-13, id: 0.08558070645241611-14, id: 0.08558070645241611-15, id: 0.08558070645241611-16, id: 0.08558070645241611-17, id: 0.08558070645241611-18, id: 0.08558070645241611-19, id: 0.08558070645241611-20, id: 0.08558070645241611-21, id: 0.08558070645241611-22, id: 0.08558070645241611-23, id: 0.08558070645241611-24, id: 0.08558070645241611-25, id: 0.08558070645241611-26, id: 0.08558070645241611-27, id: 0.08558070645241611-28, id: 0.08558070645241611-29, id: 0.08558070645241611-30, id: 0.08558070645241611-31, id: 0.08558070645241611-32, id: 0.08558070645241611-33, id: 0.08558070645241611-34, id: 0.08558070645241611-35, id: 0.08558070645241611-36, id: 0.08558070645241611-37, id: 0.08558070645241611-38, id: 0.08558070645241611-39, id: 0.08558070645241611-40, id: 0.08558070645241611-41, id: 0.08558070645241611-42, id: 0.08558070645241611-43, id: 0.08558070645241611-44, id: 0.08558070645241611-45, id: 0.08558070645241611-46, id: 0.08558070645241611-47, id: 0.08558070645241611-48, id: 0.08558070645241611-49, id: 0.08558070645241611-50, id: 0.08558070645241611-51, id: 0.08558070645241611-52, id: 0.08558070645241611-53, id: 0.08558070645241611-54, id: 0.08558070645241611-55, id: 0.08558070645241611-56, id: 0.08558070645241611-57, id: 0.08558070645241611-58, id: 0.08558070645241611-59, id: 0.08558070645241611-60, id: 0.08558070645241611-61, id: 0.08558070645241611-62, id: 0.08558070645241611-63, id: 0.08558070645241611-64, id: 0.08558070645241611-65, id: 0.08558070645241611-66, id: 0.08558070645241611-67, id: 0.08558070645241611-68, id: 0.08558070645241611-69, id: 0.08558070645241611-70, id: 0.08558070645241611-71, id: 0.08558070645241611-72, id: 0.08558070645241611-73, id: 0.08558070645241611-74, id: 0.08558070645241611-75, id: 0.08558070645241611-76, id: 0.08558070645241611-77, id: 0.08558070645241611-78, id: 0.08558070645241611-79, id: 0.08558070645241611-80, id: 0.08558070645241611-81, id: 0.08558070645241611-82, id: 0.08558070645241611-83, id: 0.08558070645241611-84, id: 0.08558070645241611-85, id: 0.08558070645241611-86, id: 0.08558070645241611-87, id: 0.08558070645241611-88, id: 0.08558070645241611-89, id: 0.08558070645241611-90, id: 0.08558070645241611-91, id: 0.08558070645241611-92, id: 0.08558070645241611-93, id: 0.08558070645241611-94, id: 0.08558070645241611-95, id: 0.08558070645241611-96]
[WebDriverCommandLogger] - Executing findElements parameters: {&quot;using&quot;:&quot;xpath&quot;,&quot;value&quot;:&quot;//div[@id=&apos;c_articlelist_stories_2&apos;]/ul[1]/li/span[1]/a&quot;}
[WebDriverCommandLogger] - command: findElements[ param-1: {value=//div[@id=&apos;c_articlelist_stories_2&apos;]/ul[1]/li/span[1]/a, using=xpath}] Result: [id: 0.08558070645241611-1, id: 0.08558070645241611-2, id: 0.08558070645241611-3, id: 0.08558070645241611-4, id: 0.08558070645241611-5, id: 0.08558070645241611-6, id: 0.08558070645241611-7, id: 0.08558070645241611-8, id: 0.08558070645241611-9, id: 0.08558070645241611-10, id: 0.08558070645241611-11, id: 0.08558070645241611-12, id: 0.08558070645241611-13, id: 0.08558070645241611-14, id: 0.08558070645241611-15, id: 0.08558070645241611-16, id: 0.08558070645241611-17, id: 0.08558070645241611-18, id: 0.08558070645241611-19, id: 0.08558070645241611-20, id: 0.08558070645241611-21, id: 0.08558070645241611-22, id: 0.08558070645241611-23, id: 0.08558070645241611-24, id: 0.08558070645241611-25, id: 0.08558070645241611-26, id: 0.08558070645241611-27, id: 0.08558070645241611-28, id: 0.08558070645241611-29, id: 0.08558070645241611-30, id: 0.08558070645241611-31, id: 0.08558070645241611-32, id: 0.08558070645241611-33, id: 0.08558070645241611-34, id: 0.08558070645241611-35, id: 0.08558070645241611-36, id: 0.08558070645241611-37, id: 0.08558070645241611-38, id: 0.08558070645241611-39, id: 0.08558070645241611-40, id: 0.08558070645241611-41, id: 0.08558070645241611-42, id: 0.08558070645241611-43, id: 0.08558070645241611-44, id: 0.08558070645241611-45, id: 0.08558070645241611-46, id: 0.08558070645241611-47, id: 0.08558070645241611-48, id: 0.08558070645241611-49, id: 0.08558070645241611-50, id: 0.08558070645241611-51, id: 0.08558070645241611-52, id: 0.08558070645241611-53, id: 0.08558070645241611-54, id: 0.08558070645241611-55, id: 0.08558070645241611-56, id: 0.08558070645241611-57, id: 0.08558070645241611-58, id: 0.08558070645241611-59, id: 0.08558070645241611-60, id: 0.08558070645241611-61, id: 0.08558070645241611-62, id: 0.08558070645241611-63, id: 0.08558070645241611-64, id: 0.08558070645241611-65, id: 0.08558070645241611-66, id: 0.08558070645241611-67, id: 0.08558070645241611-68, id: 0.08558070645241611-69, id: 0.08558070645241611-70, id: 0.08558070645241611-71, id: 0.08558070645241611-72, id: 0.08558070645241611-73, id: 0.08558070645241611-74, id: 0.08558070645241611-75, id: 0.08558070645241611-76, id: 0.08558070645241611-77, id: 0.08558070645241611-78, id: 0.08558070645241611-79, id: 0.08558070645241611-80, id: 0.08558070645241611-81, id: 0.08558070645241611-82, id: 0.08558070645241611-83, id: 0.08558070645241611-84, id: 0.08558070645241611-85, id: 0.08558070645241611-86, id: 0.08558070645241611-87, id: 0.08558070645241611-88, id: 0.08558070645241611-89, id: 0.08558070645241611-90, id: 0.08558070645241611-91, id: 0.08558070645241611-92, id: 0.08558070645241611-93, id: 0.08558070645241611-94, id: 0.08558070645241611-95, id: 0.08558070645241611-96]
[WebDriverCommandLogger] - Executing getElementText element: By.xpath: //div[@id=&apos;c_articlelist_stories_2&apos;]/ul[1]/li/span[1]/a parameters: {&quot;id&quot;:&quot;0.08558070645241611-94&quot;}
[WebDriverCommandLogger] - command: getElementText[ param-1: By.xpath: //div[@id=&apos;c_articlelist_stories_2&apos;]/ul[1]/li/span[1]/a param-2: {&quot;id&quot;:&quot;0.08558070645241611-94&quot;}] Result: getElementText:Drop in income bother for cantonment boards
[WebDriverCommandLogger] - Executing findElements parameters: {&quot;using&quot;:&quot;xpath&quot;,&quot;value&quot;:&quot;//div[@id=&apos;c_articlelist_stories_2&apos;]/ul[1]/li/span[2]/span[2]&quot;}
[WebDriverCommandLogger] - command: findElements[ param-1: {value=//div[@id=&apos;c_articlelist_stories_2&apos;]/ul[1]/li/span[2]/span[2], using=xpath}] Result: [id: 0.08558070645241611-97, id: 0.08558070645241611-98, id: 0.08558070645241611-99, id: 0.08558070645241611-100, id: 0.08558070645241611-101, id: 0.08558070645241611-102, id: 0.08558070645241611-103, id: 0.08558070645241611-104, id: 0.08558070645241611-105, id: 0.08558070645241611-106, id: 0.08558070645241611-107, id: 0.08558070645241611-108, id: 0.08558070645241611-109, id: 0.08558070645241611-110, id: 0.08558070645241611-111, id: 0.08558070645241611-112, id: 0.08558070645241611-113, id: 0.08558070645241611-114, id: 0.08558070645241611-115, id: 0.08558070645241611-116, id: 0.08558070645241611-117, id: 0.08558070645241611-118, id: 0.08558070645241611-119, id: 0.08558070645241611-120, id: 0.08558070645241611-121, id: 0.08558070645241611-122, id: 0.08558070645241611-123, id: 0.08558070645241611-124, id: 0.08558070645241611-125, id: 0.08558070645241611-126, id: 0.08558070645241611-127, id: 0.08558070645241611-128, id: 0.08558070645241611-129, id: 0.08558070645241611-130, id: 0.08558070645241611-131, id: 0.08558070645241611-132, id: 0.08558070645241611-133, id: 0.08558070645241611-134, id: 0.08558070645241611-135, id: 0.08558070645241611-136, id: 0.08558070645241611-137, id: 0.08558070645241611-138, id: 0.08558070645241611-139, id: 0.08558070645241611-140, id: 0.08558070645241611-141, id: 0.08558070645241611-142, id: 0.08558070645241611-143, id: 0.08558070645241611-144, id: 0.08558070645241611-145, id: 0.08558070645241611-146, id: 0.08558070645241611-147, id: 0.08558070645241611-148, id: 0.08558070645241611-149, id: 0.08558070645241611-150, id: 0.08558070645241611-151, id: 0.08558070645241611-152, id: 0.08558070645241611-153, id: 0.08558070645241611-154, id: 0.08558070645241611-155, id: 0.08558070645241611-156, id: 0.08558070645241611-157, id: 0.08558070645241611-158, id: 0.08558070645241611-159, id: 0.08558070645241611-160, id: 0.08558070645241611-161, id: 0.08558070645241611-162, id: 0.08558070645241611-163, id: 0.08558070645241611-164, id: 0.08558070645241611-165, id: 0.08558070645241611-166, id: 0.08558070645241611-167, id: 0.08558070645241611-168, id: 0.08558070645241611-169, id: 0.08558070645241611-170, id: 0.08558070645241611-171, id: 0.08558070645241611-172, id: 0.08558070645241611-173, id: 0.08558070645241611-174, id: 0.08558070645241611-175, id: 0.08558070645241611-176, id: 0.08558070645241611-177, id: 0.08558070645241611-178, id: 0.08558070645241611-179, id: 0.08558070645241611-180, id: 0.08558070645241611-181, id: 0.08558070645241611-182, id: 0.08558070645241611-183, id: 0.08558070645241611-184, id: 0.08558070645241611-185, id: 0.08558070645241611-186, id: 0.08558070645241611-187, id: 0.08558070645241611-188, id: 0.08558070645241611-189, id: 0.08558070645241611-190, id: 0.08558070645241611-191, id: 0.08558070645241611-192]
[WebDriverCommandLogger] - Executing getElementText element: By.xpath: //div[@id=&apos;c_articlelist_stories_2&apos;]/ul[1]/li/span[2]/span[2] parameters: {&quot;id&quot;:&quot;0.08558070645241611-190&quot;}
[WebDriverCommandLogger] - command: getElementText[ param-1: By.xpath: //div[@id=&apos;c_articlelist_stories_2&apos;]/ul[1]/li/span[2]/span[2] param-2: {&quot;id&quot;:&quot;0.08558070645241611-190&quot;}] Result: getElementText:3 DAYS AGO
[WebDriverCommandLogger] - Executing findElements parameters: {&quot;using&quot;:&quot;xpath&quot;,&quot;value&quot;:&quot;//div[@id=&apos;c_articlelist_stories_2&apos;]/ul[1]/li/span[1]/a&quot;}
[WebDriverCommandLogger] - command: findElements[ param-1: {value=//div[@id=&apos;c_articlelist_stories_2&apos;]/ul[1]/li/span[1]/a, using=xpath}] Result: [id: 0.08558070645241611-1, id: 0.08558070645241611-2, id: 0.08558070645241611-3, id: 0.08558070645241611-4, id: 0.08558070645241611-5, id: 0.08558070645241611-6, id: 0.08558070645241611-7, id: 0.08558070645241611-8, id: 0.08558070645241611-9, id: 0.08558070645241611-10, id: 0.08558070645241611-11, id: 0.08558070645241611-12, id: 0.08558070645241611-13, id: 0.08558070645241611-14, id: 0.08558070645241611-15, id: 0.08558070645241611-16, id: 0.08558070645241611-17, id: 0.08558070645241611-18, id: 0.08558070645241611-19, id: 0.08558070645241611-20, id: 0.08558070645241611-21, id: 0.08558070645241611-22, id: 0.08558070645241611-23, id: 0.08558070645241611-24, id: 0.08558070645241611-25, id: 0.08558070645241611-26, id: 0.08558070645241611-27, id: 0.08558070645241611-28, id: 0.08558070645241611-29, id: 0.08558070645241611-30, id: 0.08558070645241611-31, id: 0.08558070645241611-32, id: 0.08558070645241611-33, id: 0.08558070645241611-34, id: 0.08558070645241611-35, id: 0.08558070645241611-36, id: 0.08558070645241611-37, id: 0.08558070645241611-38, id: 0.08558070645241611-39, id: 0.08558070645241611-40, id: 0.08558070645241611-41, id: 0.08558070645241611-42, id: 0.08558070645241611-43, id: 0.08558070645241611-44, id: 0.08558070645241611-45, id: 0.08558070645241611-46, id: 0.08558070645241611-47, id: 0.08558070645241611-48, id: 0.08558070645241611-49, id: 0.08558070645241611-50, id: 0.08558070645241611-51, id: 0.08558070645241611-52, id: 0.08558070645241611-53, id: 0.08558070645241611-54, id: 0.08558070645241611-55, id: 0.08558070645241611-56, id: 0.08558070645241611-57, id: 0.08558070645241611-58, id: 0.08558070645241611-59, id: 0.08558070645241611-60, id: 0.08558070645241611-61, id: 0.08558070645241611-62, id: 0.08558070645241611-63, id: 0.08558070645241611-64, id: 0.08558070645241611-65, id: 0.08558070645241611-66, id: 0.08558070645241611-67, id: 0.08558070645241611-68, id: 0.08558070645241611-69, id: 0.08558070645241611-70, id: 0.08558070645241611-71, id: 0.08558070645241611-72, id: 0.08558070645241611-73, id: 0.08558070645241611-74, id: 0.08558070645241611-75, id: 0.08558070645241611-76, id: 0.08558070645241611-77, id: 0.08558070645241611-78, id: 0.08558070645241611-79, id: 0.08558070645241611-80, id: 0.08558070645241611-81, id: 0.08558070645241611-82, id: 0.08558070645241611-83, id: 0.08558070645241611-84, id: 0.08558070645241611-85, id: 0.08558070645241611-86, id: 0.08558070645241611-87, id: 0.08558070645241611-88, id: 0.08558070645241611-89, id: 0.08558070645241611-90, id: 0.08558070645241611-91, id: 0.08558070645241611-92, id: 0.08558070645241611-93, id: 0.08558070645241611-94, id: 0.08558070645241611-95, id: 0.08558070645241611-96]
[WebDriverCommandLogger] - Executing findElements parameters: {&quot;using&quot;:&quot;xpath&quot;,&quot;value&quot;:&quot;//div[@id=&apos;c_articlelist_stories_2&apos;]/ul[1]/li/span[1]/a&quot;}
[WebDriverCommandLogger] - command: findElements[ param-1: {value=//div[@id=&apos;c_articlelist_stories_2&apos;]/ul[1]/li/span[1]/a, using=xpath}] Result: [id: 0.08558070645241611-1, id: 0.08558070645241611-2, id: 0.08558070645241611-3, id: 0.08558070645241611-4, id: 0.08558070645241611-5, id: 0.08558070645241611-6, id: 0.08558070645241611-7, id: 0.08558070645241611-8, id: 0.08558070645241611-9, id: 0.08558070645241611-10, id: 0.08558070645241611-11, id: 0.08558070645241611-12, id: 0.08558070645241611-13, id: 0.08558070645241611-14, id: 0.08558070645241611-15, id: 0.08558070645241611-16, id: 0.08558070645241611-17, id: 0.08558070645241611-18, id: 0.08558070645241611-19, id: 0.08558070645241611-20, id: 0.08558070645241611-21, id: 0.08558070645241611-22, id: 0.08558070645241611-23, id: 0.08558070645241611-24, id: 0.08558070645241611-25, id: 0.08558070645241611-26, id: 0.08558070645241611-27, id: 0.08558070645241611-28, id: 0.08558070645241611-29, id: 0.08558070645241611-30, id: 0.08558070645241611-31, id: 0.08558070645241611-32, id: 0.08558070645241611-33, id: 0.08558070645241611-34, id: 0.08558070645241611-35, id: 0.08558070645241611-36, id: 0.08558070645241611-37, id: 0.08558070645241611-38, id: 0.08558070645241611-39, id: 0.08558070645241611-40, id: 0.08558070645241611-41, id: 0.08558070645241611-42, id: 0.08558070645241611-43, id: 0.08558070645241611-44, id: 0.08558070645241611-45, id: 0.08558070645241611-46, id: 0.08558070645241611-47, id: 0.08558070645241611-48, id: 0.08558070645241611-49, id: 0.08558070645241611-50, id: 0.08558070645241611-51, id: 0.08558070645241611-52, id: 0.08558070645241611-53, id: 0.08558070645241611-54, id: 0.08558070645241611-55, id: 0.08558070645241611-56, id: 0.08558070645241611-57, id: 0.08558070645241611-58, id: 0.08558070645241611-59, id: 0.08558070645241611-60, id: 0.08558070645241611-61, id: 0.08558070645241611-62, id: 0.08558070645241611-63, id: 0.08558070645241611-64, id: 0.08558070645241611-65, id: 0.08558070645241611-66, id: 0.08558070645241611-67, id: 0.08558070645241611-68, id: 0.08558070645241611-69, id: 0.08558070645241611-70, id: 0.08558070645241611-71, id: 0.08558070645241611-72, id: 0.08558070645241611-73, id: 0.08558070645241611-74, id: 0.08558070645241611-75, id: 0.08558070645241611-76, id: 0.08558070645241611-77, id: 0.08558070645241611-78, id: 0.08558070645241611-79, id: 0.08558070645241611-80, id: 0.08558070645241611-81, id: 0.08558070645241611-82, id: 0.08558070645241611-83, id: 0.08558070645241611-84, id: 0.08558070645241611-85, id: 0.08558070645241611-86, id: 0.08558070645241611-87, id: 0.08558070645241611-88, id: 0.08558070645241611-89, id: 0.08558070645241611-90, id: 0.08558070645241611-91, id: 0.08558070645241611-92, id: 0.08558070645241611-93, id: 0.08558070645241611-94, id: 0.08558070645241611-95, id: 0.08558070645241611-96]
[WebDriverCommandLogger] - Executing getElementText element: By.xpath: //div[@id=&apos;c_articlelist_stories_2&apos;]/ul[1]/li/span[1]/a parameters: {&quot;id&quot;:&quot;0.08558070645241611-95&quot;}
[WebDriverCommandLogger] - command: getElementText[ param-1: By.xpath: //div[@id=&apos;c_articlelist_stories_2&apos;]/ul[1]/li/span[1]/a param-2: {&quot;id&quot;:&quot;0.08558070645241611-95&quot;}] Result: getElementText:Bravehearts form a rescue team
[WebDriverCommandLogger] - Executing findElements parameters: {&quot;using&quot;:&quot;xpath&quot;,&quot;value&quot;:&quot;//div[@id=&apos;c_articlelist_stories_2&apos;]/ul[1]/li/span[2]/span[2]&quot;}
[WebDriverCommandLogger] - command: findElements[ param-1: {value=//div[@id=&apos;c_articlelist_stories_2&apos;]/ul[1]/li/span[2]/span[2], using=xpath}] Result: [id: 0.08558070645241611-97, id: 0.08558070645241611-98, id: 0.08558070645241611-99, id: 0.08558070645241611-100, id: 0.08558070645241611-101, id: 0.08558070645241611-102, id: 0.08558070645241611-103, id: 0.08558070645241611-104, id: 0.08558070645241611-105, id: 0.08558070645241611-106, id: 0.08558070645241611-107, id: 0.08558070645241611-108, id: 0.08558070645241611-109, id: 0.08558070645241611-110, id: 0.08558070645241611-111, id: 0.08558070645241611-112, id: 0.08558070645241611-113, id: 0.08558070645241611-114, id: 0.08558070645241611-115, id: 0.08558070645241611-116, id: 0.08558070645241611-117, id: 0.08558070645241611-118, id: 0.08558070645241611-119, id: 0.08558070645241611-120, id: 0.08558070645241611-121, id: 0.08558070645241611-122, id: 0.08558070645241611-123, id: 0.08558070645241611-124, id: 0.08558070645241611-125, id: 0.08558070645241611-126, id: 0.08558070645241611-127, id: 0.08558070645241611-128, id: 0.08558070645241611-129, id: 0.08558070645241611-130, id: 0.08558070645241611-131, id: 0.08558070645241611-132, id: 0.08558070645241611-133, id: 0.08558070645241611-134, id: 0.08558070645241611-135, id: 0.08558070645241611-136, id: 0.08558070645241611-137, id: 0.08558070645241611-138, id: 0.08558070645241611-139, id: 0.08558070645241611-140, id: 0.08558070645241611-141, id: 0.08558070645241611-142, id: 0.08558070645241611-143, id: 0.08558070645241611-144, id: 0.08558070645241611-145, id: 0.08558070645241611-146, id: 0.08558070645241611-147, id: 0.08558070645241611-148, id: 0.08558070645241611-149, id: 0.08558070645241611-150, id: 0.08558070645241611-151, id: 0.08558070645241611-152, id: 0.08558070645241611-153, id: 0.08558070645241611-154, id: 0.08558070645241611-155, id: 0.08558070645241611-156, id: 0.08558070645241611-157, id: 0.08558070645241611-158, id: 0.08558070645241611-159, id: 0.08558070645241611-160, id: 0.08558070645241611-161, id: 0.08558070645241611-162, id: 0.08558070645241611-163, id: 0.08558070645241611-164, id: 0.08558070645241611-165, id: 0.08558070645241611-166, id: 0.08558070645241611-167, id: 0.08558070645241611-168, id: 0.08558070645241611-169, id: 0.08558070645241611-170, id: 0.08558070645241611-171, id: 0.08558070645241611-172, id: 0.08558070645241611-173, id: 0.08558070645241611-174, id: 0.08558070645241611-175, id: 0.08558070645241611-176, id: 0.08558070645241611-177, id: 0.08558070645241611-178, id: 0.08558070645241611-179, id: 0.08558070645241611-180, id: 0.08558070645241611-181, id: 0.08558070645241611-182, id: 0.08558070645241611-183, id: 0.08558070645241611-184, id: 0.08558070645241611-185, id: 0.08558070645241611-186, id: 0.08558070645241611-187, id: 0.08558070645241611-188, id: 0.08558070645241611-189, id: 0.08558070645241611-190, id: 0.08558070645241611-191, id: 0.08558070645241611-192]
[WebDriverCommandLogger] - Executing getElementText element: By.xpath: //div[@id=&apos;c_articlelist_stories_2&apos;]/ul[1]/li/span[2]/span[2] parameters: {&quot;id&quot;:&quot;0.08558070645241611-191&quot;}
[WebDriverCommandLogger] - command: getElementText[ param-1: By.xpath: //div[@id=&apos;c_articlelist_stories_2&apos;]/ul[1]/li/span[2]/span[2] param-2: {&quot;id&quot;:&quot;0.08558070645241611-191&quot;}] Result: getElementText:3 DAYS AGO
[WebDriverCommandLogger] - Executing findElements parameters: {&quot;using&quot;:&quot;xpath&quot;,&quot;value&quot;:&quot;//div[@id=&apos;c_articlelist_stories_2&apos;]/ul[1]/li/span[1]/a&quot;}
[WebDriverCommandLogger] - command: findElements[ param-1: {value=//div[@id=&apos;c_articlelist_stories_2&apos;]/ul[1]/li/span[1]/a, using=xpath}] Result: [id: 0.08558070645241611-1, id: 0.08558070645241611-2, id: 0.08558070645241611-3, id: 0.08558070645241611-4, id: 0.08558070645241611-5, id: 0.08558070645241611-6, id: 0.08558070645241611-7, id: 0.08558070645241611-8, id: 0.08558070645241611-9, id: 0.08558070645241611-10, id: 0.08558070645241611-11, id: 0.08558070645241611-12, id: 0.08558070645241611-13, id: 0.08558070645241611-14, id: 0.08558070645241611-15, id: 0.08558070645241611-16, id: 0.08558070645241611-17, id: 0.08558070645241611-18, id: 0.08558070645241611-19, id: 0.08558070645241611-20, id: 0.08558070645241611-21, id: 0.08558070645241611-22, id: 0.08558070645241611-23, id: 0.08558070645241611-24, id: 0.08558070645241611-25, id: 0.08558070645241611-26, id: 0.08558070645241611-27, id: 0.08558070645241611-28, id: 0.08558070645241611-29, id: 0.08558070645241611-30, id: 0.08558070645241611-31, id: 0.08558070645241611-32, id: 0.08558070645241611-33, id: 0.08558070645241611-34, id: 0.08558070645241611-35, id: 0.08558070645241611-36, id: 0.08558070645241611-37, id: 0.08558070645241611-38, id: 0.08558070645241611-39, id: 0.08558070645241611-40, id: 0.08558070645241611-41, id: 0.08558070645241611-42, id: 0.08558070645241611-43, id: 0.08558070645241611-44, id: 0.08558070645241611-45, id: 0.08558070645241611-46, id: 0.08558070645241611-47, id: 0.08558070645241611-48, id: 0.08558070645241611-49, id: 0.08558070645241611-50, id: 0.08558070645241611-51, id: 0.08558070645241611-52, id: 0.08558070645241611-53, id: 0.08558070645241611-54, id: 0.08558070645241611-55, id: 0.08558070645241611-56, id: 0.08558070645241611-57, id: 0.08558070645241611-58, id: 0.08558070645241611-59, id: 0.08558070645241611-60, id: 0.08558070645241611-61, id: 0.08558070645241611-62, id: 0.08558070645241611-63, id: 0.08558070645241611-64, id: 0.08558070645241611-65, id: 0.08558070645241611-66, id: 0.08558070645241611-67, id: 0.08558070645241611-68, id: 0.08558070645241611-69, id: 0.08558070645241611-70, id: 0.08558070645241611-71, id: 0.08558070645241611-72, id: 0.08558070645241611-73, id: 0.08558070645241611-74, id: 0.08558070645241611-75, id: 0.08558070645241611-76, id: 0.08558070645241611-77, id: 0.08558070645241611-78, id: 0.08558070645241611-79, id: 0.08558070645241611-80, id: 0.08558070645241611-81, id: 0.08558070645241611-82, id: 0.08558070645241611-83, id: 0.08558070645241611-84, id: 0.08558070645241611-85, id: 0.08558070645241611-86, id: 0.08558070645241611-87, id: 0.08558070645241611-88, id: 0.08558070645241611-89, id: 0.08558070645241611-90, id: 0.08558070645241611-91, id: 0.08558070645241611-92, id: 0.08558070645241611-93, id: 0.08558070645241611-94, id: 0.08558070645241611-95, id: 0.08558070645241611-96]
[WebDriverCommandLogger] - Executing findElements parameters: {&quot;using&quot;:&quot;xpath&quot;,&quot;value&quot;:&quot;//div[@id=&apos;c_articlelist_stories_2&apos;]/ul[1]/li/span[1]/a&quot;}
[WebDriverCommandLogger] - command: findElements[ param-1: {value=//div[@id=&apos;c_articlelist_stories_2&apos;]/ul[1]/li/span[1]/a, using=xpath}] Result: [id: 0.08558070645241611-1, id: 0.08558070645241611-2, id: 0.08558070645241611-3, id: 0.08558070645241611-4, id: 0.08558070645241611-5, id: 0.08558070645241611-6, id: 0.08558070645241611-7, id: 0.08558070645241611-8, id: 0.08558070645241611-9, id: 0.08558070645241611-10, id: 0.08558070645241611-11, id: 0.08558070645241611-12, id: 0.08558070645241611-13, id: 0.08558070645241611-14, id: 0.08558070645241611-15, id: 0.08558070645241611-16, id: 0.08558070645241611-17, id: 0.08558070645241611-18, id: 0.08558070645241611-19, id: 0.08558070645241611-20, id: 0.08558070645241611-21, id: 0.08558070645241611-22, id: 0.08558070645241611-23, id: 0.08558070645241611-24, id: 0.08558070645241611-25, id: 0.08558070645241611-26, id: 0.08558070645241611-27, id: 0.08558070645241611-28, id: 0.08558070645241611-29, id: 0.08558070645241611-30, id: 0.08558070645241611-31, id: 0.08558070645241611-32, id: 0.08558070645241611-33, id: 0.08558070645241611-34, id: 0.08558070645241611-35, id: 0.08558070645241611-36, id: 0.08558070645241611-37, id: 0.08558070645241611-38, id: 0.08558070645241611-39, id: 0.08558070645241611-40, id: 0.08558070645241611-41, id: 0.08558070645241611-42, id: 0.08558070645241611-43, id: 0.08558070645241611-44, id: 0.08558070645241611-45, id: 0.08558070645241611-46, id: 0.08558070645241611-47, id: 0.08558070645241611-48, id: 0.08558070645241611-49, id: 0.08558070645241611-50, id: 0.08558070645241611-51, id: 0.08558070645241611-52, id: 0.08558070645241611-53, id: 0.08558070645241611-54, id: 0.08558070645241611-55, id: 0.08558070645241611-56, id: 0.08558070645241611-57, id: 0.08558070645241611-58, id: 0.08558070645241611-59, id: 0.08558070645241611-60, id: 0.08558070645241611-61, id: 0.08558070645241611-62, id: 0.08558070645241611-63, id: 0.08558070645241611-64, id: 0.08558070645241611-65, id: 0.08558070645241611-66, id: 0.08558070645241611-67, id: 0.08558070645241611-68, id: 0.08558070645241611-69, id: 0.08558070645241611-70, id: 0.08558070645241611-71, id: 0.08558070645241611-72, id: 0.08558070645241611-73, id: 0.08558070645241611-74, id: 0.08558070645241611-75, id: 0.08558070645241611-76, id: 0.08558070645241611-77, id: 0.08558070645241611-78, id: 0.08558070645241611-79, id: 0.08558070645241611-80, id: 0.08558070645241611-81, id: 0.08558070645241611-82, id: 0.08558070645241611-83, id: 0.08558070645241611-84, id: 0.08558070645241611-85, id: 0.08558070645241611-86, id: 0.08558070645241611-87, id: 0.08558070645241611-88, id: 0.08558070645241611-89, id: 0.08558070645241611-90, id: 0.08558070645241611-91, id: 0.08558070645241611-92, id: 0.08558070645241611-93, id: 0.08558070645241611-94, id: 0.08558070645241611-95, id: 0.08558070645241611-96]
[WebDriverCommandLogger] - Executing getElementText element: By.xpath: //div[@id=&apos;c_articlelist_stories_2&apos;]/ul[1]/li/span[1]/a parameters: {&quot;id&quot;:&quot;0.08558070645241611-96&quot;}
[WebDriverCommandLogger] - command: getElementText[ param-1: By.xpath: //div[@id=&apos;c_articlelist_stories_2&apos;]/ul[1]/li/span[1]/a param-2: {&quot;id&quot;:&quot;0.08558070645241611-96&quot;}] Result: getElementText:Hemant Gavande demands committee report
[WebDriverCommandLogger] - Executing findElements parameters: {&quot;using&quot;:&quot;xpath&quot;,&quot;value&quot;:&quot;//div[@id=&apos;c_articlelist_stories_2&apos;]/ul[1]/li/span[2]/span[2]&quot;}
[WebDriverCommandLogger] - command: findElements[ param-1: {value=//div[@id=&apos;c_articlelist_stories_2&apos;]/ul[1]/li/span[2]/span[2], using=xpath}] Result: [id: 0.08558070645241611-97, id: 0.08558070645241611-98, id: 0.08558070645241611-99, id: 0.08558070645241611-100, id: 0.08558070645241611-101, id: 0.08558070645241611-102, id: 0.08558070645241611-103, id: 0.08558070645241611-104, id: 0.08558070645241611-105, id: 0.08558070645241611-106, id: 0.08558070645241611-107, id: 0.08558070645241611-108, id: 0.08558070645241611-109, id: 0.08558070645241611-110, id: 0.08558070645241611-111, id: 0.08558070645241611-112, id: 0.08558070645241611-113, id: 0.08558070645241611-114, id: 0.08558070645241611-115, id: 0.08558070645241611-116, id: 0.08558070645241611-117, id: 0.08558070645241611-118, id: 0.08558070645241611-119, id: 0.08558070645241611-120, id: 0.08558070645241611-121, id: 0.08558070645241611-122, id: 0.08558070645241611-123, id: 0.08558070645241611-124, id: 0.08558070645241611-125, id: 0.08558070645241611-126, id: 0.08558070645241611-127, id: 0.08558070645241611-128, id: 0.08558070645241611-129, id: 0.08558070645241611-130, id: 0.08558070645241611-131, id: 0.08558070645241611-132, id: 0.08558070645241611-133, id: 0.08558070645241611-134, id: 0.08558070645241611-135, id: 0.08558070645241611-136, id: 0.08558070645241611-137, id: 0.08558070645241611-138, id: 0.08558070645241611-139, id: 0.08558070645241611-140, id: 0.08558070645241611-141, id: 0.08558070645241611-142, id: 0.08558070645241611-143, id: 0.08558070645241611-144, id: 0.08558070645241611-145, id: 0.08558070645241611-146, id: 0.08558070645241611-147, id: 0.08558070645241611-148, id: 0.08558070645241611-149, id: 0.08558070645241611-150, id: 0.08558070645241611-151, id: 0.08558070645241611-152, id: 0.08558070645241611-153, id: 0.08558070645241611-154, id: 0.08558070645241611-155, id: 0.08558070645241611-156, id: 0.08558070645241611-157, id: 0.08558070645241611-158, id: 0.08558070645241611-159, id: 0.08558070645241611-160, id: 0.08558070645241611-161, id: 0.08558070645241611-162, id: 0.08558070645241611-163, id: 0.08558070645241611-164, id: 0.08558070645241611-165, id: 0.08558070645241611-166, id: 0.08558070645241611-167, id: 0.08558070645241611-168, id: 0.08558070645241611-169, id: 0.08558070645241611-170, id: 0.08558070645241611-171, id: 0.08558070645241611-172, id: 0.08558070645241611-173, id: 0.08558070645241611-174, id: 0.08558070645241611-175, id: 0.08558070645241611-176, id: 0.08558070645241611-177, id: 0.08558070645241611-178, id: 0.08558070645241611-179, id: 0.08558070645241611-180, id: 0.08558070645241611-181, id: 0.08558070645241611-182, id: 0.08558070645241611-183, id: 0.08558070645241611-184, id: 0.08558070645241611-185, id: 0.08558070645241611-186, id: 0.08558070645241611-187, id: 0.08558070645241611-188, id: 0.08558070645241611-189, id: 0.08558070645241611-190, id: 0.08558070645241611-191, id: 0.08558070645241611-192]
[WebDriverCommandLogger] - Executing getElementText element: By.xpath: //div[@id=&apos;c_articlelist_stories_2&apos;]/ul[1]/li/span[2]/span[2] parameters: {&quot;id&quot;:&quot;0.08558070645241611-192&quot;}
[WebDriverCommandLogger] - command: getElementText[ param-1: By.xpath: //div[@id=&apos;c_articlelist_stories_2&apos;]/ul[1]/li/span[2]/span[2] param-2: {&quot;id&quot;:&quot;0.08558070645241611-192&quot;}] Result: getElementText:3 DAYS AGO
[WebDriverCommandLogger] - Executing findElements parameters: {&quot;using&quot;:&quot;xpath&quot;,&quot;value&quot;:&quot;//div[@id=&apos;c_articlelist_stories_2&apos;]/ul[1]/li/span[1]/a&quot;}
[WebDriverCommandLogger] - command: findElements[ param-1: {value=//div[@id=&apos;c_articlelist_stories_2&apos;]/ul[1]/li/span[1]/a, using=xpath}] Result: [id: 0.08558070645241611-1, id: 0.08558070645241611-2, id: 0.08558070645241611-3, id: 0.08558070645241611-4, id: 0.08558070645241611-5, id: 0.08558070645241611-6, id: 0.08558070645241611-7, id: 0.08558070645241611-8, id: 0.08558070645241611-9, id: 0.08558070645241611-10, id: 0.08558070645241611-11, id: 0.08558070645241611-12, id: 0.08558070645241611-13, id: 0.08558070645241611-14, id: 0.08558070645241611-15, id: 0.08558070645241611-16, id: 0.08558070645241611-17, id: 0.08558070645241611-18, id: 0.08558070645241611-19, id: 0.08558070645241611-20, id: 0.08558070645241611-21, id: 0.08558070645241611-22, id: 0.08558070645241611-23, id: 0.08558070645241611-24, id: 0.08558070645241611-25, id: 0.08558070645241611-26, id: 0.08558070645241611-27, id: 0.08558070645241611-28, id: 0.08558070645241611-29, id: 0.08558070645241611-30, id: 0.08558070645241611-31, id: 0.08558070645241611-32, id: 0.08558070645241611-33, id: 0.08558070645241611-34, id: 0.08558070645241611-35, id: 0.08558070645241611-36, id: 0.08558070645241611-37, id: 0.08558070645241611-38, id: 0.08558070645241611-39, id: 0.08558070645241611-40, id: 0.08558070645241611-41, id: 0.08558070645241611-42, id: 0.08558070645241611-43, id: 0.08558070645241611-44, id: 0.08558070645241611-45, id: 0.08558070645241611-46, id: 0.08558070645241611-47, id: 0.08558070645241611-48, id: 0.08558070645241611-49, id: 0.08558070645241611-50, id: 0.08558070645241611-51, id: 0.08558070645241611-52, id: 0.08558070645241611-53, id: 0.08558070645241611-54, id: 0.08558070645241611-55, id: 0.08558070645241611-56, id: 0.08558070645241611-57, id: 0.08558070645241611-58, id: 0.08558070645241611-59, id: 0.08558070645241611-60, id: 0.08558070645241611-61, id: 0.08558070645241611-62, id: 0.08558070645241611-63, id: 0.08558070645241611-64, id: 0.08558070645241611-65, id: 0.08558070645241611-66, id: 0.08558070645241611-67, id: 0.08558070645241611-68, id: 0.08558070645241611-69, id: 0.08558070645241611-70, id: 0.08558070645241611-71, id: 0.08558070645241611-72, id: 0.08558070645241611-73, id: 0.08558070645241611-74, id: 0.08558070645241611-75, id: 0.08558070645241611-76, id: 0.08558070645241611-77, id: 0.08558070645241611-78, id: 0.08558070645241611-79, id: 0.08558070645241611-80, id: 0.08558070645241611-81, id: 0.08558070645241611-82, id: 0.08558070645241611-83, id: 0.08558070645241611-84, id: 0.08558070645241611-85, id: 0.08558070645241611-86, id: 0.08558070645241611-87, id: 0.08558070645241611-88, id: 0.08558070645241611-89, id: 0.08558070645241611-90, id: 0.08558070645241611-91, id: 0.08558070645241611-92, id: 0.08558070645241611-93, id: 0.08558070645241611-94, id: 0.08558070645241611-95, id: 0.08558070645241611-96]
[WebDriverCommandLogger] - Executing findElements parameters: {&quot;using&quot;:&quot;xpath&quot;,&quot;value&quot;:&quot;//div[@id=&apos;c_articlelist_stories_2&apos;]/ul[1]/li/span[2]/span[2]&quot;}
[WebDriverCommandLogger] - command: findElements[ param-1: {value=//div[@id=&apos;c_articlelist_stories_2&apos;]/ul[1]/li/span[2]/span[2], using=xpath}] Result: [id: 0.08558070645241611-97, id: 0.08558070645241611-98, id: 0.08558070645241611-99, id: 0.08558070645241611-100, id: 0.08558070645241611-101, id: 0.08558070645241611-102, id: 0.08558070645241611-103, id: 0.08558070645241611-104, id: 0.08558070645241611-105, id: 0.08558070645241611-106, id: 0.08558070645241611-107, id: 0.08558070645241611-108, id: 0.08558070645241611-109, id: 0.08558070645241611-110, id: 0.08558070645241611-111, id: 0.08558070645241611-112, id: 0.08558070645241611-113, id: 0.08558070645241611-114, id: 0.08558070645241611-115, id: 0.08558070645241611-116, id: 0.08558070645241611-117, id: 0.08558070645241611-118, id: 0.08558070645241611-119, id: 0.08558070645241611-120, id: 0.08558070645241611-121, id: 0.08558070645241611-122, id: 0.08558070645241611-123, id: 0.08558070645241611-124, id: 0.08558070645241611-125, id: 0.08558070645241611-126, id: 0.08558070645241611-127, id: 0.08558070645241611-128, id: 0.08558070645241611-129, id: 0.08558070645241611-130, id: 0.08558070645241611-131, id: 0.08558070645241611-132, id: 0.08558070645241611-133, id: 0.08558070645241611-134, id: 0.08558070645241611-135, id: 0.08558070645241611-136, id: 0.08558070645241611-137, id: 0.08558070645241611-138, id: 0.08558070645241611-139, id: 0.08558070645241611-140, id: 0.08558070645241611-141, id: 0.08558070645241611-142, id: 0.08558070645241611-143, id: 0.08558070645241611-144, id: 0.08558070645241611-145, id: 0.08558070645241611-146, id: 0.08558070645241611-147, id: 0.08558070645241611-148, id: 0.08558070645241611-149, id: 0.08558070645241611-150, id: 0.08558070645241611-151, id: 0.08558070645241611-152, id: 0.08558070645241611-153, id: 0.08558070645241611-154, id: 0.08558070645241611-155, id: 0.08558070645241611-156, id: 0.08558070645241611-157, id: 0.08558070645241611-158, id: 0.08558070645241611-159, id: 0.08558070645241611-160, id: 0.08558070645241611-161, id: 0.08558070645241611-162, id: 0.08558070645241611-163, id: 0.08558070645241611-164, id: 0.08558070645241611-165, id: 0.08558070645241611-166, id: 0.08558070645241611-167, id: 0.08558070645241611-168, id: 0.08558070645241611-169, id: 0.08558070645241611-170, id: 0.08558070645241611-171, id: 0.08558070645241611-172, id: 0.08558070645241611-173, id: 0.08558070645241611-174, id: 0.08558070645241611-175, id: 0.08558070645241611-176, id: 0.08558070645241611-177, id: 0.08558070645241611-178, id: 0.08558070645241611-179, id: 0.08558070645241611-180, id: 0.08558070645241611-181, id: 0.08558070645241611-182, id: 0.08558070645241611-183, id: 0.08558070645241611-184, id: 0.08558070645241611-185, id: 0.08558070645241611-186, id: 0.08558070645241611-187, id: 0.08558070645241611-188, id: 0.08558070645241611-189, id: 0.08558070645241611-190, id: 0.08558070645241611-191, id: 0.08558070645241611-192]
[WebDriverCommandLogger] - Executing findElements parameters: {&quot;using&quot;:&quot;xpath&quot;,&quot;value&quot;:&quot;//div[@id=&apos;c_articlelist_stories_2&apos;]/ul[1]/li/span[2]/span[2]&quot;}
[WebDriverCommandLogger] - command: findElements[ param-1: {value=//div[@id=&apos;c_articlelist_stories_2&apos;]/ul[1]/li/span[2]/span[2], using=xpath}] Result: [id: 0.08558070645241611-97, id: 0.08558070645241611-98, id: 0.08558070645241611-99, id: 0.08558070645241611-100, id: 0.08558070645241611-101, id: 0.08558070645241611-102, id: 0.08558070645241611-103, id: 0.08558070645241611-104, id: 0.08558070645241611-105, id: 0.08558070645241611-106, id: 0.08558070645241611-107, id: 0.08558070645241611-108, id: 0.08558070645241611-109, id: 0.08558070645241611-110, id: 0.08558070645241611-111, id: 0.08558070645241611-112, id: 0.08558070645241611-113, id: 0.08558070645241611-114, id: 0.08558070645241611-115, id: 0.08558070645241611-116, id: 0.08558070645241611-117, id: 0.08558070645241611-118, id: 0.08558070645241611-119, id: 0.08558070645241611-120, id: 0.08558070645241611-121, id: 0.08558070645241611-122, id: 0.08558070645241611-123, id: 0.08558070645241611-124, id: 0.08558070645241611-125, id: 0.08558070645241611-126, id: 0.08558070645241611-127, id: 0.08558070645241611-128, id: 0.08558070645241611-129, id: 0.08558070645241611-130, id: 0.08558070645241611-131, id: 0.08558070645241611-132, id: 0.08558070645241611-133, id: 0.08558070645241611-134, id: 0.08558070645241611-135, id: 0.08558070645241611-136, id: 0.08558070645241611-137, id: 0.08558070645241611-138, id: 0.08558070645241611-139, id: 0.08558070645241611-140, id: 0.08558070645241611-141, id: 0.08558070645241611-142, id: 0.08558070645241611-143, id: 0.08558070645241611-144, id: 0.08558070645241611-145, id: 0.08558070645241611-146, id: 0.08558070645241611-147, id: 0.08558070645241611-148, id: 0.08558070645241611-149, id: 0.08558070645241611-150, id: 0.08558070645241611-151, id: 0.08558070645241611-152, id: 0.08558070645241611-153, id: 0.08558070645241611-154, id: 0.08558070645241611-155, id: 0.08558070645241611-156, id: 0.08558070645241611-157, id: 0.08558070645241611-158, id: 0.08558070645241611-159, id: 0.08558070645241611-160, id: 0.08558070645241611-161, id: 0.08558070645241611-162, id: 0.08558070645241611-163, id: 0.08558070645241611-164, id: 0.08558070645241611-165, id: 0.08558070645241611-166, id: 0.08558070645241611-167, id: 0.08558070645241611-168, id: 0.08558070645241611-169, id: 0.08558070645241611-170, id: 0.08558070645241611-171, id: 0.08558070645241611-172, id: 0.08558070645241611-173, id: 0.08558070645241611-174, id: 0.08558070645241611-175, id: 0.08558070645241611-176, id: 0.08558070645241611-177, id: 0.08558070645241611-178, id: 0.08558070645241611-179, id: 0.08558070645241611-180, id: 0.08558070645241611-181, id: 0.08558070645241611-182, id: 0.08558070645241611-183, id: 0.08558070645241611-184, id: 0.08558070645241611-185, id: 0.08558070645241611-186, id: 0.08558070645241611-187, id: 0.08558070645241611-188, id: 0.08558070645241611-189, id: 0.08558070645241611-190, id: 0.08558070645241611-191, id: 0.08558070645241611-192]
[WebDriverCommandLogger] - Executing getElementText element: By.xpath: //div[@id=&apos;c_articlelist_stories_2&apos;]/ul[1]/li/span[2]/span[2] parameters: {&quot;id&quot;:&quot;0.08558070645241611-97&quot;}
[WebDriverCommandLogger] - command: getElementText[ param-1: By.xpath: //div[@id=&apos;c_articlelist_stories_2&apos;]/ul[1]/li/span[2]/span[2] param-2: {&quot;id&quot;:&quot;0.08558070645241611-97&quot;}] Result: getElementText:12 HOURS AGO
[WebDriverCommandLogger] - Executing findElements parameters: {&quot;using&quot;:&quot;xpath&quot;,&quot;value&quot;:&quot;//div[@id=&apos;c_articlelist_stories_2&apos;]/ul[1]/li/span[1]/a&quot;}
[WebDriverCommandLogger] - command: findElements[ param-1: {value=//div[@id=&apos;c_articlelist_stories_2&apos;]/ul[1]/li/span[1]/a, using=xpath}] Result: [id: 0.08558070645241611-1, id: 0.08558070645241611-2, id: 0.08558070645241611-3, id: 0.08558070645241611-4, id: 0.08558070645241611-5, id: 0.08558070645241611-6, id: 0.08558070645241611-7, id: 0.08558070645241611-8, id: 0.08558070645241611-9, id: 0.08558070645241611-10, id: 0.08558070645241611-11, id: 0.08558070645241611-12, id: 0.08558070645241611-13, id: 0.08558070645241611-14, id: 0.08558070645241611-15, id: 0.08558070645241611-16, id: 0.08558070645241611-17, id: 0.08558070645241611-18, id: 0.08558070645241611-19, id: 0.08558070645241611-20, id: 0.08558070645241611-21, id: 0.08558070645241611-22, id: 0.08558070645241611-23, id: 0.08558070645241611-24, id: 0.08558070645241611-25, id: 0.08558070645241611-26, id: 0.08558070645241611-27, id: 0.08558070645241611-28, id: 0.08558070645241611-29, id: 0.08558070645241611-30, id: 0.08558070645241611-31, id: 0.08558070645241611-32, id: 0.08558070645241611-33, id: 0.08558070645241611-34, id: 0.08558070645241611-35, id: 0.08558070645241611-36, id: 0.08558070645241611-37, id: 0.08558070645241611-38, id: 0.08558070645241611-39, id: 0.08558070645241611-40, id: 0.08558070645241611-41, id: 0.08558070645241611-42, id: 0.08558070645241611-43, id: 0.08558070645241611-44, id: 0.08558070645241611-45, id: 0.08558070645241611-46, id: 0.08558070645241611-47, id: 0.08558070645241611-48, id: 0.08558070645241611-49, id: 0.08558070645241611-50, id: 0.08558070645241611-51, id: 0.08558070645241611-52, id: 0.08558070645241611-53, id: 0.08558070645241611-54, id: 0.08558070645241611-55, id: 0.08558070645241611-56, id: 0.08558070645241611-57, id: 0.08558070645241611-58, id: 0.08558070645241611-59, id: 0.08558070645241611-60, id: 0.08558070645241611-61, id: 0.08558070645241611-62, id: 0.08558070645241611-63, id: 0.08558070645241611-64, id: 0.08558070645241611-65, id: 0.08558070645241611-66, id: 0.08558070645241611-67, id: 0.08558070645241611-68, id: 0.08558070645241611-69, id: 0.08558070645241611-70, id: 0.08558070645241611-71, id: 0.08558070645241611-72, id: 0.08558070645241611-73, id: 0.08558070645241611-74, id: 0.08558070645241611-75, id: 0.08558070645241611-76, id: 0.08558070645241611-77, id: 0.08558070645241611-78, id: 0.08558070645241611-79, id: 0.08558070645241611-80, id: 0.08558070645241611-81, id: 0.08558070645241611-82, id: 0.08558070645241611-83, id: 0.08558070645241611-84, id: 0.08558070645241611-85, id: 0.08558070645241611-86, id: 0.08558070645241611-87, id: 0.08558070645241611-88, id: 0.08558070645241611-89, id: 0.08558070645241611-90, id: 0.08558070645241611-91, id: 0.08558070645241611-92, id: 0.08558070645241611-93, id: 0.08558070645241611-94, id: 0.08558070645241611-95, id: 0.08558070645241611-96]
[WebDriverCommandLogger] - Executing getElementText element: By.xpath: //div[@id=&apos;c_articlelist_stories_2&apos;]/ul[1]/li/span[1]/a parameters: {&quot;id&quot;:&quot;0.08558070645241611-1&quot;}
[WebDriverCommandLogger] - command: getElementText[ param-1: By.xpath: //div[@id=&apos;c_articlelist_stories_2&apos;]/ul[1]/li/span[1]/a param-2: {&quot;id&quot;:&quot;0.08558070645241611-1&quot;}] Result: getElementText:Eviction miffs FTII student
[WebDriverCommandLogger] - Executing findElements parameters: {&quot;using&quot;:&quot;xpath&quot;,&quot;value&quot;:&quot;//div[@id=&apos;c_articlelist_stories_2&apos;]/ul[1]/li/span[2]/span[2]&quot;}
[WebDriverCommandLogger] - command: findElements[ param-1: {value=//div[@id=&apos;c_articlelist_stories_2&apos;]/ul[1]/li/span[2]/span[2], using=xpath}] Result: [id: 0.08558070645241611-97, id: 0.08558070645241611-98, id: 0.08558070645241611-99, id: 0.08558070645241611-100, id: 0.08558070645241611-101, id: 0.08558070645241611-102, id: 0.08558070645241611-103, id: 0.08558070645241611-104, id: 0.08558070645241611-105, id: 0.08558070645241611-106, id: 0.08558070645241611-107, id: 0.08558070645241611-108, id: 0.08558070645241611-109, id: 0.08558070645241611-110, id: 0.08558070645241611-111, id: 0.08558070645241611-112, id: 0.08558070645241611-113, id: 0.08558070645241611-114, id: 0.08558070645241611-115, id: 0.08558070645241611-116, id: 0.08558070645241611-117, id: 0.08558070645241611-118, id: 0.08558070645241611-119, id: 0.08558070645241611-120, id: 0.08558070645241611-121, id: 0.08558070645241611-122, id: 0.08558070645241611-123, id: 0.08558070645241611-124, id: 0.08558070645241611-125, id: 0.08558070645241611-126, id: 0.08558070645241611-127, id: 0.08558070645241611-128, id: 0.08558070645241611-129, id: 0.08558070645241611-130, id: 0.08558070645241611-131, id: 0.08558070645241611-132, id: 0.08558070645241611-133, id: 0.08558070645241611-134, id: 0.08558070645241611-135, id: 0.08558070645241611-136, id: 0.08558070645241611-137, id: 0.08558070645241611-138, id: 0.08558070645241611-139, id: 0.08558070645241611-140, id: 0.08558070645241611-141, id: 0.08558070645241611-142, id: 0.08558070645241611-143, id: 0.08558070645241611-144, id: 0.08558070645241611-145, id: 0.08558070645241611-146, id: 0.08558070645241611-147, id: 0.08558070645241611-148, id: 0.08558070645241611-149, id: 0.08558070645241611-150, id: 0.08558070645241611-151, id: 0.08558070645241611-152, id: 0.08558070645241611-153, id: 0.08558070645241611-154, id: 0.08558070645241611-155, id: 0.08558070645241611-156, id: 0.08558070645241611-157, id: 0.08558070645241611-158, id: 0.08558070645241611-159, id: 0.08558070645241611-160, id: 0.08558070645241611-161, id: 0.08558070645241611-162, id: 0.08558070645241611-163, id: 0.08558070645241611-164, id: 0.08558070645241611-165, id: 0.08558070645241611-166, id: 0.08558070645241611-167, id: 0.08558070645241611-168, id: 0.08558070645241611-169, id: 0.08558070645241611-170, id: 0.08558070645241611-171, id: 0.08558070645241611-172, id: 0.08558070645241611-173, id: 0.08558070645241611-174, id: 0.08558070645241611-175, id: 0.08558070645241611-176, id: 0.08558070645241611-177, id: 0.08558070645241611-178, id: 0.08558070645241611-179, id: 0.08558070645241611-180, id: 0.08558070645241611-181, id: 0.08558070645241611-182, id: 0.08558070645241611-183, id: 0.08558070645241611-184, id: 0.08558070645241611-185, id: 0.08558070645241611-186, id: 0.08558070645241611-187, id: 0.08558070645241611-188, id: 0.08558070645241611-189, id: 0.08558070645241611-190, id: 0.08558070645241611-191, id: 0.08558070645241611-192]
[WebDriverCommandLogger] - Executing findElements parameters: {&quot;using&quot;:&quot;xpath&quot;,&quot;value&quot;:&quot;//div[@id=&apos;c_articlelist_stories_2&apos;]/ul[1]/li/span[2]/span[2]&quot;}
[WebDriverCommandLogger] - command: findElements[ param-1: {value=//div[@id=&apos;c_articlelist_stories_2&apos;]/ul[1]/li/span[2]/span[2], using=xpath}] Result: [id: 0.08558070645241611-97, id: 0.08558070645241611-98, id: 0.08558070645241611-99, id: 0.08558070645241611-100, id: 0.08558070645241611-101, id: 0.08558070645241611-102, id: 0.08558070645241611-103, id: 0.08558070645241611-104, id: 0.08558070645241611-105, id: 0.08558070645241611-106, id: 0.08558070645241611-107, id: 0.08558070645241611-108, id: 0.08558070645241611-109, id: 0.08558070645241611-110, id: 0.08558070645241611-111, id: 0.08558070645241611-112, id: 0.08558070645241611-113, id: 0.08558070645241611-114, id: 0.08558070645241611-115, id: 0.08558070645241611-116, id: 0.08558070645241611-117, id: 0.08558070645241611-118, id: 0.08558070645241611-119, id: 0.08558070645241611-120, id: 0.08558070645241611-121, id: 0.08558070645241611-122, id: 0.08558070645241611-123, id: 0.08558070645241611-124, id: 0.08558070645241611-125, id: 0.08558070645241611-126, id: 0.08558070645241611-127, id: 0.08558070645241611-128, id: 0.08558070645241611-129, id: 0.08558070645241611-130, id: 0.08558070645241611-131, id: 0.08558070645241611-132, id: 0.08558070645241611-133, id: 0.08558070645241611-134, id: 0.08558070645241611-135, id: 0.08558070645241611-136, id: 0.08558070645241611-137, id: 0.08558070645241611-138, id: 0.08558070645241611-139, id: 0.08558070645241611-140, id: 0.08558070645241611-141, id: 0.08558070645241611-142, id: 0.08558070645241611-143, id: 0.08558070645241611-144, id: 0.08558070645241611-145, id: 0.08558070645241611-146, id: 0.08558070645241611-147, id: 0.08558070645241611-148, id: 0.08558070645241611-149, id: 0.08558070645241611-150, id: 0.08558070645241611-151, id: 0.08558070645241611-152, id: 0.08558070645241611-153, id: 0.08558070645241611-154, id: 0.08558070645241611-155, id: 0.08558070645241611-156, id: 0.08558070645241611-157, id: 0.08558070645241611-158, id: 0.08558070645241611-159, id: 0.08558070645241611-160, id: 0.08558070645241611-161, id: 0.08558070645241611-162, id: 0.08558070645241611-163, id: 0.08558070645241611-164, id: 0.08558070645241611-165, id: 0.08558070645241611-166, id: 0.08558070645241611-167, id: 0.08558070645241611-168, id: 0.08558070645241611-169, id: 0.08558070645241611-170, id: 0.08558070645241611-171, id: 0.08558070645241611-172, id: 0.08558070645241611-173, id: 0.08558070645241611-174, id: 0.08558070645241611-175, id: 0.08558070645241611-176, id: 0.08558070645241611-177, id: 0.08558070645241611-178, id: 0.08558070645241611-179, id: 0.08558070645241611-180, id: 0.08558070645241611-181, id: 0.08558070645241611-182, id: 0.08558070645241611-183, id: 0.08558070645241611-184, id: 0.08558070645241611-185, id: 0.08558070645241611-186, id: 0.08558070645241611-187, id: 0.08558070645241611-188, id: 0.08558070645241611-189, id: 0.08558070645241611-190, id: 0.08558070645241611-191, id: 0.08558070645241611-192]
[WebDriverCommandLogger] - Executing getElementText element: By.xpath: //div[@id=&apos;c_articlelist_stories_2&apos;]/ul[1]/li/span[2]/span[2] parameters: {&quot;id&quot;:&quot;0.08558070645241611-98&quot;}
[WebDriverCommandLogger] - command: getElementText[ param-1: By.xpath: //div[@id=&apos;c_articlelist_stories_2&apos;]/ul[1]/li/span[2]/span[2] param-2: {&quot;id&quot;:&quot;0.08558070645241611-98&quot;}] Result: getElementText:12 HOURS AGO
[WebDriverCommandLogger] - Executing findElements parameters: {&quot;using&quot;:&quot;xpath&quot;,&quot;value&quot;:&quot;//div[@id=&apos;c_articlelist_stories_2&apos;]/ul[1]/li/span[1]/a&quot;}
[WebDriverCommandLogger] - command: findElements[ param-1: {value=//div[@id=&apos;c_articlelist_stories_2&apos;]/ul[1]/li/span[1]/a, using=xpath}] Result: [id: 0.08558070645241611-1, id: 0.08558070645241611-2, id: 0.08558070645241611-3, id: 0.08558070645241611-4, id: 0.08558070645241611-5, id: 0.08558070645241611-6, id: 0.08558070645241611-7, id: 0.08558070645241611-8, id: 0.08558070645241611-9, id: 0.08558070645241611-10, id: 0.08558070645241611-11, id: 0.08558070645241611-12, id: 0.08558070645241611-13, id: 0.08558070645241611-14, id: 0.08558070645241611-15, id: 0.08558070645241611-16, id: 0.08558070645241611-17, id: 0.08558070645241611-18, id: 0.08558070645241611-19, id: 0.08558070645241611-20, id: 0.08558070645241611-21, id: 0.08558070645241611-22, id: 0.08558070645241611-23, id: 0.08558070645241611-24, id: 0.08558070645241611-25, id: 0.08558070645241611-26, id: 0.08558070645241611-27, id: 0.08558070645241611-28, id: 0.08558070645241611-29, id: 0.08558070645241611-30, id: 0.08558070645241611-31, id: 0.08558070645241611-32, id: 0.08558070645241611-33, id: 0.08558070645241611-34, id: 0.08558070645241611-35, id: 0.08558070645241611-36, id: 0.08558070645241611-37, id: 0.08558070645241611-38, id: 0.08558070645241611-39, id: 0.08558070645241611-40, id: 0.08558070645241611-41, id: 0.08558070645241611-42, id: 0.08558070645241611-43, id: 0.08558070645241611-44, id: 0.08558070645241611-45, id: 0.08558070645241611-46, id: 0.08558070645241611-47, id: 0.08558070645241611-48, id: 0.08558070645241611-49, id: 0.08558070645241611-50, id: 0.08558070645241611-51, id: 0.08558070645241611-52, id: 0.08558070645241611-53, id: 0.08558070645241611-54, id: 0.08558070645241611-55, id: 0.08558070645241611-56, id: 0.08558070645241611-57, id: 0.08558070645241611-58, id: 0.08558070645241611-59, id: 0.08558070645241611-60, id: 0.08558070645241611-61, id: 0.08558070645241611-62, id: 0.08558070645241611-63, id: 0.08558070645241611-64, id: 0.08558070645241611-65, id: 0.08558070645241611-66, id: 0.08558070645241611-67, id: 0.08558070645241611-68, id: 0.08558070645241611-69, id: 0.08558070645241611-70, id: 0.08558070645241611-71, id: 0.08558070645241611-72, id: 0.08558070645241611-73, id: 0.08558070645241611-74, id: 0.08558070645241611-75, id: 0.08558070645241611-76, id: 0.08558070645241611-77, id: 0.08558070645241611-78, id: 0.08558070645241611-79, id: 0.08558070645241611-80, id: 0.08558070645241611-81, id: 0.08558070645241611-82, id: 0.08558070645241611-83, id: 0.08558070645241611-84, id: 0.08558070645241611-85, id: 0.08558070645241611-86, id: 0.08558070645241611-87, id: 0.08558070645241611-88, id: 0.08558070645241611-89, id: 0.08558070645241611-90, id: 0.08558070645241611-91, id: 0.08558070645241611-92, id: 0.08558070645241611-93, id: 0.08558070645241611-94, id: 0.08558070645241611-95, id: 0.08558070645241611-96]
[WebDriverCommandLogger] - Executing getElementText element: By.xpath: //div[@id=&apos;c_articlelist_stories_2&apos;]/ul[1]/li/span[1]/a parameters: {&quot;id&quot;:&quot;0.08558070645241611-2&quot;}
[WebDriverCommandLogger] - command: getElementText[ param-1: By.xpath: //div[@id=&apos;c_articlelist_stories_2&apos;]/ul[1]/li/span[1]/a param-2: {&quot;id&quot;:&quot;0.08558070645241611-2&quot;}] Result: getElementText:Hyderabad model replica, Metro to be ready in 2 yrs
[WebDriverCommandLogger] - Executing findElements parameters: {&quot;using&quot;:&quot;xpath&quot;,&quot;value&quot;:&quot;//div[@id=&apos;c_articlelist_stories_2&apos;]/ul[1]/li/span[2]/span[2]&quot;}
[WebDriverCommandLogger] - command: findElements[ param-1: {value=//div[@id=&apos;c_articlelist_stories_2&apos;]/ul[1]/li/span[2]/span[2], using=xpath}] Result: [id: 0.08558070645241611-97, id: 0.08558070645241611-98, id: 0.08558070645241611-99, id: 0.08558070645241611-100, id: 0.08558070645241611-101, id: 0.08558070645241611-102, id: 0.08558070645241611-103, id: 0.08558070645241611-104, id: 0.08558070645241611-105, id: 0.08558070645241611-106, id: 0.08558070645241611-107, id: 0.08558070645241611-108, id: 0.08558070645241611-109, id: 0.08558070645241611-110, id: 0.08558070645241611-111, id: 0.08558070645241611-112, id: 0.08558070645241611-113, id: 0.08558070645241611-114, id: 0.08558070645241611-115, id: 0.08558070645241611-116, id: 0.08558070645241611-117, id: 0.08558070645241611-118, id: 0.08558070645241611-119, id: 0.08558070645241611-120, id: 0.08558070645241611-121, id: 0.08558070645241611-122, id: 0.08558070645241611-123, id: 0.08558070645241611-124, id: 0.08558070645241611-125, id: 0.08558070645241611-126, id: 0.08558070645241611-127, id: 0.08558070645241611-128, id: 0.08558070645241611-129, id: 0.08558070645241611-130, id: 0.08558070645241611-131, id: 0.08558070645241611-132, id: 0.08558070645241611-133, id: 0.08558070645241611-134, id: 0.08558070645241611-135, id: 0.08558070645241611-136, id: 0.08558070645241611-137, id: 0.08558070645241611-138, id: 0.08558070645241611-139, id: 0.08558070645241611-140, id: 0.08558070645241611-141, id: 0.08558070645241611-142, id: 0.08558070645241611-143, id: 0.08558070645241611-144, id: 0.08558070645241611-145, id: 0.08558070645241611-146, id: 0.08558070645241611-147, id: 0.08558070645241611-148, id: 0.08558070645241611-149, id: 0.08558070645241611-150, id: 0.08558070645241611-151, id: 0.08558070645241611-152, id: 0.08558070645241611-153, id: 0.08558070645241611-154, id: 0.08558070645241611-155, id: 0.08558070645241611-156, id: 0.08558070645241611-157, id: 0.08558070645241611-158, id: 0.08558070645241611-159, id: 0.08558070645241611-160, id: 0.08558070645241611-161, id: 0.08558070645241611-162, id: 0.08558070645241611-163, id: 0.08558070645241611-164, id: 0.08558070645241611-165, id: 0.08558070645241611-166, id: 0.08558070645241611-167, id: 0.08558070645241611-168, id: 0.08558070645241611-169, id: 0.08558070645241611-170, id: 0.08558070645241611-171, id: 0.08558070645241611-172, id: 0.08558070645241611-173, id: 0.08558070645241611-174, id: 0.08558070645241611-175, id: 0.08558070645241611-176, id: 0.08558070645241611-177, id: 0.08558070645241611-178, id: 0.08558070645241611-179, id: 0.08558070645241611-180, id: 0.08558070645241611-181, id: 0.08558070645241611-182, id: 0.08558070645241611-183, id: 0.08558070645241611-184, id: 0.08558070645241611-185, id: 0.08558070645241611-186, id: 0.08558070645241611-187, id: 0.08558070645241611-188, id: 0.08558070645241611-189, id: 0.08558070645241611-190, id: 0.08558070645241611-191, id: 0.08558070645241611-192]
[WebDriverCommandLogger] - Executing findElements parameters: {&quot;using&quot;:&quot;xpath&quot;,&quot;value&quot;:&quot;//div[@id=&apos;c_articlelist_stories_2&apos;]/ul[1]/li/span[2]/span[2]&quot;}
[WebDriverCommandLogger] - command: findElements[ param-1: {value=//div[@id=&apos;c_articlelist_stories_2&apos;]/ul[1]/li/span[2]/span[2], using=xpath}] Result: [id: 0.08558070645241611-97, id: 0.08558070645241611-98, id: 0.08558070645241611-99, id: 0.08558070645241611-100, id: 0.08558070645241611-101, id: 0.08558070645241611-102, id: 0.08558070645241611-103, id: 0.08558070645241611-104, id: 0.08558070645241611-105, id: 0.08558070645241611-106, id: 0.08558070645241611-107, id: 0.08558070645241611-108, id: 0.08558070645241611-109, id: 0.08558070645241611-110, id: 0.08558070645241611-111, id: 0.08558070645241611-112, id: 0.08558070645241611-113, id: 0.08558070645241611-114, id: 0.08558070645241611-115, id: 0.08558070645241611-116, id: 0.08558070645241611-117, id: 0.08558070645241611-118, id: 0.08558070645241611-119, id: 0.08558070645241611-120, id: 0.08558070645241611-121, id: 0.08558070645241611-122, id: 0.08558070645241611-123, id: 0.08558070645241611-124, id: 0.08558070645241611-125, id: 0.08558070645241611-126, id: 0.08558070645241611-127, id: 0.08558070645241611-128, id: 0.08558070645241611-129, id: 0.08558070645241611-130, id: 0.08558070645241611-131, id: 0.08558070645241611-132, id: 0.08558070645241611-133, id: 0.08558070645241611-134, id: 0.08558070645241611-135, id: 0.08558070645241611-136, id: 0.08558070645241611-137, id: 0.08558070645241611-138, id: 0.08558070645241611-139, id: 0.08558070645241611-140, id: 0.08558070645241611-141, id: 0.08558070645241611-142, id: 0.08558070645241611-143, id: 0.08558070645241611-144, id: 0.08558070645241611-145, id: 0.08558070645241611-146, id: 0.08558070645241611-147, id: 0.08558070645241611-148, id: 0.08558070645241611-149, id: 0.08558070645241611-150, id: 0.08558070645241611-151, id: 0.08558070645241611-152, id: 0.08558070645241611-153, id: 0.08558070645241611-154, id: 0.08558070645241611-155, id: 0.08558070645241611-156, id: 0.08558070645241611-157, id: 0.08558070645241611-158, id: 0.08558070645241611-159, id: 0.08558070645241611-160, id: 0.08558070645241611-161, id: 0.08558070645241611-162, id: 0.08558070645241611-163, id: 0.08558070645241611-164, id: 0.08558070645241611-165, id: 0.08558070645241611-166, id: 0.08558070645241611-167, id: 0.08558070645241611-168, id: 0.08558070645241611-169, id: 0.08558070645241611-170, id: 0.08558070645241611-171, id: 0.08558070645241611-172, id: 0.08558070645241611-173, id: 0.08558070645241611-174, id: 0.08558070645241611-175, id: 0.08558070645241611-176, id: 0.08558070645241611-177, id: 0.08558070645241611-178, id: 0.08558070645241611-179, id: 0.08558070645241611-180, id: 0.08558070645241611-181, id: 0.08558070645241611-182, id: 0.08558070645241611-183, id: 0.08558070645241611-184, id: 0.08558070645241611-185, id: 0.08558070645241611-186, id: 0.08558070645241611-187, id: 0.08558070645241611-188, id: 0.08558070645241611-189, id: 0.08558070645241611-190, id: 0.08558070645241611-191, id: 0.08558070645241611-192]
[WebDriverCommandLogger] - Executing getElementText element: By.xpath: //div[@id=&apos;c_articlelist_stories_2&apos;]/ul[1]/li/span[2]/span[2] parameters: {&quot;id&quot;:&quot;0.08558070645241611-99&quot;}
[WebDriverCommandLogger] - command: getElementText[ param-1: By.xpath: //div[@id=&apos;c_articlelist_stories_2&apos;]/ul[1]/li/span[2]/span[2] param-2: {&quot;id&quot;:&quot;0.08558070645241611-99&quot;}] Result: getElementText:12 HOURS AGO
[WebDriverCommandLogger] - Executing findElements parameters: {&quot;using&quot;:&quot;xpath&quot;,&quot;value&quot;:&quot;//div[@id=&apos;c_articlelist_stories_2&apos;]/ul[1]/li/span[1]/a&quot;}
[WebDriverCommandLogger] - command: findElements[ param-1: {value=//div[@id=&apos;c_articlelist_stories_2&apos;]/ul[1]/li/span[1]/a, using=xpath}] Result: [id: 0.08558070645241611-1, id: 0.08558070645241611-2, id: 0.08558070645241611-3, id: 0.08558070645241611-4, id: 0.08558070645241611-5, id: 0.08558070645241611-6, id: 0.08558070645241611-7, id: 0.08558070645241611-8, id: 0.08558070645241611-9, id: 0.08558070645241611-10, id: 0.08558070645241611-11, id: 0.08558070645241611-12, id: 0.08558070645241611-13, id: 0.08558070645241611-14, id: 0.08558070645241611-15, id: 0.08558070645241611-16, id: 0.08558070645241611-17, id: 0.08558070645241611-18, id: 0.08558070645241611-19, id: 0.08558070645241611-20, id: 0.08558070645241611-21, id: 0.08558070645241611-22, id: 0.08558070645241611-23, id: 0.08558070645241611-24, id: 0.08558070645241611-25, id: 0.08558070645241611-26, id: 0.08558070645241611-27, id: 0.08558070645241611-28, id: 0.08558070645241611-29, id: 0.08558070645241611-30, id: 0.08558070645241611-31, id: 0.08558070645241611-32, id: 0.08558070645241611-33, id: 0.08558070645241611-34, id: 0.08558070645241611-35, id: 0.08558070645241611-36, id: 0.08558070645241611-37, id: 0.08558070645241611-38, id: 0.08558070645241611-39, id: 0.08558070645241611-40, id: 0.08558070645241611-41, id: 0.08558070645241611-42, id: 0.08558070645241611-43, id: 0.08558070645241611-44, id: 0.08558070645241611-45, id: 0.08558070645241611-46, id: 0.08558070645241611-47, id: 0.08558070645241611-48, id: 0.08558070645241611-49, id: 0.08558070645241611-50, id: 0.08558070645241611-51, id: 0.08558070645241611-52, id: 0.08558070645241611-53, id: 0.08558070645241611-54, id: 0.08558070645241611-55, id: 0.08558070645241611-56, id: 0.08558070645241611-57, id: 0.08558070645241611-58, id: 0.08558070645241611-59, id: 0.08558070645241611-60, id: 0.08558070645241611-61, id: 0.08558070645241611-62, id: 0.08558070645241611-63, id: 0.08558070645241611-64, id: 0.08558070645241611-65, id: 0.08558070645241611-66, id: 0.08558070645241611-67, id: 0.08558070645241611-68, id: 0.08558070645241611-69, id: 0.08558070645241611-70, id: 0.08558070645241611-71, id: 0.08558070645241611-72, id: 0.08558070645241611-73, id: 0.08558070645241611-74, id: 0.08558070645241611-75, id: 0.08558070645241611-76, id: 0.08558070645241611-77, id: 0.08558070645241611-78, id: 0.08558070645241611-79, id: 0.08558070645241611-80, id: 0.08558070645241611-81, id: 0.08558070645241611-82, id: 0.08558070645241611-83, id: 0.08558070645241611-84, id: 0.08558070645241611-85, id: 0.08558070645241611-86, id: 0.08558070645241611-87, id: 0.08558070645241611-88, id: 0.08558070645241611-89, id: 0.08558070645241611-90, id: 0.08558070645241611-91, id: 0.08558070645241611-92, id: 0.08558070645241611-93, id: 0.08558070645241611-94, id: 0.08558070645241611-95, id: 0.08558070645241611-96]
[WebDriverCommandLogger] - Executing getElementText element: By.xpath: //div[@id=&apos;c_articlelist_stories_2&apos;]/ul[1]/li/span[1]/a parameters: {&quot;id&quot;:&quot;0.08558070645241611-3&quot;}
[WebDriverCommandLogger] - command: getElementText[ param-1: By.xpath: //div[@id=&apos;c_articlelist_stories_2&apos;]/ul[1]/li/span[1]/a param-2: {&quot;id&quot;:&quot;0.08558070645241611-3&quot;}] Result: getElementText:Decentralization chorus grows, BJP leaders divided
[WebDriverCommandLogger] - Executing findElements parameters: {&quot;using&quot;:&quot;xpath&quot;,&quot;value&quot;:&quot;//div[@id=&apos;c_articlelist_stories_2&apos;]/ul[1]/li/span[2]/span[2]&quot;}
[WebDriverCommandLogger] - command: findElements[ param-1: {value=//div[@id=&apos;c_articlelist_stories_2&apos;]/ul[1]/li/span[2]/span[2], using=xpath}] Result: [id: 0.08558070645241611-97, id: 0.08558070645241611-98, id: 0.08558070645241611-99, id: 0.08558070645241611-100, id: 0.08558070645241611-101, id: 0.08558070645241611-102, id: 0.08558070645241611-103, id: 0.08558070645241611-104, id: 0.08558070645241611-105, id: 0.08558070645241611-106, id: 0.08558070645241611-107, id: 0.08558070645241611-108, id: 0.08558070645241611-109, id: 0.08558070645241611-110, id: 0.08558070645241611-111, id: 0.08558070645241611-112, id: 0.08558070645241611-113, id: 0.08558070645241611-114, id: 0.08558070645241611-115, id: 0.08558070645241611-116, id: 0.08558070645241611-117, id: 0.08558070645241611-118, id: 0.08558070645241611-119, id: 0.08558070645241611-120, id: 0.08558070645241611-121, id: 0.08558070645241611-122, id: 0.08558070645241611-123, id: 0.08558070645241611-124, id: 0.08558070645241611-125, id: 0.08558070645241611-126, id: 0.08558070645241611-127, id: 0.08558070645241611-128, id: 0.08558070645241611-129, id: 0.08558070645241611-130, id: 0.08558070645241611-131, id: 0.08558070645241611-132, id: 0.08558070645241611-133, id: 0.08558070645241611-134, id: 0.08558070645241611-135, id: 0.08558070645241611-136, id: 0.08558070645241611-137, id: 0.08558070645241611-138, id: 0.08558070645241611-139, id: 0.08558070645241611-140, id: 0.08558070645241611-141, id: 0.08558070645241611-142, id: 0.08558070645241611-143, id: 0.08558070645241611-144, id: 0.08558070645241611-145, id: 0.08558070645241611-146, id: 0.08558070645241611-147, id: 0.08558070645241611-148, id: 0.08558070645241611-149, id: 0.08558070645241611-150, id: 0.08558070645241611-151, id: 0.08558070645241611-152, id: 0.08558070645241611-153, id: 0.08558070645241611-154, id: 0.08558070645241611-155, id: 0.08558070645241611-156, id: 0.08558070645241611-157, id: 0.08558070645241611-158, id: 0.08558070645241611-159, id: 0.08558070645241611-160, id: 0.08558070645241611-161, id: 0.08558070645241611-162, id: 0.08558070645241611-163, id: 0.08558070645241611-164, id: 0.08558070645241611-165, id: 0.08558070645241611-166, id: 0.08558070645241611-167, id: 0.08558070645241611-168, id: 0.08558070645241611-169, id: 0.08558070645241611-170, id: 0.08558070645241611-171, id: 0.08558070645241611-172, id: 0.08558070645241611-173, id: 0.08558070645241611-174, id: 0.08558070645241611-175, id: 0.08558070645241611-176, id: 0.08558070645241611-177, id: 0.08558070645241611-178, id: 0.08558070645241611-179, id: 0.08558070645241611-180, id: 0.08558070645241611-181, id: 0.08558070645241611-182, id: 0.08558070645241611-183, id: 0.08558070645241611-184, id: 0.08558070645241611-185, id: 0.08558070645241611-186, id: 0.08558070645241611-187, id: 0.08558070645241611-188, id: 0.08558070645241611-189, id: 0.08558070645241611-190, id: 0.08558070645241611-191, id: 0.08558070645241611-192]
[WebDriverCommandLogger] - Executing findElements parameters: {&quot;using&quot;:&quot;xpath&quot;,&quot;value&quot;:&quot;//div[@id=&apos;c_articlelist_stories_2&apos;]/ul[1]/li/span[2]/span[2]&quot;}
[WebDriverCommandLogger] - command: findElements[ param-1: {value=//div[@id=&apos;c_articlelist_stories_2&apos;]/ul[1]/li/span[2]/span[2], using=xpath}] Result: [id: 0.08558070645241611-97, id: 0.08558070645241611-98, id: 0.08558070645241611-99, id: 0.08558070645241611-100, id: 0.08558070645241611-101, id: 0.08558070645241611-102, id: 0.08558070645241611-103, id: 0.08558070645241611-104, id: 0.08558070645241611-105, id: 0.08558070645241611-106, id: 0.08558070645241611-107, id: 0.08558070645241611-108, id: 0.08558070645241611-109, id: 0.08558070645241611-110, id: 0.08558070645241611-111, id: 0.08558070645241611-112, id: 0.08558070645241611-113, id: 0.08558070645241611-114, id: 0.08558070645241611-115, id: 0.08558070645241611-116, id: 0.08558070645241611-117, id: 0.08558070645241611-118, id: 0.08558070645241611-119, id: 0.08558070645241611-120, id: 0.08558070645241611-121, id: 0.08558070645241611-122, id: 0.08558070645241611-123, id: 0.08558070645241611-124, id: 0.08558070645241611-125, id: 0.08558070645241611-126, id: 0.08558070645241611-127, id: 0.08558070645241611-128, id: 0.08558070645241611-129, id: 0.08558070645241611-130, id: 0.08558070645241611-131, id: 0.08558070645241611-132, id: 0.08558070645241611-133, id: 0.08558070645241611-134, id: 0.08558070645241611-135, id: 0.08558070645241611-136, id: 0.08558070645241611-137, id: 0.08558070645241611-138, id: 0.08558070645241611-139, id: 0.08558070645241611-140, id: 0.08558070645241611-141, id: 0.08558070645241611-142, id: 0.08558070645241611-143, id: 0.08558070645241611-144, id: 0.08558070645241611-145, id: 0.08558070645241611-146, id: 0.08558070645241611-147, id: 0.08558070645241611-148, id: 0.08558070645241611-149, id: 0.08558070645241611-150, id: 0.08558070645241611-151, id: 0.08558070645241611-152, id: 0.08558070645241611-153, id: 0.08558070645241611-154, id: 0.08558070645241611-155, id: 0.08558070645241611-156, id: 0.08558070645241611-157, id: 0.08558070645241611-158, id: 0.08558070645241611-159, id: 0.08558070645241611-160, id: 0.08558070645241611-161, id: 0.08558070645241611-162, id: 0.08558070645241611-163, id: 0.08558070645241611-164, id: 0.08558070645241611-165, id: 0.08558070645241611-166, id: 0.08558070645241611-167, id: 0.08558070645241611-168, id: 0.08558070645241611-169, id: 0.08558070645241611-170, id: 0.08558070645241611-171, id: 0.08558070645241611-172, id: 0.08558070645241611-173, id: 0.08558070645241611-174, id: 0.08558070645241611-175, id: 0.08558070645241611-176, id: 0.08558070645241611-177, id: 0.08558070645241611-178, id: 0.08558070645241611-179, id: 0.08558070645241611-180, id: 0.08558070645241611-181, id: 0.08558070645241611-182, id: 0.08558070645241611-183, id: 0.08558070645241611-184, id: 0.08558070645241611-185, id: 0.08558070645241611-186, id: 0.08558070645241611-187, id: 0.08558070645241611-188, id: 0.08558070645241611-189, id: 0.08558070645241611-190, id: 0.08558070645241611-191, id: 0.08558070645241611-192]
[WebDriverCommandLogger] - Executing getElementText element: By.xpath: //div[@id=&apos;c_articlelist_stories_2&apos;]/ul[1]/li/span[2]/span[2] parameters: {&quot;id&quot;:&quot;0.08558070645241611-100&quot;}
[WebDriverCommandLogger] - command: getElementText[ param-1: By.xpath: //div[@id=&apos;c_articlelist_stories_2&apos;]/ul[1]/li/span[2]/span[2] param-2: {&quot;id&quot;:&quot;0.08558070645241611-100&quot;}] Result: getElementText:12 HOURS AGO
[WebDriverCommandLogger] - Executing findElements parameters: {&quot;using&quot;:&quot;xpath&quot;,&quot;value&quot;:&quot;//div[@id=&apos;c_articlelist_stories_2&apos;]/ul[1]/li/span[1]/a&quot;}
[WebDriverCommandLogger] - command: findElements[ param-1: {value=//div[@id=&apos;c_articlelist_stories_2&apos;]/ul[1]/li/span[1]/a, using=xpath}] Result: [id: 0.08558070645241611-1, id: 0.08558070645241611-2, id: 0.08558070645241611-3, id: 0.08558070645241611-4, id: 0.08558070645241611-5, id: 0.08558070645241611-6, id: 0.08558070645241611-7, id: 0.08558070645241611-8, id: 0.08558070645241611-9, id: 0.08558070645241611-10, id: 0.08558070645241611-11, id: 0.08558070645241611-12, id: 0.08558070645241611-13, id: 0.08558070645241611-14, id: 0.08558070645241611-15, id: 0.08558070645241611-16, id: 0.08558070645241611-17, id: 0.08558070645241611-18, id: 0.08558070645241611-19, id: 0.08558070645241611-20, id: 0.08558070645241611-21, id: 0.08558070645241611-22, id: 0.08558070645241611-23, id: 0.08558070645241611-24, id: 0.08558070645241611-25, id: 0.08558070645241611-26, id: 0.08558070645241611-27, id: 0.08558070645241611-28, id: 0.08558070645241611-29, id: 0.08558070645241611-30, id: 0.08558070645241611-31, id: 0.08558070645241611-32, id: 0.08558070645241611-33, id: 0.08558070645241611-34, id: 0.08558070645241611-35, id: 0.08558070645241611-36, id: 0.08558070645241611-37, id: 0.08558070645241611-38, id: 0.08558070645241611-39, id: 0.08558070645241611-40, id: 0.08558070645241611-41, id: 0.08558070645241611-42, id: 0.08558070645241611-43, id: 0.08558070645241611-44, id: 0.08558070645241611-45, id: 0.08558070645241611-46, id: 0.08558070645241611-47, id: 0.08558070645241611-48, id: 0.08558070645241611-49, id: 0.08558070645241611-50, id: 0.08558070645241611-51, id: 0.08558070645241611-52, id: 0.08558070645241611-53, id: 0.08558070645241611-54, id: 0.08558070645241611-55, id: 0.08558070645241611-56, id: 0.08558070645241611-57, id: 0.08558070645241611-58, id: 0.08558070645241611-59, id: 0.08558070645241611-60, id: 0.08558070645241611-61, id: 0.08558070645241611-62, id: 0.08558070645241611-63, id: 0.08558070645241611-64, id: 0.08558070645241611-65, id: 0.08558070645241611-66, id: 0.08558070645241611-67, id: 0.08558070645241611-68, id: 0.08558070645241611-69, id: 0.08558070645241611-70, id: 0.08558070645241611-71, id: 0.08558070645241611-72, id: 0.08558070645241611-73, id: 0.08558070645241611-74, id: 0.08558070645241611-75, id: 0.08558070645241611-76, id: 0.08558070645241611-77, id: 0.08558070645241611-78, id: 0.08558070645241611-79, id: 0.08558070645241611-80, id: 0.08558070645241611-81, id: 0.08558070645241611-82, id: 0.08558070645241611-83, id: 0.08558070645241611-84, id: 0.08558070645241611-85, id: 0.08558070645241611-86, id: 0.08558070645241611-87, id: 0.08558070645241611-88, id: 0.08558070645241611-89, id: 0.08558070645241611-90, id: 0.08558070645241611-91, id: 0.08558070645241611-92, id: 0.08558070645241611-93, id: 0.08558070645241611-94, id: 0.08558070645241611-95, id: 0.08558070645241611-96]
[WebDriverCommandLogger] - Executing getElementText element: By.xpath: //div[@id=&apos;c_articlelist_stories_2&apos;]/ul[1]/li/span[1]/a parameters: {&quot;id&quot;:&quot;0.08558070645241611-4&quot;}
[WebDriverCommandLogger] - command: getElementText[ param-1: By.xpath: //div[@id=&apos;c_articlelist_stories_2&apos;]/ul[1]/li/span[1]/a param-2: {&quot;id&quot;:&quot;0.08558070645241611-4&quot;}] Result: getElementText:‘NRI’ suitor dupes woman IT professional of Rs 1.24 lakh
[WebDriverCommandLogger] - Executing findElements parameters: {&quot;using&quot;:&quot;xpath&quot;,&quot;value&quot;:&quot;//div[@id=&apos;c_articlelist_stories_2&apos;]/ul[1]/li/span[2]/span[2]&quot;}
[WebDriverCommandLogger] - command: findElements[ param-1: {value=//div[@id=&apos;c_articlelist_stories_2&apos;]/ul[1]/li/span[2]/span[2], using=xpath}] Result: [id: 0.08558070645241611-97, id: 0.08558070645241611-98, id: 0.08558070645241611-99, id: 0.08558070645241611-100, id: 0.08558070645241611-101, id: 0.08558070645241611-102, id: 0.08558070645241611-103, id: 0.08558070645241611-104, id: 0.08558070645241611-105, id: 0.08558070645241611-106, id: 0.08558070645241611-107, id: 0.08558070645241611-108, id: 0.08558070645241611-109, id: 0.08558070645241611-110, id: 0.08558070645241611-111, id: 0.08558070645241611-112, id: 0.08558070645241611-113, id: 0.08558070645241611-114, id: 0.08558070645241611-115, id: 0.08558070645241611-116, id: 0.08558070645241611-117, id: 0.08558070645241611-118, id: 0.08558070645241611-119, id: 0.08558070645241611-120, id: 0.08558070645241611-121, id: 0.08558070645241611-122, id: 0.08558070645241611-123, id: 0.08558070645241611-124, id: 0.08558070645241611-125, id: 0.08558070645241611-126, id: 0.08558070645241611-127, id: 0.08558070645241611-128, id: 0.08558070645241611-129, id: 0.08558070645241611-130, id: 0.08558070645241611-131, id: 0.08558070645241611-132, id: 0.08558070645241611-133, id: 0.08558070645241611-134, id: 0.08558070645241611-135, id: 0.08558070645241611-136, id: 0.08558070645241611-137, id: 0.08558070645241611-138, id: 0.08558070645241611-139, id: 0.08558070645241611-140, id: 0.08558070645241611-141, id: 0.08558070645241611-142, id: 0.08558070645241611-143, id: 0.08558070645241611-144, id: 0.08558070645241611-145, id: 0.08558070645241611-146, id: 0.08558070645241611-147, id: 0.08558070645241611-148, id: 0.08558070645241611-149, id: 0.08558070645241611-150, id: 0.08558070645241611-151, id: 0.08558070645241611-152, id: 0.08558070645241611-153, id: 0.08558070645241611-154, id: 0.08558070645241611-155, id: 0.08558070645241611-156, id: 0.08558070645241611-157, id: 0.08558070645241611-158, id: 0.08558070645241611-159, id: 0.08558070645241611-160, id: 0.08558070645241611-161, id: 0.08558070645241611-162, id: 0.08558070645241611-163, id: 0.08558070645241611-164, id: 0.08558070645241611-165, id: 0.08558070645241611-166, id: 0.08558070645241611-167, id: 0.08558070645241611-168, id: 0.08558070645241611-169, id: 0.08558070645241611-170, id: 0.08558070645241611-171, id: 0.08558070645241611-172, id: 0.08558070645241611-173, id: 0.08558070645241611-174, id: 0.08558070645241611-175, id: 0.08558070645241611-176, id: 0.08558070645241611-177, id: 0.08558070645241611-178, id: 0.08558070645241611-179, id: 0.08558070645241611-180, id: 0.08558070645241611-181, id: 0.08558070645241611-182, id: 0.08558070645241611-183, id: 0.08558070645241611-184, id: 0.08558070645241611-185, id: 0.08558070645241611-186, id: 0.08558070645241611-187, id: 0.08558070645241611-188, id: 0.08558070645241611-189, id: 0.08558070645241611-190, id: 0.08558070645241611-191, id: 0.08558070645241611-192]
[WebDriverCommandLogger] - Executing findElements parameters: {&quot;using&quot;:&quot;xpath&quot;,&quot;value&quot;:&quot;//div[@id=&apos;c_articlelist_stories_2&apos;]/ul[1]/li/span[2]/span[2]&quot;}
[WebDriverCommandLogger] - command: findElements[ param-1: {value=//div[@id=&apos;c_articlelist_stories_2&apos;]/ul[1]/li/span[2]/span[2], using=xpath}] Result: [id: 0.08558070645241611-97, id: 0.08558070645241611-98, id: 0.08558070645241611-99, id: 0.08558070645241611-100, id: 0.08558070645241611-101, id: 0.08558070645241611-102, id: 0.08558070645241611-103, id: 0.08558070645241611-104, id: 0.08558070645241611-105, id: 0.08558070645241611-106, id: 0.08558070645241611-107, id: 0.08558070645241611-108, id: 0.08558070645241611-109, id: 0.08558070645241611-110, id: 0.08558070645241611-111, id: 0.08558070645241611-112, id: 0.08558070645241611-113, id: 0.08558070645241611-114, id: 0.08558070645241611-115, id: 0.08558070645241611-116, id: 0.08558070645241611-117, id: 0.08558070645241611-118, id: 0.08558070645241611-119, id: 0.08558070645241611-120, id: 0.08558070645241611-121, id: 0.08558070645241611-122, id: 0.08558070645241611-123, id: 0.08558070645241611-124, id: 0.08558070645241611-125, id: 0.08558070645241611-126, id: 0.08558070645241611-127, id: 0.08558070645241611-128, id: 0.08558070645241611-129, id: 0.08558070645241611-130, id: 0.08558070645241611-131, id: 0.08558070645241611-132, id: 0.08558070645241611-133, id: 0.08558070645241611-134, id: 0.08558070645241611-135, id: 0.08558070645241611-136, id: 0.08558070645241611-137, id: 0.08558070645241611-138, id: 0.08558070645241611-139, id: 0.08558070645241611-140, id: 0.08558070645241611-141, id: 0.08558070645241611-142, id: 0.08558070645241611-143, id: 0.08558070645241611-144, id: 0.08558070645241611-145, id: 0.08558070645241611-146, id: 0.08558070645241611-147, id: 0.08558070645241611-148, id: 0.08558070645241611-149, id: 0.08558070645241611-150, id: 0.08558070645241611-151, id: 0.08558070645241611-152, id: 0.08558070645241611-153, id: 0.08558070645241611-154, id: 0.08558070645241611-155, id: 0.08558070645241611-156, id: 0.08558070645241611-157, id: 0.08558070645241611-158, id: 0.08558070645241611-159, id: 0.08558070645241611-160, id: 0.08558070645241611-161, id: 0.08558070645241611-162, id: 0.08558070645241611-163, id: 0.08558070645241611-164, id: 0.08558070645241611-165, id: 0.08558070645241611-166, id: 0.08558070645241611-167, id: 0.08558070645241611-168, id: 0.08558070645241611-169, id: 0.08558070645241611-170, id: 0.08558070645241611-171, id: 0.08558070645241611-172, id: 0.08558070645241611-173, id: 0.08558070645241611-174, id: 0.08558070645241611-175, id: 0.08558070645241611-176, id: 0.08558070645241611-177, id: 0.08558070645241611-178, id: 0.08558070645241611-179, id: 0.08558070645241611-180, id: 0.08558070645241611-181, id: 0.08558070645241611-182, id: 0.08558070645241611-183, id: 0.08558070645241611-184, id: 0.08558070645241611-185, id: 0.08558070645241611-186, id: 0.08558070645241611-187, id: 0.08558070645241611-188, id: 0.08558070645241611-189, id: 0.08558070645241611-190, id: 0.08558070645241611-191, id: 0.08558070645241611-192]
[WebDriverCommandLogger] - Executing getElementText element: By.xpath: //div[@id=&apos;c_articlelist_stories_2&apos;]/ul[1]/li/span[2]/span[2] parameters: {&quot;id&quot;:&quot;0.08558070645241611-101&quot;}
[WebDriverCommandLogger] - command: getElementText[ param-1: By.xpath: //div[@id=&apos;c_articlelist_stories_2&apos;]/ul[1]/li/span[2]/span[2] param-2: {&quot;id&quot;:&quot;0.08558070645241611-101&quot;}] Result: getElementText:12 HOURS AGO
[WebDriverCommandLogger] - Executing findElements parameters: {&quot;using&quot;:&quot;xpath&quot;,&quot;value&quot;:&quot;//div[@id=&apos;c_articlelist_stories_2&apos;]/ul[1]/li/span[1]/a&quot;}
[WebDriverCommandLogger] - command: findElements[ param-1: {value=//div[@id=&apos;c_articlelist_stories_2&apos;]/ul[1]/li/span[1]/a, using=xpath}] Result: [id: 0.08558070645241611-1, id: 0.08558070645241611-2, id: 0.08558070645241611-3, id: 0.08558070645241611-4, id: 0.08558070645241611-5, id: 0.08558070645241611-6, id: 0.08558070645241611-7, id: 0.08558070645241611-8, id: 0.08558070645241611-9, id: 0.08558070645241611-10, id: 0.08558070645241611-11, id: 0.08558070645241611-12, id: 0.08558070645241611-13, id: 0.08558070645241611-14, id: 0.08558070645241611-15, id: 0.08558070645241611-16, id: 0.08558070645241611-17, id: 0.08558070645241611-18, id: 0.08558070645241611-19, id: 0.08558070645241611-20, id: 0.08558070645241611-21, id: 0.08558070645241611-22, id: 0.08558070645241611-23, id: 0.08558070645241611-24, id: 0.08558070645241611-25, id: 0.08558070645241611-26, id: 0.08558070645241611-27, id: 0.08558070645241611-28, id: 0.08558070645241611-29, id: 0.08558070645241611-30, id: 0.08558070645241611-31, id: 0.08558070645241611-32, id: 0.08558070645241611-33, id: 0.08558070645241611-34, id: 0.08558070645241611-35, id: 0.08558070645241611-36, id: 0.08558070645241611-37, id: 0.08558070645241611-38, id: 0.08558070645241611-39, id: 0.08558070645241611-40, id: 0.08558070645241611-41, id: 0.08558070645241611-42, id: 0.08558070645241611-43, id: 0.08558070645241611-44, id: 0.08558070645241611-45, id: 0.08558070645241611-46, id: 0.08558070645241611-47, id: 0.08558070645241611-48, id: 0.08558070645241611-49, id: 0.08558070645241611-50, id: 0.08558070645241611-51, id: 0.08558070645241611-52, id: 0.08558070645241611-53, id: 0.08558070645241611-54, id: 0.08558070645241611-55, id: 0.08558070645241611-56, id: 0.08558070645241611-57, id: 0.08558070645241611-58, id: 0.08558070645241611-59, id: 0.08558070645241611-60, id: 0.08558070645241611-61, id: 0.08558070645241611-62, id: 0.08558070645241611-63, id: 0.08558070645241611-64, id: 0.08558070645241611-65, id: 0.08558070645241611-66, id: 0.08558070645241611-67, id: 0.08558070645241611-68, id: 0.08558070645241611-69, id: 0.08558070645241611-70, id: 0.08558070645241611-71, id: 0.08558070645241611-72, id: 0.08558070645241611-73, id: 0.08558070645241611-74, id: 0.08558070645241611-75, id: 0.08558070645241611-76, id: 0.08558070645241611-77, id: 0.08558070645241611-78, id: 0.08558070645241611-79, id: 0.08558070645241611-80, id: 0.08558070645241611-81, id: 0.08558070645241611-82, id: 0.08558070645241611-83, id: 0.08558070645241611-84, id: 0.08558070645241611-85, id: 0.08558070645241611-86, id: 0.08558070645241611-87, id: 0.08558070645241611-88, id: 0.08558070645241611-89, id: 0.08558070645241611-90, id: 0.08558070645241611-91, id: 0.08558070645241611-92, id: 0.08558070645241611-93, id: 0.08558070645241611-94, id: 0.08558070645241611-95, id: 0.08558070645241611-96]
[WebDriverCommandLogger] - Executing getElementText element: By.xpath: //div[@id=&apos;c_articlelist_stories_2&apos;]/ul[1]/li/span[1]/a parameters: {&quot;id&quot;:&quot;0.08558070645241611-5&quot;}
[WebDriverCommandLogger] - command: getElementText[ param-1: By.xpath: //div[@id=&apos;c_articlelist_stories_2&apos;]/ul[1]/li/span[1]/a param-2: {&quot;id&quot;:&quot;0.08558070645241611-5&quot;}] Result: getElementText:56 years later, Panshet horror still haunts many
[WebDriverCommandLogger] - Executing findElements parameters: {&quot;using&quot;:&quot;xpath&quot;,&quot;value&quot;:&quot;//div[@id=&apos;c_articlelist_stories_2&apos;]/ul[1]/li/span[2]/span[2]&quot;}
[WebDriverCommandLogger] - command: findElements[ param-1: {value=//div[@id=&apos;c_articlelist_stories_2&apos;]/ul[1]/li/span[2]/span[2], using=xpath}] Result: [id: 0.08558070645241611-97, id: 0.08558070645241611-98, id: 0.08558070645241611-99, id: 0.08558070645241611-100, id: 0.08558070645241611-101, id: 0.08558070645241611-102, id: 0.08558070645241611-103, id: 0.08558070645241611-104, id: 0.08558070645241611-105, id: 0.08558070645241611-106, id: 0.08558070645241611-107, id: 0.08558070645241611-108, id: 0.08558070645241611-109, id: 0.08558070645241611-110, id: 0.08558070645241611-111, id: 0.08558070645241611-112, id: 0.08558070645241611-113, id: 0.08558070645241611-114, id: 0.08558070645241611-115, id: 0.08558070645241611-116, id: 0.08558070645241611-117, id: 0.08558070645241611-118, id: 0.08558070645241611-119, id: 0.08558070645241611-120, id: 0.08558070645241611-121, id: 0.08558070645241611-122, id: 0.08558070645241611-123, id: 0.08558070645241611-124, id: 0.08558070645241611-125, id: 0.08558070645241611-126, id: 0.08558070645241611-127, id: 0.08558070645241611-128, id: 0.08558070645241611-129, id: 0.08558070645241611-130, id: 0.08558070645241611-131, id: 0.08558070645241611-132, id: 0.08558070645241611-133, id: 0.08558070645241611-134, id: 0.08558070645241611-135, id: 0.08558070645241611-136, id: 0.08558070645241611-137, id: 0.08558070645241611-138, id: 0.08558070645241611-139, id: 0.08558070645241611-140, id: 0.08558070645241611-141, id: 0.08558070645241611-142, id: 0.08558070645241611-143, id: 0.08558070645241611-144, id: 0.08558070645241611-145, id: 0.08558070645241611-146, id: 0.08558070645241611-147, id: 0.08558070645241611-148, id: 0.08558070645241611-149, id: 0.08558070645241611-150, id: 0.08558070645241611-151, id: 0.08558070645241611-152, id: 0.08558070645241611-153, id: 0.08558070645241611-154, id: 0.08558070645241611-155, id: 0.08558070645241611-156, id: 0.08558070645241611-157, id: 0.08558070645241611-158, id: 0.08558070645241611-159, id: 0.08558070645241611-160, id: 0.08558070645241611-161, id: 0.08558070645241611-162, id: 0.08558070645241611-163, id: 0.08558070645241611-164, id: 0.08558070645241611-165, id: 0.08558070645241611-166, id: 0.08558070645241611-167, id: 0.08558070645241611-168, id: 0.08558070645241611-169, id: 0.08558070645241611-170, id: 0.08558070645241611-171, id: 0.08558070645241611-172, id: 0.08558070645241611-173, id: 0.08558070645241611-174, id: 0.08558070645241611-175, id: 0.08558070645241611-176, id: 0.08558070645241611-177, id: 0.08558070645241611-178, id: 0.08558070645241611-179, id: 0.08558070645241611-180, id: 0.08558070645241611-181, id: 0.08558070645241611-182, id: 0.08558070645241611-183, id: 0.08558070645241611-184, id: 0.08558070645241611-185, id: 0.08558070645241611-186, id: 0.08558070645241611-187, id: 0.08558070645241611-188, id: 0.08558070645241611-189, id: 0.08558070645241611-190, id: 0.08558070645241611-191, id: 0.08558070645241611-192]
[WebDriverCommandLogger] - Executing findElements parameters: {&quot;using&quot;:&quot;xpath&quot;,&quot;value&quot;:&quot;//div[@id=&apos;c_articlelist_stories_2&apos;]/ul[1]/li/span[2]/span[2]&quot;}
[WebDriverCommandLogger] - command: findElements[ param-1: {value=//div[@id=&apos;c_articlelist_stories_2&apos;]/ul[1]/li/span[2]/span[2], using=xpath}] Result: [id: 0.08558070645241611-97, id: 0.08558070645241611-98, id: 0.08558070645241611-99, id: 0.08558070645241611-100, id: 0.08558070645241611-101, id: 0.08558070645241611-102, id: 0.08558070645241611-103, id: 0.08558070645241611-104, id: 0.08558070645241611-105, id: 0.08558070645241611-106, id: 0.08558070645241611-107, id: 0.08558070645241611-108, id: 0.08558070645241611-109, id: 0.08558070645241611-110, id: 0.08558070645241611-111, id: 0.08558070645241611-112, id: 0.08558070645241611-113, id: 0.08558070645241611-114, id: 0.08558070645241611-115, id: 0.08558070645241611-116, id: 0.08558070645241611-117, id: 0.08558070645241611-118, id: 0.08558070645241611-119, id: 0.08558070645241611-120, id: 0.08558070645241611-121, id: 0.08558070645241611-122, id: 0.08558070645241611-123, id: 0.08558070645241611-124, id: 0.08558070645241611-125, id: 0.08558070645241611-126, id: 0.08558070645241611-127, id: 0.08558070645241611-128, id: 0.08558070645241611-129, id: 0.08558070645241611-130, id: 0.08558070645241611-131, id: 0.08558070645241611-132, id: 0.08558070645241611-133, id: 0.08558070645241611-134, id: 0.08558070645241611-135, id: 0.08558070645241611-136, id: 0.08558070645241611-137, id: 0.08558070645241611-138, id: 0.08558070645241611-139, id: 0.08558070645241611-140, id: 0.08558070645241611-141, id: 0.08558070645241611-142, id: 0.08558070645241611-143, id: 0.08558070645241611-144, id: 0.08558070645241611-145, id: 0.08558070645241611-146, id: 0.08558070645241611-147, id: 0.08558070645241611-148, id: 0.08558070645241611-149, id: 0.08558070645241611-150, id: 0.08558070645241611-151, id: 0.08558070645241611-152, id: 0.08558070645241611-153, id: 0.08558070645241611-154, id: 0.08558070645241611-155, id: 0.08558070645241611-156, id: 0.08558070645241611-157, id: 0.08558070645241611-158, id: 0.08558070645241611-159, id: 0.08558070645241611-160, id: 0.08558070645241611-161, id: 0.08558070645241611-162, id: 0.08558070645241611-163, id: 0.08558070645241611-164, id: 0.08558070645241611-165, id: 0.08558070645241611-166, id: 0.08558070645241611-167, id: 0.08558070645241611-168, id: 0.08558070645241611-169, id: 0.08558070645241611-170, id: 0.08558070645241611-171, id: 0.08558070645241611-172, id: 0.08558070645241611-173, id: 0.08558070645241611-174, id: 0.08558070645241611-175, id: 0.08558070645241611-176, id: 0.08558070645241611-177, id: 0.08558070645241611-178, id: 0.08558070645241611-179, id: 0.08558070645241611-180, id: 0.08558070645241611-181, id: 0.08558070645241611-182, id: 0.08558070645241611-183, id: 0.08558070645241611-184, id: 0.08558070645241611-185, id: 0.08558070645241611-186, id: 0.08558070645241611-187, id: 0.08558070645241611-188, id: 0.08558070645241611-189, id: 0.08558070645241611-190, id: 0.08558070645241611-191, id: 0.08558070645241611-192]
[WebDriverCommandLogger] - Executing getElementText element: By.xpath: //div[@id=&apos;c_articlelist_stories_2&apos;]/ul[1]/li/span[2]/span[2] parameters: {&quot;id&quot;:&quot;0.08558070645241611-102&quot;}
[WebDriverCommandLogger] - command: getElementText[ param-1: By.xpath: //div[@id=&apos;c_articlelist_stories_2&apos;]/ul[1]/li/span[2]/span[2] param-2: {&quot;id&quot;:&quot;0.08558070645241611-102&quot;}] Result: getElementText:12 HOURS AGO
[WebDriverCommandLogger] - Executing findElements parameters: {&quot;using&quot;:&quot;xpath&quot;,&quot;value&quot;:&quot;//div[@id=&apos;c_articlelist_stories_2&apos;]/ul[1]/li/span[1]/a&quot;}
[WebDriverCommandLogger] - command: findElements[ param-1: {value=//div[@id=&apos;c_articlelist_stories_2&apos;]/ul[1]/li/span[1]/a, using=xpath}] Result: [id: 0.08558070645241611-1, id: 0.08558070645241611-2, id: 0.08558070645241611-3, id: 0.08558070645241611-4, id: 0.08558070645241611-5, id: 0.08558070645241611-6, id: 0.08558070645241611-7, id: 0.08558070645241611-8, id: 0.08558070645241611-9, id: 0.08558070645241611-10, id: 0.08558070645241611-11, id: 0.08558070645241611-12, id: 0.08558070645241611-13, id: 0.08558070645241611-14, id: 0.08558070645241611-15, id: 0.08558070645241611-16, id: 0.08558070645241611-17, id: 0.08558070645241611-18, id: 0.08558070645241611-19, id: 0.08558070645241611-20, id: 0.08558070645241611-21, id: 0.08558070645241611-22, id: 0.08558070645241611-23, id: 0.08558070645241611-24, id: 0.08558070645241611-25, id: 0.08558070645241611-26, id: 0.08558070645241611-27, id: 0.08558070645241611-28, id: 0.08558070645241611-29, id: 0.08558070645241611-30, id: 0.08558070645241611-31, id: 0.08558070645241611-32, id: 0.08558070645241611-33, id: 0.08558070645241611-34, id: 0.08558070645241611-35, id: 0.08558070645241611-36, id: 0.08558070645241611-37, id: 0.08558070645241611-38, id: 0.08558070645241611-39, id: 0.08558070645241611-40, id: 0.08558070645241611-41, id: 0.08558070645241611-42, id: 0.08558070645241611-43, id: 0.08558070645241611-44, id: 0.08558070645241611-45, id: 0.08558070645241611-46, id: 0.08558070645241611-47, id: 0.08558070645241611-48, id: 0.08558070645241611-49, id: 0.08558070645241611-50, id: 0.08558070645241611-51, id: 0.08558070645241611-52, id: 0.08558070645241611-53, id: 0.08558070645241611-54, id: 0.08558070645241611-55, id: 0.08558070645241611-56, id: 0.08558070645241611-57, id: 0.08558070645241611-58, id: 0.08558070645241611-59, id: 0.08558070645241611-60, id: 0.08558070645241611-61, id: 0.08558070645241611-62, id: 0.08558070645241611-63, id: 0.08558070645241611-64, id: 0.08558070645241611-65, id: 0.08558070645241611-66, id: 0.08558070645241611-67, id: 0.08558070645241611-68, id: 0.08558070645241611-69, id: 0.08558070645241611-70, id: 0.08558070645241611-71, id: 0.08558070645241611-72, id: 0.08558070645241611-73, id: 0.08558070645241611-74, id: 0.08558070645241611-75, id: 0.08558070645241611-76, id: 0.08558070645241611-77, id: 0.08558070645241611-78, id: 0.08558070645241611-79, id: 0.08558070645241611-80, id: 0.08558070645241611-81, id: 0.08558070645241611-82, id: 0.08558070645241611-83, id: 0.08558070645241611-84, id: 0.08558070645241611-85, id: 0.08558070645241611-86, id: 0.08558070645241611-87, id: 0.08558070645241611-88, id: 0.08558070645241611-89, id: 0.08558070645241611-90, id: 0.08558070645241611-91, id: 0.08558070645241611-92, id: 0.08558070645241611-93, id: 0.08558070645241611-94, id: 0.08558070645241611-95, id: 0.08558070645241611-96]
[WebDriverCommandLogger] - Executing getElementText element: By.xpath: //div[@id=&apos;c_articlelist_stories_2&apos;]/ul[1]/li/span[1]/a parameters: {&quot;id&quot;:&quot;0.08558070645241611-6&quot;}
[WebDriverCommandLogger] - command: getElementText[ param-1: By.xpath: //div[@id=&apos;c_articlelist_stories_2&apos;]/ul[1]/li/span[1]/a param-2: {&quot;id&quot;:&quot;0.08558070645241611-6&quot;}] Result: getElementText:Cartoonist Tendulkar, a vociferous campaigner of traffic rules, no more
[WebDriverCommandLogger] - Executing findElements parameters: {&quot;using&quot;:&quot;xpath&quot;,&quot;value&quot;:&quot;//div[@id=&apos;c_articlelist_stories_2&apos;]/ul[1]/li/span[2]/span[2]&quot;}
[WebDriverCommandLogger] - command: findElements[ param-1: {value=//div[@id=&apos;c_articlelist_stories_2&apos;]/ul[1]/li/span[2]/span[2], using=xpath}] Result: [id: 0.08558070645241611-97, id: 0.08558070645241611-98, id: 0.08558070645241611-99, id: 0.08558070645241611-100, id: 0.08558070645241611-101, id: 0.08558070645241611-102, id: 0.08558070645241611-103, id: 0.08558070645241611-104, id: 0.08558070645241611-105, id: 0.08558070645241611-106, id: 0.08558070645241611-107, id: 0.08558070645241611-108, id: 0.08558070645241611-109, id: 0.08558070645241611-110, id: 0.08558070645241611-111, id: 0.08558070645241611-112, id: 0.08558070645241611-113, id: 0.08558070645241611-114, id: 0.08558070645241611-115, id: 0.08558070645241611-116, id: 0.08558070645241611-117, id: 0.08558070645241611-118, id: 0.08558070645241611-119, id: 0.08558070645241611-120, id: 0.08558070645241611-121, id: 0.08558070645241611-122, id: 0.08558070645241611-123, id: 0.08558070645241611-124, id: 0.08558070645241611-125, id: 0.08558070645241611-126, id: 0.08558070645241611-127, id: 0.08558070645241611-128, id: 0.08558070645241611-129, id: 0.08558070645241611-130, id: 0.08558070645241611-131, id: 0.08558070645241611-132, id: 0.08558070645241611-133, id: 0.08558070645241611-134, id: 0.08558070645241611-135, id: 0.08558070645241611-136, id: 0.08558070645241611-137, id: 0.08558070645241611-138, id: 0.08558070645241611-139, id: 0.08558070645241611-140, id: 0.08558070645241611-141, id: 0.08558070645241611-142, id: 0.08558070645241611-143, id: 0.08558070645241611-144, id: 0.08558070645241611-145, id: 0.08558070645241611-146, id: 0.08558070645241611-147, id: 0.08558070645241611-148, id: 0.08558070645241611-149, id: 0.08558070645241611-150, id: 0.08558070645241611-151, id: 0.08558070645241611-152, id: 0.08558070645241611-153, id: 0.08558070645241611-154, id: 0.08558070645241611-155, id: 0.08558070645241611-156, id: 0.08558070645241611-157, id: 0.08558070645241611-158, id: 0.08558070645241611-159, id: 0.08558070645241611-160, id: 0.08558070645241611-161, id: 0.08558070645241611-162, id: 0.08558070645241611-163, id: 0.08558070645241611-164, id: 0.08558070645241611-165, id: 0.08558070645241611-166, id: 0.08558070645241611-167, id: 0.08558070645241611-168, id: 0.08558070645241611-169, id: 0.08558070645241611-170, id: 0.08558070645241611-171, id: 0.08558070645241611-172, id: 0.08558070645241611-173, id: 0.08558070645241611-174, id: 0.08558070645241611-175, id: 0.08558070645241611-176, id: 0.08558070645241611-177, id: 0.08558070645241611-178, id: 0.08558070645241611-179, id: 0.08558070645241611-180, id: 0.08558070645241611-181, id: 0.08558070645241611-182, id: 0.08558070645241611-183, id: 0.08558070645241611-184, id: 0.08558070645241611-185, id: 0.08558070645241611-186, id: 0.08558070645241611-187, id: 0.08558070645241611-188, id: 0.08558070645241611-189, id: 0.08558070645241611-190, id: 0.08558070645241611-191, id: 0.08558070645241611-192]
[WebDriverCommandLogger] - Executing findElements parameters: {&quot;using&quot;:&quot;xpath&quot;,&quot;value&quot;:&quot;//div[@id=&apos;c_articlelist_stories_2&apos;]/ul[1]/li/span[2]/span[2]&quot;}
[WebDriverCommandLogger] - command: findElements[ param-1: {value=//div[@id=&apos;c_articlelist_stories_2&apos;]/ul[1]/li/span[2]/span[2], using=xpath}] Result: [id: 0.08558070645241611-97, id: 0.08558070645241611-98, id: 0.08558070645241611-99, id: 0.08558070645241611-100, id: 0.08558070645241611-101, id: 0.08558070645241611-102, id: 0.08558070645241611-103, id: 0.08558070645241611-104, id: 0.08558070645241611-105, id: 0.08558070645241611-106, id: 0.08558070645241611-107, id: 0.08558070645241611-108, id: 0.08558070645241611-109, id: 0.08558070645241611-110, id: 0.08558070645241611-111, id: 0.08558070645241611-112, id: 0.08558070645241611-113, id: 0.08558070645241611-114, id: 0.08558070645241611-115, id: 0.08558070645241611-116, id: 0.08558070645241611-117, id: 0.08558070645241611-118, id: 0.08558070645241611-119, id: 0.08558070645241611-120, id: 0.08558070645241611-121, id: 0.08558070645241611-122, id: 0.08558070645241611-123, id: 0.08558070645241611-124, id: 0.08558070645241611-125, id: 0.08558070645241611-126, id: 0.08558070645241611-127, id: 0.08558070645241611-128, id: 0.08558070645241611-129, id: 0.08558070645241611-130, id: 0.08558070645241611-131, id: 0.08558070645241611-132, id: 0.08558070645241611-133, id: 0.08558070645241611-134, id: 0.08558070645241611-135, id: 0.08558070645241611-136, id: 0.08558070645241611-137, id: 0.08558070645241611-138, id: 0.08558070645241611-139, id: 0.08558070645241611-140, id: 0.08558070645241611-141, id: 0.08558070645241611-142, id: 0.08558070645241611-143, id: 0.08558070645241611-144, id: 0.08558070645241611-145, id: 0.08558070645241611-146, id: 0.08558070645241611-147, id: 0.08558070645241611-148, id: 0.08558070645241611-149, id: 0.08558070645241611-150, id: 0.08558070645241611-151, id: 0.08558070645241611-152, id: 0.08558070645241611-153, id: 0.08558070645241611-154, id: 0.08558070645241611-155, id: 0.08558070645241611-156, id: 0.08558070645241611-157, id: 0.08558070645241611-158, id: 0.08558070645241611-159, id: 0.08558070645241611-160, id: 0.08558070645241611-161, id: 0.08558070645241611-162, id: 0.08558070645241611-163, id: 0.08558070645241611-164, id: 0.08558070645241611-165, id: 0.08558070645241611-166, id: 0.08558070645241611-167, id: 0.08558070645241611-168, id: 0.08558070645241611-169, id: 0.08558070645241611-170, id: 0.08558070645241611-171, id: 0.08558070645241611-172, id: 0.08558070645241611-173, id: 0.08558070645241611-174, id: 0.08558070645241611-175, id: 0.08558070645241611-176, id: 0.08558070645241611-177, id: 0.08558070645241611-178, id: 0.08558070645241611-179, id: 0.08558070645241611-180, id: 0.08558070645241611-181, id: 0.08558070645241611-182, id: 0.08558070645241611-183, id: 0.08558070645241611-184, id: 0.08558070645241611-185, id: 0.08558070645241611-186, id: 0.08558070645241611-187, id: 0.08558070645241611-188, id: 0.08558070645241611-189, id: 0.08558070645241611-190, id: 0.08558070645241611-191, id: 0.08558070645241611-192]
[WebDriverCommandLogger] - Executing getElementText element: By.xpath: //div[@id=&apos;c_articlelist_stories_2&apos;]/ul[1]/li/span[2]/span[2] parameters: {&quot;id&quot;:&quot;0.08558070645241611-103&quot;}
[WebDriverCommandLogger] - command: getElementText[ param-1: By.xpath: //div[@id=&apos;c_articlelist_stories_2&apos;]/ul[1]/li/span[2]/span[2] param-2: {&quot;id&quot;:&quot;0.08558070645241611-103&quot;}] Result: getElementText:12 HOURS AGO
[WebDriverCommandLogger] - Executing findElements parameters: {&quot;using&quot;:&quot;xpath&quot;,&quot;value&quot;:&quot;//div[@id=&apos;c_articlelist_stories_2&apos;]/ul[1]/li/span[1]/a&quot;}
[WebDriverCommandLogger] - command: findElements[ param-1: {value=//div[@id=&apos;c_articlelist_stories_2&apos;]/ul[1]/li/span[1]/a, using=xpath}] Result: [id: 0.08558070645241611-1, id: 0.08558070645241611-2, id: 0.08558070645241611-3, id: 0.08558070645241611-4, id: 0.08558070645241611-5, id: 0.08558070645241611-6, id: 0.08558070645241611-7, id: 0.08558070645241611-8, id: 0.08558070645241611-9, id: 0.08558070645241611-10, id: 0.08558070645241611-11, id: 0.08558070645241611-12, id: 0.08558070645241611-13, id: 0.08558070645241611-14, id: 0.08558070645241611-15, id: 0.08558070645241611-16, id: 0.08558070645241611-17, id: 0.08558070645241611-18, id: 0.08558070645241611-19, id: 0.08558070645241611-20, id: 0.08558070645241611-21, id: 0.08558070645241611-22, id: 0.08558070645241611-23, id: 0.08558070645241611-24, id: 0.08558070645241611-25, id: 0.08558070645241611-26, id: 0.08558070645241611-27, id: 0.08558070645241611-28, id: 0.08558070645241611-29, id: 0.08558070645241611-30, id: 0.08558070645241611-31, id: 0.08558070645241611-32, id: 0.08558070645241611-33, id: 0.08558070645241611-34, id: 0.08558070645241611-35, id: 0.08558070645241611-36, id: 0.08558070645241611-37, id: 0.08558070645241611-38, id: 0.08558070645241611-39, id: 0.08558070645241611-40, id: 0.08558070645241611-41, id: 0.08558070645241611-42, id: 0.08558070645241611-43, id: 0.08558070645241611-44, id: 0.08558070645241611-45, id: 0.08558070645241611-46, id: 0.08558070645241611-47, id: 0.08558070645241611-48, id: 0.08558070645241611-49, id: 0.08558070645241611-50, id: 0.08558070645241611-51, id: 0.08558070645241611-52, id: 0.08558070645241611-53, id: 0.08558070645241611-54, id: 0.08558070645241611-55, id: 0.08558070645241611-56, id: 0.08558070645241611-57, id: 0.08558070645241611-58, id: 0.08558070645241611-59, id: 0.08558070645241611-60, id: 0.08558070645241611-61, id: 0.08558070645241611-62, id: 0.08558070645241611-63, id: 0.08558070645241611-64, id: 0.08558070645241611-65, id: 0.08558070645241611-66, id: 0.08558070645241611-67, id: 0.08558070645241611-68, id: 0.08558070645241611-69, id: 0.08558070645241611-70, id: 0.08558070645241611-71, id: 0.08558070645241611-72, id: 0.08558070645241611-73, id: 0.08558070645241611-74, id: 0.08558070645241611-75, id: 0.08558070645241611-76, id: 0.08558070645241611-77, id: 0.08558070645241611-78, id: 0.08558070645241611-79, id: 0.08558070645241611-80, id: 0.08558070645241611-81, id: 0.08558070645241611-82, id: 0.08558070645241611-83, id: 0.08558070645241611-84, id: 0.08558070645241611-85, id: 0.08558070645241611-86, id: 0.08558070645241611-87, id: 0.08558070645241611-88, id: 0.08558070645241611-89, id: 0.08558070645241611-90, id: 0.08558070645241611-91, id: 0.08558070645241611-92, id: 0.08558070645241611-93, id: 0.08558070645241611-94, id: 0.08558070645241611-95, id: 0.08558070645241611-96]
[WebDriverCommandLogger] - Executing getElementText element: By.xpath: //div[@id=&apos;c_articlelist_stories_2&apos;]/ul[1]/li/span[1]/a parameters: {&quot;id&quot;:&quot;0.08558070645241611-7&quot;}
[WebDriverCommandLogger] - command: getElementText[ param-1: By.xpath: //div[@id=&apos;c_articlelist_stories_2&apos;]/ul[1]/li/span[1]/a param-2: {&quot;id&quot;:&quot;0.08558070645241611-7&quot;}] Result: getElementText:Pune-Ahmednagar, JM roads can’t skirt Supreme Court ban on liquor
[WebDriverCommandLogger] - Executing findElements parameters: {&quot;using&quot;:&quot;xpath&quot;,&quot;value&quot;:&quot;//div[@id=&apos;c_articlelist_stories_2&apos;]/ul[1]/li/span[2]/span[2]&quot;}
[WebDriverCommandLogger] - command: findElements[ param-1: {value=//div[@id=&apos;c_articlelist_stories_2&apos;]/ul[1]/li/span[2]/span[2], using=xpath}] Result: [id: 0.08558070645241611-97, id: 0.08558070645241611-98, id: 0.08558070645241611-99, id: 0.08558070645241611-100, id: 0.08558070645241611-101, id: 0.08558070645241611-102, id: 0.08558070645241611-103, id: 0.08558070645241611-104, id: 0.08558070645241611-105, id: 0.08558070645241611-106, id: 0.08558070645241611-107, id: 0.08558070645241611-108, id: 0.08558070645241611-109, id: 0.08558070645241611-110, id: 0.08558070645241611-111, id: 0.08558070645241611-112, id: 0.08558070645241611-113, id: 0.08558070645241611-114, id: 0.08558070645241611-115, id: 0.08558070645241611-116, id: 0.08558070645241611-117, id: 0.08558070645241611-118, id: 0.08558070645241611-119, id: 0.08558070645241611-120, id: 0.08558070645241611-121, id: 0.08558070645241611-122, id: 0.08558070645241611-123, id: 0.08558070645241611-124, id: 0.08558070645241611-125, id: 0.08558070645241611-126, id: 0.08558070645241611-127, id: 0.08558070645241611-128, id: 0.08558070645241611-129, id: 0.08558070645241611-130, id: 0.08558070645241611-131, id: 0.08558070645241611-132, id: 0.08558070645241611-133, id: 0.08558070645241611-134, id: 0.08558070645241611-135, id: 0.08558070645241611-136, id: 0.08558070645241611-137, id: 0.08558070645241611-138, id: 0.08558070645241611-139, id: 0.08558070645241611-140, id: 0.08558070645241611-141, id: 0.08558070645241611-142, id: 0.08558070645241611-143, id: 0.08558070645241611-144, id: 0.08558070645241611-145, id: 0.08558070645241611-146, id: 0.08558070645241611-147, id: 0.08558070645241611-148, id: 0.08558070645241611-149, id: 0.08558070645241611-150, id: 0.08558070645241611-151, id: 0.08558070645241611-152, id: 0.08558070645241611-153, id: 0.08558070645241611-154, id: 0.08558070645241611-155, id: 0.08558070645241611-156, id: 0.08558070645241611-157, id: 0.08558070645241611-158, id: 0.08558070645241611-159, id: 0.08558070645241611-160, id: 0.08558070645241611-161, id: 0.08558070645241611-162, id: 0.08558070645241611-163, id: 0.08558070645241611-164, id: 0.08558070645241611-165, id: 0.08558070645241611-166, id: 0.08558070645241611-167, id: 0.08558070645241611-168, id: 0.08558070645241611-169, id: 0.08558070645241611-170, id: 0.08558070645241611-171, id: 0.08558070645241611-172, id: 0.08558070645241611-173, id: 0.08558070645241611-174, id: 0.08558070645241611-175, id: 0.08558070645241611-176, id: 0.08558070645241611-177, id: 0.08558070645241611-178, id: 0.08558070645241611-179, id: 0.08558070645241611-180, id: 0.08558070645241611-181, id: 0.08558070645241611-182, id: 0.08558070645241611-183, id: 0.08558070645241611-184, id: 0.08558070645241611-185, id: 0.08558070645241611-186, id: 0.08558070645241611-187, id: 0.08558070645241611-188, id: 0.08558070645241611-189, id: 0.08558070645241611-190, id: 0.08558070645241611-191, id: 0.08558070645241611-192]
[WebDriverCommandLogger] - Executing findElements parameters: {&quot;using&quot;:&quot;xpath&quot;,&quot;value&quot;:&quot;//div[@id=&apos;c_articlelist_stories_2&apos;]/ul[1]/li/span[2]/span[2]&quot;}
[WebDriverCommandLogger] - command: findElements[ param-1: {value=//div[@id=&apos;c_articlelist_stories_2&apos;]/ul[1]/li/span[2]/span[2], using=xpath}] Result: [id: 0.08558070645241611-97, id: 0.08558070645241611-98, id: 0.08558070645241611-99, id: 0.08558070645241611-100, id: 0.08558070645241611-101, id: 0.08558070645241611-102, id: 0.08558070645241611-103, id: 0.08558070645241611-104, id: 0.08558070645241611-105, id: 0.08558070645241611-106, id: 0.08558070645241611-107, id: 0.08558070645241611-108, id: 0.08558070645241611-109, id: 0.08558070645241611-110, id: 0.08558070645241611-111, id: 0.08558070645241611-112, id: 0.08558070645241611-113, id: 0.08558070645241611-114, id: 0.08558070645241611-115, id: 0.08558070645241611-116, id: 0.08558070645241611-117, id: 0.08558070645241611-118, id: 0.08558070645241611-119, id: 0.08558070645241611-120, id: 0.08558070645241611-121, id: 0.08558070645241611-122, id: 0.08558070645241611-123, id: 0.08558070645241611-124, id: 0.08558070645241611-125, id: 0.08558070645241611-126, id: 0.08558070645241611-127, id: 0.08558070645241611-128, id: 0.08558070645241611-129, id: 0.08558070645241611-130, id: 0.08558070645241611-131, id: 0.08558070645241611-132, id: 0.08558070645241611-133, id: 0.08558070645241611-134, id: 0.08558070645241611-135, id: 0.08558070645241611-136, id: 0.08558070645241611-137, id: 0.08558070645241611-138, id: 0.08558070645241611-139, id: 0.08558070645241611-140, id: 0.08558070645241611-141, id: 0.08558070645241611-142, id: 0.08558070645241611-143, id: 0.08558070645241611-144, id: 0.08558070645241611-145, id: 0.08558070645241611-146, id: 0.08558070645241611-147, id: 0.08558070645241611-148, id: 0.08558070645241611-149, id: 0.08558070645241611-150, id: 0.08558070645241611-151, id: 0.08558070645241611-152, id: 0.08558070645241611-153, id: 0.08558070645241611-154, id: 0.08558070645241611-155, id: 0.08558070645241611-156, id: 0.08558070645241611-157, id: 0.08558070645241611-158, id: 0.08558070645241611-159, id: 0.08558070645241611-160, id: 0.08558070645241611-161, id: 0.08558070645241611-162, id: 0.08558070645241611-163, id: 0.08558070645241611-164, id: 0.08558070645241611-165, id: 0.08558070645241611-166, id: 0.08558070645241611-167, id: 0.08558070645241611-168, id: 0.08558070645241611-169, id: 0.08558070645241611-170, id: 0.08558070645241611-171, id: 0.08558070645241611-172, id: 0.08558070645241611-173, id: 0.08558070645241611-174, id: 0.08558070645241611-175, id: 0.08558070645241611-176, id: 0.08558070645241611-177, id: 0.08558070645241611-178, id: 0.08558070645241611-179, id: 0.08558070645241611-180, id: 0.08558070645241611-181, id: 0.08558070645241611-182, id: 0.08558070645241611-183, id: 0.08558070645241611-184, id: 0.08558070645241611-185, id: 0.08558070645241611-186, id: 0.08558070645241611-187, id: 0.08558070645241611-188, id: 0.08558070645241611-189, id: 0.08558070645241611-190, id: 0.08558070645241611-191, id: 0.08558070645241611-192]
[WebDriverCommandLogger] - Executing getElementText element: By.xpath: //div[@id=&apos;c_articlelist_stories_2&apos;]/ul[1]/li/span[2]/span[2] parameters: {&quot;id&quot;:&quot;0.08558070645241611-104&quot;}
[WebDriverCommandLogger] - command: getElementText[ param-1: By.xpath: //div[@id=&apos;c_articlelist_stories_2&apos;]/ul[1]/li/span[2]/span[2] param-2: {&quot;id&quot;:&quot;0.08558070645241611-104&quot;}] Result: getElementText:12 HOURS AGO
[WebDriverCommandLogger] - Executing findElements parameters: {&quot;using&quot;:&quot;xpath&quot;,&quot;value&quot;:&quot;//div[@id=&apos;c_articlelist_stories_2&apos;]/ul[1]/li/span[1]/a&quot;}
[WebDriverCommandLogger] - command: findElements[ param-1: {value=//div[@id=&apos;c_articlelist_stories_2&apos;]/ul[1]/li/span[1]/a, using=xpath}] Result: [id: 0.08558070645241611-1, id: 0.08558070645241611-2, id: 0.08558070645241611-3, id: 0.08558070645241611-4, id: 0.08558070645241611-5, id: 0.08558070645241611-6, id: 0.08558070645241611-7, id: 0.08558070645241611-8, id: 0.08558070645241611-9, id: 0.08558070645241611-10, id: 0.08558070645241611-11, id: 0.08558070645241611-12, id: 0.08558070645241611-13, id: 0.08558070645241611-14, id: 0.08558070645241611-15, id: 0.08558070645241611-16, id: 0.08558070645241611-17, id: 0.08558070645241611-18, id: 0.08558070645241611-19, id: 0.08558070645241611-20, id: 0.08558070645241611-21, id: 0.08558070645241611-22, id: 0.08558070645241611-23, id: 0.08558070645241611-24, id: 0.08558070645241611-25, id: 0.08558070645241611-26, id: 0.08558070645241611-27, id: 0.08558070645241611-28, id: 0.08558070645241611-29, id: 0.08558070645241611-30, id: 0.08558070645241611-31, id: 0.08558070645241611-32, id: 0.08558070645241611-33, id: 0.08558070645241611-34, id: 0.08558070645241611-35, id: 0.08558070645241611-36, id: 0.08558070645241611-37, id: 0.08558070645241611-38, id: 0.08558070645241611-39, id: 0.08558070645241611-40, id: 0.08558070645241611-41, id: 0.08558070645241611-42, id: 0.08558070645241611-43, id: 0.08558070645241611-44, id: 0.08558070645241611-45, id: 0.08558070645241611-46, id: 0.08558070645241611-47, id: 0.08558070645241611-48, id: 0.08558070645241611-49, id: 0.08558070645241611-50, id: 0.08558070645241611-51, id: 0.08558070645241611-52, id: 0.08558070645241611-53, id: 0.08558070645241611-54, id: 0.08558070645241611-55, id: 0.08558070645241611-56, id: 0.08558070645241611-57, id: 0.08558070645241611-58, id: 0.08558070645241611-59, id: 0.08558070645241611-60, id: 0.08558070645241611-61, id: 0.08558070645241611-62, id: 0.08558070645241611-63, id: 0.08558070645241611-64, id: 0.08558070645241611-65, id: 0.08558070645241611-66, id: 0.08558070645241611-67, id: 0.08558070645241611-68, id: 0.08558070645241611-69, id: 0.08558070645241611-70, id: 0.08558070645241611-71, id: 0.08558070645241611-72, id: 0.08558070645241611-73, id: 0.08558070645241611-74, id: 0.08558070645241611-75, id: 0.08558070645241611-76, id: 0.08558070645241611-77, id: 0.08558070645241611-78, id: 0.08558070645241611-79, id: 0.08558070645241611-80, id: 0.08558070645241611-81, id: 0.08558070645241611-82, id: 0.08558070645241611-83, id: 0.08558070645241611-84, id: 0.08558070645241611-85, id: 0.08558070645241611-86, id: 0.08558070645241611-87, id: 0.08558070645241611-88, id: 0.08558070645241611-89, id: 0.08558070645241611-90, id: 0.08558070645241611-91, id: 0.08558070645241611-92, id: 0.08558070645241611-93, id: 0.08558070645241611-94, id: 0.08558070645241611-95, id: 0.08558070645241611-96]
[WebDriverCommandLogger] - Executing getElementText element: By.xpath: //div[@id=&apos;c_articlelist_stories_2&apos;]/ul[1]/li/span[1]/a parameters: {&quot;id&quot;:&quot;0.08558070645241611-8&quot;}
[WebDriverCommandLogger] - command: getElementText[ param-1: By.xpath: //div[@id=&apos;c_articlelist_stories_2&apos;]/ul[1]/li/span[1]/a param-2: {&quot;id&quot;:&quot;0.08558070645241611-8&quot;}] Result: getElementText:Students confirm their allotted seats
[WebDriverCommandLogger] - Executing findElements parameters: {&quot;using&quot;:&quot;xpath&quot;,&quot;value&quot;:&quot;//div[@id=&apos;c_articlelist_stories_2&apos;]/ul[1]/li/span[2]/span[2]&quot;}
[WebDriverCommandLogger] - command: findElements[ param-1: {value=//div[@id=&apos;c_articlelist_stories_2&apos;]/ul[1]/li/span[2]/span[2], using=xpath}] Result: [id: 0.08558070645241611-97, id: 0.08558070645241611-98, id: 0.08558070645241611-99, id: 0.08558070645241611-100, id: 0.08558070645241611-101, id: 0.08558070645241611-102, id: 0.08558070645241611-103, id: 0.08558070645241611-104, id: 0.08558070645241611-105, id: 0.08558070645241611-106, id: 0.08558070645241611-107, id: 0.08558070645241611-108, id: 0.08558070645241611-109, id: 0.08558070645241611-110, id: 0.08558070645241611-111, id: 0.08558070645241611-112, id: 0.08558070645241611-113, id: 0.08558070645241611-114, id: 0.08558070645241611-115, id: 0.08558070645241611-116, id: 0.08558070645241611-117, id: 0.08558070645241611-118, id: 0.08558070645241611-119, id: 0.08558070645241611-120, id: 0.08558070645241611-121, id: 0.08558070645241611-122, id: 0.08558070645241611-123, id: 0.08558070645241611-124, id: 0.08558070645241611-125, id: 0.08558070645241611-126, id: 0.08558070645241611-127, id: 0.08558070645241611-128, id: 0.08558070645241611-129, id: 0.08558070645241611-130, id: 0.08558070645241611-131, id: 0.08558070645241611-132, id: 0.08558070645241611-133, id: 0.08558070645241611-134, id: 0.08558070645241611-135, id: 0.08558070645241611-136, id: 0.08558070645241611-137, id: 0.08558070645241611-138, id: 0.08558070645241611-139, id: 0.08558070645241611-140, id: 0.08558070645241611-141, id: 0.08558070645241611-142, id: 0.08558070645241611-143, id: 0.08558070645241611-144, id: 0.08558070645241611-145, id: 0.08558070645241611-146, id: 0.08558070645241611-147, id: 0.08558070645241611-148, id: 0.08558070645241611-149, id: 0.08558070645241611-150, id: 0.08558070645241611-151, id: 0.08558070645241611-152, id: 0.08558070645241611-153, id: 0.08558070645241611-154, id: 0.08558070645241611-155, id: 0.08558070645241611-156, id: 0.08558070645241611-157, id: 0.08558070645241611-158, id: 0.08558070645241611-159, id: 0.08558070645241611-160, id: 0.08558070645241611-161, id: 0.08558070645241611-162, id: 0.08558070645241611-163, id: 0.08558070645241611-164, id: 0.08558070645241611-165, id: 0.08558070645241611-166, id: 0.08558070645241611-167, id: 0.08558070645241611-168, id: 0.08558070645241611-169, id: 0.08558070645241611-170, id: 0.08558070645241611-171, id: 0.08558070645241611-172, id: 0.08558070645241611-173, id: 0.08558070645241611-174, id: 0.08558070645241611-175, id: 0.08558070645241611-176, id: 0.08558070645241611-177, id: 0.08558070645241611-178, id: 0.08558070645241611-179, id: 0.08558070645241611-180, id: 0.08558070645241611-181, id: 0.08558070645241611-182, id: 0.08558070645241611-183, id: 0.08558070645241611-184, id: 0.08558070645241611-185, id: 0.08558070645241611-186, id: 0.08558070645241611-187, id: 0.08558070645241611-188, id: 0.08558070645241611-189, id: 0.08558070645241611-190, id: 0.08558070645241611-191, id: 0.08558070645241611-192]
[WebDriverCommandLogger] - Executing findElements parameters: {&quot;using&quot;:&quot;xpath&quot;,&quot;value&quot;:&quot;//div[@id=&apos;c_articlelist_stories_2&apos;]/ul[1]/li/span[2]/span[2]&quot;}
[WebDriverCommandLogger] - command: findElements[ param-1: {value=//div[@id=&apos;c_articlelist_stories_2&apos;]/ul[1]/li/span[2]/span[2], using=xpath}] Result: [id: 0.08558070645241611-97, id: 0.08558070645241611-98, id: 0.08558070645241611-99, id: 0.08558070645241611-100, id: 0.08558070645241611-101, id: 0.08558070645241611-102, id: 0.08558070645241611-103, id: 0.08558070645241611-104, id: 0.08558070645241611-105, id: 0.08558070645241611-106, id: 0.08558070645241611-107, id: 0.08558070645241611-108, id: 0.08558070645241611-109, id: 0.08558070645241611-110, id: 0.08558070645241611-111, id: 0.08558070645241611-112, id: 0.08558070645241611-113, id: 0.08558070645241611-114, id: 0.08558070645241611-115, id: 0.08558070645241611-116, id: 0.08558070645241611-117, id: 0.08558070645241611-118, id: 0.08558070645241611-119, id: 0.08558070645241611-120, id: 0.08558070645241611-121, id: 0.08558070645241611-122, id: 0.08558070645241611-123, id: 0.08558070645241611-124, id: 0.08558070645241611-125, id: 0.08558070645241611-126, id: 0.08558070645241611-127, id: 0.08558070645241611-128, id: 0.08558070645241611-129, id: 0.08558070645241611-130, id: 0.08558070645241611-131, id: 0.08558070645241611-132, id: 0.08558070645241611-133, id: 0.08558070645241611-134, id: 0.08558070645241611-135, id: 0.08558070645241611-136, id: 0.08558070645241611-137, id: 0.08558070645241611-138, id: 0.08558070645241611-139, id: 0.08558070645241611-140, id: 0.08558070645241611-141, id: 0.08558070645241611-142, id: 0.08558070645241611-143, id: 0.08558070645241611-144, id: 0.08558070645241611-145, id: 0.08558070645241611-146, id: 0.08558070645241611-147, id: 0.08558070645241611-148, id: 0.08558070645241611-149, id: 0.08558070645241611-150, id: 0.08558070645241611-151, id: 0.08558070645241611-152, id: 0.08558070645241611-153, id: 0.08558070645241611-154, id: 0.08558070645241611-155, id: 0.08558070645241611-156, id: 0.08558070645241611-157, id: 0.08558070645241611-158, id: 0.08558070645241611-159, id: 0.08558070645241611-160, id: 0.08558070645241611-161, id: 0.08558070645241611-162, id: 0.08558070645241611-163, id: 0.08558070645241611-164, id: 0.08558070645241611-165, id: 0.08558070645241611-166, id: 0.08558070645241611-167, id: 0.08558070645241611-168, id: 0.08558070645241611-169, id: 0.08558070645241611-170, id: 0.08558070645241611-171, id: 0.08558070645241611-172, id: 0.08558070645241611-173, id: 0.08558070645241611-174, id: 0.08558070645241611-175, id: 0.08558070645241611-176, id: 0.08558070645241611-177, id: 0.08558070645241611-178, id: 0.08558070645241611-179, id: 0.08558070645241611-180, id: 0.08558070645241611-181, id: 0.08558070645241611-182, id: 0.08558070645241611-183, id: 0.08558070645241611-184, id: 0.08558070645241611-185, id: 0.08558070645241611-186, id: 0.08558070645241611-187, id: 0.08558070645241611-188, id: 0.08558070645241611-189, id: 0.08558070645241611-190, id: 0.08558070645241611-191, id: 0.08558070645241611-192]
[WebDriverCommandLogger] - Executing getElementText element: By.xpath: //div[@id=&apos;c_articlelist_stories_2&apos;]/ul[1]/li/span[2]/span[2] parameters: {&quot;id&quot;:&quot;0.08558070645241611-105&quot;}
[WebDriverCommandLogger] - command: getElementText[ param-1: By.xpath: //div[@id=&apos;c_articlelist_stories_2&apos;]/ul[1]/li/span[2]/span[2] param-2: {&quot;id&quot;:&quot;0.08558070645241611-105&quot;}] Result: getElementText:12 HOURS AGO
[WebDriverCommandLogger] - Executing findElements parameters: {&quot;using&quot;:&quot;xpath&quot;,&quot;value&quot;:&quot;//div[@id=&apos;c_articlelist_stories_2&apos;]/ul[1]/li/span[1]/a&quot;}
[WebDriverCommandLogger] - command: findElements[ param-1: {value=//div[@id=&apos;c_articlelist_stories_2&apos;]/ul[1]/li/span[1]/a, using=xpath}] Result: [id: 0.08558070645241611-1, id: 0.08558070645241611-2, id: 0.08558070645241611-3, id: 0.08558070645241611-4, id: 0.08558070645241611-5, id: 0.08558070645241611-6, id: 0.08558070645241611-7, id: 0.08558070645241611-8, id: 0.08558070645241611-9, id: 0.08558070645241611-10, id: 0.08558070645241611-11, id: 0.08558070645241611-12, id: 0.08558070645241611-13, id: 0.08558070645241611-14, id: 0.08558070645241611-15, id: 0.08558070645241611-16, id: 0.08558070645241611-17, id: 0.08558070645241611-18, id: 0.08558070645241611-19, id: 0.08558070645241611-20, id: 0.08558070645241611-21, id: 0.08558070645241611-22, id: 0.08558070645241611-23, id: 0.08558070645241611-24, id: 0.08558070645241611-25, id: 0.08558070645241611-26, id: 0.08558070645241611-27, id: 0.08558070645241611-28, id: 0.08558070645241611-29, id: 0.08558070645241611-30, id: 0.08558070645241611-31, id: 0.08558070645241611-32, id: 0.08558070645241611-33, id: 0.08558070645241611-34, id: 0.08558070645241611-35, id: 0.08558070645241611-36, id: 0.08558070645241611-37, id: 0.08558070645241611-38, id: 0.08558070645241611-39, id: 0.08558070645241611-40, id: 0.08558070645241611-41, id: 0.08558070645241611-42, id: 0.08558070645241611-43, id: 0.08558070645241611-44, id: 0.08558070645241611-45, id: 0.08558070645241611-46, id: 0.08558070645241611-47, id: 0.08558070645241611-48, id: 0.08558070645241611-49, id: 0.08558070645241611-50, id: 0.08558070645241611-51, id: 0.08558070645241611-52, id: 0.08558070645241611-53, id: 0.08558070645241611-54, id: 0.08558070645241611-55, id: 0.08558070645241611-56, id: 0.08558070645241611-57, id: 0.08558070645241611-58, id: 0.08558070645241611-59, id: 0.08558070645241611-60, id: 0.08558070645241611-61, id: 0.08558070645241611-62, id: 0.08558070645241611-63, id: 0.08558070645241611-64, id: 0.08558070645241611-65, id: 0.08558070645241611-66, id: 0.08558070645241611-67, id: 0.08558070645241611-68, id: 0.08558070645241611-69, id: 0.08558070645241611-70, id: 0.08558070645241611-71, id: 0.08558070645241611-72, id: 0.08558070645241611-73, id: 0.08558070645241611-74, id: 0.08558070645241611-75, id: 0.08558070645241611-76, id: 0.08558070645241611-77, id: 0.08558070645241611-78, id: 0.08558070645241611-79, id: 0.08558070645241611-80, id: 0.08558070645241611-81, id: 0.08558070645241611-82, id: 0.08558070645241611-83, id: 0.08558070645241611-84, id: 0.08558070645241611-85, id: 0.08558070645241611-86, id: 0.08558070645241611-87, id: 0.08558070645241611-88, id: 0.08558070645241611-89, id: 0.08558070645241611-90, id: 0.08558070645241611-91, id: 0.08558070645241611-92, id: 0.08558070645241611-93, id: 0.08558070645241611-94, id: 0.08558070645241611-95, id: 0.08558070645241611-96]
[WebDriverCommandLogger] - Executing getElementText element: By.xpath: //div[@id=&apos;c_articlelist_stories_2&apos;]/ul[1]/li/span[1]/a parameters: {&quot;id&quot;:&quot;0.08558070645241611-9&quot;}
[WebDriverCommandLogger] - command: getElementText[ param-1: By.xpath: //div[@id=&apos;c_articlelist_stories_2&apos;]/ul[1]/li/span[1]/a param-2: {&quot;id&quot;:&quot;0.08558070645241611-9&quot;}] Result: getElementText:Cops probe forged building plan for housing project in Lohegaon village
[WebDriverCommandLogger] - Executing findElements parameters: {&quot;using&quot;:&quot;xpath&quot;,&quot;value&quot;:&quot;//div[@id=&apos;c_articlelist_stories_2&apos;]/ul[1]/li/span[2]/span[2]&quot;}
[WebDriverCommandLogger] - command: findElements[ param-1: {value=//div[@id=&apos;c_articlelist_stories_2&apos;]/ul[1]/li/span[2]/span[2], using=xpath}] Result: [id: 0.08558070645241611-97, id: 0.08558070645241611-98, id: 0.08558070645241611-99, id: 0.08558070645241611-100, id: 0.08558070645241611-101, id: 0.08558070645241611-102, id: 0.08558070645241611-103, id: 0.08558070645241611-104, id: 0.08558070645241611-105, id: 0.08558070645241611-106, id: 0.08558070645241611-107, id: 0.08558070645241611-108, id: 0.08558070645241611-109, id: 0.08558070645241611-110, id: 0.08558070645241611-111, id: 0.08558070645241611-112, id: 0.08558070645241611-113, id: 0.08558070645241611-114, id: 0.08558070645241611-115, id: 0.08558070645241611-116, id: 0.08558070645241611-117, id: 0.08558070645241611-118, id: 0.08558070645241611-119, id: 0.08558070645241611-120, id: 0.08558070645241611-121, id: 0.08558070645241611-122, id: 0.08558070645241611-123, id: 0.08558070645241611-124, id: 0.08558070645241611-125, id: 0.08558070645241611-126, id: 0.08558070645241611-127, id: 0.08558070645241611-128, id: 0.08558070645241611-129, id: 0.08558070645241611-130, id: 0.08558070645241611-131, id: 0.08558070645241611-132, id: 0.08558070645241611-133, id: 0.08558070645241611-134, id: 0.08558070645241611-135, id: 0.08558070645241611-136, id: 0.08558070645241611-137, id: 0.08558070645241611-138, id: 0.08558070645241611-139, id: 0.08558070645241611-140, id: 0.08558070645241611-141, id: 0.08558070645241611-142, id: 0.08558070645241611-143, id: 0.08558070645241611-144, id: 0.08558070645241611-145, id: 0.08558070645241611-146, id: 0.08558070645241611-147, id: 0.08558070645241611-148, id: 0.08558070645241611-149, id: 0.08558070645241611-150, id: 0.08558070645241611-151, id: 0.08558070645241611-152, id: 0.08558070645241611-153, id: 0.08558070645241611-154, id: 0.08558070645241611-155, id: 0.08558070645241611-156, id: 0.08558070645241611-157, id: 0.08558070645241611-158, id: 0.08558070645241611-159, id: 0.08558070645241611-160, id: 0.08558070645241611-161, id: 0.08558070645241611-162, id: 0.08558070645241611-163, id: 0.08558070645241611-164, id: 0.08558070645241611-165, id: 0.08558070645241611-166, id: 0.08558070645241611-167, id: 0.08558070645241611-168, id: 0.08558070645241611-169, id: 0.08558070645241611-170, id: 0.08558070645241611-171, id: 0.08558070645241611-172, id: 0.08558070645241611-173, id: 0.08558070645241611-174, id: 0.08558070645241611-175, id: 0.08558070645241611-176, id: 0.08558070645241611-177, id: 0.08558070645241611-178, id: 0.08558070645241611-179, id: 0.08558070645241611-180, id: 0.08558070645241611-181, id: 0.08558070645241611-182, id: 0.08558070645241611-183, id: 0.08558070645241611-184, id: 0.08558070645241611-185, id: 0.08558070645241611-186, id: 0.08558070645241611-187, id: 0.08558070645241611-188, id: 0.08558070645241611-189, id: 0.08558070645241611-190, id: 0.08558070645241611-191, id: 0.08558070645241611-192]
[WebDriverCommandLogger] - Executing findElements parameters: {&quot;using&quot;:&quot;xpath&quot;,&quot;value&quot;:&quot;//div[@id=&apos;c_articlelist_stories_2&apos;]/ul[1]/li/span[2]/span[2]&quot;}
[WebDriverCommandLogger] - command: findElements[ param-1: {value=//div[@id=&apos;c_articlelist_stories_2&apos;]/ul[1]/li/span[2]/span[2], using=xpath}] Result: [id: 0.08558070645241611-97, id: 0.08558070645241611-98, id: 0.08558070645241611-99, id: 0.08558070645241611-100, id: 0.08558070645241611-101, id: 0.08558070645241611-102, id: 0.08558070645241611-103, id: 0.08558070645241611-104, id: 0.08558070645241611-105, id: 0.08558070645241611-106, id: 0.08558070645241611-107, id: 0.08558070645241611-108, id: 0.08558070645241611-109, id: 0.08558070645241611-110, id: 0.08558070645241611-111, id: 0.08558070645241611-112, id: 0.08558070645241611-113, id: 0.08558070645241611-114, id: 0.08558070645241611-115, id: 0.08558070645241611-116, id: 0.08558070645241611-117, id: 0.08558070645241611-118, id: 0.08558070645241611-119, id: 0.08558070645241611-120, id: 0.08558070645241611-121, id: 0.08558070645241611-122, id: 0.08558070645241611-123, id: 0.08558070645241611-124, id: 0.08558070645241611-125, id: 0.08558070645241611-126, id: 0.08558070645241611-127, id: 0.08558070645241611-128, id: 0.08558070645241611-129, id: 0.08558070645241611-130, id: 0.08558070645241611-131, id: 0.08558070645241611-132, id: 0.08558070645241611-133, id: 0.08558070645241611-134, id: 0.08558070645241611-135, id: 0.08558070645241611-136, id: 0.08558070645241611-137, id: 0.08558070645241611-138, id: 0.08558070645241611-139, id: 0.08558070645241611-140, id: 0.08558070645241611-141, id: 0.08558070645241611-142, id: 0.08558070645241611-143, id: 0.08558070645241611-144, id: 0.08558070645241611-145, id: 0.08558070645241611-146, id: 0.08558070645241611-147, id: 0.08558070645241611-148, id: 0.08558070645241611-149, id: 0.08558070645241611-150, id: 0.08558070645241611-151, id: 0.08558070645241611-152, id: 0.08558070645241611-153, id: 0.08558070645241611-154, id: 0.08558070645241611-155, id: 0.08558070645241611-156, id: 0.08558070645241611-157, id: 0.08558070645241611-158, id: 0.08558070645241611-159, id: 0.08558070645241611-160, id: 0.08558070645241611-161, id: 0.08558070645241611-162, id: 0.08558070645241611-163, id: 0.08558070645241611-164, id: 0.08558070645241611-165, id: 0.08558070645241611-166, id: 0.08558070645241611-167, id: 0.08558070645241611-168, id: 0.08558070645241611-169, id: 0.08558070645241611-170, id: 0.08558070645241611-171, id: 0.08558070645241611-172, id: 0.08558070645241611-173, id: 0.08558070645241611-174, id: 0.08558070645241611-175, id: 0.08558070645241611-176, id: 0.08558070645241611-177, id: 0.08558070645241611-178, id: 0.08558070645241611-179, id: 0.08558070645241611-180, id: 0.08558070645241611-181, id: 0.08558070645241611-182, id: 0.08558070645241611-183, id: 0.08558070645241611-184, id: 0.08558070645241611-185, id: 0.08558070645241611-186, id: 0.08558070645241611-187, id: 0.08558070645241611-188, id: 0.08558070645241611-189, id: 0.08558070645241611-190, id: 0.08558070645241611-191, id: 0.08558070645241611-192]
[WebDriverCommandLogger] - Executing getElementText element: By.xpath: //div[@id=&apos;c_articlelist_stories_2&apos;]/ul[1]/li/span[2]/span[2] parameters: {&quot;id&quot;:&quot;0.08558070645241611-106&quot;}
[WebDriverCommandLogger] - command: getElementText[ param-1: By.xpath: //div[@id=&apos;c_articlelist_stories_2&apos;]/ul[1]/li/span[2]/span[2] param-2: {&quot;id&quot;:&quot;0.08558070645241611-106&quot;}] Result: getElementText:12 HOURS AGO
[WebDriverCommandLogger] - Executing findElements parameters: {&quot;using&quot;:&quot;xpath&quot;,&quot;value&quot;:&quot;//div[@id=&apos;c_articlelist_stories_2&apos;]/ul[1]/li/span[1]/a&quot;}
[WebDriverCommandLogger] - command: findElements[ param-1: {value=//div[@id=&apos;c_articlelist_stories_2&apos;]/ul[1]/li/span[1]/a, using=xpath}] Result: [id: 0.08558070645241611-1, id: 0.08558070645241611-2, id: 0.08558070645241611-3, id: 0.08558070645241611-4, id: 0.08558070645241611-5, id: 0.08558070645241611-6, id: 0.08558070645241611-7, id: 0.08558070645241611-8, id: 0.08558070645241611-9, id: 0.08558070645241611-10, id: 0.08558070645241611-11, id: 0.08558070645241611-12, id: 0.08558070645241611-13, id: 0.08558070645241611-14, id: 0.08558070645241611-15, id: 0.08558070645241611-16, id: 0.08558070645241611-17, id: 0.08558070645241611-18, id: 0.08558070645241611-19, id: 0.08558070645241611-20, id: 0.08558070645241611-21, id: 0.08558070645241611-22, id: 0.08558070645241611-23, id: 0.08558070645241611-24, id: 0.08558070645241611-25, id: 0.08558070645241611-26, id: 0.08558070645241611-27, id: 0.08558070645241611-28, id: 0.08558070645241611-29, id: 0.08558070645241611-30, id: 0.08558070645241611-31, id: 0.08558070645241611-32, id: 0.08558070645241611-33, id: 0.08558070645241611-34, id: 0.08558070645241611-35, id: 0.08558070645241611-36, id: 0.08558070645241611-37, id: 0.08558070645241611-38, id: 0.08558070645241611-39, id: 0.08558070645241611-40, id: 0.08558070645241611-41, id: 0.08558070645241611-42, id: 0.08558070645241611-43, id: 0.08558070645241611-44, id: 0.08558070645241611-45, id: 0.08558070645241611-46, id: 0.08558070645241611-47, id: 0.08558070645241611-48, id: 0.08558070645241611-49, id: 0.08558070645241611-50, id: 0.08558070645241611-51, id: 0.08558070645241611-52, id: 0.08558070645241611-53, id: 0.08558070645241611-54, id: 0.08558070645241611-55, id: 0.08558070645241611-56, id: 0.08558070645241611-57, id: 0.08558070645241611-58, id: 0.08558070645241611-59, id: 0.08558070645241611-60, id: 0.08558070645241611-61, id: 0.08558070645241611-62, id: 0.08558070645241611-63, id: 0.08558070645241611-64, id: 0.08558070645241611-65, id: 0.08558070645241611-66, id: 0.08558070645241611-67, id: 0.08558070645241611-68, id: 0.08558070645241611-69, id: 0.08558070645241611-70, id: 0.08558070645241611-71, id: 0.08558070645241611-72, id: 0.08558070645241611-73, id: 0.08558070645241611-74, id: 0.08558070645241611-75, id: 0.08558070645241611-76, id: 0.08558070645241611-77, id: 0.08558070645241611-78, id: 0.08558070645241611-79, id: 0.08558070645241611-80, id: 0.08558070645241611-81, id: 0.08558070645241611-82, id: 0.08558070645241611-83, id: 0.08558070645241611-84, id: 0.08558070645241611-85, id: 0.08558070645241611-86, id: 0.08558070645241611-87, id: 0.08558070645241611-88, id: 0.08558070645241611-89, id: 0.08558070645241611-90, id: 0.08558070645241611-91, id: 0.08558070645241611-92, id: 0.08558070645241611-93, id: 0.08558070645241611-94, id: 0.08558070645241611-95, id: 0.08558070645241611-96]
[WebDriverCommandLogger] - Executing getElementText element: By.xpath: //div[@id=&apos;c_articlelist_stories_2&apos;]/ul[1]/li/span[1]/a parameters: {&quot;id&quot;:&quot;0.08558070645241611-10&quot;}
[WebDriverCommandLogger] - command: getElementText[ param-1: By.xpath: //div[@id=&apos;c_articlelist_stories_2&apos;]/ul[1]/li/span[1]/a param-2: {&quot;id&quot;:&quot;0.08558070645241611-10&quot;}] Result: getElementText:Commerce cut-off up, drops in science &amp; steady for arts
[WebDriverCommandLogger] - Executing findElements parameters: {&quot;using&quot;:&quot;xpath&quot;,&quot;value&quot;:&quot;//div[@id=&apos;c_articlelist_stories_2&apos;]/ul[1]/li/span[2]/span[2]&quot;}
[WebDriverCommandLogger] - command: findElements[ param-1: {value=//div[@id=&apos;c_articlelist_stories_2&apos;]/ul[1]/li/span[2]/span[2], using=xpath}] Result: [id: 0.08558070645241611-97, id: 0.08558070645241611-98, id: 0.08558070645241611-99, id: 0.08558070645241611-100, id: 0.08558070645241611-101, id: 0.08558070645241611-102, id: 0.08558070645241611-103, id: 0.08558070645241611-104, id: 0.08558070645241611-105, id: 0.08558070645241611-106, id: 0.08558070645241611-107, id: 0.08558070645241611-108, id: 0.08558070645241611-109, id: 0.08558070645241611-110, id: 0.08558070645241611-111, id: 0.08558070645241611-112, id: 0.08558070645241611-113, id: 0.08558070645241611-114, id: 0.08558070645241611-115, id: 0.08558070645241611-116, id: 0.08558070645241611-117, id: 0.08558070645241611-118, id: 0.08558070645241611-119, id: 0.08558070645241611-120, id: 0.08558070645241611-121, id: 0.08558070645241611-122, id: 0.08558070645241611-123, id: 0.08558070645241611-124, id: 0.08558070645241611-125, id: 0.08558070645241611-126, id: 0.08558070645241611-127, id: 0.08558070645241611-128, id: 0.08558070645241611-129, id: 0.08558070645241611-130, id: 0.08558070645241611-131, id: 0.08558070645241611-132, id: 0.08558070645241611-133, id: 0.08558070645241611-134, id: 0.08558070645241611-135, id: 0.08558070645241611-136, id: 0.08558070645241611-137, id: 0.08558070645241611-138, id: 0.08558070645241611-139, id: 0.08558070645241611-140, id: 0.08558070645241611-141, id: 0.08558070645241611-142, id: 0.08558070645241611-143, id: 0.08558070645241611-144, id: 0.08558070645241611-145, id: 0.08558070645241611-146, id: 0.08558070645241611-147, id: 0.08558070645241611-148, id: 0.08558070645241611-149, id: 0.08558070645241611-150, id: 0.08558070645241611-151, id: 0.08558070645241611-152, id: 0.08558070645241611-153, id: 0.08558070645241611-154, id: 0.08558070645241611-155, id: 0.08558070645241611-156, id: 0.08558070645241611-157, id: 0.08558070645241611-158, id: 0.08558070645241611-159, id: 0.08558070645241611-160, id: 0.08558070645241611-161, id: 0.08558070645241611-162, id: 0.08558070645241611-163, id: 0.08558070645241611-164, id: 0.08558070645241611-165, id: 0.08558070645241611-166, id: 0.08558070645241611-167, id: 0.08558070645241611-168, id: 0.08558070645241611-169, id: 0.08558070645241611-170, id: 0.08558070645241611-171, id: 0.08558070645241611-172, id: 0.08558070645241611-173, id: 0.08558070645241611-174, id: 0.08558070645241611-175, id: 0.08558070645241611-176, id: 0.08558070645241611-177, id: 0.08558070645241611-178, id: 0.08558070645241611-179, id: 0.08558070645241611-180, id: 0.08558070645241611-181, id: 0.08558070645241611-182, id: 0.08558070645241611-183, id: 0.08558070645241611-184, id: 0.08558070645241611-185, id: 0.08558070645241611-186, id: 0.08558070645241611-187, id: 0.08558070645241611-188, id: 0.08558070645241611-189, id: 0.08558070645241611-190, id: 0.08558070645241611-191, id: 0.08558070645241611-192]
[WebDriverCommandLogger] - Executing findElements parameters: {&quot;using&quot;:&quot;xpath&quot;,&quot;value&quot;:&quot;//div[@id=&apos;c_articlelist_stories_2&apos;]/ul[1]/li/span[2]/span[2]&quot;}
[WebDriverCommandLogger] - command: findElements[ param-1: {value=//div[@id=&apos;c_articlelist_stories_2&apos;]/ul[1]/li/span[2]/span[2], using=xpath}] Result: [id: 0.08558070645241611-97, id: 0.08558070645241611-98, id: 0.08558070645241611-99, id: 0.08558070645241611-100, id: 0.08558070645241611-101, id: 0.08558070645241611-102, id: 0.08558070645241611-103, id: 0.08558070645241611-104, id: 0.08558070645241611-105, id: 0.08558070645241611-106, id: 0.08558070645241611-107, id: 0.08558070645241611-108, id: 0.08558070645241611-109, id: 0.08558070645241611-110, id: 0.08558070645241611-111, id: 0.08558070645241611-112, id: 0.08558070645241611-113, id: 0.08558070645241611-114, id: 0.08558070645241611-115, id: 0.08558070645241611-116, id: 0.08558070645241611-117, id: 0.08558070645241611-118, id: 0.08558070645241611-119, id: 0.08558070645241611-120, id: 0.08558070645241611-121, id: 0.08558070645241611-122, id: 0.08558070645241611-123, id: 0.08558070645241611-124, id: 0.08558070645241611-125, id: 0.08558070645241611-126, id: 0.08558070645241611-127, id: 0.08558070645241611-128, id: 0.08558070645241611-129, id: 0.08558070645241611-130, id: 0.08558070645241611-131, id: 0.08558070645241611-132, id: 0.08558070645241611-133, id: 0.08558070645241611-134, id: 0.08558070645241611-135, id: 0.08558070645241611-136, id: 0.08558070645241611-137, id: 0.08558070645241611-138, id: 0.08558070645241611-139, id: 0.08558070645241611-140, id: 0.08558070645241611-141, id: 0.08558070645241611-142, id: 0.08558070645241611-143, id: 0.08558070645241611-144, id: 0.08558070645241611-145, id: 0.08558070645241611-146, id: 0.08558070645241611-147, id: 0.08558070645241611-148, id: 0.08558070645241611-149, id: 0.08558070645241611-150, id: 0.08558070645241611-151, id: 0.08558070645241611-152, id: 0.08558070645241611-153, id: 0.08558070645241611-154, id: 0.08558070645241611-155, id: 0.08558070645241611-156, id: 0.08558070645241611-157, id: 0.08558070645241611-158, id: 0.08558070645241611-159, id: 0.08558070645241611-160, id: 0.08558070645241611-161, id: 0.08558070645241611-162, id: 0.08558070645241611-163, id: 0.08558070645241611-164, id: 0.08558070645241611-165, id: 0.08558070645241611-166, id: 0.08558070645241611-167, id: 0.08558070645241611-168, id: 0.08558070645241611-169, id: 0.08558070645241611-170, id: 0.08558070645241611-171, id: 0.08558070645241611-172, id: 0.08558070645241611-173, id: 0.08558070645241611-174, id: 0.08558070645241611-175, id: 0.08558070645241611-176, id: 0.08558070645241611-177, id: 0.08558070645241611-178, id: 0.08558070645241611-179, id: 0.08558070645241611-180, id: 0.08558070645241611-181, id: 0.08558070645241611-182, id: 0.08558070645241611-183, id: 0.08558070645241611-184, id: 0.08558070645241611-185, id: 0.08558070645241611-186, id: 0.08558070645241611-187, id: 0.08558070645241611-188, id: 0.08558070645241611-189, id: 0.08558070645241611-190, id: 0.08558070645241611-191, id: 0.08558070645241611-192]
[WebDriverCommandLogger] - Executing getElementText element: By.xpath: //div[@id=&apos;c_articlelist_stories_2&apos;]/ul[1]/li/span[2]/span[2] parameters: {&quot;id&quot;:&quot;0.08558070645241611-107&quot;}
[WebDriverCommandLogger] - command: getElementText[ param-1: By.xpath: //div[@id=&apos;c_articlelist_stories_2&apos;]/ul[1]/li/span[2]/span[2] param-2: {&quot;id&quot;:&quot;0.08558070645241611-107&quot;}] Result: getElementText:12 HOURS AGO
[WebDriverCommandLogger] - Executing findElements parameters: {&quot;using&quot;:&quot;xpath&quot;,&quot;value&quot;:&quot;//div[@id=&apos;c_articlelist_stories_2&apos;]/ul[1]/li/span[1]/a&quot;}
[WebDriverCommandLogger] - command: findElements[ param-1: {value=//div[@id=&apos;c_articlelist_stories_2&apos;]/ul[1]/li/span[1]/a, using=xpath}] Result: [id: 0.08558070645241611-1, id: 0.08558070645241611-2, id: 0.08558070645241611-3, id: 0.08558070645241611-4, id: 0.08558070645241611-5, id: 0.08558070645241611-6, id: 0.08558070645241611-7, id: 0.08558070645241611-8, id: 0.08558070645241611-9, id: 0.08558070645241611-10, id: 0.08558070645241611-11, id: 0.08558070645241611-12, id: 0.08558070645241611-13, id: 0.08558070645241611-14, id: 0.08558070645241611-15, id: 0.08558070645241611-16, id: 0.08558070645241611-17, id: 0.08558070645241611-18, id: 0.08558070645241611-19, id: 0.08558070645241611-20, id: 0.08558070645241611-21, id: 0.08558070645241611-22, id: 0.08558070645241611-23, id: 0.08558070645241611-24, id: 0.08558070645241611-25, id: 0.08558070645241611-26, id: 0.08558070645241611-27, id: 0.08558070645241611-28, id: 0.08558070645241611-29, id: 0.08558070645241611-30, id: 0.08558070645241611-31, id: 0.08558070645241611-32, id: 0.08558070645241611-33, id: 0.08558070645241611-34, id: 0.08558070645241611-35, id: 0.08558070645241611-36, id: 0.08558070645241611-37, id: 0.08558070645241611-38, id: 0.08558070645241611-39, id: 0.08558070645241611-40, id: 0.08558070645241611-41, id: 0.08558070645241611-42, id: 0.08558070645241611-43, id: 0.08558070645241611-44, id: 0.08558070645241611-45, id: 0.08558070645241611-46, id: 0.08558070645241611-47, id: 0.08558070645241611-48, id: 0.08558070645241611-49, id: 0.08558070645241611-50, id: 0.08558070645241611-51, id: 0.08558070645241611-52, id: 0.08558070645241611-53, id: 0.08558070645241611-54, id: 0.08558070645241611-55, id: 0.08558070645241611-56, id: 0.08558070645241611-57, id: 0.08558070645241611-58, id: 0.08558070645241611-59, id: 0.08558070645241611-60, id: 0.08558070645241611-61, id: 0.08558070645241611-62, id: 0.08558070645241611-63, id: 0.08558070645241611-64, id: 0.08558070645241611-65, id: 0.08558070645241611-66, id: 0.08558070645241611-67, id: 0.08558070645241611-68, id: 0.08558070645241611-69, id: 0.08558070645241611-70, id: 0.08558070645241611-71, id: 0.08558070645241611-72, id: 0.08558070645241611-73, id: 0.08558070645241611-74, id: 0.08558070645241611-75, id: 0.08558070645241611-76, id: 0.08558070645241611-77, id: 0.08558070645241611-78, id: 0.08558070645241611-79, id: 0.08558070645241611-80, id: 0.08558070645241611-81, id: 0.08558070645241611-82, id: 0.08558070645241611-83, id: 0.08558070645241611-84, id: 0.08558070645241611-85, id: 0.08558070645241611-86, id: 0.08558070645241611-87, id: 0.08558070645241611-88, id: 0.08558070645241611-89, id: 0.08558070645241611-90, id: 0.08558070645241611-91, id: 0.08558070645241611-92, id: 0.08558070645241611-93, id: 0.08558070645241611-94, id: 0.08558070645241611-95, id: 0.08558070645241611-96]
[WebDriverCommandLogger] - Executing getElementText element: By.xpath: //div[@id=&apos;c_articlelist_stories_2&apos;]/ul[1]/li/span[1]/a parameters: {&quot;id&quot;:&quot;0.08558070645241611-11&quot;}
[WebDriverCommandLogger] - command: getElementText[ param-1: By.xpath: //div[@id=&apos;c_articlelist_stories_2&apos;]/ul[1]/li/span[1]/a param-2: {&quot;id&quot;:&quot;0.08558070645241611-11&quot;}] Result: getElementText:Alert locals nab duo for attacking man
[WebDriverCommandLogger] - Executing findElements parameters: {&quot;using&quot;:&quot;xpath&quot;,&quot;value&quot;:&quot;//div[@id=&apos;c_articlelist_stories_2&apos;]/ul[1]/li/span[2]/span[2]&quot;}
[WebDriverCommandLogger] - command: findElements[ param-1: {value=//div[@id=&apos;c_articlelist_stories_2&apos;]/ul[1]/li/span[2]/span[2], using=xpath}] Result: [id: 0.08558070645241611-97, id: 0.08558070645241611-98, id: 0.08558070645241611-99, id: 0.08558070645241611-100, id: 0.08558070645241611-101, id: 0.08558070645241611-102, id: 0.08558070645241611-103, id: 0.08558070645241611-104, id: 0.08558070645241611-105, id: 0.08558070645241611-106, id: 0.08558070645241611-107, id: 0.08558070645241611-108, id: 0.08558070645241611-109, id: 0.08558070645241611-110, id: 0.08558070645241611-111, id: 0.08558070645241611-112, id: 0.08558070645241611-113, id: 0.08558070645241611-114, id: 0.08558070645241611-115, id: 0.08558070645241611-116, id: 0.08558070645241611-117, id: 0.08558070645241611-118, id: 0.08558070645241611-119, id: 0.08558070645241611-120, id: 0.08558070645241611-121, id: 0.08558070645241611-122, id: 0.08558070645241611-123, id: 0.08558070645241611-124, id: 0.08558070645241611-125, id: 0.08558070645241611-126, id: 0.08558070645241611-127, id: 0.08558070645241611-128, id: 0.08558070645241611-129, id: 0.08558070645241611-130, id: 0.08558070645241611-131, id: 0.08558070645241611-132, id: 0.08558070645241611-133, id: 0.08558070645241611-134, id: 0.08558070645241611-135, id: 0.08558070645241611-136, id: 0.08558070645241611-137, id: 0.08558070645241611-138, id: 0.08558070645241611-139, id: 0.08558070645241611-140, id: 0.08558070645241611-141, id: 0.08558070645241611-142, id: 0.08558070645241611-143, id: 0.08558070645241611-144, id: 0.08558070645241611-145, id: 0.08558070645241611-146, id: 0.08558070645241611-147, id: 0.08558070645241611-148, id: 0.08558070645241611-149, id: 0.08558070645241611-150, id: 0.08558070645241611-151, id: 0.08558070645241611-152, id: 0.08558070645241611-153, id: 0.08558070645241611-154, id: 0.08558070645241611-155, id: 0.08558070645241611-156, id: 0.08558070645241611-157, id: 0.08558070645241611-158, id: 0.08558070645241611-159, id: 0.08558070645241611-160, id: 0.08558070645241611-161, id: 0.08558070645241611-162, id: 0.08558070645241611-163, id: 0.08558070645241611-164, id: 0.08558070645241611-165, id: 0.08558070645241611-166, id: 0.08558070645241611-167, id: 0.08558070645241611-168, id: 0.08558070645241611-169, id: 0.08558070645241611-170, id: 0.08558070645241611-171, id: 0.08558070645241611-172, id: 0.08558070645241611-173, id: 0.08558070645241611-174, id: 0.08558070645241611-175, id: 0.08558070645241611-176, id: 0.08558070645241611-177, id: 0.08558070645241611-178, id: 0.08558070645241611-179, id: 0.08558070645241611-180, id: 0.08558070645241611-181, id: 0.08558070645241611-182, id: 0.08558070645241611-183, id: 0.08558070645241611-184, id: 0.08558070645241611-185, id: 0.08558070645241611-186, id: 0.08558070645241611-187, id: 0.08558070645241611-188, id: 0.08558070645241611-189, id: 0.08558070645241611-190, id: 0.08558070645241611-191, id: 0.08558070645241611-192]
[WebDriverCommandLogger] - Executing findElements parameters: {&quot;using&quot;:&quot;xpath&quot;,&quot;value&quot;:&quot;//div[@id=&apos;c_articlelist_stories_2&apos;]/ul[1]/li/span[2]/span[2]&quot;}
[WebDriverCommandLogger] - command: findElements[ param-1: {value=//div[@id=&apos;c_articlelist_stories_2&apos;]/ul[1]/li/span[2]/span[2], using=xpath}] Result: [id: 0.08558070645241611-97, id: 0.08558070645241611-98, id: 0.08558070645241611-99, id: 0.08558070645241611-100, id: 0.08558070645241611-101, id: 0.08558070645241611-102, id: 0.08558070645241611-103, id: 0.08558070645241611-104, id: 0.08558070645241611-105, id: 0.08558070645241611-106, id: 0.08558070645241611-107, id: 0.08558070645241611-108, id: 0.08558070645241611-109, id: 0.08558070645241611-110, id: 0.08558070645241611-111, id: 0.08558070645241611-112, id: 0.08558070645241611-113, id: 0.08558070645241611-114, id: 0.08558070645241611-115, id: 0.08558070645241611-116, id: 0.08558070645241611-117, id: 0.08558070645241611-118, id: 0.08558070645241611-119, id: 0.08558070645241611-120, id: 0.08558070645241611-121, id: 0.08558070645241611-122, id: 0.08558070645241611-123, id: 0.08558070645241611-124, id: 0.08558070645241611-125, id: 0.08558070645241611-126, id: 0.08558070645241611-127, id: 0.08558070645241611-128, id: 0.08558070645241611-129, id: 0.08558070645241611-130, id: 0.08558070645241611-131, id: 0.08558070645241611-132, id: 0.08558070645241611-133, id: 0.08558070645241611-134, id: 0.08558070645241611-135, id: 0.08558070645241611-136, id: 0.08558070645241611-137, id: 0.08558070645241611-138, id: 0.08558070645241611-139, id: 0.08558070645241611-140, id: 0.08558070645241611-141, id: 0.08558070645241611-142, id: 0.08558070645241611-143, id: 0.08558070645241611-144, id: 0.08558070645241611-145, id: 0.08558070645241611-146, id: 0.08558070645241611-147, id: 0.08558070645241611-148, id: 0.08558070645241611-149, id: 0.08558070645241611-150, id: 0.08558070645241611-151, id: 0.08558070645241611-152, id: 0.08558070645241611-153, id: 0.08558070645241611-154, id: 0.08558070645241611-155, id: 0.08558070645241611-156, id: 0.08558070645241611-157, id: 0.08558070645241611-158, id: 0.08558070645241611-159, id: 0.08558070645241611-160, id: 0.08558070645241611-161, id: 0.08558070645241611-162, id: 0.08558070645241611-163, id: 0.08558070645241611-164, id: 0.08558070645241611-165, id: 0.08558070645241611-166, id: 0.08558070645241611-167, id: 0.08558070645241611-168, id: 0.08558070645241611-169, id: 0.08558070645241611-170, id: 0.08558070645241611-171, id: 0.08558070645241611-172, id: 0.08558070645241611-173, id: 0.08558070645241611-174, id: 0.08558070645241611-175, id: 0.08558070645241611-176, id: 0.08558070645241611-177, id: 0.08558070645241611-178, id: 0.08558070645241611-179, id: 0.08558070645241611-180, id: 0.08558070645241611-181, id: 0.08558070645241611-182, id: 0.08558070645241611-183, id: 0.08558070645241611-184, id: 0.08558070645241611-185, id: 0.08558070645241611-186, id: 0.08558070645241611-187, id: 0.08558070645241611-188, id: 0.08558070645241611-189, id: 0.08558070645241611-190, id: 0.08558070645241611-191, id: 0.08558070645241611-192]
[WebDriverCommandLogger] - Executing getElementText element: By.xpath: //div[@id=&apos;c_articlelist_stories_2&apos;]/ul[1]/li/span[2]/span[2] parameters: {&quot;id&quot;:&quot;0.08558070645241611-108&quot;}
[WebDriverCommandLogger] - command: getElementText[ param-1: By.xpath: //div[@id=&apos;c_articlelist_stories_2&apos;]/ul[1]/li/span[2]/span[2] param-2: {&quot;id&quot;:&quot;0.08558070645241611-108&quot;}] Result: getElementText:12 HOURS AGO
[WebDriverCommandLogger] - Executing findElements parameters: {&quot;using&quot;:&quot;xpath&quot;,&quot;value&quot;:&quot;//div[@id=&apos;c_articlelist_stories_2&apos;]/ul[1]/li/span[1]/a&quot;}
[WebDriverCommandLogger] - command: findElements[ param-1: {value=//div[@id=&apos;c_articlelist_stories_2&apos;]/ul[1]/li/span[1]/a, using=xpath}] Result: [id: 0.08558070645241611-1, id: 0.08558070645241611-2, id: 0.08558070645241611-3, id: 0.08558070645241611-4, id: 0.08558070645241611-5, id: 0.08558070645241611-6, id: 0.08558070645241611-7, id: 0.08558070645241611-8, id: 0.08558070645241611-9, id: 0.08558070645241611-10, id: 0.08558070645241611-11, id: 0.08558070645241611-12, id: 0.08558070645241611-13, id: 0.08558070645241611-14, id: 0.08558070645241611-15, id: 0.08558070645241611-16, id: 0.08558070645241611-17, id: 0.08558070645241611-18, id: 0.08558070645241611-19, id: 0.08558070645241611-20, id: 0.08558070645241611-21, id: 0.08558070645241611-22, id: 0.08558070645241611-23, id: 0.08558070645241611-24, id: 0.08558070645241611-25, id: 0.08558070645241611-26, id: 0.08558070645241611-27, id: 0.08558070645241611-28, id: 0.08558070645241611-29, id: 0.08558070645241611-30, id: 0.08558070645241611-31, id: 0.08558070645241611-32, id: 0.08558070645241611-33, id: 0.08558070645241611-34, id: 0.08558070645241611-35, id: 0.08558070645241611-36, id: 0.08558070645241611-37, id: 0.08558070645241611-38, id: 0.08558070645241611-39, id: 0.08558070645241611-40, id: 0.08558070645241611-41, id: 0.08558070645241611-42, id: 0.08558070645241611-43, id: 0.08558070645241611-44, id: 0.08558070645241611-45, id: 0.08558070645241611-46, id: 0.08558070645241611-47, id: 0.08558070645241611-48, id: 0.08558070645241611-49, id: 0.08558070645241611-50, id: 0.08558070645241611-51, id: 0.08558070645241611-52, id: 0.08558070645241611-53, id: 0.08558070645241611-54, id: 0.08558070645241611-55, id: 0.08558070645241611-56, id: 0.08558070645241611-57, id: 0.08558070645241611-58, id: 0.08558070645241611-59, id: 0.08558070645241611-60, id: 0.08558070645241611-61, id: 0.08558070645241611-62, id: 0.08558070645241611-63, id: 0.08558070645241611-64, id: 0.08558070645241611-65, id: 0.08558070645241611-66, id: 0.08558070645241611-67, id: 0.08558070645241611-68, id: 0.08558070645241611-69, id: 0.08558070645241611-70, id: 0.08558070645241611-71, id: 0.08558070645241611-72, id: 0.08558070645241611-73, id: 0.08558070645241611-74, id: 0.08558070645241611-75, id: 0.08558070645241611-76, id: 0.08558070645241611-77, id: 0.08558070645241611-78, id: 0.08558070645241611-79, id: 0.08558070645241611-80, id: 0.08558070645241611-81, id: 0.08558070645241611-82, id: 0.08558070645241611-83, id: 0.08558070645241611-84, id: 0.08558070645241611-85, id: 0.08558070645241611-86, id: 0.08558070645241611-87, id: 0.08558070645241611-88, id: 0.08558070645241611-89, id: 0.08558070645241611-90, id: 0.08558070645241611-91, id: 0.08558070645241611-92, id: 0.08558070645241611-93, id: 0.08558070645241611-94, id: 0.08558070645241611-95, id: 0.08558070645241611-96]
[WebDriverCommandLogger] - Executing getElementText element: By.xpath: //div[@id=&apos;c_articlelist_stories_2&apos;]/ul[1]/li/span[1]/a parameters: {&quot;id&quot;:&quot;0.08558070645241611-12&quot;}
[WebDriverCommandLogger] - command: getElementText[ param-1: By.xpath: //div[@id=&apos;c_articlelist_stories_2&apos;]/ul[1]/li/span[1]/a param-2: {&quot;id&quot;:&quot;0.08558070645241611-12&quot;}] Result: getElementText:Stolen bikes used to rob pump staffers
[WebDriverCommandLogger] - Executing findElements parameters: {&quot;using&quot;:&quot;xpath&quot;,&quot;value&quot;:&quot;//div[@id=&apos;c_articlelist_stories_2&apos;]/ul[1]/li/span[2]/span[2]&quot;}
[WebDriverCommandLogger] - command: findElements[ param-1: {value=//div[@id=&apos;c_articlelist_stories_2&apos;]/ul[1]/li/span[2]/span[2], using=xpath}] Result: [id: 0.08558070645241611-97, id: 0.08558070645241611-98, id: 0.08558070645241611-99, id: 0.08558070645241611-100, id: 0.08558070645241611-101, id: 0.08558070645241611-102, id: 0.08558070645241611-103, id: 0.08558070645241611-104, id: 0.08558070645241611-105, id: 0.08558070645241611-106, id: 0.08558070645241611-107, id: 0.08558070645241611-108, id: 0.08558070645241611-109, id: 0.08558070645241611-110, id: 0.08558070645241611-111, id: 0.08558070645241611-112, id: 0.08558070645241611-113, id: 0.08558070645241611-114, id: 0.08558070645241611-115, id: 0.08558070645241611-116, id: 0.08558070645241611-117, id: 0.08558070645241611-118, id: 0.08558070645241611-119, id: 0.08558070645241611-120, id: 0.08558070645241611-121, id: 0.08558070645241611-122, id: 0.08558070645241611-123, id: 0.08558070645241611-124, id: 0.08558070645241611-125, id: 0.08558070645241611-126, id: 0.08558070645241611-127, id: 0.08558070645241611-128, id: 0.08558070645241611-129, id: 0.08558070645241611-130, id: 0.08558070645241611-131, id: 0.08558070645241611-132, id: 0.08558070645241611-133, id: 0.08558070645241611-134, id: 0.08558070645241611-135, id: 0.08558070645241611-136, id: 0.08558070645241611-137, id: 0.08558070645241611-138, id: 0.08558070645241611-139, id: 0.08558070645241611-140, id: 0.08558070645241611-141, id: 0.08558070645241611-142, id: 0.08558070645241611-143, id: 0.08558070645241611-144, id: 0.08558070645241611-145, id: 0.08558070645241611-146, id: 0.08558070645241611-147, id: 0.08558070645241611-148, id: 0.08558070645241611-149, id: 0.08558070645241611-150, id: 0.08558070645241611-151, id: 0.08558070645241611-152, id: 0.08558070645241611-153, id: 0.08558070645241611-154, id: 0.08558070645241611-155, id: 0.08558070645241611-156, id: 0.08558070645241611-157, id: 0.08558070645241611-158, id: 0.08558070645241611-159, id: 0.08558070645241611-160, id: 0.08558070645241611-161, id: 0.08558070645241611-162, id: 0.08558070645241611-163, id: 0.08558070645241611-164, id: 0.08558070645241611-165, id: 0.08558070645241611-166, id: 0.08558070645241611-167, id: 0.08558070645241611-168, id: 0.08558070645241611-169, id: 0.08558070645241611-170, id: 0.08558070645241611-171, id: 0.08558070645241611-172, id: 0.08558070645241611-173, id: 0.08558070645241611-174, id: 0.08558070645241611-175, id: 0.08558070645241611-176, id: 0.08558070645241611-177, id: 0.08558070645241611-178, id: 0.08558070645241611-179, id: 0.08558070645241611-180, id: 0.08558070645241611-181, id: 0.08558070645241611-182, id: 0.08558070645241611-183, id: 0.08558070645241611-184, id: 0.08558070645241611-185, id: 0.08558070645241611-186, id: 0.08558070645241611-187, id: 0.08558070645241611-188, id: 0.08558070645241611-189, id: 0.08558070645241611-190, id: 0.08558070645241611-191, id: 0.08558070645241611-192]
[WebDriverCommandLogger] - Executing findElements parameters: {&quot;using&quot;:&quot;xpath&quot;,&quot;value&quot;:&quot;//div[@id=&apos;c_articlelist_stories_2&apos;]/ul[1]/li/span[2]/span[2]&quot;}
[WebDriverCommandLogger] - command: findElements[ param-1: {value=//div[@id=&apos;c_articlelist_stories_2&apos;]/ul[1]/li/span[2]/span[2], using=xpath}] Result: [id: 0.08558070645241611-97, id: 0.08558070645241611-98, id: 0.08558070645241611-99, id: 0.08558070645241611-100, id: 0.08558070645241611-101, id: 0.08558070645241611-102, id: 0.08558070645241611-103, id: 0.08558070645241611-104, id: 0.08558070645241611-105, id: 0.08558070645241611-106, id: 0.08558070645241611-107, id: 0.08558070645241611-108, id: 0.08558070645241611-109, id: 0.08558070645241611-110, id: 0.08558070645241611-111, id: 0.08558070645241611-112, id: 0.08558070645241611-113, id: 0.08558070645241611-114, id: 0.08558070645241611-115, id: 0.08558070645241611-116, id: 0.08558070645241611-117, id: 0.08558070645241611-118, id: 0.08558070645241611-119, id: 0.08558070645241611-120, id: 0.08558070645241611-121, id: 0.08558070645241611-122, id: 0.08558070645241611-123, id: 0.08558070645241611-124, id: 0.08558070645241611-125, id: 0.08558070645241611-126, id: 0.08558070645241611-127, id: 0.08558070645241611-128, id: 0.08558070645241611-129, id: 0.08558070645241611-130, id: 0.08558070645241611-131, id: 0.08558070645241611-132, id: 0.08558070645241611-133, id: 0.08558070645241611-134, id: 0.08558070645241611-135, id: 0.08558070645241611-136, id: 0.08558070645241611-137, id: 0.08558070645241611-138, id: 0.08558070645241611-139, id: 0.08558070645241611-140, id: 0.08558070645241611-141, id: 0.08558070645241611-142, id: 0.08558070645241611-143, id: 0.08558070645241611-144, id: 0.08558070645241611-145, id: 0.08558070645241611-146, id: 0.08558070645241611-147, id: 0.08558070645241611-148, id: 0.08558070645241611-149, id: 0.08558070645241611-150, id: 0.08558070645241611-151, id: 0.08558070645241611-152, id: 0.08558070645241611-153, id: 0.08558070645241611-154, id: 0.08558070645241611-155, id: 0.08558070645241611-156, id: 0.08558070645241611-157, id: 0.08558070645241611-158, id: 0.08558070645241611-159, id: 0.08558070645241611-160, id: 0.08558070645241611-161, id: 0.08558070645241611-162, id: 0.08558070645241611-163, id: 0.08558070645241611-164, id: 0.08558070645241611-165, id: 0.08558070645241611-166, id: 0.08558070645241611-167, id: 0.08558070645241611-168, id: 0.08558070645241611-169, id: 0.08558070645241611-170, id: 0.08558070645241611-171, id: 0.08558070645241611-172, id: 0.08558070645241611-173, id: 0.08558070645241611-174, id: 0.08558070645241611-175, id: 0.08558070645241611-176, id: 0.08558070645241611-177, id: 0.08558070645241611-178, id: 0.08558070645241611-179, id: 0.08558070645241611-180, id: 0.08558070645241611-181, id: 0.08558070645241611-182, id: 0.08558070645241611-183, id: 0.08558070645241611-184, id: 0.08558070645241611-185, id: 0.08558070645241611-186, id: 0.08558070645241611-187, id: 0.08558070645241611-188, id: 0.08558070645241611-189, id: 0.08558070645241611-190, id: 0.08558070645241611-191, id: 0.08558070645241611-192]
[WebDriverCommandLogger] - Executing getElementText element: By.xpath: //div[@id=&apos;c_articlelist_stories_2&apos;]/ul[1]/li/span[2]/span[2] parameters: {&quot;id&quot;:&quot;0.08558070645241611-109&quot;}
[WebDriverCommandLogger] - command: getElementText[ param-1: By.xpath: //div[@id=&apos;c_articlelist_stories_2&apos;]/ul[1]/li/span[2]/span[2] param-2: {&quot;id&quot;:&quot;0.08558070645241611-109&quot;}] Result: getElementText:12 HOURS AGO
[WebDriverCommandLogger] - Executing findElements parameters: {&quot;using&quot;:&quot;xpath&quot;,&quot;value&quot;:&quot;//div[@id=&apos;c_articlelist_stories_2&apos;]/ul[1]/li/span[1]/a&quot;}
[WebDriverCommandLogger] - command: findElements[ param-1: {value=//div[@id=&apos;c_articlelist_stories_2&apos;]/ul[1]/li/span[1]/a, using=xpath}] Result: [id: 0.08558070645241611-1, id: 0.08558070645241611-2, id: 0.08558070645241611-3, id: 0.08558070645241611-4, id: 0.08558070645241611-5, id: 0.08558070645241611-6, id: 0.08558070645241611-7, id: 0.08558070645241611-8, id: 0.08558070645241611-9, id: 0.08558070645241611-10, id: 0.08558070645241611-11, id: 0.08558070645241611-12, id: 0.08558070645241611-13, id: 0.08558070645241611-14, id: 0.08558070645241611-15, id: 0.08558070645241611-16, id: 0.08558070645241611-17, id: 0.08558070645241611-18, id: 0.08558070645241611-19, id: 0.08558070645241611-20, id: 0.08558070645241611-21, id: 0.08558070645241611-22, id: 0.08558070645241611-23, id: 0.08558070645241611-24, id: 0.08558070645241611-25, id: 0.08558070645241611-26, id: 0.08558070645241611-27, id: 0.08558070645241611-28, id: 0.08558070645241611-29, id: 0.08558070645241611-30, id: 0.08558070645241611-31, id: 0.08558070645241611-32, id: 0.08558070645241611-33, id: 0.08558070645241611-34, id: 0.08558070645241611-35, id: 0.08558070645241611-36, id: 0.08558070645241611-37, id: 0.08558070645241611-38, id: 0.08558070645241611-39, id: 0.08558070645241611-40, id: 0.08558070645241611-41, id: 0.08558070645241611-42, id: 0.08558070645241611-43, id: 0.08558070645241611-44, id: 0.08558070645241611-45, id: 0.08558070645241611-46, id: 0.08558070645241611-47, id: 0.08558070645241611-48, id: 0.08558070645241611-49, id: 0.08558070645241611-50, id: 0.08558070645241611-51, id: 0.08558070645241611-52, id: 0.08558070645241611-53, id: 0.08558070645241611-54, id: 0.08558070645241611-55, id: 0.08558070645241611-56, id: 0.08558070645241611-57, id: 0.08558070645241611-58, id: 0.08558070645241611-59, id: 0.08558070645241611-60, id: 0.08558070645241611-61, id: 0.08558070645241611-62, id: 0.08558070645241611-63, id: 0.08558070645241611-64, id: 0.08558070645241611-65, id: 0.08558070645241611-66, id: 0.08558070645241611-67, id: 0.08558070645241611-68, id: 0.08558070645241611-69, id: 0.08558070645241611-70, id: 0.08558070645241611-71, id: 0.08558070645241611-72, id: 0.08558070645241611-73, id: 0.08558070645241611-74, id: 0.08558070645241611-75, id: 0.08558070645241611-76, id: 0.08558070645241611-77, id: 0.08558070645241611-78, id: 0.08558070645241611-79, id: 0.08558070645241611-80, id: 0.08558070645241611-81, id: 0.08558070645241611-82, id: 0.08558070645241611-83, id: 0.08558070645241611-84, id: 0.08558070645241611-85, id: 0.08558070645241611-86, id: 0.08558070645241611-87, id: 0.08558070645241611-88, id: 0.08558070645241611-89, id: 0.08558070645241611-90, id: 0.08558070645241611-91, id: 0.08558070645241611-92, id: 0.08558070645241611-93, id: 0.08558070645241611-94, id: 0.08558070645241611-95, id: 0.08558070645241611-96]
[WebDriverCommandLogger] - Executing getElementText element: By.xpath: //div[@id=&apos;c_articlelist_stories_2&apos;]/ul[1]/li/span[1]/a parameters: {&quot;id&quot;:&quot;0.08558070645241611-13&quot;}
[WebDriverCommandLogger] - command: getElementText[ param-1: By.xpath: //div[@id=&apos;c_articlelist_stories_2&apos;]/ul[1]/li/span[1]/a param-2: {&quot;id&quot;:&quot;0.08558070645241611-13&quot;}] Result: getElementText:PMC snaps water supply to hotels
[WebDriverCommandLogger] - Executing findElements parameters: {&quot;using&quot;:&quot;xpath&quot;,&quot;value&quot;:&quot;//div[@id=&apos;c_articlelist_stories_2&apos;]/ul[1]/li/span[2]/span[2]&quot;}
[WebDriverCommandLogger] - command: findElements[ param-1: {value=//div[@id=&apos;c_articlelist_stories_2&apos;]/ul[1]/li/span[2]/span[2], using=xpath}] Result: [id: 0.08558070645241611-97, id: 0.08558070645241611-98, id: 0.08558070645241611-99, id: 0.08558070645241611-100, id: 0.08558070645241611-101, id: 0.08558070645241611-102, id: 0.08558070645241611-103, id: 0.08558070645241611-104, id: 0.08558070645241611-105, id: 0.08558070645241611-106, id: 0.08558070645241611-107, id: 0.08558070645241611-108, id: 0.08558070645241611-109, id: 0.08558070645241611-110, id: 0.08558070645241611-111, id: 0.08558070645241611-112, id: 0.08558070645241611-113, id: 0.08558070645241611-114, id: 0.08558070645241611-115, id: 0.08558070645241611-116, id: 0.08558070645241611-117, id: 0.08558070645241611-118, id: 0.08558070645241611-119, id: 0.08558070645241611-120, id: 0.08558070645241611-121, id: 0.08558070645241611-122, id: 0.08558070645241611-123, id: 0.08558070645241611-124, id: 0.08558070645241611-125, id: 0.08558070645241611-126, id: 0.08558070645241611-127, id: 0.08558070645241611-128, id: 0.08558070645241611-129, id: 0.08558070645241611-130, id: 0.08558070645241611-131, id: 0.08558070645241611-132, id: 0.08558070645241611-133, id: 0.08558070645241611-134, id: 0.08558070645241611-135, id: 0.08558070645241611-136, id: 0.08558070645241611-137, id: 0.08558070645241611-138, id: 0.08558070645241611-139, id: 0.08558070645241611-140, id: 0.08558070645241611-141, id: 0.08558070645241611-142, id: 0.08558070645241611-143, id: 0.08558070645241611-144, id: 0.08558070645241611-145, id: 0.08558070645241611-146, id: 0.08558070645241611-147, id: 0.08558070645241611-148, id: 0.08558070645241611-149, id: 0.08558070645241611-150, id: 0.08558070645241611-151, id: 0.08558070645241611-152, id: 0.08558070645241611-153, id: 0.08558070645241611-154, id: 0.08558070645241611-155, id: 0.08558070645241611-156, id: 0.08558070645241611-157, id: 0.08558070645241611-158, id: 0.08558070645241611-159, id: 0.08558070645241611-160, id: 0.08558070645241611-161, id: 0.08558070645241611-162, id: 0.08558070645241611-163, id: 0.08558070645241611-164, id: 0.08558070645241611-165, id: 0.08558070645241611-166, id: 0.08558070645241611-167, id: 0.08558070645241611-168, id: 0.08558070645241611-169, id: 0.08558070645241611-170, id: 0.08558070645241611-171, id: 0.08558070645241611-172, id: 0.08558070645241611-173, id: 0.08558070645241611-174, id: 0.08558070645241611-175, id: 0.08558070645241611-176, id: 0.08558070645241611-177, id: 0.08558070645241611-178, id: 0.08558070645241611-179, id: 0.08558070645241611-180, id: 0.08558070645241611-181, id: 0.08558070645241611-182, id: 0.08558070645241611-183, id: 0.08558070645241611-184, id: 0.08558070645241611-185, id: 0.08558070645241611-186, id: 0.08558070645241611-187, id: 0.08558070645241611-188, id: 0.08558070645241611-189, id: 0.08558070645241611-190, id: 0.08558070645241611-191, id: 0.08558070645241611-192]
[WebDriverCommandLogger] - Executing findElements parameters: {&quot;using&quot;:&quot;xpath&quot;,&quot;value&quot;:&quot;//div[@id=&apos;c_articlelist_stories_2&apos;]/ul[1]/li/span[2]/span[2]&quot;}
[WebDriverCommandLogger] - command: findElements[ param-1: {value=//div[@id=&apos;c_articlelist_stories_2&apos;]/ul[1]/li/span[2]/span[2], using=xpath}] Result: [id: 0.08558070645241611-97, id: 0.08558070645241611-98, id: 0.08558070645241611-99, id: 0.08558070645241611-100, id: 0.08558070645241611-101, id: 0.08558070645241611-102, id: 0.08558070645241611-103, id: 0.08558070645241611-104, id: 0.08558070645241611-105, id: 0.08558070645241611-106, id: 0.08558070645241611-107, id: 0.08558070645241611-108, id: 0.08558070645241611-109, id: 0.08558070645241611-110, id: 0.08558070645241611-111, id: 0.08558070645241611-112, id: 0.08558070645241611-113, id: 0.08558070645241611-114, id: 0.08558070645241611-115, id: 0.08558070645241611-116, id: 0.08558070645241611-117, id: 0.08558070645241611-118, id: 0.08558070645241611-119, id: 0.08558070645241611-120, id: 0.08558070645241611-121, id: 0.08558070645241611-122, id: 0.08558070645241611-123, id: 0.08558070645241611-124, id: 0.08558070645241611-125, id: 0.08558070645241611-126, id: 0.08558070645241611-127, id: 0.08558070645241611-128, id: 0.08558070645241611-129, id: 0.08558070645241611-130, id: 0.08558070645241611-131, id: 0.08558070645241611-132, id: 0.08558070645241611-133, id: 0.08558070645241611-134, id: 0.08558070645241611-135, id: 0.08558070645241611-136, id: 0.08558070645241611-137, id: 0.08558070645241611-138, id: 0.08558070645241611-139, id: 0.08558070645241611-140, id: 0.08558070645241611-141, id: 0.08558070645241611-142, id: 0.08558070645241611-143, id: 0.08558070645241611-144, id: 0.08558070645241611-145, id: 0.08558070645241611-146, id: 0.08558070645241611-147, id: 0.08558070645241611-148, id: 0.08558070645241611-149, id: 0.08558070645241611-150, id: 0.08558070645241611-151, id: 0.08558070645241611-152, id: 0.08558070645241611-153, id: 0.08558070645241611-154, id: 0.08558070645241611-155, id: 0.08558070645241611-156, id: 0.08558070645241611-157, id: 0.08558070645241611-158, id: 0.08558070645241611-159, id: 0.08558070645241611-160, id: 0.08558070645241611-161, id: 0.08558070645241611-162, id: 0.08558070645241611-163, id: 0.08558070645241611-164, id: 0.08558070645241611-165, id: 0.08558070645241611-166, id: 0.08558070645241611-167, id: 0.08558070645241611-168, id: 0.08558070645241611-169, id: 0.08558070645241611-170, id: 0.08558070645241611-171, id: 0.08558070645241611-172, id: 0.08558070645241611-173, id: 0.08558070645241611-174, id: 0.08558070645241611-175, id: 0.08558070645241611-176, id: 0.08558070645241611-177, id: 0.08558070645241611-178, id: 0.08558070645241611-179, id: 0.08558070645241611-180, id: 0.08558070645241611-181, id: 0.08558070645241611-182, id: 0.08558070645241611-183, id: 0.08558070645241611-184, id: 0.08558070645241611-185, id: 0.08558070645241611-186, id: 0.08558070645241611-187, id: 0.08558070645241611-188, id: 0.08558070645241611-189, id: 0.08558070645241611-190, id: 0.08558070645241611-191, id: 0.08558070645241611-192]
[WebDriverCommandLogger] - Executing getElementText element: By.xpath: //div[@id=&apos;c_articlelist_stories_2&apos;]/ul[1]/li/span[2]/span[2] parameters: {&quot;id&quot;:&quot;0.08558070645241611-110&quot;}
[WebDriverCommandLogger] - command: getElementText[ param-1: By.xpath: //div[@id=&apos;c_articlelist_stories_2&apos;]/ul[1]/li/span[2]/span[2] param-2: {&quot;id&quot;:&quot;0.08558070645241611-110&quot;}] Result: getElementText:12 HOURS AGO
[WebDriverCommandLogger] - Executing findElements parameters: {&quot;using&quot;:&quot;xpath&quot;,&quot;value&quot;:&quot;//div[@id=&apos;c_articlelist_stories_2&apos;]/ul[1]/li/span[1]/a&quot;}
[WebDriverCommandLogger] - command: findElements[ param-1: {value=//div[@id=&apos;c_articlelist_stories_2&apos;]/ul[1]/li/span[1]/a, using=xpath}] Result: [id: 0.08558070645241611-1, id: 0.08558070645241611-2, id: 0.08558070645241611-3, id: 0.08558070645241611-4, id: 0.08558070645241611-5, id: 0.08558070645241611-6, id: 0.08558070645241611-7, id: 0.08558070645241611-8, id: 0.08558070645241611-9, id: 0.08558070645241611-10, id: 0.08558070645241611-11, id: 0.08558070645241611-12, id: 0.08558070645241611-13, id: 0.08558070645241611-14, id: 0.08558070645241611-15, id: 0.08558070645241611-16, id: 0.08558070645241611-17, id: 0.08558070645241611-18, id: 0.08558070645241611-19, id: 0.08558070645241611-20, id: 0.08558070645241611-21, id: 0.08558070645241611-22, id: 0.08558070645241611-23, id: 0.08558070645241611-24, id: 0.08558070645241611-25, id: 0.08558070645241611-26, id: 0.08558070645241611-27, id: 0.08558070645241611-28, id: 0.08558070645241611-29, id: 0.08558070645241611-30, id: 0.08558070645241611-31, id: 0.08558070645241611-32, id: 0.08558070645241611-33, id: 0.08558070645241611-34, id: 0.08558070645241611-35, id: 0.08558070645241611-36, id: 0.08558070645241611-37, id: 0.08558070645241611-38, id: 0.08558070645241611-39, id: 0.08558070645241611-40, id: 0.08558070645241611-41, id: 0.08558070645241611-42, id: 0.08558070645241611-43, id: 0.08558070645241611-44, id: 0.08558070645241611-45, id: 0.08558070645241611-46, id: 0.08558070645241611-47, id: 0.08558070645241611-48, id: 0.08558070645241611-49, id: 0.08558070645241611-50, id: 0.08558070645241611-51, id: 0.08558070645241611-52, id: 0.08558070645241611-53, id: 0.08558070645241611-54, id: 0.08558070645241611-55, id: 0.08558070645241611-56, id: 0.08558070645241611-57, id: 0.08558070645241611-58, id: 0.08558070645241611-59, id: 0.08558070645241611-60, id: 0.08558070645241611-61, id: 0.08558070645241611-62, id: 0.08558070645241611-63, id: 0.08558070645241611-64, id: 0.08558070645241611-65, id: 0.08558070645241611-66, id: 0.08558070645241611-67, id: 0.08558070645241611-68, id: 0.08558070645241611-69, id: 0.08558070645241611-70, id: 0.08558070645241611-71, id: 0.08558070645241611-72, id: 0.08558070645241611-73, id: 0.08558070645241611-74, id: 0.08558070645241611-75, id: 0.08558070645241611-76, id: 0.08558070645241611-77, id: 0.08558070645241611-78, id: 0.08558070645241611-79, id: 0.08558070645241611-80, id: 0.08558070645241611-81, id: 0.08558070645241611-82, id: 0.08558070645241611-83, id: 0.08558070645241611-84, id: 0.08558070645241611-85, id: 0.08558070645241611-86, id: 0.08558070645241611-87, id: 0.08558070645241611-88, id: 0.08558070645241611-89, id: 0.08558070645241611-90, id: 0.08558070645241611-91, id: 0.08558070645241611-92, id: 0.08558070645241611-93, id: 0.08558070645241611-94, id: 0.08558070645241611-95, id: 0.08558070645241611-96]
[WebDriverCommandLogger] - Executing getElementText element: By.xpath: //div[@id=&apos;c_articlelist_stories_2&apos;]/ul[1]/li/span[1]/a parameters: {&quot;id&quot;:&quot;0.08558070645241611-14&quot;}
[WebDriverCommandLogger] - command: getElementText[ param-1: By.xpath: //div[@id=&apos;c_articlelist_stories_2&apos;]/ul[1]/li/span[1]/a param-2: {&quot;id&quot;:&quot;0.08558070645241611-14&quot;}] Result: getElementText:Malls, hospitals &amp; theatres stay cold to civic sting drive
[WebDriverCommandLogger] - Executing findElements parameters: {&quot;using&quot;:&quot;xpath&quot;,&quot;value&quot;:&quot;//div[@id=&apos;c_articlelist_stories_2&apos;]/ul[1]/li/span[2]/span[2]&quot;}
[WebDriverCommandLogger] - command: findElements[ param-1: {value=//div[@id=&apos;c_articlelist_stories_2&apos;]/ul[1]/li/span[2]/span[2], using=xpath}] Result: [id: 0.08558070645241611-97, id: 0.08558070645241611-98, id: 0.08558070645241611-99, id: 0.08558070645241611-100, id: 0.08558070645241611-101, id: 0.08558070645241611-102, id: 0.08558070645241611-103, id: 0.08558070645241611-104, id: 0.08558070645241611-105, id: 0.08558070645241611-106, id: 0.08558070645241611-107, id: 0.08558070645241611-108, id: 0.08558070645241611-109, id: 0.08558070645241611-110, id: 0.08558070645241611-111, id: 0.08558070645241611-112, id: 0.08558070645241611-113, id: 0.08558070645241611-114, id: 0.08558070645241611-115, id: 0.08558070645241611-116, id: 0.08558070645241611-117, id: 0.08558070645241611-118, id: 0.08558070645241611-119, id: 0.08558070645241611-120, id: 0.08558070645241611-121, id: 0.08558070645241611-122, id: 0.08558070645241611-123, id: 0.08558070645241611-124, id: 0.08558070645241611-125, id: 0.08558070645241611-126, id: 0.08558070645241611-127, id: 0.08558070645241611-128, id: 0.08558070645241611-129, id: 0.08558070645241611-130, id: 0.08558070645241611-131, id: 0.08558070645241611-132, id: 0.08558070645241611-133, id: 0.08558070645241611-134, id: 0.08558070645241611-135, id: 0.08558070645241611-136, id: 0.08558070645241611-137, id: 0.08558070645241611-138, id: 0.08558070645241611-139, id: 0.08558070645241611-140, id: 0.08558070645241611-141, id: 0.08558070645241611-142, id: 0.08558070645241611-143, id: 0.08558070645241611-144, id: 0.08558070645241611-145, id: 0.08558070645241611-146, id: 0.08558070645241611-147, id: 0.08558070645241611-148, id: 0.08558070645241611-149, id: 0.08558070645241611-150, id: 0.08558070645241611-151, id: 0.08558070645241611-152, id: 0.08558070645241611-153, id: 0.08558070645241611-154, id: 0.08558070645241611-155, id: 0.08558070645241611-156, id: 0.08558070645241611-157, id: 0.08558070645241611-158, id: 0.08558070645241611-159, id: 0.08558070645241611-160, id: 0.08558070645241611-161, id: 0.08558070645241611-162, id: 0.08558070645241611-163, id: 0.08558070645241611-164, id: 0.08558070645241611-165, id: 0.08558070645241611-166, id: 0.08558070645241611-167, id: 0.08558070645241611-168, id: 0.08558070645241611-169, id: 0.08558070645241611-170, id: 0.08558070645241611-171, id: 0.08558070645241611-172, id: 0.08558070645241611-173, id: 0.08558070645241611-174, id: 0.08558070645241611-175, id: 0.08558070645241611-176, id: 0.08558070645241611-177, id: 0.08558070645241611-178, id: 0.08558070645241611-179, id: 0.08558070645241611-180, id: 0.08558070645241611-181, id: 0.08558070645241611-182, id: 0.08558070645241611-183, id: 0.08558070645241611-184, id: 0.08558070645241611-185, id: 0.08558070645241611-186, id: 0.08558070645241611-187, id: 0.08558070645241611-188, id: 0.08558070645241611-189, id: 0.08558070645241611-190, id: 0.08558070645241611-191, id: 0.08558070645241611-192]
[WebDriverCommandLogger] - Executing findElements parameters: {&quot;using&quot;:&quot;xpath&quot;,&quot;value&quot;:&quot;//div[@id=&apos;c_articlelist_stories_2&apos;]/ul[1]/li/span[2]/span[2]&quot;}
[WebDriverCommandLogger] - command: findElements[ param-1: {value=//div[@id=&apos;c_articlelist_stories_2&apos;]/ul[1]/li/span[2]/span[2], using=xpath}] Result: [id: 0.08558070645241611-97, id: 0.08558070645241611-98, id: 0.08558070645241611-99, id: 0.08558070645241611-100, id: 0.08558070645241611-101, id: 0.08558070645241611-102, id: 0.08558070645241611-103, id: 0.08558070645241611-104, id: 0.08558070645241611-105, id: 0.08558070645241611-106, id: 0.08558070645241611-107, id: 0.08558070645241611-108, id: 0.08558070645241611-109, id: 0.08558070645241611-110, id: 0.08558070645241611-111, id: 0.08558070645241611-112, id: 0.08558070645241611-113, id: 0.08558070645241611-114, id: 0.08558070645241611-115, id: 0.08558070645241611-116, id: 0.08558070645241611-117, id: 0.08558070645241611-118, id: 0.08558070645241611-119, id: 0.08558070645241611-120, id: 0.08558070645241611-121, id: 0.08558070645241611-122, id: 0.08558070645241611-123, id: 0.08558070645241611-124, id: 0.08558070645241611-125, id: 0.08558070645241611-126, id: 0.08558070645241611-127, id: 0.08558070645241611-128, id: 0.08558070645241611-129, id: 0.08558070645241611-130, id: 0.08558070645241611-131, id: 0.08558070645241611-132, id: 0.08558070645241611-133, id: 0.08558070645241611-134, id: 0.08558070645241611-135, id: 0.08558070645241611-136, id: 0.08558070645241611-137, id: 0.08558070645241611-138, id: 0.08558070645241611-139, id: 0.08558070645241611-140, id: 0.08558070645241611-141, id: 0.08558070645241611-142, id: 0.08558070645241611-143, id: 0.08558070645241611-144, id: 0.08558070645241611-145, id: 0.08558070645241611-146, id: 0.08558070645241611-147, id: 0.08558070645241611-148, id: 0.08558070645241611-149, id: 0.08558070645241611-150, id: 0.08558070645241611-151, id: 0.08558070645241611-152, id: 0.08558070645241611-153, id: 0.08558070645241611-154, id: 0.08558070645241611-155, id: 0.08558070645241611-156, id: 0.08558070645241611-157, id: 0.08558070645241611-158, id: 0.08558070645241611-159, id: 0.08558070645241611-160, id: 0.08558070645241611-161, id: 0.08558070645241611-162, id: 0.08558070645241611-163, id: 0.08558070645241611-164, id: 0.08558070645241611-165, id: 0.08558070645241611-166, id: 0.08558070645241611-167, id: 0.08558070645241611-168, id: 0.08558070645241611-169, id: 0.08558070645241611-170, id: 0.08558070645241611-171, id: 0.08558070645241611-172, id: 0.08558070645241611-173, id: 0.08558070645241611-174, id: 0.08558070645241611-175, id: 0.08558070645241611-176, id: 0.08558070645241611-177, id: 0.08558070645241611-178, id: 0.08558070645241611-179, id: 0.08558070645241611-180, id: 0.08558070645241611-181, id: 0.08558070645241611-182, id: 0.08558070645241611-183, id: 0.08558070645241611-184, id: 0.08558070645241611-185, id: 0.08558070645241611-186, id: 0.08558070645241611-187, id: 0.08558070645241611-188, id: 0.08558070645241611-189, id: 0.08558070645241611-190, id: 0.08558070645241611-191, id: 0.08558070645241611-192]
[WebDriverCommandLogger] - Executing getElementText element: By.xpath: //div[@id=&apos;c_articlelist_stories_2&apos;]/ul[1]/li/span[2]/span[2] parameters: {&quot;id&quot;:&quot;0.08558070645241611-111&quot;}
[WebDriverCommandLogger] - command: getElementText[ param-1: By.xpath: //div[@id=&apos;c_articlelist_stories_2&apos;]/ul[1]/li/span[2]/span[2] param-2: {&quot;id&quot;:&quot;0.08558070645241611-111&quot;}] Result: getElementText:12 HOURS AGO
[WebDriverCommandLogger] - Executing findElements parameters: {&quot;using&quot;:&quot;xpath&quot;,&quot;value&quot;:&quot;//div[@id=&apos;c_articlelist_stories_2&apos;]/ul[1]/li/span[1]/a&quot;}
[WebDriverCommandLogger] - command: findElements[ param-1: {value=//div[@id=&apos;c_articlelist_stories_2&apos;]/ul[1]/li/span[1]/a, using=xpath}] Result: [id: 0.08558070645241611-1, id: 0.08558070645241611-2, id: 0.08558070645241611-3, id: 0.08558070645241611-4, id: 0.08558070645241611-5, id: 0.08558070645241611-6, id: 0.08558070645241611-7, id: 0.08558070645241611-8, id: 0.08558070645241611-9, id: 0.08558070645241611-10, id: 0.08558070645241611-11, id: 0.08558070645241611-12, id: 0.08558070645241611-13, id: 0.08558070645241611-14, id: 0.08558070645241611-15, id: 0.08558070645241611-16, id: 0.08558070645241611-17, id: 0.08558070645241611-18, id: 0.08558070645241611-19, id: 0.08558070645241611-20, id: 0.08558070645241611-21, id: 0.08558070645241611-22, id: 0.08558070645241611-23, id: 0.08558070645241611-24, id: 0.08558070645241611-25, id: 0.08558070645241611-26, id: 0.08558070645241611-27, id: 0.08558070645241611-28, id: 0.08558070645241611-29, id: 0.08558070645241611-30, id: 0.08558070645241611-31, id: 0.08558070645241611-32, id: 0.08558070645241611-33, id: 0.08558070645241611-34, id: 0.08558070645241611-35, id: 0.08558070645241611-36, id: 0.08558070645241611-37, id: 0.08558070645241611-38, id: 0.08558070645241611-39, id: 0.08558070645241611-40, id: 0.08558070645241611-41, id: 0.08558070645241611-42, id: 0.08558070645241611-43, id: 0.08558070645241611-44, id: 0.08558070645241611-45, id: 0.08558070645241611-46, id: 0.08558070645241611-47, id: 0.08558070645241611-48, id: 0.08558070645241611-49, id: 0.08558070645241611-50, id: 0.08558070645241611-51, id: 0.08558070645241611-52, id: 0.08558070645241611-53, id: 0.08558070645241611-54, id: 0.08558070645241611-55, id: 0.08558070645241611-56, id: 0.08558070645241611-57, id: 0.08558070645241611-58, id: 0.08558070645241611-59, id: 0.08558070645241611-60, id: 0.08558070645241611-61, id: 0.08558070645241611-62, id: 0.08558070645241611-63, id: 0.08558070645241611-64, id: 0.08558070645241611-65, id: 0.08558070645241611-66, id: 0.08558070645241611-67, id: 0.08558070645241611-68, id: 0.08558070645241611-69, id: 0.08558070645241611-70, id: 0.08558070645241611-71, id: 0.08558070645241611-72, id: 0.08558070645241611-73, id: 0.08558070645241611-74, id: 0.08558070645241611-75, id: 0.08558070645241611-76, id: 0.08558070645241611-77, id: 0.08558070645241611-78, id: 0.08558070645241611-79, id: 0.08558070645241611-80, id: 0.08558070645241611-81, id: 0.08558070645241611-82, id: 0.08558070645241611-83, id: 0.08558070645241611-84, id: 0.08558070645241611-85, id: 0.08558070645241611-86, id: 0.08558070645241611-87, id: 0.08558070645241611-88, id: 0.08558070645241611-89, id: 0.08558070645241611-90, id: 0.08558070645241611-91, id: 0.08558070645241611-92, id: 0.08558070645241611-93, id: 0.08558070645241611-94, id: 0.08558070645241611-95, id: 0.08558070645241611-96]
[WebDriverCommandLogger] - Executing getElementText element: By.xpath: //div[@id=&apos;c_articlelist_stories_2&apos;]/ul[1]/li/span[1]/a parameters: {&quot;id&quot;:&quot;0.08558070645241611-15&quot;}
[WebDriverCommandLogger] - command: getElementText[ param-1: By.xpath: //div[@id=&apos;c_articlelist_stories_2&apos;]/ul[1]/li/span[1]/a param-2: {&quot;id&quot;:&quot;0.08558070645241611-15&quot;}] Result: getElementText:CME cadet drowns in waterfall near Tamhini
[WebDriverCommandLogger] - Executing findElements parameters: {&quot;using&quot;:&quot;xpath&quot;,&quot;value&quot;:&quot;//div[@id=&apos;c_articlelist_stories_2&apos;]/ul[1]/li/span[2]/span[2]&quot;}
[WebDriverCommandLogger] - command: findElements[ param-1: {value=//div[@id=&apos;c_articlelist_stories_2&apos;]/ul[1]/li/span[2]/span[2], using=xpath}] Result: [id: 0.08558070645241611-97, id: 0.08558070645241611-98, id: 0.08558070645241611-99, id: 0.08558070645241611-100, id: 0.08558070645241611-101, id: 0.08558070645241611-102, id: 0.08558070645241611-103, id: 0.08558070645241611-104, id: 0.08558070645241611-105, id: 0.08558070645241611-106, id: 0.08558070645241611-107, id: 0.08558070645241611-108, id: 0.08558070645241611-109, id: 0.08558070645241611-110, id: 0.08558070645241611-111, id: 0.08558070645241611-112, id: 0.08558070645241611-113, id: 0.08558070645241611-114, id: 0.08558070645241611-115, id: 0.08558070645241611-116, id: 0.08558070645241611-117, id: 0.08558070645241611-118, id: 0.08558070645241611-119, id: 0.08558070645241611-120, id: 0.08558070645241611-121, id: 0.08558070645241611-122, id: 0.08558070645241611-123, id: 0.08558070645241611-124, id: 0.08558070645241611-125, id: 0.08558070645241611-126, id: 0.08558070645241611-127, id: 0.08558070645241611-128, id: 0.08558070645241611-129, id: 0.08558070645241611-130, id: 0.08558070645241611-131, id: 0.08558070645241611-132, id: 0.08558070645241611-133, id: 0.08558070645241611-134, id: 0.08558070645241611-135, id: 0.08558070645241611-136, id: 0.08558070645241611-137, id: 0.08558070645241611-138, id: 0.08558070645241611-139, id: 0.08558070645241611-140, id: 0.08558070645241611-141, id: 0.08558070645241611-142, id: 0.08558070645241611-143, id: 0.08558070645241611-144, id: 0.08558070645241611-145, id: 0.08558070645241611-146, id: 0.08558070645241611-147, id: 0.08558070645241611-148, id: 0.08558070645241611-149, id: 0.08558070645241611-150, id: 0.08558070645241611-151, id: 0.08558070645241611-152, id: 0.08558070645241611-153, id: 0.08558070645241611-154, id: 0.08558070645241611-155, id: 0.08558070645241611-156, id: 0.08558070645241611-157, id: 0.08558070645241611-158, id: 0.08558070645241611-159, id: 0.08558070645241611-160, id: 0.08558070645241611-161, id: 0.08558070645241611-162, id: 0.08558070645241611-163, id: 0.08558070645241611-164, id: 0.08558070645241611-165, id: 0.08558070645241611-166, id: 0.08558070645241611-167, id: 0.08558070645241611-168, id: 0.08558070645241611-169, id: 0.08558070645241611-170, id: 0.08558070645241611-171, id: 0.08558070645241611-172, id: 0.08558070645241611-173, id: 0.08558070645241611-174, id: 0.08558070645241611-175, id: 0.08558070645241611-176, id: 0.08558070645241611-177, id: 0.08558070645241611-178, id: 0.08558070645241611-179, id: 0.08558070645241611-180, id: 0.08558070645241611-181, id: 0.08558070645241611-182, id: 0.08558070645241611-183, id: 0.08558070645241611-184, id: 0.08558070645241611-185, id: 0.08558070645241611-186, id: 0.08558070645241611-187, id: 0.08558070645241611-188, id: 0.08558070645241611-189, id: 0.08558070645241611-190, id: 0.08558070645241611-191, id: 0.08558070645241611-192]
[WebDriverCommandLogger] - Executing findElements parameters: {&quot;using&quot;:&quot;xpath&quot;,&quot;value&quot;:&quot;//div[@id=&apos;c_articlelist_stories_2&apos;]/ul[1]/li/span[2]/span[2]&quot;}
[WebDriverCommandLogger] - command: findElements[ param-1: {value=//div[@id=&apos;c_articlelist_stories_2&apos;]/ul[1]/li/span[2]/span[2], using=xpath}] Result: [id: 0.08558070645241611-97, id: 0.08558070645241611-98, id: 0.08558070645241611-99, id: 0.08558070645241611-100, id: 0.08558070645241611-101, id: 0.08558070645241611-102, id: 0.08558070645241611-103, id: 0.08558070645241611-104, id: 0.08558070645241611-105, id: 0.08558070645241611-106, id: 0.08558070645241611-107, id: 0.08558070645241611-108, id: 0.08558070645241611-109, id: 0.08558070645241611-110, id: 0.08558070645241611-111, id: 0.08558070645241611-112, id: 0.08558070645241611-113, id: 0.08558070645241611-114, id: 0.08558070645241611-115, id: 0.08558070645241611-116, id: 0.08558070645241611-117, id: 0.08558070645241611-118, id: 0.08558070645241611-119, id: 0.08558070645241611-120, id: 0.08558070645241611-121, id: 0.08558070645241611-122, id: 0.08558070645241611-123, id: 0.08558070645241611-124, id: 0.08558070645241611-125, id: 0.08558070645241611-126, id: 0.08558070645241611-127, id: 0.08558070645241611-128, id: 0.08558070645241611-129, id: 0.08558070645241611-130, id: 0.08558070645241611-131, id: 0.08558070645241611-132, id: 0.08558070645241611-133, id: 0.08558070645241611-134, id: 0.08558070645241611-135, id: 0.08558070645241611-136, id: 0.08558070645241611-137, id: 0.08558070645241611-138, id: 0.08558070645241611-139, id: 0.08558070645241611-140, id: 0.08558070645241611-141, id: 0.08558070645241611-142, id: 0.08558070645241611-143, id: 0.08558070645241611-144, id: 0.08558070645241611-145, id: 0.08558070645241611-146, id: 0.08558070645241611-147, id: 0.08558070645241611-148, id: 0.08558070645241611-149, id: 0.08558070645241611-150, id: 0.08558070645241611-151, id: 0.08558070645241611-152, id: 0.08558070645241611-153, id: 0.08558070645241611-154, id: 0.08558070645241611-155, id: 0.08558070645241611-156, id: 0.08558070645241611-157, id: 0.08558070645241611-158, id: 0.08558070645241611-159, id: 0.08558070645241611-160, id: 0.08558070645241611-161, id: 0.08558070645241611-162, id: 0.08558070645241611-163, id: 0.08558070645241611-164, id: 0.08558070645241611-165, id: 0.08558070645241611-166, id: 0.08558070645241611-167, id: 0.08558070645241611-168, id: 0.08558070645241611-169, id: 0.08558070645241611-170, id: 0.08558070645241611-171, id: 0.08558070645241611-172, id: 0.08558070645241611-173, id: 0.08558070645241611-174, id: 0.08558070645241611-175, id: 0.08558070645241611-176, id: 0.08558070645241611-177, id: 0.08558070645241611-178, id: 0.08558070645241611-179, id: 0.08558070645241611-180, id: 0.08558070645241611-181, id: 0.08558070645241611-182, id: 0.08558070645241611-183, id: 0.08558070645241611-184, id: 0.08558070645241611-185, id: 0.08558070645241611-186, id: 0.08558070645241611-187, id: 0.08558070645241611-188, id: 0.08558070645241611-189, id: 0.08558070645241611-190, id: 0.08558070645241611-191, id: 0.08558070645241611-192]
[WebDriverCommandLogger] - Executing getElementText element: By.xpath: //div[@id=&apos;c_articlelist_stories_2&apos;]/ul[1]/li/span[2]/span[2] parameters: {&quot;id&quot;:&quot;0.08558070645241611-112&quot;}
[WebDriverCommandLogger] - command: getElementText[ param-1: By.xpath: //div[@id=&apos;c_articlelist_stories_2&apos;]/ul[1]/li/span[2]/span[2] param-2: {&quot;id&quot;:&quot;0.08558070645241611-112&quot;}] Result: getElementText:12 HOURS AGO
[WebDriverCommandLogger] - Executing findElements parameters: {&quot;using&quot;:&quot;xpath&quot;,&quot;value&quot;:&quot;//div[@id=&apos;c_articlelist_stories_2&apos;]/ul[1]/li/span[1]/a&quot;}
[WebDriverCommandLogger] - command: findElements[ param-1: {value=//div[@id=&apos;c_articlelist_stories_2&apos;]/ul[1]/li/span[1]/a, using=xpath}] Result: [id: 0.08558070645241611-1, id: 0.08558070645241611-2, id: 0.08558070645241611-3, id: 0.08558070645241611-4, id: 0.08558070645241611-5, id: 0.08558070645241611-6, id: 0.08558070645241611-7, id: 0.08558070645241611-8, id: 0.08558070645241611-9, id: 0.08558070645241611-10, id: 0.08558070645241611-11, id: 0.08558070645241611-12, id: 0.08558070645241611-13, id: 0.08558070645241611-14, id: 0.08558070645241611-15, id: 0.08558070645241611-16, id: 0.08558070645241611-17, id: 0.08558070645241611-18, id: 0.08558070645241611-19, id: 0.08558070645241611-20, id: 0.08558070645241611-21, id: 0.08558070645241611-22, id: 0.08558070645241611-23, id: 0.08558070645241611-24, id: 0.08558070645241611-25, id: 0.08558070645241611-26, id: 0.08558070645241611-27, id: 0.08558070645241611-28, id: 0.08558070645241611-29, id: 0.08558070645241611-30, id: 0.08558070645241611-31, id: 0.08558070645241611-32, id: 0.08558070645241611-33, id: 0.08558070645241611-34, id: 0.08558070645241611-35, id: 0.08558070645241611-36, id: 0.08558070645241611-37, id: 0.08558070645241611-38, id: 0.08558070645241611-39, id: 0.08558070645241611-40, id: 0.08558070645241611-41, id: 0.08558070645241611-42, id: 0.08558070645241611-43, id: 0.08558070645241611-44, id: 0.08558070645241611-45, id: 0.08558070645241611-46, id: 0.08558070645241611-47, id: 0.08558070645241611-48, id: 0.08558070645241611-49, id: 0.08558070645241611-50, id: 0.08558070645241611-51, id: 0.08558070645241611-52, id: 0.08558070645241611-53, id: 0.08558070645241611-54, id: 0.08558070645241611-55, id: 0.08558070645241611-56, id: 0.08558070645241611-57, id: 0.08558070645241611-58, id: 0.08558070645241611-59, id: 0.08558070645241611-60, id: 0.08558070645241611-61, id: 0.08558070645241611-62, id: 0.08558070645241611-63, id: 0.08558070645241611-64, id: 0.08558070645241611-65, id: 0.08558070645241611-66, id: 0.08558070645241611-67, id: 0.08558070645241611-68, id: 0.08558070645241611-69, id: 0.08558070645241611-70, id: 0.08558070645241611-71, id: 0.08558070645241611-72, id: 0.08558070645241611-73, id: 0.08558070645241611-74, id: 0.08558070645241611-75, id: 0.08558070645241611-76, id: 0.08558070645241611-77, id: 0.08558070645241611-78, id: 0.08558070645241611-79, id: 0.08558070645241611-80, id: 0.08558070645241611-81, id: 0.08558070645241611-82, id: 0.08558070645241611-83, id: 0.08558070645241611-84, id: 0.08558070645241611-85, id: 0.08558070645241611-86, id: 0.08558070645241611-87, id: 0.08558070645241611-88, id: 0.08558070645241611-89, id: 0.08558070645241611-90, id: 0.08558070645241611-91, id: 0.08558070645241611-92, id: 0.08558070645241611-93, id: 0.08558070645241611-94, id: 0.08558070645241611-95, id: 0.08558070645241611-96]
[WebDriverCommandLogger] - Executing getElementText element: By.xpath: //div[@id=&apos;c_articlelist_stories_2&apos;]/ul[1]/li/span[1]/a parameters: {&quot;id&quot;:&quot;0.08558070645241611-16&quot;}
[WebDriverCommandLogger] - command: getElementText[ param-1: By.xpath: //div[@id=&apos;c_articlelist_stories_2&apos;]/ul[1]/li/span[1]/a param-2: {&quot;id&quot;:&quot;0.08558070645241611-16&quot;}] Result: getElementText:Rs 65,000 stolen from scooter’s boot
[WebDriverCommandLogger] - Executing findElements parameters: {&quot;using&quot;:&quot;xpath&quot;,&quot;value&quot;:&quot;//div[@id=&apos;c_articlelist_stories_2&apos;]/ul[1]/li/span[2]/span[2]&quot;}
[WebDriverCommandLogger] - command: findElements[ param-1: {value=//div[@id=&apos;c_articlelist_stories_2&apos;]/ul[1]/li/span[2]/span[2], using=xpath}] Result: [id: 0.08558070645241611-97, id: 0.08558070645241611-98, id: 0.08558070645241611-99, id: 0.08558070645241611-100, id: 0.08558070645241611-101, id: 0.08558070645241611-102, id: 0.08558070645241611-103, id: 0.08558070645241611-104, id: 0.08558070645241611-105, id: 0.08558070645241611-106, id: 0.08558070645241611-107, id: 0.08558070645241611-108, id: 0.08558070645241611-109, id: 0.08558070645241611-110, id: 0.08558070645241611-111, id: 0.08558070645241611-112, id: 0.08558070645241611-113, id: 0.08558070645241611-114, id: 0.08558070645241611-115, id: 0.08558070645241611-116, id: 0.08558070645241611-117, id: 0.08558070645241611-118, id: 0.08558070645241611-119, id: 0.08558070645241611-120, id: 0.08558070645241611-121, id: 0.08558070645241611-122, id: 0.08558070645241611-123, id: 0.08558070645241611-124, id: 0.08558070645241611-125, id: 0.08558070645241611-126, id: 0.08558070645241611-127, id: 0.08558070645241611-128, id: 0.08558070645241611-129, id: 0.08558070645241611-130, id: 0.08558070645241611-131, id: 0.08558070645241611-132, id: 0.08558070645241611-133, id: 0.08558070645241611-134, id: 0.08558070645241611-135, id: 0.08558070645241611-136, id: 0.08558070645241611-137, id: 0.08558070645241611-138, id: 0.08558070645241611-139, id: 0.08558070645241611-140, id: 0.08558070645241611-141, id: 0.08558070645241611-142, id: 0.08558070645241611-143, id: 0.08558070645241611-144, id: 0.08558070645241611-145, id: 0.08558070645241611-146, id: 0.08558070645241611-147, id: 0.08558070645241611-148, id: 0.08558070645241611-149, id: 0.08558070645241611-150, id: 0.08558070645241611-151, id: 0.08558070645241611-152, id: 0.08558070645241611-153, id: 0.08558070645241611-154, id: 0.08558070645241611-155, id: 0.08558070645241611-156, id: 0.08558070645241611-157, id: 0.08558070645241611-158, id: 0.08558070645241611-159, id: 0.08558070645241611-160, id: 0.08558070645241611-161, id: 0.08558070645241611-162, id: 0.08558070645241611-163, id: 0.08558070645241611-164, id: 0.08558070645241611-165, id: 0.08558070645241611-166, id: 0.08558070645241611-167, id: 0.08558070645241611-168, id: 0.08558070645241611-169, id: 0.08558070645241611-170, id: 0.08558070645241611-171, id: 0.08558070645241611-172, id: 0.08558070645241611-173, id: 0.08558070645241611-174, id: 0.08558070645241611-175, id: 0.08558070645241611-176, id: 0.08558070645241611-177, id: 0.08558070645241611-178, id: 0.08558070645241611-179, id: 0.08558070645241611-180, id: 0.08558070645241611-181, id: 0.08558070645241611-182, id: 0.08558070645241611-183, id: 0.08558070645241611-184, id: 0.08558070645241611-185, id: 0.08558070645241611-186, id: 0.08558070645241611-187, id: 0.08558070645241611-188, id: 0.08558070645241611-189, id: 0.08558070645241611-190, id: 0.08558070645241611-191, id: 0.08558070645241611-192]
[WebDriverCommandLogger] - Executing findElements parameters: {&quot;using&quot;:&quot;xpath&quot;,&quot;value&quot;:&quot;//div[@id=&apos;c_articlelist_stories_2&apos;]/ul[1]/li/span[2]/span[2]&quot;}
[WebDriverCommandLogger] - command: findElements[ param-1: {value=//div[@id=&apos;c_articlelist_stories_2&apos;]/ul[1]/li/span[2]/span[2], using=xpath}] Result: [id: 0.08558070645241611-97, id: 0.08558070645241611-98, id: 0.08558070645241611-99, id: 0.08558070645241611-100, id: 0.08558070645241611-101, id: 0.08558070645241611-102, id: 0.08558070645241611-103, id: 0.08558070645241611-104, id: 0.08558070645241611-105, id: 0.08558070645241611-106, id: 0.08558070645241611-107, id: 0.08558070645241611-108, id: 0.08558070645241611-109, id: 0.08558070645241611-110, id: 0.08558070645241611-111, id: 0.08558070645241611-112, id: 0.08558070645241611-113, id: 0.08558070645241611-114, id: 0.08558070645241611-115, id: 0.08558070645241611-116, id: 0.08558070645241611-117, id: 0.08558070645241611-118, id: 0.08558070645241611-119, id: 0.08558070645241611-120, id: 0.08558070645241611-121, id: 0.08558070645241611-122, id: 0.08558070645241611-123, id: 0.08558070645241611-124, id: 0.08558070645241611-125, id: 0.08558070645241611-126, id: 0.08558070645241611-127, id: 0.08558070645241611-128, id: 0.08558070645241611-129, id: 0.08558070645241611-130, id: 0.08558070645241611-131, id: 0.08558070645241611-132, id: 0.08558070645241611-133, id: 0.08558070645241611-134, id: 0.08558070645241611-135, id: 0.08558070645241611-136, id: 0.08558070645241611-137, id: 0.08558070645241611-138, id: 0.08558070645241611-139, id: 0.08558070645241611-140, id: 0.08558070645241611-141, id: 0.08558070645241611-142, id: 0.08558070645241611-143, id: 0.08558070645241611-144, id: 0.08558070645241611-145, id: 0.08558070645241611-146, id: 0.08558070645241611-147, id: 0.08558070645241611-148, id: 0.08558070645241611-149, id: 0.08558070645241611-150, id: 0.08558070645241611-151, id: 0.08558070645241611-152, id: 0.08558070645241611-153, id: 0.08558070645241611-154, id: 0.08558070645241611-155, id: 0.08558070645241611-156, id: 0.08558070645241611-157, id: 0.08558070645241611-158, id: 0.08558070645241611-159, id: 0.08558070645241611-160, id: 0.08558070645241611-161, id: 0.08558070645241611-162, id: 0.08558070645241611-163, id: 0.08558070645241611-164, id: 0.08558070645241611-165, id: 0.08558070645241611-166, id: 0.08558070645241611-167, id: 0.08558070645241611-168, id: 0.08558070645241611-169, id: 0.08558070645241611-170, id: 0.08558070645241611-171, id: 0.08558070645241611-172, id: 0.08558070645241611-173, id: 0.08558070645241611-174, id: 0.08558070645241611-175, id: 0.08558070645241611-176, id: 0.08558070645241611-177, id: 0.08558070645241611-178, id: 0.08558070645241611-179, id: 0.08558070645241611-180, id: 0.08558070645241611-181, id: 0.08558070645241611-182, id: 0.08558070645241611-183, id: 0.08558070645241611-184, id: 0.08558070645241611-185, id: 0.08558070645241611-186, id: 0.08558070645241611-187, id: 0.08558070645241611-188, id: 0.08558070645241611-189, id: 0.08558070645241611-190, id: 0.08558070645241611-191, id: 0.08558070645241611-192]
[WebDriverCommandLogger] - Executing getElementText element: By.xpath: //div[@id=&apos;c_articlelist_stories_2&apos;]/ul[1]/li/span[2]/span[2] parameters: {&quot;id&quot;:&quot;0.08558070645241611-113&quot;}
[WebDriverCommandLogger] - command: getElementText[ param-1: By.xpath: //div[@id=&apos;c_articlelist_stories_2&apos;]/ul[1]/li/span[2]/span[2] param-2: {&quot;id&quot;:&quot;0.08558070645241611-113&quot;}] Result: getElementText:12 HOURS AGO
[WebDriverCommandLogger] - Executing findElements parameters: {&quot;using&quot;:&quot;xpath&quot;,&quot;value&quot;:&quot;//div[@id=&apos;c_articlelist_stories_2&apos;]/ul[1]/li/span[1]/a&quot;}
[WebDriverCommandLogger] - command: findElements[ param-1: {value=//div[@id=&apos;c_articlelist_stories_2&apos;]/ul[1]/li/span[1]/a, using=xpath}] Result: [id: 0.08558070645241611-1, id: 0.08558070645241611-2, id: 0.08558070645241611-3, id: 0.08558070645241611-4, id: 0.08558070645241611-5, id: 0.08558070645241611-6, id: 0.08558070645241611-7, id: 0.08558070645241611-8, id: 0.08558070645241611-9, id: 0.08558070645241611-10, id: 0.08558070645241611-11, id: 0.08558070645241611-12, id: 0.08558070645241611-13, id: 0.08558070645241611-14, id: 0.08558070645241611-15, id: 0.08558070645241611-16, id: 0.08558070645241611-17, id: 0.08558070645241611-18, id: 0.08558070645241611-19, id: 0.08558070645241611-20, id: 0.08558070645241611-21, id: 0.08558070645241611-22, id: 0.08558070645241611-23, id: 0.08558070645241611-24, id: 0.08558070645241611-25, id: 0.08558070645241611-26, id: 0.08558070645241611-27, id: 0.08558070645241611-28, id: 0.08558070645241611-29, id: 0.08558070645241611-30, id: 0.08558070645241611-31, id: 0.08558070645241611-32, id: 0.08558070645241611-33, id: 0.08558070645241611-34, id: 0.08558070645241611-35, id: 0.08558070645241611-36, id: 0.08558070645241611-37, id: 0.08558070645241611-38, id: 0.08558070645241611-39, id: 0.08558070645241611-40, id: 0.08558070645241611-41, id: 0.08558070645241611-42, id: 0.08558070645241611-43, id: 0.08558070645241611-44, id: 0.08558070645241611-45, id: 0.08558070645241611-46, id: 0.08558070645241611-47, id: 0.08558070645241611-48, id: 0.08558070645241611-49, id: 0.08558070645241611-50, id: 0.08558070645241611-51, id: 0.08558070645241611-52, id: 0.08558070645241611-53, id: 0.08558070645241611-54, id: 0.08558070645241611-55, id: 0.08558070645241611-56, id: 0.08558070645241611-57, id: 0.08558070645241611-58, id: 0.08558070645241611-59, id: 0.08558070645241611-60, id: 0.08558070645241611-61, id: 0.08558070645241611-62, id: 0.08558070645241611-63, id: 0.08558070645241611-64, id: 0.08558070645241611-65, id: 0.08558070645241611-66, id: 0.08558070645241611-67, id: 0.08558070645241611-68, id: 0.08558070645241611-69, id: 0.08558070645241611-70, id: 0.08558070645241611-71, id: 0.08558070645241611-72, id: 0.08558070645241611-73, id: 0.08558070645241611-74, id: 0.08558070645241611-75, id: 0.08558070645241611-76, id: 0.08558070645241611-77, id: 0.08558070645241611-78, id: 0.08558070645241611-79, id: 0.08558070645241611-80, id: 0.08558070645241611-81, id: 0.08558070645241611-82, id: 0.08558070645241611-83, id: 0.08558070645241611-84, id: 0.08558070645241611-85, id: 0.08558070645241611-86, id: 0.08558070645241611-87, id: 0.08558070645241611-88, id: 0.08558070645241611-89, id: 0.08558070645241611-90, id: 0.08558070645241611-91, id: 0.08558070645241611-92, id: 0.08558070645241611-93, id: 0.08558070645241611-94, id: 0.08558070645241611-95, id: 0.08558070645241611-96]
[WebDriverCommandLogger] - Executing getElementText element: By.xpath: //div[@id=&apos;c_articlelist_stories_2&apos;]/ul[1]/li/span[1]/a parameters: {&quot;id&quot;:&quot;0.08558070645241611-17&quot;}
[WebDriverCommandLogger] - command: getElementText[ param-1: By.xpath: //div[@id=&apos;c_articlelist_stories_2&apos;]/ul[1]/li/span[1]/a param-2: {&quot;id&quot;:&quot;0.08558070645241611-17&quot;}] Result: getElementText:Baglifters target parked car again, decamp with cameras worth Rs 7L
[WebDriverCommandLogger] - Executing findElements parameters: {&quot;using&quot;:&quot;xpath&quot;,&quot;value&quot;:&quot;//div[@id=&apos;c_articlelist_stories_2&apos;]/ul[1]/li/span[2]/span[2]&quot;}
[WebDriverCommandLogger] - command: findElements[ param-1: {value=//div[@id=&apos;c_articlelist_stories_2&apos;]/ul[1]/li/span[2]/span[2], using=xpath}] Result: [id: 0.08558070645241611-97, id: 0.08558070645241611-98, id: 0.08558070645241611-99, id: 0.08558070645241611-100, id: 0.08558070645241611-101, id: 0.08558070645241611-102, id: 0.08558070645241611-103, id: 0.08558070645241611-104, id: 0.08558070645241611-105, id: 0.08558070645241611-106, id: 0.08558070645241611-107, id: 0.08558070645241611-108, id: 0.08558070645241611-109, id: 0.08558070645241611-110, id: 0.08558070645241611-111, id: 0.08558070645241611-112, id: 0.08558070645241611-113, id: 0.08558070645241611-114, id: 0.08558070645241611-115, id: 0.08558070645241611-116, id: 0.08558070645241611-117, id: 0.08558070645241611-118, id: 0.08558070645241611-119, id: 0.08558070645241611-120, id: 0.08558070645241611-121, id: 0.08558070645241611-122, id: 0.08558070645241611-123, id: 0.08558070645241611-124, id: 0.08558070645241611-125, id: 0.08558070645241611-126, id: 0.08558070645241611-127, id: 0.08558070645241611-128, id: 0.08558070645241611-129, id: 0.08558070645241611-130, id: 0.08558070645241611-131, id: 0.08558070645241611-132, id: 0.08558070645241611-133, id: 0.08558070645241611-134, id: 0.08558070645241611-135, id: 0.08558070645241611-136, id: 0.08558070645241611-137, id: 0.08558070645241611-138, id: 0.08558070645241611-139, id: 0.08558070645241611-140, id: 0.08558070645241611-141, id: 0.08558070645241611-142, id: 0.08558070645241611-143, id: 0.08558070645241611-144, id: 0.08558070645241611-145, id: 0.08558070645241611-146, id: 0.08558070645241611-147, id: 0.08558070645241611-148, id: 0.08558070645241611-149, id: 0.08558070645241611-150, id: 0.08558070645241611-151, id: 0.08558070645241611-152, id: 0.08558070645241611-153, id: 0.08558070645241611-154, id: 0.08558070645241611-155, id: 0.08558070645241611-156, id: 0.08558070645241611-157, id: 0.08558070645241611-158, id: 0.08558070645241611-159, id: 0.08558070645241611-160, id: 0.08558070645241611-161, id: 0.08558070645241611-162, id: 0.08558070645241611-163, id: 0.08558070645241611-164, id: 0.08558070645241611-165, id: 0.08558070645241611-166, id: 0.08558070645241611-167, id: 0.08558070645241611-168, id: 0.08558070645241611-169, id: 0.08558070645241611-170, id: 0.08558070645241611-171, id: 0.08558070645241611-172, id: 0.08558070645241611-173, id: 0.08558070645241611-174, id: 0.08558070645241611-175, id: 0.08558070645241611-176, id: 0.08558070645241611-177, id: 0.08558070645241611-178, id: 0.08558070645241611-179, id: 0.08558070645241611-180, id: 0.08558070645241611-181, id: 0.08558070645241611-182, id: 0.08558070645241611-183, id: 0.08558070645241611-184, id: 0.08558070645241611-185, id: 0.08558070645241611-186, id: 0.08558070645241611-187, id: 0.08558070645241611-188, id: 0.08558070645241611-189, id: 0.08558070645241611-190, id: 0.08558070645241611-191, id: 0.08558070645241611-192]
[WebDriverCommandLogger] - Executing findElements parameters: {&quot;using&quot;:&quot;xpath&quot;,&quot;value&quot;:&quot;//div[@id=&apos;c_articlelist_stories_2&apos;]/ul[1]/li/span[2]/span[2]&quot;}
[WebDriverCommandLogger] - command: findElements[ param-1: {value=//div[@id=&apos;c_articlelist_stories_2&apos;]/ul[1]/li/span[2]/span[2], using=xpath}] Result: [id: 0.08558070645241611-97, id: 0.08558070645241611-98, id: 0.08558070645241611-99, id: 0.08558070645241611-100, id: 0.08558070645241611-101, id: 0.08558070645241611-102, id: 0.08558070645241611-103, id: 0.08558070645241611-104, id: 0.08558070645241611-105, id: 0.08558070645241611-106, id: 0.08558070645241611-107, id: 0.08558070645241611-108, id: 0.08558070645241611-109, id: 0.08558070645241611-110, id: 0.08558070645241611-111, id: 0.08558070645241611-112, id: 0.08558070645241611-113, id: 0.08558070645241611-114, id: 0.08558070645241611-115, id: 0.08558070645241611-116, id: 0.08558070645241611-117, id: 0.08558070645241611-118, id: 0.08558070645241611-119, id: 0.08558070645241611-120, id: 0.08558070645241611-121, id: 0.08558070645241611-122, id: 0.08558070645241611-123, id: 0.08558070645241611-124, id: 0.08558070645241611-125, id: 0.08558070645241611-126, id: 0.08558070645241611-127, id: 0.08558070645241611-128, id: 0.08558070645241611-129, id: 0.08558070645241611-130, id: 0.08558070645241611-131, id: 0.08558070645241611-132, id: 0.08558070645241611-133, id: 0.08558070645241611-134, id: 0.08558070645241611-135, id: 0.08558070645241611-136, id: 0.08558070645241611-137, id: 0.08558070645241611-138, id: 0.08558070645241611-139, id: 0.08558070645241611-140, id: 0.08558070645241611-141, id: 0.08558070645241611-142, id: 0.08558070645241611-143, id: 0.08558070645241611-144, id: 0.08558070645241611-145, id: 0.08558070645241611-146, id: 0.08558070645241611-147, id: 0.08558070645241611-148, id: 0.08558070645241611-149, id: 0.08558070645241611-150, id: 0.08558070645241611-151, id: 0.08558070645241611-152, id: 0.08558070645241611-153, id: 0.08558070645241611-154, id: 0.08558070645241611-155, id: 0.08558070645241611-156, id: 0.08558070645241611-157, id: 0.08558070645241611-158, id: 0.08558070645241611-159, id: 0.08558070645241611-160, id: 0.08558070645241611-161, id: 0.08558070645241611-162, id: 0.08558070645241611-163, id: 0.08558070645241611-164, id: 0.08558070645241611-165, id: 0.08558070645241611-166, id: 0.08558070645241611-167, id: 0.08558070645241611-168, id: 0.08558070645241611-169, id: 0.08558070645241611-170, id: 0.08558070645241611-171, id: 0.08558070645241611-172, id: 0.08558070645241611-173, id: 0.08558070645241611-174, id: 0.08558070645241611-175, id: 0.08558070645241611-176, id: 0.08558070645241611-177, id: 0.08558070645241611-178, id: 0.08558070645241611-179, id: 0.08558070645241611-180, id: 0.08558070645241611-181, id: 0.08558070645241611-182, id: 0.08558070645241611-183, id: 0.08558070645241611-184, id: 0.08558070645241611-185, id: 0.08558070645241611-186, id: 0.08558070645241611-187, id: 0.08558070645241611-188, id: 0.08558070645241611-189, id: 0.08558070645241611-190, id: 0.08558070645241611-191, id: 0.08558070645241611-192]
[WebDriverCommandLogger] - Executing getElementText element: By.xpath: //div[@id=&apos;c_articlelist_stories_2&apos;]/ul[1]/li/span[2]/span[2] parameters: {&quot;id&quot;:&quot;0.08558070645241611-114&quot;}
[WebDriverCommandLogger] - command: getElementText[ param-1: By.xpath: //div[@id=&apos;c_articlelist_stories_2&apos;]/ul[1]/li/span[2]/span[2] param-2: {&quot;id&quot;:&quot;0.08558070645241611-114&quot;}] Result: getElementText:13 HOURS AGO
[WebDriverCommandLogger] - Executing findElements parameters: {&quot;using&quot;:&quot;xpath&quot;,&quot;value&quot;:&quot;//div[@id=&apos;c_articlelist_stories_2&apos;]/ul[1]/li/span[1]/a&quot;}
[WebDriverCommandLogger] - command: findElements[ param-1: {value=//div[@id=&apos;c_articlelist_stories_2&apos;]/ul[1]/li/span[1]/a, using=xpath}] Result: [id: 0.08558070645241611-1, id: 0.08558070645241611-2, id: 0.08558070645241611-3, id: 0.08558070645241611-4, id: 0.08558070645241611-5, id: 0.08558070645241611-6, id: 0.08558070645241611-7, id: 0.08558070645241611-8, id: 0.08558070645241611-9, id: 0.08558070645241611-10, id: 0.08558070645241611-11, id: 0.08558070645241611-12, id: 0.08558070645241611-13, id: 0.08558070645241611-14, id: 0.08558070645241611-15, id: 0.08558070645241611-16, id: 0.08558070645241611-17, id: 0.08558070645241611-18, id: 0.08558070645241611-19, id: 0.08558070645241611-20, id: 0.08558070645241611-21, id: 0.08558070645241611-22, id: 0.08558070645241611-23, id: 0.08558070645241611-24, id: 0.08558070645241611-25, id: 0.08558070645241611-26, id: 0.08558070645241611-27, id: 0.08558070645241611-28, id: 0.08558070645241611-29, id: 0.08558070645241611-30, id: 0.08558070645241611-31, id: 0.08558070645241611-32, id: 0.08558070645241611-33, id: 0.08558070645241611-34, id: 0.08558070645241611-35, id: 0.08558070645241611-36, id: 0.08558070645241611-37, id: 0.08558070645241611-38, id: 0.08558070645241611-39, id: 0.08558070645241611-40, id: 0.08558070645241611-41, id: 0.08558070645241611-42, id: 0.08558070645241611-43, id: 0.08558070645241611-44, id: 0.08558070645241611-45, id: 0.08558070645241611-46, id: 0.08558070645241611-47, id: 0.08558070645241611-48, id: 0.08558070645241611-49, id: 0.08558070645241611-50, id: 0.08558070645241611-51, id: 0.08558070645241611-52, id: 0.08558070645241611-53, id: 0.08558070645241611-54, id: 0.08558070645241611-55, id: 0.08558070645241611-56, id: 0.08558070645241611-57, id: 0.08558070645241611-58, id: 0.08558070645241611-59, id: 0.08558070645241611-60, id: 0.08558070645241611-61, id: 0.08558070645241611-62, id: 0.08558070645241611-63, id: 0.08558070645241611-64, id: 0.08558070645241611-65, id: 0.08558070645241611-66, id: 0.08558070645241611-67, id: 0.08558070645241611-68, id: 0.08558070645241611-69, id: 0.08558070645241611-70, id: 0.08558070645241611-71, id: 0.08558070645241611-72, id: 0.08558070645241611-73, id: 0.08558070645241611-74, id: 0.08558070645241611-75, id: 0.08558070645241611-76, id: 0.08558070645241611-77, id: 0.08558070645241611-78, id: 0.08558070645241611-79, id: 0.08558070645241611-80, id: 0.08558070645241611-81, id: 0.08558070645241611-82, id: 0.08558070645241611-83, id: 0.08558070645241611-84, id: 0.08558070645241611-85, id: 0.08558070645241611-86, id: 0.08558070645241611-87, id: 0.08558070645241611-88, id: 0.08558070645241611-89, id: 0.08558070645241611-90, id: 0.08558070645241611-91, id: 0.08558070645241611-92, id: 0.08558070645241611-93, id: 0.08558070645241611-94, id: 0.08558070645241611-95, id: 0.08558070645241611-96]
[WebDriverCommandLogger] - Executing getElementText element: By.xpath: //div[@id=&apos;c_articlelist_stories_2&apos;]/ul[1]/li/span[1]/a parameters: {&quot;id&quot;:&quot;0.08558070645241611-18&quot;}
[WebDriverCommandLogger] - command: getElementText[ param-1: By.xpath: //div[@id=&apos;c_articlelist_stories_2&apos;]/ul[1]/li/span[1]/a param-2: {&quot;id&quot;:&quot;0.08558070645241611-18&quot;}] Result: getElementText:Two held for mobile thefts
[WebDriverCommandLogger] - Executing findElements parameters: {&quot;using&quot;:&quot;xpath&quot;,&quot;value&quot;:&quot;//div[@id=&apos;c_articlelist_stories_2&apos;]/ul[1]/li/span[2]/span[2]&quot;}
[WebDriverCommandLogger] - command: findElements[ param-1: {value=//div[@id=&apos;c_articlelist_stories_2&apos;]/ul[1]/li/span[2]/span[2], using=xpath}] Result: [id: 0.08558070645241611-97, id: 0.08558070645241611-98, id: 0.08558070645241611-99, id: 0.08558070645241611-100, id: 0.08558070645241611-101, id: 0.08558070645241611-102, id: 0.08558070645241611-103, id: 0.08558070645241611-104, id: 0.08558070645241611-105, id: 0.08558070645241611-106, id: 0.08558070645241611-107, id: 0.08558070645241611-108, id: 0.08558070645241611-109, id: 0.08558070645241611-110, id: 0.08558070645241611-111, id: 0.08558070645241611-112, id: 0.08558070645241611-113, id: 0.08558070645241611-114, id: 0.08558070645241611-115, id: 0.08558070645241611-116, id: 0.08558070645241611-117, id: 0.08558070645241611-118, id: 0.08558070645241611-119, id: 0.08558070645241611-120, id: 0.08558070645241611-121, id: 0.08558070645241611-122, id: 0.08558070645241611-123, id: 0.08558070645241611-124, id: 0.08558070645241611-125, id: 0.08558070645241611-126, id: 0.08558070645241611-127, id: 0.08558070645241611-128, id: 0.08558070645241611-129, id: 0.08558070645241611-130, id: 0.08558070645241611-131, id: 0.08558070645241611-132, id: 0.08558070645241611-133, id: 0.08558070645241611-134, id: 0.08558070645241611-135, id: 0.08558070645241611-136, id: 0.08558070645241611-137, id: 0.08558070645241611-138, id: 0.08558070645241611-139, id: 0.08558070645241611-140, id: 0.08558070645241611-141, id: 0.08558070645241611-142, id: 0.08558070645241611-143, id: 0.08558070645241611-144, id: 0.08558070645241611-145, id: 0.08558070645241611-146, id: 0.08558070645241611-147, id: 0.08558070645241611-148, id: 0.08558070645241611-149, id: 0.08558070645241611-150, id: 0.08558070645241611-151, id: 0.08558070645241611-152, id: 0.08558070645241611-153, id: 0.08558070645241611-154, id: 0.08558070645241611-155, id: 0.08558070645241611-156, id: 0.08558070645241611-157, id: 0.08558070645241611-158, id: 0.08558070645241611-159, id: 0.08558070645241611-160, id: 0.08558070645241611-161, id: 0.08558070645241611-162, id: 0.08558070645241611-163, id: 0.08558070645241611-164, id: 0.08558070645241611-165, id: 0.08558070645241611-166, id: 0.08558070645241611-167, id: 0.08558070645241611-168, id: 0.08558070645241611-169, id: 0.08558070645241611-170, id: 0.08558070645241611-171, id: 0.08558070645241611-172, id: 0.08558070645241611-173, id: 0.08558070645241611-174, id: 0.08558070645241611-175, id: 0.08558070645241611-176, id: 0.08558070645241611-177, id: 0.08558070645241611-178, id: 0.08558070645241611-179, id: 0.08558070645241611-180, id: 0.08558070645241611-181, id: 0.08558070645241611-182, id: 0.08558070645241611-183, id: 0.08558070645241611-184, id: 0.08558070645241611-185, id: 0.08558070645241611-186, id: 0.08558070645241611-187, id: 0.08558070645241611-188, id: 0.08558070645241611-189, id: 0.08558070645241611-190, id: 0.08558070645241611-191, id: 0.08558070645241611-192]
[WebDriverCommandLogger] - Executing findElements parameters: {&quot;using&quot;:&quot;xpath&quot;,&quot;value&quot;:&quot;//div[@id=&apos;c_articlelist_stories_2&apos;]/ul[1]/li/span[2]/span[2]&quot;}
[WebDriverCommandLogger] - command: findElements[ param-1: {value=//div[@id=&apos;c_articlelist_stories_2&apos;]/ul[1]/li/span[2]/span[2], using=xpath}] Result: [id: 0.08558070645241611-97, id: 0.08558070645241611-98, id: 0.08558070645241611-99, id: 0.08558070645241611-100, id: 0.08558070645241611-101, id: 0.08558070645241611-102, id: 0.08558070645241611-103, id: 0.08558070645241611-104, id: 0.08558070645241611-105, id: 0.08558070645241611-106, id: 0.08558070645241611-107, id: 0.08558070645241611-108, id: 0.08558070645241611-109, id: 0.08558070645241611-110, id: 0.08558070645241611-111, id: 0.08558070645241611-112, id: 0.08558070645241611-113, id: 0.08558070645241611-114, id: 0.08558070645241611-115, id: 0.08558070645241611-116, id: 0.08558070645241611-117, id: 0.08558070645241611-118, id: 0.08558070645241611-119, id: 0.08558070645241611-120, id: 0.08558070645241611-121, id: 0.08558070645241611-122, id: 0.08558070645241611-123, id: 0.08558070645241611-124, id: 0.08558070645241611-125, id: 0.08558070645241611-126, id: 0.08558070645241611-127, id: 0.08558070645241611-128, id: 0.08558070645241611-129, id: 0.08558070645241611-130, id: 0.08558070645241611-131, id: 0.08558070645241611-132, id: 0.08558070645241611-133, id: 0.08558070645241611-134, id: 0.08558070645241611-135, id: 0.08558070645241611-136, id: 0.08558070645241611-137, id: 0.08558070645241611-138, id: 0.08558070645241611-139, id: 0.08558070645241611-140, id: 0.08558070645241611-141, id: 0.08558070645241611-142, id: 0.08558070645241611-143, id: 0.08558070645241611-144, id: 0.08558070645241611-145, id: 0.08558070645241611-146, id: 0.08558070645241611-147, id: 0.08558070645241611-148, id: 0.08558070645241611-149, id: 0.08558070645241611-150, id: 0.08558070645241611-151, id: 0.08558070645241611-152, id: 0.08558070645241611-153, id: 0.08558070645241611-154, id: 0.08558070645241611-155, id: 0.08558070645241611-156, id: 0.08558070645241611-157, id: 0.08558070645241611-158, id: 0.08558070645241611-159, id: 0.08558070645241611-160, id: 0.08558070645241611-161, id: 0.08558070645241611-162, id: 0.08558070645241611-163, id: 0.08558070645241611-164, id: 0.08558070645241611-165, id: 0.08558070645241611-166, id: 0.08558070645241611-167, id: 0.08558070645241611-168, id: 0.08558070645241611-169, id: 0.08558070645241611-170, id: 0.08558070645241611-171, id: 0.08558070645241611-172, id: 0.08558070645241611-173, id: 0.08558070645241611-174, id: 0.08558070645241611-175, id: 0.08558070645241611-176, id: 0.08558070645241611-177, id: 0.08558070645241611-178, id: 0.08558070645241611-179, id: 0.08558070645241611-180, id: 0.08558070645241611-181, id: 0.08558070645241611-182, id: 0.08558070645241611-183, id: 0.08558070645241611-184, id: 0.08558070645241611-185, id: 0.08558070645241611-186, id: 0.08558070645241611-187, id: 0.08558070645241611-188, id: 0.08558070645241611-189, id: 0.08558070645241611-190, id: 0.08558070645241611-191, id: 0.08558070645241611-192]
[WebDriverCommandLogger] - Executing getElementText element: By.xpath: //div[@id=&apos;c_articlelist_stories_2&apos;]/ul[1]/li/span[2]/span[2] parameters: {&quot;id&quot;:&quot;0.08558070645241611-115&quot;}
[WebDriverCommandLogger] - command: getElementText[ param-1: By.xpath: //div[@id=&apos;c_articlelist_stories_2&apos;]/ul[1]/li/span[2]/span[2] param-2: {&quot;id&quot;:&quot;0.08558070645241611-115&quot;}] Result: getElementText:13 HOURS AGO
[WebDriverCommandLogger] - Executing findElements parameters: {&quot;using&quot;:&quot;xpath&quot;,&quot;value&quot;:&quot;//div[@id=&apos;c_articlelist_stories_2&apos;]/ul[1]/li/span[1]/a&quot;}
[WebDriverCommandLogger] - command: findElements[ param-1: {value=//div[@id=&apos;c_articlelist_stories_2&apos;]/ul[1]/li/span[1]/a, using=xpath}] Result: [id: 0.08558070645241611-1, id: 0.08558070645241611-2, id: 0.08558070645241611-3, id: 0.08558070645241611-4, id: 0.08558070645241611-5, id: 0.08558070645241611-6, id: 0.08558070645241611-7, id: 0.08558070645241611-8, id: 0.08558070645241611-9, id: 0.08558070645241611-10, id: 0.08558070645241611-11, id: 0.08558070645241611-12, id: 0.08558070645241611-13, id: 0.08558070645241611-14, id: 0.08558070645241611-15, id: 0.08558070645241611-16, id: 0.08558070645241611-17, id: 0.08558070645241611-18, id: 0.08558070645241611-19, id: 0.08558070645241611-20, id: 0.08558070645241611-21, id: 0.08558070645241611-22, id: 0.08558070645241611-23, id: 0.08558070645241611-24, id: 0.08558070645241611-25, id: 0.08558070645241611-26, id: 0.08558070645241611-27, id: 0.08558070645241611-28, id: 0.08558070645241611-29, id: 0.08558070645241611-30, id: 0.08558070645241611-31, id: 0.08558070645241611-32, id: 0.08558070645241611-33, id: 0.08558070645241611-34, id: 0.08558070645241611-35, id: 0.08558070645241611-36, id: 0.08558070645241611-37, id: 0.08558070645241611-38, id: 0.08558070645241611-39, id: 0.08558070645241611-40, id: 0.08558070645241611-41, id: 0.08558070645241611-42, id: 0.08558070645241611-43, id: 0.08558070645241611-44, id: 0.08558070645241611-45, id: 0.08558070645241611-46, id: 0.08558070645241611-47, id: 0.08558070645241611-48, id: 0.08558070645241611-49, id: 0.08558070645241611-50, id: 0.08558070645241611-51, id: 0.08558070645241611-52, id: 0.08558070645241611-53, id: 0.08558070645241611-54, id: 0.08558070645241611-55, id: 0.08558070645241611-56, id: 0.08558070645241611-57, id: 0.08558070645241611-58, id: 0.08558070645241611-59, id: 0.08558070645241611-60, id: 0.08558070645241611-61, id: 0.08558070645241611-62, id: 0.08558070645241611-63, id: 0.08558070645241611-64, id: 0.08558070645241611-65, id: 0.08558070645241611-66, id: 0.08558070645241611-67, id: 0.08558070645241611-68, id: 0.08558070645241611-69, id: 0.08558070645241611-70, id: 0.08558070645241611-71, id: 0.08558070645241611-72, id: 0.08558070645241611-73, id: 0.08558070645241611-74, id: 0.08558070645241611-75, id: 0.08558070645241611-76, id: 0.08558070645241611-77, id: 0.08558070645241611-78, id: 0.08558070645241611-79, id: 0.08558070645241611-80, id: 0.08558070645241611-81, id: 0.08558070645241611-82, id: 0.08558070645241611-83, id: 0.08558070645241611-84, id: 0.08558070645241611-85, id: 0.08558070645241611-86, id: 0.08558070645241611-87, id: 0.08558070645241611-88, id: 0.08558070645241611-89, id: 0.08558070645241611-90, id: 0.08558070645241611-91, id: 0.08558070645241611-92, id: 0.08558070645241611-93, id: 0.08558070645241611-94, id: 0.08558070645241611-95, id: 0.08558070645241611-96]
[WebDriverCommandLogger] - Executing getElementText element: By.xpath: //div[@id=&apos;c_articlelist_stories_2&apos;]/ul[1]/li/span[1]/a parameters: {&quot;id&quot;:&quot;0.08558070645241611-19&quot;}
[WebDriverCommandLogger] - command: getElementText[ param-1: By.xpath: //div[@id=&apos;c_articlelist_stories_2&apos;]/ul[1]/li/span[1]/a param-2: {&quot;id&quot;:&quot;0.08558070645241611-19&quot;}] Result: getElementText:2 engg students found dead in Pitalkhora Kund
[WebDriverCommandLogger] - Executing findElements parameters: {&quot;using&quot;:&quot;xpath&quot;,&quot;value&quot;:&quot;//div[@id=&apos;c_articlelist_stories_2&apos;]/ul[1]/li/span[2]/span[2]&quot;}
[WebDriverCommandLogger] - command: findElements[ param-1: {value=//div[@id=&apos;c_articlelist_stories_2&apos;]/ul[1]/li/span[2]/span[2], using=xpath}] Result: [id: 0.08558070645241611-97, id: 0.08558070645241611-98, id: 0.08558070645241611-99, id: 0.08558070645241611-100, id: 0.08558070645241611-101, id: 0.08558070645241611-102, id: 0.08558070645241611-103, id: 0.08558070645241611-104, id: 0.08558070645241611-105, id: 0.08558070645241611-106, id: 0.08558070645241611-107, id: 0.08558070645241611-108, id: 0.08558070645241611-109, id: 0.08558070645241611-110, id: 0.08558070645241611-111, id: 0.08558070645241611-112, id: 0.08558070645241611-113, id: 0.08558070645241611-114, id: 0.08558070645241611-115, id: 0.08558070645241611-116, id: 0.08558070645241611-117, id: 0.08558070645241611-118, id: 0.08558070645241611-119, id: 0.08558070645241611-120, id: 0.08558070645241611-121, id: 0.08558070645241611-122, id: 0.08558070645241611-123, id: 0.08558070645241611-124, id: 0.08558070645241611-125, id: 0.08558070645241611-126, id: 0.08558070645241611-127, id: 0.08558070645241611-128, id: 0.08558070645241611-129, id: 0.08558070645241611-130, id: 0.08558070645241611-131, id: 0.08558070645241611-132, id: 0.08558070645241611-133, id: 0.08558070645241611-134, id: 0.08558070645241611-135, id: 0.08558070645241611-136, id: 0.08558070645241611-137, id: 0.08558070645241611-138, id: 0.08558070645241611-139, id: 0.08558070645241611-140, id: 0.08558070645241611-141, id: 0.08558070645241611-142, id: 0.08558070645241611-143, id: 0.08558070645241611-144, id: 0.08558070645241611-145, id: 0.08558070645241611-146, id: 0.08558070645241611-147, id: 0.08558070645241611-148, id: 0.08558070645241611-149, id: 0.08558070645241611-150, id: 0.08558070645241611-151, id: 0.08558070645241611-152, id: 0.08558070645241611-153, id: 0.08558070645241611-154, id: 0.08558070645241611-155, id: 0.08558070645241611-156, id: 0.08558070645241611-157, id: 0.08558070645241611-158, id: 0.08558070645241611-159, id: 0.08558070645241611-160, id: 0.08558070645241611-161, id: 0.08558070645241611-162, id: 0.08558070645241611-163, id: 0.08558070645241611-164, id: 0.08558070645241611-165, id: 0.08558070645241611-166, id: 0.08558070645241611-167, id: 0.08558070645241611-168, id: 0.08558070645241611-169, id: 0.08558070645241611-170, id: 0.08558070645241611-171, id: 0.08558070645241611-172, id: 0.08558070645241611-173, id: 0.08558070645241611-174, id: 0.08558070645241611-175, id: 0.08558070645241611-176, id: 0.08558070645241611-177, id: 0.08558070645241611-178, id: 0.08558070645241611-179, id: 0.08558070645241611-180, id: 0.08558070645241611-181, id: 0.08558070645241611-182, id: 0.08558070645241611-183, id: 0.08558070645241611-184, id: 0.08558070645241611-185, id: 0.08558070645241611-186, id: 0.08558070645241611-187, id: 0.08558070645241611-188, id: 0.08558070645241611-189, id: 0.08558070645241611-190, id: 0.08558070645241611-191, id: 0.08558070645241611-192]
[WebDriverCommandLogger] - Executing findElements parameters: {&quot;using&quot;:&quot;xpath&quot;,&quot;value&quot;:&quot;//div[@id=&apos;c_articlelist_stories_2&apos;]/ul[1]/li/span[2]/span[2]&quot;}
[WebDriverCommandLogger] - command: findElements[ param-1: {value=//div[@id=&apos;c_articlelist_stories_2&apos;]/ul[1]/li/span[2]/span[2], using=xpath}] Result: [id: 0.08558070645241611-97, id: 0.08558070645241611-98, id: 0.08558070645241611-99, id: 0.08558070645241611-100, id: 0.08558070645241611-101, id: 0.08558070645241611-102, id: 0.08558070645241611-103, id: 0.08558070645241611-104, id: 0.08558070645241611-105, id: 0.08558070645241611-106, id: 0.08558070645241611-107, id: 0.08558070645241611-108, id: 0.08558070645241611-109, id: 0.08558070645241611-110, id: 0.08558070645241611-111, id: 0.08558070645241611-112, id: 0.08558070645241611-113, id: 0.08558070645241611-114, id: 0.08558070645241611-115, id: 0.08558070645241611-116, id: 0.08558070645241611-117, id: 0.08558070645241611-118, id: 0.08558070645241611-119, id: 0.08558070645241611-120, id: 0.08558070645241611-121, id: 0.08558070645241611-122, id: 0.08558070645241611-123, id: 0.08558070645241611-124, id: 0.08558070645241611-125, id: 0.08558070645241611-126, id: 0.08558070645241611-127, id: 0.08558070645241611-128, id: 0.08558070645241611-129, id: 0.08558070645241611-130, id: 0.08558070645241611-131, id: 0.08558070645241611-132, id: 0.08558070645241611-133, id: 0.08558070645241611-134, id: 0.08558070645241611-135, id: 0.08558070645241611-136, id: 0.08558070645241611-137, id: 0.08558070645241611-138, id: 0.08558070645241611-139, id: 0.08558070645241611-140, id: 0.08558070645241611-141, id: 0.08558070645241611-142, id: 0.08558070645241611-143, id: 0.08558070645241611-144, id: 0.08558070645241611-145, id: 0.08558070645241611-146, id: 0.08558070645241611-147, id: 0.08558070645241611-148, id: 0.08558070645241611-149, id: 0.08558070645241611-150, id: 0.08558070645241611-151, id: 0.08558070645241611-152, id: 0.08558070645241611-153, id: 0.08558070645241611-154, id: 0.08558070645241611-155, id: 0.08558070645241611-156, id: 0.08558070645241611-157, id: 0.08558070645241611-158, id: 0.08558070645241611-159, id: 0.08558070645241611-160, id: 0.08558070645241611-161, id: 0.08558070645241611-162, id: 0.08558070645241611-163, id: 0.08558070645241611-164, id: 0.08558070645241611-165, id: 0.08558070645241611-166, id: 0.08558070645241611-167, id: 0.08558070645241611-168, id: 0.08558070645241611-169, id: 0.08558070645241611-170, id: 0.08558070645241611-171, id: 0.08558070645241611-172, id: 0.08558070645241611-173, id: 0.08558070645241611-174, id: 0.08558070645241611-175, id: 0.08558070645241611-176, id: 0.08558070645241611-177, id: 0.08558070645241611-178, id: 0.08558070645241611-179, id: 0.08558070645241611-180, id: 0.08558070645241611-181, id: 0.08558070645241611-182, id: 0.08558070645241611-183, id: 0.08558070645241611-184, id: 0.08558070645241611-185, id: 0.08558070645241611-186, id: 0.08558070645241611-187, id: 0.08558070645241611-188, id: 0.08558070645241611-189, id: 0.08558070645241611-190, id: 0.08558070645241611-191, id: 0.08558070645241611-192]
[WebDriverCommandLogger] - Executing getElementText element: By.xpath: //div[@id=&apos;c_articlelist_stories_2&apos;]/ul[1]/li/span[2]/span[2] parameters: {&quot;id&quot;:&quot;0.08558070645241611-116&quot;}
[WebDriverCommandLogger] - command: getElementText[ param-1: By.xpath: //div[@id=&apos;c_articlelist_stories_2&apos;]/ul[1]/li/span[2]/span[2] param-2: {&quot;id&quot;:&quot;0.08558070645241611-116&quot;}] Result: getElementText:13 HOURS AGO
[WebDriverCommandLogger] - Executing findElements parameters: {&quot;using&quot;:&quot;xpath&quot;,&quot;value&quot;:&quot;//div[@id=&apos;c_articlelist_stories_2&apos;]/ul[1]/li/span[1]/a&quot;}
[WebDriverCommandLogger] - command: findElements[ param-1: {value=//div[@id=&apos;c_articlelist_stories_2&apos;]/ul[1]/li/span[1]/a, using=xpath}] Result: [id: 0.08558070645241611-1, id: 0.08558070645241611-2, id: 0.08558070645241611-3, id: 0.08558070645241611-4, id: 0.08558070645241611-5, id: 0.08558070645241611-6, id: 0.08558070645241611-7, id: 0.08558070645241611-8, id: 0.08558070645241611-9, id: 0.08558070645241611-10, id: 0.08558070645241611-11, id: 0.08558070645241611-12, id: 0.08558070645241611-13, id: 0.08558070645241611-14, id: 0.08558070645241611-15, id: 0.08558070645241611-16, id: 0.08558070645241611-17, id: 0.08558070645241611-18, id: 0.08558070645241611-19, id: 0.08558070645241611-20, id: 0.08558070645241611-21, id: 0.08558070645241611-22, id: 0.08558070645241611-23, id: 0.08558070645241611-24, id: 0.08558070645241611-25, id: 0.08558070645241611-26, id: 0.08558070645241611-27, id: 0.08558070645241611-28, id: 0.08558070645241611-29, id: 0.08558070645241611-30, id: 0.08558070645241611-31, id: 0.08558070645241611-32, id: 0.08558070645241611-33, id: 0.08558070645241611-34, id: 0.08558070645241611-35, id: 0.08558070645241611-36, id: 0.08558070645241611-37, id: 0.08558070645241611-38, id: 0.08558070645241611-39, id: 0.08558070645241611-40, id: 0.08558070645241611-41, id: 0.08558070645241611-42, id: 0.08558070645241611-43, id: 0.08558070645241611-44, id: 0.08558070645241611-45, id: 0.08558070645241611-46, id: 0.08558070645241611-47, id: 0.08558070645241611-48, id: 0.08558070645241611-49, id: 0.08558070645241611-50, id: 0.08558070645241611-51, id: 0.08558070645241611-52, id: 0.08558070645241611-53, id: 0.08558070645241611-54, id: 0.08558070645241611-55, id: 0.08558070645241611-56, id: 0.08558070645241611-57, id: 0.08558070645241611-58, id: 0.08558070645241611-59, id: 0.08558070645241611-60, id: 0.08558070645241611-61, id: 0.08558070645241611-62, id: 0.08558070645241611-63, id: 0.08558070645241611-64, id: 0.08558070645241611-65, id: 0.08558070645241611-66, id: 0.08558070645241611-67, id: 0.08558070645241611-68, id: 0.08558070645241611-69, id: 0.08558070645241611-70, id: 0.08558070645241611-71, id: 0.08558070645241611-72, id: 0.08558070645241611-73, id: 0.08558070645241611-74, id: 0.08558070645241611-75, id: 0.08558070645241611-76, id: 0.08558070645241611-77, id: 0.08558070645241611-78, id: 0.08558070645241611-79, id: 0.08558070645241611-80, id: 0.08558070645241611-81, id: 0.08558070645241611-82, id: 0.08558070645241611-83, id: 0.08558070645241611-84, id: 0.08558070645241611-85, id: 0.08558070645241611-86, id: 0.08558070645241611-87, id: 0.08558070645241611-88, id: 0.08558070645241611-89, id: 0.08558070645241611-90, id: 0.08558070645241611-91, id: 0.08558070645241611-92, id: 0.08558070645241611-93, id: 0.08558070645241611-94, id: 0.08558070645241611-95, id: 0.08558070645241611-96]
[WebDriverCommandLogger] - Executing getElementText element: By.xpath: //div[@id=&apos;c_articlelist_stories_2&apos;]/ul[1]/li/span[1]/a parameters: {&quot;id&quot;:&quot;0.08558070645241611-20&quot;}
[WebDriverCommandLogger] - command: getElementText[ param-1: By.xpath: //div[@id=&apos;c_articlelist_stories_2&apos;]/ul[1]/li/span[1]/a param-2: {&quot;id&quot;:&quot;0.08558070645241611-20&quot;}] Result: getElementText:SPA project gathers dust as two ministries fight
[WebDriverCommandLogger] - Executing findElements parameters: {&quot;using&quot;:&quot;xpath&quot;,&quot;value&quot;:&quot;//div[@id=&apos;c_articlelist_stories_2&apos;]/ul[1]/li/span[2]/span[2]&quot;}
[WebDriverCommandLogger] - command: findElements[ param-1: {value=//div[@id=&apos;c_articlelist_stories_2&apos;]/ul[1]/li/span[2]/span[2], using=xpath}] Result: [id: 0.08558070645241611-97, id: 0.08558070645241611-98, id: 0.08558070645241611-99, id: 0.08558070645241611-100, id: 0.08558070645241611-101, id: 0.08558070645241611-102, id: 0.08558070645241611-103, id: 0.08558070645241611-104, id: 0.08558070645241611-105, id: 0.08558070645241611-106, id: 0.08558070645241611-107, id: 0.08558070645241611-108, id: 0.08558070645241611-109, id: 0.08558070645241611-110, id: 0.08558070645241611-111, id: 0.08558070645241611-112, id: 0.08558070645241611-113, id: 0.08558070645241611-114, id: 0.08558070645241611-115, id: 0.08558070645241611-116, id: 0.08558070645241611-117, id: 0.08558070645241611-118, id: 0.08558070645241611-119, id: 0.08558070645241611-120, id: 0.08558070645241611-121, id: 0.08558070645241611-122, id: 0.08558070645241611-123, id: 0.08558070645241611-124, id: 0.08558070645241611-125, id: 0.08558070645241611-126, id: 0.08558070645241611-127, id: 0.08558070645241611-128, id: 0.08558070645241611-129, id: 0.08558070645241611-130, id: 0.08558070645241611-131, id: 0.08558070645241611-132, id: 0.08558070645241611-133, id: 0.08558070645241611-134, id: 0.08558070645241611-135, id: 0.08558070645241611-136, id: 0.08558070645241611-137, id: 0.08558070645241611-138, id: 0.08558070645241611-139, id: 0.08558070645241611-140, id: 0.08558070645241611-141, id: 0.08558070645241611-142, id: 0.08558070645241611-143, id: 0.08558070645241611-144, id: 0.08558070645241611-145, id: 0.08558070645241611-146, id: 0.08558070645241611-147, id: 0.08558070645241611-148, id: 0.08558070645241611-149, id: 0.08558070645241611-150, id: 0.08558070645241611-151, id: 0.08558070645241611-152, id: 0.08558070645241611-153, id: 0.08558070645241611-154, id: 0.08558070645241611-155, id: 0.08558070645241611-156, id: 0.08558070645241611-157, id: 0.08558070645241611-158, id: 0.08558070645241611-159, id: 0.08558070645241611-160, id: 0.08558070645241611-161, id: 0.08558070645241611-162, id: 0.08558070645241611-163, id: 0.08558070645241611-164, id: 0.08558070645241611-165, id: 0.08558070645241611-166, id: 0.08558070645241611-167, id: 0.08558070645241611-168, id: 0.08558070645241611-169, id: 0.08558070645241611-170, id: 0.08558070645241611-171, id: 0.08558070645241611-172, id: 0.08558070645241611-173, id: 0.08558070645241611-174, id: 0.08558070645241611-175, id: 0.08558070645241611-176, id: 0.08558070645241611-177, id: 0.08558070645241611-178, id: 0.08558070645241611-179, id: 0.08558070645241611-180, id: 0.08558070645241611-181, id: 0.08558070645241611-182, id: 0.08558070645241611-183, id: 0.08558070645241611-184, id: 0.08558070645241611-185, id: 0.08558070645241611-186, id: 0.08558070645241611-187, id: 0.08558070645241611-188, id: 0.08558070645241611-189, id: 0.08558070645241611-190, id: 0.08558070645241611-191, id: 0.08558070645241611-192]
[WebDriverCommandLogger] - Executing findElements parameters: {&quot;using&quot;:&quot;xpath&quot;,&quot;value&quot;:&quot;//div[@id=&apos;c_articlelist_stories_2&apos;]/ul[1]/li/span[2]/span[2]&quot;}
[WebDriverCommandLogger] - command: findElements[ param-1: {value=//div[@id=&apos;c_articlelist_stories_2&apos;]/ul[1]/li/span[2]/span[2], using=xpath}] Result: [id: 0.08558070645241611-97, id: 0.08558070645241611-98, id: 0.08558070645241611-99, id: 0.08558070645241611-100, id: 0.08558070645241611-101, id: 0.08558070645241611-102, id: 0.08558070645241611-103, id: 0.08558070645241611-104, id: 0.08558070645241611-105, id: 0.08558070645241611-106, id: 0.08558070645241611-107, id: 0.08558070645241611-108, id: 0.08558070645241611-109, id: 0.08558070645241611-110, id: 0.08558070645241611-111, id: 0.08558070645241611-112, id: 0.08558070645241611-113, id: 0.08558070645241611-114, id: 0.08558070645241611-115, id: 0.08558070645241611-116, id: 0.08558070645241611-117, id: 0.08558070645241611-118, id: 0.08558070645241611-119, id: 0.08558070645241611-120, id: 0.08558070645241611-121, id: 0.08558070645241611-122, id: 0.08558070645241611-123, id: 0.08558070645241611-124, id: 0.08558070645241611-125, id: 0.08558070645241611-126, id: 0.08558070645241611-127, id: 0.08558070645241611-128, id: 0.08558070645241611-129, id: 0.08558070645241611-130, id: 0.08558070645241611-131, id: 0.08558070645241611-132, id: 0.08558070645241611-133, id: 0.08558070645241611-134, id: 0.08558070645241611-135, id: 0.08558070645241611-136, id: 0.08558070645241611-137, id: 0.08558070645241611-138, id: 0.08558070645241611-139, id: 0.08558070645241611-140, id: 0.08558070645241611-141, id: 0.08558070645241611-142, id: 0.08558070645241611-143, id: 0.08558070645241611-144, id: 0.08558070645241611-145, id: 0.08558070645241611-146, id: 0.08558070645241611-147, id: 0.08558070645241611-148, id: 0.08558070645241611-149, id: 0.08558070645241611-150, id: 0.08558070645241611-151, id: 0.08558070645241611-152, id: 0.08558070645241611-153, id: 0.08558070645241611-154, id: 0.08558070645241611-155, id: 0.08558070645241611-156, id: 0.08558070645241611-157, id: 0.08558070645241611-158, id: 0.08558070645241611-159, id: 0.08558070645241611-160, id: 0.08558070645241611-161, id: 0.08558070645241611-162, id: 0.08558070645241611-163, id: 0.08558070645241611-164, id: 0.08558070645241611-165, id: 0.08558070645241611-166, id: 0.08558070645241611-167, id: 0.08558070645241611-168, id: 0.08558070645241611-169, id: 0.08558070645241611-170, id: 0.08558070645241611-171, id: 0.08558070645241611-172, id: 0.08558070645241611-173, id: 0.08558070645241611-174, id: 0.08558070645241611-175, id: 0.08558070645241611-176, id: 0.08558070645241611-177, id: 0.08558070645241611-178, id: 0.08558070645241611-179, id: 0.08558070645241611-180, id: 0.08558070645241611-181, id: 0.08558070645241611-182, id: 0.08558070645241611-183, id: 0.08558070645241611-184, id: 0.08558070645241611-185, id: 0.08558070645241611-186, id: 0.08558070645241611-187, id: 0.08558070645241611-188, id: 0.08558070645241611-189, id: 0.08558070645241611-190, id: 0.08558070645241611-191, id: 0.08558070645241611-192]
[WebDriverCommandLogger] - Executing getElementText element: By.xpath: //div[@id=&apos;c_articlelist_stories_2&apos;]/ul[1]/li/span[2]/span[2] parameters: {&quot;id&quot;:&quot;0.08558070645241611-117&quot;}
[WebDriverCommandLogger] - command: getElementText[ param-1: By.xpath: //div[@id=&apos;c_articlelist_stories_2&apos;]/ul[1]/li/span[2]/span[2] param-2: {&quot;id&quot;:&quot;0.08558070645241611-117&quot;}] Result: getElementText:13 HOURS AGO
[WebDriverCommandLogger] - Executing findElements parameters: {&quot;using&quot;:&quot;xpath&quot;,&quot;value&quot;:&quot;//div[@id=&apos;c_articlelist_stories_2&apos;]/ul[1]/li/span[1]/a&quot;}
[WebDriverCommandLogger] - command: findElements[ param-1: {value=//div[@id=&apos;c_articlelist_stories_2&apos;]/ul[1]/li/span[1]/a, using=xpath}] Result: [id: 0.08558070645241611-1, id: 0.08558070645241611-2, id: 0.08558070645241611-3, id: 0.08558070645241611-4, id: 0.08558070645241611-5, id: 0.08558070645241611-6, id: 0.08558070645241611-7, id: 0.08558070645241611-8, id: 0.08558070645241611-9, id: 0.08558070645241611-10, id: 0.08558070645241611-11, id: 0.08558070645241611-12, id: 0.08558070645241611-13, id: 0.08558070645241611-14, id: 0.08558070645241611-15, id: 0.08558070645241611-16, id: 0.08558070645241611-17, id: 0.08558070645241611-18, id: 0.08558070645241611-19, id: 0.08558070645241611-20, id: 0.08558070645241611-21, id: 0.08558070645241611-22, id: 0.08558070645241611-23, id: 0.08558070645241611-24, id: 0.08558070645241611-25, id: 0.08558070645241611-26, id: 0.08558070645241611-27, id: 0.08558070645241611-28, id: 0.08558070645241611-29, id: 0.08558070645241611-30, id: 0.08558070645241611-31, id: 0.08558070645241611-32, id: 0.08558070645241611-33, id: 0.08558070645241611-34, id: 0.08558070645241611-35, id: 0.08558070645241611-36, id: 0.08558070645241611-37, id: 0.08558070645241611-38, id: 0.08558070645241611-39, id: 0.08558070645241611-40, id: 0.08558070645241611-41, id: 0.08558070645241611-42, id: 0.08558070645241611-43, id: 0.08558070645241611-44, id: 0.08558070645241611-45, id: 0.08558070645241611-46, id: 0.08558070645241611-47, id: 0.08558070645241611-48, id: 0.08558070645241611-49, id: 0.08558070645241611-50, id: 0.08558070645241611-51, id: 0.08558070645241611-52, id: 0.08558070645241611-53, id: 0.08558070645241611-54, id: 0.08558070645241611-55, id: 0.08558070645241611-56, id: 0.08558070645241611-57, id: 0.08558070645241611-58, id: 0.08558070645241611-59, id: 0.08558070645241611-60, id: 0.08558070645241611-61, id: 0.08558070645241611-62, id: 0.08558070645241611-63, id: 0.08558070645241611-64, id: 0.08558070645241611-65, id: 0.08558070645241611-66, id: 0.08558070645241611-67, id: 0.08558070645241611-68, id: 0.08558070645241611-69, id: 0.08558070645241611-70, id: 0.08558070645241611-71, id: 0.08558070645241611-72, id: 0.08558070645241611-73, id: 0.08558070645241611-74, id: 0.08558070645241611-75, id: 0.08558070645241611-76, id: 0.08558070645241611-77, id: 0.08558070645241611-78, id: 0.08558070645241611-79, id: 0.08558070645241611-80, id: 0.08558070645241611-81, id: 0.08558070645241611-82, id: 0.08558070645241611-83, id: 0.08558070645241611-84, id: 0.08558070645241611-85, id: 0.08558070645241611-86, id: 0.08558070645241611-87, id: 0.08558070645241611-88, id: 0.08558070645241611-89, id: 0.08558070645241611-90, id: 0.08558070645241611-91, id: 0.08558070645241611-92, id: 0.08558070645241611-93, id: 0.08558070645241611-94, id: 0.08558070645241611-95, id: 0.08558070645241611-96]
[WebDriverCommandLogger] - Executing getElementText element: By.xpath: //div[@id=&apos;c_articlelist_stories_2&apos;]/ul[1]/li/span[1]/a parameters: {&quot;id&quot;:&quot;0.08558070645241611-21&quot;}
[WebDriverCommandLogger] - command: getElementText[ param-1: By.xpath: //div[@id=&apos;c_articlelist_stories_2&apos;]/ul[1]/li/span[1]/a param-2: {&quot;id&quot;:&quot;0.08558070645241611-21&quot;}] Result: getElementText:Scientist to speak at lecture series
[WebDriverCommandLogger] - Executing findElements parameters: {&quot;using&quot;:&quot;xpath&quot;,&quot;value&quot;:&quot;//div[@id=&apos;c_articlelist_stories_2&apos;]/ul[1]/li/span[2]/span[2]&quot;}
[WebDriverCommandLogger] - command: findElements[ param-1: {value=//div[@id=&apos;c_articlelist_stories_2&apos;]/ul[1]/li/span[2]/span[2], using=xpath}] Result: [id: 0.08558070645241611-97, id: 0.08558070645241611-98, id: 0.08558070645241611-99, id: 0.08558070645241611-100, id: 0.08558070645241611-101, id: 0.08558070645241611-102, id: 0.08558070645241611-103, id: 0.08558070645241611-104, id: 0.08558070645241611-105, id: 0.08558070645241611-106, id: 0.08558070645241611-107, id: 0.08558070645241611-108, id: 0.08558070645241611-109, id: 0.08558070645241611-110, id: 0.08558070645241611-111, id: 0.08558070645241611-112, id: 0.08558070645241611-113, id: 0.08558070645241611-114, id: 0.08558070645241611-115, id: 0.08558070645241611-116, id: 0.08558070645241611-117, id: 0.08558070645241611-118, id: 0.08558070645241611-119, id: 0.08558070645241611-120, id: 0.08558070645241611-121, id: 0.08558070645241611-122, id: 0.08558070645241611-123, id: 0.08558070645241611-124, id: 0.08558070645241611-125, id: 0.08558070645241611-126, id: 0.08558070645241611-127, id: 0.08558070645241611-128, id: 0.08558070645241611-129, id: 0.08558070645241611-130, id: 0.08558070645241611-131, id: 0.08558070645241611-132, id: 0.08558070645241611-133, id: 0.08558070645241611-134, id: 0.08558070645241611-135, id: 0.08558070645241611-136, id: 0.08558070645241611-137, id: 0.08558070645241611-138, id: 0.08558070645241611-139, id: 0.08558070645241611-140, id: 0.08558070645241611-141, id: 0.08558070645241611-142, id: 0.08558070645241611-143, id: 0.08558070645241611-144, id: 0.08558070645241611-145, id: 0.08558070645241611-146, id: 0.08558070645241611-147, id: 0.08558070645241611-148, id: 0.08558070645241611-149, id: 0.08558070645241611-150, id: 0.08558070645241611-151, id: 0.08558070645241611-152, id: 0.08558070645241611-153, id: 0.08558070645241611-154, id: 0.08558070645241611-155, id: 0.08558070645241611-156, id: 0.08558070645241611-157, id: 0.08558070645241611-158, id: 0.08558070645241611-159, id: 0.08558070645241611-160, id: 0.08558070645241611-161, id: 0.08558070645241611-162, id: 0.08558070645241611-163, id: 0.08558070645241611-164, id: 0.08558070645241611-165, id: 0.08558070645241611-166, id: 0.08558070645241611-167, id: 0.08558070645241611-168, id: 0.08558070645241611-169, id: 0.08558070645241611-170, id: 0.08558070645241611-171, id: 0.08558070645241611-172, id: 0.08558070645241611-173, id: 0.08558070645241611-174, id: 0.08558070645241611-175, id: 0.08558070645241611-176, id: 0.08558070645241611-177, id: 0.08558070645241611-178, id: 0.08558070645241611-179, id: 0.08558070645241611-180, id: 0.08558070645241611-181, id: 0.08558070645241611-182, id: 0.08558070645241611-183, id: 0.08558070645241611-184, id: 0.08558070645241611-185, id: 0.08558070645241611-186, id: 0.08558070645241611-187, id: 0.08558070645241611-188, id: 0.08558070645241611-189, id: 0.08558070645241611-190, id: 0.08558070645241611-191, id: 0.08558070645241611-192]
[WebDriverCommandLogger] - Executing findElements parameters: {&quot;using&quot;:&quot;xpath&quot;,&quot;value&quot;:&quot;//div[@id=&apos;c_articlelist_stories_2&apos;]/ul[1]/li/span[2]/span[2]&quot;}
[WebDriverCommandLogger] - command: findElements[ param-1: {value=//div[@id=&apos;c_articlelist_stories_2&apos;]/ul[1]/li/span[2]/span[2], using=xpath}] Result: [id: 0.08558070645241611-97, id: 0.08558070645241611-98, id: 0.08558070645241611-99, id: 0.08558070645241611-100, id: 0.08558070645241611-101, id: 0.08558070645241611-102, id: 0.08558070645241611-103, id: 0.08558070645241611-104, id: 0.08558070645241611-105, id: 0.08558070645241611-106, id: 0.08558070645241611-107, id: 0.08558070645241611-108, id: 0.08558070645241611-109, id: 0.08558070645241611-110, id: 0.08558070645241611-111, id: 0.08558070645241611-112, id: 0.08558070645241611-113, id: 0.08558070645241611-114, id: 0.08558070645241611-115, id: 0.08558070645241611-116, id: 0.08558070645241611-117, id: 0.08558070645241611-118, id: 0.08558070645241611-119, id: 0.08558070645241611-120, id: 0.08558070645241611-121, id: 0.08558070645241611-122, id: 0.08558070645241611-123, id: 0.08558070645241611-124, id: 0.08558070645241611-125, id: 0.08558070645241611-126, id: 0.08558070645241611-127, id: 0.08558070645241611-128, id: 0.08558070645241611-129, id: 0.08558070645241611-130, id: 0.08558070645241611-131, id: 0.08558070645241611-132, id: 0.08558070645241611-133, id: 0.08558070645241611-134, id: 0.08558070645241611-135, id: 0.08558070645241611-136, id: 0.08558070645241611-137, id: 0.08558070645241611-138, id: 0.08558070645241611-139, id: 0.08558070645241611-140, id: 0.08558070645241611-141, id: 0.08558070645241611-142, id: 0.08558070645241611-143, id: 0.08558070645241611-144, id: 0.08558070645241611-145, id: 0.08558070645241611-146, id: 0.08558070645241611-147, id: 0.08558070645241611-148, id: 0.08558070645241611-149, id: 0.08558070645241611-150, id: 0.08558070645241611-151, id: 0.08558070645241611-152, id: 0.08558070645241611-153, id: 0.08558070645241611-154, id: 0.08558070645241611-155, id: 0.08558070645241611-156, id: 0.08558070645241611-157, id: 0.08558070645241611-158, id: 0.08558070645241611-159, id: 0.08558070645241611-160, id: 0.08558070645241611-161, id: 0.08558070645241611-162, id: 0.08558070645241611-163, id: 0.08558070645241611-164, id: 0.08558070645241611-165, id: 0.08558070645241611-166, id: 0.08558070645241611-167, id: 0.08558070645241611-168, id: 0.08558070645241611-169, id: 0.08558070645241611-170, id: 0.08558070645241611-171, id: 0.08558070645241611-172, id: 0.08558070645241611-173, id: 0.08558070645241611-174, id: 0.08558070645241611-175, id: 0.08558070645241611-176, id: 0.08558070645241611-177, id: 0.08558070645241611-178, id: 0.08558070645241611-179, id: 0.08558070645241611-180, id: 0.08558070645241611-181, id: 0.08558070645241611-182, id: 0.08558070645241611-183, id: 0.08558070645241611-184, id: 0.08558070645241611-185, id: 0.08558070645241611-186, id: 0.08558070645241611-187, id: 0.08558070645241611-188, id: 0.08558070645241611-189, id: 0.08558070645241611-190, id: 0.08558070645241611-191, id: 0.08558070645241611-192]
[WebDriverCommandLogger] - Executing getElementText element: By.xpath: //div[@id=&apos;c_articlelist_stories_2&apos;]/ul[1]/li/span[2]/span[2] parameters: {&quot;id&quot;:&quot;0.08558070645241611-118&quot;}
[WebDriverCommandLogger] - command: getElementText[ param-1: By.xpath: //div[@id=&apos;c_articlelist_stories_2&apos;]/ul[1]/li/span[2]/span[2] param-2: {&quot;id&quot;:&quot;0.08558070645241611-118&quot;}] Result: getElementText:13 HOURS AGO
[WebDriverCommandLogger] - Executing findElements parameters: {&quot;using&quot;:&quot;xpath&quot;,&quot;value&quot;:&quot;//div[@id=&apos;c_articlelist_stories_2&apos;]/ul[1]/li/span[1]/a&quot;}
[WebDriverCommandLogger] - command: findElements[ param-1: {value=//div[@id=&apos;c_articlelist_stories_2&apos;]/ul[1]/li/span[1]/a, using=xpath}] Result: [id: 0.08558070645241611-1, id: 0.08558070645241611-2, id: 0.08558070645241611-3, id: 0.08558070645241611-4, id: 0.08558070645241611-5, id: 0.08558070645241611-6, id: 0.08558070645241611-7, id: 0.08558070645241611-8, id: 0.08558070645241611-9, id: 0.08558070645241611-10, id: 0.08558070645241611-11, id: 0.08558070645241611-12, id: 0.08558070645241611-13, id: 0.08558070645241611-14, id: 0.08558070645241611-15, id: 0.08558070645241611-16, id: 0.08558070645241611-17, id: 0.08558070645241611-18, id: 0.08558070645241611-19, id: 0.08558070645241611-20, id: 0.08558070645241611-21, id: 0.08558070645241611-22, id: 0.08558070645241611-23, id: 0.08558070645241611-24, id: 0.08558070645241611-25, id: 0.08558070645241611-26, id: 0.08558070645241611-27, id: 0.08558070645241611-28, id: 0.08558070645241611-29, id: 0.08558070645241611-30, id: 0.08558070645241611-31, id: 0.08558070645241611-32, id: 0.08558070645241611-33, id: 0.08558070645241611-34, id: 0.08558070645241611-35, id: 0.08558070645241611-36, id: 0.08558070645241611-37, id: 0.08558070645241611-38, id: 0.08558070645241611-39, id: 0.08558070645241611-40, id: 0.08558070645241611-41, id: 0.08558070645241611-42, id: 0.08558070645241611-43, id: 0.08558070645241611-44, id: 0.08558070645241611-45, id: 0.08558070645241611-46, id: 0.08558070645241611-47, id: 0.08558070645241611-48, id: 0.08558070645241611-49, id: 0.08558070645241611-50, id: 0.08558070645241611-51, id: 0.08558070645241611-52, id: 0.08558070645241611-53, id: 0.08558070645241611-54, id: 0.08558070645241611-55, id: 0.08558070645241611-56, id: 0.08558070645241611-57, id: 0.08558070645241611-58, id: 0.08558070645241611-59, id: 0.08558070645241611-60, id: 0.08558070645241611-61, id: 0.08558070645241611-62, id: 0.08558070645241611-63, id: 0.08558070645241611-64, id: 0.08558070645241611-65, id: 0.08558070645241611-66, id: 0.08558070645241611-67, id: 0.08558070645241611-68, id: 0.08558070645241611-69, id: 0.08558070645241611-70, id: 0.08558070645241611-71, id: 0.08558070645241611-72, id: 0.08558070645241611-73, id: 0.08558070645241611-74, id: 0.08558070645241611-75, id: 0.08558070645241611-76, id: 0.08558070645241611-77, id: 0.08558070645241611-78, id: 0.08558070645241611-79, id: 0.08558070645241611-80, id: 0.08558070645241611-81, id: 0.08558070645241611-82, id: 0.08558070645241611-83, id: 0.08558070645241611-84, id: 0.08558070645241611-85, id: 0.08558070645241611-86, id: 0.08558070645241611-87, id: 0.08558070645241611-88, id: 0.08558070645241611-89, id: 0.08558070645241611-90, id: 0.08558070645241611-91, id: 0.08558070645241611-92, id: 0.08558070645241611-93, id: 0.08558070645241611-94, id: 0.08558070645241611-95, id: 0.08558070645241611-96]
[WebDriverCommandLogger] - Executing getElementText element: By.xpath: //div[@id=&apos;c_articlelist_stories_2&apos;]/ul[1]/li/span[1]/a parameters: {&quot;id&quot;:&quot;0.08558070645241611-22&quot;}
[WebDriverCommandLogger] - command: getElementText[ param-1: By.xpath: //div[@id=&apos;c_articlelist_stories_2&apos;]/ul[1]/li/span[1]/a param-2: {&quot;id&quot;:&quot;0.08558070645241611-22&quot;}] Result: getElementText:Now, students to have a say in accreditation of colleges
[WebDriverCommandLogger] - Executing findElements parameters: {&quot;using&quot;:&quot;xpath&quot;,&quot;value&quot;:&quot;//div[@id=&apos;c_articlelist_stories_2&apos;]/ul[1]/li/span[2]/span[2]&quot;}
[WebDriverCommandLogger] - command: findElements[ param-1: {value=//div[@id=&apos;c_articlelist_stories_2&apos;]/ul[1]/li/span[2]/span[2], using=xpath}] Result: [id: 0.08558070645241611-97, id: 0.08558070645241611-98, id: 0.08558070645241611-99, id: 0.08558070645241611-100, id: 0.08558070645241611-101, id: 0.08558070645241611-102, id: 0.08558070645241611-103, id: 0.08558070645241611-104, id: 0.08558070645241611-105, id: 0.08558070645241611-106, id: 0.08558070645241611-107, id: 0.08558070645241611-108, id: 0.08558070645241611-109, id: 0.08558070645241611-110, id: 0.08558070645241611-111, id: 0.08558070645241611-112, id: 0.08558070645241611-113, id: 0.08558070645241611-114, id: 0.08558070645241611-115, id: 0.08558070645241611-116, id: 0.08558070645241611-117, id: 0.08558070645241611-118, id: 0.08558070645241611-119, id: 0.08558070645241611-120, id: 0.08558070645241611-121, id: 0.08558070645241611-122, id: 0.08558070645241611-123, id: 0.08558070645241611-124, id: 0.08558070645241611-125, id: 0.08558070645241611-126, id: 0.08558070645241611-127, id: 0.08558070645241611-128, id: 0.08558070645241611-129, id: 0.08558070645241611-130, id: 0.08558070645241611-131, id: 0.08558070645241611-132, id: 0.08558070645241611-133, id: 0.08558070645241611-134, id: 0.08558070645241611-135, id: 0.08558070645241611-136, id: 0.08558070645241611-137, id: 0.08558070645241611-138, id: 0.08558070645241611-139, id: 0.08558070645241611-140, id: 0.08558070645241611-141, id: 0.08558070645241611-142, id: 0.08558070645241611-143, id: 0.08558070645241611-144, id: 0.08558070645241611-145, id: 0.08558070645241611-146, id: 0.08558070645241611-147, id: 0.08558070645241611-148, id: 0.08558070645241611-149, id: 0.08558070645241611-150, id: 0.08558070645241611-151, id: 0.08558070645241611-152, id: 0.08558070645241611-153, id: 0.08558070645241611-154, id: 0.08558070645241611-155, id: 0.08558070645241611-156, id: 0.08558070645241611-157, id: 0.08558070645241611-158, id: 0.08558070645241611-159, id: 0.08558070645241611-160, id: 0.08558070645241611-161, id: 0.08558070645241611-162, id: 0.08558070645241611-163, id: 0.08558070645241611-164, id: 0.08558070645241611-165, id: 0.08558070645241611-166, id: 0.08558070645241611-167, id: 0.08558070645241611-168, id: 0.08558070645241611-169, id: 0.08558070645241611-170, id: 0.08558070645241611-171, id: 0.08558070645241611-172, id: 0.08558070645241611-173, id: 0.08558070645241611-174, id: 0.08558070645241611-175, id: 0.08558070645241611-176, id: 0.08558070645241611-177, id: 0.08558070645241611-178, id: 0.08558070645241611-179, id: 0.08558070645241611-180, id: 0.08558070645241611-181, id: 0.08558070645241611-182, id: 0.08558070645241611-183, id: 0.08558070645241611-184, id: 0.08558070645241611-185, id: 0.08558070645241611-186, id: 0.08558070645241611-187, id: 0.08558070645241611-188, id: 0.08558070645241611-189, id: 0.08558070645241611-190, id: 0.08558070645241611-191, id: 0.08558070645241611-192]
[WebDriverCommandLogger] - Executing findElements parameters: {&quot;using&quot;:&quot;xpath&quot;,&quot;value&quot;:&quot;//div[@id=&apos;c_articlelist_stories_2&apos;]/ul[1]/li/span[2]/span[2]&quot;}
[WebDriverCommandLogger] - command: findElements[ param-1: {value=//div[@id=&apos;c_articlelist_stories_2&apos;]/ul[1]/li/span[2]/span[2], using=xpath}] Result: [id: 0.08558070645241611-97, id: 0.08558070645241611-98, id: 0.08558070645241611-99, id: 0.08558070645241611-100, id: 0.08558070645241611-101, id: 0.08558070645241611-102, id: 0.08558070645241611-103, id: 0.08558070645241611-104, id: 0.08558070645241611-105, id: 0.08558070645241611-106, id: 0.08558070645241611-107, id: 0.08558070645241611-108, id: 0.08558070645241611-109, id: 0.08558070645241611-110, id: 0.08558070645241611-111, id: 0.08558070645241611-112, id: 0.08558070645241611-113, id: 0.08558070645241611-114, id: 0.08558070645241611-115, id: 0.08558070645241611-116, id: 0.08558070645241611-117, id: 0.08558070645241611-118, id: 0.08558070645241611-119, id: 0.08558070645241611-120, id: 0.08558070645241611-121, id: 0.08558070645241611-122, id: 0.08558070645241611-123, id: 0.08558070645241611-124, id: 0.08558070645241611-125, id: 0.08558070645241611-126, id: 0.08558070645241611-127, id: 0.08558070645241611-128, id: 0.08558070645241611-129, id: 0.08558070645241611-130, id: 0.08558070645241611-131, id: 0.08558070645241611-132, id: 0.08558070645241611-133, id: 0.08558070645241611-134, id: 0.08558070645241611-135, id: 0.08558070645241611-136, id: 0.08558070645241611-137, id: 0.08558070645241611-138, id: 0.08558070645241611-139, id: 0.08558070645241611-140, id: 0.08558070645241611-141, id: 0.08558070645241611-142, id: 0.08558070645241611-143, id: 0.08558070645241611-144, id: 0.08558070645241611-145, id: 0.08558070645241611-146, id: 0.08558070645241611-147, id: 0.08558070645241611-148, id: 0.08558070645241611-149, id: 0.08558070645241611-150, id: 0.08558070645241611-151, id: 0.08558070645241611-152, id: 0.08558070645241611-153, id: 0.08558070645241611-154, id: 0.08558070645241611-155, id: 0.08558070645241611-156, id: 0.08558070645241611-157, id: 0.08558070645241611-158, id: 0.08558070645241611-159, id: 0.08558070645241611-160, id: 0.08558070645241611-161, id: 0.08558070645241611-162, id: 0.08558070645241611-163, id: 0.08558070645241611-164, id: 0.08558070645241611-165, id: 0.08558070645241611-166, id: 0.08558070645241611-167, id: 0.08558070645241611-168, id: 0.08558070645241611-169, id: 0.08558070645241611-170, id: 0.08558070645241611-171, id: 0.08558070645241611-172, id: 0.08558070645241611-173, id: 0.08558070645241611-174, id: 0.08558070645241611-175, id: 0.08558070645241611-176, id: 0.08558070645241611-177, id: 0.08558070645241611-178, id: 0.08558070645241611-179, id: 0.08558070645241611-180, id: 0.08558070645241611-181, id: 0.08558070645241611-182, id: 0.08558070645241611-183, id: 0.08558070645241611-184, id: 0.08558070645241611-185, id: 0.08558070645241611-186, id: 0.08558070645241611-187, id: 0.08558070645241611-188, id: 0.08558070645241611-189, id: 0.08558070645241611-190, id: 0.08558070645241611-191, id: 0.08558070645241611-192]
[WebDriverCommandLogger] - Executing getElementText element: By.xpath: //div[@id=&apos;c_articlelist_stories_2&apos;]/ul[1]/li/span[2]/span[2] parameters: {&quot;id&quot;:&quot;0.08558070645241611-119&quot;}
[WebDriverCommandLogger] - command: getElementText[ param-1: By.xpath: //div[@id=&apos;c_articlelist_stories_2&apos;]/ul[1]/li/span[2]/span[2] param-2: {&quot;id&quot;:&quot;0.08558070645241611-119&quot;}] Result: getElementText:13 HOURS AGO
[WebDriverCommandLogger] - Executing findElements parameters: {&quot;using&quot;:&quot;xpath&quot;,&quot;value&quot;:&quot;//div[@id=&apos;c_articlelist_stories_2&apos;]/ul[1]/li/span[1]/a&quot;}
[WebDriverCommandLogger] - command: findElements[ param-1: {value=//div[@id=&apos;c_articlelist_stories_2&apos;]/ul[1]/li/span[1]/a, using=xpath}] Result: [id: 0.08558070645241611-1, id: 0.08558070645241611-2, id: 0.08558070645241611-3, id: 0.08558070645241611-4, id: 0.08558070645241611-5, id: 0.08558070645241611-6, id: 0.08558070645241611-7, id: 0.08558070645241611-8, id: 0.08558070645241611-9, id: 0.08558070645241611-10, id: 0.08558070645241611-11, id: 0.08558070645241611-12, id: 0.08558070645241611-13, id: 0.08558070645241611-14, id: 0.08558070645241611-15, id: 0.08558070645241611-16, id: 0.08558070645241611-17, id: 0.08558070645241611-18, id: 0.08558070645241611-19, id: 0.08558070645241611-20, id: 0.08558070645241611-21, id: 0.08558070645241611-22, id: 0.08558070645241611-23, id: 0.08558070645241611-24, id: 0.08558070645241611-25, id: 0.08558070645241611-26, id: 0.08558070645241611-27, id: 0.08558070645241611-28, id: 0.08558070645241611-29, id: 0.08558070645241611-30, id: 0.08558070645241611-31, id: 0.08558070645241611-32, id: 0.08558070645241611-33, id: 0.08558070645241611-34, id: 0.08558070645241611-35, id: 0.08558070645241611-36, id: 0.08558070645241611-37, id: 0.08558070645241611-38, id: 0.08558070645241611-39, id: 0.08558070645241611-40, id: 0.08558070645241611-41, id: 0.08558070645241611-42, id: 0.08558070645241611-43, id: 0.08558070645241611-44, id: 0.08558070645241611-45, id: 0.08558070645241611-46, id: 0.08558070645241611-47, id: 0.08558070645241611-48, id: 0.08558070645241611-49, id: 0.08558070645241611-50, id: 0.08558070645241611-51, id: 0.08558070645241611-52, id: 0.08558070645241611-53, id: 0.08558070645241611-54, id: 0.08558070645241611-55, id: 0.08558070645241611-56, id: 0.08558070645241611-57, id: 0.08558070645241611-58, id: 0.08558070645241611-59, id: 0.08558070645241611-60, id: 0.08558070645241611-61, id: 0.08558070645241611-62, id: 0.08558070645241611-63, id: 0.08558070645241611-64, id: 0.08558070645241611-65, id: 0.08558070645241611-66, id: 0.08558070645241611-67, id: 0.08558070645241611-68, id: 0.08558070645241611-69, id: 0.08558070645241611-70, id: 0.08558070645241611-71, id: 0.08558070645241611-72, id: 0.08558070645241611-73, id: 0.08558070645241611-74, id: 0.08558070645241611-75, id: 0.08558070645241611-76, id: 0.08558070645241611-77, id: 0.08558070645241611-78, id: 0.08558070645241611-79, id: 0.08558070645241611-80, id: 0.08558070645241611-81, id: 0.08558070645241611-82, id: 0.08558070645241611-83, id: 0.08558070645241611-84, id: 0.08558070645241611-85, id: 0.08558070645241611-86, id: 0.08558070645241611-87, id: 0.08558070645241611-88, id: 0.08558070645241611-89, id: 0.08558070645241611-90, id: 0.08558070645241611-91, id: 0.08558070645241611-92, id: 0.08558070645241611-93, id: 0.08558070645241611-94, id: 0.08558070645241611-95, id: 0.08558070645241611-96]
[WebDriverCommandLogger] - Executing getElementText element: By.xpath: //div[@id=&apos;c_articlelist_stories_2&apos;]/ul[1]/li/span[1]/a parameters: {&quot;id&quot;:&quot;0.08558070645241611-23&quot;}
[WebDriverCommandLogger] - command: getElementText[ param-1: By.xpath: //div[@id=&apos;c_articlelist_stories_2&apos;]/ul[1]/li/span[1]/a param-2: {&quot;id&quot;:&quot;0.08558070645241611-23&quot;}] Result: getElementText:Chikalthana hospital to open by Aug 15
[WebDriverCommandLogger] - Executing findElements parameters: {&quot;using&quot;:&quot;xpath&quot;,&quot;value&quot;:&quot;//div[@id=&apos;c_articlelist_stories_2&apos;]/ul[1]/li/span[2]/span[2]&quot;}
[WebDriverCommandLogger] - command: findElements[ param-1: {value=//div[@id=&apos;c_articlelist_stories_2&apos;]/ul[1]/li/span[2]/span[2], using=xpath}] Result: [id: 0.08558070645241611-97, id: 0.08558070645241611-98, id: 0.08558070645241611-99, id: 0.08558070645241611-100, id: 0.08558070645241611-101, id: 0.08558070645241611-102, id: 0.08558070645241611-103, id: 0.08558070645241611-104, id: 0.08558070645241611-105, id: 0.08558070645241611-106, id: 0.08558070645241611-107, id: 0.08558070645241611-108, id: 0.08558070645241611-109, id: 0.08558070645241611-110, id: 0.08558070645241611-111, id: 0.08558070645241611-112, id: 0.08558070645241611-113, id: 0.08558070645241611-114, id: 0.08558070645241611-115, id: 0.08558070645241611-116, id: 0.08558070645241611-117, id: 0.08558070645241611-118, id: 0.08558070645241611-119, id: 0.08558070645241611-120, id: 0.08558070645241611-121, id: 0.08558070645241611-122, id: 0.08558070645241611-123, id: 0.08558070645241611-124, id: 0.08558070645241611-125, id: 0.08558070645241611-126, id: 0.08558070645241611-127, id: 0.08558070645241611-128, id: 0.08558070645241611-129, id: 0.08558070645241611-130, id: 0.08558070645241611-131, id: 0.08558070645241611-132, id: 0.08558070645241611-133, id: 0.08558070645241611-134, id: 0.08558070645241611-135, id: 0.08558070645241611-136, id: 0.08558070645241611-137, id: 0.08558070645241611-138, id: 0.08558070645241611-139, id: 0.08558070645241611-140, id: 0.08558070645241611-141, id: 0.08558070645241611-142, id: 0.08558070645241611-143, id: 0.08558070645241611-144, id: 0.08558070645241611-145, id: 0.08558070645241611-146, id: 0.08558070645241611-147, id: 0.08558070645241611-148, id: 0.08558070645241611-149, id: 0.08558070645241611-150, id: 0.08558070645241611-151, id: 0.08558070645241611-152, id: 0.08558070645241611-153, id: 0.08558070645241611-154, id: 0.08558070645241611-155, id: 0.08558070645241611-156, id: 0.08558070645241611-157, id: 0.08558070645241611-158, id: 0.08558070645241611-159, id: 0.08558070645241611-160, id: 0.08558070645241611-161, id: 0.08558070645241611-162, id: 0.08558070645241611-163, id: 0.08558070645241611-164, id: 0.08558070645241611-165, id: 0.08558070645241611-166, id: 0.08558070645241611-167, id: 0.08558070645241611-168, id: 0.08558070645241611-169, id: 0.08558070645241611-170, id: 0.08558070645241611-171, id: 0.08558070645241611-172, id: 0.08558070645241611-173, id: 0.08558070645241611-174, id: 0.08558070645241611-175, id: 0.08558070645241611-176, id: 0.08558070645241611-177, id: 0.08558070645241611-178, id: 0.08558070645241611-179, id: 0.08558070645241611-180, id: 0.08558070645241611-181, id: 0.08558070645241611-182, id: 0.08558070645241611-183, id: 0.08558070645241611-184, id: 0.08558070645241611-185, id: 0.08558070645241611-186, id: 0.08558070645241611-187, id: 0.08558070645241611-188, id: 0.08558070645241611-189, id: 0.08558070645241611-190, id: 0.08558070645241611-191, id: 0.08558070645241611-192]
[WebDriverCommandLogger] - Executing findElements parameters: {&quot;using&quot;:&quot;xpath&quot;,&quot;value&quot;:&quot;//div[@id=&apos;c_articlelist_stories_2&apos;]/ul[1]/li/span[2]/span[2]&quot;}
[WebDriverCommandLogger] - command: findElements[ param-1: {value=//div[@id=&apos;c_articlelist_stories_2&apos;]/ul[1]/li/span[2]/span[2], using=xpath}] Result: [id: 0.08558070645241611-97, id: 0.08558070645241611-98, id: 0.08558070645241611-99, id: 0.08558070645241611-100, id: 0.08558070645241611-101, id: 0.08558070645241611-102, id: 0.08558070645241611-103, id: 0.08558070645241611-104, id: 0.08558070645241611-105, id: 0.08558070645241611-106, id: 0.08558070645241611-107, id: 0.08558070645241611-108, id: 0.08558070645241611-109, id: 0.08558070645241611-110, id: 0.08558070645241611-111, id: 0.08558070645241611-112, id: 0.08558070645241611-113, id: 0.08558070645241611-114, id: 0.08558070645241611-115, id: 0.08558070645241611-116, id: 0.08558070645241611-117, id: 0.08558070645241611-118, id: 0.08558070645241611-119, id: 0.08558070645241611-120, id: 0.08558070645241611-121, id: 0.08558070645241611-122, id: 0.08558070645241611-123, id: 0.08558070645241611-124, id: 0.08558070645241611-125, id: 0.08558070645241611-126, id: 0.08558070645241611-127, id: 0.08558070645241611-128, id: 0.08558070645241611-129, id: 0.08558070645241611-130, id: 0.08558070645241611-131, id: 0.08558070645241611-132, id: 0.08558070645241611-133, id: 0.08558070645241611-134, id: 0.08558070645241611-135, id: 0.08558070645241611-136, id: 0.08558070645241611-137, id: 0.08558070645241611-138, id: 0.08558070645241611-139, id: 0.08558070645241611-140, id: 0.08558070645241611-141, id: 0.08558070645241611-142, id: 0.08558070645241611-143, id: 0.08558070645241611-144, id: 0.08558070645241611-145, id: 0.08558070645241611-146, id: 0.08558070645241611-147, id: 0.08558070645241611-148, id: 0.08558070645241611-149, id: 0.08558070645241611-150, id: 0.08558070645241611-151, id: 0.08558070645241611-152, id: 0.08558070645241611-153, id: 0.08558070645241611-154, id: 0.08558070645241611-155, id: 0.08558070645241611-156, id: 0.08558070645241611-157, id: 0.08558070645241611-158, id: 0.08558070645241611-159, id: 0.08558070645241611-160, id: 0.08558070645241611-161, id: 0.08558070645241611-162, id: 0.08558070645241611-163, id: 0.08558070645241611-164, id: 0.08558070645241611-165, id: 0.08558070645241611-166, id: 0.08558070645241611-167, id: 0.08558070645241611-168, id: 0.08558070645241611-169, id: 0.08558070645241611-170, id: 0.08558070645241611-171, id: 0.08558070645241611-172, id: 0.08558070645241611-173, id: 0.08558070645241611-174, id: 0.08558070645241611-175, id: 0.08558070645241611-176, id: 0.08558070645241611-177, id: 0.08558070645241611-178, id: 0.08558070645241611-179, id: 0.08558070645241611-180, id: 0.08558070645241611-181, id: 0.08558070645241611-182, id: 0.08558070645241611-183, id: 0.08558070645241611-184, id: 0.08558070645241611-185, id: 0.08558070645241611-186, id: 0.08558070645241611-187, id: 0.08558070645241611-188, id: 0.08558070645241611-189, id: 0.08558070645241611-190, id: 0.08558070645241611-191, id: 0.08558070645241611-192]
[WebDriverCommandLogger] - Executing getElementText element: By.xpath: //div[@id=&apos;c_articlelist_stories_2&apos;]/ul[1]/li/span[2]/span[2] parameters: {&quot;id&quot;:&quot;0.08558070645241611-120&quot;}
[WebDriverCommandLogger] - command: getElementText[ param-1: By.xpath: //div[@id=&apos;c_articlelist_stories_2&apos;]/ul[1]/li/span[2]/span[2] param-2: {&quot;id&quot;:&quot;0.08558070645241611-120&quot;}] Result: getElementText:13 HOURS AGO
[WebDriverCommandLogger] - Executing findElements parameters: {&quot;using&quot;:&quot;xpath&quot;,&quot;value&quot;:&quot;//div[@id=&apos;c_articlelist_stories_2&apos;]/ul[1]/li/span[1]/a&quot;}
[WebDriverCommandLogger] - command: findElements[ param-1: {value=//div[@id=&apos;c_articlelist_stories_2&apos;]/ul[1]/li/span[1]/a, using=xpath}] Result: [id: 0.08558070645241611-1, id: 0.08558070645241611-2, id: 0.08558070645241611-3, id: 0.08558070645241611-4, id: 0.08558070645241611-5, id: 0.08558070645241611-6, id: 0.08558070645241611-7, id: 0.08558070645241611-8, id: 0.08558070645241611-9, id: 0.08558070645241611-10, id: 0.08558070645241611-11, id: 0.08558070645241611-12, id: 0.08558070645241611-13, id: 0.08558070645241611-14, id: 0.08558070645241611-15, id: 0.08558070645241611-16, id: 0.08558070645241611-17, id: 0.08558070645241611-18, id: 0.08558070645241611-19, id: 0.08558070645241611-20, id: 0.08558070645241611-21, id: 0.08558070645241611-22, id: 0.08558070645241611-23, id: 0.08558070645241611-24, id: 0.08558070645241611-25, id: 0.08558070645241611-26, id: 0.08558070645241611-27, id: 0.08558070645241611-28, id: 0.08558070645241611-29, id: 0.08558070645241611-30, id: 0.08558070645241611-31, id: 0.08558070645241611-32, id: 0.08558070645241611-33, id: 0.08558070645241611-34, id: 0.08558070645241611-35, id: 0.08558070645241611-36, id: 0.08558070645241611-37, id: 0.08558070645241611-38, id: 0.08558070645241611-39, id: 0.08558070645241611-40, id: 0.08558070645241611-41, id: 0.08558070645241611-42, id: 0.08558070645241611-43, id: 0.08558070645241611-44, id: 0.08558070645241611-45, id: 0.08558070645241611-46, id: 0.08558070645241611-47, id: 0.08558070645241611-48, id: 0.08558070645241611-49, id: 0.08558070645241611-50, id: 0.08558070645241611-51, id: 0.08558070645241611-52, id: 0.08558070645241611-53, id: 0.08558070645241611-54, id: 0.08558070645241611-55, id: 0.08558070645241611-56, id: 0.08558070645241611-57, id: 0.08558070645241611-58, id: 0.08558070645241611-59, id: 0.08558070645241611-60, id: 0.08558070645241611-61, id: 0.08558070645241611-62, id: 0.08558070645241611-63, id: 0.08558070645241611-64, id: 0.08558070645241611-65, id: 0.08558070645241611-66, id: 0.08558070645241611-67, id: 0.08558070645241611-68, id: 0.08558070645241611-69, id: 0.08558070645241611-70, id: 0.08558070645241611-71, id: 0.08558070645241611-72, id: 0.08558070645241611-73, id: 0.08558070645241611-74, id: 0.08558070645241611-75, id: 0.08558070645241611-76, id: 0.08558070645241611-77, id: 0.08558070645241611-78, id: 0.08558070645241611-79, id: 0.08558070645241611-80, id: 0.08558070645241611-81, id: 0.08558070645241611-82, id: 0.08558070645241611-83, id: 0.08558070645241611-84, id: 0.08558070645241611-85, id: 0.08558070645241611-86, id: 0.08558070645241611-87, id: 0.08558070645241611-88, id: 0.08558070645241611-89, id: 0.08558070645241611-90, id: 0.08558070645241611-91, id: 0.08558070645241611-92, id: 0.08558070645241611-93, id: 0.08558070645241611-94, id: 0.08558070645241611-95, id: 0.08558070645241611-96]
[WebDriverCommandLogger] - Executing getElementText element: By.xpath: //div[@id=&apos;c_articlelist_stories_2&apos;]/ul[1]/li/span[1]/a parameters: {&quot;id&quot;:&quot;0.08558070645241611-24&quot;}
[WebDriverCommandLogger] - command: getElementText[ param-1: By.xpath: //div[@id=&apos;c_articlelist_stories_2&apos;]/ul[1]/li/span[1]/a param-2: {&quot;id&quot;:&quot;0.08558070645241611-24&quot;}] Result: getElementText:Bikes torched metres away from police stn
[WebDriverCommandLogger] - Executing findElements parameters: {&quot;using&quot;:&quot;xpath&quot;,&quot;value&quot;:&quot;//div[@id=&apos;c_articlelist_stories_2&apos;]/ul[1]/li/span[2]/span[2]&quot;}
[WebDriverCommandLogger] - command: findElements[ param-1: {value=//div[@id=&apos;c_articlelist_stories_2&apos;]/ul[1]/li/span[2]/span[2], using=xpath}] Result: [id: 0.08558070645241611-97, id: 0.08558070645241611-98, id: 0.08558070645241611-99, id: 0.08558070645241611-100, id: 0.08558070645241611-101, id: 0.08558070645241611-102, id: 0.08558070645241611-103, id: 0.08558070645241611-104, id: 0.08558070645241611-105, id: 0.08558070645241611-106, id: 0.08558070645241611-107, id: 0.08558070645241611-108, id: 0.08558070645241611-109, id: 0.08558070645241611-110, id: 0.08558070645241611-111, id: 0.08558070645241611-112, id: 0.08558070645241611-113, id: 0.08558070645241611-114, id: 0.08558070645241611-115, id: 0.08558070645241611-116, id: 0.08558070645241611-117, id: 0.08558070645241611-118, id: 0.08558070645241611-119, id: 0.08558070645241611-120, id: 0.08558070645241611-121, id: 0.08558070645241611-122, id: 0.08558070645241611-123, id: 0.08558070645241611-124, id: 0.08558070645241611-125, id: 0.08558070645241611-126, id: 0.08558070645241611-127, id: 0.08558070645241611-128, id: 0.08558070645241611-129, id: 0.08558070645241611-130, id: 0.08558070645241611-131, id: 0.08558070645241611-132, id: 0.08558070645241611-133, id: 0.08558070645241611-134, id: 0.08558070645241611-135, id: 0.08558070645241611-136, id: 0.08558070645241611-137, id: 0.08558070645241611-138, id: 0.08558070645241611-139, id: 0.08558070645241611-140, id: 0.08558070645241611-141, id: 0.08558070645241611-142, id: 0.08558070645241611-143, id: 0.08558070645241611-144, id: 0.08558070645241611-145, id: 0.08558070645241611-146, id: 0.08558070645241611-147, id: 0.08558070645241611-148, id: 0.08558070645241611-149, id: 0.08558070645241611-150, id: 0.08558070645241611-151, id: 0.08558070645241611-152, id: 0.08558070645241611-153, id: 0.08558070645241611-154, id: 0.08558070645241611-155, id: 0.08558070645241611-156, id: 0.08558070645241611-157, id: 0.08558070645241611-158, id: 0.08558070645241611-159, id: 0.08558070645241611-160, id: 0.08558070645241611-161, id: 0.08558070645241611-162, id: 0.08558070645241611-163, id: 0.08558070645241611-164, id: 0.08558070645241611-165, id: 0.08558070645241611-166, id: 0.08558070645241611-167, id: 0.08558070645241611-168, id: 0.08558070645241611-169, id: 0.08558070645241611-170, id: 0.08558070645241611-171, id: 0.08558070645241611-172, id: 0.08558070645241611-173, id: 0.08558070645241611-174, id: 0.08558070645241611-175, id: 0.08558070645241611-176, id: 0.08558070645241611-177, id: 0.08558070645241611-178, id: 0.08558070645241611-179, id: 0.08558070645241611-180, id: 0.08558070645241611-181, id: 0.08558070645241611-182, id: 0.08558070645241611-183, id: 0.08558070645241611-184, id: 0.08558070645241611-185, id: 0.08558070645241611-186, id: 0.08558070645241611-187, id: 0.08558070645241611-188, id: 0.08558070645241611-189, id: 0.08558070645241611-190, id: 0.08558070645241611-191, id: 0.08558070645241611-192]
[WebDriverCommandLogger] - Executing findElements parameters: {&quot;using&quot;:&quot;xpath&quot;,&quot;value&quot;:&quot;//div[@id=&apos;c_articlelist_stories_2&apos;]/ul[1]/li/span[2]/span[2]&quot;}
[WebDriverCommandLogger] - command: findElements[ param-1: {value=//div[@id=&apos;c_articlelist_stories_2&apos;]/ul[1]/li/span[2]/span[2], using=xpath}] Result: [id: 0.08558070645241611-97, id: 0.08558070645241611-98, id: 0.08558070645241611-99, id: 0.08558070645241611-100, id: 0.08558070645241611-101, id: 0.08558070645241611-102, id: 0.08558070645241611-103, id: 0.08558070645241611-104, id: 0.08558070645241611-105, id: 0.08558070645241611-106, id: 0.08558070645241611-107, id: 0.08558070645241611-108, id: 0.08558070645241611-109, id: 0.08558070645241611-110, id: 0.08558070645241611-111, id: 0.08558070645241611-112, id: 0.08558070645241611-113, id: 0.08558070645241611-114, id: 0.08558070645241611-115, id: 0.08558070645241611-116, id: 0.08558070645241611-117, id: 0.08558070645241611-118, id: 0.08558070645241611-119, id: 0.08558070645241611-120, id: 0.08558070645241611-121, id: 0.08558070645241611-122, id: 0.08558070645241611-123, id: 0.08558070645241611-124, id: 0.08558070645241611-125, id: 0.08558070645241611-126, id: 0.08558070645241611-127, id: 0.08558070645241611-128, id: 0.08558070645241611-129, id: 0.08558070645241611-130, id: 0.08558070645241611-131, id: 0.08558070645241611-132, id: 0.08558070645241611-133, id: 0.08558070645241611-134, id: 0.08558070645241611-135, id: 0.08558070645241611-136, id: 0.08558070645241611-137, id: 0.08558070645241611-138, id: 0.08558070645241611-139, id: 0.08558070645241611-140, id: 0.08558070645241611-141, id: 0.08558070645241611-142, id: 0.08558070645241611-143, id: 0.08558070645241611-144, id: 0.08558070645241611-145, id: 0.08558070645241611-146, id: 0.08558070645241611-147, id: 0.08558070645241611-148, id: 0.08558070645241611-149, id: 0.08558070645241611-150, id: 0.08558070645241611-151, id: 0.08558070645241611-152, id: 0.08558070645241611-153, id: 0.08558070645241611-154, id: 0.08558070645241611-155, id: 0.08558070645241611-156, id: 0.08558070645241611-157, id: 0.08558070645241611-158, id: 0.08558070645241611-159, id: 0.08558070645241611-160, id: 0.08558070645241611-161, id: 0.08558070645241611-162, id: 0.08558070645241611-163, id: 0.08558070645241611-164, id: 0.08558070645241611-165, id: 0.08558070645241611-166, id: 0.08558070645241611-167, id: 0.08558070645241611-168, id: 0.08558070645241611-169, id: 0.08558070645241611-170, id: 0.08558070645241611-171, id: 0.08558070645241611-172, id: 0.08558070645241611-173, id: 0.08558070645241611-174, id: 0.08558070645241611-175, id: 0.08558070645241611-176, id: 0.08558070645241611-177, id: 0.08558070645241611-178, id: 0.08558070645241611-179, id: 0.08558070645241611-180, id: 0.08558070645241611-181, id: 0.08558070645241611-182, id: 0.08558070645241611-183, id: 0.08558070645241611-184, id: 0.08558070645241611-185, id: 0.08558070645241611-186, id: 0.08558070645241611-187, id: 0.08558070645241611-188, id: 0.08558070645241611-189, id: 0.08558070645241611-190, id: 0.08558070645241611-191, id: 0.08558070645241611-192]
[WebDriverCommandLogger] - Executing getElementText element: By.xpath: //div[@id=&apos;c_articlelist_stories_2&apos;]/ul[1]/li/span[2]/span[2] parameters: {&quot;id&quot;:&quot;0.08558070645241611-121&quot;}
[WebDriverCommandLogger] - command: getElementText[ param-1: By.xpath: //div[@id=&apos;c_articlelist_stories_2&apos;]/ul[1]/li/span[2]/span[2] param-2: {&quot;id&quot;:&quot;0.08558070645241611-121&quot;}] Result: getElementText:14 HOURS AGO
[WebDriverCommandLogger] - Executing findElements parameters: {&quot;using&quot;:&quot;xpath&quot;,&quot;value&quot;:&quot;//div[@id=&apos;c_articlelist_stories_2&apos;]/ul[1]/li/span[1]/a&quot;}
[WebDriverCommandLogger] - command: findElements[ param-1: {value=//div[@id=&apos;c_articlelist_stories_2&apos;]/ul[1]/li/span[1]/a, using=xpath}] Result: [id: 0.08558070645241611-1, id: 0.08558070645241611-2, id: 0.08558070645241611-3, id: 0.08558070645241611-4, id: 0.08558070645241611-5, id: 0.08558070645241611-6, id: 0.08558070645241611-7, id: 0.08558070645241611-8, id: 0.08558070645241611-9, id: 0.08558070645241611-10, id: 0.08558070645241611-11, id: 0.08558070645241611-12, id: 0.08558070645241611-13, id: 0.08558070645241611-14, id: 0.08558070645241611-15, id: 0.08558070645241611-16, id: 0.08558070645241611-17, id: 0.08558070645241611-18, id: 0.08558070645241611-19, id: 0.08558070645241611-20, id: 0.08558070645241611-21, id: 0.08558070645241611-22, id: 0.08558070645241611-23, id: 0.08558070645241611-24, id: 0.08558070645241611-25, id: 0.08558070645241611-26, id: 0.08558070645241611-27, id: 0.08558070645241611-28, id: 0.08558070645241611-29, id: 0.08558070645241611-30, id: 0.08558070645241611-31, id: 0.08558070645241611-32, id: 0.08558070645241611-33, id: 0.08558070645241611-34, id: 0.08558070645241611-35, id: 0.08558070645241611-36, id: 0.08558070645241611-37, id: 0.08558070645241611-38, id: 0.08558070645241611-39, id: 0.08558070645241611-40, id: 0.08558070645241611-41, id: 0.08558070645241611-42, id: 0.08558070645241611-43, id: 0.08558070645241611-44, id: 0.08558070645241611-45, id: 0.08558070645241611-46, id: 0.08558070645241611-47, id: 0.08558070645241611-48, id: 0.08558070645241611-49, id: 0.08558070645241611-50, id: 0.08558070645241611-51, id: 0.08558070645241611-52, id: 0.08558070645241611-53, id: 0.08558070645241611-54, id: 0.08558070645241611-55, id: 0.08558070645241611-56, id: 0.08558070645241611-57, id: 0.08558070645241611-58, id: 0.08558070645241611-59, id: 0.08558070645241611-60, id: 0.08558070645241611-61, id: 0.08558070645241611-62, id: 0.08558070645241611-63, id: 0.08558070645241611-64, id: 0.08558070645241611-65, id: 0.08558070645241611-66, id: 0.08558070645241611-67, id: 0.08558070645241611-68, id: 0.08558070645241611-69, id: 0.08558070645241611-70, id: 0.08558070645241611-71, id: 0.08558070645241611-72, id: 0.08558070645241611-73, id: 0.08558070645241611-74, id: 0.08558070645241611-75, id: 0.08558070645241611-76, id: 0.08558070645241611-77, id: 0.08558070645241611-78, id: 0.08558070645241611-79, id: 0.08558070645241611-80, id: 0.08558070645241611-81, id: 0.08558070645241611-82, id: 0.08558070645241611-83, id: 0.08558070645241611-84, id: 0.08558070645241611-85, id: 0.08558070645241611-86, id: 0.08558070645241611-87, id: 0.08558070645241611-88, id: 0.08558070645241611-89, id: 0.08558070645241611-90, id: 0.08558070645241611-91, id: 0.08558070645241611-92, id: 0.08558070645241611-93, id: 0.08558070645241611-94, id: 0.08558070645241611-95, id: 0.08558070645241611-96]
[WebDriverCommandLogger] - Executing getElementText element: By.xpath: //div[@id=&apos;c_articlelist_stories_2&apos;]/ul[1]/li/span[1]/a parameters: {&quot;id&quot;:&quot;0.08558070645241611-25&quot;}
[WebDriverCommandLogger] - command: getElementText[ param-1: By.xpath: //div[@id=&apos;c_articlelist_stories_2&apos;]/ul[1]/li/span[1]/a param-2: {&quot;id&quot;:&quot;0.08558070645241611-25&quot;}] Result: getElementText:Police bust Koregaon Park sex racket, rescue 9 women
[WebDriverCommandLogger] - Executing findElements parameters: {&quot;using&quot;:&quot;xpath&quot;,&quot;value&quot;:&quot;//div[@id=&apos;c_articlelist_stories_2&apos;]/ul[1]/li/span[2]/span[2]&quot;}
[WebDriverCommandLogger] - command: findElements[ param-1: {value=//div[@id=&apos;c_articlelist_stories_2&apos;]/ul[1]/li/span[2]/span[2], using=xpath}] Result: [id: 0.08558070645241611-97, id: 0.08558070645241611-98, id: 0.08558070645241611-99, id: 0.08558070645241611-100, id: 0.08558070645241611-101, id: 0.08558070645241611-102, id: 0.08558070645241611-103, id: 0.08558070645241611-104, id: 0.08558070645241611-105, id: 0.08558070645241611-106, id: 0.08558070645241611-107, id: 0.08558070645241611-108, id: 0.08558070645241611-109, id: 0.08558070645241611-110, id: 0.08558070645241611-111, id: 0.08558070645241611-112, id: 0.08558070645241611-113, id: 0.08558070645241611-114, id: 0.08558070645241611-115, id: 0.08558070645241611-116, id: 0.08558070645241611-117, id: 0.08558070645241611-118, id: 0.08558070645241611-119, id: 0.08558070645241611-120, id: 0.08558070645241611-121, id: 0.08558070645241611-122, id: 0.08558070645241611-123, id: 0.08558070645241611-124, id: 0.08558070645241611-125, id: 0.08558070645241611-126, id: 0.08558070645241611-127, id: 0.08558070645241611-128, id: 0.08558070645241611-129, id: 0.08558070645241611-130, id: 0.08558070645241611-131, id: 0.08558070645241611-132, id: 0.08558070645241611-133, id: 0.08558070645241611-134, id: 0.08558070645241611-135, id: 0.08558070645241611-136, id: 0.08558070645241611-137, id: 0.08558070645241611-138, id: 0.08558070645241611-139, id: 0.08558070645241611-140, id: 0.08558070645241611-141, id: 0.08558070645241611-142, id: 0.08558070645241611-143, id: 0.08558070645241611-144, id: 0.08558070645241611-145, id: 0.08558070645241611-146, id: 0.08558070645241611-147, id: 0.08558070645241611-148, id: 0.08558070645241611-149, id: 0.08558070645241611-150, id: 0.08558070645241611-151, id: 0.08558070645241611-152, id: 0.08558070645241611-153, id: 0.08558070645241611-154, id: 0.08558070645241611-155, id: 0.08558070645241611-156, id: 0.08558070645241611-157, id: 0.08558070645241611-158, id: 0.08558070645241611-159, id: 0.08558070645241611-160, id: 0.08558070645241611-161, id: 0.08558070645241611-162, id: 0.08558070645241611-163, id: 0.08558070645241611-164, id: 0.08558070645241611-165, id: 0.08558070645241611-166, id: 0.08558070645241611-167, id: 0.08558070645241611-168, id: 0.08558070645241611-169, id: 0.08558070645241611-170, id: 0.08558070645241611-171, id: 0.08558070645241611-172, id: 0.08558070645241611-173, id: 0.08558070645241611-174, id: 0.08558070645241611-175, id: 0.08558070645241611-176, id: 0.08558070645241611-177, id: 0.08558070645241611-178, id: 0.08558070645241611-179, id: 0.08558070645241611-180, id: 0.08558070645241611-181, id: 0.08558070645241611-182, id: 0.08558070645241611-183, id: 0.08558070645241611-184, id: 0.08558070645241611-185, id: 0.08558070645241611-186, id: 0.08558070645241611-187, id: 0.08558070645241611-188, id: 0.08558070645241611-189, id: 0.08558070645241611-190, id: 0.08558070645241611-191, id: 0.08558070645241611-192]
[WebDriverCommandLogger] - Executing findElements parameters: {&quot;using&quot;:&quot;xpath&quot;,&quot;value&quot;:&quot;//div[@id=&apos;c_articlelist_stories_2&apos;]/ul[1]/li/span[2]/span[2]&quot;}
[WebDriverCommandLogger] - command: findElements[ param-1: {value=//div[@id=&apos;c_articlelist_stories_2&apos;]/ul[1]/li/span[2]/span[2], using=xpath}] Result: [id: 0.08558070645241611-97, id: 0.08558070645241611-98, id: 0.08558070645241611-99, id: 0.08558070645241611-100, id: 0.08558070645241611-101, id: 0.08558070645241611-102, id: 0.08558070645241611-103, id: 0.08558070645241611-104, id: 0.08558070645241611-105, id: 0.08558070645241611-106, id: 0.08558070645241611-107, id: 0.08558070645241611-108, id: 0.08558070645241611-109, id: 0.08558070645241611-110, id: 0.08558070645241611-111, id: 0.08558070645241611-112, id: 0.08558070645241611-113, id: 0.08558070645241611-114, id: 0.08558070645241611-115, id: 0.08558070645241611-116, id: 0.08558070645241611-117, id: 0.08558070645241611-118, id: 0.08558070645241611-119, id: 0.08558070645241611-120, id: 0.08558070645241611-121, id: 0.08558070645241611-122, id: 0.08558070645241611-123, id: 0.08558070645241611-124, id: 0.08558070645241611-125, id: 0.08558070645241611-126, id: 0.08558070645241611-127, id: 0.08558070645241611-128, id: 0.08558070645241611-129, id: 0.08558070645241611-130, id: 0.08558070645241611-131, id: 0.08558070645241611-132, id: 0.08558070645241611-133, id: 0.08558070645241611-134, id: 0.08558070645241611-135, id: 0.08558070645241611-136, id: 0.08558070645241611-137, id: 0.08558070645241611-138, id: 0.08558070645241611-139, id: 0.08558070645241611-140, id: 0.08558070645241611-141, id: 0.08558070645241611-142, id: 0.08558070645241611-143, id: 0.08558070645241611-144, id: 0.08558070645241611-145, id: 0.08558070645241611-146, id: 0.08558070645241611-147, id: 0.08558070645241611-148, id: 0.08558070645241611-149, id: 0.08558070645241611-150, id: 0.08558070645241611-151, id: 0.08558070645241611-152, id: 0.08558070645241611-153, id: 0.08558070645241611-154, id: 0.08558070645241611-155, id: 0.08558070645241611-156, id: 0.08558070645241611-157, id: 0.08558070645241611-158, id: 0.08558070645241611-159, id: 0.08558070645241611-160, id: 0.08558070645241611-161, id: 0.08558070645241611-162, id: 0.08558070645241611-163, id: 0.08558070645241611-164, id: 0.08558070645241611-165, id: 0.08558070645241611-166, id: 0.08558070645241611-167, id: 0.08558070645241611-168, id: 0.08558070645241611-169, id: 0.08558070645241611-170, id: 0.08558070645241611-171, id: 0.08558070645241611-172, id: 0.08558070645241611-173, id: 0.08558070645241611-174, id: 0.08558070645241611-175, id: 0.08558070645241611-176, id: 0.08558070645241611-177, id: 0.08558070645241611-178, id: 0.08558070645241611-179, id: 0.08558070645241611-180, id: 0.08558070645241611-181, id: 0.08558070645241611-182, id: 0.08558070645241611-183, id: 0.08558070645241611-184, id: 0.08558070645241611-185, id: 0.08558070645241611-186, id: 0.08558070645241611-187, id: 0.08558070645241611-188, id: 0.08558070645241611-189, id: 0.08558070645241611-190, id: 0.08558070645241611-191, id: 0.08558070645241611-192]
[WebDriverCommandLogger] - Executing getElementText element: By.xpath: //div[@id=&apos;c_articlelist_stories_2&apos;]/ul[1]/li/span[2]/span[2] parameters: {&quot;id&quot;:&quot;0.08558070645241611-122&quot;}
[WebDriverCommandLogger] - command: getElementText[ param-1: By.xpath: //div[@id=&apos;c_articlelist_stories_2&apos;]/ul[1]/li/span[2]/span[2] param-2: {&quot;id&quot;:&quot;0.08558070645241611-122&quot;}] Result: getElementText:17 HOURS AGO
[WebDriverCommandLogger] - Executing findElements parameters: {&quot;using&quot;:&quot;xpath&quot;,&quot;value&quot;:&quot;//div[@id=&apos;c_articlelist_stories_2&apos;]/ul[1]/li/span[1]/a&quot;}
[WebDriverCommandLogger] - command: findElements[ param-1: {value=//div[@id=&apos;c_articlelist_stories_2&apos;]/ul[1]/li/span[1]/a, using=xpath}] Result: [id: 0.08558070645241611-1, id: 0.08558070645241611-2, id: 0.08558070645241611-3, id: 0.08558070645241611-4, id: 0.08558070645241611-5, id: 0.08558070645241611-6, id: 0.08558070645241611-7, id: 0.08558070645241611-8, id: 0.08558070645241611-9, id: 0.08558070645241611-10, id: 0.08558070645241611-11, id: 0.08558070645241611-12, id: 0.08558070645241611-13, id: 0.08558070645241611-14, id: 0.08558070645241611-15, id: 0.08558070645241611-16, id: 0.08558070645241611-17, id: 0.08558070645241611-18, id: 0.08558070645241611-19, id: 0.08558070645241611-20, id: 0.08558070645241611-21, id: 0.08558070645241611-22, id: 0.08558070645241611-23, id: 0.08558070645241611-24, id: 0.08558070645241611-25, id: 0.08558070645241611-26, id: 0.08558070645241611-27, id: 0.08558070645241611-28, id: 0.08558070645241611-29, id: 0.08558070645241611-30, id: 0.08558070645241611-31, id: 0.08558070645241611-32, id: 0.08558070645241611-33, id: 0.08558070645241611-34, id: 0.08558070645241611-35, id: 0.08558070645241611-36, id: 0.08558070645241611-37, id: 0.08558070645241611-38, id: 0.08558070645241611-39, id: 0.08558070645241611-40, id: 0.08558070645241611-41, id: 0.08558070645241611-42, id: 0.08558070645241611-43, id: 0.08558070645241611-44, id: 0.08558070645241611-45, id: 0.08558070645241611-46, id: 0.08558070645241611-47, id: 0.08558070645241611-48, id: 0.08558070645241611-49, id: 0.08558070645241611-50, id: 0.08558070645241611-51, id: 0.08558070645241611-52, id: 0.08558070645241611-53, id: 0.08558070645241611-54, id: 0.08558070645241611-55, id: 0.08558070645241611-56, id: 0.08558070645241611-57, id: 0.08558070645241611-58, id: 0.08558070645241611-59, id: 0.08558070645241611-60, id: 0.08558070645241611-61, id: 0.08558070645241611-62, id: 0.08558070645241611-63, id: 0.08558070645241611-64, id: 0.08558070645241611-65, id: 0.08558070645241611-66, id: 0.08558070645241611-67, id: 0.08558070645241611-68, id: 0.08558070645241611-69, id: 0.08558070645241611-70, id: 0.08558070645241611-71, id: 0.08558070645241611-72, id: 0.08558070645241611-73, id: 0.08558070645241611-74, id: 0.08558070645241611-75, id: 0.08558070645241611-76, id: 0.08558070645241611-77, id: 0.08558070645241611-78, id: 0.08558070645241611-79, id: 0.08558070645241611-80, id: 0.08558070645241611-81, id: 0.08558070645241611-82, id: 0.08558070645241611-83, id: 0.08558070645241611-84, id: 0.08558070645241611-85, id: 0.08558070645241611-86, id: 0.08558070645241611-87, id: 0.08558070645241611-88, id: 0.08558070645241611-89, id: 0.08558070645241611-90, id: 0.08558070645241611-91, id: 0.08558070645241611-92, id: 0.08558070645241611-93, id: 0.08558070645241611-94, id: 0.08558070645241611-95, id: 0.08558070645241611-96]
[WebDriverCommandLogger] - Executing getElementText element: By.xpath: //div[@id=&apos;c_articlelist_stories_2&apos;]/ul[1]/li/span[1]/a parameters: {&quot;id&quot;:&quot;0.08558070645241611-26&quot;}
[WebDriverCommandLogger] - command: getElementText[ param-1: By.xpath: //div[@id=&apos;c_articlelist_stories_2&apos;]/ul[1]/li/span[1]/a param-2: {&quot;id&quot;:&quot;0.08558070645241611-26&quot;}] Result: getElementText:Adios siesta, shops and stores scrap nap time
[WebDriverCommandLogger] - Executing findElements parameters: {&quot;using&quot;:&quot;xpath&quot;,&quot;value&quot;:&quot;//div[@id=&apos;c_articlelist_stories_2&apos;]/ul[1]/li/span[2]/span[2]&quot;}
[WebDriverCommandLogger] - command: findElements[ param-1: {value=//div[@id=&apos;c_articlelist_stories_2&apos;]/ul[1]/li/span[2]/span[2], using=xpath}] Result: [id: 0.08558070645241611-97, id: 0.08558070645241611-98, id: 0.08558070645241611-99, id: 0.08558070645241611-100, id: 0.08558070645241611-101, id: 0.08558070645241611-102, id: 0.08558070645241611-103, id: 0.08558070645241611-104, id: 0.08558070645241611-105, id: 0.08558070645241611-106, id: 0.08558070645241611-107, id: 0.08558070645241611-108, id: 0.08558070645241611-109, id: 0.08558070645241611-110, id: 0.08558070645241611-111, id: 0.08558070645241611-112, id: 0.08558070645241611-113, id: 0.08558070645241611-114, id: 0.08558070645241611-115, id: 0.08558070645241611-116, id: 0.08558070645241611-117, id: 0.08558070645241611-118, id: 0.08558070645241611-119, id: 0.08558070645241611-120, id: 0.08558070645241611-121, id: 0.08558070645241611-122, id: 0.08558070645241611-123, id: 0.08558070645241611-124, id: 0.08558070645241611-125, id: 0.08558070645241611-126, id: 0.08558070645241611-127, id: 0.08558070645241611-128, id: 0.08558070645241611-129, id: 0.08558070645241611-130, id: 0.08558070645241611-131, id: 0.08558070645241611-132, id: 0.08558070645241611-133, id: 0.08558070645241611-134, id: 0.08558070645241611-135, id: 0.08558070645241611-136, id: 0.08558070645241611-137, id: 0.08558070645241611-138, id: 0.08558070645241611-139, id: 0.08558070645241611-140, id: 0.08558070645241611-141, id: 0.08558070645241611-142, id: 0.08558070645241611-143, id: 0.08558070645241611-144, id: 0.08558070645241611-145, id: 0.08558070645241611-146, id: 0.08558070645241611-147, id: 0.08558070645241611-148, id: 0.08558070645241611-149, id: 0.08558070645241611-150, id: 0.08558070645241611-151, id: 0.08558070645241611-152, id: 0.08558070645241611-153, id: 0.08558070645241611-154, id: 0.08558070645241611-155, id: 0.08558070645241611-156, id: 0.08558070645241611-157, id: 0.08558070645241611-158, id: 0.08558070645241611-159, id: 0.08558070645241611-160, id: 0.08558070645241611-161, id: 0.08558070645241611-162, id: 0.08558070645241611-163, id: 0.08558070645241611-164, id: 0.08558070645241611-165, id: 0.08558070645241611-166, id: 0.08558070645241611-167, id: 0.08558070645241611-168, id: 0.08558070645241611-169, id: 0.08558070645241611-170, id: 0.08558070645241611-171, id: 0.08558070645241611-172, id: 0.08558070645241611-173, id: 0.08558070645241611-174, id: 0.08558070645241611-175, id: 0.08558070645241611-176, id: 0.08558070645241611-177, id: 0.08558070645241611-178, id: 0.08558070645241611-179, id: 0.08558070645241611-180, id: 0.08558070645241611-181, id: 0.08558070645241611-182, id: 0.08558070645241611-183, id: 0.08558070645241611-184, id: 0.08558070645241611-185, id: 0.08558070645241611-186, id: 0.08558070645241611-187, id: 0.08558070645241611-188, id: 0.08558070645241611-189, id: 0.08558070645241611-190, id: 0.08558070645241611-191, id: 0.08558070645241611-192]
[WebDriverCommandLogger] - Executing findElements parameters: {&quot;using&quot;:&quot;xpath&quot;,&quot;value&quot;:&quot;//div[@id=&apos;c_articlelist_stories_2&apos;]/ul[1]/li/span[2]/span[2]&quot;}
[WebDriverCommandLogger] - command: findElements[ param-1: {value=//div[@id=&apos;c_articlelist_stories_2&apos;]/ul[1]/li/span[2]/span[2], using=xpath}] Result: [id: 0.08558070645241611-97, id: 0.08558070645241611-98, id: 0.08558070645241611-99, id: 0.08558070645241611-100, id: 0.08558070645241611-101, id: 0.08558070645241611-102, id: 0.08558070645241611-103, id: 0.08558070645241611-104, id: 0.08558070645241611-105, id: 0.08558070645241611-106, id: 0.08558070645241611-107, id: 0.08558070645241611-108, id: 0.08558070645241611-109, id: 0.08558070645241611-110, id: 0.08558070645241611-111, id: 0.08558070645241611-112, id: 0.08558070645241611-113, id: 0.08558070645241611-114, id: 0.08558070645241611-115, id: 0.08558070645241611-116, id: 0.08558070645241611-117, id: 0.08558070645241611-118, id: 0.08558070645241611-119, id: 0.08558070645241611-120, id: 0.08558070645241611-121, id: 0.08558070645241611-122, id: 0.08558070645241611-123, id: 0.08558070645241611-124, id: 0.08558070645241611-125, id: 0.08558070645241611-126, id: 0.08558070645241611-127, id: 0.08558070645241611-128, id: 0.08558070645241611-129, id: 0.08558070645241611-130, id: 0.08558070645241611-131, id: 0.08558070645241611-132, id: 0.08558070645241611-133, id: 0.08558070645241611-134, id: 0.08558070645241611-135, id: 0.08558070645241611-136, id: 0.08558070645241611-137, id: 0.08558070645241611-138, id: 0.08558070645241611-139, id: 0.08558070645241611-140, id: 0.08558070645241611-141, id: 0.08558070645241611-142, id: 0.08558070645241611-143, id: 0.08558070645241611-144, id: 0.08558070645241611-145, id: 0.08558070645241611-146, id: 0.08558070645241611-147, id: 0.08558070645241611-148, id: 0.08558070645241611-149, id: 0.08558070645241611-150, id: 0.08558070645241611-151, id: 0.08558070645241611-152, id: 0.08558070645241611-153, id: 0.08558070645241611-154, id: 0.08558070645241611-155, id: 0.08558070645241611-156, id: 0.08558070645241611-157, id: 0.08558070645241611-158, id: 0.08558070645241611-159, id: 0.08558070645241611-160, id: 0.08558070645241611-161, id: 0.08558070645241611-162, id: 0.08558070645241611-163, id: 0.08558070645241611-164, id: 0.08558070645241611-165, id: 0.08558070645241611-166, id: 0.08558070645241611-167, id: 0.08558070645241611-168, id: 0.08558070645241611-169, id: 0.08558070645241611-170, id: 0.08558070645241611-171, id: 0.08558070645241611-172, id: 0.08558070645241611-173, id: 0.08558070645241611-174, id: 0.08558070645241611-175, id: 0.08558070645241611-176, id: 0.08558070645241611-177, id: 0.08558070645241611-178, id: 0.08558070645241611-179, id: 0.08558070645241611-180, id: 0.08558070645241611-181, id: 0.08558070645241611-182, id: 0.08558070645241611-183, id: 0.08558070645241611-184, id: 0.08558070645241611-185, id: 0.08558070645241611-186, id: 0.08558070645241611-187, id: 0.08558070645241611-188, id: 0.08558070645241611-189, id: 0.08558070645241611-190, id: 0.08558070645241611-191, id: 0.08558070645241611-192]
[WebDriverCommandLogger] - Executing getElementText element: By.xpath: //div[@id=&apos;c_articlelist_stories_2&apos;]/ul[1]/li/span[2]/span[2] parameters: {&quot;id&quot;:&quot;0.08558070645241611-123&quot;}
[WebDriverCommandLogger] - command: getElementText[ param-1: By.xpath: //div[@id=&apos;c_articlelist_stories_2&apos;]/ul[1]/li/span[2]/span[2] param-2: {&quot;id&quot;:&quot;0.08558070645241611-123&quot;}] Result: getElementText:17 HOURS AGO
[WebDriverCommandLogger] - Executing findElements parameters: {&quot;using&quot;:&quot;xpath&quot;,&quot;value&quot;:&quot;//div[@id=&apos;c_articlelist_stories_2&apos;]/ul[1]/li/span[1]/a&quot;}
[WebDriverCommandLogger] - command: findElements[ param-1: {value=//div[@id=&apos;c_articlelist_stories_2&apos;]/ul[1]/li/span[1]/a, using=xpath}] Result: [id: 0.08558070645241611-1, id: 0.08558070645241611-2, id: 0.08558070645241611-3, id: 0.08558070645241611-4, id: 0.08558070645241611-5, id: 0.08558070645241611-6, id: 0.08558070645241611-7, id: 0.08558070645241611-8, id: 0.08558070645241611-9, id: 0.08558070645241611-10, id: 0.08558070645241611-11, id: 0.08558070645241611-12, id: 0.08558070645241611-13, id: 0.08558070645241611-14, id: 0.08558070645241611-15, id: 0.08558070645241611-16, id: 0.08558070645241611-17, id: 0.08558070645241611-18, id: 0.08558070645241611-19, id: 0.08558070645241611-20, id: 0.08558070645241611-21, id: 0.08558070645241611-22, id: 0.08558070645241611-23, id: 0.08558070645241611-24, id: 0.08558070645241611-25, id: 0.08558070645241611-26, id: 0.08558070645241611-27, id: 0.08558070645241611-28, id: 0.08558070645241611-29, id: 0.08558070645241611-30, id: 0.08558070645241611-31, id: 0.08558070645241611-32, id: 0.08558070645241611-33, id: 0.08558070645241611-34, id: 0.08558070645241611-35, id: 0.08558070645241611-36, id: 0.08558070645241611-37, id: 0.08558070645241611-38, id: 0.08558070645241611-39, id: 0.08558070645241611-40, id: 0.08558070645241611-41, id: 0.08558070645241611-42, id: 0.08558070645241611-43, id: 0.08558070645241611-44, id: 0.08558070645241611-45, id: 0.08558070645241611-46, id: 0.08558070645241611-47, id: 0.08558070645241611-48, id: 0.08558070645241611-49, id: 0.08558070645241611-50, id: 0.08558070645241611-51, id: 0.08558070645241611-52, id: 0.08558070645241611-53, id: 0.08558070645241611-54, id: 0.08558070645241611-55, id: 0.08558070645241611-56, id: 0.08558070645241611-57, id: 0.08558070645241611-58, id: 0.08558070645241611-59, id: 0.08558070645241611-60, id: 0.08558070645241611-61, id: 0.08558070645241611-62, id: 0.08558070645241611-63, id: 0.08558070645241611-64, id: 0.08558070645241611-65, id: 0.08558070645241611-66, id: 0.08558070645241611-67, id: 0.08558070645241611-68, id: 0.08558070645241611-69, id: 0.08558070645241611-70, id: 0.08558070645241611-71, id: 0.08558070645241611-72, id: 0.08558070645241611-73, id: 0.08558070645241611-74, id: 0.08558070645241611-75, id: 0.08558070645241611-76, id: 0.08558070645241611-77, id: 0.08558070645241611-78, id: 0.08558070645241611-79, id: 0.08558070645241611-80, id: 0.08558070645241611-81, id: 0.08558070645241611-82, id: 0.08558070645241611-83, id: 0.08558070645241611-84, id: 0.08558070645241611-85, id: 0.08558070645241611-86, id: 0.08558070645241611-87, id: 0.08558070645241611-88, id: 0.08558070645241611-89, id: 0.08558070645241611-90, id: 0.08558070645241611-91, id: 0.08558070645241611-92, id: 0.08558070645241611-93, id: 0.08558070645241611-94, id: 0.08558070645241611-95, id: 0.08558070645241611-96]
[WebDriverCommandLogger] - Executing getElementText element: By.xpath: //div[@id=&apos;c_articlelist_stories_2&apos;]/ul[1]/li/span[1]/a parameters: {&quot;id&quot;:&quot;0.08558070645241611-27&quot;}
[WebDriverCommandLogger] - command: getElementText[ param-1: By.xpath: //div[@id=&apos;c_articlelist_stories_2&apos;]/ul[1]/li/span[1]/a param-2: {&quot;id&quot;:&quot;0.08558070645241611-27&quot;}] Result: getElementText:Adios siesta, shops &amp; stores scrap nap time
[WebDriverCommandLogger] - Executing findElements parameters: {&quot;using&quot;:&quot;xpath&quot;,&quot;value&quot;:&quot;//div[@id=&apos;c_articlelist_stories_2&apos;]/ul[1]/li/span[2]/span[2]&quot;}
[WebDriverCommandLogger] - command: findElements[ param-1: {value=//div[@id=&apos;c_articlelist_stories_2&apos;]/ul[1]/li/span[2]/span[2], using=xpath}] Result: [id: 0.08558070645241611-97, id: 0.08558070645241611-98, id: 0.08558070645241611-99, id: 0.08558070645241611-100, id: 0.08558070645241611-101, id: 0.08558070645241611-102, id: 0.08558070645241611-103, id: 0.08558070645241611-104, id: 0.08558070645241611-105, id: 0.08558070645241611-106, id: 0.08558070645241611-107, id: 0.08558070645241611-108, id: 0.08558070645241611-109, id: 0.08558070645241611-110, id: 0.08558070645241611-111, id: 0.08558070645241611-112, id: 0.08558070645241611-113, id: 0.08558070645241611-114, id: 0.08558070645241611-115, id: 0.08558070645241611-116, id: 0.08558070645241611-117, id: 0.08558070645241611-118, id: 0.08558070645241611-119, id: 0.08558070645241611-120, id: 0.08558070645241611-121, id: 0.08558070645241611-122, id: 0.08558070645241611-123, id: 0.08558070645241611-124, id: 0.08558070645241611-125, id: 0.08558070645241611-126, id: 0.08558070645241611-127, id: 0.08558070645241611-128, id: 0.08558070645241611-129, id: 0.08558070645241611-130, id: 0.08558070645241611-131, id: 0.08558070645241611-132, id: 0.08558070645241611-133, id: 0.08558070645241611-134, id: 0.08558070645241611-135, id: 0.08558070645241611-136, id: 0.08558070645241611-137, id: 0.08558070645241611-138, id: 0.08558070645241611-139, id: 0.08558070645241611-140, id: 0.08558070645241611-141, id: 0.08558070645241611-142, id: 0.08558070645241611-143, id: 0.08558070645241611-144, id: 0.08558070645241611-145, id: 0.08558070645241611-146, id: 0.08558070645241611-147, id: 0.08558070645241611-148, id: 0.08558070645241611-149, id: 0.08558070645241611-150, id: 0.08558070645241611-151, id: 0.08558070645241611-152, id: 0.08558070645241611-153, id: 0.08558070645241611-154, id: 0.08558070645241611-155, id: 0.08558070645241611-156, id: 0.08558070645241611-157, id: 0.08558070645241611-158, id: 0.08558070645241611-159, id: 0.08558070645241611-160, id: 0.08558070645241611-161, id: 0.08558070645241611-162, id: 0.08558070645241611-163, id: 0.08558070645241611-164, id: 0.08558070645241611-165, id: 0.08558070645241611-166, id: 0.08558070645241611-167, id: 0.08558070645241611-168, id: 0.08558070645241611-169, id: 0.08558070645241611-170, id: 0.08558070645241611-171, id: 0.08558070645241611-172, id: 0.08558070645241611-173, id: 0.08558070645241611-174, id: 0.08558070645241611-175, id: 0.08558070645241611-176, id: 0.08558070645241611-177, id: 0.08558070645241611-178, id: 0.08558070645241611-179, id: 0.08558070645241611-180, id: 0.08558070645241611-181, id: 0.08558070645241611-182, id: 0.08558070645241611-183, id: 0.08558070645241611-184, id: 0.08558070645241611-185, id: 0.08558070645241611-186, id: 0.08558070645241611-187, id: 0.08558070645241611-188, id: 0.08558070645241611-189, id: 0.08558070645241611-190, id: 0.08558070645241611-191, id: 0.08558070645241611-192]
[WebDriverCommandLogger] - Executing findElements parameters: {&quot;using&quot;:&quot;xpath&quot;,&quot;value&quot;:&quot;//div[@id=&apos;c_articlelist_stories_2&apos;]/ul[1]/li/span[2]/span[2]&quot;}
[WebDriverCommandLogger] - command: findElements[ param-1: {value=//div[@id=&apos;c_articlelist_stories_2&apos;]/ul[1]/li/span[2]/span[2], using=xpath}] Result: [id: 0.08558070645241611-97, id: 0.08558070645241611-98, id: 0.08558070645241611-99, id: 0.08558070645241611-100, id: 0.08558070645241611-101, id: 0.08558070645241611-102, id: 0.08558070645241611-103, id: 0.08558070645241611-104, id: 0.08558070645241611-105, id: 0.08558070645241611-106, id: 0.08558070645241611-107, id: 0.08558070645241611-108, id: 0.08558070645241611-109, id: 0.08558070645241611-110, id: 0.08558070645241611-111, id: 0.08558070645241611-112, id: 0.08558070645241611-113, id: 0.08558070645241611-114, id: 0.08558070645241611-115, id: 0.08558070645241611-116, id: 0.08558070645241611-117, id: 0.08558070645241611-118, id: 0.08558070645241611-119, id: 0.08558070645241611-120, id: 0.08558070645241611-121, id: 0.08558070645241611-122, id: 0.08558070645241611-123, id: 0.08558070645241611-124, id: 0.08558070645241611-125, id: 0.08558070645241611-126, id: 0.08558070645241611-127, id: 0.08558070645241611-128, id: 0.08558070645241611-129, id: 0.08558070645241611-130, id: 0.08558070645241611-131, id: 0.08558070645241611-132, id: 0.08558070645241611-133, id: 0.08558070645241611-134, id: 0.08558070645241611-135, id: 0.08558070645241611-136, id: 0.08558070645241611-137, id: 0.08558070645241611-138, id: 0.08558070645241611-139, id: 0.08558070645241611-140, id: 0.08558070645241611-141, id: 0.08558070645241611-142, id: 0.08558070645241611-143, id: 0.08558070645241611-144, id: 0.08558070645241611-145, id: 0.08558070645241611-146, id: 0.08558070645241611-147, id: 0.08558070645241611-148, id: 0.08558070645241611-149, id: 0.08558070645241611-150, id: 0.08558070645241611-151, id: 0.08558070645241611-152, id: 0.08558070645241611-153, id: 0.08558070645241611-154, id: 0.08558070645241611-155, id: 0.08558070645241611-156, id: 0.08558070645241611-157, id: 0.08558070645241611-158, id: 0.08558070645241611-159, id: 0.08558070645241611-160, id: 0.08558070645241611-161, id: 0.08558070645241611-162, id: 0.08558070645241611-163, id: 0.08558070645241611-164, id: 0.08558070645241611-165, id: 0.08558070645241611-166, id: 0.08558070645241611-167, id: 0.08558070645241611-168, id: 0.08558070645241611-169, id: 0.08558070645241611-170, id: 0.08558070645241611-171, id: 0.08558070645241611-172, id: 0.08558070645241611-173, id: 0.08558070645241611-174, id: 0.08558070645241611-175, id: 0.08558070645241611-176, id: 0.08558070645241611-177, id: 0.08558070645241611-178, id: 0.08558070645241611-179, id: 0.08558070645241611-180, id: 0.08558070645241611-181, id: 0.08558070645241611-182, id: 0.08558070645241611-183, id: 0.08558070645241611-184, id: 0.08558070645241611-185, id: 0.08558070645241611-186, id: 0.08558070645241611-187, id: 0.08558070645241611-188, id: 0.08558070645241611-189, id: 0.08558070645241611-190, id: 0.08558070645241611-191, id: 0.08558070645241611-192]
[WebDriverCommandLogger] - Executing getElementText element: By.xpath: //div[@id=&apos;c_articlelist_stories_2&apos;]/ul[1]/li/span[2]/span[2] parameters: {&quot;id&quot;:&quot;0.08558070645241611-124&quot;}
[WebDriverCommandLogger] - command: getElementText[ param-1: By.xpath: //div[@id=&apos;c_articlelist_stories_2&apos;]/ul[1]/li/span[2]/span[2] param-2: {&quot;id&quot;:&quot;0.08558070645241611-124&quot;}] Result: getElementText:19 HOURS AGO
[WebDriverCommandLogger] - Executing findElements parameters: {&quot;using&quot;:&quot;xpath&quot;,&quot;value&quot;:&quot;//div[@id=&apos;c_articlelist_stories_2&apos;]/ul[1]/li/span[1]/a&quot;}
[WebDriverCommandLogger] - command: findElements[ param-1: {value=//div[@id=&apos;c_articlelist_stories_2&apos;]/ul[1]/li/span[1]/a, using=xpath}] Result: [id: 0.08558070645241611-1, id: 0.08558070645241611-2, id: 0.08558070645241611-3, id: 0.08558070645241611-4, id: 0.08558070645241611-5, id: 0.08558070645241611-6, id: 0.08558070645241611-7, id: 0.08558070645241611-8, id: 0.08558070645241611-9, id: 0.08558070645241611-10, id: 0.08558070645241611-11, id: 0.08558070645241611-12, id: 0.08558070645241611-13, id: 0.08558070645241611-14, id: 0.08558070645241611-15, id: 0.08558070645241611-16, id: 0.08558070645241611-17, id: 0.08558070645241611-18, id: 0.08558070645241611-19, id: 0.08558070645241611-20, id: 0.08558070645241611-21, id: 0.08558070645241611-22, id: 0.08558070645241611-23, id: 0.08558070645241611-24, id: 0.08558070645241611-25, id: 0.08558070645241611-26, id: 0.08558070645241611-27, id: 0.08558070645241611-28, id: 0.08558070645241611-29, id: 0.08558070645241611-30, id: 0.08558070645241611-31, id: 0.08558070645241611-32, id: 0.08558070645241611-33, id: 0.08558070645241611-34, id: 0.08558070645241611-35, id: 0.08558070645241611-36, id: 0.08558070645241611-37, id: 0.08558070645241611-38, id: 0.08558070645241611-39, id: 0.08558070645241611-40, id: 0.08558070645241611-41, id: 0.08558070645241611-42, id: 0.08558070645241611-43, id: 0.08558070645241611-44, id: 0.08558070645241611-45, id: 0.08558070645241611-46, id: 0.08558070645241611-47, id: 0.08558070645241611-48, id: 0.08558070645241611-49, id: 0.08558070645241611-50, id: 0.08558070645241611-51, id: 0.08558070645241611-52, id: 0.08558070645241611-53, id: 0.08558070645241611-54, id: 0.08558070645241611-55, id: 0.08558070645241611-56, id: 0.08558070645241611-57, id: 0.08558070645241611-58, id: 0.08558070645241611-59, id: 0.08558070645241611-60, id: 0.08558070645241611-61, id: 0.08558070645241611-62, id: 0.08558070645241611-63, id: 0.08558070645241611-64, id: 0.08558070645241611-65, id: 0.08558070645241611-66, id: 0.08558070645241611-67, id: 0.08558070645241611-68, id: 0.08558070645241611-69, id: 0.08558070645241611-70, id: 0.08558070645241611-71, id: 0.08558070645241611-72, id: 0.08558070645241611-73, id: 0.08558070645241611-74, id: 0.08558070645241611-75, id: 0.08558070645241611-76, id: 0.08558070645241611-77, id: 0.08558070645241611-78, id: 0.08558070645241611-79, id: 0.08558070645241611-80, id: 0.08558070645241611-81, id: 0.08558070645241611-82, id: 0.08558070645241611-83, id: 0.08558070645241611-84, id: 0.08558070645241611-85, id: 0.08558070645241611-86, id: 0.08558070645241611-87, id: 0.08558070645241611-88, id: 0.08558070645241611-89, id: 0.08558070645241611-90, id: 0.08558070645241611-91, id: 0.08558070645241611-92, id: 0.08558070645241611-93, id: 0.08558070645241611-94, id: 0.08558070645241611-95, id: 0.08558070645241611-96]
[WebDriverCommandLogger] - Executing getElementText element: By.xpath: //div[@id=&apos;c_articlelist_stories_2&apos;]/ul[1]/li/span[1]/a parameters: {&quot;id&quot;:&quot;0.08558070645241611-28&quot;}
[WebDriverCommandLogger] - command: getElementText[ param-1: By.xpath: //div[@id=&apos;c_articlelist_stories_2&apos;]/ul[1]/li/span[1]/a param-2: {&quot;id&quot;:&quot;0.08558070645241611-28&quot;}] Result: getElementText:International conference on Physics at SPPU
[WebDriverCommandLogger] - Executing findElements parameters: {&quot;using&quot;:&quot;xpath&quot;,&quot;value&quot;:&quot;//div[@id=&apos;c_articlelist_stories_2&apos;]/ul[1]/li/span[2]/span[2]&quot;}
[WebDriverCommandLogger] - command: findElements[ param-1: {value=//div[@id=&apos;c_articlelist_stories_2&apos;]/ul[1]/li/span[2]/span[2], using=xpath}] Result: [id: 0.08558070645241611-97, id: 0.08558070645241611-98, id: 0.08558070645241611-99, id: 0.08558070645241611-100, id: 0.08558070645241611-101, id: 0.08558070645241611-102, id: 0.08558070645241611-103, id: 0.08558070645241611-104, id: 0.08558070645241611-105, id: 0.08558070645241611-106, id: 0.08558070645241611-107, id: 0.08558070645241611-108, id: 0.08558070645241611-109, id: 0.08558070645241611-110, id: 0.08558070645241611-111, id: 0.08558070645241611-112, id: 0.08558070645241611-113, id: 0.08558070645241611-114, id: 0.08558070645241611-115, id: 0.08558070645241611-116, id: 0.08558070645241611-117, id: 0.08558070645241611-118, id: 0.08558070645241611-119, id: 0.08558070645241611-120, id: 0.08558070645241611-121, id: 0.08558070645241611-122, id: 0.08558070645241611-123, id: 0.08558070645241611-124, id: 0.08558070645241611-125, id: 0.08558070645241611-126, id: 0.08558070645241611-127, id: 0.08558070645241611-128, id: 0.08558070645241611-129, id: 0.08558070645241611-130, id: 0.08558070645241611-131, id: 0.08558070645241611-132, id: 0.08558070645241611-133, id: 0.08558070645241611-134, id: 0.08558070645241611-135, id: 0.08558070645241611-136, id: 0.08558070645241611-137, id: 0.08558070645241611-138, id: 0.08558070645241611-139, id: 0.08558070645241611-140, id: 0.08558070645241611-141, id: 0.08558070645241611-142, id: 0.08558070645241611-143, id: 0.08558070645241611-144, id: 0.08558070645241611-145, id: 0.08558070645241611-146, id: 0.08558070645241611-147, id: 0.08558070645241611-148, id: 0.08558070645241611-149, id: 0.08558070645241611-150, id: 0.08558070645241611-151, id: 0.08558070645241611-152, id: 0.08558070645241611-153, id: 0.08558070645241611-154, id: 0.08558070645241611-155, id: 0.08558070645241611-156, id: 0.08558070645241611-157, id: 0.08558070645241611-158, id: 0.08558070645241611-159, id: 0.08558070645241611-160, id: 0.08558070645241611-161, id: 0.08558070645241611-162, id: 0.08558070645241611-163, id: 0.08558070645241611-164, id: 0.08558070645241611-165, id: 0.08558070645241611-166, id: 0.08558070645241611-167, id: 0.08558070645241611-168, id: 0.08558070645241611-169, id: 0.08558070645241611-170, id: 0.08558070645241611-171, id: 0.08558070645241611-172, id: 0.08558070645241611-173, id: 0.08558070645241611-174, id: 0.08558070645241611-175, id: 0.08558070645241611-176, id: 0.08558070645241611-177, id: 0.08558070645241611-178, id: 0.08558070645241611-179, id: 0.08558070645241611-180, id: 0.08558070645241611-181, id: 0.08558070645241611-182, id: 0.08558070645241611-183, id: 0.08558070645241611-184, id: 0.08558070645241611-185, id: 0.08558070645241611-186, id: 0.08558070645241611-187, id: 0.08558070645241611-188, id: 0.08558070645241611-189, id: 0.08558070645241611-190, id: 0.08558070645241611-191, id: 0.08558070645241611-192]
[WebDriverCommandLogger] - Executing findElements parameters: {&quot;using&quot;:&quot;xpath&quot;,&quot;value&quot;:&quot;//div[@id=&apos;c_articlelist_stories_2&apos;]/ul[1]/li/span[2]/span[2]&quot;}
[WebDriverCommandLogger] - command: findElements[ param-1: {value=//div[@id=&apos;c_articlelist_stories_2&apos;]/ul[1]/li/span[2]/span[2], using=xpath}] Result: [id: 0.08558070645241611-97, id: 0.08558070645241611-98, id: 0.08558070645241611-99, id: 0.08558070645241611-100, id: 0.08558070645241611-101, id: 0.08558070645241611-102, id: 0.08558070645241611-103, id: 0.08558070645241611-104, id: 0.08558070645241611-105, id: 0.08558070645241611-106, id: 0.08558070645241611-107, id: 0.08558070645241611-108, id: 0.08558070645241611-109, id: 0.08558070645241611-110, id: 0.08558070645241611-111, id: 0.08558070645241611-112, id: 0.08558070645241611-113, id: 0.08558070645241611-114, id: 0.08558070645241611-115, id: 0.08558070645241611-116, id: 0.08558070645241611-117, id: 0.08558070645241611-118, id: 0.08558070645241611-119, id: 0.08558070645241611-120, id: 0.08558070645241611-121, id: 0.08558070645241611-122, id: 0.08558070645241611-123, id: 0.08558070645241611-124, id: 0.08558070645241611-125, id: 0.08558070645241611-126, id: 0.08558070645241611-127, id: 0.08558070645241611-128, id: 0.08558070645241611-129, id: 0.08558070645241611-130, id: 0.08558070645241611-131, id: 0.08558070645241611-132, id: 0.08558070645241611-133, id: 0.08558070645241611-134, id: 0.08558070645241611-135, id: 0.08558070645241611-136, id: 0.08558070645241611-137, id: 0.08558070645241611-138, id: 0.08558070645241611-139, id: 0.08558070645241611-140, id: 0.08558070645241611-141, id: 0.08558070645241611-142, id: 0.08558070645241611-143, id: 0.08558070645241611-144, id: 0.08558070645241611-145, id: 0.08558070645241611-146, id: 0.08558070645241611-147, id: 0.08558070645241611-148, id: 0.08558070645241611-149, id: 0.08558070645241611-150, id: 0.08558070645241611-151, id: 0.08558070645241611-152, id: 0.08558070645241611-153, id: 0.08558070645241611-154, id: 0.08558070645241611-155, id: 0.08558070645241611-156, id: 0.08558070645241611-157, id: 0.08558070645241611-158, id: 0.08558070645241611-159, id: 0.08558070645241611-160, id: 0.08558070645241611-161, id: 0.08558070645241611-162, id: 0.08558070645241611-163, id: 0.08558070645241611-164, id: 0.08558070645241611-165, id: 0.08558070645241611-166, id: 0.08558070645241611-167, id: 0.08558070645241611-168, id: 0.08558070645241611-169, id: 0.08558070645241611-170, id: 0.08558070645241611-171, id: 0.08558070645241611-172, id: 0.08558070645241611-173, id: 0.08558070645241611-174, id: 0.08558070645241611-175, id: 0.08558070645241611-176, id: 0.08558070645241611-177, id: 0.08558070645241611-178, id: 0.08558070645241611-179, id: 0.08558070645241611-180, id: 0.08558070645241611-181, id: 0.08558070645241611-182, id: 0.08558070645241611-183, id: 0.08558070645241611-184, id: 0.08558070645241611-185, id: 0.08558070645241611-186, id: 0.08558070645241611-187, id: 0.08558070645241611-188, id: 0.08558070645241611-189, id: 0.08558070645241611-190, id: 0.08558070645241611-191, id: 0.08558070645241611-192]
[WebDriverCommandLogger] - Executing getElementText element: By.xpath: //div[@id=&apos;c_articlelist_stories_2&apos;]/ul[1]/li/span[2]/span[2] parameters: {&quot;id&quot;:&quot;0.08558070645241611-125&quot;}
[WebDriverCommandLogger] - command: getElementText[ param-1: By.xpath: //div[@id=&apos;c_articlelist_stories_2&apos;]/ul[1]/li/span[2]/span[2] param-2: {&quot;id&quot;:&quot;0.08558070645241611-125&quot;}] Result: getElementText:19 HOURS AGO
[WebDriverCommandLogger] - Executing findElements parameters: {&quot;using&quot;:&quot;xpath&quot;,&quot;value&quot;:&quot;//div[@id=&apos;c_articlelist_stories_2&apos;]/ul[1]/li/span[1]/a&quot;}
[WebDriverCommandLogger] - command: findElements[ param-1: {value=//div[@id=&apos;c_articlelist_stories_2&apos;]/ul[1]/li/span[1]/a, using=xpath}] Result: [id: 0.08558070645241611-1, id: 0.08558070645241611-2, id: 0.08558070645241611-3, id: 0.08558070645241611-4, id: 0.08558070645241611-5, id: 0.08558070645241611-6, id: 0.08558070645241611-7, id: 0.08558070645241611-8, id: 0.08558070645241611-9, id: 0.08558070645241611-10, id: 0.08558070645241611-11, id: 0.08558070645241611-12, id: 0.08558070645241611-13, id: 0.08558070645241611-14, id: 0.08558070645241611-15, id: 0.08558070645241611-16, id: 0.08558070645241611-17, id: 0.08558070645241611-18, id: 0.08558070645241611-19, id: 0.08558070645241611-20, id: 0.08558070645241611-21, id: 0.08558070645241611-22, id: 0.08558070645241611-23, id: 0.08558070645241611-24, id: 0.08558070645241611-25, id: 0.08558070645241611-26, id: 0.08558070645241611-27, id: 0.08558070645241611-28, id: 0.08558070645241611-29, id: 0.08558070645241611-30, id: 0.08558070645241611-31, id: 0.08558070645241611-32, id: 0.08558070645241611-33, id: 0.08558070645241611-34, id: 0.08558070645241611-35, id: 0.08558070645241611-36, id: 0.08558070645241611-37, id: 0.08558070645241611-38, id: 0.08558070645241611-39, id: 0.08558070645241611-40, id: 0.08558070645241611-41, id: 0.08558070645241611-42, id: 0.08558070645241611-43, id: 0.08558070645241611-44, id: 0.08558070645241611-45, id: 0.08558070645241611-46, id: 0.08558070645241611-47, id: 0.08558070645241611-48, id: 0.08558070645241611-49, id: 0.08558070645241611-50, id: 0.08558070645241611-51, id: 0.08558070645241611-52, id: 0.08558070645241611-53, id: 0.08558070645241611-54, id: 0.08558070645241611-55, id: 0.08558070645241611-56, id: 0.08558070645241611-57, id: 0.08558070645241611-58, id: 0.08558070645241611-59, id: 0.08558070645241611-60, id: 0.08558070645241611-61, id: 0.08558070645241611-62, id: 0.08558070645241611-63, id: 0.08558070645241611-64, id: 0.08558070645241611-65, id: 0.08558070645241611-66, id: 0.08558070645241611-67, id: 0.08558070645241611-68, id: 0.08558070645241611-69, id: 0.08558070645241611-70, id: 0.08558070645241611-71, id: 0.08558070645241611-72, id: 0.08558070645241611-73, id: 0.08558070645241611-74, id: 0.08558070645241611-75, id: 0.08558070645241611-76, id: 0.08558070645241611-77, id: 0.08558070645241611-78, id: 0.08558070645241611-79, id: 0.08558070645241611-80, id: 0.08558070645241611-81, id: 0.08558070645241611-82, id: 0.08558070645241611-83, id: 0.08558070645241611-84, id: 0.08558070645241611-85, id: 0.08558070645241611-86, id: 0.08558070645241611-87, id: 0.08558070645241611-88, id: 0.08558070645241611-89, id: 0.08558070645241611-90, id: 0.08558070645241611-91, id: 0.08558070645241611-92, id: 0.08558070645241611-93, id: 0.08558070645241611-94, id: 0.08558070645241611-95, id: 0.08558070645241611-96]
[WebDriverCommandLogger] - Executing getElementText element: By.xpath: //div[@id=&apos;c_articlelist_stories_2&apos;]/ul[1]/li/span[1]/a parameters: {&quot;id&quot;:&quot;0.08558070645241611-29&quot;}
[WebDriverCommandLogger] - command: getElementText[ param-1: By.xpath: //div[@id=&apos;c_articlelist_stories_2&apos;]/ul[1]/li/span[1]/a param-2: {&quot;id&quot;:&quot;0.08558070645241611-29&quot;}] Result: getElementText:‘I asked a girl for her number on my first day of college!’
[WebDriverCommandLogger] - Executing findElements parameters: {&quot;using&quot;:&quot;xpath&quot;,&quot;value&quot;:&quot;//div[@id=&apos;c_articlelist_stories_2&apos;]/ul[1]/li/span[2]/span[2]&quot;}
[WebDriverCommandLogger] - command: findElements[ param-1: {value=//div[@id=&apos;c_articlelist_stories_2&apos;]/ul[1]/li/span[2]/span[2], using=xpath}] Result: [id: 0.08558070645241611-97, id: 0.08558070645241611-98, id: 0.08558070645241611-99, id: 0.08558070645241611-100, id: 0.08558070645241611-101, id: 0.08558070645241611-102, id: 0.08558070645241611-103, id: 0.08558070645241611-104, id: 0.08558070645241611-105, id: 0.08558070645241611-106, id: 0.08558070645241611-107, id: 0.08558070645241611-108, id: 0.08558070645241611-109, id: 0.08558070645241611-110, id: 0.08558070645241611-111, id: 0.08558070645241611-112, id: 0.08558070645241611-113, id: 0.08558070645241611-114, id: 0.08558070645241611-115, id: 0.08558070645241611-116, id: 0.08558070645241611-117, id: 0.08558070645241611-118, id: 0.08558070645241611-119, id: 0.08558070645241611-120, id: 0.08558070645241611-121, id: 0.08558070645241611-122, id: 0.08558070645241611-123, id: 0.08558070645241611-124, id: 0.08558070645241611-125, id: 0.08558070645241611-126, id: 0.08558070645241611-127, id: 0.08558070645241611-128, id: 0.08558070645241611-129, id: 0.08558070645241611-130, id: 0.08558070645241611-131, id: 0.08558070645241611-132, id: 0.08558070645241611-133, id: 0.08558070645241611-134, id: 0.08558070645241611-135, id: 0.08558070645241611-136, id: 0.08558070645241611-137, id: 0.08558070645241611-138, id: 0.08558070645241611-139, id: 0.08558070645241611-140, id: 0.08558070645241611-141, id: 0.08558070645241611-142, id: 0.08558070645241611-143, id: 0.08558070645241611-144, id: 0.08558070645241611-145, id: 0.08558070645241611-146, id: 0.08558070645241611-147, id: 0.08558070645241611-148, id: 0.08558070645241611-149, id: 0.08558070645241611-150, id: 0.08558070645241611-151, id: 0.08558070645241611-152, id: 0.08558070645241611-153, id: 0.08558070645241611-154, id: 0.08558070645241611-155, id: 0.08558070645241611-156, id: 0.08558070645241611-157, id: 0.08558070645241611-158, id: 0.08558070645241611-159, id: 0.08558070645241611-160, id: 0.08558070645241611-161, id: 0.08558070645241611-162, id: 0.08558070645241611-163, id: 0.08558070645241611-164, id: 0.08558070645241611-165, id: 0.08558070645241611-166, id: 0.08558070645241611-167, id: 0.08558070645241611-168, id: 0.08558070645241611-169, id: 0.08558070645241611-170, id: 0.08558070645241611-171, id: 0.08558070645241611-172, id: 0.08558070645241611-173, id: 0.08558070645241611-174, id: 0.08558070645241611-175, id: 0.08558070645241611-176, id: 0.08558070645241611-177, id: 0.08558070645241611-178, id: 0.08558070645241611-179, id: 0.08558070645241611-180, id: 0.08558070645241611-181, id: 0.08558070645241611-182, id: 0.08558070645241611-183, id: 0.08558070645241611-184, id: 0.08558070645241611-185, id: 0.08558070645241611-186, id: 0.08558070645241611-187, id: 0.08558070645241611-188, id: 0.08558070645241611-189, id: 0.08558070645241611-190, id: 0.08558070645241611-191, id: 0.08558070645241611-192]
[WebDriverCommandLogger] - Executing findElements parameters: {&quot;using&quot;:&quot;xpath&quot;,&quot;value&quot;:&quot;//div[@id=&apos;c_articlelist_stories_2&apos;]/ul[1]/li/span[2]/span[2]&quot;}
[WebDriverCommandLogger] - command: findElements[ param-1: {value=//div[@id=&apos;c_articlelist_stories_2&apos;]/ul[1]/li/span[2]/span[2], using=xpath}] Result: [id: 0.08558070645241611-97, id: 0.08558070645241611-98, id: 0.08558070645241611-99, id: 0.08558070645241611-100, id: 0.08558070645241611-101, id: 0.08558070645241611-102, id: 0.08558070645241611-103, id: 0.08558070645241611-104, id: 0.08558070645241611-105, id: 0.08558070645241611-106, id: 0.08558070645241611-107, id: 0.08558070645241611-108, id: 0.08558070645241611-109, id: 0.08558070645241611-110, id: 0.08558070645241611-111, id: 0.08558070645241611-112, id: 0.08558070645241611-113, id: 0.08558070645241611-114, id: 0.08558070645241611-115, id: 0.08558070645241611-116, id: 0.08558070645241611-117, id: 0.08558070645241611-118, id: 0.08558070645241611-119, id: 0.08558070645241611-120, id: 0.08558070645241611-121, id: 0.08558070645241611-122, id: 0.08558070645241611-123, id: 0.08558070645241611-124, id: 0.08558070645241611-125, id: 0.08558070645241611-126, id: 0.08558070645241611-127, id: 0.08558070645241611-128, id: 0.08558070645241611-129, id: 0.08558070645241611-130, id: 0.08558070645241611-131, id: 0.08558070645241611-132, id: 0.08558070645241611-133, id: 0.08558070645241611-134, id: 0.08558070645241611-135, id: 0.08558070645241611-136, id: 0.08558070645241611-137, id: 0.08558070645241611-138, id: 0.08558070645241611-139, id: 0.08558070645241611-140, id: 0.08558070645241611-141, id: 0.08558070645241611-142, id: 0.08558070645241611-143, id: 0.08558070645241611-144, id: 0.08558070645241611-145, id: 0.08558070645241611-146, id: 0.08558070645241611-147, id: 0.08558070645241611-148, id: 0.08558070645241611-149, id: 0.08558070645241611-150, id: 0.08558070645241611-151, id: 0.08558070645241611-152, id: 0.08558070645241611-153, id: 0.08558070645241611-154, id: 0.08558070645241611-155, id: 0.08558070645241611-156, id: 0.08558070645241611-157, id: 0.08558070645241611-158, id: 0.08558070645241611-159, id: 0.08558070645241611-160, id: 0.08558070645241611-161, id: 0.08558070645241611-162, id: 0.08558070645241611-163, id: 0.08558070645241611-164, id: 0.08558070645241611-165, id: 0.08558070645241611-166, id: 0.08558070645241611-167, id: 0.08558070645241611-168, id: 0.08558070645241611-169, id: 0.08558070645241611-170, id: 0.08558070645241611-171, id: 0.08558070645241611-172, id: 0.08558070645241611-173, id: 0.08558070645241611-174, id: 0.08558070645241611-175, id: 0.08558070645241611-176, id: 0.08558070645241611-177, id: 0.08558070645241611-178, id: 0.08558070645241611-179, id: 0.08558070645241611-180, id: 0.08558070645241611-181, id: 0.08558070645241611-182, id: 0.08558070645241611-183, id: 0.08558070645241611-184, id: 0.08558070645241611-185, id: 0.08558070645241611-186, id: 0.08558070645241611-187, id: 0.08558070645241611-188, id: 0.08558070645241611-189, id: 0.08558070645241611-190, id: 0.08558070645241611-191, id: 0.08558070645241611-192]
[WebDriverCommandLogger] - Executing getElementText element: By.xpath: //div[@id=&apos;c_articlelist_stories_2&apos;]/ul[1]/li/span[2]/span[2] parameters: {&quot;id&quot;:&quot;0.08558070645241611-126&quot;}
[WebDriverCommandLogger] - command: getElementText[ param-1: By.xpath: //div[@id=&apos;c_articlelist_stories_2&apos;]/ul[1]/li/span[2]/span[2] param-2: {&quot;id&quot;:&quot;0.08558070645241611-126&quot;}] Result: getElementText:22 HOURS AGO
[WebDriverCommandLogger] - Executing findElements parameters: {&quot;using&quot;:&quot;xpath&quot;,&quot;value&quot;:&quot;//div[@id=&apos;c_articlelist_stories_2&apos;]/ul[1]/li/span[1]/a&quot;}
[WebDriverCommandLogger] - command: findElements[ param-1: {value=//div[@id=&apos;c_articlelist_stories_2&apos;]/ul[1]/li/span[1]/a, using=xpath}] Result: [id: 0.08558070645241611-1, id: 0.08558070645241611-2, id: 0.08558070645241611-3, id: 0.08558070645241611-4, id: 0.08558070645241611-5, id: 0.08558070645241611-6, id: 0.08558070645241611-7, id: 0.08558070645241611-8, id: 0.08558070645241611-9, id: 0.08558070645241611-10, id: 0.08558070645241611-11, id: 0.08558070645241611-12, id: 0.08558070645241611-13, id: 0.08558070645241611-14, id: 0.08558070645241611-15, id: 0.08558070645241611-16, id: 0.08558070645241611-17, id: 0.08558070645241611-18, id: 0.08558070645241611-19, id: 0.08558070645241611-20, id: 0.08558070645241611-21, id: 0.08558070645241611-22, id: 0.08558070645241611-23, id: 0.08558070645241611-24, id: 0.08558070645241611-25, id: 0.08558070645241611-26, id: 0.08558070645241611-27, id: 0.08558070645241611-28, id: 0.08558070645241611-29, id: 0.08558070645241611-30, id: 0.08558070645241611-31, id: 0.08558070645241611-32, id: 0.08558070645241611-33, id: 0.08558070645241611-34, id: 0.08558070645241611-35, id: 0.08558070645241611-36, id: 0.08558070645241611-37, id: 0.08558070645241611-38, id: 0.08558070645241611-39, id: 0.08558070645241611-40, id: 0.08558070645241611-41, id: 0.08558070645241611-42, id: 0.08558070645241611-43, id: 0.08558070645241611-44, id: 0.08558070645241611-45, id: 0.08558070645241611-46, id: 0.08558070645241611-47, id: 0.08558070645241611-48, id: 0.08558070645241611-49, id: 0.08558070645241611-50, id: 0.08558070645241611-51, id: 0.08558070645241611-52, id: 0.08558070645241611-53, id: 0.08558070645241611-54, id: 0.08558070645241611-55, id: 0.08558070645241611-56, id: 0.08558070645241611-57, id: 0.08558070645241611-58, id: 0.08558070645241611-59, id: 0.08558070645241611-60, id: 0.08558070645241611-61, id: 0.08558070645241611-62, id: 0.08558070645241611-63, id: 0.08558070645241611-64, id: 0.08558070645241611-65, id: 0.08558070645241611-66, id: 0.08558070645241611-67, id: 0.08558070645241611-68, id: 0.08558070645241611-69, id: 0.08558070645241611-70, id: 0.08558070645241611-71, id: 0.08558070645241611-72, id: 0.08558070645241611-73, id: 0.08558070645241611-74, id: 0.08558070645241611-75, id: 0.08558070645241611-76, id: 0.08558070645241611-77, id: 0.08558070645241611-78, id: 0.08558070645241611-79, id: 0.08558070645241611-80, id: 0.08558070645241611-81, id: 0.08558070645241611-82, id: 0.08558070645241611-83, id: 0.08558070645241611-84, id: 0.08558070645241611-85, id: 0.08558070645241611-86, id: 0.08558070645241611-87, id: 0.08558070645241611-88, id: 0.08558070645241611-89, id: 0.08558070645241611-90, id: 0.08558070645241611-91, id: 0.08558070645241611-92, id: 0.08558070645241611-93, id: 0.08558070645241611-94, id: 0.08558070645241611-95, id: 0.08558070645241611-96]
[WebDriverCommandLogger] - Executing getElementText element: By.xpath: //div[@id=&apos;c_articlelist_stories_2&apos;]/ul[1]/li/span[1]/a parameters: {&quot;id&quot;:&quot;0.08558070645241611-30&quot;}
[WebDriverCommandLogger] - command: getElementText[ param-1: By.xpath: //div[@id=&apos;c_articlelist_stories_2&apos;]/ul[1]/li/span[1]/a param-2: {&quot;id&quot;:&quot;0.08558070645241611-30&quot;}] Result: getElementText:Lonavala vehicle-free, Mulshi and Tamhini jammed
[WebDriverCommandLogger] - Executing findElements parameters: {&quot;using&quot;:&quot;xpath&quot;,&quot;value&quot;:&quot;//div[@id=&apos;c_articlelist_stories_2&apos;]/ul[1]/li/span[2]/span[2]&quot;}
[WebDriverCommandLogger] - command: findElements[ param-1: {value=//div[@id=&apos;c_articlelist_stories_2&apos;]/ul[1]/li/span[2]/span[2], using=xpath}] Result: [id: 0.08558070645241611-97, id: 0.08558070645241611-98, id: 0.08558070645241611-99, id: 0.08558070645241611-100, id: 0.08558070645241611-101, id: 0.08558070645241611-102, id: 0.08558070645241611-103, id: 0.08558070645241611-104, id: 0.08558070645241611-105, id: 0.08558070645241611-106, id: 0.08558070645241611-107, id: 0.08558070645241611-108, id: 0.08558070645241611-109, id: 0.08558070645241611-110, id: 0.08558070645241611-111, id: 0.08558070645241611-112, id: 0.08558070645241611-113, id: 0.08558070645241611-114, id: 0.08558070645241611-115, id: 0.08558070645241611-116, id: 0.08558070645241611-117, id: 0.08558070645241611-118, id: 0.08558070645241611-119, id: 0.08558070645241611-120, id: 0.08558070645241611-121, id: 0.08558070645241611-122, id: 0.08558070645241611-123, id: 0.08558070645241611-124, id: 0.08558070645241611-125, id: 0.08558070645241611-126, id: 0.08558070645241611-127, id: 0.08558070645241611-128, id: 0.08558070645241611-129, id: 0.08558070645241611-130, id: 0.08558070645241611-131, id: 0.08558070645241611-132, id: 0.08558070645241611-133, id: 0.08558070645241611-134, id: 0.08558070645241611-135, id: 0.08558070645241611-136, id: 0.08558070645241611-137, id: 0.08558070645241611-138, id: 0.08558070645241611-139, id: 0.08558070645241611-140, id: 0.08558070645241611-141, id: 0.08558070645241611-142, id: 0.08558070645241611-143, id: 0.08558070645241611-144, id: 0.08558070645241611-145, id: 0.08558070645241611-146, id: 0.08558070645241611-147, id: 0.08558070645241611-148, id: 0.08558070645241611-149, id: 0.08558070645241611-150, id: 0.08558070645241611-151, id: 0.08558070645241611-152, id: 0.08558070645241611-153, id: 0.08558070645241611-154, id: 0.08558070645241611-155, id: 0.08558070645241611-156, id: 0.08558070645241611-157, id: 0.08558070645241611-158, id: 0.08558070645241611-159, id: 0.08558070645241611-160, id: 0.08558070645241611-161, id: 0.08558070645241611-162, id: 0.08558070645241611-163, id: 0.08558070645241611-164, id: 0.08558070645241611-165, id: 0.08558070645241611-166, id: 0.08558070645241611-167, id: 0.08558070645241611-168, id: 0.08558070645241611-169, id: 0.08558070645241611-170, id: 0.08558070645241611-171, id: 0.08558070645241611-172, id: 0.08558070645241611-173, id: 0.08558070645241611-174, id: 0.08558070645241611-175, id: 0.08558070645241611-176, id: 0.08558070645241611-177, id: 0.08558070645241611-178, id: 0.08558070645241611-179, id: 0.08558070645241611-180, id: 0.08558070645241611-181, id: 0.08558070645241611-182, id: 0.08558070645241611-183, id: 0.08558070645241611-184, id: 0.08558070645241611-185, id: 0.08558070645241611-186, id: 0.08558070645241611-187, id: 0.08558070645241611-188, id: 0.08558070645241611-189, id: 0.08558070645241611-190, id: 0.08558070645241611-191, id: 0.08558070645241611-192]
[WebDriverCommandLogger] - Executing findElements parameters: {&quot;using&quot;:&quot;xpath&quot;,&quot;value&quot;:&quot;//div[@id=&apos;c_articlelist_stories_2&apos;]/ul[1]/li/span[2]/span[2]&quot;}
[WebDriverCommandLogger] - command: findElements[ param-1: {value=//div[@id=&apos;c_articlelist_stories_2&apos;]/ul[1]/li/span[2]/span[2], using=xpath}] Result: [id: 0.08558070645241611-97, id: 0.08558070645241611-98, id: 0.08558070645241611-99, id: 0.08558070645241611-100, id: 0.08558070645241611-101, id: 0.08558070645241611-102, id: 0.08558070645241611-103, id: 0.08558070645241611-104, id: 0.08558070645241611-105, id: 0.08558070645241611-106, id: 0.08558070645241611-107, id: 0.08558070645241611-108, id: 0.08558070645241611-109, id: 0.08558070645241611-110, id: 0.08558070645241611-111, id: 0.08558070645241611-112, id: 0.08558070645241611-113, id: 0.08558070645241611-114, id: 0.08558070645241611-115, id: 0.08558070645241611-116, id: 0.08558070645241611-117, id: 0.08558070645241611-118, id: 0.08558070645241611-119, id: 0.08558070645241611-120, id: 0.08558070645241611-121, id: 0.08558070645241611-122, id: 0.08558070645241611-123, id: 0.08558070645241611-124, id: 0.08558070645241611-125, id: 0.08558070645241611-126, id: 0.08558070645241611-127, id: 0.08558070645241611-128, id: 0.08558070645241611-129, id: 0.08558070645241611-130, id: 0.08558070645241611-131, id: 0.08558070645241611-132, id: 0.08558070645241611-133, id: 0.08558070645241611-134, id: 0.08558070645241611-135, id: 0.08558070645241611-136, id: 0.08558070645241611-137, id: 0.08558070645241611-138, id: 0.08558070645241611-139, id: 0.08558070645241611-140, id: 0.08558070645241611-141, id: 0.08558070645241611-142, id: 0.08558070645241611-143, id: 0.08558070645241611-144, id: 0.08558070645241611-145, id: 0.08558070645241611-146, id: 0.08558070645241611-147, id: 0.08558070645241611-148, id: 0.08558070645241611-149, id: 0.08558070645241611-150, id: 0.08558070645241611-151, id: 0.08558070645241611-152, id: 0.08558070645241611-153, id: 0.08558070645241611-154, id: 0.08558070645241611-155, id: 0.08558070645241611-156, id: 0.08558070645241611-157, id: 0.08558070645241611-158, id: 0.08558070645241611-159, id: 0.08558070645241611-160, id: 0.08558070645241611-161, id: 0.08558070645241611-162, id: 0.08558070645241611-163, id: 0.08558070645241611-164, id: 0.08558070645241611-165, id: 0.08558070645241611-166, id: 0.08558070645241611-167, id: 0.08558070645241611-168, id: 0.08558070645241611-169, id: 0.08558070645241611-170, id: 0.08558070645241611-171, id: 0.08558070645241611-172, id: 0.08558070645241611-173, id: 0.08558070645241611-174, id: 0.08558070645241611-175, id: 0.08558070645241611-176, id: 0.08558070645241611-177, id: 0.08558070645241611-178, id: 0.08558070645241611-179, id: 0.08558070645241611-180, id: 0.08558070645241611-181, id: 0.08558070645241611-182, id: 0.08558070645241611-183, id: 0.08558070645241611-184, id: 0.08558070645241611-185, id: 0.08558070645241611-186, id: 0.08558070645241611-187, id: 0.08558070645241611-188, id: 0.08558070645241611-189, id: 0.08558070645241611-190, id: 0.08558070645241611-191, id: 0.08558070645241611-192]
[WebDriverCommandLogger] - Executing getElementText element: By.xpath: //div[@id=&apos;c_articlelist_stories_2&apos;]/ul[1]/li/span[2]/span[2] parameters: {&quot;id&quot;:&quot;0.08558070645241611-127&quot;}
[WebDriverCommandLogger] - command: getElementText[ param-1: By.xpath: //div[@id=&apos;c_articlelist_stories_2&apos;]/ul[1]/li/span[2]/span[2] param-2: {&quot;id&quot;:&quot;0.08558070645241611-127&quot;}] Result: getElementText:23 HOURS AGO
[WebDriverCommandLogger] - Executing findElements parameters: {&quot;using&quot;:&quot;xpath&quot;,&quot;value&quot;:&quot;//div[@id=&apos;c_articlelist_stories_2&apos;]/ul[1]/li/span[1]/a&quot;}
[WebDriverCommandLogger] - command: findElements[ param-1: {value=//div[@id=&apos;c_articlelist_stories_2&apos;]/ul[1]/li/span[1]/a, using=xpath}] Result: [id: 0.08558070645241611-1, id: 0.08558070645241611-2, id: 0.08558070645241611-3, id: 0.08558070645241611-4, id: 0.08558070645241611-5, id: 0.08558070645241611-6, id: 0.08558070645241611-7, id: 0.08558070645241611-8, id: 0.08558070645241611-9, id: 0.08558070645241611-10, id: 0.08558070645241611-11, id: 0.08558070645241611-12, id: 0.08558070645241611-13, id: 0.08558070645241611-14, id: 0.08558070645241611-15, id: 0.08558070645241611-16, id: 0.08558070645241611-17, id: 0.08558070645241611-18, id: 0.08558070645241611-19, id: 0.08558070645241611-20, id: 0.08558070645241611-21, id: 0.08558070645241611-22, id: 0.08558070645241611-23, id: 0.08558070645241611-24, id: 0.08558070645241611-25, id: 0.08558070645241611-26, id: 0.08558070645241611-27, id: 0.08558070645241611-28, id: 0.08558070645241611-29, id: 0.08558070645241611-30, id: 0.08558070645241611-31, id: 0.08558070645241611-32, id: 0.08558070645241611-33, id: 0.08558070645241611-34, id: 0.08558070645241611-35, id: 0.08558070645241611-36, id: 0.08558070645241611-37, id: 0.08558070645241611-38, id: 0.08558070645241611-39, id: 0.08558070645241611-40, id: 0.08558070645241611-41, id: 0.08558070645241611-42, id: 0.08558070645241611-43, id: 0.08558070645241611-44, id: 0.08558070645241611-45, id: 0.08558070645241611-46, id: 0.08558070645241611-47, id: 0.08558070645241611-48, id: 0.08558070645241611-49, id: 0.08558070645241611-50, id: 0.08558070645241611-51, id: 0.08558070645241611-52, id: 0.08558070645241611-53, id: 0.08558070645241611-54, id: 0.08558070645241611-55, id: 0.08558070645241611-56, id: 0.08558070645241611-57, id: 0.08558070645241611-58, id: 0.08558070645241611-59, id: 0.08558070645241611-60, id: 0.08558070645241611-61, id: 0.08558070645241611-62, id: 0.08558070645241611-63, id: 0.08558070645241611-64, id: 0.08558070645241611-65, id: 0.08558070645241611-66, id: 0.08558070645241611-67, id: 0.08558070645241611-68, id: 0.08558070645241611-69, id: 0.08558070645241611-70, id: 0.08558070645241611-71, id: 0.08558070645241611-72, id: 0.08558070645241611-73, id: 0.08558070645241611-74, id: 0.08558070645241611-75, id: 0.08558070645241611-76, id: 0.08558070645241611-77, id: 0.08558070645241611-78, id: 0.08558070645241611-79, id: 0.08558070645241611-80, id: 0.08558070645241611-81, id: 0.08558070645241611-82, id: 0.08558070645241611-83, id: 0.08558070645241611-84, id: 0.08558070645241611-85, id: 0.08558070645241611-86, id: 0.08558070645241611-87, id: 0.08558070645241611-88, id: 0.08558070645241611-89, id: 0.08558070645241611-90, id: 0.08558070645241611-91, id: 0.08558070645241611-92, id: 0.08558070645241611-93, id: 0.08558070645241611-94, id: 0.08558070645241611-95, id: 0.08558070645241611-96]
[WebDriverCommandLogger] - Executing getElementText element: By.xpath: //div[@id=&apos;c_articlelist_stories_2&apos;]/ul[1]/li/span[1]/a parameters: {&quot;id&quot;:&quot;0.08558070645241611-31&quot;}
[WebDriverCommandLogger] - command: getElementText[ param-1: By.xpath: //div[@id=&apos;c_articlelist_stories_2&apos;]/ul[1]/li/span[1]/a param-2: {&quot;id&quot;:&quot;0.08558070645241611-31&quot;}] Result: getElementText:Renowned cartoonist Mangesh Tendulkar dies in Pune
[WebDriverCommandLogger] - Executing findElements parameters: {&quot;using&quot;:&quot;xpath&quot;,&quot;value&quot;:&quot;//div[@id=&apos;c_articlelist_stories_2&apos;]/ul[1]/li/span[2]/span[2]&quot;}
[WebDriverCommandLogger] - command: findElements[ param-1: {value=//div[@id=&apos;c_articlelist_stories_2&apos;]/ul[1]/li/span[2]/span[2], using=xpath}] Result: [id: 0.08558070645241611-97, id: 0.08558070645241611-98, id: 0.08558070645241611-99, id: 0.08558070645241611-100, id: 0.08558070645241611-101, id: 0.08558070645241611-102, id: 0.08558070645241611-103, id: 0.08558070645241611-104, id: 0.08558070645241611-105, id: 0.08558070645241611-106, id: 0.08558070645241611-107, id: 0.08558070645241611-108, id: 0.08558070645241611-109, id: 0.08558070645241611-110, id: 0.08558070645241611-111, id: 0.08558070645241611-112, id: 0.08558070645241611-113, id: 0.08558070645241611-114, id: 0.08558070645241611-115, id: 0.08558070645241611-116, id: 0.08558070645241611-117, id: 0.08558070645241611-118, id: 0.08558070645241611-119, id: 0.08558070645241611-120, id: 0.08558070645241611-121, id: 0.08558070645241611-122, id: 0.08558070645241611-123, id: 0.08558070645241611-124, id: 0.08558070645241611-125, id: 0.08558070645241611-126, id: 0.08558070645241611-127, id: 0.08558070645241611-128, id: 0.08558070645241611-129, id: 0.08558070645241611-130, id: 0.08558070645241611-131, id: 0.08558070645241611-132, id: 0.08558070645241611-133, id: 0.08558070645241611-134, id: 0.08558070645241611-135, id: 0.08558070645241611-136, id: 0.08558070645241611-137, id: 0.08558070645241611-138, id: 0.08558070645241611-139, id: 0.08558070645241611-140, id: 0.08558070645241611-141, id: 0.08558070645241611-142, id: 0.08558070645241611-143, id: 0.08558070645241611-144, id: 0.08558070645241611-145, id: 0.08558070645241611-146, id: 0.08558070645241611-147, id: 0.08558070645241611-148, id: 0.08558070645241611-149, id: 0.08558070645241611-150, id: 0.08558070645241611-151, id: 0.08558070645241611-152, id: 0.08558070645241611-153, id: 0.08558070645241611-154, id: 0.08558070645241611-155, id: 0.08558070645241611-156, id: 0.08558070645241611-157, id: 0.08558070645241611-158, id: 0.08558070645241611-159, id: 0.08558070645241611-160, id: 0.08558070645241611-161, id: 0.08558070645241611-162, id: 0.08558070645241611-163, id: 0.08558070645241611-164, id: 0.08558070645241611-165, id: 0.08558070645241611-166, id: 0.08558070645241611-167, id: 0.08558070645241611-168, id: 0.08558070645241611-169, id: 0.08558070645241611-170, id: 0.08558070645241611-171, id: 0.08558070645241611-172, id: 0.08558070645241611-173, id: 0.08558070645241611-174, id: 0.08558070645241611-175, id: 0.08558070645241611-176, id: 0.08558070645241611-177, id: 0.08558070645241611-178, id: 0.08558070645241611-179, id: 0.08558070645241611-180, id: 0.08558070645241611-181, id: 0.08558070645241611-182, id: 0.08558070645241611-183, id: 0.08558070645241611-184, id: 0.08558070645241611-185, id: 0.08558070645241611-186, id: 0.08558070645241611-187, id: 0.08558070645241611-188, id: 0.08558070645241611-189, id: 0.08558070645241611-190, id: 0.08558070645241611-191, id: 0.08558070645241611-192]
[WebDriverCommandLogger] - Executing findElements parameters: {&quot;using&quot;:&quot;xpath&quot;,&quot;value&quot;:&quot;//div[@id=&apos;c_articlelist_stories_2&apos;]/ul[1]/li/span[2]/span[2]&quot;}
[WebDriverCommandLogger] - command: findElements[ param-1: {value=//div[@id=&apos;c_articlelist_stories_2&apos;]/ul[1]/li/span[2]/span[2], using=xpath}] Result: [id: 0.08558070645241611-97, id: 0.08558070645241611-98, id: 0.08558070645241611-99, id: 0.08558070645241611-100, id: 0.08558070645241611-101, id: 0.08558070645241611-102, id: 0.08558070645241611-103, id: 0.08558070645241611-104, id: 0.08558070645241611-105, id: 0.08558070645241611-106, id: 0.08558070645241611-107, id: 0.08558070645241611-108, id: 0.08558070645241611-109, id: 0.08558070645241611-110, id: 0.08558070645241611-111, id: 0.08558070645241611-112, id: 0.08558070645241611-113, id: 0.08558070645241611-114, id: 0.08558070645241611-115, id: 0.08558070645241611-116, id: 0.08558070645241611-117, id: 0.08558070645241611-118, id: 0.08558070645241611-119, id: 0.08558070645241611-120, id: 0.08558070645241611-121, id: 0.08558070645241611-122, id: 0.08558070645241611-123, id: 0.08558070645241611-124, id: 0.08558070645241611-125, id: 0.08558070645241611-126, id: 0.08558070645241611-127, id: 0.08558070645241611-128, id: 0.08558070645241611-129, id: 0.08558070645241611-130, id: 0.08558070645241611-131, id: 0.08558070645241611-132, id: 0.08558070645241611-133, id: 0.08558070645241611-134, id: 0.08558070645241611-135, id: 0.08558070645241611-136, id: 0.08558070645241611-137, id: 0.08558070645241611-138, id: 0.08558070645241611-139, id: 0.08558070645241611-140, id: 0.08558070645241611-141, id: 0.08558070645241611-142, id: 0.08558070645241611-143, id: 0.08558070645241611-144, id: 0.08558070645241611-145, id: 0.08558070645241611-146, id: 0.08558070645241611-147, id: 0.08558070645241611-148, id: 0.08558070645241611-149, id: 0.08558070645241611-150, id: 0.08558070645241611-151, id: 0.08558070645241611-152, id: 0.08558070645241611-153, id: 0.08558070645241611-154, id: 0.08558070645241611-155, id: 0.08558070645241611-156, id: 0.08558070645241611-157, id: 0.08558070645241611-158, id: 0.08558070645241611-159, id: 0.08558070645241611-160, id: 0.08558070645241611-161, id: 0.08558070645241611-162, id: 0.08558070645241611-163, id: 0.08558070645241611-164, id: 0.08558070645241611-165, id: 0.08558070645241611-166, id: 0.08558070645241611-167, id: 0.08558070645241611-168, id: 0.08558070645241611-169, id: 0.08558070645241611-170, id: 0.08558070645241611-171, id: 0.08558070645241611-172, id: 0.08558070645241611-173, id: 0.08558070645241611-174, id: 0.08558070645241611-175, id: 0.08558070645241611-176, id: 0.08558070645241611-177, id: 0.08558070645241611-178, id: 0.08558070645241611-179, id: 0.08558070645241611-180, id: 0.08558070645241611-181, id: 0.08558070645241611-182, id: 0.08558070645241611-183, id: 0.08558070645241611-184, id: 0.08558070645241611-185, id: 0.08558070645241611-186, id: 0.08558070645241611-187, id: 0.08558070645241611-188, id: 0.08558070645241611-189, id: 0.08558070645241611-190, id: 0.08558070645241611-191, id: 0.08558070645241611-192]
[WebDriverCommandLogger] - Executing getElementText element: By.xpath: //div[@id=&apos;c_articlelist_stories_2&apos;]/ul[1]/li/span[2]/span[2] parameters: {&quot;id&quot;:&quot;0.08558070645241611-128&quot;}
[WebDriverCommandLogger] - command: getElementText[ param-1: By.xpath: //div[@id=&apos;c_articlelist_stories_2&apos;]/ul[1]/li/span[2]/span[2] param-2: {&quot;id&quot;:&quot;0.08558070645241611-128&quot;}] Result: getElementText:1 DAY AGO
[WebDriverCommandLogger] - Executing findElements parameters: {&quot;using&quot;:&quot;xpath&quot;,&quot;value&quot;:&quot;//div[@id=&apos;c_articlelist_stories_2&apos;]/ul[1]/li/span[2]/span[2]&quot;}
[WebDriverCommandLogger] - command: findElements[ param-1: {value=//div[@id=&apos;c_articlelist_stories_2&apos;]/ul[1]/li/span[2]/span[2], using=xpath}] Result: [id: 0.08558070645241611-97, id: 0.08558070645241611-98, id: 0.08558070645241611-99, id: 0.08558070645241611-100, id: 0.08558070645241611-101, id: 0.08558070645241611-102, id: 0.08558070645241611-103, id: 0.08558070645241611-104, id: 0.08558070645241611-105, id: 0.08558070645241611-106, id: 0.08558070645241611-107, id: 0.08558070645241611-108, id: 0.08558070645241611-109, id: 0.08558070645241611-110, id: 0.08558070645241611-111, id: 0.08558070645241611-112, id: 0.08558070645241611-113, id: 0.08558070645241611-114, id: 0.08558070645241611-115, id: 0.08558070645241611-116, id: 0.08558070645241611-117, id: 0.08558070645241611-118, id: 0.08558070645241611-119, id: 0.08558070645241611-120, id: 0.08558070645241611-121, id: 0.08558070645241611-122, id: 0.08558070645241611-123, id: 0.08558070645241611-124, id: 0.08558070645241611-125, id: 0.08558070645241611-126, id: 0.08558070645241611-127, id: 0.08558070645241611-128, id: 0.08558070645241611-129, id: 0.08558070645241611-130, id: 0.08558070645241611-131, id: 0.08558070645241611-132, id: 0.08558070645241611-133, id: 0.08558070645241611-134, id: 0.08558070645241611-135, id: 0.08558070645241611-136, id: 0.08558070645241611-137, id: 0.08558070645241611-138, id: 0.08558070645241611-139, id: 0.08558070645241611-140, id: 0.08558070645241611-141, id: 0.08558070645241611-142, id: 0.08558070645241611-143, id: 0.08558070645241611-144, id: 0.08558070645241611-145, id: 0.08558070645241611-146, id: 0.08558070645241611-147, id: 0.08558070645241611-148, id: 0.08558070645241611-149, id: 0.08558070645241611-150, id: 0.08558070645241611-151, id: 0.08558070645241611-152, id: 0.08558070645241611-153, id: 0.08558070645241611-154, id: 0.08558070645241611-155, id: 0.08558070645241611-156, id: 0.08558070645241611-157, id: 0.08558070645241611-158, id: 0.08558070645241611-159, id: 0.08558070645241611-160, id: 0.08558070645241611-161, id: 0.08558070645241611-162, id: 0.08558070645241611-163, id: 0.08558070645241611-164, id: 0.08558070645241611-165, id: 0.08558070645241611-166, id: 0.08558070645241611-167, id: 0.08558070645241611-168, id: 0.08558070645241611-169, id: 0.08558070645241611-170, id: 0.08558070645241611-171, id: 0.08558070645241611-172, id: 0.08558070645241611-173, id: 0.08558070645241611-174, id: 0.08558070645241611-175, id: 0.08558070645241611-176, id: 0.08558070645241611-177, id: 0.08558070645241611-178, id: 0.08558070645241611-179, id: 0.08558070645241611-180, id: 0.08558070645241611-181, id: 0.08558070645241611-182, id: 0.08558070645241611-183, id: 0.08558070645241611-184, id: 0.08558070645241611-185, id: 0.08558070645241611-186, id: 0.08558070645241611-187, id: 0.08558070645241611-188, id: 0.08558070645241611-189, id: 0.08558070645241611-190, id: 0.08558070645241611-191, id: 0.08558070645241611-192]
[WebDriverCommandLogger] - Executing getElementText element: By.xpath: //div[@id=&apos;c_articlelist_stories_2&apos;]/ul[1]/li/span[2]/span[2] parameters: {&quot;id&quot;:&quot;0.08558070645241611-128&quot;}
[WebDriverCommandLogger] - command: getElementText[ param-1: By.xpath: //div[@id=&apos;c_articlelist_stories_2&apos;]/ul[1]/li/span[2]/span[2] param-2: {&quot;id&quot;:&quot;0.08558070645241611-128&quot;}] Result: getElementText:1 DAY AGO
[WebDriverCommandLogger] - Executing findElements parameters: {&quot;using&quot;:&quot;xpath&quot;,&quot;value&quot;:&quot;//div[@id=&apos;c_articlelist_stories_2&apos;]/ul[1]/li/span[1]/a&quot;}
[WebDriverCommandLogger] - command: findElements[ param-1: {value=//div[@id=&apos;c_articlelist_stories_2&apos;]/ul[1]/li/span[1]/a, using=xpath}] Result: [id: 0.08558070645241611-1, id: 0.08558070645241611-2, id: 0.08558070645241611-3, id: 0.08558070645241611-4, id: 0.08558070645241611-5, id: 0.08558070645241611-6, id: 0.08558070645241611-7, id: 0.08558070645241611-8, id: 0.08558070645241611-9, id: 0.08558070645241611-10, id: 0.08558070645241611-11, id: 0.08558070645241611-12, id: 0.08558070645241611-13, id: 0.08558070645241611-14, id: 0.08558070645241611-15, id: 0.08558070645241611-16, id: 0.08558070645241611-17, id: 0.08558070645241611-18, id: 0.08558070645241611-19, id: 0.08558070645241611-20, id: 0.08558070645241611-21, id: 0.08558070645241611-22, id: 0.08558070645241611-23, id: 0.08558070645241611-24, id: 0.08558070645241611-25, id: 0.08558070645241611-26, id: 0.08558070645241611-27, id: 0.08558070645241611-28, id: 0.08558070645241611-29, id: 0.08558070645241611-30, id: 0.08558070645241611-31, id: 0.08558070645241611-32, id: 0.08558070645241611-33, id: 0.08558070645241611-34, id: 0.08558070645241611-35, id: 0.08558070645241611-36, id: 0.08558070645241611-37, id: 0.08558070645241611-38, id: 0.08558070645241611-39, id: 0.08558070645241611-40, id: 0.08558070645241611-41, id: 0.08558070645241611-42, id: 0.08558070645241611-43, id: 0.08558070645241611-44, id: 0.08558070645241611-45, id: 0.08558070645241611-46, id: 0.08558070645241611-47, id: 0.08558070645241611-48, id: 0.08558070645241611-49, id: 0.08558070645241611-50, id: 0.08558070645241611-51, id: 0.08558070645241611-52, id: 0.08558070645241611-53, id: 0.08558070645241611-54, id: 0.08558070645241611-55, id: 0.08558070645241611-56, id: 0.08558070645241611-57, id: 0.08558070645241611-58, id: 0.08558070645241611-59, id: 0.08558070645241611-60, id: 0.08558070645241611-61, id: 0.08558070645241611-62, id: 0.08558070645241611-63, id: 0.08558070645241611-64, id: 0.08558070645241611-65, id: 0.08558070645241611-66, id: 0.08558070645241611-67, id: 0.08558070645241611-68, id: 0.08558070645241611-69, id: 0.08558070645241611-70, id: 0.08558070645241611-71, id: 0.08558070645241611-72, id: 0.08558070645241611-73, id: 0.08558070645241611-74, id: 0.08558070645241611-75, id: 0.08558070645241611-76, id: 0.08558070645241611-77, id: 0.08558070645241611-78, id: 0.08558070645241611-79, id: 0.08558070645241611-80, id: 0.08558070645241611-81, id: 0.08558070645241611-82, id: 0.08558070645241611-83, id: 0.08558070645241611-84, id: 0.08558070645241611-85, id: 0.08558070645241611-86, id: 0.08558070645241611-87, id: 0.08558070645241611-88, id: 0.08558070645241611-89, id: 0.08558070645241611-90, id: 0.08558070645241611-91, id: 0.08558070645241611-92, id: 0.08558070645241611-93, id: 0.08558070645241611-94, id: 0.08558070645241611-95, id: 0.08558070645241611-96]
[WebDriverCommandLogger] - Executing getElementText element: By.xpath: //div[@id=&apos;c_articlelist_stories_2&apos;]/ul[1]/li/span[1]/a parameters: {&quot;id&quot;:&quot;0.08558070645241611-32&quot;}
[WebDriverCommandLogger] - command: getElementText[ param-1: By.xpath: //div[@id=&apos;c_articlelist_stories_2&apos;]/ul[1]/li/span[1]/a param-2: {&quot;id&quot;:&quot;0.08558070645241611-32&quot;}] Result: getElementText:My last Eid in Pune
[WebDriverCommandLogger] - Executing findElements parameters: {&quot;using&quot;:&quot;xpath&quot;,&quot;value&quot;:&quot;//div[@id=&apos;c_articlelist_stories_2&apos;]/ul[1]/li/span[2]/span[2]&quot;}
[WebDriverCommandLogger] - command: findElements[ param-1: {value=//div[@id=&apos;c_articlelist_stories_2&apos;]/ul[1]/li/span[2]/span[2], using=xpath}] Result: [id: 0.08558070645241611-97, id: 0.08558070645241611-98, id: 0.08558070645241611-99, id: 0.08558070645241611-100, id: 0.08558070645241611-101, id: 0.08558070645241611-102, id: 0.08558070645241611-103, id: 0.08558070645241611-104, id: 0.08558070645241611-105, id: 0.08558070645241611-106, id: 0.08558070645241611-107, id: 0.08558070645241611-108, id: 0.08558070645241611-109, id: 0.08558070645241611-110, id: 0.08558070645241611-111, id: 0.08558070645241611-112, id: 0.08558070645241611-113, id: 0.08558070645241611-114, id: 0.08558070645241611-115, id: 0.08558070645241611-116, id: 0.08558070645241611-117, id: 0.08558070645241611-118, id: 0.08558070645241611-119, id: 0.08558070645241611-120, id: 0.08558070645241611-121, id: 0.08558070645241611-122, id: 0.08558070645241611-123, id: 0.08558070645241611-124, id: 0.08558070645241611-125, id: 0.08558070645241611-126, id: 0.08558070645241611-127, id: 0.08558070645241611-128, id: 0.08558070645241611-129, id: 0.08558070645241611-130, id: 0.08558070645241611-131, id: 0.08558070645241611-132, id: 0.08558070645241611-133, id: 0.08558070645241611-134, id: 0.08558070645241611-135, id: 0.08558070645241611-136, id: 0.08558070645241611-137, id: 0.08558070645241611-138, id: 0.08558070645241611-139, id: 0.08558070645241611-140, id: 0.08558070645241611-141, id: 0.08558070645241611-142, id: 0.08558070645241611-143, id: 0.08558070645241611-144, id: 0.08558070645241611-145, id: 0.08558070645241611-146, id: 0.08558070645241611-147, id: 0.08558070645241611-148, id: 0.08558070645241611-149, id: 0.08558070645241611-150, id: 0.08558070645241611-151, id: 0.08558070645241611-152, id: 0.08558070645241611-153, id: 0.08558070645241611-154, id: 0.08558070645241611-155, id: 0.08558070645241611-156, id: 0.08558070645241611-157, id: 0.08558070645241611-158, id: 0.08558070645241611-159, id: 0.08558070645241611-160, id: 0.08558070645241611-161, id: 0.08558070645241611-162, id: 0.08558070645241611-163, id: 0.08558070645241611-164, id: 0.08558070645241611-165, id: 0.08558070645241611-166, id: 0.08558070645241611-167, id: 0.08558070645241611-168, id: 0.08558070645241611-169, id: 0.08558070645241611-170, id: 0.08558070645241611-171, id: 0.08558070645241611-172, id: 0.08558070645241611-173, id: 0.08558070645241611-174, id: 0.08558070645241611-175, id: 0.08558070645241611-176, id: 0.08558070645241611-177, id: 0.08558070645241611-178, id: 0.08558070645241611-179, id: 0.08558070645241611-180, id: 0.08558070645241611-181, id: 0.08558070645241611-182, id: 0.08558070645241611-183, id: 0.08558070645241611-184, id: 0.08558070645241611-185, id: 0.08558070645241611-186, id: 0.08558070645241611-187, id: 0.08558070645241611-188, id: 0.08558070645241611-189, id: 0.08558070645241611-190, id: 0.08558070645241611-191, id: 0.08558070645241611-192]
[WebDriverCommandLogger] - Executing findElements parameters: {&quot;using&quot;:&quot;xpath&quot;,&quot;value&quot;:&quot;//div[@id=&apos;c_articlelist_stories_2&apos;]/ul[1]/li/span[2]/span[2]&quot;}
[WebDriverCommandLogger] - command: findElements[ param-1: {value=//div[@id=&apos;c_articlelist_stories_2&apos;]/ul[1]/li/span[2]/span[2], using=xpath}] Result: [id: 0.08558070645241611-97, id: 0.08558070645241611-98, id: 0.08558070645241611-99, id: 0.08558070645241611-100, id: 0.08558070645241611-101, id: 0.08558070645241611-102, id: 0.08558070645241611-103, id: 0.08558070645241611-104, id: 0.08558070645241611-105, id: 0.08558070645241611-106, id: 0.08558070645241611-107, id: 0.08558070645241611-108, id: 0.08558070645241611-109, id: 0.08558070645241611-110, id: 0.08558070645241611-111, id: 0.08558070645241611-112, id: 0.08558070645241611-113, id: 0.08558070645241611-114, id: 0.08558070645241611-115, id: 0.08558070645241611-116, id: 0.08558070645241611-117, id: 0.08558070645241611-118, id: 0.08558070645241611-119, id: 0.08558070645241611-120, id: 0.08558070645241611-121, id: 0.08558070645241611-122, id: 0.08558070645241611-123, id: 0.08558070645241611-124, id: 0.08558070645241611-125, id: 0.08558070645241611-126, id: 0.08558070645241611-127, id: 0.08558070645241611-128, id: 0.08558070645241611-129, id: 0.08558070645241611-130, id: 0.08558070645241611-131, id: 0.08558070645241611-132, id: 0.08558070645241611-133, id: 0.08558070645241611-134, id: 0.08558070645241611-135, id: 0.08558070645241611-136, id: 0.08558070645241611-137, id: 0.08558070645241611-138, id: 0.08558070645241611-139, id: 0.08558070645241611-140, id: 0.08558070645241611-141, id: 0.08558070645241611-142, id: 0.08558070645241611-143, id: 0.08558070645241611-144, id: 0.08558070645241611-145, id: 0.08558070645241611-146, id: 0.08558070645241611-147, id: 0.08558070645241611-148, id: 0.08558070645241611-149, id: 0.08558070645241611-150, id: 0.08558070645241611-151, id: 0.08558070645241611-152, id: 0.08558070645241611-153, id: 0.08558070645241611-154, id: 0.08558070645241611-155, id: 0.08558070645241611-156, id: 0.08558070645241611-157, id: 0.08558070645241611-158, id: 0.08558070645241611-159, id: 0.08558070645241611-160, id: 0.08558070645241611-161, id: 0.08558070645241611-162, id: 0.08558070645241611-163, id: 0.08558070645241611-164, id: 0.08558070645241611-165, id: 0.08558070645241611-166, id: 0.08558070645241611-167, id: 0.08558070645241611-168, id: 0.08558070645241611-169, id: 0.08558070645241611-170, id: 0.08558070645241611-171, id: 0.08558070645241611-172, id: 0.08558070645241611-173, id: 0.08558070645241611-174, id: 0.08558070645241611-175, id: 0.08558070645241611-176, id: 0.08558070645241611-177, id: 0.08558070645241611-178, id: 0.08558070645241611-179, id: 0.08558070645241611-180, id: 0.08558070645241611-181, id: 0.08558070645241611-182, id: 0.08558070645241611-183, id: 0.08558070645241611-184, id: 0.08558070645241611-185, id: 0.08558070645241611-186, id: 0.08558070645241611-187, id: 0.08558070645241611-188, id: 0.08558070645241611-189, id: 0.08558070645241611-190, id: 0.08558070645241611-191, id: 0.08558070645241611-192]
[WebDriverCommandLogger] - Executing getElementText element: By.xpath: //div[@id=&apos;c_articlelist_stories_2&apos;]/ul[1]/li/span[2]/span[2] parameters: {&quot;id&quot;:&quot;0.08558070645241611-129&quot;}
[WebDriverCommandLogger] - command: getElementText[ param-1: By.xpath: //div[@id=&apos;c_articlelist_stories_2&apos;]/ul[1]/li/span[2]/span[2] param-2: {&quot;id&quot;:&quot;0.08558070645241611-129&quot;}] Result: getElementText:1 DAY AGO
[WebDriverCommandLogger] - Executing findElements parameters: {&quot;using&quot;:&quot;xpath&quot;,&quot;value&quot;:&quot;//div[@id=&apos;c_articlelist_stories_2&apos;]/ul[1]/li/span[2]/span[2]&quot;}
[WebDriverCommandLogger] - command: findElements[ param-1: {value=//div[@id=&apos;c_articlelist_stories_2&apos;]/ul[1]/li/span[2]/span[2], using=xpath}] Result: [id: 0.08558070645241611-97, id: 0.08558070645241611-98, id: 0.08558070645241611-99, id: 0.08558070645241611-100, id: 0.08558070645241611-101, id: 0.08558070645241611-102, id: 0.08558070645241611-103, id: 0.08558070645241611-104, id: 0.08558070645241611-105, id: 0.08558070645241611-106, id: 0.08558070645241611-107, id: 0.08558070645241611-108, id: 0.08558070645241611-109, id: 0.08558070645241611-110, id: 0.08558070645241611-111, id: 0.08558070645241611-112, id: 0.08558070645241611-113, id: 0.08558070645241611-114, id: 0.08558070645241611-115, id: 0.08558070645241611-116, id: 0.08558070645241611-117, id: 0.08558070645241611-118, id: 0.08558070645241611-119, id: 0.08558070645241611-120, id: 0.08558070645241611-121, id: 0.08558070645241611-122, id: 0.08558070645241611-123, id: 0.08558070645241611-124, id: 0.08558070645241611-125, id: 0.08558070645241611-126, id: 0.08558070645241611-127, id: 0.08558070645241611-128, id: 0.08558070645241611-129, id: 0.08558070645241611-130, id: 0.08558070645241611-131, id: 0.08558070645241611-132, id: 0.08558070645241611-133, id: 0.08558070645241611-134, id: 0.08558070645241611-135, id: 0.08558070645241611-136, id: 0.08558070645241611-137, id: 0.08558070645241611-138, id: 0.08558070645241611-139, id: 0.08558070645241611-140, id: 0.08558070645241611-141, id: 0.08558070645241611-142, id: 0.08558070645241611-143, id: 0.08558070645241611-144, id: 0.08558070645241611-145, id: 0.08558070645241611-146, id: 0.08558070645241611-147, id: 0.08558070645241611-148, id: 0.08558070645241611-149, id: 0.08558070645241611-150, id: 0.08558070645241611-151, id: 0.08558070645241611-152, id: 0.08558070645241611-153, id: 0.08558070645241611-154, id: 0.08558070645241611-155, id: 0.08558070645241611-156, id: 0.08558070645241611-157, id: 0.08558070645241611-158, id: 0.08558070645241611-159, id: 0.08558070645241611-160, id: 0.08558070645241611-161, id: 0.08558070645241611-162, id: 0.08558070645241611-163, id: 0.08558070645241611-164, id: 0.08558070645241611-165, id: 0.08558070645241611-166, id: 0.08558070645241611-167, id: 0.08558070645241611-168, id: 0.08558070645241611-169, id: 0.08558070645241611-170, id: 0.08558070645241611-171, id: 0.08558070645241611-172, id: 0.08558070645241611-173, id: 0.08558070645241611-174, id: 0.08558070645241611-175, id: 0.08558070645241611-176, id: 0.08558070645241611-177, id: 0.08558070645241611-178, id: 0.08558070645241611-179, id: 0.08558070645241611-180, id: 0.08558070645241611-181, id: 0.08558070645241611-182, id: 0.08558070645241611-183, id: 0.08558070645241611-184, id: 0.08558070645241611-185, id: 0.08558070645241611-186, id: 0.08558070645241611-187, id: 0.08558070645241611-188, id: 0.08558070645241611-189, id: 0.08558070645241611-190, id: 0.08558070645241611-191, id: 0.08558070645241611-192]
[WebDriverCommandLogger] - Executing getElementText element: By.xpath: //div[@id=&apos;c_articlelist_stories_2&apos;]/ul[1]/li/span[2]/span[2] parameters: {&quot;id&quot;:&quot;0.08558070645241611-129&quot;}
[WebDriverCommandLogger] - command: getElementText[ param-1: By.xpath: //div[@id=&apos;c_articlelist_stories_2&apos;]/ul[1]/li/span[2]/span[2] param-2: {&quot;id&quot;:&quot;0.08558070645241611-129&quot;}] Result: getElementText:1 DAY AGO
[WebDriverCommandLogger] - Executing findElements parameters: {&quot;using&quot;:&quot;xpath&quot;,&quot;value&quot;:&quot;//div[@id=&apos;c_articlelist_stories_2&apos;]/ul[1]/li/span[1]/a&quot;}
[WebDriverCommandLogger] - command: findElements[ param-1: {value=//div[@id=&apos;c_articlelist_stories_2&apos;]/ul[1]/li/span[1]/a, using=xpath}] Result: [id: 0.08558070645241611-1, id: 0.08558070645241611-2, id: 0.08558070645241611-3, id: 0.08558070645241611-4, id: 0.08558070645241611-5, id: 0.08558070645241611-6, id: 0.08558070645241611-7, id: 0.08558070645241611-8, id: 0.08558070645241611-9, id: 0.08558070645241611-10, id: 0.08558070645241611-11, id: 0.08558070645241611-12, id: 0.08558070645241611-13, id: 0.08558070645241611-14, id: 0.08558070645241611-15, id: 0.08558070645241611-16, id: 0.08558070645241611-17, id: 0.08558070645241611-18, id: 0.08558070645241611-19, id: 0.08558070645241611-20, id: 0.08558070645241611-21, id: 0.08558070645241611-22, id: 0.08558070645241611-23, id: 0.08558070645241611-24, id: 0.08558070645241611-25, id: 0.08558070645241611-26, id: 0.08558070645241611-27, id: 0.08558070645241611-28, id: 0.08558070645241611-29, id: 0.08558070645241611-30, id: 0.08558070645241611-31, id: 0.08558070645241611-32, id: 0.08558070645241611-33, id: 0.08558070645241611-34, id: 0.08558070645241611-35, id: 0.08558070645241611-36, id: 0.08558070645241611-37, id: 0.08558070645241611-38, id: 0.08558070645241611-39, id: 0.08558070645241611-40, id: 0.08558070645241611-41, id: 0.08558070645241611-42, id: 0.08558070645241611-43, id: 0.08558070645241611-44, id: 0.08558070645241611-45, id: 0.08558070645241611-46, id: 0.08558070645241611-47, id: 0.08558070645241611-48, id: 0.08558070645241611-49, id: 0.08558070645241611-50, id: 0.08558070645241611-51, id: 0.08558070645241611-52, id: 0.08558070645241611-53, id: 0.08558070645241611-54, id: 0.08558070645241611-55, id: 0.08558070645241611-56, id: 0.08558070645241611-57, id: 0.08558070645241611-58, id: 0.08558070645241611-59, id: 0.08558070645241611-60, id: 0.08558070645241611-61, id: 0.08558070645241611-62, id: 0.08558070645241611-63, id: 0.08558070645241611-64, id: 0.08558070645241611-65, id: 0.08558070645241611-66, id: 0.08558070645241611-67, id: 0.08558070645241611-68, id: 0.08558070645241611-69, id: 0.08558070645241611-70, id: 0.08558070645241611-71, id: 0.08558070645241611-72, id: 0.08558070645241611-73, id: 0.08558070645241611-74, id: 0.08558070645241611-75, id: 0.08558070645241611-76, id: 0.08558070645241611-77, id: 0.08558070645241611-78, id: 0.08558070645241611-79, id: 0.08558070645241611-80, id: 0.08558070645241611-81, id: 0.08558070645241611-82, id: 0.08558070645241611-83, id: 0.08558070645241611-84, id: 0.08558070645241611-85, id: 0.08558070645241611-86, id: 0.08558070645241611-87, id: 0.08558070645241611-88, id: 0.08558070645241611-89, id: 0.08558070645241611-90, id: 0.08558070645241611-91, id: 0.08558070645241611-92, id: 0.08558070645241611-93, id: 0.08558070645241611-94, id: 0.08558070645241611-95, id: 0.08558070645241611-96]
[WebDriverCommandLogger] - Executing getElementText element: By.xpath: //div[@id=&apos;c_articlelist_stories_2&apos;]/ul[1]/li/span[1]/a parameters: {&quot;id&quot;:&quot;0.08558070645241611-33&quot;}
[WebDriverCommandLogger] - command: getElementText[ param-1: By.xpath: //div[@id=&apos;c_articlelist_stories_2&apos;]/ul[1]/li/span[1]/a param-2: {&quot;id&quot;:&quot;0.08558070645241611-33&quot;}] Result: getElementText:Family donates brain-dead son’s organs, give new lease of life to 3
[WebDriverCommandLogger] - Executing findElements parameters: {&quot;using&quot;:&quot;xpath&quot;,&quot;value&quot;:&quot;//div[@id=&apos;c_articlelist_stories_2&apos;]/ul[1]/li/span[2]/span[2]&quot;}
[WebDriverCommandLogger] - command: findElements[ param-1: {value=//div[@id=&apos;c_articlelist_stories_2&apos;]/ul[1]/li/span[2]/span[2], using=xpath}] Result: [id: 0.08558070645241611-97, id: 0.08558070645241611-98, id: 0.08558070645241611-99, id: 0.08558070645241611-100, id: 0.08558070645241611-101, id: 0.08558070645241611-102, id: 0.08558070645241611-103, id: 0.08558070645241611-104, id: 0.08558070645241611-105, id: 0.08558070645241611-106, id: 0.08558070645241611-107, id: 0.08558070645241611-108, id: 0.08558070645241611-109, id: 0.08558070645241611-110, id: 0.08558070645241611-111, id: 0.08558070645241611-112, id: 0.08558070645241611-113, id: 0.08558070645241611-114, id: 0.08558070645241611-115, id: 0.08558070645241611-116, id: 0.08558070645241611-117, id: 0.08558070645241611-118, id: 0.08558070645241611-119, id: 0.08558070645241611-120, id: 0.08558070645241611-121, id: 0.08558070645241611-122, id: 0.08558070645241611-123, id: 0.08558070645241611-124, id: 0.08558070645241611-125, id: 0.08558070645241611-126, id: 0.08558070645241611-127, id: 0.08558070645241611-128, id: 0.08558070645241611-129, id: 0.08558070645241611-130, id: 0.08558070645241611-131, id: 0.08558070645241611-132, id: 0.08558070645241611-133, id: 0.08558070645241611-134, id: 0.08558070645241611-135, id: 0.08558070645241611-136, id: 0.08558070645241611-137, id: 0.08558070645241611-138, id: 0.08558070645241611-139, id: 0.08558070645241611-140, id: 0.08558070645241611-141, id: 0.08558070645241611-142, id: 0.08558070645241611-143, id: 0.08558070645241611-144, id: 0.08558070645241611-145, id: 0.08558070645241611-146, id: 0.08558070645241611-147, id: 0.08558070645241611-148, id: 0.08558070645241611-149, id: 0.08558070645241611-150, id: 0.08558070645241611-151, id: 0.08558070645241611-152, id: 0.08558070645241611-153, id: 0.08558070645241611-154, id: 0.08558070645241611-155, id: 0.08558070645241611-156, id: 0.08558070645241611-157, id: 0.08558070645241611-158, id: 0.08558070645241611-159, id: 0.08558070645241611-160, id: 0.08558070645241611-161, id: 0.08558070645241611-162, id: 0.08558070645241611-163, id: 0.08558070645241611-164, id: 0.08558070645241611-165, id: 0.08558070645241611-166, id: 0.08558070645241611-167, id: 0.08558070645241611-168, id: 0.08558070645241611-169, id: 0.08558070645241611-170, id: 0.08558070645241611-171, id: 0.08558070645241611-172, id: 0.08558070645241611-173, id: 0.08558070645241611-174, id: 0.08558070645241611-175, id: 0.08558070645241611-176, id: 0.08558070645241611-177, id: 0.08558070645241611-178, id: 0.08558070645241611-179, id: 0.08558070645241611-180, id: 0.08558070645241611-181, id: 0.08558070645241611-182, id: 0.08558070645241611-183, id: 0.08558070645241611-184, id: 0.08558070645241611-185, id: 0.08558070645241611-186, id: 0.08558070645241611-187, id: 0.08558070645241611-188, id: 0.08558070645241611-189, id: 0.08558070645241611-190, id: 0.08558070645241611-191, id: 0.08558070645241611-192]
[WebDriverCommandLogger] - Executing findElements parameters: {&quot;using&quot;:&quot;xpath&quot;,&quot;value&quot;:&quot;//div[@id=&apos;c_articlelist_stories_2&apos;]/ul[1]/li/span[2]/span[2]&quot;}
[WebDriverCommandLogger] - command: findElements[ param-1: {value=//div[@id=&apos;c_articlelist_stories_2&apos;]/ul[1]/li/span[2]/span[2], using=xpath}] Result: [id: 0.08558070645241611-97, id: 0.08558070645241611-98, id: 0.08558070645241611-99, id: 0.08558070645241611-100, id: 0.08558070645241611-101, id: 0.08558070645241611-102, id: 0.08558070645241611-103, id: 0.08558070645241611-104, id: 0.08558070645241611-105, id: 0.08558070645241611-106, id: 0.08558070645241611-107, id: 0.08558070645241611-108, id: 0.08558070645241611-109, id: 0.08558070645241611-110, id: 0.08558070645241611-111, id: 0.08558070645241611-112, id: 0.08558070645241611-113, id: 0.08558070645241611-114, id: 0.08558070645241611-115, id: 0.08558070645241611-116, id: 0.08558070645241611-117, id: 0.08558070645241611-118, id: 0.08558070645241611-119, id: 0.08558070645241611-120, id: 0.08558070645241611-121, id: 0.08558070645241611-122, id: 0.08558070645241611-123, id: 0.08558070645241611-124, id: 0.08558070645241611-125, id: 0.08558070645241611-126, id: 0.08558070645241611-127, id: 0.08558070645241611-128, id: 0.08558070645241611-129, id: 0.08558070645241611-130, id: 0.08558070645241611-131, id: 0.08558070645241611-132, id: 0.08558070645241611-133, id: 0.08558070645241611-134, id: 0.08558070645241611-135, id: 0.08558070645241611-136, id: 0.08558070645241611-137, id: 0.08558070645241611-138, id: 0.08558070645241611-139, id: 0.08558070645241611-140, id: 0.08558070645241611-141, id: 0.08558070645241611-142, id: 0.08558070645241611-143, id: 0.08558070645241611-144, id: 0.08558070645241611-145, id: 0.08558070645241611-146, id: 0.08558070645241611-147, id: 0.08558070645241611-148, id: 0.08558070645241611-149, id: 0.08558070645241611-150, id: 0.08558070645241611-151, id: 0.08558070645241611-152, id: 0.08558070645241611-153, id: 0.08558070645241611-154, id: 0.08558070645241611-155, id: 0.08558070645241611-156, id: 0.08558070645241611-157, id: 0.08558070645241611-158, id: 0.08558070645241611-159, id: 0.08558070645241611-160, id: 0.08558070645241611-161, id: 0.08558070645241611-162, id: 0.08558070645241611-163, id: 0.08558070645241611-164, id: 0.08558070645241611-165, id: 0.08558070645241611-166, id: 0.08558070645241611-167, id: 0.08558070645241611-168, id: 0.08558070645241611-169, id: 0.08558070645241611-170, id: 0.08558070645241611-171, id: 0.08558070645241611-172, id: 0.08558070645241611-173, id: 0.08558070645241611-174, id: 0.08558070645241611-175, id: 0.08558070645241611-176, id: 0.08558070645241611-177, id: 0.08558070645241611-178, id: 0.08558070645241611-179, id: 0.08558070645241611-180, id: 0.08558070645241611-181, id: 0.08558070645241611-182, id: 0.08558070645241611-183, id: 0.08558070645241611-184, id: 0.08558070645241611-185, id: 0.08558070645241611-186, id: 0.08558070645241611-187, id: 0.08558070645241611-188, id: 0.08558070645241611-189, id: 0.08558070645241611-190, id: 0.08558070645241611-191, id: 0.08558070645241611-192]
[WebDriverCommandLogger] - Executing getElementText element: By.xpath: //div[@id=&apos;c_articlelist_stories_2&apos;]/ul[1]/li/span[2]/span[2] parameters: {&quot;id&quot;:&quot;0.08558070645241611-130&quot;}
[WebDriverCommandLogger] - command: getElementText[ param-1: By.xpath: //div[@id=&apos;c_articlelist_stories_2&apos;]/ul[1]/li/span[2]/span[2] param-2: {&quot;id&quot;:&quot;0.08558070645241611-130&quot;}] Result: getElementText:1 DAY AGO
[WebDriverCommandLogger] - Executing findElements parameters: {&quot;using&quot;:&quot;xpath&quot;,&quot;value&quot;:&quot;//div[@id=&apos;c_articlelist_stories_2&apos;]/ul[1]/li/span[2]/span[2]&quot;}
[WebDriverCommandLogger] - command: findElements[ param-1: {value=//div[@id=&apos;c_articlelist_stories_2&apos;]/ul[1]/li/span[2]/span[2], using=xpath}] Result: [id: 0.08558070645241611-97, id: 0.08558070645241611-98, id: 0.08558070645241611-99, id: 0.08558070645241611-100, id: 0.08558070645241611-101, id: 0.08558070645241611-102, id: 0.08558070645241611-103, id: 0.08558070645241611-104, id: 0.08558070645241611-105, id: 0.08558070645241611-106, id: 0.08558070645241611-107, id: 0.08558070645241611-108, id: 0.08558070645241611-109, id: 0.08558070645241611-110, id: 0.08558070645241611-111, id: 0.08558070645241611-112, id: 0.08558070645241611-113, id: 0.08558070645241611-114, id: 0.08558070645241611-115, id: 0.08558070645241611-116, id: 0.08558070645241611-117, id: 0.08558070645241611-118, id: 0.08558070645241611-119, id: 0.08558070645241611-120, id: 0.08558070645241611-121, id: 0.08558070645241611-122, id: 0.08558070645241611-123, id: 0.08558070645241611-124, id: 0.08558070645241611-125, id: 0.08558070645241611-126, id: 0.08558070645241611-127, id: 0.08558070645241611-128, id: 0.08558070645241611-129, id: 0.08558070645241611-130, id: 0.08558070645241611-131, id: 0.08558070645241611-132, id: 0.08558070645241611-133, id: 0.08558070645241611-134, id: 0.08558070645241611-135, id: 0.08558070645241611-136, id: 0.08558070645241611-137, id: 0.08558070645241611-138, id: 0.08558070645241611-139, id: 0.08558070645241611-140, id: 0.08558070645241611-141, id: 0.08558070645241611-142, id: 0.08558070645241611-143, id: 0.08558070645241611-144, id: 0.08558070645241611-145, id: 0.08558070645241611-146, id: 0.08558070645241611-147, id: 0.08558070645241611-148, id: 0.08558070645241611-149, id: 0.08558070645241611-150, id: 0.08558070645241611-151, id: 0.08558070645241611-152, id: 0.08558070645241611-153, id: 0.08558070645241611-154, id: 0.08558070645241611-155, id: 0.08558070645241611-156, id: 0.08558070645241611-157, id: 0.08558070645241611-158, id: 0.08558070645241611-159, id: 0.08558070645241611-160, id: 0.08558070645241611-161, id: 0.08558070645241611-162, id: 0.08558070645241611-163, id: 0.08558070645241611-164, id: 0.08558070645241611-165, id: 0.08558070645241611-166, id: 0.08558070645241611-167, id: 0.08558070645241611-168, id: 0.08558070645241611-169, id: 0.08558070645241611-170, id: 0.08558070645241611-171, id: 0.08558070645241611-172, id: 0.08558070645241611-173, id: 0.08558070645241611-174, id: 0.08558070645241611-175, id: 0.08558070645241611-176, id: 0.08558070645241611-177, id: 0.08558070645241611-178, id: 0.08558070645241611-179, id: 0.08558070645241611-180, id: 0.08558070645241611-181, id: 0.08558070645241611-182, id: 0.08558070645241611-183, id: 0.08558070645241611-184, id: 0.08558070645241611-185, id: 0.08558070645241611-186, id: 0.08558070645241611-187, id: 0.08558070645241611-188, id: 0.08558070645241611-189, id: 0.08558070645241611-190, id: 0.08558070645241611-191, id: 0.08558070645241611-192]
[WebDriverCommandLogger] - Executing getElementText element: By.xpath: //div[@id=&apos;c_articlelist_stories_2&apos;]/ul[1]/li/span[2]/span[2] parameters: {&quot;id&quot;:&quot;0.08558070645241611-130&quot;}
[WebDriverCommandLogger] - command: getElementText[ param-1: By.xpath: //div[@id=&apos;c_articlelist_stories_2&apos;]/ul[1]/li/span[2]/span[2] param-2: {&quot;id&quot;:&quot;0.08558070645241611-130&quot;}] Result: getElementText:1 DAY AGO
[WebDriverCommandLogger] - Executing findElements parameters: {&quot;using&quot;:&quot;xpath&quot;,&quot;value&quot;:&quot;//div[@id=&apos;c_articlelist_stories_2&apos;]/ul[1]/li/span[1]/a&quot;}
[WebDriverCommandLogger] - command: findElements[ param-1: {value=//div[@id=&apos;c_articlelist_stories_2&apos;]/ul[1]/li/span[1]/a, using=xpath}] Result: [id: 0.08558070645241611-1, id: 0.08558070645241611-2, id: 0.08558070645241611-3, id: 0.08558070645241611-4, id: 0.08558070645241611-5, id: 0.08558070645241611-6, id: 0.08558070645241611-7, id: 0.08558070645241611-8, id: 0.08558070645241611-9, id: 0.08558070645241611-10, id: 0.08558070645241611-11, id: 0.08558070645241611-12, id: 0.08558070645241611-13, id: 0.08558070645241611-14, id: 0.08558070645241611-15, id: 0.08558070645241611-16, id: 0.08558070645241611-17, id: 0.08558070645241611-18, id: 0.08558070645241611-19, id: 0.08558070645241611-20, id: 0.08558070645241611-21, id: 0.08558070645241611-22, id: 0.08558070645241611-23, id: 0.08558070645241611-24, id: 0.08558070645241611-25, id: 0.08558070645241611-26, id: 0.08558070645241611-27, id: 0.08558070645241611-28, id: 0.08558070645241611-29, id: 0.08558070645241611-30, id: 0.08558070645241611-31, id: 0.08558070645241611-32, id: 0.08558070645241611-33, id: 0.08558070645241611-34, id: 0.08558070645241611-35, id: 0.08558070645241611-36, id: 0.08558070645241611-37, id: 0.08558070645241611-38, id: 0.08558070645241611-39, id: 0.08558070645241611-40, id: 0.08558070645241611-41, id: 0.08558070645241611-42, id: 0.08558070645241611-43, id: 0.08558070645241611-44, id: 0.08558070645241611-45, id: 0.08558070645241611-46, id: 0.08558070645241611-47, id: 0.08558070645241611-48, id: 0.08558070645241611-49, id: 0.08558070645241611-50, id: 0.08558070645241611-51, id: 0.08558070645241611-52, id: 0.08558070645241611-53, id: 0.08558070645241611-54, id: 0.08558070645241611-55, id: 0.08558070645241611-56, id: 0.08558070645241611-57, id: 0.08558070645241611-58, id: 0.08558070645241611-59, id: 0.08558070645241611-60, id: 0.08558070645241611-61, id: 0.08558070645241611-62, id: 0.08558070645241611-63, id: 0.08558070645241611-64, id: 0.08558070645241611-65, id: 0.08558070645241611-66, id: 0.08558070645241611-67, id: 0.08558070645241611-68, id: 0.08558070645241611-69, id: 0.08558070645241611-70, id: 0.08558070645241611-71, id: 0.08558070645241611-72, id: 0.08558070645241611-73, id: 0.08558070645241611-74, id: 0.08558070645241611-75, id: 0.08558070645241611-76, id: 0.08558070645241611-77, id: 0.08558070645241611-78, id: 0.08558070645241611-79, id: 0.08558070645241611-80, id: 0.08558070645241611-81, id: 0.08558070645241611-82, id: 0.08558070645241611-83, id: 0.08558070645241611-84, id: 0.08558070645241611-85, id: 0.08558070645241611-86, id: 0.08558070645241611-87, id: 0.08558070645241611-88, id: 0.08558070645241611-89, id: 0.08558070645241611-90, id: 0.08558070645241611-91, id: 0.08558070645241611-92, id: 0.08558070645241611-93, id: 0.08558070645241611-94, id: 0.08558070645241611-95, id: 0.08558070645241611-96]
[WebDriverCommandLogger] - Executing getElementText element: By.xpath: //div[@id=&apos;c_articlelist_stories_2&apos;]/ul[1]/li/span[1]/a parameters: {&quot;id&quot;:&quot;0.08558070645241611-34&quot;}
[WebDriverCommandLogger] - command: getElementText[ param-1: By.xpath: //div[@id=&apos;c_articlelist_stories_2&apos;]/ul[1]/li/span[1]/a param-2: {&quot;id&quot;:&quot;0.08558070645241611-34&quot;}] Result: getElementText:Order on pre-arrest bail plea of Trupti Desai, 3 others reserved
[WebDriverCommandLogger] - Executing findElements parameters: {&quot;using&quot;:&quot;xpath&quot;,&quot;value&quot;:&quot;//div[@id=&apos;c_articlelist_stories_2&apos;]/ul[1]/li/span[2]/span[2]&quot;}
[WebDriverCommandLogger] - command: findElements[ param-1: {value=//div[@id=&apos;c_articlelist_stories_2&apos;]/ul[1]/li/span[2]/span[2], using=xpath}] Result: [id: 0.08558070645241611-97, id: 0.08558070645241611-98, id: 0.08558070645241611-99, id: 0.08558070645241611-100, id: 0.08558070645241611-101, id: 0.08558070645241611-102, id: 0.08558070645241611-103, id: 0.08558070645241611-104, id: 0.08558070645241611-105, id: 0.08558070645241611-106, id: 0.08558070645241611-107, id: 0.08558070645241611-108, id: 0.08558070645241611-109, id: 0.08558070645241611-110, id: 0.08558070645241611-111, id: 0.08558070645241611-112, id: 0.08558070645241611-113, id: 0.08558070645241611-114, id: 0.08558070645241611-115, id: 0.08558070645241611-116, id: 0.08558070645241611-117, id: 0.08558070645241611-118, id: 0.08558070645241611-119, id: 0.08558070645241611-120, id: 0.08558070645241611-121, id: 0.08558070645241611-122, id: 0.08558070645241611-123, id: 0.08558070645241611-124, id: 0.08558070645241611-125, id: 0.08558070645241611-126, id: 0.08558070645241611-127, id: 0.08558070645241611-128, id: 0.08558070645241611-129, id: 0.08558070645241611-130, id: 0.08558070645241611-131, id: 0.08558070645241611-132, id: 0.08558070645241611-133, id: 0.08558070645241611-134, id: 0.08558070645241611-135, id: 0.08558070645241611-136, id: 0.08558070645241611-137, id: 0.08558070645241611-138, id: 0.08558070645241611-139, id: 0.08558070645241611-140, id: 0.08558070645241611-141, id: 0.08558070645241611-142, id: 0.08558070645241611-143, id: 0.08558070645241611-144, id: 0.08558070645241611-145, id: 0.08558070645241611-146, id: 0.08558070645241611-147, id: 0.08558070645241611-148, id: 0.08558070645241611-149, id: 0.08558070645241611-150, id: 0.08558070645241611-151, id: 0.08558070645241611-152, id: 0.08558070645241611-153, id: 0.08558070645241611-154, id: 0.08558070645241611-155, id: 0.08558070645241611-156, id: 0.08558070645241611-157, id: 0.08558070645241611-158, id: 0.08558070645241611-159, id: 0.08558070645241611-160, id: 0.08558070645241611-161, id: 0.08558070645241611-162, id: 0.08558070645241611-163, id: 0.08558070645241611-164, id: 0.08558070645241611-165, id: 0.08558070645241611-166, id: 0.08558070645241611-167, id: 0.08558070645241611-168, id: 0.08558070645241611-169, id: 0.08558070645241611-170, id: 0.08558070645241611-171, id: 0.08558070645241611-172, id: 0.08558070645241611-173, id: 0.08558070645241611-174, id: 0.08558070645241611-175, id: 0.08558070645241611-176, id: 0.08558070645241611-177, id: 0.08558070645241611-178, id: 0.08558070645241611-179, id: 0.08558070645241611-180, id: 0.08558070645241611-181, id: 0.08558070645241611-182, id: 0.08558070645241611-183, id: 0.08558070645241611-184, id: 0.08558070645241611-185, id: 0.08558070645241611-186, id: 0.08558070645241611-187, id: 0.08558070645241611-188, id: 0.08558070645241611-189, id: 0.08558070645241611-190, id: 0.08558070645241611-191, id: 0.08558070645241611-192]
[WebDriverCommandLogger] - Executing findElements parameters: {&quot;using&quot;:&quot;xpath&quot;,&quot;value&quot;:&quot;//div[@id=&apos;c_articlelist_stories_2&apos;]/ul[1]/li/span[2]/span[2]&quot;}
[WebDriverCommandLogger] - command: findElements[ param-1: {value=//div[@id=&apos;c_articlelist_stories_2&apos;]/ul[1]/li/span[2]/span[2], using=xpath}] Result: [id: 0.08558070645241611-97, id: 0.08558070645241611-98, id: 0.08558070645241611-99, id: 0.08558070645241611-100, id: 0.08558070645241611-101, id: 0.08558070645241611-102, id: 0.08558070645241611-103, id: 0.08558070645241611-104, id: 0.08558070645241611-105, id: 0.08558070645241611-106, id: 0.08558070645241611-107, id: 0.08558070645241611-108, id: 0.08558070645241611-109, id: 0.08558070645241611-110, id: 0.08558070645241611-111, id: 0.08558070645241611-112, id: 0.08558070645241611-113, id: 0.08558070645241611-114, id: 0.08558070645241611-115, id: 0.08558070645241611-116, id: 0.08558070645241611-117, id: 0.08558070645241611-118, id: 0.08558070645241611-119, id: 0.08558070645241611-120, id: 0.08558070645241611-121, id: 0.08558070645241611-122, id: 0.08558070645241611-123, id: 0.08558070645241611-124, id: 0.08558070645241611-125, id: 0.08558070645241611-126, id: 0.08558070645241611-127, id: 0.08558070645241611-128, id: 0.08558070645241611-129, id: 0.08558070645241611-130, id: 0.08558070645241611-131, id: 0.08558070645241611-132, id: 0.08558070645241611-133, id: 0.08558070645241611-134, id: 0.08558070645241611-135, id: 0.08558070645241611-136, id: 0.08558070645241611-137, id: 0.08558070645241611-138, id: 0.08558070645241611-139, id: 0.08558070645241611-140, id: 0.08558070645241611-141, id: 0.08558070645241611-142, id: 0.08558070645241611-143, id: 0.08558070645241611-144, id: 0.08558070645241611-145, id: 0.08558070645241611-146, id: 0.08558070645241611-147, id: 0.08558070645241611-148, id: 0.08558070645241611-149, id: 0.08558070645241611-150, id: 0.08558070645241611-151, id: 0.08558070645241611-152, id: 0.08558070645241611-153, id: 0.08558070645241611-154, id: 0.08558070645241611-155, id: 0.08558070645241611-156, id: 0.08558070645241611-157, id: 0.08558070645241611-158, id: 0.08558070645241611-159, id: 0.08558070645241611-160, id: 0.08558070645241611-161, id: 0.08558070645241611-162, id: 0.08558070645241611-163, id: 0.08558070645241611-164, id: 0.08558070645241611-165, id: 0.08558070645241611-166, id: 0.08558070645241611-167, id: 0.08558070645241611-168, id: 0.08558070645241611-169, id: 0.08558070645241611-170, id: 0.08558070645241611-171, id: 0.08558070645241611-172, id: 0.08558070645241611-173, id: 0.08558070645241611-174, id: 0.08558070645241611-175, id: 0.08558070645241611-176, id: 0.08558070645241611-177, id: 0.08558070645241611-178, id: 0.08558070645241611-179, id: 0.08558070645241611-180, id: 0.08558070645241611-181, id: 0.08558070645241611-182, id: 0.08558070645241611-183, id: 0.08558070645241611-184, id: 0.08558070645241611-185, id: 0.08558070645241611-186, id: 0.08558070645241611-187, id: 0.08558070645241611-188, id: 0.08558070645241611-189, id: 0.08558070645241611-190, id: 0.08558070645241611-191, id: 0.08558070645241611-192]
[WebDriverCommandLogger] - Executing getElementText element: By.xpath: //div[@id=&apos;c_articlelist_stories_2&apos;]/ul[1]/li/span[2]/span[2] parameters: {&quot;id&quot;:&quot;0.08558070645241611-131&quot;}
[WebDriverCommandLogger] - command: getElementText[ param-1: By.xpath: //div[@id=&apos;c_articlelist_stories_2&apos;]/ul[1]/li/span[2]/span[2] param-2: {&quot;id&quot;:&quot;0.08558070645241611-131&quot;}] Result: getElementText:1 DAY AGO
[WebDriverCommandLogger] - Executing findElements parameters: {&quot;using&quot;:&quot;xpath&quot;,&quot;value&quot;:&quot;//div[@id=&apos;c_articlelist_stories_2&apos;]/ul[1]/li/span[2]/span[2]&quot;}
[WebDriverCommandLogger] - command: findElements[ param-1: {value=//div[@id=&apos;c_articlelist_stories_2&apos;]/ul[1]/li/span[2]/span[2], using=xpath}] Result: [id: 0.08558070645241611-97, id: 0.08558070645241611-98, id: 0.08558070645241611-99, id: 0.08558070645241611-100, id: 0.08558070645241611-101, id: 0.08558070645241611-102, id: 0.08558070645241611-103, id: 0.08558070645241611-104, id: 0.08558070645241611-105, id: 0.08558070645241611-106, id: 0.08558070645241611-107, id: 0.08558070645241611-108, id: 0.08558070645241611-109, id: 0.08558070645241611-110, id: 0.08558070645241611-111, id: 0.08558070645241611-112, id: 0.08558070645241611-113, id: 0.08558070645241611-114, id: 0.08558070645241611-115, id: 0.08558070645241611-116, id: 0.08558070645241611-117, id: 0.08558070645241611-118, id: 0.08558070645241611-119, id: 0.08558070645241611-120, id: 0.08558070645241611-121, id: 0.08558070645241611-122, id: 0.08558070645241611-123, id: 0.08558070645241611-124, id: 0.08558070645241611-125, id: 0.08558070645241611-126, id: 0.08558070645241611-127, id: 0.08558070645241611-128, id: 0.08558070645241611-129, id: 0.08558070645241611-130, id: 0.08558070645241611-131, id: 0.08558070645241611-132, id: 0.08558070645241611-133, id: 0.08558070645241611-134, id: 0.08558070645241611-135, id: 0.08558070645241611-136, id: 0.08558070645241611-137, id: 0.08558070645241611-138, id: 0.08558070645241611-139, id: 0.08558070645241611-140, id: 0.08558070645241611-141, id: 0.08558070645241611-142, id: 0.08558070645241611-143, id: 0.08558070645241611-144, id: 0.08558070645241611-145, id: 0.08558070645241611-146, id: 0.08558070645241611-147, id: 0.08558070645241611-148, id: 0.08558070645241611-149, id: 0.08558070645241611-150, id: 0.08558070645241611-151, id: 0.08558070645241611-152, id: 0.08558070645241611-153, id: 0.08558070645241611-154, id: 0.08558070645241611-155, id: 0.08558070645241611-156, id: 0.08558070645241611-157, id: 0.08558070645241611-158, id: 0.08558070645241611-159, id: 0.08558070645241611-160, id: 0.08558070645241611-161, id: 0.08558070645241611-162, id: 0.08558070645241611-163, id: 0.08558070645241611-164, id: 0.08558070645241611-165, id: 0.08558070645241611-166, id: 0.08558070645241611-167, id: 0.08558070645241611-168, id: 0.08558070645241611-169, id: 0.08558070645241611-170, id: 0.08558070645241611-171, id: 0.08558070645241611-172, id: 0.08558070645241611-173, id: 0.08558070645241611-174, id: 0.08558070645241611-175, id: 0.08558070645241611-176, id: 0.08558070645241611-177, id: 0.08558070645241611-178, id: 0.08558070645241611-179, id: 0.08558070645241611-180, id: 0.08558070645241611-181, id: 0.08558070645241611-182, id: 0.08558070645241611-183, id: 0.08558070645241611-184, id: 0.08558070645241611-185, id: 0.08558070645241611-186, id: 0.08558070645241611-187, id: 0.08558070645241611-188, id: 0.08558070645241611-189, id: 0.08558070645241611-190, id: 0.08558070645241611-191, id: 0.08558070645241611-192]
[WebDriverCommandLogger] - Executing getElementText element: By.xpath: //div[@id=&apos;c_articlelist_stories_2&apos;]/ul[1]/li/span[2]/span[2] parameters: {&quot;id&quot;:&quot;0.08558070645241611-131&quot;}
[WebDriverCommandLogger] - command: getElementText[ param-1: By.xpath: //div[@id=&apos;c_articlelist_stories_2&apos;]/ul[1]/li/span[2]/span[2] param-2: {&quot;id&quot;:&quot;0.08558070645241611-131&quot;}] Result: getElementText:1 DAY AGO
[WebDriverCommandLogger] - Executing findElements parameters: {&quot;using&quot;:&quot;xpath&quot;,&quot;value&quot;:&quot;//div[@id=&apos;c_articlelist_stories_2&apos;]/ul[1]/li/span[1]/a&quot;}
[WebDriverCommandLogger] - command: findElements[ param-1: {value=//div[@id=&apos;c_articlelist_stories_2&apos;]/ul[1]/li/span[1]/a, using=xpath}] Result: [id: 0.08558070645241611-1, id: 0.08558070645241611-2, id: 0.08558070645241611-3, id: 0.08558070645241611-4, id: 0.08558070645241611-5, id: 0.08558070645241611-6, id: 0.08558070645241611-7, id: 0.08558070645241611-8, id: 0.08558070645241611-9, id: 0.08558070645241611-10, id: 0.08558070645241611-11, id: 0.08558070645241611-12, id: 0.08558070645241611-13, id: 0.08558070645241611-14, id: 0.08558070645241611-15, id: 0.08558070645241611-16, id: 0.08558070645241611-17, id: 0.08558070645241611-18, id: 0.08558070645241611-19, id: 0.08558070645241611-20, id: 0.08558070645241611-21, id: 0.08558070645241611-22, id: 0.08558070645241611-23, id: 0.08558070645241611-24, id: 0.08558070645241611-25, id: 0.08558070645241611-26, id: 0.08558070645241611-27, id: 0.08558070645241611-28, id: 0.08558070645241611-29, id: 0.08558070645241611-30, id: 0.08558070645241611-31, id: 0.08558070645241611-32, id: 0.08558070645241611-33, id: 0.08558070645241611-34, id: 0.08558070645241611-35, id: 0.08558070645241611-36, id: 0.08558070645241611-37, id: 0.08558070645241611-38, id: 0.08558070645241611-39, id: 0.08558070645241611-40, id: 0.08558070645241611-41, id: 0.08558070645241611-42, id: 0.08558070645241611-43, id: 0.08558070645241611-44, id: 0.08558070645241611-45, id: 0.08558070645241611-46, id: 0.08558070645241611-47, id: 0.08558070645241611-48, id: 0.08558070645241611-49, id: 0.08558070645241611-50, id: 0.08558070645241611-51, id: 0.08558070645241611-52, id: 0.08558070645241611-53, id: 0.08558070645241611-54, id: 0.08558070645241611-55, id: 0.08558070645241611-56, id: 0.08558070645241611-57, id: 0.08558070645241611-58, id: 0.08558070645241611-59, id: 0.08558070645241611-60, id: 0.08558070645241611-61, id: 0.08558070645241611-62, id: 0.08558070645241611-63, id: 0.08558070645241611-64, id: 0.08558070645241611-65, id: 0.08558070645241611-66, id: 0.08558070645241611-67, id: 0.08558070645241611-68, id: 0.08558070645241611-69, id: 0.08558070645241611-70, id: 0.08558070645241611-71, id: 0.08558070645241611-72, id: 0.08558070645241611-73, id: 0.08558070645241611-74, id: 0.08558070645241611-75, id: 0.08558070645241611-76, id: 0.08558070645241611-77, id: 0.08558070645241611-78, id: 0.08558070645241611-79, id: 0.08558070645241611-80, id: 0.08558070645241611-81, id: 0.08558070645241611-82, id: 0.08558070645241611-83, id: 0.08558070645241611-84, id: 0.08558070645241611-85, id: 0.08558070645241611-86, id: 0.08558070645241611-87, id: 0.08558070645241611-88, id: 0.08558070645241611-89, id: 0.08558070645241611-90, id: 0.08558070645241611-91, id: 0.08558070645241611-92, id: 0.08558070645241611-93, id: 0.08558070645241611-94, id: 0.08558070645241611-95, id: 0.08558070645241611-96]
[WebDriverCommandLogger] - Executing getElementText element: By.xpath: //div[@id=&apos;c_articlelist_stories_2&apos;]/ul[1]/li/span[1]/a parameters: {&quot;id&quot;:&quot;0.08558070645241611-35&quot;}
[WebDriverCommandLogger] - command: getElementText[ param-1: By.xpath: //div[@id=&apos;c_articlelist_stories_2&apos;]/ul[1]/li/span[1]/a param-2: {&quot;id&quot;:&quot;0.08558070645241611-35&quot;}] Result: getElementText:Deal with J&amp;K issue delicately, says Lt Gen D S Hooda
[WebDriverCommandLogger] - Executing findElements parameters: {&quot;using&quot;:&quot;xpath&quot;,&quot;value&quot;:&quot;//div[@id=&apos;c_articlelist_stories_2&apos;]/ul[1]/li/span[2]/span[2]&quot;}
[WebDriverCommandLogger] - command: findElements[ param-1: {value=//div[@id=&apos;c_articlelist_stories_2&apos;]/ul[1]/li/span[2]/span[2], using=xpath}] Result: [id: 0.08558070645241611-97, id: 0.08558070645241611-98, id: 0.08558070645241611-99, id: 0.08558070645241611-100, id: 0.08558070645241611-101, id: 0.08558070645241611-102, id: 0.08558070645241611-103, id: 0.08558070645241611-104, id: 0.08558070645241611-105, id: 0.08558070645241611-106, id: 0.08558070645241611-107, id: 0.08558070645241611-108, id: 0.08558070645241611-109, id: 0.08558070645241611-110, id: 0.08558070645241611-111, id: 0.08558070645241611-112, id: 0.08558070645241611-113, id: 0.08558070645241611-114, id: 0.08558070645241611-115, id: 0.08558070645241611-116, id: 0.08558070645241611-117, id: 0.08558070645241611-118, id: 0.08558070645241611-119, id: 0.08558070645241611-120, id: 0.08558070645241611-121, id: 0.08558070645241611-122, id: 0.08558070645241611-123, id: 0.08558070645241611-124, id: 0.08558070645241611-125, id: 0.08558070645241611-126, id: 0.08558070645241611-127, id: 0.08558070645241611-128, id: 0.08558070645241611-129, id: 0.08558070645241611-130, id: 0.08558070645241611-131, id: 0.08558070645241611-132, id: 0.08558070645241611-133, id: 0.08558070645241611-134, id: 0.08558070645241611-135, id: 0.08558070645241611-136, id: 0.08558070645241611-137, id: 0.08558070645241611-138, id: 0.08558070645241611-139, id: 0.08558070645241611-140, id: 0.08558070645241611-141, id: 0.08558070645241611-142, id: 0.08558070645241611-143, id: 0.08558070645241611-144, id: 0.08558070645241611-145, id: 0.08558070645241611-146, id: 0.08558070645241611-147, id: 0.08558070645241611-148, id: 0.08558070645241611-149, id: 0.08558070645241611-150, id: 0.08558070645241611-151, id: 0.08558070645241611-152, id: 0.08558070645241611-153, id: 0.08558070645241611-154, id: 0.08558070645241611-155, id: 0.08558070645241611-156, id: 0.08558070645241611-157, id: 0.08558070645241611-158, id: 0.08558070645241611-159, id: 0.08558070645241611-160, id: 0.08558070645241611-161, id: 0.08558070645241611-162, id: 0.08558070645241611-163, id: 0.08558070645241611-164, id: 0.08558070645241611-165, id: 0.08558070645241611-166, id: 0.08558070645241611-167, id: 0.08558070645241611-168, id: 0.08558070645241611-169, id: 0.08558070645241611-170, id: 0.08558070645241611-171, id: 0.08558070645241611-172, id: 0.08558070645241611-173, id: 0.08558070645241611-174, id: 0.08558070645241611-175, id: 0.08558070645241611-176, id: 0.08558070645241611-177, id: 0.08558070645241611-178, id: 0.08558070645241611-179, id: 0.08558070645241611-180, id: 0.08558070645241611-181, id: 0.08558070645241611-182, id: 0.08558070645241611-183, id: 0.08558070645241611-184, id: 0.08558070645241611-185, id: 0.08558070645241611-186, id: 0.08558070645241611-187, id: 0.08558070645241611-188, id: 0.08558070645241611-189, id: 0.08558070645241611-190, id: 0.08558070645241611-191, id: 0.08558070645241611-192]
[WebDriverCommandLogger] - Executing findElements parameters: {&quot;using&quot;:&quot;xpath&quot;,&quot;value&quot;:&quot;//div[@id=&apos;c_articlelist_stories_2&apos;]/ul[1]/li/span[2]/span[2]&quot;}
[WebDriverCommandLogger] - command: findElements[ param-1: {value=//div[@id=&apos;c_articlelist_stories_2&apos;]/ul[1]/li/span[2]/span[2], using=xpath}] Result: [id: 0.08558070645241611-97, id: 0.08558070645241611-98, id: 0.08558070645241611-99, id: 0.08558070645241611-100, id: 0.08558070645241611-101, id: 0.08558070645241611-102, id: 0.08558070645241611-103, id: 0.08558070645241611-104, id: 0.08558070645241611-105, id: 0.08558070645241611-106, id: 0.08558070645241611-107, id: 0.08558070645241611-108, id: 0.08558070645241611-109, id: 0.08558070645241611-110, id: 0.08558070645241611-111, id: 0.08558070645241611-112, id: 0.08558070645241611-113, id: 0.08558070645241611-114, id: 0.08558070645241611-115, id: 0.08558070645241611-116, id: 0.08558070645241611-117, id: 0.08558070645241611-118, id: 0.08558070645241611-119, id: 0.08558070645241611-120, id: 0.08558070645241611-121, id: 0.08558070645241611-122, id: 0.08558070645241611-123, id: 0.08558070645241611-124, id: 0.08558070645241611-125, id: 0.08558070645241611-126, id: 0.08558070645241611-127, id: 0.08558070645241611-128, id: 0.08558070645241611-129, id: 0.08558070645241611-130, id: 0.08558070645241611-131, id: 0.08558070645241611-132, id: 0.08558070645241611-133, id: 0.08558070645241611-134, id: 0.08558070645241611-135, id: 0.08558070645241611-136, id: 0.08558070645241611-137, id: 0.08558070645241611-138, id: 0.08558070645241611-139, id: 0.08558070645241611-140, id: 0.08558070645241611-141, id: 0.08558070645241611-142, id: 0.08558070645241611-143, id: 0.08558070645241611-144, id: 0.08558070645241611-145, id: 0.08558070645241611-146, id: 0.08558070645241611-147, id: 0.08558070645241611-148, id: 0.08558070645241611-149, id: 0.08558070645241611-150, id: 0.08558070645241611-151, id: 0.08558070645241611-152, id: 0.08558070645241611-153, id: 0.08558070645241611-154, id: 0.08558070645241611-155, id: 0.08558070645241611-156, id: 0.08558070645241611-157, id: 0.08558070645241611-158, id: 0.08558070645241611-159, id: 0.08558070645241611-160, id: 0.08558070645241611-161, id: 0.08558070645241611-162, id: 0.08558070645241611-163, id: 0.08558070645241611-164, id: 0.08558070645241611-165, id: 0.08558070645241611-166, id: 0.08558070645241611-167, id: 0.08558070645241611-168, id: 0.08558070645241611-169, id: 0.08558070645241611-170, id: 0.08558070645241611-171, id: 0.08558070645241611-172, id: 0.08558070645241611-173, id: 0.08558070645241611-174, id: 0.08558070645241611-175, id: 0.08558070645241611-176, id: 0.08558070645241611-177, id: 0.08558070645241611-178, id: 0.08558070645241611-179, id: 0.08558070645241611-180, id: 0.08558070645241611-181, id: 0.08558070645241611-182, id: 0.08558070645241611-183, id: 0.08558070645241611-184, id: 0.08558070645241611-185, id: 0.08558070645241611-186, id: 0.08558070645241611-187, id: 0.08558070645241611-188, id: 0.08558070645241611-189, id: 0.08558070645241611-190, id: 0.08558070645241611-191, id: 0.08558070645241611-192]
[WebDriverCommandLogger] - Executing getElementText element: By.xpath: //div[@id=&apos;c_articlelist_stories_2&apos;]/ul[1]/li/span[2]/span[2] parameters: {&quot;id&quot;:&quot;0.08558070645241611-132&quot;}
[WebDriverCommandLogger] - command: getElementText[ param-1: By.xpath: //div[@id=&apos;c_articlelist_stories_2&apos;]/ul[1]/li/span[2]/span[2] param-2: {&quot;id&quot;:&quot;0.08558070645241611-132&quot;}] Result: getElementText:1 DAY AGO
[WebDriverCommandLogger] - Executing findElements parameters: {&quot;using&quot;:&quot;xpath&quot;,&quot;value&quot;:&quot;//div[@id=&apos;c_articlelist_stories_2&apos;]/ul[1]/li/span[2]/span[2]&quot;}
[WebDriverCommandLogger] - command: findElements[ param-1: {value=//div[@id=&apos;c_articlelist_stories_2&apos;]/ul[1]/li/span[2]/span[2], using=xpath}] Result: [id: 0.08558070645241611-97, id: 0.08558070645241611-98, id: 0.08558070645241611-99, id: 0.08558070645241611-100, id: 0.08558070645241611-101, id: 0.08558070645241611-102, id: 0.08558070645241611-103, id: 0.08558070645241611-104, id: 0.08558070645241611-105, id: 0.08558070645241611-106, id: 0.08558070645241611-107, id: 0.08558070645241611-108, id: 0.08558070645241611-109, id: 0.08558070645241611-110, id: 0.08558070645241611-111, id: 0.08558070645241611-112, id: 0.08558070645241611-113, id: 0.08558070645241611-114, id: 0.08558070645241611-115, id: 0.08558070645241611-116, id: 0.08558070645241611-117, id: 0.08558070645241611-118, id: 0.08558070645241611-119, id: 0.08558070645241611-120, id: 0.08558070645241611-121, id: 0.08558070645241611-122, id: 0.08558070645241611-123, id: 0.08558070645241611-124, id: 0.08558070645241611-125, id: 0.08558070645241611-126, id: 0.08558070645241611-127, id: 0.08558070645241611-128, id: 0.08558070645241611-129, id: 0.08558070645241611-130, id: 0.08558070645241611-131, id: 0.08558070645241611-132, id: 0.08558070645241611-133, id: 0.08558070645241611-134, id: 0.08558070645241611-135, id: 0.08558070645241611-136, id: 0.08558070645241611-137, id: 0.08558070645241611-138, id: 0.08558070645241611-139, id: 0.08558070645241611-140, id: 0.08558070645241611-141, id: 0.08558070645241611-142, id: 0.08558070645241611-143, id: 0.08558070645241611-144, id: 0.08558070645241611-145, id: 0.08558070645241611-146, id: 0.08558070645241611-147, id: 0.08558070645241611-148, id: 0.08558070645241611-149, id: 0.08558070645241611-150, id: 0.08558070645241611-151, id: 0.08558070645241611-152, id: 0.08558070645241611-153, id: 0.08558070645241611-154, id: 0.08558070645241611-155, id: 0.08558070645241611-156, id: 0.08558070645241611-157, id: 0.08558070645241611-158, id: 0.08558070645241611-159, id: 0.08558070645241611-160, id: 0.08558070645241611-161, id: 0.08558070645241611-162, id: 0.08558070645241611-163, id: 0.08558070645241611-164, id: 0.08558070645241611-165, id: 0.08558070645241611-166, id: 0.08558070645241611-167, id: 0.08558070645241611-168, id: 0.08558070645241611-169, id: 0.08558070645241611-170, id: 0.08558070645241611-171, id: 0.08558070645241611-172, id: 0.08558070645241611-173, id: 0.08558070645241611-174, id: 0.08558070645241611-175, id: 0.08558070645241611-176, id: 0.08558070645241611-177, id: 0.08558070645241611-178, id: 0.08558070645241611-179, id: 0.08558070645241611-180, id: 0.08558070645241611-181, id: 0.08558070645241611-182, id: 0.08558070645241611-183, id: 0.08558070645241611-184, id: 0.08558070645241611-185, id: 0.08558070645241611-186, id: 0.08558070645241611-187, id: 0.08558070645241611-188, id: 0.08558070645241611-189, id: 0.08558070645241611-190, id: 0.08558070645241611-191, id: 0.08558070645241611-192]
[WebDriverCommandLogger] - Executing getElementText element: By.xpath: //div[@id=&apos;c_articlelist_stories_2&apos;]/ul[1]/li/span[2]/span[2] parameters: {&quot;id&quot;:&quot;0.08558070645241611-132&quot;}
[WebDriverCommandLogger] - command: getElementText[ param-1: By.xpath: //div[@id=&apos;c_articlelist_stories_2&apos;]/ul[1]/li/span[2]/span[2] param-2: {&quot;id&quot;:&quot;0.08558070645241611-132&quot;}] Result: getElementText:1 DAY AGO
[WebDriverCommandLogger] - Executing findElements parameters: {&quot;using&quot;:&quot;xpath&quot;,&quot;value&quot;:&quot;//div[@id=&apos;c_articlelist_stories_2&apos;]/ul[1]/li/span[1]/a&quot;}
[WebDriverCommandLogger] - command: findElements[ param-1: {value=//div[@id=&apos;c_articlelist_stories_2&apos;]/ul[1]/li/span[1]/a, using=xpath}] Result: [id: 0.08558070645241611-1, id: 0.08558070645241611-2, id: 0.08558070645241611-3, id: 0.08558070645241611-4, id: 0.08558070645241611-5, id: 0.08558070645241611-6, id: 0.08558070645241611-7, id: 0.08558070645241611-8, id: 0.08558070645241611-9, id: 0.08558070645241611-10, id: 0.08558070645241611-11, id: 0.08558070645241611-12, id: 0.08558070645241611-13, id: 0.08558070645241611-14, id: 0.08558070645241611-15, id: 0.08558070645241611-16, id: 0.08558070645241611-17, id: 0.08558070645241611-18, id: 0.08558070645241611-19, id: 0.08558070645241611-20, id: 0.08558070645241611-21, id: 0.08558070645241611-22, id: 0.08558070645241611-23, id: 0.08558070645241611-24, id: 0.08558070645241611-25, id: 0.08558070645241611-26, id: 0.08558070645241611-27, id: 0.08558070645241611-28, id: 0.08558070645241611-29, id: 0.08558070645241611-30, id: 0.08558070645241611-31, id: 0.08558070645241611-32, id: 0.08558070645241611-33, id: 0.08558070645241611-34, id: 0.08558070645241611-35, id: 0.08558070645241611-36, id: 0.08558070645241611-37, id: 0.08558070645241611-38, id: 0.08558070645241611-39, id: 0.08558070645241611-40, id: 0.08558070645241611-41, id: 0.08558070645241611-42, id: 0.08558070645241611-43, id: 0.08558070645241611-44, id: 0.08558070645241611-45, id: 0.08558070645241611-46, id: 0.08558070645241611-47, id: 0.08558070645241611-48, id: 0.08558070645241611-49, id: 0.08558070645241611-50, id: 0.08558070645241611-51, id: 0.08558070645241611-52, id: 0.08558070645241611-53, id: 0.08558070645241611-54, id: 0.08558070645241611-55, id: 0.08558070645241611-56, id: 0.08558070645241611-57, id: 0.08558070645241611-58, id: 0.08558070645241611-59, id: 0.08558070645241611-60, id: 0.08558070645241611-61, id: 0.08558070645241611-62, id: 0.08558070645241611-63, id: 0.08558070645241611-64, id: 0.08558070645241611-65, id: 0.08558070645241611-66, id: 0.08558070645241611-67, id: 0.08558070645241611-68, id: 0.08558070645241611-69, id: 0.08558070645241611-70, id: 0.08558070645241611-71, id: 0.08558070645241611-72, id: 0.08558070645241611-73, id: 0.08558070645241611-74, id: 0.08558070645241611-75, id: 0.08558070645241611-76, id: 0.08558070645241611-77, id: 0.08558070645241611-78, id: 0.08558070645241611-79, id: 0.08558070645241611-80, id: 0.08558070645241611-81, id: 0.08558070645241611-82, id: 0.08558070645241611-83, id: 0.08558070645241611-84, id: 0.08558070645241611-85, id: 0.08558070645241611-86, id: 0.08558070645241611-87, id: 0.08558070645241611-88, id: 0.08558070645241611-89, id: 0.08558070645241611-90, id: 0.08558070645241611-91, id: 0.08558070645241611-92, id: 0.08558070645241611-93, id: 0.08558070645241611-94, id: 0.08558070645241611-95, id: 0.08558070645241611-96]
[WebDriverCommandLogger] - Executing getElementText element: By.xpath: //div[@id=&apos;c_articlelist_stories_2&apos;]/ul[1]/li/span[1]/a parameters: {&quot;id&quot;:&quot;0.08558070645241611-36&quot;}
[WebDriverCommandLogger] - command: getElementText[ param-1: By.xpath: //div[@id=&apos;c_articlelist_stories_2&apos;]/ul[1]/li/span[1]/a param-2: {&quot;id&quot;:&quot;0.08558070645241611-36&quot;}] Result: getElementText:Revellers jam-pack Lonavla on Sunday
[WebDriverCommandLogger] - Executing findElements parameters: {&quot;using&quot;:&quot;xpath&quot;,&quot;value&quot;:&quot;//div[@id=&apos;c_articlelist_stories_2&apos;]/ul[1]/li/span[2]/span[2]&quot;}
[WebDriverCommandLogger] - command: findElements[ param-1: {value=//div[@id=&apos;c_articlelist_stories_2&apos;]/ul[1]/li/span[2]/span[2], using=xpath}] Result: [id: 0.08558070645241611-97, id: 0.08558070645241611-98, id: 0.08558070645241611-99, id: 0.08558070645241611-100, id: 0.08558070645241611-101, id: 0.08558070645241611-102, id: 0.08558070645241611-103, id: 0.08558070645241611-104, id: 0.08558070645241611-105, id: 0.08558070645241611-106, id: 0.08558070645241611-107, id: 0.08558070645241611-108, id: 0.08558070645241611-109, id: 0.08558070645241611-110, id: 0.08558070645241611-111, id: 0.08558070645241611-112, id: 0.08558070645241611-113, id: 0.08558070645241611-114, id: 0.08558070645241611-115, id: 0.08558070645241611-116, id: 0.08558070645241611-117, id: 0.08558070645241611-118, id: 0.08558070645241611-119, id: 0.08558070645241611-120, id: 0.08558070645241611-121, id: 0.08558070645241611-122, id: 0.08558070645241611-123, id: 0.08558070645241611-124, id: 0.08558070645241611-125, id: 0.08558070645241611-126, id: 0.08558070645241611-127, id: 0.08558070645241611-128, id: 0.08558070645241611-129, id: 0.08558070645241611-130, id: 0.08558070645241611-131, id: 0.08558070645241611-132, id: 0.08558070645241611-133, id: 0.08558070645241611-134, id: 0.08558070645241611-135, id: 0.08558070645241611-136, id: 0.08558070645241611-137, id: 0.08558070645241611-138, id: 0.08558070645241611-139, id: 0.08558070645241611-140, id: 0.08558070645241611-141, id: 0.08558070645241611-142, id: 0.08558070645241611-143, id: 0.08558070645241611-144, id: 0.08558070645241611-145, id: 0.08558070645241611-146, id: 0.08558070645241611-147, id: 0.08558070645241611-148, id: 0.08558070645241611-149, id: 0.08558070645241611-150, id: 0.08558070645241611-151, id: 0.08558070645241611-152, id: 0.08558070645241611-153, id: 0.08558070645241611-154, id: 0.08558070645241611-155, id: 0.08558070645241611-156, id: 0.08558070645241611-157, id: 0.08558070645241611-158, id: 0.08558070645241611-159, id: 0.08558070645241611-160, id: 0.08558070645241611-161, id: 0.08558070645241611-162, id: 0.08558070645241611-163, id: 0.08558070645241611-164, id: 0.08558070645241611-165, id: 0.08558070645241611-166, id: 0.08558070645241611-167, id: 0.08558070645241611-168, id: 0.08558070645241611-169, id: 0.08558070645241611-170, id: 0.08558070645241611-171, id: 0.08558070645241611-172, id: 0.08558070645241611-173, id: 0.08558070645241611-174, id: 0.08558070645241611-175, id: 0.08558070645241611-176, id: 0.08558070645241611-177, id: 0.08558070645241611-178, id: 0.08558070645241611-179, id: 0.08558070645241611-180, id: 0.08558070645241611-181, id: 0.08558070645241611-182, id: 0.08558070645241611-183, id: 0.08558070645241611-184, id: 0.08558070645241611-185, id: 0.08558070645241611-186, id: 0.08558070645241611-187, id: 0.08558070645241611-188, id: 0.08558070645241611-189, id: 0.08558070645241611-190, id: 0.08558070645241611-191, id: 0.08558070645241611-192]
[WebDriverCommandLogger] - Executing findElements parameters: {&quot;using&quot;:&quot;xpath&quot;,&quot;value&quot;:&quot;//div[@id=&apos;c_articlelist_stories_2&apos;]/ul[1]/li/span[2]/span[2]&quot;}
[WebDriverCommandLogger] - command: findElements[ param-1: {value=//div[@id=&apos;c_articlelist_stories_2&apos;]/ul[1]/li/span[2]/span[2], using=xpath}] Result: [id: 0.08558070645241611-97, id: 0.08558070645241611-98, id: 0.08558070645241611-99, id: 0.08558070645241611-100, id: 0.08558070645241611-101, id: 0.08558070645241611-102, id: 0.08558070645241611-103, id: 0.08558070645241611-104, id: 0.08558070645241611-105, id: 0.08558070645241611-106, id: 0.08558070645241611-107, id: 0.08558070645241611-108, id: 0.08558070645241611-109, id: 0.08558070645241611-110, id: 0.08558070645241611-111, id: 0.08558070645241611-112, id: 0.08558070645241611-113, id: 0.08558070645241611-114, id: 0.08558070645241611-115, id: 0.08558070645241611-116, id: 0.08558070645241611-117, id: 0.08558070645241611-118, id: 0.08558070645241611-119, id: 0.08558070645241611-120, id: 0.08558070645241611-121, id: 0.08558070645241611-122, id: 0.08558070645241611-123, id: 0.08558070645241611-124, id: 0.08558070645241611-125, id: 0.08558070645241611-126, id: 0.08558070645241611-127, id: 0.08558070645241611-128, id: 0.08558070645241611-129, id: 0.08558070645241611-130, id: 0.08558070645241611-131, id: 0.08558070645241611-132, id: 0.08558070645241611-133, id: 0.08558070645241611-134, id: 0.08558070645241611-135, id: 0.08558070645241611-136, id: 0.08558070645241611-137, id: 0.08558070645241611-138, id: 0.08558070645241611-139, id: 0.08558070645241611-140, id: 0.08558070645241611-141, id: 0.08558070645241611-142, id: 0.08558070645241611-143, id: 0.08558070645241611-144, id: 0.08558070645241611-145, id: 0.08558070645241611-146, id: 0.08558070645241611-147, id: 0.08558070645241611-148, id: 0.08558070645241611-149, id: 0.08558070645241611-150, id: 0.08558070645241611-151, id: 0.08558070645241611-152, id: 0.08558070645241611-153, id: 0.08558070645241611-154, id: 0.08558070645241611-155, id: 0.08558070645241611-156, id: 0.08558070645241611-157, id: 0.08558070645241611-158, id: 0.08558070645241611-159, id: 0.08558070645241611-160, id: 0.08558070645241611-161, id: 0.08558070645241611-162, id: 0.08558070645241611-163, id: 0.08558070645241611-164, id: 0.08558070645241611-165, id: 0.08558070645241611-166, id: 0.08558070645241611-167, id: 0.08558070645241611-168, id: 0.08558070645241611-169, id: 0.08558070645241611-170, id: 0.08558070645241611-171, id: 0.08558070645241611-172, id: 0.08558070645241611-173, id: 0.08558070645241611-174, id: 0.08558070645241611-175, id: 0.08558070645241611-176, id: 0.08558070645241611-177, id: 0.08558070645241611-178, id: 0.08558070645241611-179, id: 0.08558070645241611-180, id: 0.08558070645241611-181, id: 0.08558070645241611-182, id: 0.08558070645241611-183, id: 0.08558070645241611-184, id: 0.08558070645241611-185, id: 0.08558070645241611-186, id: 0.08558070645241611-187, id: 0.08558070645241611-188, id: 0.08558070645241611-189, id: 0.08558070645241611-190, id: 0.08558070645241611-191, id: 0.08558070645241611-192]
[WebDriverCommandLogger] - Executing getElementText element: By.xpath: //div[@id=&apos;c_articlelist_stories_2&apos;]/ul[1]/li/span[2]/span[2] parameters: {&quot;id&quot;:&quot;0.08558070645241611-133&quot;}
[WebDriverCommandLogger] - command: getElementText[ param-1: By.xpath: //div[@id=&apos;c_articlelist_stories_2&apos;]/ul[1]/li/span[2]/span[2] param-2: {&quot;id&quot;:&quot;0.08558070645241611-133&quot;}] Result: getElementText:1 DAY AGO
[WebDriverCommandLogger] - Executing findElements parameters: {&quot;using&quot;:&quot;xpath&quot;,&quot;value&quot;:&quot;//div[@id=&apos;c_articlelist_stories_2&apos;]/ul[1]/li/span[2]/span[2]&quot;}
[WebDriverCommandLogger] - command: findElements[ param-1: {value=//div[@id=&apos;c_articlelist_stories_2&apos;]/ul[1]/li/span[2]/span[2], using=xpath}] Result: [id: 0.08558070645241611-97, id: 0.08558070645241611-98, id: 0.08558070645241611-99, id: 0.08558070645241611-100, id: 0.08558070645241611-101, id: 0.08558070645241611-102, id: 0.08558070645241611-103, id: 0.08558070645241611-104, id: 0.08558070645241611-105, id: 0.08558070645241611-106, id: 0.08558070645241611-107, id: 0.08558070645241611-108, id: 0.08558070645241611-109, id: 0.08558070645241611-110, id: 0.08558070645241611-111, id: 0.08558070645241611-112, id: 0.08558070645241611-113, id: 0.08558070645241611-114, id: 0.08558070645241611-115, id: 0.08558070645241611-116, id: 0.08558070645241611-117, id: 0.08558070645241611-118, id: 0.08558070645241611-119, id: 0.08558070645241611-120, id: 0.08558070645241611-121, id: 0.08558070645241611-122, id: 0.08558070645241611-123, id: 0.08558070645241611-124, id: 0.08558070645241611-125, id: 0.08558070645241611-126, id: 0.08558070645241611-127, id: 0.08558070645241611-128, id: 0.08558070645241611-129, id: 0.08558070645241611-130, id: 0.08558070645241611-131, id: 0.08558070645241611-132, id: 0.08558070645241611-133, id: 0.08558070645241611-134, id: 0.08558070645241611-135, id: 0.08558070645241611-136, id: 0.08558070645241611-137, id: 0.08558070645241611-138, id: 0.08558070645241611-139, id: 0.08558070645241611-140, id: 0.08558070645241611-141, id: 0.08558070645241611-142, id: 0.08558070645241611-143, id: 0.08558070645241611-144, id: 0.08558070645241611-145, id: 0.08558070645241611-146, id: 0.08558070645241611-147, id: 0.08558070645241611-148, id: 0.08558070645241611-149, id: 0.08558070645241611-150, id: 0.08558070645241611-151, id: 0.08558070645241611-152, id: 0.08558070645241611-153, id: 0.08558070645241611-154, id: 0.08558070645241611-155, id: 0.08558070645241611-156, id: 0.08558070645241611-157, id: 0.08558070645241611-158, id: 0.08558070645241611-159, id: 0.08558070645241611-160, id: 0.08558070645241611-161, id: 0.08558070645241611-162, id: 0.08558070645241611-163, id: 0.08558070645241611-164, id: 0.08558070645241611-165, id: 0.08558070645241611-166, id: 0.08558070645241611-167, id: 0.08558070645241611-168, id: 0.08558070645241611-169, id: 0.08558070645241611-170, id: 0.08558070645241611-171, id: 0.08558070645241611-172, id: 0.08558070645241611-173, id: 0.08558070645241611-174, id: 0.08558070645241611-175, id: 0.08558070645241611-176, id: 0.08558070645241611-177, id: 0.08558070645241611-178, id: 0.08558070645241611-179, id: 0.08558070645241611-180, id: 0.08558070645241611-181, id: 0.08558070645241611-182, id: 0.08558070645241611-183, id: 0.08558070645241611-184, id: 0.08558070645241611-185, id: 0.08558070645241611-186, id: 0.08558070645241611-187, id: 0.08558070645241611-188, id: 0.08558070645241611-189, id: 0.08558070645241611-190, id: 0.08558070645241611-191, id: 0.08558070645241611-192]
[WebDriverCommandLogger] - Executing getElementText element: By.xpath: //div[@id=&apos;c_articlelist_stories_2&apos;]/ul[1]/li/span[2]/span[2] parameters: {&quot;id&quot;:&quot;0.08558070645241611-133&quot;}
[WebDriverCommandLogger] - command: getElementText[ param-1: By.xpath: //div[@id=&apos;c_articlelist_stories_2&apos;]/ul[1]/li/span[2]/span[2] param-2: {&quot;id&quot;:&quot;0.08558070645241611-133&quot;}] Result: getElementText:1 DAY AGO
[WebDriverCommandLogger] - Executing findElements parameters: {&quot;using&quot;:&quot;xpath&quot;,&quot;value&quot;:&quot;//div[@id=&apos;c_articlelist_stories_2&apos;]/ul[1]/li/span[1]/a&quot;}
[WebDriverCommandLogger] - command: findElements[ param-1: {value=//div[@id=&apos;c_articlelist_stories_2&apos;]/ul[1]/li/span[1]/a, using=xpath}] Result: [id: 0.08558070645241611-1, id: 0.08558070645241611-2, id: 0.08558070645241611-3, id: 0.08558070645241611-4, id: 0.08558070645241611-5, id: 0.08558070645241611-6, id: 0.08558070645241611-7, id: 0.08558070645241611-8, id: 0.08558070645241611-9, id: 0.08558070645241611-10, id: 0.08558070645241611-11, id: 0.08558070645241611-12, id: 0.08558070645241611-13, id: 0.08558070645241611-14, id: 0.08558070645241611-15, id: 0.08558070645241611-16, id: 0.08558070645241611-17, id: 0.08558070645241611-18, id: 0.08558070645241611-19, id: 0.08558070645241611-20, id: 0.08558070645241611-21, id: 0.08558070645241611-22, id: 0.08558070645241611-23, id: 0.08558070645241611-24, id: 0.08558070645241611-25, id: 0.08558070645241611-26, id: 0.08558070645241611-27, id: 0.08558070645241611-28, id: 0.08558070645241611-29, id: 0.08558070645241611-30, id: 0.08558070645241611-31, id: 0.08558070645241611-32, id: 0.08558070645241611-33, id: 0.08558070645241611-34, id: 0.08558070645241611-35, id: 0.08558070645241611-36, id: 0.08558070645241611-37, id: 0.08558070645241611-38, id: 0.08558070645241611-39, id: 0.08558070645241611-40, id: 0.08558070645241611-41, id: 0.08558070645241611-42, id: 0.08558070645241611-43, id: 0.08558070645241611-44, id: 0.08558070645241611-45, id: 0.08558070645241611-46, id: 0.08558070645241611-47, id: 0.08558070645241611-48, id: 0.08558070645241611-49, id: 0.08558070645241611-50, id: 0.08558070645241611-51, id: 0.08558070645241611-52, id: 0.08558070645241611-53, id: 0.08558070645241611-54, id: 0.08558070645241611-55, id: 0.08558070645241611-56, id: 0.08558070645241611-57, id: 0.08558070645241611-58, id: 0.08558070645241611-59, id: 0.08558070645241611-60, id: 0.08558070645241611-61, id: 0.08558070645241611-62, id: 0.08558070645241611-63, id: 0.08558070645241611-64, id: 0.08558070645241611-65, id: 0.08558070645241611-66, id: 0.08558070645241611-67, id: 0.08558070645241611-68, id: 0.08558070645241611-69, id: 0.08558070645241611-70, id: 0.08558070645241611-71, id: 0.08558070645241611-72, id: 0.08558070645241611-73, id: 0.08558070645241611-74, id: 0.08558070645241611-75, id: 0.08558070645241611-76, id: 0.08558070645241611-77, id: 0.08558070645241611-78, id: 0.08558070645241611-79, id: 0.08558070645241611-80, id: 0.08558070645241611-81, id: 0.08558070645241611-82, id: 0.08558070645241611-83, id: 0.08558070645241611-84, id: 0.08558070645241611-85, id: 0.08558070645241611-86, id: 0.08558070645241611-87, id: 0.08558070645241611-88, id: 0.08558070645241611-89, id: 0.08558070645241611-90, id: 0.08558070645241611-91, id: 0.08558070645241611-92, id: 0.08558070645241611-93, id: 0.08558070645241611-94, id: 0.08558070645241611-95, id: 0.08558070645241611-96]
[WebDriverCommandLogger] - Executing getElementText element: By.xpath: //div[@id=&apos;c_articlelist_stories_2&apos;]/ul[1]/li/span[1]/a parameters: {&quot;id&quot;:&quot;0.08558070645241611-37&quot;}
[WebDriverCommandLogger] - command: getElementText[ param-1: By.xpath: //div[@id=&apos;c_articlelist_stories_2&apos;]/ul[1]/li/span[1]/a param-2: {&quot;id&quot;:&quot;0.08558070645241611-37&quot;}] Result: getElementText:IMD expects monsoon to revive by weekend
[WebDriverCommandLogger] - Executing findElements parameters: {&quot;using&quot;:&quot;xpath&quot;,&quot;value&quot;:&quot;//div[@id=&apos;c_articlelist_stories_2&apos;]/ul[1]/li/span[2]/span[2]&quot;}
[WebDriverCommandLogger] - command: findElements[ param-1: {value=//div[@id=&apos;c_articlelist_stories_2&apos;]/ul[1]/li/span[2]/span[2], using=xpath}] Result: [id: 0.08558070645241611-97, id: 0.08558070645241611-98, id: 0.08558070645241611-99, id: 0.08558070645241611-100, id: 0.08558070645241611-101, id: 0.08558070645241611-102, id: 0.08558070645241611-103, id: 0.08558070645241611-104, id: 0.08558070645241611-105, id: 0.08558070645241611-106, id: 0.08558070645241611-107, id: 0.08558070645241611-108, id: 0.08558070645241611-109, id: 0.08558070645241611-110, id: 0.08558070645241611-111, id: 0.08558070645241611-112, id: 0.08558070645241611-113, id: 0.08558070645241611-114, id: 0.08558070645241611-115, id: 0.08558070645241611-116, id: 0.08558070645241611-117, id: 0.08558070645241611-118, id: 0.08558070645241611-119, id: 0.08558070645241611-120, id: 0.08558070645241611-121, id: 0.08558070645241611-122, id: 0.08558070645241611-123, id: 0.08558070645241611-124, id: 0.08558070645241611-125, id: 0.08558070645241611-126, id: 0.08558070645241611-127, id: 0.08558070645241611-128, id: 0.08558070645241611-129, id: 0.08558070645241611-130, id: 0.08558070645241611-131, id: 0.08558070645241611-132, id: 0.08558070645241611-133, id: 0.08558070645241611-134, id: 0.08558070645241611-135, id: 0.08558070645241611-136, id: 0.08558070645241611-137, id: 0.08558070645241611-138, id: 0.08558070645241611-139, id: 0.08558070645241611-140, id: 0.08558070645241611-141, id: 0.08558070645241611-142, id: 0.08558070645241611-143, id: 0.08558070645241611-144, id: 0.08558070645241611-145, id: 0.08558070645241611-146, id: 0.08558070645241611-147, id: 0.08558070645241611-148, id: 0.08558070645241611-149, id: 0.08558070645241611-150, id: 0.08558070645241611-151, id: 0.08558070645241611-152, id: 0.08558070645241611-153, id: 0.08558070645241611-154, id: 0.08558070645241611-155, id: 0.08558070645241611-156, id: 0.08558070645241611-157, id: 0.08558070645241611-158, id: 0.08558070645241611-159, id: 0.08558070645241611-160, id: 0.08558070645241611-161, id: 0.08558070645241611-162, id: 0.08558070645241611-163, id: 0.08558070645241611-164, id: 0.08558070645241611-165, id: 0.08558070645241611-166, id: 0.08558070645241611-167, id: 0.08558070645241611-168, id: 0.08558070645241611-169, id: 0.08558070645241611-170, id: 0.08558070645241611-171, id: 0.08558070645241611-172, id: 0.08558070645241611-173, id: 0.08558070645241611-174, id: 0.08558070645241611-175, id: 0.08558070645241611-176, id: 0.08558070645241611-177, id: 0.08558070645241611-178, id: 0.08558070645241611-179, id: 0.08558070645241611-180, id: 0.08558070645241611-181, id: 0.08558070645241611-182, id: 0.08558070645241611-183, id: 0.08558070645241611-184, id: 0.08558070645241611-185, id: 0.08558070645241611-186, id: 0.08558070645241611-187, id: 0.08558070645241611-188, id: 0.08558070645241611-189, id: 0.08558070645241611-190, id: 0.08558070645241611-191, id: 0.08558070645241611-192]
[WebDriverCommandLogger] - Executing findElements parameters: {&quot;using&quot;:&quot;xpath&quot;,&quot;value&quot;:&quot;//div[@id=&apos;c_articlelist_stories_2&apos;]/ul[1]/li/span[2]/span[2]&quot;}
[WebDriverCommandLogger] - command: findElements[ param-1: {value=//div[@id=&apos;c_articlelist_stories_2&apos;]/ul[1]/li/span[2]/span[2], using=xpath}] Result: [id: 0.08558070645241611-97, id: 0.08558070645241611-98, id: 0.08558070645241611-99, id: 0.08558070645241611-100, id: 0.08558070645241611-101, id: 0.08558070645241611-102, id: 0.08558070645241611-103, id: 0.08558070645241611-104, id: 0.08558070645241611-105, id: 0.08558070645241611-106, id: 0.08558070645241611-107, id: 0.08558070645241611-108, id: 0.08558070645241611-109, id: 0.08558070645241611-110, id: 0.08558070645241611-111, id: 0.08558070645241611-112, id: 0.08558070645241611-113, id: 0.08558070645241611-114, id: 0.08558070645241611-115, id: 0.08558070645241611-116, id: 0.08558070645241611-117, id: 0.08558070645241611-118, id: 0.08558070645241611-119, id: 0.08558070645241611-120, id: 0.08558070645241611-121, id: 0.08558070645241611-122, id: 0.08558070645241611-123, id: 0.08558070645241611-124, id: 0.08558070645241611-125, id: 0.08558070645241611-126, id: 0.08558070645241611-127, id: 0.08558070645241611-128, id: 0.08558070645241611-129, id: 0.08558070645241611-130, id: 0.08558070645241611-131, id: 0.08558070645241611-132, id: 0.08558070645241611-133, id: 0.08558070645241611-134, id: 0.08558070645241611-135, id: 0.08558070645241611-136, id: 0.08558070645241611-137, id: 0.08558070645241611-138, id: 0.08558070645241611-139, id: 0.08558070645241611-140, id: 0.08558070645241611-141, id: 0.08558070645241611-142, id: 0.08558070645241611-143, id: 0.08558070645241611-144, id: 0.08558070645241611-145, id: 0.08558070645241611-146, id: 0.08558070645241611-147, id: 0.08558070645241611-148, id: 0.08558070645241611-149, id: 0.08558070645241611-150, id: 0.08558070645241611-151, id: 0.08558070645241611-152, id: 0.08558070645241611-153, id: 0.08558070645241611-154, id: 0.08558070645241611-155, id: 0.08558070645241611-156, id: 0.08558070645241611-157, id: 0.08558070645241611-158, id: 0.08558070645241611-159, id: 0.08558070645241611-160, id: 0.08558070645241611-161, id: 0.08558070645241611-162, id: 0.08558070645241611-163, id: 0.08558070645241611-164, id: 0.08558070645241611-165, id: 0.08558070645241611-166, id: 0.08558070645241611-167, id: 0.08558070645241611-168, id: 0.08558070645241611-169, id: 0.08558070645241611-170, id: 0.08558070645241611-171, id: 0.08558070645241611-172, id: 0.08558070645241611-173, id: 0.08558070645241611-174, id: 0.08558070645241611-175, id: 0.08558070645241611-176, id: 0.08558070645241611-177, id: 0.08558070645241611-178, id: 0.08558070645241611-179, id: 0.08558070645241611-180, id: 0.08558070645241611-181, id: 0.08558070645241611-182, id: 0.08558070645241611-183, id: 0.08558070645241611-184, id: 0.08558070645241611-185, id: 0.08558070645241611-186, id: 0.08558070645241611-187, id: 0.08558070645241611-188, id: 0.08558070645241611-189, id: 0.08558070645241611-190, id: 0.08558070645241611-191, id: 0.08558070645241611-192]
[WebDriverCommandLogger] - Executing getElementText element: By.xpath: //div[@id=&apos;c_articlelist_stories_2&apos;]/ul[1]/li/span[2]/span[2] parameters: {&quot;id&quot;:&quot;0.08558070645241611-134&quot;}
[WebDriverCommandLogger] - command: getElementText[ param-1: By.xpath: //div[@id=&apos;c_articlelist_stories_2&apos;]/ul[1]/li/span[2]/span[2] param-2: {&quot;id&quot;:&quot;0.08558070645241611-134&quot;}] Result: getElementText:1 DAY AGO
[WebDriverCommandLogger] - Executing findElements parameters: {&quot;using&quot;:&quot;xpath&quot;,&quot;value&quot;:&quot;//div[@id=&apos;c_articlelist_stories_2&apos;]/ul[1]/li/span[2]/span[2]&quot;}
[WebDriverCommandLogger] - command: findElements[ param-1: {value=//div[@id=&apos;c_articlelist_stories_2&apos;]/ul[1]/li/span[2]/span[2], using=xpath}] Result: [id: 0.08558070645241611-97, id: 0.08558070645241611-98, id: 0.08558070645241611-99, id: 0.08558070645241611-100, id: 0.08558070645241611-101, id: 0.08558070645241611-102, id: 0.08558070645241611-103, id: 0.08558070645241611-104, id: 0.08558070645241611-105, id: 0.08558070645241611-106, id: 0.08558070645241611-107, id: 0.08558070645241611-108, id: 0.08558070645241611-109, id: 0.08558070645241611-110, id: 0.08558070645241611-111, id: 0.08558070645241611-112, id: 0.08558070645241611-113, id: 0.08558070645241611-114, id: 0.08558070645241611-115, id: 0.08558070645241611-116, id: 0.08558070645241611-117, id: 0.08558070645241611-118, id: 0.08558070645241611-119, id: 0.08558070645241611-120, id: 0.08558070645241611-121, id: 0.08558070645241611-122, id: 0.08558070645241611-123, id: 0.08558070645241611-124, id: 0.08558070645241611-125, id: 0.08558070645241611-126, id: 0.08558070645241611-127, id: 0.08558070645241611-128, id: 0.08558070645241611-129, id: 0.08558070645241611-130, id: 0.08558070645241611-131, id: 0.08558070645241611-132, id: 0.08558070645241611-133, id: 0.08558070645241611-134, id: 0.08558070645241611-135, id: 0.08558070645241611-136, id: 0.08558070645241611-137, id: 0.08558070645241611-138, id: 0.08558070645241611-139, id: 0.08558070645241611-140, id: 0.08558070645241611-141, id: 0.08558070645241611-142, id: 0.08558070645241611-143, id: 0.08558070645241611-144, id: 0.08558070645241611-145, id: 0.08558070645241611-146, id: 0.08558070645241611-147, id: 0.08558070645241611-148, id: 0.08558070645241611-149, id: 0.08558070645241611-150, id: 0.08558070645241611-151, id: 0.08558070645241611-152, id: 0.08558070645241611-153, id: 0.08558070645241611-154, id: 0.08558070645241611-155, id: 0.08558070645241611-156, id: 0.08558070645241611-157, id: 0.08558070645241611-158, id: 0.08558070645241611-159, id: 0.08558070645241611-160, id: 0.08558070645241611-161, id: 0.08558070645241611-162, id: 0.08558070645241611-163, id: 0.08558070645241611-164, id: 0.08558070645241611-165, id: 0.08558070645241611-166, id: 0.08558070645241611-167, id: 0.08558070645241611-168, id: 0.08558070645241611-169, id: 0.08558070645241611-170, id: 0.08558070645241611-171, id: 0.08558070645241611-172, id: 0.08558070645241611-173, id: 0.08558070645241611-174, id: 0.08558070645241611-175, id: 0.08558070645241611-176, id: 0.08558070645241611-177, id: 0.08558070645241611-178, id: 0.08558070645241611-179, id: 0.08558070645241611-180, id: 0.08558070645241611-181, id: 0.08558070645241611-182, id: 0.08558070645241611-183, id: 0.08558070645241611-184, id: 0.08558070645241611-185, id: 0.08558070645241611-186, id: 0.08558070645241611-187, id: 0.08558070645241611-188, id: 0.08558070645241611-189, id: 0.08558070645241611-190, id: 0.08558070645241611-191, id: 0.08558070645241611-192]
[WebDriverCommandLogger] - Executing getElementText element: By.xpath: //div[@id=&apos;c_articlelist_stories_2&apos;]/ul[1]/li/span[2]/span[2] parameters: {&quot;id&quot;:&quot;0.08558070645241611-134&quot;}
[WebDriverCommandLogger] - command: getElementText[ param-1: By.xpath: //div[@id=&apos;c_articlelist_stories_2&apos;]/ul[1]/li/span[2]/span[2] param-2: {&quot;id&quot;:&quot;0.08558070645241611-134&quot;}] Result: getElementText:1 DAY AGO
[WebDriverCommandLogger] - Executing findElements parameters: {&quot;using&quot;:&quot;xpath&quot;,&quot;value&quot;:&quot;//div[@id=&apos;c_articlelist_stories_2&apos;]/ul[1]/li/span[1]/a&quot;}
[WebDriverCommandLogger] - command: findElements[ param-1: {value=//div[@id=&apos;c_articlelist_stories_2&apos;]/ul[1]/li/span[1]/a, using=xpath}] Result: [id: 0.08558070645241611-1, id: 0.08558070645241611-2, id: 0.08558070645241611-3, id: 0.08558070645241611-4, id: 0.08558070645241611-5, id: 0.08558070645241611-6, id: 0.08558070645241611-7, id: 0.08558070645241611-8, id: 0.08558070645241611-9, id: 0.08558070645241611-10, id: 0.08558070645241611-11, id: 0.08558070645241611-12, id: 0.08558070645241611-13, id: 0.08558070645241611-14, id: 0.08558070645241611-15, id: 0.08558070645241611-16, id: 0.08558070645241611-17, id: 0.08558070645241611-18, id: 0.08558070645241611-19, id: 0.08558070645241611-20, id: 0.08558070645241611-21, id: 0.08558070645241611-22, id: 0.08558070645241611-23, id: 0.08558070645241611-24, id: 0.08558070645241611-25, id: 0.08558070645241611-26, id: 0.08558070645241611-27, id: 0.08558070645241611-28, id: 0.08558070645241611-29, id: 0.08558070645241611-30, id: 0.08558070645241611-31, id: 0.08558070645241611-32, id: 0.08558070645241611-33, id: 0.08558070645241611-34, id: 0.08558070645241611-35, id: 0.08558070645241611-36, id: 0.08558070645241611-37, id: 0.08558070645241611-38, id: 0.08558070645241611-39, id: 0.08558070645241611-40, id: 0.08558070645241611-41, id: 0.08558070645241611-42, id: 0.08558070645241611-43, id: 0.08558070645241611-44, id: 0.08558070645241611-45, id: 0.08558070645241611-46, id: 0.08558070645241611-47, id: 0.08558070645241611-48, id: 0.08558070645241611-49, id: 0.08558070645241611-50, id: 0.08558070645241611-51, id: 0.08558070645241611-52, id: 0.08558070645241611-53, id: 0.08558070645241611-54, id: 0.08558070645241611-55, id: 0.08558070645241611-56, id: 0.08558070645241611-57, id: 0.08558070645241611-58, id: 0.08558070645241611-59, id: 0.08558070645241611-60, id: 0.08558070645241611-61, id: 0.08558070645241611-62, id: 0.08558070645241611-63, id: 0.08558070645241611-64, id: 0.08558070645241611-65, id: 0.08558070645241611-66, id: 0.08558070645241611-67, id: 0.08558070645241611-68, id: 0.08558070645241611-69, id: 0.08558070645241611-70, id: 0.08558070645241611-71, id: 0.08558070645241611-72, id: 0.08558070645241611-73, id: 0.08558070645241611-74, id: 0.08558070645241611-75, id: 0.08558070645241611-76, id: 0.08558070645241611-77, id: 0.08558070645241611-78, id: 0.08558070645241611-79, id: 0.08558070645241611-80, id: 0.08558070645241611-81, id: 0.08558070645241611-82, id: 0.08558070645241611-83, id: 0.08558070645241611-84, id: 0.08558070645241611-85, id: 0.08558070645241611-86, id: 0.08558070645241611-87, id: 0.08558070645241611-88, id: 0.08558070645241611-89, id: 0.08558070645241611-90, id: 0.08558070645241611-91, id: 0.08558070645241611-92, id: 0.08558070645241611-93, id: 0.08558070645241611-94, id: 0.08558070645241611-95, id: 0.08558070645241611-96]
[WebDriverCommandLogger] - Executing getElementText element: By.xpath: //div[@id=&apos;c_articlelist_stories_2&apos;]/ul[1]/li/span[1]/a parameters: {&quot;id&quot;:&quot;0.08558070645241611-38&quot;}
[WebDriverCommandLogger] - command: getElementText[ param-1: By.xpath: //div[@id=&apos;c_articlelist_stories_2&apos;]/ul[1]/li/span[1]/a param-2: {&quot;id&quot;:&quot;0.08558070645241611-38&quot;}] Result: getElementText:In chance recovery, Mercedes-Benz stolen from hotel found in Rajasthan
[WebDriverCommandLogger] - Executing findElements parameters: {&quot;using&quot;:&quot;xpath&quot;,&quot;value&quot;:&quot;//div[@id=&apos;c_articlelist_stories_2&apos;]/ul[1]/li/span[2]/span[2]&quot;}
[WebDriverCommandLogger] - command: findElements[ param-1: {value=//div[@id=&apos;c_articlelist_stories_2&apos;]/ul[1]/li/span[2]/span[2], using=xpath}] Result: [id: 0.08558070645241611-97, id: 0.08558070645241611-98, id: 0.08558070645241611-99, id: 0.08558070645241611-100, id: 0.08558070645241611-101, id: 0.08558070645241611-102, id: 0.08558070645241611-103, id: 0.08558070645241611-104, id: 0.08558070645241611-105, id: 0.08558070645241611-106, id: 0.08558070645241611-107, id: 0.08558070645241611-108, id: 0.08558070645241611-109, id: 0.08558070645241611-110, id: 0.08558070645241611-111, id: 0.08558070645241611-112, id: 0.08558070645241611-113, id: 0.08558070645241611-114, id: 0.08558070645241611-115, id: 0.08558070645241611-116, id: 0.08558070645241611-117, id: 0.08558070645241611-118, id: 0.08558070645241611-119, id: 0.08558070645241611-120, id: 0.08558070645241611-121, id: 0.08558070645241611-122, id: 0.08558070645241611-123, id: 0.08558070645241611-124, id: 0.08558070645241611-125, id: 0.08558070645241611-126, id: 0.08558070645241611-127, id: 0.08558070645241611-128, id: 0.08558070645241611-129, id: 0.08558070645241611-130, id: 0.08558070645241611-131, id: 0.08558070645241611-132, id: 0.08558070645241611-133, id: 0.08558070645241611-134, id: 0.08558070645241611-135, id: 0.08558070645241611-136, id: 0.08558070645241611-137, id: 0.08558070645241611-138, id: 0.08558070645241611-139, id: 0.08558070645241611-140, id: 0.08558070645241611-141, id: 0.08558070645241611-142, id: 0.08558070645241611-143, id: 0.08558070645241611-144, id: 0.08558070645241611-145, id: 0.08558070645241611-146, id: 0.08558070645241611-147, id: 0.08558070645241611-148, id: 0.08558070645241611-149, id: 0.08558070645241611-150, id: 0.08558070645241611-151, id: 0.08558070645241611-152, id: 0.08558070645241611-153, id: 0.08558070645241611-154, id: 0.08558070645241611-155, id: 0.08558070645241611-156, id: 0.08558070645241611-157, id: 0.08558070645241611-158, id: 0.08558070645241611-159, id: 0.08558070645241611-160, id: 0.08558070645241611-161, id: 0.08558070645241611-162, id: 0.08558070645241611-163, id: 0.08558070645241611-164, id: 0.08558070645241611-165, id: 0.08558070645241611-166, id: 0.08558070645241611-167, id: 0.08558070645241611-168, id: 0.08558070645241611-169, id: 0.08558070645241611-170, id: 0.08558070645241611-171, id: 0.08558070645241611-172, id: 0.08558070645241611-173, id: 0.08558070645241611-174, id: 0.08558070645241611-175, id: 0.08558070645241611-176, id: 0.08558070645241611-177, id: 0.08558070645241611-178, id: 0.08558070645241611-179, id: 0.08558070645241611-180, id: 0.08558070645241611-181, id: 0.08558070645241611-182, id: 0.08558070645241611-183, id: 0.08558070645241611-184, id: 0.08558070645241611-185, id: 0.08558070645241611-186, id: 0.08558070645241611-187, id: 0.08558070645241611-188, id: 0.08558070645241611-189, id: 0.08558070645241611-190, id: 0.08558070645241611-191, id: 0.08558070645241611-192]
[WebDriverCommandLogger] - Executing findElements parameters: {&quot;using&quot;:&quot;xpath&quot;,&quot;value&quot;:&quot;//div[@id=&apos;c_articlelist_stories_2&apos;]/ul[1]/li/span[2]/span[2]&quot;}
[WebDriverCommandLogger] - command: findElements[ param-1: {value=//div[@id=&apos;c_articlelist_stories_2&apos;]/ul[1]/li/span[2]/span[2], using=xpath}] Result: [id: 0.08558070645241611-97, id: 0.08558070645241611-98, id: 0.08558070645241611-99, id: 0.08558070645241611-100, id: 0.08558070645241611-101, id: 0.08558070645241611-102, id: 0.08558070645241611-103, id: 0.08558070645241611-104, id: 0.08558070645241611-105, id: 0.08558070645241611-106, id: 0.08558070645241611-107, id: 0.08558070645241611-108, id: 0.08558070645241611-109, id: 0.08558070645241611-110, id: 0.08558070645241611-111, id: 0.08558070645241611-112, id: 0.08558070645241611-113, id: 0.08558070645241611-114, id: 0.08558070645241611-115, id: 0.08558070645241611-116, id: 0.08558070645241611-117, id: 0.08558070645241611-118, id: 0.08558070645241611-119, id: 0.08558070645241611-120, id: 0.08558070645241611-121, id: 0.08558070645241611-122, id: 0.08558070645241611-123, id: 0.08558070645241611-124, id: 0.08558070645241611-125, id: 0.08558070645241611-126, id: 0.08558070645241611-127, id: 0.08558070645241611-128, id: 0.08558070645241611-129, id: 0.08558070645241611-130, id: 0.08558070645241611-131, id: 0.08558070645241611-132, id: 0.08558070645241611-133, id: 0.08558070645241611-134, id: 0.08558070645241611-135, id: 0.08558070645241611-136, id: 0.08558070645241611-137, id: 0.08558070645241611-138, id: 0.08558070645241611-139, id: 0.08558070645241611-140, id: 0.08558070645241611-141, id: 0.08558070645241611-142, id: 0.08558070645241611-143, id: 0.08558070645241611-144, id: 0.08558070645241611-145, id: 0.08558070645241611-146, id: 0.08558070645241611-147, id: 0.08558070645241611-148, id: 0.08558070645241611-149, id: 0.08558070645241611-150, id: 0.08558070645241611-151, id: 0.08558070645241611-152, id: 0.08558070645241611-153, id: 0.08558070645241611-154, id: 0.08558070645241611-155, id: 0.08558070645241611-156, id: 0.08558070645241611-157, id: 0.08558070645241611-158, id: 0.08558070645241611-159, id: 0.08558070645241611-160, id: 0.08558070645241611-161, id: 0.08558070645241611-162, id: 0.08558070645241611-163, id: 0.08558070645241611-164, id: 0.08558070645241611-165, id: 0.08558070645241611-166, id: 0.08558070645241611-167, id: 0.08558070645241611-168, id: 0.08558070645241611-169, id: 0.08558070645241611-170, id: 0.08558070645241611-171, id: 0.08558070645241611-172, id: 0.08558070645241611-173, id: 0.08558070645241611-174, id: 0.08558070645241611-175, id: 0.08558070645241611-176, id: 0.08558070645241611-177, id: 0.08558070645241611-178, id: 0.08558070645241611-179, id: 0.08558070645241611-180, id: 0.08558070645241611-181, id: 0.08558070645241611-182, id: 0.08558070645241611-183, id: 0.08558070645241611-184, id: 0.08558070645241611-185, id: 0.08558070645241611-186, id: 0.08558070645241611-187, id: 0.08558070645241611-188, id: 0.08558070645241611-189, id: 0.08558070645241611-190, id: 0.08558070645241611-191, id: 0.08558070645241611-192]
[WebDriverCommandLogger] - Executing getElementText element: By.xpath: //div[@id=&apos;c_articlelist_stories_2&apos;]/ul[1]/li/span[2]/span[2] parameters: {&quot;id&quot;:&quot;0.08558070645241611-135&quot;}
[WebDriverCommandLogger] - command: getElementText[ param-1: By.xpath: //div[@id=&apos;c_articlelist_stories_2&apos;]/ul[1]/li/span[2]/span[2] param-2: {&quot;id&quot;:&quot;0.08558070645241611-135&quot;}] Result: getElementText:1 DAY AGO
[WebDriverCommandLogger] - Executing findElements parameters: {&quot;using&quot;:&quot;xpath&quot;,&quot;value&quot;:&quot;//div[@id=&apos;c_articlelist_stories_2&apos;]/ul[1]/li/span[2]/span[2]&quot;}
[WebDriverCommandLogger] - command: findElements[ param-1: {value=//div[@id=&apos;c_articlelist_stories_2&apos;]/ul[1]/li/span[2]/span[2], using=xpath}] Result: [id: 0.08558070645241611-97, id: 0.08558070645241611-98, id: 0.08558070645241611-99, id: 0.08558070645241611-100, id: 0.08558070645241611-101, id: 0.08558070645241611-102, id: 0.08558070645241611-103, id: 0.08558070645241611-104, id: 0.08558070645241611-105, id: 0.08558070645241611-106, id: 0.08558070645241611-107, id: 0.08558070645241611-108, id: 0.08558070645241611-109, id: 0.08558070645241611-110, id: 0.08558070645241611-111, id: 0.08558070645241611-112, id: 0.08558070645241611-113, id: 0.08558070645241611-114, id: 0.08558070645241611-115, id: 0.08558070645241611-116, id: 0.08558070645241611-117, id: 0.08558070645241611-118, id: 0.08558070645241611-119, id: 0.08558070645241611-120, id: 0.08558070645241611-121, id: 0.08558070645241611-122, id: 0.08558070645241611-123, id: 0.08558070645241611-124, id: 0.08558070645241611-125, id: 0.08558070645241611-126, id: 0.08558070645241611-127, id: 0.08558070645241611-128, id: 0.08558070645241611-129, id: 0.08558070645241611-130, id: 0.08558070645241611-131, id: 0.08558070645241611-132, id: 0.08558070645241611-133, id: 0.08558070645241611-134, id: 0.08558070645241611-135, id: 0.08558070645241611-136, id: 0.08558070645241611-137, id: 0.08558070645241611-138, id: 0.08558070645241611-139, id: 0.08558070645241611-140, id: 0.08558070645241611-141, id: 0.08558070645241611-142, id: 0.08558070645241611-143, id: 0.08558070645241611-144, id: 0.08558070645241611-145, id: 0.08558070645241611-146, id: 0.08558070645241611-147, id: 0.08558070645241611-148, id: 0.08558070645241611-149, id: 0.08558070645241611-150, id: 0.08558070645241611-151, id: 0.08558070645241611-152, id: 0.08558070645241611-153, id: 0.08558070645241611-154, id: 0.08558070645241611-155, id: 0.08558070645241611-156, id: 0.08558070645241611-157, id: 0.08558070645241611-158, id: 0.08558070645241611-159, id: 0.08558070645241611-160, id: 0.08558070645241611-161, id: 0.08558070645241611-162, id: 0.08558070645241611-163, id: 0.08558070645241611-164, id: 0.08558070645241611-165, id: 0.08558070645241611-166, id: 0.08558070645241611-167, id: 0.08558070645241611-168, id: 0.08558070645241611-169, id: 0.08558070645241611-170, id: 0.08558070645241611-171, id: 0.08558070645241611-172, id: 0.08558070645241611-173, id: 0.08558070645241611-174, id: 0.08558070645241611-175, id: 0.08558070645241611-176, id: 0.08558070645241611-177, id: 0.08558070645241611-178, id: 0.08558070645241611-179, id: 0.08558070645241611-180, id: 0.08558070645241611-181, id: 0.08558070645241611-182, id: 0.08558070645241611-183, id: 0.08558070645241611-184, id: 0.08558070645241611-185, id: 0.08558070645241611-186, id: 0.08558070645241611-187, id: 0.08558070645241611-188, id: 0.08558070645241611-189, id: 0.08558070645241611-190, id: 0.08558070645241611-191, id: 0.08558070645241611-192]
[WebDriverCommandLogger] - Executing getElementText element: By.xpath: //div[@id=&apos;c_articlelist_stories_2&apos;]/ul[1]/li/span[2]/span[2] parameters: {&quot;id&quot;:&quot;0.08558070645241611-135&quot;}
[WebDriverCommandLogger] - command: getElementText[ param-1: By.xpath: //div[@id=&apos;c_articlelist_stories_2&apos;]/ul[1]/li/span[2]/span[2] param-2: {&quot;id&quot;:&quot;0.08558070645241611-135&quot;}] Result: getElementText:1 DAY AGO
[WebDriverCommandLogger] - Executing findElements parameters: {&quot;using&quot;:&quot;xpath&quot;,&quot;value&quot;:&quot;//div[@id=&apos;c_articlelist_stories_2&apos;]/ul[1]/li/span[1]/a&quot;}
[WebDriverCommandLogger] - command: findElements[ param-1: {value=//div[@id=&apos;c_articlelist_stories_2&apos;]/ul[1]/li/span[1]/a, using=xpath}] Result: [id: 0.08558070645241611-1, id: 0.08558070645241611-2, id: 0.08558070645241611-3, id: 0.08558070645241611-4, id: 0.08558070645241611-5, id: 0.08558070645241611-6, id: 0.08558070645241611-7, id: 0.08558070645241611-8, id: 0.08558070645241611-9, id: 0.08558070645241611-10, id: 0.08558070645241611-11, id: 0.08558070645241611-12, id: 0.08558070645241611-13, id: 0.08558070645241611-14, id: 0.08558070645241611-15, id: 0.08558070645241611-16, id: 0.08558070645241611-17, id: 0.08558070645241611-18, id: 0.08558070645241611-19, id: 0.08558070645241611-20, id: 0.08558070645241611-21, id: 0.08558070645241611-22, id: 0.08558070645241611-23, id: 0.08558070645241611-24, id: 0.08558070645241611-25, id: 0.08558070645241611-26, id: 0.08558070645241611-27, id: 0.08558070645241611-28, id: 0.08558070645241611-29, id: 0.08558070645241611-30, id: 0.08558070645241611-31, id: 0.08558070645241611-32, id: 0.08558070645241611-33, id: 0.08558070645241611-34, id: 0.08558070645241611-35, id: 0.08558070645241611-36, id: 0.08558070645241611-37, id: 0.08558070645241611-38, id: 0.08558070645241611-39, id: 0.08558070645241611-40, id: 0.08558070645241611-41, id: 0.08558070645241611-42, id: 0.08558070645241611-43, id: 0.08558070645241611-44, id: 0.08558070645241611-45, id: 0.08558070645241611-46, id: 0.08558070645241611-47, id: 0.08558070645241611-48, id: 0.08558070645241611-49, id: 0.08558070645241611-50, id: 0.08558070645241611-51, id: 0.08558070645241611-52, id: 0.08558070645241611-53, id: 0.08558070645241611-54, id: 0.08558070645241611-55, id: 0.08558070645241611-56, id: 0.08558070645241611-57, id: 0.08558070645241611-58, id: 0.08558070645241611-59, id: 0.08558070645241611-60, id: 0.08558070645241611-61, id: 0.08558070645241611-62, id: 0.08558070645241611-63, id: 0.08558070645241611-64, id: 0.08558070645241611-65, id: 0.08558070645241611-66, id: 0.08558070645241611-67, id: 0.08558070645241611-68, id: 0.08558070645241611-69, id: 0.08558070645241611-70, id: 0.08558070645241611-71, id: 0.08558070645241611-72, id: 0.08558070645241611-73, id: 0.08558070645241611-74, id: 0.08558070645241611-75, id: 0.08558070645241611-76, id: 0.08558070645241611-77, id: 0.08558070645241611-78, id: 0.08558070645241611-79, id: 0.08558070645241611-80, id: 0.08558070645241611-81, id: 0.08558070645241611-82, id: 0.08558070645241611-83, id: 0.08558070645241611-84, id: 0.08558070645241611-85, id: 0.08558070645241611-86, id: 0.08558070645241611-87, id: 0.08558070645241611-88, id: 0.08558070645241611-89, id: 0.08558070645241611-90, id: 0.08558070645241611-91, id: 0.08558070645241611-92, id: 0.08558070645241611-93, id: 0.08558070645241611-94, id: 0.08558070645241611-95, id: 0.08558070645241611-96]
[WebDriverCommandLogger] - Executing getElementText element: By.xpath: //div[@id=&apos;c_articlelist_stories_2&apos;]/ul[1]/li/span[1]/a parameters: {&quot;id&quot;:&quot;0.08558070645241611-39&quot;}
[WebDriverCommandLogger] - command: getElementText[ param-1: By.xpath: //div[@id=&apos;c_articlelist_stories_2&apos;]/ul[1]/li/span[1]/a param-2: {&quot;id&quot;:&quot;0.08558070645241611-39&quot;}] Result: getElementText:RTS chief asks govt departments to respond to service queries
[WebDriverCommandLogger] - Executing findElements parameters: {&quot;using&quot;:&quot;xpath&quot;,&quot;value&quot;:&quot;//div[@id=&apos;c_articlelist_stories_2&apos;]/ul[1]/li/span[2]/span[2]&quot;}
[WebDriverCommandLogger] - command: findElements[ param-1: {value=//div[@id=&apos;c_articlelist_stories_2&apos;]/ul[1]/li/span[2]/span[2], using=xpath}] Result: [id: 0.08558070645241611-97, id: 0.08558070645241611-98, id: 0.08558070645241611-99, id: 0.08558070645241611-100, id: 0.08558070645241611-101, id: 0.08558070645241611-102, id: 0.08558070645241611-103, id: 0.08558070645241611-104, id: 0.08558070645241611-105, id: 0.08558070645241611-106, id: 0.08558070645241611-107, id: 0.08558070645241611-108, id: 0.08558070645241611-109, id: 0.08558070645241611-110, id: 0.08558070645241611-111, id: 0.08558070645241611-112, id: 0.08558070645241611-113, id: 0.08558070645241611-114, id: 0.08558070645241611-115, id: 0.08558070645241611-116, id: 0.08558070645241611-117, id: 0.08558070645241611-118, id: 0.08558070645241611-119, id: 0.08558070645241611-120, id: 0.08558070645241611-121, id: 0.08558070645241611-122, id: 0.08558070645241611-123, id: 0.08558070645241611-124, id: 0.08558070645241611-125, id: 0.08558070645241611-126, id: 0.08558070645241611-127, id: 0.08558070645241611-128, id: 0.08558070645241611-129, id: 0.08558070645241611-130, id: 0.08558070645241611-131, id: 0.08558070645241611-132, id: 0.08558070645241611-133, id: 0.08558070645241611-134, id: 0.08558070645241611-135, id: 0.08558070645241611-136, id: 0.08558070645241611-137, id: 0.08558070645241611-138, id: 0.08558070645241611-139, id: 0.08558070645241611-140, id: 0.08558070645241611-141, id: 0.08558070645241611-142, id: 0.08558070645241611-143, id: 0.08558070645241611-144, id: 0.08558070645241611-145, id: 0.08558070645241611-146, id: 0.08558070645241611-147, id: 0.08558070645241611-148, id: 0.08558070645241611-149, id: 0.08558070645241611-150, id: 0.08558070645241611-151, id: 0.08558070645241611-152, id: 0.08558070645241611-153, id: 0.08558070645241611-154, id: 0.08558070645241611-155, id: 0.08558070645241611-156, id: 0.08558070645241611-157, id: 0.08558070645241611-158, id: 0.08558070645241611-159, id: 0.08558070645241611-160, id: 0.08558070645241611-161, id: 0.08558070645241611-162, id: 0.08558070645241611-163, id: 0.08558070645241611-164, id: 0.08558070645241611-165, id: 0.08558070645241611-166, id: 0.08558070645241611-167, id: 0.08558070645241611-168, id: 0.08558070645241611-169, id: 0.08558070645241611-170, id: 0.08558070645241611-171, id: 0.08558070645241611-172, id: 0.08558070645241611-173, id: 0.08558070645241611-174, id: 0.08558070645241611-175, id: 0.08558070645241611-176, id: 0.08558070645241611-177, id: 0.08558070645241611-178, id: 0.08558070645241611-179, id: 0.08558070645241611-180, id: 0.08558070645241611-181, id: 0.08558070645241611-182, id: 0.08558070645241611-183, id: 0.08558070645241611-184, id: 0.08558070645241611-185, id: 0.08558070645241611-186, id: 0.08558070645241611-187, id: 0.08558070645241611-188, id: 0.08558070645241611-189, id: 0.08558070645241611-190, id: 0.08558070645241611-191, id: 0.08558070645241611-192]
[WebDriverCommandLogger] - Executing findElements parameters: {&quot;using&quot;:&quot;xpath&quot;,&quot;value&quot;:&quot;//div[@id=&apos;c_articlelist_stories_2&apos;]/ul[1]/li/span[2]/span[2]&quot;}
[WebDriverCommandLogger] - command: findElements[ param-1: {value=//div[@id=&apos;c_articlelist_stories_2&apos;]/ul[1]/li/span[2]/span[2], using=xpath}] Result: [id: 0.08558070645241611-97, id: 0.08558070645241611-98, id: 0.08558070645241611-99, id: 0.08558070645241611-100, id: 0.08558070645241611-101, id: 0.08558070645241611-102, id: 0.08558070645241611-103, id: 0.08558070645241611-104, id: 0.08558070645241611-105, id: 0.08558070645241611-106, id: 0.08558070645241611-107, id: 0.08558070645241611-108, id: 0.08558070645241611-109, id: 0.08558070645241611-110, id: 0.08558070645241611-111, id: 0.08558070645241611-112, id: 0.08558070645241611-113, id: 0.08558070645241611-114, id: 0.08558070645241611-115, id: 0.08558070645241611-116, id: 0.08558070645241611-117, id: 0.08558070645241611-118, id: 0.08558070645241611-119, id: 0.08558070645241611-120, id: 0.08558070645241611-121, id: 0.08558070645241611-122, id: 0.08558070645241611-123, id: 0.08558070645241611-124, id: 0.08558070645241611-125, id: 0.08558070645241611-126, id: 0.08558070645241611-127, id: 0.08558070645241611-128, id: 0.08558070645241611-129, id: 0.08558070645241611-130, id: 0.08558070645241611-131, id: 0.08558070645241611-132, id: 0.08558070645241611-133, id: 0.08558070645241611-134, id: 0.08558070645241611-135, id: 0.08558070645241611-136, id: 0.08558070645241611-137, id: 0.08558070645241611-138, id: 0.08558070645241611-139, id: 0.08558070645241611-140, id: 0.08558070645241611-141, id: 0.08558070645241611-142, id: 0.08558070645241611-143, id: 0.08558070645241611-144, id: 0.08558070645241611-145, id: 0.08558070645241611-146, id: 0.08558070645241611-147, id: 0.08558070645241611-148, id: 0.08558070645241611-149, id: 0.08558070645241611-150, id: 0.08558070645241611-151, id: 0.08558070645241611-152, id: 0.08558070645241611-153, id: 0.08558070645241611-154, id: 0.08558070645241611-155, id: 0.08558070645241611-156, id: 0.08558070645241611-157, id: 0.08558070645241611-158, id: 0.08558070645241611-159, id: 0.08558070645241611-160, id: 0.08558070645241611-161, id: 0.08558070645241611-162, id: 0.08558070645241611-163, id: 0.08558070645241611-164, id: 0.08558070645241611-165, id: 0.08558070645241611-166, id: 0.08558070645241611-167, id: 0.08558070645241611-168, id: 0.08558070645241611-169, id: 0.08558070645241611-170, id: 0.08558070645241611-171, id: 0.08558070645241611-172, id: 0.08558070645241611-173, id: 0.08558070645241611-174, id: 0.08558070645241611-175, id: 0.08558070645241611-176, id: 0.08558070645241611-177, id: 0.08558070645241611-178, id: 0.08558070645241611-179, id: 0.08558070645241611-180, id: 0.08558070645241611-181, id: 0.08558070645241611-182, id: 0.08558070645241611-183, id: 0.08558070645241611-184, id: 0.08558070645241611-185, id: 0.08558070645241611-186, id: 0.08558070645241611-187, id: 0.08558070645241611-188, id: 0.08558070645241611-189, id: 0.08558070645241611-190, id: 0.08558070645241611-191, id: 0.08558070645241611-192]
[WebDriverCommandLogger] - Executing getElementText element: By.xpath: //div[@id=&apos;c_articlelist_stories_2&apos;]/ul[1]/li/span[2]/span[2] parameters: {&quot;id&quot;:&quot;0.08558070645241611-136&quot;}
[WebDriverCommandLogger] - command: getElementText[ param-1: By.xpath: //div[@id=&apos;c_articlelist_stories_2&apos;]/ul[1]/li/span[2]/span[2] param-2: {&quot;id&quot;:&quot;0.08558070645241611-136&quot;}] Result: getElementText:1 DAY AGO
[WebDriverCommandLogger] - Executing findElements parameters: {&quot;using&quot;:&quot;xpath&quot;,&quot;value&quot;:&quot;//div[@id=&apos;c_articlelist_stories_2&apos;]/ul[1]/li/span[2]/span[2]&quot;}
[WebDriverCommandLogger] - command: findElements[ param-1: {value=//div[@id=&apos;c_articlelist_stories_2&apos;]/ul[1]/li/span[2]/span[2], using=xpath}] Result: [id: 0.08558070645241611-97, id: 0.08558070645241611-98, id: 0.08558070645241611-99, id: 0.08558070645241611-100, id: 0.08558070645241611-101, id: 0.08558070645241611-102, id: 0.08558070645241611-103, id: 0.08558070645241611-104, id: 0.08558070645241611-105, id: 0.08558070645241611-106, id: 0.08558070645241611-107, id: 0.08558070645241611-108, id: 0.08558070645241611-109, id: 0.08558070645241611-110, id: 0.08558070645241611-111, id: 0.08558070645241611-112, id: 0.08558070645241611-113, id: 0.08558070645241611-114, id: 0.08558070645241611-115, id: 0.08558070645241611-116, id: 0.08558070645241611-117, id: 0.08558070645241611-118, id: 0.08558070645241611-119, id: 0.08558070645241611-120, id: 0.08558070645241611-121, id: 0.08558070645241611-122, id: 0.08558070645241611-123, id: 0.08558070645241611-124, id: 0.08558070645241611-125, id: 0.08558070645241611-126, id: 0.08558070645241611-127, id: 0.08558070645241611-128, id: 0.08558070645241611-129, id: 0.08558070645241611-130, id: 0.08558070645241611-131, id: 0.08558070645241611-132, id: 0.08558070645241611-133, id: 0.08558070645241611-134, id: 0.08558070645241611-135, id: 0.08558070645241611-136, id: 0.08558070645241611-137, id: 0.08558070645241611-138, id: 0.08558070645241611-139, id: 0.08558070645241611-140, id: 0.08558070645241611-141, id: 0.08558070645241611-142, id: 0.08558070645241611-143, id: 0.08558070645241611-144, id: 0.08558070645241611-145, id: 0.08558070645241611-146, id: 0.08558070645241611-147, id: 0.08558070645241611-148, id: 0.08558070645241611-149, id: 0.08558070645241611-150, id: 0.08558070645241611-151, id: 0.08558070645241611-152, id: 0.08558070645241611-153, id: 0.08558070645241611-154, id: 0.08558070645241611-155, id: 0.08558070645241611-156, id: 0.08558070645241611-157, id: 0.08558070645241611-158, id: 0.08558070645241611-159, id: 0.08558070645241611-160, id: 0.08558070645241611-161, id: 0.08558070645241611-162, id: 0.08558070645241611-163, id: 0.08558070645241611-164, id: 0.08558070645241611-165, id: 0.08558070645241611-166, id: 0.08558070645241611-167, id: 0.08558070645241611-168, id: 0.08558070645241611-169, id: 0.08558070645241611-170, id: 0.08558070645241611-171, id: 0.08558070645241611-172, id: 0.08558070645241611-173, id: 0.08558070645241611-174, id: 0.08558070645241611-175, id: 0.08558070645241611-176, id: 0.08558070645241611-177, id: 0.08558070645241611-178, id: 0.08558070645241611-179, id: 0.08558070645241611-180, id: 0.08558070645241611-181, id: 0.08558070645241611-182, id: 0.08558070645241611-183, id: 0.08558070645241611-184, id: 0.08558070645241611-185, id: 0.08558070645241611-186, id: 0.08558070645241611-187, id: 0.08558070645241611-188, id: 0.08558070645241611-189, id: 0.08558070645241611-190, id: 0.08558070645241611-191, id: 0.08558070645241611-192]
[WebDriverCommandLogger] - Executing getElementText element: By.xpath: //div[@id=&apos;c_articlelist_stories_2&apos;]/ul[1]/li/span[2]/span[2] parameters: {&quot;id&quot;:&quot;0.08558070645241611-136&quot;}
[WebDriverCommandLogger] - command: getElementText[ param-1: By.xpath: //div[@id=&apos;c_articlelist_stories_2&apos;]/ul[1]/li/span[2]/span[2] param-2: {&quot;id&quot;:&quot;0.08558070645241611-136&quot;}] Result: getElementText:1 DAY AGO
[WebDriverCommandLogger] - Executing findElements parameters: {&quot;using&quot;:&quot;xpath&quot;,&quot;value&quot;:&quot;//div[@id=&apos;c_articlelist_stories_2&apos;]/ul[1]/li/span[1]/a&quot;}
[WebDriverCommandLogger] - command: findElements[ param-1: {value=//div[@id=&apos;c_articlelist_stories_2&apos;]/ul[1]/li/span[1]/a, using=xpath}] Result: [id: 0.08558070645241611-1, id: 0.08558070645241611-2, id: 0.08558070645241611-3, id: 0.08558070645241611-4, id: 0.08558070645241611-5, id: 0.08558070645241611-6, id: 0.08558070645241611-7, id: 0.08558070645241611-8, id: 0.08558070645241611-9, id: 0.08558070645241611-10, id: 0.08558070645241611-11, id: 0.08558070645241611-12, id: 0.08558070645241611-13, id: 0.08558070645241611-14, id: 0.08558070645241611-15, id: 0.08558070645241611-16, id: 0.08558070645241611-17, id: 0.08558070645241611-18, id: 0.08558070645241611-19, id: 0.08558070645241611-20, id: 0.08558070645241611-21, id: 0.08558070645241611-22, id: 0.08558070645241611-23, id: 0.08558070645241611-24, id: 0.08558070645241611-25, id: 0.08558070645241611-26, id: 0.08558070645241611-27, id: 0.08558070645241611-28, id: 0.08558070645241611-29, id: 0.08558070645241611-30, id: 0.08558070645241611-31, id: 0.08558070645241611-32, id: 0.08558070645241611-33, id: 0.08558070645241611-34, id: 0.08558070645241611-35, id: 0.08558070645241611-36, id: 0.08558070645241611-37, id: 0.08558070645241611-38, id: 0.08558070645241611-39, id: 0.08558070645241611-40, id: 0.08558070645241611-41, id: 0.08558070645241611-42, id: 0.08558070645241611-43, id: 0.08558070645241611-44, id: 0.08558070645241611-45, id: 0.08558070645241611-46, id: 0.08558070645241611-47, id: 0.08558070645241611-48, id: 0.08558070645241611-49, id: 0.08558070645241611-50, id: 0.08558070645241611-51, id: 0.08558070645241611-52, id: 0.08558070645241611-53, id: 0.08558070645241611-54, id: 0.08558070645241611-55, id: 0.08558070645241611-56, id: 0.08558070645241611-57, id: 0.08558070645241611-58, id: 0.08558070645241611-59, id: 0.08558070645241611-60, id: 0.08558070645241611-61, id: 0.08558070645241611-62, id: 0.08558070645241611-63, id: 0.08558070645241611-64, id: 0.08558070645241611-65, id: 0.08558070645241611-66, id: 0.08558070645241611-67, id: 0.08558070645241611-68, id: 0.08558070645241611-69, id: 0.08558070645241611-70, id: 0.08558070645241611-71, id: 0.08558070645241611-72, id: 0.08558070645241611-73, id: 0.08558070645241611-74, id: 0.08558070645241611-75, id: 0.08558070645241611-76, id: 0.08558070645241611-77, id: 0.08558070645241611-78, id: 0.08558070645241611-79, id: 0.08558070645241611-80, id: 0.08558070645241611-81, id: 0.08558070645241611-82, id: 0.08558070645241611-83, id: 0.08558070645241611-84, id: 0.08558070645241611-85, id: 0.08558070645241611-86, id: 0.08558070645241611-87, id: 0.08558070645241611-88, id: 0.08558070645241611-89, id: 0.08558070645241611-90, id: 0.08558070645241611-91, id: 0.08558070645241611-92, id: 0.08558070645241611-93, id: 0.08558070645241611-94, id: 0.08558070645241611-95, id: 0.08558070645241611-96]
[WebDriverCommandLogger] - Executing getElementText element: By.xpath: //div[@id=&apos;c_articlelist_stories_2&apos;]/ul[1]/li/span[1]/a parameters: {&quot;id&quot;:&quot;0.08558070645241611-40&quot;}
[WebDriverCommandLogger] - command: getElementText[ param-1: By.xpath: //div[@id=&apos;c_articlelist_stories_2&apos;]/ul[1]/li/span[1]/a param-2: {&quot;id&quot;:&quot;0.08558070645241611-40&quot;}] Result: getElementText:Man murders wife &amp; son, daughter among two hurt
[WebDriverCommandLogger] - Executing findElements parameters: {&quot;using&quot;:&quot;xpath&quot;,&quot;value&quot;:&quot;//div[@id=&apos;c_articlelist_stories_2&apos;]/ul[1]/li/span[2]/span[2]&quot;}
[WebDriverCommandLogger] - command: findElements[ param-1: {value=//div[@id=&apos;c_articlelist_stories_2&apos;]/ul[1]/li/span[2]/span[2], using=xpath}] Result: [id: 0.08558070645241611-97, id: 0.08558070645241611-98, id: 0.08558070645241611-99, id: 0.08558070645241611-100, id: 0.08558070645241611-101, id: 0.08558070645241611-102, id: 0.08558070645241611-103, id: 0.08558070645241611-104, id: 0.08558070645241611-105, id: 0.08558070645241611-106, id: 0.08558070645241611-107, id: 0.08558070645241611-108, id: 0.08558070645241611-109, id: 0.08558070645241611-110, id: 0.08558070645241611-111, id: 0.08558070645241611-112, id: 0.08558070645241611-113, id: 0.08558070645241611-114, id: 0.08558070645241611-115, id: 0.08558070645241611-116, id: 0.08558070645241611-117, id: 0.08558070645241611-118, id: 0.08558070645241611-119, id: 0.08558070645241611-120, id: 0.08558070645241611-121, id: 0.08558070645241611-122, id: 0.08558070645241611-123, id: 0.08558070645241611-124, id: 0.08558070645241611-125, id: 0.08558070645241611-126, id: 0.08558070645241611-127, id: 0.08558070645241611-128, id: 0.08558070645241611-129, id: 0.08558070645241611-130, id: 0.08558070645241611-131, id: 0.08558070645241611-132, id: 0.08558070645241611-133, id: 0.08558070645241611-134, id: 0.08558070645241611-135, id: 0.08558070645241611-136, id: 0.08558070645241611-137, id: 0.08558070645241611-138, id: 0.08558070645241611-139, id: 0.08558070645241611-140, id: 0.08558070645241611-141, id: 0.08558070645241611-142, id: 0.08558070645241611-143, id: 0.08558070645241611-144, id: 0.08558070645241611-145, id: 0.08558070645241611-146, id: 0.08558070645241611-147, id: 0.08558070645241611-148, id: 0.08558070645241611-149, id: 0.08558070645241611-150, id: 0.08558070645241611-151, id: 0.08558070645241611-152, id: 0.08558070645241611-153, id: 0.08558070645241611-154, id: 0.08558070645241611-155, id: 0.08558070645241611-156, id: 0.08558070645241611-157, id: 0.08558070645241611-158, id: 0.08558070645241611-159, id: 0.08558070645241611-160, id: 0.08558070645241611-161, id: 0.08558070645241611-162, id: 0.08558070645241611-163, id: 0.08558070645241611-164, id: 0.08558070645241611-165, id: 0.08558070645241611-166, id: 0.08558070645241611-167, id: 0.08558070645241611-168, id: 0.08558070645241611-169, id: 0.08558070645241611-170, id: 0.08558070645241611-171, id: 0.08558070645241611-172, id: 0.08558070645241611-173, id: 0.08558070645241611-174, id: 0.08558070645241611-175, id: 0.08558070645241611-176, id: 0.08558070645241611-177, id: 0.08558070645241611-178, id: 0.08558070645241611-179, id: 0.08558070645241611-180, id: 0.08558070645241611-181, id: 0.08558070645241611-182, id: 0.08558070645241611-183, id: 0.08558070645241611-184, id: 0.08558070645241611-185, id: 0.08558070645241611-186, id: 0.08558070645241611-187, id: 0.08558070645241611-188, id: 0.08558070645241611-189, id: 0.08558070645241611-190, id: 0.08558070645241611-191, id: 0.08558070645241611-192]
[WebDriverCommandLogger] - Executing findElements parameters: {&quot;using&quot;:&quot;xpath&quot;,&quot;value&quot;:&quot;//div[@id=&apos;c_articlelist_stories_2&apos;]/ul[1]/li/span[2]/span[2]&quot;}
[WebDriverCommandLogger] - command: findElements[ param-1: {value=//div[@id=&apos;c_articlelist_stories_2&apos;]/ul[1]/li/span[2]/span[2], using=xpath}] Result: [id: 0.08558070645241611-97, id: 0.08558070645241611-98, id: 0.08558070645241611-99, id: 0.08558070645241611-100, id: 0.08558070645241611-101, id: 0.08558070645241611-102, id: 0.08558070645241611-103, id: 0.08558070645241611-104, id: 0.08558070645241611-105, id: 0.08558070645241611-106, id: 0.08558070645241611-107, id: 0.08558070645241611-108, id: 0.08558070645241611-109, id: 0.08558070645241611-110, id: 0.08558070645241611-111, id: 0.08558070645241611-112, id: 0.08558070645241611-113, id: 0.08558070645241611-114, id: 0.08558070645241611-115, id: 0.08558070645241611-116, id: 0.08558070645241611-117, id: 0.08558070645241611-118, id: 0.08558070645241611-119, id: 0.08558070645241611-120, id: 0.08558070645241611-121, id: 0.08558070645241611-122, id: 0.08558070645241611-123, id: 0.08558070645241611-124, id: 0.08558070645241611-125, id: 0.08558070645241611-126, id: 0.08558070645241611-127, id: 0.08558070645241611-128, id: 0.08558070645241611-129, id: 0.08558070645241611-130, id: 0.08558070645241611-131, id: 0.08558070645241611-132, id: 0.08558070645241611-133, id: 0.08558070645241611-134, id: 0.08558070645241611-135, id: 0.08558070645241611-136, id: 0.08558070645241611-137, id: 0.08558070645241611-138, id: 0.08558070645241611-139, id: 0.08558070645241611-140, id: 0.08558070645241611-141, id: 0.08558070645241611-142, id: 0.08558070645241611-143, id: 0.08558070645241611-144, id: 0.08558070645241611-145, id: 0.08558070645241611-146, id: 0.08558070645241611-147, id: 0.08558070645241611-148, id: 0.08558070645241611-149, id: 0.08558070645241611-150, id: 0.08558070645241611-151, id: 0.08558070645241611-152, id: 0.08558070645241611-153, id: 0.08558070645241611-154, id: 0.08558070645241611-155, id: 0.08558070645241611-156, id: 0.08558070645241611-157, id: 0.08558070645241611-158, id: 0.08558070645241611-159, id: 0.08558070645241611-160, id: 0.08558070645241611-161, id: 0.08558070645241611-162, id: 0.08558070645241611-163, id: 0.08558070645241611-164, id: 0.08558070645241611-165, id: 0.08558070645241611-166, id: 0.08558070645241611-167, id: 0.08558070645241611-168, id: 0.08558070645241611-169, id: 0.08558070645241611-170, id: 0.08558070645241611-171, id: 0.08558070645241611-172, id: 0.08558070645241611-173, id: 0.08558070645241611-174, id: 0.08558070645241611-175, id: 0.08558070645241611-176, id: 0.08558070645241611-177, id: 0.08558070645241611-178, id: 0.08558070645241611-179, id: 0.08558070645241611-180, id: 0.08558070645241611-181, id: 0.08558070645241611-182, id: 0.08558070645241611-183, id: 0.08558070645241611-184, id: 0.08558070645241611-185, id: 0.08558070645241611-186, id: 0.08558070645241611-187, id: 0.08558070645241611-188, id: 0.08558070645241611-189, id: 0.08558070645241611-190, id: 0.08558070645241611-191, id: 0.08558070645241611-192]
[WebDriverCommandLogger] - Executing getElementText element: By.xpath: //div[@id=&apos;c_articlelist_stories_2&apos;]/ul[1]/li/span[2]/span[2] parameters: {&quot;id&quot;:&quot;0.08558070645241611-137&quot;}
[WebDriverCommandLogger] - command: getElementText[ param-1: By.xpath: //div[@id=&apos;c_articlelist_stories_2&apos;]/ul[1]/li/span[2]/span[2] param-2: {&quot;id&quot;:&quot;0.08558070645241611-137&quot;}] Result: getElementText:1 DAY AGO
[WebDriverCommandLogger] - Executing findElements parameters: {&quot;using&quot;:&quot;xpath&quot;,&quot;value&quot;:&quot;//div[@id=&apos;c_articlelist_stories_2&apos;]/ul[1]/li/span[2]/span[2]&quot;}
[WebDriverCommandLogger] - command: findElements[ param-1: {value=//div[@id=&apos;c_articlelist_stories_2&apos;]/ul[1]/li/span[2]/span[2], using=xpath}] Result: [id: 0.08558070645241611-97, id: 0.08558070645241611-98, id: 0.08558070645241611-99, id: 0.08558070645241611-100, id: 0.08558070645241611-101, id: 0.08558070645241611-102, id: 0.08558070645241611-103, id: 0.08558070645241611-104, id: 0.08558070645241611-105, id: 0.08558070645241611-106, id: 0.08558070645241611-107, id: 0.08558070645241611-108, id: 0.08558070645241611-109, id: 0.08558070645241611-110, id: 0.08558070645241611-111, id: 0.08558070645241611-112, id: 0.08558070645241611-113, id: 0.08558070645241611-114, id: 0.08558070645241611-115, id: 0.08558070645241611-116, id: 0.08558070645241611-117, id: 0.08558070645241611-118, id: 0.08558070645241611-119, id: 0.08558070645241611-120, id: 0.08558070645241611-121, id: 0.08558070645241611-122, id: 0.08558070645241611-123, id: 0.08558070645241611-124, id: 0.08558070645241611-125, id: 0.08558070645241611-126, id: 0.08558070645241611-127, id: 0.08558070645241611-128, id: 0.08558070645241611-129, id: 0.08558070645241611-130, id: 0.08558070645241611-131, id: 0.08558070645241611-132, id: 0.08558070645241611-133, id: 0.08558070645241611-134, id: 0.08558070645241611-135, id: 0.08558070645241611-136, id: 0.08558070645241611-137, id: 0.08558070645241611-138, id: 0.08558070645241611-139, id: 0.08558070645241611-140, id: 0.08558070645241611-141, id: 0.08558070645241611-142, id: 0.08558070645241611-143, id: 0.08558070645241611-144, id: 0.08558070645241611-145, id: 0.08558070645241611-146, id: 0.08558070645241611-147, id: 0.08558070645241611-148, id: 0.08558070645241611-149, id: 0.08558070645241611-150, id: 0.08558070645241611-151, id: 0.08558070645241611-152, id: 0.08558070645241611-153, id: 0.08558070645241611-154, id: 0.08558070645241611-155, id: 0.08558070645241611-156, id: 0.08558070645241611-157, id: 0.08558070645241611-158, id: 0.08558070645241611-159, id: 0.08558070645241611-160, id: 0.08558070645241611-161, id: 0.08558070645241611-162, id: 0.08558070645241611-163, id: 0.08558070645241611-164, id: 0.08558070645241611-165, id: 0.08558070645241611-166, id: 0.08558070645241611-167, id: 0.08558070645241611-168, id: 0.08558070645241611-169, id: 0.08558070645241611-170, id: 0.08558070645241611-171, id: 0.08558070645241611-172, id: 0.08558070645241611-173, id: 0.08558070645241611-174, id: 0.08558070645241611-175, id: 0.08558070645241611-176, id: 0.08558070645241611-177, id: 0.08558070645241611-178, id: 0.08558070645241611-179, id: 0.08558070645241611-180, id: 0.08558070645241611-181, id: 0.08558070645241611-182, id: 0.08558070645241611-183, id: 0.08558070645241611-184, id: 0.08558070645241611-185, id: 0.08558070645241611-186, id: 0.08558070645241611-187, id: 0.08558070645241611-188, id: 0.08558070645241611-189, id: 0.08558070645241611-190, id: 0.08558070645241611-191, id: 0.08558070645241611-192]
[WebDriverCommandLogger] - Executing getElementText element: By.xpath: //div[@id=&apos;c_articlelist_stories_2&apos;]/ul[1]/li/span[2]/span[2] parameters: {&quot;id&quot;:&quot;0.08558070645241611-137&quot;}
[WebDriverCommandLogger] - command: getElementText[ param-1: By.xpath: //div[@id=&apos;c_articlelist_stories_2&apos;]/ul[1]/li/span[2]/span[2] param-2: {&quot;id&quot;:&quot;0.08558070645241611-137&quot;}] Result: getElementText:1 DAY AGO
[WebDriverCommandLogger] - Executing findElements parameters: {&quot;using&quot;:&quot;xpath&quot;,&quot;value&quot;:&quot;//div[@id=&apos;c_articlelist_stories_2&apos;]/ul[1]/li/span[1]/a&quot;}
[WebDriverCommandLogger] - command: findElements[ param-1: {value=//div[@id=&apos;c_articlelist_stories_2&apos;]/ul[1]/li/span[1]/a, using=xpath}] Result: [id: 0.08558070645241611-1, id: 0.08558070645241611-2, id: 0.08558070645241611-3, id: 0.08558070645241611-4, id: 0.08558070645241611-5, id: 0.08558070645241611-6, id: 0.08558070645241611-7, id: 0.08558070645241611-8, id: 0.08558070645241611-9, id: 0.08558070645241611-10, id: 0.08558070645241611-11, id: 0.08558070645241611-12, id: 0.08558070645241611-13, id: 0.08558070645241611-14, id: 0.08558070645241611-15, id: 0.08558070645241611-16, id: 0.08558070645241611-17, id: 0.08558070645241611-18, id: 0.08558070645241611-19, id: 0.08558070645241611-20, id: 0.08558070645241611-21, id: 0.08558070645241611-22, id: 0.08558070645241611-23, id: 0.08558070645241611-24, id: 0.08558070645241611-25, id: 0.08558070645241611-26, id: 0.08558070645241611-27, id: 0.08558070645241611-28, id: 0.08558070645241611-29, id: 0.08558070645241611-30, id: 0.08558070645241611-31, id: 0.08558070645241611-32, id: 0.08558070645241611-33, id: 0.08558070645241611-34, id: 0.08558070645241611-35, id: 0.08558070645241611-36, id: 0.08558070645241611-37, id: 0.08558070645241611-38, id: 0.08558070645241611-39, id: 0.08558070645241611-40, id: 0.08558070645241611-41, id: 0.08558070645241611-42, id: 0.08558070645241611-43, id: 0.08558070645241611-44, id: 0.08558070645241611-45, id: 0.08558070645241611-46, id: 0.08558070645241611-47, id: 0.08558070645241611-48, id: 0.08558070645241611-49, id: 0.08558070645241611-50, id: 0.08558070645241611-51, id: 0.08558070645241611-52, id: 0.08558070645241611-53, id: 0.08558070645241611-54, id: 0.08558070645241611-55, id: 0.08558070645241611-56, id: 0.08558070645241611-57, id: 0.08558070645241611-58, id: 0.08558070645241611-59, id: 0.08558070645241611-60, id: 0.08558070645241611-61, id: 0.08558070645241611-62, id: 0.08558070645241611-63, id: 0.08558070645241611-64, id: 0.08558070645241611-65, id: 0.08558070645241611-66, id: 0.08558070645241611-67, id: 0.08558070645241611-68, id: 0.08558070645241611-69, id: 0.08558070645241611-70, id: 0.08558070645241611-71, id: 0.08558070645241611-72, id: 0.08558070645241611-73, id: 0.08558070645241611-74, id: 0.08558070645241611-75, id: 0.08558070645241611-76, id: 0.08558070645241611-77, id: 0.08558070645241611-78, id: 0.08558070645241611-79, id: 0.08558070645241611-80, id: 0.08558070645241611-81, id: 0.08558070645241611-82, id: 0.08558070645241611-83, id: 0.08558070645241611-84, id: 0.08558070645241611-85, id: 0.08558070645241611-86, id: 0.08558070645241611-87, id: 0.08558070645241611-88, id: 0.08558070645241611-89, id: 0.08558070645241611-90, id: 0.08558070645241611-91, id: 0.08558070645241611-92, id: 0.08558070645241611-93, id: 0.08558070645241611-94, id: 0.08558070645241611-95, id: 0.08558070645241611-96]
[WebDriverCommandLogger] - Executing getElementText element: By.xpath: //div[@id=&apos;c_articlelist_stories_2&apos;]/ul[1]/li/span[1]/a parameters: {&quot;id&quot;:&quot;0.08558070645241611-41&quot;}
[WebDriverCommandLogger] - command: getElementText[ param-1: By.xpath: //div[@id=&apos;c_articlelist_stories_2&apos;]/ul[1]/li/span[1]/a param-2: {&quot;id&quot;:&quot;0.08558070645241611-41&quot;}] Result: getElementText:Rural police organise camp to find missing people, identify bodies
[WebDriverCommandLogger] - Executing findElements parameters: {&quot;using&quot;:&quot;xpath&quot;,&quot;value&quot;:&quot;//div[@id=&apos;c_articlelist_stories_2&apos;]/ul[1]/li/span[2]/span[2]&quot;}
[WebDriverCommandLogger] - command: findElements[ param-1: {value=//div[@id=&apos;c_articlelist_stories_2&apos;]/ul[1]/li/span[2]/span[2], using=xpath}] Result: [id: 0.08558070645241611-97, id: 0.08558070645241611-98, id: 0.08558070645241611-99, id: 0.08558070645241611-100, id: 0.08558070645241611-101, id: 0.08558070645241611-102, id: 0.08558070645241611-103, id: 0.08558070645241611-104, id: 0.08558070645241611-105, id: 0.08558070645241611-106, id: 0.08558070645241611-107, id: 0.08558070645241611-108, id: 0.08558070645241611-109, id: 0.08558070645241611-110, id: 0.08558070645241611-111, id: 0.08558070645241611-112, id: 0.08558070645241611-113, id: 0.08558070645241611-114, id: 0.08558070645241611-115, id: 0.08558070645241611-116, id: 0.08558070645241611-117, id: 0.08558070645241611-118, id: 0.08558070645241611-119, id: 0.08558070645241611-120, id: 0.08558070645241611-121, id: 0.08558070645241611-122, id: 0.08558070645241611-123, id: 0.08558070645241611-124, id: 0.08558070645241611-125, id: 0.08558070645241611-126, id: 0.08558070645241611-127, id: 0.08558070645241611-128, id: 0.08558070645241611-129, id: 0.08558070645241611-130, id: 0.08558070645241611-131, id: 0.08558070645241611-132, id: 0.08558070645241611-133, id: 0.08558070645241611-134, id: 0.08558070645241611-135, id: 0.08558070645241611-136, id: 0.08558070645241611-137, id: 0.08558070645241611-138, id: 0.08558070645241611-139, id: 0.08558070645241611-140, id: 0.08558070645241611-141, id: 0.08558070645241611-142, id: 0.08558070645241611-143, id: 0.08558070645241611-144, id: 0.08558070645241611-145, id: 0.08558070645241611-146, id: 0.08558070645241611-147, id: 0.08558070645241611-148, id: 0.08558070645241611-149, id: 0.08558070645241611-150, id: 0.08558070645241611-151, id: 0.08558070645241611-152, id: 0.08558070645241611-153, id: 0.08558070645241611-154, id: 0.08558070645241611-155, id: 0.08558070645241611-156, id: 0.08558070645241611-157, id: 0.08558070645241611-158, id: 0.08558070645241611-159, id: 0.08558070645241611-160, id: 0.08558070645241611-161, id: 0.08558070645241611-162, id: 0.08558070645241611-163, id: 0.08558070645241611-164, id: 0.08558070645241611-165, id: 0.08558070645241611-166, id: 0.08558070645241611-167, id: 0.08558070645241611-168, id: 0.08558070645241611-169, id: 0.08558070645241611-170, id: 0.08558070645241611-171, id: 0.08558070645241611-172, id: 0.08558070645241611-173, id: 0.08558070645241611-174, id: 0.08558070645241611-175, id: 0.08558070645241611-176, id: 0.08558070645241611-177, id: 0.08558070645241611-178, id: 0.08558070645241611-179, id: 0.08558070645241611-180, id: 0.08558070645241611-181, id: 0.08558070645241611-182, id: 0.08558070645241611-183, id: 0.08558070645241611-184, id: 0.08558070645241611-185, id: 0.08558070645241611-186, id: 0.08558070645241611-187, id: 0.08558070645241611-188, id: 0.08558070645241611-189, id: 0.08558070645241611-190, id: 0.08558070645241611-191, id: 0.08558070645241611-192]
[WebDriverCommandLogger] - Executing findElements parameters: {&quot;using&quot;:&quot;xpath&quot;,&quot;value&quot;:&quot;//div[@id=&apos;c_articlelist_stories_2&apos;]/ul[1]/li/span[2]/span[2]&quot;}
[WebDriverCommandLogger] - command: findElements[ param-1: {value=//div[@id=&apos;c_articlelist_stories_2&apos;]/ul[1]/li/span[2]/span[2], using=xpath}] Result: [id: 0.08558070645241611-97, id: 0.08558070645241611-98, id: 0.08558070645241611-99, id: 0.08558070645241611-100, id: 0.08558070645241611-101, id: 0.08558070645241611-102, id: 0.08558070645241611-103, id: 0.08558070645241611-104, id: 0.08558070645241611-105, id: 0.08558070645241611-106, id: 0.08558070645241611-107, id: 0.08558070645241611-108, id: 0.08558070645241611-109, id: 0.08558070645241611-110, id: 0.08558070645241611-111, id: 0.08558070645241611-112, id: 0.08558070645241611-113, id: 0.08558070645241611-114, id: 0.08558070645241611-115, id: 0.08558070645241611-116, id: 0.08558070645241611-117, id: 0.08558070645241611-118, id: 0.08558070645241611-119, id: 0.08558070645241611-120, id: 0.08558070645241611-121, id: 0.08558070645241611-122, id: 0.08558070645241611-123, id: 0.08558070645241611-124, id: 0.08558070645241611-125, id: 0.08558070645241611-126, id: 0.08558070645241611-127, id: 0.08558070645241611-128, id: 0.08558070645241611-129, id: 0.08558070645241611-130, id: 0.08558070645241611-131, id: 0.08558070645241611-132, id: 0.08558070645241611-133, id: 0.08558070645241611-134, id: 0.08558070645241611-135, id: 0.08558070645241611-136, id: 0.08558070645241611-137, id: 0.08558070645241611-138, id: 0.08558070645241611-139, id: 0.08558070645241611-140, id: 0.08558070645241611-141, id: 0.08558070645241611-142, id: 0.08558070645241611-143, id: 0.08558070645241611-144, id: 0.08558070645241611-145, id: 0.08558070645241611-146, id: 0.08558070645241611-147, id: 0.08558070645241611-148, id: 0.08558070645241611-149, id: 0.08558070645241611-150, id: 0.08558070645241611-151, id: 0.08558070645241611-152, id: 0.08558070645241611-153, id: 0.08558070645241611-154, id: 0.08558070645241611-155, id: 0.08558070645241611-156, id: 0.08558070645241611-157, id: 0.08558070645241611-158, id: 0.08558070645241611-159, id: 0.08558070645241611-160, id: 0.08558070645241611-161, id: 0.08558070645241611-162, id: 0.08558070645241611-163, id: 0.08558070645241611-164, id: 0.08558070645241611-165, id: 0.08558070645241611-166, id: 0.08558070645241611-167, id: 0.08558070645241611-168, id: 0.08558070645241611-169, id: 0.08558070645241611-170, id: 0.08558070645241611-171, id: 0.08558070645241611-172, id: 0.08558070645241611-173, id: 0.08558070645241611-174, id: 0.08558070645241611-175, id: 0.08558070645241611-176, id: 0.08558070645241611-177, id: 0.08558070645241611-178, id: 0.08558070645241611-179, id: 0.08558070645241611-180, id: 0.08558070645241611-181, id: 0.08558070645241611-182, id: 0.08558070645241611-183, id: 0.08558070645241611-184, id: 0.08558070645241611-185, id: 0.08558070645241611-186, id: 0.08558070645241611-187, id: 0.08558070645241611-188, id: 0.08558070645241611-189, id: 0.08558070645241611-190, id: 0.08558070645241611-191, id: 0.08558070645241611-192]
[WebDriverCommandLogger] - Executing getElementText element: By.xpath: //div[@id=&apos;c_articlelist_stories_2&apos;]/ul[1]/li/span[2]/span[2] parameters: {&quot;id&quot;:&quot;0.08558070645241611-138&quot;}
[WebDriverCommandLogger] - command: getElementText[ param-1: By.xpath: //div[@id=&apos;c_articlelist_stories_2&apos;]/ul[1]/li/span[2]/span[2] param-2: {&quot;id&quot;:&quot;0.08558070645241611-138&quot;}] Result: getElementText:1 DAY AGO
[WebDriverCommandLogger] - Executing findElements parameters: {&quot;using&quot;:&quot;xpath&quot;,&quot;value&quot;:&quot;//div[@id=&apos;c_articlelist_stories_2&apos;]/ul[1]/li/span[2]/span[2]&quot;}
[WebDriverCommandLogger] - command: findElements[ param-1: {value=//div[@id=&apos;c_articlelist_stories_2&apos;]/ul[1]/li/span[2]/span[2], using=xpath}] Result: [id: 0.08558070645241611-97, id: 0.08558070645241611-98, id: 0.08558070645241611-99, id: 0.08558070645241611-100, id: 0.08558070645241611-101, id: 0.08558070645241611-102, id: 0.08558070645241611-103, id: 0.08558070645241611-104, id: 0.08558070645241611-105, id: 0.08558070645241611-106, id: 0.08558070645241611-107, id: 0.08558070645241611-108, id: 0.08558070645241611-109, id: 0.08558070645241611-110, id: 0.08558070645241611-111, id: 0.08558070645241611-112, id: 0.08558070645241611-113, id: 0.08558070645241611-114, id: 0.08558070645241611-115, id: 0.08558070645241611-116, id: 0.08558070645241611-117, id: 0.08558070645241611-118, id: 0.08558070645241611-119, id: 0.08558070645241611-120, id: 0.08558070645241611-121, id: 0.08558070645241611-122, id: 0.08558070645241611-123, id: 0.08558070645241611-124, id: 0.08558070645241611-125, id: 0.08558070645241611-126, id: 0.08558070645241611-127, id: 0.08558070645241611-128, id: 0.08558070645241611-129, id: 0.08558070645241611-130, id: 0.08558070645241611-131, id: 0.08558070645241611-132, id: 0.08558070645241611-133, id: 0.08558070645241611-134, id: 0.08558070645241611-135, id: 0.08558070645241611-136, id: 0.08558070645241611-137, id: 0.08558070645241611-138, id: 0.08558070645241611-139, id: 0.08558070645241611-140, id: 0.08558070645241611-141, id: 0.08558070645241611-142, id: 0.08558070645241611-143, id: 0.08558070645241611-144, id: 0.08558070645241611-145, id: 0.08558070645241611-146, id: 0.08558070645241611-147, id: 0.08558070645241611-148, id: 0.08558070645241611-149, id: 0.08558070645241611-150, id: 0.08558070645241611-151, id: 0.08558070645241611-152, id: 0.08558070645241611-153, id: 0.08558070645241611-154, id: 0.08558070645241611-155, id: 0.08558070645241611-156, id: 0.08558070645241611-157, id: 0.08558070645241611-158, id: 0.08558070645241611-159, id: 0.08558070645241611-160, id: 0.08558070645241611-161, id: 0.08558070645241611-162, id: 0.08558070645241611-163, id: 0.08558070645241611-164, id: 0.08558070645241611-165, id: 0.08558070645241611-166, id: 0.08558070645241611-167, id: 0.08558070645241611-168, id: 0.08558070645241611-169, id: 0.08558070645241611-170, id: 0.08558070645241611-171, id: 0.08558070645241611-172, id: 0.08558070645241611-173, id: 0.08558070645241611-174, id: 0.08558070645241611-175, id: 0.08558070645241611-176, id: 0.08558070645241611-177, id: 0.08558070645241611-178, id: 0.08558070645241611-179, id: 0.08558070645241611-180, id: 0.08558070645241611-181, id: 0.08558070645241611-182, id: 0.08558070645241611-183, id: 0.08558070645241611-184, id: 0.08558070645241611-185, id: 0.08558070645241611-186, id: 0.08558070645241611-187, id: 0.08558070645241611-188, id: 0.08558070645241611-189, id: 0.08558070645241611-190, id: 0.08558070645241611-191, id: 0.08558070645241611-192]
[WebDriverCommandLogger] - Executing getElementText element: By.xpath: //div[@id=&apos;c_articlelist_stories_2&apos;]/ul[1]/li/span[2]/span[2] parameters: {&quot;id&quot;:&quot;0.08558070645241611-138&quot;}
[WebDriverCommandLogger] - command: getElementText[ param-1: By.xpath: //div[@id=&apos;c_articlelist_stories_2&apos;]/ul[1]/li/span[2]/span[2] param-2: {&quot;id&quot;:&quot;0.08558070645241611-138&quot;}] Result: getElementText:1 DAY AGO
[WebDriverCommandLogger] - Executing findElements parameters: {&quot;using&quot;:&quot;xpath&quot;,&quot;value&quot;:&quot;//div[@id=&apos;c_articlelist_stories_2&apos;]/ul[1]/li/span[1]/a&quot;}
[WebDriverCommandLogger] - command: findElements[ param-1: {value=//div[@id=&apos;c_articlelist_stories_2&apos;]/ul[1]/li/span[1]/a, using=xpath}] Result: [id: 0.08558070645241611-1, id: 0.08558070645241611-2, id: 0.08558070645241611-3, id: 0.08558070645241611-4, id: 0.08558070645241611-5, id: 0.08558070645241611-6, id: 0.08558070645241611-7, id: 0.08558070645241611-8, id: 0.08558070645241611-9, id: 0.08558070645241611-10, id: 0.08558070645241611-11, id: 0.08558070645241611-12, id: 0.08558070645241611-13, id: 0.08558070645241611-14, id: 0.08558070645241611-15, id: 0.08558070645241611-16, id: 0.08558070645241611-17, id: 0.08558070645241611-18, id: 0.08558070645241611-19, id: 0.08558070645241611-20, id: 0.08558070645241611-21, id: 0.08558070645241611-22, id: 0.08558070645241611-23, id: 0.08558070645241611-24, id: 0.08558070645241611-25, id: 0.08558070645241611-26, id: 0.08558070645241611-27, id: 0.08558070645241611-28, id: 0.08558070645241611-29, id: 0.08558070645241611-30, id: 0.08558070645241611-31, id: 0.08558070645241611-32, id: 0.08558070645241611-33, id: 0.08558070645241611-34, id: 0.08558070645241611-35, id: 0.08558070645241611-36, id: 0.08558070645241611-37, id: 0.08558070645241611-38, id: 0.08558070645241611-39, id: 0.08558070645241611-40, id: 0.08558070645241611-41, id: 0.08558070645241611-42, id: 0.08558070645241611-43, id: 0.08558070645241611-44, id: 0.08558070645241611-45, id: 0.08558070645241611-46, id: 0.08558070645241611-47, id: 0.08558070645241611-48, id: 0.08558070645241611-49, id: 0.08558070645241611-50, id: 0.08558070645241611-51, id: 0.08558070645241611-52, id: 0.08558070645241611-53, id: 0.08558070645241611-54, id: 0.08558070645241611-55, id: 0.08558070645241611-56, id: 0.08558070645241611-57, id: 0.08558070645241611-58, id: 0.08558070645241611-59, id: 0.08558070645241611-60, id: 0.08558070645241611-61, id: 0.08558070645241611-62, id: 0.08558070645241611-63, id: 0.08558070645241611-64, id: 0.08558070645241611-65, id: 0.08558070645241611-66, id: 0.08558070645241611-67, id: 0.08558070645241611-68, id: 0.08558070645241611-69, id: 0.08558070645241611-70, id: 0.08558070645241611-71, id: 0.08558070645241611-72, id: 0.08558070645241611-73, id: 0.08558070645241611-74, id: 0.08558070645241611-75, id: 0.08558070645241611-76, id: 0.08558070645241611-77, id: 0.08558070645241611-78, id: 0.08558070645241611-79, id: 0.08558070645241611-80, id: 0.08558070645241611-81, id: 0.08558070645241611-82, id: 0.08558070645241611-83, id: 0.08558070645241611-84, id: 0.08558070645241611-85, id: 0.08558070645241611-86, id: 0.08558070645241611-87, id: 0.08558070645241611-88, id: 0.08558070645241611-89, id: 0.08558070645241611-90, id: 0.08558070645241611-91, id: 0.08558070645241611-92, id: 0.08558070645241611-93, id: 0.08558070645241611-94, id: 0.08558070645241611-95, id: 0.08558070645241611-96]
[WebDriverCommandLogger] - Executing getElementText element: By.xpath: //div[@id=&apos;c_articlelist_stories_2&apos;]/ul[1]/li/span[1]/a parameters: {&quot;id&quot;:&quot;0.08558070645241611-42&quot;}
[WebDriverCommandLogger] - command: getElementText[ param-1: By.xpath: //div[@id=&apos;c_articlelist_stories_2&apos;]/ul[1]/li/span[1]/a param-2: {&quot;id&quot;:&quot;0.08558070645241611-42&quot;}] Result: getElementText:KalamSat plants seeds of possible human mission
[WebDriverCommandLogger] - Executing findElements parameters: {&quot;using&quot;:&quot;xpath&quot;,&quot;value&quot;:&quot;//div[@id=&apos;c_articlelist_stories_2&apos;]/ul[1]/li/span[2]/span[2]&quot;}
[WebDriverCommandLogger] - command: findElements[ param-1: {value=//div[@id=&apos;c_articlelist_stories_2&apos;]/ul[1]/li/span[2]/span[2], using=xpath}] Result: [id: 0.08558070645241611-97, id: 0.08558070645241611-98, id: 0.08558070645241611-99, id: 0.08558070645241611-100, id: 0.08558070645241611-101, id: 0.08558070645241611-102, id: 0.08558070645241611-103, id: 0.08558070645241611-104, id: 0.08558070645241611-105, id: 0.08558070645241611-106, id: 0.08558070645241611-107, id: 0.08558070645241611-108, id: 0.08558070645241611-109, id: 0.08558070645241611-110, id: 0.08558070645241611-111, id: 0.08558070645241611-112, id: 0.08558070645241611-113, id: 0.08558070645241611-114, id: 0.08558070645241611-115, id: 0.08558070645241611-116, id: 0.08558070645241611-117, id: 0.08558070645241611-118, id: 0.08558070645241611-119, id: 0.08558070645241611-120, id: 0.08558070645241611-121, id: 0.08558070645241611-122, id: 0.08558070645241611-123, id: 0.08558070645241611-124, id: 0.08558070645241611-125, id: 0.08558070645241611-126, id: 0.08558070645241611-127, id: 0.08558070645241611-128, id: 0.08558070645241611-129, id: 0.08558070645241611-130, id: 0.08558070645241611-131, id: 0.08558070645241611-132, id: 0.08558070645241611-133, id: 0.08558070645241611-134, id: 0.08558070645241611-135, id: 0.08558070645241611-136, id: 0.08558070645241611-137, id: 0.08558070645241611-138, id: 0.08558070645241611-139, id: 0.08558070645241611-140, id: 0.08558070645241611-141, id: 0.08558070645241611-142, id: 0.08558070645241611-143, id: 0.08558070645241611-144, id: 0.08558070645241611-145, id: 0.08558070645241611-146, id: 0.08558070645241611-147, id: 0.08558070645241611-148, id: 0.08558070645241611-149, id: 0.08558070645241611-150, id: 0.08558070645241611-151, id: 0.08558070645241611-152, id: 0.08558070645241611-153, id: 0.08558070645241611-154, id: 0.08558070645241611-155, id: 0.08558070645241611-156, id: 0.08558070645241611-157, id: 0.08558070645241611-158, id: 0.08558070645241611-159, id: 0.08558070645241611-160, id: 0.08558070645241611-161, id: 0.08558070645241611-162, id: 0.08558070645241611-163, id: 0.08558070645241611-164, id: 0.08558070645241611-165, id: 0.08558070645241611-166, id: 0.08558070645241611-167, id: 0.08558070645241611-168, id: 0.08558070645241611-169, id: 0.08558070645241611-170, id: 0.08558070645241611-171, id: 0.08558070645241611-172, id: 0.08558070645241611-173, id: 0.08558070645241611-174, id: 0.08558070645241611-175, id: 0.08558070645241611-176, id: 0.08558070645241611-177, id: 0.08558070645241611-178, id: 0.08558070645241611-179, id: 0.08558070645241611-180, id: 0.08558070645241611-181, id: 0.08558070645241611-182, id: 0.08558070645241611-183, id: 0.08558070645241611-184, id: 0.08558070645241611-185, id: 0.08558070645241611-186, id: 0.08558070645241611-187, id: 0.08558070645241611-188, id: 0.08558070645241611-189, id: 0.08558070645241611-190, id: 0.08558070645241611-191, id: 0.08558070645241611-192]
[WebDriverCommandLogger] - Executing findElements parameters: {&quot;using&quot;:&quot;xpath&quot;,&quot;value&quot;:&quot;//div[@id=&apos;c_articlelist_stories_2&apos;]/ul[1]/li/span[2]/span[2]&quot;}
[WebDriverCommandLogger] - command: findElements[ param-1: {value=//div[@id=&apos;c_articlelist_stories_2&apos;]/ul[1]/li/span[2]/span[2], using=xpath}] Result: [id: 0.08558070645241611-97, id: 0.08558070645241611-98, id: 0.08558070645241611-99, id: 0.08558070645241611-100, id: 0.08558070645241611-101, id: 0.08558070645241611-102, id: 0.08558070645241611-103, id: 0.08558070645241611-104, id: 0.08558070645241611-105, id: 0.08558070645241611-106, id: 0.08558070645241611-107, id: 0.08558070645241611-108, id: 0.08558070645241611-109, id: 0.08558070645241611-110, id: 0.08558070645241611-111, id: 0.08558070645241611-112, id: 0.08558070645241611-113, id: 0.08558070645241611-114, id: 0.08558070645241611-115, id: 0.08558070645241611-116, id: 0.08558070645241611-117, id: 0.08558070645241611-118, id: 0.08558070645241611-119, id: 0.08558070645241611-120, id: 0.08558070645241611-121, id: 0.08558070645241611-122, id: 0.08558070645241611-123, id: 0.08558070645241611-124, id: 0.08558070645241611-125, id: 0.08558070645241611-126, id: 0.08558070645241611-127, id: 0.08558070645241611-128, id: 0.08558070645241611-129, id: 0.08558070645241611-130, id: 0.08558070645241611-131, id: 0.08558070645241611-132, id: 0.08558070645241611-133, id: 0.08558070645241611-134, id: 0.08558070645241611-135, id: 0.08558070645241611-136, id: 0.08558070645241611-137, id: 0.08558070645241611-138, id: 0.08558070645241611-139, id: 0.08558070645241611-140, id: 0.08558070645241611-141, id: 0.08558070645241611-142, id: 0.08558070645241611-143, id: 0.08558070645241611-144, id: 0.08558070645241611-145, id: 0.08558070645241611-146, id: 0.08558070645241611-147, id: 0.08558070645241611-148, id: 0.08558070645241611-149, id: 0.08558070645241611-150, id: 0.08558070645241611-151, id: 0.08558070645241611-152, id: 0.08558070645241611-153, id: 0.08558070645241611-154, id: 0.08558070645241611-155, id: 0.08558070645241611-156, id: 0.08558070645241611-157, id: 0.08558070645241611-158, id: 0.08558070645241611-159, id: 0.08558070645241611-160, id: 0.08558070645241611-161, id: 0.08558070645241611-162, id: 0.08558070645241611-163, id: 0.08558070645241611-164, id: 0.08558070645241611-165, id: 0.08558070645241611-166, id: 0.08558070645241611-167, id: 0.08558070645241611-168, id: 0.08558070645241611-169, id: 0.08558070645241611-170, id: 0.08558070645241611-171, id: 0.08558070645241611-172, id: 0.08558070645241611-173, id: 0.08558070645241611-174, id: 0.08558070645241611-175, id: 0.08558070645241611-176, id: 0.08558070645241611-177, id: 0.08558070645241611-178, id: 0.08558070645241611-179, id: 0.08558070645241611-180, id: 0.08558070645241611-181, id: 0.08558070645241611-182, id: 0.08558070645241611-183, id: 0.08558070645241611-184, id: 0.08558070645241611-185, id: 0.08558070645241611-186, id: 0.08558070645241611-187, id: 0.08558070645241611-188, id: 0.08558070645241611-189, id: 0.08558070645241611-190, id: 0.08558070645241611-191, id: 0.08558070645241611-192]
[WebDriverCommandLogger] - Executing getElementText element: By.xpath: //div[@id=&apos;c_articlelist_stories_2&apos;]/ul[1]/li/span[2]/span[2] parameters: {&quot;id&quot;:&quot;0.08558070645241611-139&quot;}
[WebDriverCommandLogger] - command: getElementText[ param-1: By.xpath: //div[@id=&apos;c_articlelist_stories_2&apos;]/ul[1]/li/span[2]/span[2] param-2: {&quot;id&quot;:&quot;0.08558070645241611-139&quot;}] Result: getElementText:1 DAY AGO
[WebDriverCommandLogger] - Executing findElements parameters: {&quot;using&quot;:&quot;xpath&quot;,&quot;value&quot;:&quot;//div[@id=&apos;c_articlelist_stories_2&apos;]/ul[1]/li/span[2]/span[2]&quot;}
[WebDriverCommandLogger] - command: findElements[ param-1: {value=//div[@id=&apos;c_articlelist_stories_2&apos;]/ul[1]/li/span[2]/span[2], using=xpath}] Result: [id: 0.08558070645241611-97, id: 0.08558070645241611-98, id: 0.08558070645241611-99, id: 0.08558070645241611-100, id: 0.08558070645241611-101, id: 0.08558070645241611-102, id: 0.08558070645241611-103, id: 0.08558070645241611-104, id: 0.08558070645241611-105, id: 0.08558070645241611-106, id: 0.08558070645241611-107, id: 0.08558070645241611-108, id: 0.08558070645241611-109, id: 0.08558070645241611-110, id: 0.08558070645241611-111, id: 0.08558070645241611-112, id: 0.08558070645241611-113, id: 0.08558070645241611-114, id: 0.08558070645241611-115, id: 0.08558070645241611-116, id: 0.08558070645241611-117, id: 0.08558070645241611-118, id: 0.08558070645241611-119, id: 0.08558070645241611-120, id: 0.08558070645241611-121, id: 0.08558070645241611-122, id: 0.08558070645241611-123, id: 0.08558070645241611-124, id: 0.08558070645241611-125, id: 0.08558070645241611-126, id: 0.08558070645241611-127, id: 0.08558070645241611-128, id: 0.08558070645241611-129, id: 0.08558070645241611-130, id: 0.08558070645241611-131, id: 0.08558070645241611-132, id: 0.08558070645241611-133, id: 0.08558070645241611-134, id: 0.08558070645241611-135, id: 0.08558070645241611-136, id: 0.08558070645241611-137, id: 0.08558070645241611-138, id: 0.08558070645241611-139, id: 0.08558070645241611-140, id: 0.08558070645241611-141, id: 0.08558070645241611-142, id: 0.08558070645241611-143, id: 0.08558070645241611-144, id: 0.08558070645241611-145, id: 0.08558070645241611-146, id: 0.08558070645241611-147, id: 0.08558070645241611-148, id: 0.08558070645241611-149, id: 0.08558070645241611-150, id: 0.08558070645241611-151, id: 0.08558070645241611-152, id: 0.08558070645241611-153, id: 0.08558070645241611-154, id: 0.08558070645241611-155, id: 0.08558070645241611-156, id: 0.08558070645241611-157, id: 0.08558070645241611-158, id: 0.08558070645241611-159, id: 0.08558070645241611-160, id: 0.08558070645241611-161, id: 0.08558070645241611-162, id: 0.08558070645241611-163, id: 0.08558070645241611-164, id: 0.08558070645241611-165, id: 0.08558070645241611-166, id: 0.08558070645241611-167, id: 0.08558070645241611-168, id: 0.08558070645241611-169, id: 0.08558070645241611-170, id: 0.08558070645241611-171, id: 0.08558070645241611-172, id: 0.08558070645241611-173, id: 0.08558070645241611-174, id: 0.08558070645241611-175, id: 0.08558070645241611-176, id: 0.08558070645241611-177, id: 0.08558070645241611-178, id: 0.08558070645241611-179, id: 0.08558070645241611-180, id: 0.08558070645241611-181, id: 0.08558070645241611-182, id: 0.08558070645241611-183, id: 0.08558070645241611-184, id: 0.08558070645241611-185, id: 0.08558070645241611-186, id: 0.08558070645241611-187, id: 0.08558070645241611-188, id: 0.08558070645241611-189, id: 0.08558070645241611-190, id: 0.08558070645241611-191, id: 0.08558070645241611-192]
[WebDriverCommandLogger] - Executing getElementText element: By.xpath: //div[@id=&apos;c_articlelist_stories_2&apos;]/ul[1]/li/span[2]/span[2] parameters: {&quot;id&quot;:&quot;0.08558070645241611-139&quot;}
[WebDriverCommandLogger] - command: getElementText[ param-1: By.xpath: //div[@id=&apos;c_articlelist_stories_2&apos;]/ul[1]/li/span[2]/span[2] param-2: {&quot;id&quot;:&quot;0.08558070645241611-139&quot;}] Result: getElementText:1 DAY AGO
[WebDriverCommandLogger] - Executing findElements parameters: {&quot;using&quot;:&quot;xpath&quot;,&quot;value&quot;:&quot;//div[@id=&apos;c_articlelist_stories_2&apos;]/ul[1]/li/span[1]/a&quot;}
[WebDriverCommandLogger] - command: findElements[ param-1: {value=//div[@id=&apos;c_articlelist_stories_2&apos;]/ul[1]/li/span[1]/a, using=xpath}] Result: [id: 0.08558070645241611-1, id: 0.08558070645241611-2, id: 0.08558070645241611-3, id: 0.08558070645241611-4, id: 0.08558070645241611-5, id: 0.08558070645241611-6, id: 0.08558070645241611-7, id: 0.08558070645241611-8, id: 0.08558070645241611-9, id: 0.08558070645241611-10, id: 0.08558070645241611-11, id: 0.08558070645241611-12, id: 0.08558070645241611-13, id: 0.08558070645241611-14, id: 0.08558070645241611-15, id: 0.08558070645241611-16, id: 0.08558070645241611-17, id: 0.08558070645241611-18, id: 0.08558070645241611-19, id: 0.08558070645241611-20, id: 0.08558070645241611-21, id: 0.08558070645241611-22, id: 0.08558070645241611-23, id: 0.08558070645241611-24, id: 0.08558070645241611-25, id: 0.08558070645241611-26, id: 0.08558070645241611-27, id: 0.08558070645241611-28, id: 0.08558070645241611-29, id: 0.08558070645241611-30, id: 0.08558070645241611-31, id: 0.08558070645241611-32, id: 0.08558070645241611-33, id: 0.08558070645241611-34, id: 0.08558070645241611-35, id: 0.08558070645241611-36, id: 0.08558070645241611-37, id: 0.08558070645241611-38, id: 0.08558070645241611-39, id: 0.08558070645241611-40, id: 0.08558070645241611-41, id: 0.08558070645241611-42, id: 0.08558070645241611-43, id: 0.08558070645241611-44, id: 0.08558070645241611-45, id: 0.08558070645241611-46, id: 0.08558070645241611-47, id: 0.08558070645241611-48, id: 0.08558070645241611-49, id: 0.08558070645241611-50, id: 0.08558070645241611-51, id: 0.08558070645241611-52, id: 0.08558070645241611-53, id: 0.08558070645241611-54, id: 0.08558070645241611-55, id: 0.08558070645241611-56, id: 0.08558070645241611-57, id: 0.08558070645241611-58, id: 0.08558070645241611-59, id: 0.08558070645241611-60, id: 0.08558070645241611-61, id: 0.08558070645241611-62, id: 0.08558070645241611-63, id: 0.08558070645241611-64, id: 0.08558070645241611-65, id: 0.08558070645241611-66, id: 0.08558070645241611-67, id: 0.08558070645241611-68, id: 0.08558070645241611-69, id: 0.08558070645241611-70, id: 0.08558070645241611-71, id: 0.08558070645241611-72, id: 0.08558070645241611-73, id: 0.08558070645241611-74, id: 0.08558070645241611-75, id: 0.08558070645241611-76, id: 0.08558070645241611-77, id: 0.08558070645241611-78, id: 0.08558070645241611-79, id: 0.08558070645241611-80, id: 0.08558070645241611-81, id: 0.08558070645241611-82, id: 0.08558070645241611-83, id: 0.08558070645241611-84, id: 0.08558070645241611-85, id: 0.08558070645241611-86, id: 0.08558070645241611-87, id: 0.08558070645241611-88, id: 0.08558070645241611-89, id: 0.08558070645241611-90, id: 0.08558070645241611-91, id: 0.08558070645241611-92, id: 0.08558070645241611-93, id: 0.08558070645241611-94, id: 0.08558070645241611-95, id: 0.08558070645241611-96]
[WebDriverCommandLogger] - Executing getElementText element: By.xpath: //div[@id=&apos;c_articlelist_stories_2&apos;]/ul[1]/li/span[1]/a parameters: {&quot;id&quot;:&quot;0.08558070645241611-43&quot;}
[WebDriverCommandLogger] - command: getElementText[ param-1: By.xpath: //div[@id=&apos;c_articlelist_stories_2&apos;]/ul[1]/li/span[1]/a param-2: {&quot;id&quot;:&quot;0.08558070645241611-43&quot;}] Result: getElementText:Debt-ridden labourer robs gold chain
[WebDriverCommandLogger] - Executing findElements parameters: {&quot;using&quot;:&quot;xpath&quot;,&quot;value&quot;:&quot;//div[@id=&apos;c_articlelist_stories_2&apos;]/ul[1]/li/span[2]/span[2]&quot;}
[WebDriverCommandLogger] - command: findElements[ param-1: {value=//div[@id=&apos;c_articlelist_stories_2&apos;]/ul[1]/li/span[2]/span[2], using=xpath}] Result: [id: 0.08558070645241611-97, id: 0.08558070645241611-98, id: 0.08558070645241611-99, id: 0.08558070645241611-100, id: 0.08558070645241611-101, id: 0.08558070645241611-102, id: 0.08558070645241611-103, id: 0.08558070645241611-104, id: 0.08558070645241611-105, id: 0.08558070645241611-106, id: 0.08558070645241611-107, id: 0.08558070645241611-108, id: 0.08558070645241611-109, id: 0.08558070645241611-110, id: 0.08558070645241611-111, id: 0.08558070645241611-112, id: 0.08558070645241611-113, id: 0.08558070645241611-114, id: 0.08558070645241611-115, id: 0.08558070645241611-116, id: 0.08558070645241611-117, id: 0.08558070645241611-118, id: 0.08558070645241611-119, id: 0.08558070645241611-120, id: 0.08558070645241611-121, id: 0.08558070645241611-122, id: 0.08558070645241611-123, id: 0.08558070645241611-124, id: 0.08558070645241611-125, id: 0.08558070645241611-126, id: 0.08558070645241611-127, id: 0.08558070645241611-128, id: 0.08558070645241611-129, id: 0.08558070645241611-130, id: 0.08558070645241611-131, id: 0.08558070645241611-132, id: 0.08558070645241611-133, id: 0.08558070645241611-134, id: 0.08558070645241611-135, id: 0.08558070645241611-136, id: 0.08558070645241611-137, id: 0.08558070645241611-138, id: 0.08558070645241611-139, id: 0.08558070645241611-140, id: 0.08558070645241611-141, id: 0.08558070645241611-142, id: 0.08558070645241611-143, id: 0.08558070645241611-144, id: 0.08558070645241611-145, id: 0.08558070645241611-146, id: 0.08558070645241611-147, id: 0.08558070645241611-148, id: 0.08558070645241611-149, id: 0.08558070645241611-150, id: 0.08558070645241611-151, id: 0.08558070645241611-152, id: 0.08558070645241611-153, id: 0.08558070645241611-154, id: 0.08558070645241611-155, id: 0.08558070645241611-156, id: 0.08558070645241611-157, id: 0.08558070645241611-158, id: 0.08558070645241611-159, id: 0.08558070645241611-160, id: 0.08558070645241611-161, id: 0.08558070645241611-162, id: 0.08558070645241611-163, id: 0.08558070645241611-164, id: 0.08558070645241611-165, id: 0.08558070645241611-166, id: 0.08558070645241611-167, id: 0.08558070645241611-168, id: 0.08558070645241611-169, id: 0.08558070645241611-170, id: 0.08558070645241611-171, id: 0.08558070645241611-172, id: 0.08558070645241611-173, id: 0.08558070645241611-174, id: 0.08558070645241611-175, id: 0.08558070645241611-176, id: 0.08558070645241611-177, id: 0.08558070645241611-178, id: 0.08558070645241611-179, id: 0.08558070645241611-180, id: 0.08558070645241611-181, id: 0.08558070645241611-182, id: 0.08558070645241611-183, id: 0.08558070645241611-184, id: 0.08558070645241611-185, id: 0.08558070645241611-186, id: 0.08558070645241611-187, id: 0.08558070645241611-188, id: 0.08558070645241611-189, id: 0.08558070645241611-190, id: 0.08558070645241611-191, id: 0.08558070645241611-192]
[WebDriverCommandLogger] - Executing findElements parameters: {&quot;using&quot;:&quot;xpath&quot;,&quot;value&quot;:&quot;//div[@id=&apos;c_articlelist_stories_2&apos;]/ul[1]/li/span[2]/span[2]&quot;}
[WebDriverCommandLogger] - command: findElements[ param-1: {value=//div[@id=&apos;c_articlelist_stories_2&apos;]/ul[1]/li/span[2]/span[2], using=xpath}] Result: [id: 0.08558070645241611-97, id: 0.08558070645241611-98, id: 0.08558070645241611-99, id: 0.08558070645241611-100, id: 0.08558070645241611-101, id: 0.08558070645241611-102, id: 0.08558070645241611-103, id: 0.08558070645241611-104, id: 0.08558070645241611-105, id: 0.08558070645241611-106, id: 0.08558070645241611-107, id: 0.08558070645241611-108, id: 0.08558070645241611-109, id: 0.08558070645241611-110, id: 0.08558070645241611-111, id: 0.08558070645241611-112, id: 0.08558070645241611-113, id: 0.08558070645241611-114, id: 0.08558070645241611-115, id: 0.08558070645241611-116, id: 0.08558070645241611-117, id: 0.08558070645241611-118, id: 0.08558070645241611-119, id: 0.08558070645241611-120, id: 0.08558070645241611-121, id: 0.08558070645241611-122, id: 0.08558070645241611-123, id: 0.08558070645241611-124, id: 0.08558070645241611-125, id: 0.08558070645241611-126, id: 0.08558070645241611-127, id: 0.08558070645241611-128, id: 0.08558070645241611-129, id: 0.08558070645241611-130, id: 0.08558070645241611-131, id: 0.08558070645241611-132, id: 0.08558070645241611-133, id: 0.08558070645241611-134, id: 0.08558070645241611-135, id: 0.08558070645241611-136, id: 0.08558070645241611-137, id: 0.08558070645241611-138, id: 0.08558070645241611-139, id: 0.08558070645241611-140, id: 0.08558070645241611-141, id: 0.08558070645241611-142, id: 0.08558070645241611-143, id: 0.08558070645241611-144, id: 0.08558070645241611-145, id: 0.08558070645241611-146, id: 0.08558070645241611-147, id: 0.08558070645241611-148, id: 0.08558070645241611-149, id: 0.08558070645241611-150, id: 0.08558070645241611-151, id: 0.08558070645241611-152, id: 0.08558070645241611-153, id: 0.08558070645241611-154, id: 0.08558070645241611-155, id: 0.08558070645241611-156, id: 0.08558070645241611-157, id: 0.08558070645241611-158, id: 0.08558070645241611-159, id: 0.08558070645241611-160, id: 0.08558070645241611-161, id: 0.08558070645241611-162, id: 0.08558070645241611-163, id: 0.08558070645241611-164, id: 0.08558070645241611-165, id: 0.08558070645241611-166, id: 0.08558070645241611-167, id: 0.08558070645241611-168, id: 0.08558070645241611-169, id: 0.08558070645241611-170, id: 0.08558070645241611-171, id: 0.08558070645241611-172, id: 0.08558070645241611-173, id: 0.08558070645241611-174, id: 0.08558070645241611-175, id: 0.08558070645241611-176, id: 0.08558070645241611-177, id: 0.08558070645241611-178, id: 0.08558070645241611-179, id: 0.08558070645241611-180, id: 0.08558070645241611-181, id: 0.08558070645241611-182, id: 0.08558070645241611-183, id: 0.08558070645241611-184, id: 0.08558070645241611-185, id: 0.08558070645241611-186, id: 0.08558070645241611-187, id: 0.08558070645241611-188, id: 0.08558070645241611-189, id: 0.08558070645241611-190, id: 0.08558070645241611-191, id: 0.08558070645241611-192]
[WebDriverCommandLogger] - Executing getElementText element: By.xpath: //div[@id=&apos;c_articlelist_stories_2&apos;]/ul[1]/li/span[2]/span[2] parameters: {&quot;id&quot;:&quot;0.08558070645241611-140&quot;}
[WebDriverCommandLogger] - command: getElementText[ param-1: By.xpath: //div[@id=&apos;c_articlelist_stories_2&apos;]/ul[1]/li/span[2]/span[2] param-2: {&quot;id&quot;:&quot;0.08558070645241611-140&quot;}] Result: getElementText:1 DAY AGO
[WebDriverCommandLogger] - Executing findElements parameters: {&quot;using&quot;:&quot;xpath&quot;,&quot;value&quot;:&quot;//div[@id=&apos;c_articlelist_stories_2&apos;]/ul[1]/li/span[2]/span[2]&quot;}
[WebDriverCommandLogger] - command: findElements[ param-1: {value=//div[@id=&apos;c_articlelist_stories_2&apos;]/ul[1]/li/span[2]/span[2], using=xpath}] Result: [id: 0.08558070645241611-97, id: 0.08558070645241611-98, id: 0.08558070645241611-99, id: 0.08558070645241611-100, id: 0.08558070645241611-101, id: 0.08558070645241611-102, id: 0.08558070645241611-103, id: 0.08558070645241611-104, id: 0.08558070645241611-105, id: 0.08558070645241611-106, id: 0.08558070645241611-107, id: 0.08558070645241611-108, id: 0.08558070645241611-109, id: 0.08558070645241611-110, id: 0.08558070645241611-111, id: 0.08558070645241611-112, id: 0.08558070645241611-113, id: 0.08558070645241611-114, id: 0.08558070645241611-115, id: 0.08558070645241611-116, id: 0.08558070645241611-117, id: 0.08558070645241611-118, id: 0.08558070645241611-119, id: 0.08558070645241611-120, id: 0.08558070645241611-121, id: 0.08558070645241611-122, id: 0.08558070645241611-123, id: 0.08558070645241611-124, id: 0.08558070645241611-125, id: 0.08558070645241611-126, id: 0.08558070645241611-127, id: 0.08558070645241611-128, id: 0.08558070645241611-129, id: 0.08558070645241611-130, id: 0.08558070645241611-131, id: 0.08558070645241611-132, id: 0.08558070645241611-133, id: 0.08558070645241611-134, id: 0.08558070645241611-135, id: 0.08558070645241611-136, id: 0.08558070645241611-137, id: 0.08558070645241611-138, id: 0.08558070645241611-139, id: 0.08558070645241611-140, id: 0.08558070645241611-141, id: 0.08558070645241611-142, id: 0.08558070645241611-143, id: 0.08558070645241611-144, id: 0.08558070645241611-145, id: 0.08558070645241611-146, id: 0.08558070645241611-147, id: 0.08558070645241611-148, id: 0.08558070645241611-149, id: 0.08558070645241611-150, id: 0.08558070645241611-151, id: 0.08558070645241611-152, id: 0.08558070645241611-153, id: 0.08558070645241611-154, id: 0.08558070645241611-155, id: 0.08558070645241611-156, id: 0.08558070645241611-157, id: 0.08558070645241611-158, id: 0.08558070645241611-159, id: 0.08558070645241611-160, id: 0.08558070645241611-161, id: 0.08558070645241611-162, id: 0.08558070645241611-163, id: 0.08558070645241611-164, id: 0.08558070645241611-165, id: 0.08558070645241611-166, id: 0.08558070645241611-167, id: 0.08558070645241611-168, id: 0.08558070645241611-169, id: 0.08558070645241611-170, id: 0.08558070645241611-171, id: 0.08558070645241611-172, id: 0.08558070645241611-173, id: 0.08558070645241611-174, id: 0.08558070645241611-175, id: 0.08558070645241611-176, id: 0.08558070645241611-177, id: 0.08558070645241611-178, id: 0.08558070645241611-179, id: 0.08558070645241611-180, id: 0.08558070645241611-181, id: 0.08558070645241611-182, id: 0.08558070645241611-183, id: 0.08558070645241611-184, id: 0.08558070645241611-185, id: 0.08558070645241611-186, id: 0.08558070645241611-187, id: 0.08558070645241611-188, id: 0.08558070645241611-189, id: 0.08558070645241611-190, id: 0.08558070645241611-191, id: 0.08558070645241611-192]
[WebDriverCommandLogger] - Executing getElementText element: By.xpath: //div[@id=&apos;c_articlelist_stories_2&apos;]/ul[1]/li/span[2]/span[2] parameters: {&quot;id&quot;:&quot;0.08558070645241611-140&quot;}
[WebDriverCommandLogger] - command: getElementText[ param-1: By.xpath: //div[@id=&apos;c_articlelist_stories_2&apos;]/ul[1]/li/span[2]/span[2] param-2: {&quot;id&quot;:&quot;0.08558070645241611-140&quot;}] Result: getElementText:1 DAY AGO
[WebDriverCommandLogger] - Executing findElements parameters: {&quot;using&quot;:&quot;xpath&quot;,&quot;value&quot;:&quot;//div[@id=&apos;c_articlelist_stories_2&apos;]/ul[1]/li/span[1]/a&quot;}
[WebDriverCommandLogger] - command: findElements[ param-1: {value=//div[@id=&apos;c_articlelist_stories_2&apos;]/ul[1]/li/span[1]/a, using=xpath}] Result: [id: 0.08558070645241611-1, id: 0.08558070645241611-2, id: 0.08558070645241611-3, id: 0.08558070645241611-4, id: 0.08558070645241611-5, id: 0.08558070645241611-6, id: 0.08558070645241611-7, id: 0.08558070645241611-8, id: 0.08558070645241611-9, id: 0.08558070645241611-10, id: 0.08558070645241611-11, id: 0.08558070645241611-12, id: 0.08558070645241611-13, id: 0.08558070645241611-14, id: 0.08558070645241611-15, id: 0.08558070645241611-16, id: 0.08558070645241611-17, id: 0.08558070645241611-18, id: 0.08558070645241611-19, id: 0.08558070645241611-20, id: 0.08558070645241611-21, id: 0.08558070645241611-22, id: 0.08558070645241611-23, id: 0.08558070645241611-24, id: 0.08558070645241611-25, id: 0.08558070645241611-26, id: 0.08558070645241611-27, id: 0.08558070645241611-28, id: 0.08558070645241611-29, id: 0.08558070645241611-30, id: 0.08558070645241611-31, id: 0.08558070645241611-32, id: 0.08558070645241611-33, id: 0.08558070645241611-34, id: 0.08558070645241611-35, id: 0.08558070645241611-36, id: 0.08558070645241611-37, id: 0.08558070645241611-38, id: 0.08558070645241611-39, id: 0.08558070645241611-40, id: 0.08558070645241611-41, id: 0.08558070645241611-42, id: 0.08558070645241611-43, id: 0.08558070645241611-44, id: 0.08558070645241611-45, id: 0.08558070645241611-46, id: 0.08558070645241611-47, id: 0.08558070645241611-48, id: 0.08558070645241611-49, id: 0.08558070645241611-50, id: 0.08558070645241611-51, id: 0.08558070645241611-52, id: 0.08558070645241611-53, id: 0.08558070645241611-54, id: 0.08558070645241611-55, id: 0.08558070645241611-56, id: 0.08558070645241611-57, id: 0.08558070645241611-58, id: 0.08558070645241611-59, id: 0.08558070645241611-60, id: 0.08558070645241611-61, id: 0.08558070645241611-62, id: 0.08558070645241611-63, id: 0.08558070645241611-64, id: 0.08558070645241611-65, id: 0.08558070645241611-66, id: 0.08558070645241611-67, id: 0.08558070645241611-68, id: 0.08558070645241611-69, id: 0.08558070645241611-70, id: 0.08558070645241611-71, id: 0.08558070645241611-72, id: 0.08558070645241611-73, id: 0.08558070645241611-74, id: 0.08558070645241611-75, id: 0.08558070645241611-76, id: 0.08558070645241611-77, id: 0.08558070645241611-78, id: 0.08558070645241611-79, id: 0.08558070645241611-80, id: 0.08558070645241611-81, id: 0.08558070645241611-82, id: 0.08558070645241611-83, id: 0.08558070645241611-84, id: 0.08558070645241611-85, id: 0.08558070645241611-86, id: 0.08558070645241611-87, id: 0.08558070645241611-88, id: 0.08558070645241611-89, id: 0.08558070645241611-90, id: 0.08558070645241611-91, id: 0.08558070645241611-92, id: 0.08558070645241611-93, id: 0.08558070645241611-94, id: 0.08558070645241611-95, id: 0.08558070645241611-96]
[WebDriverCommandLogger] - Executing getElementText element: By.xpath: //div[@id=&apos;c_articlelist_stories_2&apos;]/ul[1]/li/span[1]/a parameters: {&quot;id&quot;:&quot;0.08558070645241611-44&quot;}
[WebDriverCommandLogger] - command: getElementText[ param-1: By.xpath: //div[@id=&apos;c_articlelist_stories_2&apos;]/ul[1]/li/span[1]/a param-2: {&quot;id&quot;:&quot;0.08558070645241611-44&quot;}] Result: getElementText:Police register case against Aba Bagul
[WebDriverCommandLogger] - Executing findElements parameters: {&quot;using&quot;:&quot;xpath&quot;,&quot;value&quot;:&quot;//div[@id=&apos;c_articlelist_stories_2&apos;]/ul[1]/li/span[2]/span[2]&quot;}
[WebDriverCommandLogger] - command: findElements[ param-1: {value=//div[@id=&apos;c_articlelist_stories_2&apos;]/ul[1]/li/span[2]/span[2], using=xpath}] Result: [id: 0.08558070645241611-97, id: 0.08558070645241611-98, id: 0.08558070645241611-99, id: 0.08558070645241611-100, id: 0.08558070645241611-101, id: 0.08558070645241611-102, id: 0.08558070645241611-103, id: 0.08558070645241611-104, id: 0.08558070645241611-105, id: 0.08558070645241611-106, id: 0.08558070645241611-107, id: 0.08558070645241611-108, id: 0.08558070645241611-109, id: 0.08558070645241611-110, id: 0.08558070645241611-111, id: 0.08558070645241611-112, id: 0.08558070645241611-113, id: 0.08558070645241611-114, id: 0.08558070645241611-115, id: 0.08558070645241611-116, id: 0.08558070645241611-117, id: 0.08558070645241611-118, id: 0.08558070645241611-119, id: 0.08558070645241611-120, id: 0.08558070645241611-121, id: 0.08558070645241611-122, id: 0.08558070645241611-123, id: 0.08558070645241611-124, id: 0.08558070645241611-125, id: 0.08558070645241611-126, id: 0.08558070645241611-127, id: 0.08558070645241611-128, id: 0.08558070645241611-129, id: 0.08558070645241611-130, id: 0.08558070645241611-131, id: 0.08558070645241611-132, id: 0.08558070645241611-133, id: 0.08558070645241611-134, id: 0.08558070645241611-135, id: 0.08558070645241611-136, id: 0.08558070645241611-137, id: 0.08558070645241611-138, id: 0.08558070645241611-139, id: 0.08558070645241611-140, id: 0.08558070645241611-141, id: 0.08558070645241611-142, id: 0.08558070645241611-143, id: 0.08558070645241611-144, id: 0.08558070645241611-145, id: 0.08558070645241611-146, id: 0.08558070645241611-147, id: 0.08558070645241611-148, id: 0.08558070645241611-149, id: 0.08558070645241611-150, id: 0.08558070645241611-151, id: 0.08558070645241611-152, id: 0.08558070645241611-153, id: 0.08558070645241611-154, id: 0.08558070645241611-155, id: 0.08558070645241611-156, id: 0.08558070645241611-157, id: 0.08558070645241611-158, id: 0.08558070645241611-159, id: 0.08558070645241611-160, id: 0.08558070645241611-161, id: 0.08558070645241611-162, id: 0.08558070645241611-163, id: 0.08558070645241611-164, id: 0.08558070645241611-165, id: 0.08558070645241611-166, id: 0.08558070645241611-167, id: 0.08558070645241611-168, id: 0.08558070645241611-169, id: 0.08558070645241611-170, id: 0.08558070645241611-171, id: 0.08558070645241611-172, id: 0.08558070645241611-173, id: 0.08558070645241611-174, id: 0.08558070645241611-175, id: 0.08558070645241611-176, id: 0.08558070645241611-177, id: 0.08558070645241611-178, id: 0.08558070645241611-179, id: 0.08558070645241611-180, id: 0.08558070645241611-181, id: 0.08558070645241611-182, id: 0.08558070645241611-183, id: 0.08558070645241611-184, id: 0.08558070645241611-185, id: 0.08558070645241611-186, id: 0.08558070645241611-187, id: 0.08558070645241611-188, id: 0.08558070645241611-189, id: 0.08558070645241611-190, id: 0.08558070645241611-191, id: 0.08558070645241611-192]
[WebDriverCommandLogger] - Executing findElements parameters: {&quot;using&quot;:&quot;xpath&quot;,&quot;value&quot;:&quot;//div[@id=&apos;c_articlelist_stories_2&apos;]/ul[1]/li/span[2]/span[2]&quot;}
[WebDriverCommandLogger] - command: findElements[ param-1: {value=//div[@id=&apos;c_articlelist_stories_2&apos;]/ul[1]/li/span[2]/span[2], using=xpath}] Result: [id: 0.08558070645241611-97, id: 0.08558070645241611-98, id: 0.08558070645241611-99, id: 0.08558070645241611-100, id: 0.08558070645241611-101, id: 0.08558070645241611-102, id: 0.08558070645241611-103, id: 0.08558070645241611-104, id: 0.08558070645241611-105, id: 0.08558070645241611-106, id: 0.08558070645241611-107, id: 0.08558070645241611-108, id: 0.08558070645241611-109, id: 0.08558070645241611-110, id: 0.08558070645241611-111, id: 0.08558070645241611-112, id: 0.08558070645241611-113, id: 0.08558070645241611-114, id: 0.08558070645241611-115, id: 0.08558070645241611-116, id: 0.08558070645241611-117, id: 0.08558070645241611-118, id: 0.08558070645241611-119, id: 0.08558070645241611-120, id: 0.08558070645241611-121, id: 0.08558070645241611-122, id: 0.08558070645241611-123, id: 0.08558070645241611-124, id: 0.08558070645241611-125, id: 0.08558070645241611-126, id: 0.08558070645241611-127, id: 0.08558070645241611-128, id: 0.08558070645241611-129, id: 0.08558070645241611-130, id: 0.08558070645241611-131, id: 0.08558070645241611-132, id: 0.08558070645241611-133, id: 0.08558070645241611-134, id: 0.08558070645241611-135, id: 0.08558070645241611-136, id: 0.08558070645241611-137, id: 0.08558070645241611-138, id: 0.08558070645241611-139, id: 0.08558070645241611-140, id: 0.08558070645241611-141, id: 0.08558070645241611-142, id: 0.08558070645241611-143, id: 0.08558070645241611-144, id: 0.08558070645241611-145, id: 0.08558070645241611-146, id: 0.08558070645241611-147, id: 0.08558070645241611-148, id: 0.08558070645241611-149, id: 0.08558070645241611-150, id: 0.08558070645241611-151, id: 0.08558070645241611-152, id: 0.08558070645241611-153, id: 0.08558070645241611-154, id: 0.08558070645241611-155, id: 0.08558070645241611-156, id: 0.08558070645241611-157, id: 0.08558070645241611-158, id: 0.08558070645241611-159, id: 0.08558070645241611-160, id: 0.08558070645241611-161, id: 0.08558070645241611-162, id: 0.08558070645241611-163, id: 0.08558070645241611-164, id: 0.08558070645241611-165, id: 0.08558070645241611-166, id: 0.08558070645241611-167, id: 0.08558070645241611-168, id: 0.08558070645241611-169, id: 0.08558070645241611-170, id: 0.08558070645241611-171, id: 0.08558070645241611-172, id: 0.08558070645241611-173, id: 0.08558070645241611-174, id: 0.08558070645241611-175, id: 0.08558070645241611-176, id: 0.08558070645241611-177, id: 0.08558070645241611-178, id: 0.08558070645241611-179, id: 0.08558070645241611-180, id: 0.08558070645241611-181, id: 0.08558070645241611-182, id: 0.08558070645241611-183, id: 0.08558070645241611-184, id: 0.08558070645241611-185, id: 0.08558070645241611-186, id: 0.08558070645241611-187, id: 0.08558070645241611-188, id: 0.08558070645241611-189, id: 0.08558070645241611-190, id: 0.08558070645241611-191, id: 0.08558070645241611-192]
[WebDriverCommandLogger] - Executing getElementText element: By.xpath: //div[@id=&apos;c_articlelist_stories_2&apos;]/ul[1]/li/span[2]/span[2] parameters: {&quot;id&quot;:&quot;0.08558070645241611-141&quot;}
[WebDriverCommandLogger] - command: getElementText[ param-1: By.xpath: //div[@id=&apos;c_articlelist_stories_2&apos;]/ul[1]/li/span[2]/span[2] param-2: {&quot;id&quot;:&quot;0.08558070645241611-141&quot;}] Result: getElementText:1 DAY AGO
[WebDriverCommandLogger] - Executing findElements parameters: {&quot;using&quot;:&quot;xpath&quot;,&quot;value&quot;:&quot;//div[@id=&apos;c_articlelist_stories_2&apos;]/ul[1]/li/span[2]/span[2]&quot;}
[WebDriverCommandLogger] - command: findElements[ param-1: {value=//div[@id=&apos;c_articlelist_stories_2&apos;]/ul[1]/li/span[2]/span[2], using=xpath}] Result: [id: 0.08558070645241611-97, id: 0.08558070645241611-98, id: 0.08558070645241611-99, id: 0.08558070645241611-100, id: 0.08558070645241611-101, id: 0.08558070645241611-102, id: 0.08558070645241611-103, id: 0.08558070645241611-104, id: 0.08558070645241611-105, id: 0.08558070645241611-106, id: 0.08558070645241611-107, id: 0.08558070645241611-108, id: 0.08558070645241611-109, id: 0.08558070645241611-110, id: 0.08558070645241611-111, id: 0.08558070645241611-112, id: 0.08558070645241611-113, id: 0.08558070645241611-114, id: 0.08558070645241611-115, id: 0.08558070645241611-116, id: 0.08558070645241611-117, id: 0.08558070645241611-118, id: 0.08558070645241611-119, id: 0.08558070645241611-120, id: 0.08558070645241611-121, id: 0.08558070645241611-122, id: 0.08558070645241611-123, id: 0.08558070645241611-124, id: 0.08558070645241611-125, id: 0.08558070645241611-126, id: 0.08558070645241611-127, id: 0.08558070645241611-128, id: 0.08558070645241611-129, id: 0.08558070645241611-130, id: 0.08558070645241611-131, id: 0.08558070645241611-132, id: 0.08558070645241611-133, id: 0.08558070645241611-134, id: 0.08558070645241611-135, id: 0.08558070645241611-136, id: 0.08558070645241611-137, id: 0.08558070645241611-138, id: 0.08558070645241611-139, id: 0.08558070645241611-140, id: 0.08558070645241611-141, id: 0.08558070645241611-142, id: 0.08558070645241611-143, id: 0.08558070645241611-144, id: 0.08558070645241611-145, id: 0.08558070645241611-146, id: 0.08558070645241611-147, id: 0.08558070645241611-148, id: 0.08558070645241611-149, id: 0.08558070645241611-150, id: 0.08558070645241611-151, id: 0.08558070645241611-152, id: 0.08558070645241611-153, id: 0.08558070645241611-154, id: 0.08558070645241611-155, id: 0.08558070645241611-156, id: 0.08558070645241611-157, id: 0.08558070645241611-158, id: 0.08558070645241611-159, id: 0.08558070645241611-160, id: 0.08558070645241611-161, id: 0.08558070645241611-162, id: 0.08558070645241611-163, id: 0.08558070645241611-164, id: 0.08558070645241611-165, id: 0.08558070645241611-166, id: 0.08558070645241611-167, id: 0.08558070645241611-168, id: 0.08558070645241611-169, id: 0.08558070645241611-170, id: 0.08558070645241611-171, id: 0.08558070645241611-172, id: 0.08558070645241611-173, id: 0.08558070645241611-174, id: 0.08558070645241611-175, id: 0.08558070645241611-176, id: 0.08558070645241611-177, id: 0.08558070645241611-178, id: 0.08558070645241611-179, id: 0.08558070645241611-180, id: 0.08558070645241611-181, id: 0.08558070645241611-182, id: 0.08558070645241611-183, id: 0.08558070645241611-184, id: 0.08558070645241611-185, id: 0.08558070645241611-186, id: 0.08558070645241611-187, id: 0.08558070645241611-188, id: 0.08558070645241611-189, id: 0.08558070645241611-190, id: 0.08558070645241611-191, id: 0.08558070645241611-192]
[WebDriverCommandLogger] - Executing getElementText element: By.xpath: //div[@id=&apos;c_articlelist_stories_2&apos;]/ul[1]/li/span[2]/span[2] parameters: {&quot;id&quot;:&quot;0.08558070645241611-141&quot;}
[WebDriverCommandLogger] - command: getElementText[ param-1: By.xpath: //div[@id=&apos;c_articlelist_stories_2&apos;]/ul[1]/li/span[2]/span[2] param-2: {&quot;id&quot;:&quot;0.08558070645241611-141&quot;}] Result: getElementText:1 DAY AGO
[WebDriverCommandLogger] - Executing findElements parameters: {&quot;using&quot;:&quot;xpath&quot;,&quot;value&quot;:&quot;//div[@id=&apos;c_articlelist_stories_2&apos;]/ul[1]/li/span[1]/a&quot;}
[WebDriverCommandLogger] - command: findElements[ param-1: {value=//div[@id=&apos;c_articlelist_stories_2&apos;]/ul[1]/li/span[1]/a, using=xpath}] Result: [id: 0.08558070645241611-1, id: 0.08558070645241611-2, id: 0.08558070645241611-3, id: 0.08558070645241611-4, id: 0.08558070645241611-5, id: 0.08558070645241611-6, id: 0.08558070645241611-7, id: 0.08558070645241611-8, id: 0.08558070645241611-9, id: 0.08558070645241611-10, id: 0.08558070645241611-11, id: 0.08558070645241611-12, id: 0.08558070645241611-13, id: 0.08558070645241611-14, id: 0.08558070645241611-15, id: 0.08558070645241611-16, id: 0.08558070645241611-17, id: 0.08558070645241611-18, id: 0.08558070645241611-19, id: 0.08558070645241611-20, id: 0.08558070645241611-21, id: 0.08558070645241611-22, id: 0.08558070645241611-23, id: 0.08558070645241611-24, id: 0.08558070645241611-25, id: 0.08558070645241611-26, id: 0.08558070645241611-27, id: 0.08558070645241611-28, id: 0.08558070645241611-29, id: 0.08558070645241611-30, id: 0.08558070645241611-31, id: 0.08558070645241611-32, id: 0.08558070645241611-33, id: 0.08558070645241611-34, id: 0.08558070645241611-35, id: 0.08558070645241611-36, id: 0.08558070645241611-37, id: 0.08558070645241611-38, id: 0.08558070645241611-39, id: 0.08558070645241611-40, id: 0.08558070645241611-41, id: 0.08558070645241611-42, id: 0.08558070645241611-43, id: 0.08558070645241611-44, id: 0.08558070645241611-45, id: 0.08558070645241611-46, id: 0.08558070645241611-47, id: 0.08558070645241611-48, id: 0.08558070645241611-49, id: 0.08558070645241611-50, id: 0.08558070645241611-51, id: 0.08558070645241611-52, id: 0.08558070645241611-53, id: 0.08558070645241611-54, id: 0.08558070645241611-55, id: 0.08558070645241611-56, id: 0.08558070645241611-57, id: 0.08558070645241611-58, id: 0.08558070645241611-59, id: 0.08558070645241611-60, id: 0.08558070645241611-61, id: 0.08558070645241611-62, id: 0.08558070645241611-63, id: 0.08558070645241611-64, id: 0.08558070645241611-65, id: 0.08558070645241611-66, id: 0.08558070645241611-67, id: 0.08558070645241611-68, id: 0.08558070645241611-69, id: 0.08558070645241611-70, id: 0.08558070645241611-71, id: 0.08558070645241611-72, id: 0.08558070645241611-73, id: 0.08558070645241611-74, id: 0.08558070645241611-75, id: 0.08558070645241611-76, id: 0.08558070645241611-77, id: 0.08558070645241611-78, id: 0.08558070645241611-79, id: 0.08558070645241611-80, id: 0.08558070645241611-81, id: 0.08558070645241611-82, id: 0.08558070645241611-83, id: 0.08558070645241611-84, id: 0.08558070645241611-85, id: 0.08558070645241611-86, id: 0.08558070645241611-87, id: 0.08558070645241611-88, id: 0.08558070645241611-89, id: 0.08558070645241611-90, id: 0.08558070645241611-91, id: 0.08558070645241611-92, id: 0.08558070645241611-93, id: 0.08558070645241611-94, id: 0.08558070645241611-95, id: 0.08558070645241611-96]
[WebDriverCommandLogger] - Executing getElementText element: By.xpath: //div[@id=&apos;c_articlelist_stories_2&apos;]/ul[1]/li/span[1]/a parameters: {&quot;id&quot;:&quot;0.08558070645241611-45&quot;}
[WebDriverCommandLogger] - command: getElementText[ param-1: By.xpath: //div[@id=&apos;c_articlelist_stories_2&apos;]/ul[1]/li/span[1]/a param-2: {&quot;id&quot;:&quot;0.08558070645241611-45&quot;}] Result: getElementText:Maha Online for Aadhaar enrolment
[WebDriverCommandLogger] - Executing findElements parameters: {&quot;using&quot;:&quot;xpath&quot;,&quot;value&quot;:&quot;//div[@id=&apos;c_articlelist_stories_2&apos;]/ul[1]/li/span[2]/span[2]&quot;}
[WebDriverCommandLogger] - command: findElements[ param-1: {value=//div[@id=&apos;c_articlelist_stories_2&apos;]/ul[1]/li/span[2]/span[2], using=xpath}] Result: [id: 0.08558070645241611-97, id: 0.08558070645241611-98, id: 0.08558070645241611-99, id: 0.08558070645241611-100, id: 0.08558070645241611-101, id: 0.08558070645241611-102, id: 0.08558070645241611-103, id: 0.08558070645241611-104, id: 0.08558070645241611-105, id: 0.08558070645241611-106, id: 0.08558070645241611-107, id: 0.08558070645241611-108, id: 0.08558070645241611-109, id: 0.08558070645241611-110, id: 0.08558070645241611-111, id: 0.08558070645241611-112, id: 0.08558070645241611-113, id: 0.08558070645241611-114, id: 0.08558070645241611-115, id: 0.08558070645241611-116, id: 0.08558070645241611-117, id: 0.08558070645241611-118, id: 0.08558070645241611-119, id: 0.08558070645241611-120, id: 0.08558070645241611-121, id: 0.08558070645241611-122, id: 0.08558070645241611-123, id: 0.08558070645241611-124, id: 0.08558070645241611-125, id: 0.08558070645241611-126, id: 0.08558070645241611-127, id: 0.08558070645241611-128, id: 0.08558070645241611-129, id: 0.08558070645241611-130, id: 0.08558070645241611-131, id: 0.08558070645241611-132, id: 0.08558070645241611-133, id: 0.08558070645241611-134, id: 0.08558070645241611-135, id: 0.08558070645241611-136, id: 0.08558070645241611-137, id: 0.08558070645241611-138, id: 0.08558070645241611-139, id: 0.08558070645241611-140, id: 0.08558070645241611-141, id: 0.08558070645241611-142, id: 0.08558070645241611-143, id: 0.08558070645241611-144, id: 0.08558070645241611-145, id: 0.08558070645241611-146, id: 0.08558070645241611-147, id: 0.08558070645241611-148, id: 0.08558070645241611-149, id: 0.08558070645241611-150, id: 0.08558070645241611-151, id: 0.08558070645241611-152, id: 0.08558070645241611-153, id: 0.08558070645241611-154, id: 0.08558070645241611-155, id: 0.08558070645241611-156, id: 0.08558070645241611-157, id: 0.08558070645241611-158, id: 0.08558070645241611-159, id: 0.08558070645241611-160, id: 0.08558070645241611-161, id: 0.08558070645241611-162, id: 0.08558070645241611-163, id: 0.08558070645241611-164, id: 0.08558070645241611-165, id: 0.08558070645241611-166, id: 0.08558070645241611-167, id: 0.08558070645241611-168, id: 0.08558070645241611-169, id: 0.08558070645241611-170, id: 0.08558070645241611-171, id: 0.08558070645241611-172, id: 0.08558070645241611-173, id: 0.08558070645241611-174, id: 0.08558070645241611-175, id: 0.08558070645241611-176, id: 0.08558070645241611-177, id: 0.08558070645241611-178, id: 0.08558070645241611-179, id: 0.08558070645241611-180, id: 0.08558070645241611-181, id: 0.08558070645241611-182, id: 0.08558070645241611-183, id: 0.08558070645241611-184, id: 0.08558070645241611-185, id: 0.08558070645241611-186, id: 0.08558070645241611-187, id: 0.08558070645241611-188, id: 0.08558070645241611-189, id: 0.08558070645241611-190, id: 0.08558070645241611-191, id: 0.08558070645241611-192]
[WebDriverCommandLogger] - Executing findElements parameters: {&quot;using&quot;:&quot;xpath&quot;,&quot;value&quot;:&quot;//div[@id=&apos;c_articlelist_stories_2&apos;]/ul[1]/li/span[2]/span[2]&quot;}
[WebDriverCommandLogger] - command: findElements[ param-1: {value=//div[@id=&apos;c_articlelist_stories_2&apos;]/ul[1]/li/span[2]/span[2], using=xpath}] Result: [id: 0.08558070645241611-97, id: 0.08558070645241611-98, id: 0.08558070645241611-99, id: 0.08558070645241611-100, id: 0.08558070645241611-101, id: 0.08558070645241611-102, id: 0.08558070645241611-103, id: 0.08558070645241611-104, id: 0.08558070645241611-105, id: 0.08558070645241611-106, id: 0.08558070645241611-107, id: 0.08558070645241611-108, id: 0.08558070645241611-109, id: 0.08558070645241611-110, id: 0.08558070645241611-111, id: 0.08558070645241611-112, id: 0.08558070645241611-113, id: 0.08558070645241611-114, id: 0.08558070645241611-115, id: 0.08558070645241611-116, id: 0.08558070645241611-117, id: 0.08558070645241611-118, id: 0.08558070645241611-119, id: 0.08558070645241611-120, id: 0.08558070645241611-121, id: 0.08558070645241611-122, id: 0.08558070645241611-123, id: 0.08558070645241611-124, id: 0.08558070645241611-125, id: 0.08558070645241611-126, id: 0.08558070645241611-127, id: 0.08558070645241611-128, id: 0.08558070645241611-129, id: 0.08558070645241611-130, id: 0.08558070645241611-131, id: 0.08558070645241611-132, id: 0.08558070645241611-133, id: 0.08558070645241611-134, id: 0.08558070645241611-135, id: 0.08558070645241611-136, id: 0.08558070645241611-137, id: 0.08558070645241611-138, id: 0.08558070645241611-139, id: 0.08558070645241611-140, id: 0.08558070645241611-141, id: 0.08558070645241611-142, id: 0.08558070645241611-143, id: 0.08558070645241611-144, id: 0.08558070645241611-145, id: 0.08558070645241611-146, id: 0.08558070645241611-147, id: 0.08558070645241611-148, id: 0.08558070645241611-149, id: 0.08558070645241611-150, id: 0.08558070645241611-151, id: 0.08558070645241611-152, id: 0.08558070645241611-153, id: 0.08558070645241611-154, id: 0.08558070645241611-155, id: 0.08558070645241611-156, id: 0.08558070645241611-157, id: 0.08558070645241611-158, id: 0.08558070645241611-159, id: 0.08558070645241611-160, id: 0.08558070645241611-161, id: 0.08558070645241611-162, id: 0.08558070645241611-163, id: 0.08558070645241611-164, id: 0.08558070645241611-165, id: 0.08558070645241611-166, id: 0.08558070645241611-167, id: 0.08558070645241611-168, id: 0.08558070645241611-169, id: 0.08558070645241611-170, id: 0.08558070645241611-171, id: 0.08558070645241611-172, id: 0.08558070645241611-173, id: 0.08558070645241611-174, id: 0.08558070645241611-175, id: 0.08558070645241611-176, id: 0.08558070645241611-177, id: 0.08558070645241611-178, id: 0.08558070645241611-179, id: 0.08558070645241611-180, id: 0.08558070645241611-181, id: 0.08558070645241611-182, id: 0.08558070645241611-183, id: 0.08558070645241611-184, id: 0.08558070645241611-185, id: 0.08558070645241611-186, id: 0.08558070645241611-187, id: 0.08558070645241611-188, id: 0.08558070645241611-189, id: 0.08558070645241611-190, id: 0.08558070645241611-191, id: 0.08558070645241611-192]
[WebDriverCommandLogger] - Executing getElementText element: By.xpath: //div[@id=&apos;c_articlelist_stories_2&apos;]/ul[1]/li/span[2]/span[2] parameters: {&quot;id&quot;:&quot;0.08558070645241611-142&quot;}
[WebDriverCommandLogger] - command: getElementText[ param-1: By.xpath: //div[@id=&apos;c_articlelist_stories_2&apos;]/ul[1]/li/span[2]/span[2] param-2: {&quot;id&quot;:&quot;0.08558070645241611-142&quot;}] Result: getElementText:1 DAY AGO
[WebDriverCommandLogger] - Executing findElements parameters: {&quot;using&quot;:&quot;xpath&quot;,&quot;value&quot;:&quot;//div[@id=&apos;c_articlelist_stories_2&apos;]/ul[1]/li/span[2]/span[2]&quot;}
[WebDriverCommandLogger] - command: findElements[ param-1: {value=//div[@id=&apos;c_articlelist_stories_2&apos;]/ul[1]/li/span[2]/span[2], using=xpath}] Result: [id: 0.08558070645241611-97, id: 0.08558070645241611-98, id: 0.08558070645241611-99, id: 0.08558070645241611-100, id: 0.08558070645241611-101, id: 0.08558070645241611-102, id: 0.08558070645241611-103, id: 0.08558070645241611-104, id: 0.08558070645241611-105, id: 0.08558070645241611-106, id: 0.08558070645241611-107, id: 0.08558070645241611-108, id: 0.08558070645241611-109, id: 0.08558070645241611-110, id: 0.08558070645241611-111, id: 0.08558070645241611-112, id: 0.08558070645241611-113, id: 0.08558070645241611-114, id: 0.08558070645241611-115, id: 0.08558070645241611-116, id: 0.08558070645241611-117, id: 0.08558070645241611-118, id: 0.08558070645241611-119, id: 0.08558070645241611-120, id: 0.08558070645241611-121, id: 0.08558070645241611-122, id: 0.08558070645241611-123, id: 0.08558070645241611-124, id: 0.08558070645241611-125, id: 0.08558070645241611-126, id: 0.08558070645241611-127, id: 0.08558070645241611-128, id: 0.08558070645241611-129, id: 0.08558070645241611-130, id: 0.08558070645241611-131, id: 0.08558070645241611-132, id: 0.08558070645241611-133, id: 0.08558070645241611-134, id: 0.08558070645241611-135, id: 0.08558070645241611-136, id: 0.08558070645241611-137, id: 0.08558070645241611-138, id: 0.08558070645241611-139, id: 0.08558070645241611-140, id: 0.08558070645241611-141, id: 0.08558070645241611-142, id: 0.08558070645241611-143, id: 0.08558070645241611-144, id: 0.08558070645241611-145, id: 0.08558070645241611-146, id: 0.08558070645241611-147, id: 0.08558070645241611-148, id: 0.08558070645241611-149, id: 0.08558070645241611-150, id: 0.08558070645241611-151, id: 0.08558070645241611-152, id: 0.08558070645241611-153, id: 0.08558070645241611-154, id: 0.08558070645241611-155, id: 0.08558070645241611-156, id: 0.08558070645241611-157, id: 0.08558070645241611-158, id: 0.08558070645241611-159, id: 0.08558070645241611-160, id: 0.08558070645241611-161, id: 0.08558070645241611-162, id: 0.08558070645241611-163, id: 0.08558070645241611-164, id: 0.08558070645241611-165, id: 0.08558070645241611-166, id: 0.08558070645241611-167, id: 0.08558070645241611-168, id: 0.08558070645241611-169, id: 0.08558070645241611-170, id: 0.08558070645241611-171, id: 0.08558070645241611-172, id: 0.08558070645241611-173, id: 0.08558070645241611-174, id: 0.08558070645241611-175, id: 0.08558070645241611-176, id: 0.08558070645241611-177, id: 0.08558070645241611-178, id: 0.08558070645241611-179, id: 0.08558070645241611-180, id: 0.08558070645241611-181, id: 0.08558070645241611-182, id: 0.08558070645241611-183, id: 0.08558070645241611-184, id: 0.08558070645241611-185, id: 0.08558070645241611-186, id: 0.08558070645241611-187, id: 0.08558070645241611-188, id: 0.08558070645241611-189, id: 0.08558070645241611-190, id: 0.08558070645241611-191, id: 0.08558070645241611-192]
[WebDriverCommandLogger] - Executing getElementText element: By.xpath: //div[@id=&apos;c_articlelist_stories_2&apos;]/ul[1]/li/span[2]/span[2] parameters: {&quot;id&quot;:&quot;0.08558070645241611-142&quot;}
[WebDriverCommandLogger] - command: getElementText[ param-1: By.xpath: //div[@id=&apos;c_articlelist_stories_2&apos;]/ul[1]/li/span[2]/span[2] param-2: {&quot;id&quot;:&quot;0.08558070645241611-142&quot;}] Result: getElementText:1 DAY AGO
[WebDriverCommandLogger] - Executing findElements parameters: {&quot;using&quot;:&quot;xpath&quot;,&quot;value&quot;:&quot;//div[@id=&apos;c_articlelist_stories_2&apos;]/ul[1]/li/span[1]/a&quot;}
[WebDriverCommandLogger] - command: findElements[ param-1: {value=//div[@id=&apos;c_articlelist_stories_2&apos;]/ul[1]/li/span[1]/a, using=xpath}] Result: [id: 0.08558070645241611-1, id: 0.08558070645241611-2, id: 0.08558070645241611-3, id: 0.08558070645241611-4, id: 0.08558070645241611-5, id: 0.08558070645241611-6, id: 0.08558070645241611-7, id: 0.08558070645241611-8, id: 0.08558070645241611-9, id: 0.08558070645241611-10, id: 0.08558070645241611-11, id: 0.08558070645241611-12, id: 0.08558070645241611-13, id: 0.08558070645241611-14, id: 0.08558070645241611-15, id: 0.08558070645241611-16, id: 0.08558070645241611-17, id: 0.08558070645241611-18, id: 0.08558070645241611-19, id: 0.08558070645241611-20, id: 0.08558070645241611-21, id: 0.08558070645241611-22, id: 0.08558070645241611-23, id: 0.08558070645241611-24, id: 0.08558070645241611-25, id: 0.08558070645241611-26, id: 0.08558070645241611-27, id: 0.08558070645241611-28, id: 0.08558070645241611-29, id: 0.08558070645241611-30, id: 0.08558070645241611-31, id: 0.08558070645241611-32, id: 0.08558070645241611-33, id: 0.08558070645241611-34, id: 0.08558070645241611-35, id: 0.08558070645241611-36, id: 0.08558070645241611-37, id: 0.08558070645241611-38, id: 0.08558070645241611-39, id: 0.08558070645241611-40, id: 0.08558070645241611-41, id: 0.08558070645241611-42, id: 0.08558070645241611-43, id: 0.08558070645241611-44, id: 0.08558070645241611-45, id: 0.08558070645241611-46, id: 0.08558070645241611-47, id: 0.08558070645241611-48, id: 0.08558070645241611-49, id: 0.08558070645241611-50, id: 0.08558070645241611-51, id: 0.08558070645241611-52, id: 0.08558070645241611-53, id: 0.08558070645241611-54, id: 0.08558070645241611-55, id: 0.08558070645241611-56, id: 0.08558070645241611-57, id: 0.08558070645241611-58, id: 0.08558070645241611-59, id: 0.08558070645241611-60, id: 0.08558070645241611-61, id: 0.08558070645241611-62, id: 0.08558070645241611-63, id: 0.08558070645241611-64, id: 0.08558070645241611-65, id: 0.08558070645241611-66, id: 0.08558070645241611-67, id: 0.08558070645241611-68, id: 0.08558070645241611-69, id: 0.08558070645241611-70, id: 0.08558070645241611-71, id: 0.08558070645241611-72, id: 0.08558070645241611-73, id: 0.08558070645241611-74, id: 0.08558070645241611-75, id: 0.08558070645241611-76, id: 0.08558070645241611-77, id: 0.08558070645241611-78, id: 0.08558070645241611-79, id: 0.08558070645241611-80, id: 0.08558070645241611-81, id: 0.08558070645241611-82, id: 0.08558070645241611-83, id: 0.08558070645241611-84, id: 0.08558070645241611-85, id: 0.08558070645241611-86, id: 0.08558070645241611-87, id: 0.08558070645241611-88, id: 0.08558070645241611-89, id: 0.08558070645241611-90, id: 0.08558070645241611-91, id: 0.08558070645241611-92, id: 0.08558070645241611-93, id: 0.08558070645241611-94, id: 0.08558070645241611-95, id: 0.08558070645241611-96]
[WebDriverCommandLogger] - Executing getElementText element: By.xpath: //div[@id=&apos;c_articlelist_stories_2&apos;]/ul[1]/li/span[1]/a parameters: {&quot;id&quot;:&quot;0.08558070645241611-46&quot;}
[WebDriverCommandLogger] - command: getElementText[ param-1: By.xpath: //div[@id=&apos;c_articlelist_stories_2&apos;]/ul[1]/li/span[1]/a param-2: {&quot;id&quot;:&quot;0.08558070645241611-46&quot;}] Result: getElementText:Grime, stench take sheen off shows at Chavan hall
[WebDriverCommandLogger] - Executing findElements parameters: {&quot;using&quot;:&quot;xpath&quot;,&quot;value&quot;:&quot;//div[@id=&apos;c_articlelist_stories_2&apos;]/ul[1]/li/span[2]/span[2]&quot;}
[WebDriverCommandLogger] - command: findElements[ param-1: {value=//div[@id=&apos;c_articlelist_stories_2&apos;]/ul[1]/li/span[2]/span[2], using=xpath}] Result: [id: 0.08558070645241611-97, id: 0.08558070645241611-98, id: 0.08558070645241611-99, id: 0.08558070645241611-100, id: 0.08558070645241611-101, id: 0.08558070645241611-102, id: 0.08558070645241611-103, id: 0.08558070645241611-104, id: 0.08558070645241611-105, id: 0.08558070645241611-106, id: 0.08558070645241611-107, id: 0.08558070645241611-108, id: 0.08558070645241611-109, id: 0.08558070645241611-110, id: 0.08558070645241611-111, id: 0.08558070645241611-112, id: 0.08558070645241611-113, id: 0.08558070645241611-114, id: 0.08558070645241611-115, id: 0.08558070645241611-116, id: 0.08558070645241611-117, id: 0.08558070645241611-118, id: 0.08558070645241611-119, id: 0.08558070645241611-120, id: 0.08558070645241611-121, id: 0.08558070645241611-122, id: 0.08558070645241611-123, id: 0.08558070645241611-124, id: 0.08558070645241611-125, id: 0.08558070645241611-126, id: 0.08558070645241611-127, id: 0.08558070645241611-128, id: 0.08558070645241611-129, id: 0.08558070645241611-130, id: 0.08558070645241611-131, id: 0.08558070645241611-132, id: 0.08558070645241611-133, id: 0.08558070645241611-134, id: 0.08558070645241611-135, id: 0.08558070645241611-136, id: 0.08558070645241611-137, id: 0.08558070645241611-138, id: 0.08558070645241611-139, id: 0.08558070645241611-140, id: 0.08558070645241611-141, id: 0.08558070645241611-142, id: 0.08558070645241611-143, id: 0.08558070645241611-144, id: 0.08558070645241611-145, id: 0.08558070645241611-146, id: 0.08558070645241611-147, id: 0.08558070645241611-148, id: 0.08558070645241611-149, id: 0.08558070645241611-150, id: 0.08558070645241611-151, id: 0.08558070645241611-152, id: 0.08558070645241611-153, id: 0.08558070645241611-154, id: 0.08558070645241611-155, id: 0.08558070645241611-156, id: 0.08558070645241611-157, id: 0.08558070645241611-158, id: 0.08558070645241611-159, id: 0.08558070645241611-160, id: 0.08558070645241611-161, id: 0.08558070645241611-162, id: 0.08558070645241611-163, id: 0.08558070645241611-164, id: 0.08558070645241611-165, id: 0.08558070645241611-166, id: 0.08558070645241611-167, id: 0.08558070645241611-168, id: 0.08558070645241611-169, id: 0.08558070645241611-170, id: 0.08558070645241611-171, id: 0.08558070645241611-172, id: 0.08558070645241611-173, id: 0.08558070645241611-174, id: 0.08558070645241611-175, id: 0.08558070645241611-176, id: 0.08558070645241611-177, id: 0.08558070645241611-178, id: 0.08558070645241611-179, id: 0.08558070645241611-180, id: 0.08558070645241611-181, id: 0.08558070645241611-182, id: 0.08558070645241611-183, id: 0.08558070645241611-184, id: 0.08558070645241611-185, id: 0.08558070645241611-186, id: 0.08558070645241611-187, id: 0.08558070645241611-188, id: 0.08558070645241611-189, id: 0.08558070645241611-190, id: 0.08558070645241611-191, id: 0.08558070645241611-192]
[WebDriverCommandLogger] - Executing findElements parameters: {&quot;using&quot;:&quot;xpath&quot;,&quot;value&quot;:&quot;//div[@id=&apos;c_articlelist_stories_2&apos;]/ul[1]/li/span[2]/span[2]&quot;}
[WebDriverCommandLogger] - command: findElements[ param-1: {value=//div[@id=&apos;c_articlelist_stories_2&apos;]/ul[1]/li/span[2]/span[2], using=xpath}] Result: [id: 0.08558070645241611-97, id: 0.08558070645241611-98, id: 0.08558070645241611-99, id: 0.08558070645241611-100, id: 0.08558070645241611-101, id: 0.08558070645241611-102, id: 0.08558070645241611-103, id: 0.08558070645241611-104, id: 0.08558070645241611-105, id: 0.08558070645241611-106, id: 0.08558070645241611-107, id: 0.08558070645241611-108, id: 0.08558070645241611-109, id: 0.08558070645241611-110, id: 0.08558070645241611-111, id: 0.08558070645241611-112, id: 0.08558070645241611-113, id: 0.08558070645241611-114, id: 0.08558070645241611-115, id: 0.08558070645241611-116, id: 0.08558070645241611-117, id: 0.08558070645241611-118, id: 0.08558070645241611-119, id: 0.08558070645241611-120, id: 0.08558070645241611-121, id: 0.08558070645241611-122, id: 0.08558070645241611-123, id: 0.08558070645241611-124, id: 0.08558070645241611-125, id: 0.08558070645241611-126, id: 0.08558070645241611-127, id: 0.08558070645241611-128, id: 0.08558070645241611-129, id: 0.08558070645241611-130, id: 0.08558070645241611-131, id: 0.08558070645241611-132, id: 0.08558070645241611-133, id: 0.08558070645241611-134, id: 0.08558070645241611-135, id: 0.08558070645241611-136, id: 0.08558070645241611-137, id: 0.08558070645241611-138, id: 0.08558070645241611-139, id: 0.08558070645241611-140, id: 0.08558070645241611-141, id: 0.08558070645241611-142, id: 0.08558070645241611-143, id: 0.08558070645241611-144, id: 0.08558070645241611-145, id: 0.08558070645241611-146, id: 0.08558070645241611-147, id: 0.08558070645241611-148, id: 0.08558070645241611-149, id: 0.08558070645241611-150, id: 0.08558070645241611-151, id: 0.08558070645241611-152, id: 0.08558070645241611-153, id: 0.08558070645241611-154, id: 0.08558070645241611-155, id: 0.08558070645241611-156, id: 0.08558070645241611-157, id: 0.08558070645241611-158, id: 0.08558070645241611-159, id: 0.08558070645241611-160, id: 0.08558070645241611-161, id: 0.08558070645241611-162, id: 0.08558070645241611-163, id: 0.08558070645241611-164, id: 0.08558070645241611-165, id: 0.08558070645241611-166, id: 0.08558070645241611-167, id: 0.08558070645241611-168, id: 0.08558070645241611-169, id: 0.08558070645241611-170, id: 0.08558070645241611-171, id: 0.08558070645241611-172, id: 0.08558070645241611-173, id: 0.08558070645241611-174, id: 0.08558070645241611-175, id: 0.08558070645241611-176, id: 0.08558070645241611-177, id: 0.08558070645241611-178, id: 0.08558070645241611-179, id: 0.08558070645241611-180, id: 0.08558070645241611-181, id: 0.08558070645241611-182, id: 0.08558070645241611-183, id: 0.08558070645241611-184, id: 0.08558070645241611-185, id: 0.08558070645241611-186, id: 0.08558070645241611-187, id: 0.08558070645241611-188, id: 0.08558070645241611-189, id: 0.08558070645241611-190, id: 0.08558070645241611-191, id: 0.08558070645241611-192]
[WebDriverCommandLogger] - Executing getElementText element: By.xpath: //div[@id=&apos;c_articlelist_stories_2&apos;]/ul[1]/li/span[2]/span[2] parameters: {&quot;id&quot;:&quot;0.08558070645241611-143&quot;}
[WebDriverCommandLogger] - command: getElementText[ param-1: By.xpath: //div[@id=&apos;c_articlelist_stories_2&apos;]/ul[1]/li/span[2]/span[2] param-2: {&quot;id&quot;:&quot;0.08558070645241611-143&quot;}] Result: getElementText:1 DAY AGO
[WebDriverCommandLogger] - Executing findElements parameters: {&quot;using&quot;:&quot;xpath&quot;,&quot;value&quot;:&quot;//div[@id=&apos;c_articlelist_stories_2&apos;]/ul[1]/li/span[2]/span[2]&quot;}
[WebDriverCommandLogger] - command: findElements[ param-1: {value=//div[@id=&apos;c_articlelist_stories_2&apos;]/ul[1]/li/span[2]/span[2], using=xpath}] Result: [id: 0.08558070645241611-97, id: 0.08558070645241611-98, id: 0.08558070645241611-99, id: 0.08558070645241611-100, id: 0.08558070645241611-101, id: 0.08558070645241611-102, id: 0.08558070645241611-103, id: 0.08558070645241611-104, id: 0.08558070645241611-105, id: 0.08558070645241611-106, id: 0.08558070645241611-107, id: 0.08558070645241611-108, id: 0.08558070645241611-109, id: 0.08558070645241611-110, id: 0.08558070645241611-111, id: 0.08558070645241611-112, id: 0.08558070645241611-113, id: 0.08558070645241611-114, id: 0.08558070645241611-115, id: 0.08558070645241611-116, id: 0.08558070645241611-117, id: 0.08558070645241611-118, id: 0.08558070645241611-119, id: 0.08558070645241611-120, id: 0.08558070645241611-121, id: 0.08558070645241611-122, id: 0.08558070645241611-123, id: 0.08558070645241611-124, id: 0.08558070645241611-125, id: 0.08558070645241611-126, id: 0.08558070645241611-127, id: 0.08558070645241611-128, id: 0.08558070645241611-129, id: 0.08558070645241611-130, id: 0.08558070645241611-131, id: 0.08558070645241611-132, id: 0.08558070645241611-133, id: 0.08558070645241611-134, id: 0.08558070645241611-135, id: 0.08558070645241611-136, id: 0.08558070645241611-137, id: 0.08558070645241611-138, id: 0.08558070645241611-139, id: 0.08558070645241611-140, id: 0.08558070645241611-141, id: 0.08558070645241611-142, id: 0.08558070645241611-143, id: 0.08558070645241611-144, id: 0.08558070645241611-145, id: 0.08558070645241611-146, id: 0.08558070645241611-147, id: 0.08558070645241611-148, id: 0.08558070645241611-149, id: 0.08558070645241611-150, id: 0.08558070645241611-151, id: 0.08558070645241611-152, id: 0.08558070645241611-153, id: 0.08558070645241611-154, id: 0.08558070645241611-155, id: 0.08558070645241611-156, id: 0.08558070645241611-157, id: 0.08558070645241611-158, id: 0.08558070645241611-159, id: 0.08558070645241611-160, id: 0.08558070645241611-161, id: 0.08558070645241611-162, id: 0.08558070645241611-163, id: 0.08558070645241611-164, id: 0.08558070645241611-165, id: 0.08558070645241611-166, id: 0.08558070645241611-167, id: 0.08558070645241611-168, id: 0.08558070645241611-169, id: 0.08558070645241611-170, id: 0.08558070645241611-171, id: 0.08558070645241611-172, id: 0.08558070645241611-173, id: 0.08558070645241611-174, id: 0.08558070645241611-175, id: 0.08558070645241611-176, id: 0.08558070645241611-177, id: 0.08558070645241611-178, id: 0.08558070645241611-179, id: 0.08558070645241611-180, id: 0.08558070645241611-181, id: 0.08558070645241611-182, id: 0.08558070645241611-183, id: 0.08558070645241611-184, id: 0.08558070645241611-185, id: 0.08558070645241611-186, id: 0.08558070645241611-187, id: 0.08558070645241611-188, id: 0.08558070645241611-189, id: 0.08558070645241611-190, id: 0.08558070645241611-191, id: 0.08558070645241611-192]
[WebDriverCommandLogger] - Executing getElementText element: By.xpath: //div[@id=&apos;c_articlelist_stories_2&apos;]/ul[1]/li/span[2]/span[2] parameters: {&quot;id&quot;:&quot;0.08558070645241611-143&quot;}
[WebDriverCommandLogger] - command: getElementText[ param-1: By.xpath: //div[@id=&apos;c_articlelist_stories_2&apos;]/ul[1]/li/span[2]/span[2] param-2: {&quot;id&quot;:&quot;0.08558070645241611-143&quot;}] Result: getElementText:1 DAY AGO
[WebDriverCommandLogger] - Executing findElements parameters: {&quot;using&quot;:&quot;xpath&quot;,&quot;value&quot;:&quot;//div[@id=&apos;c_articlelist_stories_2&apos;]/ul[1]/li/span[1]/a&quot;}
[WebDriverCommandLogger] - command: findElements[ param-1: {value=//div[@id=&apos;c_articlelist_stories_2&apos;]/ul[1]/li/span[1]/a, using=xpath}] Result: [id: 0.08558070645241611-1, id: 0.08558070645241611-2, id: 0.08558070645241611-3, id: 0.08558070645241611-4, id: 0.08558070645241611-5, id: 0.08558070645241611-6, id: 0.08558070645241611-7, id: 0.08558070645241611-8, id: 0.08558070645241611-9, id: 0.08558070645241611-10, id: 0.08558070645241611-11, id: 0.08558070645241611-12, id: 0.08558070645241611-13, id: 0.08558070645241611-14, id: 0.08558070645241611-15, id: 0.08558070645241611-16, id: 0.08558070645241611-17, id: 0.08558070645241611-18, id: 0.08558070645241611-19, id: 0.08558070645241611-20, id: 0.08558070645241611-21, id: 0.08558070645241611-22, id: 0.08558070645241611-23, id: 0.08558070645241611-24, id: 0.08558070645241611-25, id: 0.08558070645241611-26, id: 0.08558070645241611-27, id: 0.08558070645241611-28, id: 0.08558070645241611-29, id: 0.08558070645241611-30, id: 0.08558070645241611-31, id: 0.08558070645241611-32, id: 0.08558070645241611-33, id: 0.08558070645241611-34, id: 0.08558070645241611-35, id: 0.08558070645241611-36, id: 0.08558070645241611-37, id: 0.08558070645241611-38, id: 0.08558070645241611-39, id: 0.08558070645241611-40, id: 0.08558070645241611-41, id: 0.08558070645241611-42, id: 0.08558070645241611-43, id: 0.08558070645241611-44, id: 0.08558070645241611-45, id: 0.08558070645241611-46, id: 0.08558070645241611-47, id: 0.08558070645241611-48, id: 0.08558070645241611-49, id: 0.08558070645241611-50, id: 0.08558070645241611-51, id: 0.08558070645241611-52, id: 0.08558070645241611-53, id: 0.08558070645241611-54, id: 0.08558070645241611-55, id: 0.08558070645241611-56, id: 0.08558070645241611-57, id: 0.08558070645241611-58, id: 0.08558070645241611-59, id: 0.08558070645241611-60, id: 0.08558070645241611-61, id: 0.08558070645241611-62, id: 0.08558070645241611-63, id: 0.08558070645241611-64, id: 0.08558070645241611-65, id: 0.08558070645241611-66, id: 0.08558070645241611-67, id: 0.08558070645241611-68, id: 0.08558070645241611-69, id: 0.08558070645241611-70, id: 0.08558070645241611-71, id: 0.08558070645241611-72, id: 0.08558070645241611-73, id: 0.08558070645241611-74, id: 0.08558070645241611-75, id: 0.08558070645241611-76, id: 0.08558070645241611-77, id: 0.08558070645241611-78, id: 0.08558070645241611-79, id: 0.08558070645241611-80, id: 0.08558070645241611-81, id: 0.08558070645241611-82, id: 0.08558070645241611-83, id: 0.08558070645241611-84, id: 0.08558070645241611-85, id: 0.08558070645241611-86, id: 0.08558070645241611-87, id: 0.08558070645241611-88, id: 0.08558070645241611-89, id: 0.08558070645241611-90, id: 0.08558070645241611-91, id: 0.08558070645241611-92, id: 0.08558070645241611-93, id: 0.08558070645241611-94, id: 0.08558070645241611-95, id: 0.08558070645241611-96]
[WebDriverCommandLogger] - Executing getElementText element: By.xpath: //div[@id=&apos;c_articlelist_stories_2&apos;]/ul[1]/li/span[1]/a parameters: {&quot;id&quot;:&quot;0.08558070645241611-47&quot;}
[WebDriverCommandLogger] - command: getElementText[ param-1: By.xpath: //div[@id=&apos;c_articlelist_stories_2&apos;]/ul[1]/li/span[1]/a param-2: {&quot;id&quot;:&quot;0.08558070645241611-47&quot;}] Result: getElementText:Duo robs man of cash, ornament
[WebDriverCommandLogger] - Executing findElements parameters: {&quot;using&quot;:&quot;xpath&quot;,&quot;value&quot;:&quot;//div[@id=&apos;c_articlelist_stories_2&apos;]/ul[1]/li/span[2]/span[2]&quot;}
[WebDriverCommandLogger] - command: findElements[ param-1: {value=//div[@id=&apos;c_articlelist_stories_2&apos;]/ul[1]/li/span[2]/span[2], using=xpath}] Result: [id: 0.08558070645241611-97, id: 0.08558070645241611-98, id: 0.08558070645241611-99, id: 0.08558070645241611-100, id: 0.08558070645241611-101, id: 0.08558070645241611-102, id: 0.08558070645241611-103, id: 0.08558070645241611-104, id: 0.08558070645241611-105, id: 0.08558070645241611-106, id: 0.08558070645241611-107, id: 0.08558070645241611-108, id: 0.08558070645241611-109, id: 0.08558070645241611-110, id: 0.08558070645241611-111, id: 0.08558070645241611-112, id: 0.08558070645241611-113, id: 0.08558070645241611-114, id: 0.08558070645241611-115, id: 0.08558070645241611-116, id: 0.08558070645241611-117, id: 0.08558070645241611-118, id: 0.08558070645241611-119, id: 0.08558070645241611-120, id: 0.08558070645241611-121, id: 0.08558070645241611-122, id: 0.08558070645241611-123, id: 0.08558070645241611-124, id: 0.08558070645241611-125, id: 0.08558070645241611-126, id: 0.08558070645241611-127, id: 0.08558070645241611-128, id: 0.08558070645241611-129, id: 0.08558070645241611-130, id: 0.08558070645241611-131, id: 0.08558070645241611-132, id: 0.08558070645241611-133, id: 0.08558070645241611-134, id: 0.08558070645241611-135, id: 0.08558070645241611-136, id: 0.08558070645241611-137, id: 0.08558070645241611-138, id: 0.08558070645241611-139, id: 0.08558070645241611-140, id: 0.08558070645241611-141, id: 0.08558070645241611-142, id: 0.08558070645241611-143, id: 0.08558070645241611-144, id: 0.08558070645241611-145, id: 0.08558070645241611-146, id: 0.08558070645241611-147, id: 0.08558070645241611-148, id: 0.08558070645241611-149, id: 0.08558070645241611-150, id: 0.08558070645241611-151, id: 0.08558070645241611-152, id: 0.08558070645241611-153, id: 0.08558070645241611-154, id: 0.08558070645241611-155, id: 0.08558070645241611-156, id: 0.08558070645241611-157, id: 0.08558070645241611-158, id: 0.08558070645241611-159, id: 0.08558070645241611-160, id: 0.08558070645241611-161, id: 0.08558070645241611-162, id: 0.08558070645241611-163, id: 0.08558070645241611-164, id: 0.08558070645241611-165, id: 0.08558070645241611-166, id: 0.08558070645241611-167, id: 0.08558070645241611-168, id: 0.08558070645241611-169, id: 0.08558070645241611-170, id: 0.08558070645241611-171, id: 0.08558070645241611-172, id: 0.08558070645241611-173, id: 0.08558070645241611-174, id: 0.08558070645241611-175, id: 0.08558070645241611-176, id: 0.08558070645241611-177, id: 0.08558070645241611-178, id: 0.08558070645241611-179, id: 0.08558070645241611-180, id: 0.08558070645241611-181, id: 0.08558070645241611-182, id: 0.08558070645241611-183, id: 0.08558070645241611-184, id: 0.08558070645241611-185, id: 0.08558070645241611-186, id: 0.08558070645241611-187, id: 0.08558070645241611-188, id: 0.08558070645241611-189, id: 0.08558070645241611-190, id: 0.08558070645241611-191, id: 0.08558070645241611-192]
[WebDriverCommandLogger] - Executing findElements parameters: {&quot;using&quot;:&quot;xpath&quot;,&quot;value&quot;:&quot;//div[@id=&apos;c_articlelist_stories_2&apos;]/ul[1]/li/span[2]/span[2]&quot;}
[WebDriverCommandLogger] - command: findElements[ param-1: {value=//div[@id=&apos;c_articlelist_stories_2&apos;]/ul[1]/li/span[2]/span[2], using=xpath}] Result: [id: 0.08558070645241611-97, id: 0.08558070645241611-98, id: 0.08558070645241611-99, id: 0.08558070645241611-100, id: 0.08558070645241611-101, id: 0.08558070645241611-102, id: 0.08558070645241611-103, id: 0.08558070645241611-104, id: 0.08558070645241611-105, id: 0.08558070645241611-106, id: 0.08558070645241611-107, id: 0.08558070645241611-108, id: 0.08558070645241611-109, id: 0.08558070645241611-110, id: 0.08558070645241611-111, id: 0.08558070645241611-112, id: 0.08558070645241611-113, id: 0.08558070645241611-114, id: 0.08558070645241611-115, id: 0.08558070645241611-116, id: 0.08558070645241611-117, id: 0.08558070645241611-118, id: 0.08558070645241611-119, id: 0.08558070645241611-120, id: 0.08558070645241611-121, id: 0.08558070645241611-122, id: 0.08558070645241611-123, id: 0.08558070645241611-124, id: 0.08558070645241611-125, id: 0.08558070645241611-126, id: 0.08558070645241611-127, id: 0.08558070645241611-128, id: 0.08558070645241611-129, id: 0.08558070645241611-130, id: 0.08558070645241611-131, id: 0.08558070645241611-132, id: 0.08558070645241611-133, id: 0.08558070645241611-134, id: 0.08558070645241611-135, id: 0.08558070645241611-136, id: 0.08558070645241611-137, id: 0.08558070645241611-138, id: 0.08558070645241611-139, id: 0.08558070645241611-140, id: 0.08558070645241611-141, id: 0.08558070645241611-142, id: 0.08558070645241611-143, id: 0.08558070645241611-144, id: 0.08558070645241611-145, id: 0.08558070645241611-146, id: 0.08558070645241611-147, id: 0.08558070645241611-148, id: 0.08558070645241611-149, id: 0.08558070645241611-150, id: 0.08558070645241611-151, id: 0.08558070645241611-152, id: 0.08558070645241611-153, id: 0.08558070645241611-154, id: 0.08558070645241611-155, id: 0.08558070645241611-156, id: 0.08558070645241611-157, id: 0.08558070645241611-158, id: 0.08558070645241611-159, id: 0.08558070645241611-160, id: 0.08558070645241611-161, id: 0.08558070645241611-162, id: 0.08558070645241611-163, id: 0.08558070645241611-164, id: 0.08558070645241611-165, id: 0.08558070645241611-166, id: 0.08558070645241611-167, id: 0.08558070645241611-168, id: 0.08558070645241611-169, id: 0.08558070645241611-170, id: 0.08558070645241611-171, id: 0.08558070645241611-172, id: 0.08558070645241611-173, id: 0.08558070645241611-174, id: 0.08558070645241611-175, id: 0.08558070645241611-176, id: 0.08558070645241611-177, id: 0.08558070645241611-178, id: 0.08558070645241611-179, id: 0.08558070645241611-180, id: 0.08558070645241611-181, id: 0.08558070645241611-182, id: 0.08558070645241611-183, id: 0.08558070645241611-184, id: 0.08558070645241611-185, id: 0.08558070645241611-186, id: 0.08558070645241611-187, id: 0.08558070645241611-188, id: 0.08558070645241611-189, id: 0.08558070645241611-190, id: 0.08558070645241611-191, id: 0.08558070645241611-192]
[WebDriverCommandLogger] - Executing getElementText element: By.xpath: //div[@id=&apos;c_articlelist_stories_2&apos;]/ul[1]/li/span[2]/span[2] parameters: {&quot;id&quot;:&quot;0.08558070645241611-144&quot;}
[WebDriverCommandLogger] - command: getElementText[ param-1: By.xpath: //div[@id=&apos;c_articlelist_stories_2&apos;]/ul[1]/li/span[2]/span[2] param-2: {&quot;id&quot;:&quot;0.08558070645241611-144&quot;}] Result: getElementText:1 DAY AGO
[WebDriverCommandLogger] - Executing findElements parameters: {&quot;using&quot;:&quot;xpath&quot;,&quot;value&quot;:&quot;//div[@id=&apos;c_articlelist_stories_2&apos;]/ul[1]/li/span[2]/span[2]&quot;}
[WebDriverCommandLogger] - command: findElements[ param-1: {value=//div[@id=&apos;c_articlelist_stories_2&apos;]/ul[1]/li/span[2]/span[2], using=xpath}] Result: [id: 0.08558070645241611-97, id: 0.08558070645241611-98, id: 0.08558070645241611-99, id: 0.08558070645241611-100, id: 0.08558070645241611-101, id: 0.08558070645241611-102, id: 0.08558070645241611-103, id: 0.08558070645241611-104, id: 0.08558070645241611-105, id: 0.08558070645241611-106, id: 0.08558070645241611-107, id: 0.08558070645241611-108, id: 0.08558070645241611-109, id: 0.08558070645241611-110, id: 0.08558070645241611-111, id: 0.08558070645241611-112, id: 0.08558070645241611-113, id: 0.08558070645241611-114, id: 0.08558070645241611-115, id: 0.08558070645241611-116, id: 0.08558070645241611-117, id: 0.08558070645241611-118, id: 0.08558070645241611-119, id: 0.08558070645241611-120, id: 0.08558070645241611-121, id: 0.08558070645241611-122, id: 0.08558070645241611-123, id: 0.08558070645241611-124, id: 0.08558070645241611-125, id: 0.08558070645241611-126, id: 0.08558070645241611-127, id: 0.08558070645241611-128, id: 0.08558070645241611-129, id: 0.08558070645241611-130, id: 0.08558070645241611-131, id: 0.08558070645241611-132, id: 0.08558070645241611-133, id: 0.08558070645241611-134, id: 0.08558070645241611-135, id: 0.08558070645241611-136, id: 0.08558070645241611-137, id: 0.08558070645241611-138, id: 0.08558070645241611-139, id: 0.08558070645241611-140, id: 0.08558070645241611-141, id: 0.08558070645241611-142, id: 0.08558070645241611-143, id: 0.08558070645241611-144, id: 0.08558070645241611-145, id: 0.08558070645241611-146, id: 0.08558070645241611-147, id: 0.08558070645241611-148, id: 0.08558070645241611-149, id: 0.08558070645241611-150, id: 0.08558070645241611-151, id: 0.08558070645241611-152, id: 0.08558070645241611-153, id: 0.08558070645241611-154, id: 0.08558070645241611-155, id: 0.08558070645241611-156, id: 0.08558070645241611-157, id: 0.08558070645241611-158, id: 0.08558070645241611-159, id: 0.08558070645241611-160, id: 0.08558070645241611-161, id: 0.08558070645241611-162, id: 0.08558070645241611-163, id: 0.08558070645241611-164, id: 0.08558070645241611-165, id: 0.08558070645241611-166, id: 0.08558070645241611-167, id: 0.08558070645241611-168, id: 0.08558070645241611-169, id: 0.08558070645241611-170, id: 0.08558070645241611-171, id: 0.08558070645241611-172, id: 0.08558070645241611-173, id: 0.08558070645241611-174, id: 0.08558070645241611-175, id: 0.08558070645241611-176, id: 0.08558070645241611-177, id: 0.08558070645241611-178, id: 0.08558070645241611-179, id: 0.08558070645241611-180, id: 0.08558070645241611-181, id: 0.08558070645241611-182, id: 0.08558070645241611-183, id: 0.08558070645241611-184, id: 0.08558070645241611-185, id: 0.08558070645241611-186, id: 0.08558070645241611-187, id: 0.08558070645241611-188, id: 0.08558070645241611-189, id: 0.08558070645241611-190, id: 0.08558070645241611-191, id: 0.08558070645241611-192]
[WebDriverCommandLogger] - Executing getElementText element: By.xpath: //div[@id=&apos;c_articlelist_stories_2&apos;]/ul[1]/li/span[2]/span[2] parameters: {&quot;id&quot;:&quot;0.08558070645241611-144&quot;}
[WebDriverCommandLogger] - command: getElementText[ param-1: By.xpath: //div[@id=&apos;c_articlelist_stories_2&apos;]/ul[1]/li/span[2]/span[2] param-2: {&quot;id&quot;:&quot;0.08558070645241611-144&quot;}] Result: getElementText:1 DAY AGO
[WebDriverCommandLogger] - Executing findElements parameters: {&quot;using&quot;:&quot;xpath&quot;,&quot;value&quot;:&quot;//div[@id=&apos;c_articlelist_stories_2&apos;]/ul[1]/li/span[1]/a&quot;}
[WebDriverCommandLogger] - command: findElements[ param-1: {value=//div[@id=&apos;c_articlelist_stories_2&apos;]/ul[1]/li/span[1]/a, using=xpath}] Result: [id: 0.08558070645241611-1, id: 0.08558070645241611-2, id: 0.08558070645241611-3, id: 0.08558070645241611-4, id: 0.08558070645241611-5, id: 0.08558070645241611-6, id: 0.08558070645241611-7, id: 0.08558070645241611-8, id: 0.08558070645241611-9, id: 0.08558070645241611-10, id: 0.08558070645241611-11, id: 0.08558070645241611-12, id: 0.08558070645241611-13, id: 0.08558070645241611-14, id: 0.08558070645241611-15, id: 0.08558070645241611-16, id: 0.08558070645241611-17, id: 0.08558070645241611-18, id: 0.08558070645241611-19, id: 0.08558070645241611-20, id: 0.08558070645241611-21, id: 0.08558070645241611-22, id: 0.08558070645241611-23, id: 0.08558070645241611-24, id: 0.08558070645241611-25, id: 0.08558070645241611-26, id: 0.08558070645241611-27, id: 0.08558070645241611-28, id: 0.08558070645241611-29, id: 0.08558070645241611-30, id: 0.08558070645241611-31, id: 0.08558070645241611-32, id: 0.08558070645241611-33, id: 0.08558070645241611-34, id: 0.08558070645241611-35, id: 0.08558070645241611-36, id: 0.08558070645241611-37, id: 0.08558070645241611-38, id: 0.08558070645241611-39, id: 0.08558070645241611-40, id: 0.08558070645241611-41, id: 0.08558070645241611-42, id: 0.08558070645241611-43, id: 0.08558070645241611-44, id: 0.08558070645241611-45, id: 0.08558070645241611-46, id: 0.08558070645241611-47, id: 0.08558070645241611-48, id: 0.08558070645241611-49, id: 0.08558070645241611-50, id: 0.08558070645241611-51, id: 0.08558070645241611-52, id: 0.08558070645241611-53, id: 0.08558070645241611-54, id: 0.08558070645241611-55, id: 0.08558070645241611-56, id: 0.08558070645241611-57, id: 0.08558070645241611-58, id: 0.08558070645241611-59, id: 0.08558070645241611-60, id: 0.08558070645241611-61, id: 0.08558070645241611-62, id: 0.08558070645241611-63, id: 0.08558070645241611-64, id: 0.08558070645241611-65, id: 0.08558070645241611-66, id: 0.08558070645241611-67, id: 0.08558070645241611-68, id: 0.08558070645241611-69, id: 0.08558070645241611-70, id: 0.08558070645241611-71, id: 0.08558070645241611-72, id: 0.08558070645241611-73, id: 0.08558070645241611-74, id: 0.08558070645241611-75, id: 0.08558070645241611-76, id: 0.08558070645241611-77, id: 0.08558070645241611-78, id: 0.08558070645241611-79, id: 0.08558070645241611-80, id: 0.08558070645241611-81, id: 0.08558070645241611-82, id: 0.08558070645241611-83, id: 0.08558070645241611-84, id: 0.08558070645241611-85, id: 0.08558070645241611-86, id: 0.08558070645241611-87, id: 0.08558070645241611-88, id: 0.08558070645241611-89, id: 0.08558070645241611-90, id: 0.08558070645241611-91, id: 0.08558070645241611-92, id: 0.08558070645241611-93, id: 0.08558070645241611-94, id: 0.08558070645241611-95, id: 0.08558070645241611-96]
[WebDriverCommandLogger] - Executing getElementText element: By.xpath: //div[@id=&apos;c_articlelist_stories_2&apos;]/ul[1]/li/span[1]/a parameters: {&quot;id&quot;:&quot;0.08558070645241611-48&quot;}
[WebDriverCommandLogger] - command: getElementText[ param-1: By.xpath: //div[@id=&apos;c_articlelist_stories_2&apos;]/ul[1]/li/span[1]/a param-2: {&quot;id&quot;:&quot;0.08558070645241611-48&quot;}] Result: getElementText:Tilak Road electronic shop blaze destroys laptops, computer parts
[WebDriverCommandLogger] - Executing findElements parameters: {&quot;using&quot;:&quot;xpath&quot;,&quot;value&quot;:&quot;//div[@id=&apos;c_articlelist_stories_2&apos;]/ul[1]/li/span[2]/span[2]&quot;}
[WebDriverCommandLogger] - command: findElements[ param-1: {value=//div[@id=&apos;c_articlelist_stories_2&apos;]/ul[1]/li/span[2]/span[2], using=xpath}] Result: [id: 0.08558070645241611-97, id: 0.08558070645241611-98, id: 0.08558070645241611-99, id: 0.08558070645241611-100, id: 0.08558070645241611-101, id: 0.08558070645241611-102, id: 0.08558070645241611-103, id: 0.08558070645241611-104, id: 0.08558070645241611-105, id: 0.08558070645241611-106, id: 0.08558070645241611-107, id: 0.08558070645241611-108, id: 0.08558070645241611-109, id: 0.08558070645241611-110, id: 0.08558070645241611-111, id: 0.08558070645241611-112, id: 0.08558070645241611-113, id: 0.08558070645241611-114, id: 0.08558070645241611-115, id: 0.08558070645241611-116, id: 0.08558070645241611-117, id: 0.08558070645241611-118, id: 0.08558070645241611-119, id: 0.08558070645241611-120, id: 0.08558070645241611-121, id: 0.08558070645241611-122, id: 0.08558070645241611-123, id: 0.08558070645241611-124, id: 0.08558070645241611-125, id: 0.08558070645241611-126, id: 0.08558070645241611-127, id: 0.08558070645241611-128, id: 0.08558070645241611-129, id: 0.08558070645241611-130, id: 0.08558070645241611-131, id: 0.08558070645241611-132, id: 0.08558070645241611-133, id: 0.08558070645241611-134, id: 0.08558070645241611-135, id: 0.08558070645241611-136, id: 0.08558070645241611-137, id: 0.08558070645241611-138, id: 0.08558070645241611-139, id: 0.08558070645241611-140, id: 0.08558070645241611-141, id: 0.08558070645241611-142, id: 0.08558070645241611-143, id: 0.08558070645241611-144, id: 0.08558070645241611-145, id: 0.08558070645241611-146, id: 0.08558070645241611-147, id: 0.08558070645241611-148, id: 0.08558070645241611-149, id: 0.08558070645241611-150, id: 0.08558070645241611-151, id: 0.08558070645241611-152, id: 0.08558070645241611-153, id: 0.08558070645241611-154, id: 0.08558070645241611-155, id: 0.08558070645241611-156, id: 0.08558070645241611-157, id: 0.08558070645241611-158, id: 0.08558070645241611-159, id: 0.08558070645241611-160, id: 0.08558070645241611-161, id: 0.08558070645241611-162, id: 0.08558070645241611-163, id: 0.08558070645241611-164, id: 0.08558070645241611-165, id: 0.08558070645241611-166, id: 0.08558070645241611-167, id: 0.08558070645241611-168, id: 0.08558070645241611-169, id: 0.08558070645241611-170, id: 0.08558070645241611-171, id: 0.08558070645241611-172, id: 0.08558070645241611-173, id: 0.08558070645241611-174, id: 0.08558070645241611-175, id: 0.08558070645241611-176, id: 0.08558070645241611-177, id: 0.08558070645241611-178, id: 0.08558070645241611-179, id: 0.08558070645241611-180, id: 0.08558070645241611-181, id: 0.08558070645241611-182, id: 0.08558070645241611-183, id: 0.08558070645241611-184, id: 0.08558070645241611-185, id: 0.08558070645241611-186, id: 0.08558070645241611-187, id: 0.08558070645241611-188, id: 0.08558070645241611-189, id: 0.08558070645241611-190, id: 0.08558070645241611-191, id: 0.08558070645241611-192]
[WebDriverCommandLogger] - Executing findElements parameters: {&quot;using&quot;:&quot;xpath&quot;,&quot;value&quot;:&quot;//div[@id=&apos;c_articlelist_stories_2&apos;]/ul[1]/li/span[2]/span[2]&quot;}
[WebDriverCommandLogger] - command: findElements[ param-1: {value=//div[@id=&apos;c_articlelist_stories_2&apos;]/ul[1]/li/span[2]/span[2], using=xpath}] Result: [id: 0.08558070645241611-97, id: 0.08558070645241611-98, id: 0.08558070645241611-99, id: 0.08558070645241611-100, id: 0.08558070645241611-101, id: 0.08558070645241611-102, id: 0.08558070645241611-103, id: 0.08558070645241611-104, id: 0.08558070645241611-105, id: 0.08558070645241611-106, id: 0.08558070645241611-107, id: 0.08558070645241611-108, id: 0.08558070645241611-109, id: 0.08558070645241611-110, id: 0.08558070645241611-111, id: 0.08558070645241611-112, id: 0.08558070645241611-113, id: 0.08558070645241611-114, id: 0.08558070645241611-115, id: 0.08558070645241611-116, id: 0.08558070645241611-117, id: 0.08558070645241611-118, id: 0.08558070645241611-119, id: 0.08558070645241611-120, id: 0.08558070645241611-121, id: 0.08558070645241611-122, id: 0.08558070645241611-123, id: 0.08558070645241611-124, id: 0.08558070645241611-125, id: 0.08558070645241611-126, id: 0.08558070645241611-127, id: 0.08558070645241611-128, id: 0.08558070645241611-129, id: 0.08558070645241611-130, id: 0.08558070645241611-131, id: 0.08558070645241611-132, id: 0.08558070645241611-133, id: 0.08558070645241611-134, id: 0.08558070645241611-135, id: 0.08558070645241611-136, id: 0.08558070645241611-137, id: 0.08558070645241611-138, id: 0.08558070645241611-139, id: 0.08558070645241611-140, id: 0.08558070645241611-141, id: 0.08558070645241611-142, id: 0.08558070645241611-143, id: 0.08558070645241611-144, id: 0.08558070645241611-145, id: 0.08558070645241611-146, id: 0.08558070645241611-147, id: 0.08558070645241611-148, id: 0.08558070645241611-149, id: 0.08558070645241611-150, id: 0.08558070645241611-151, id: 0.08558070645241611-152, id: 0.08558070645241611-153, id: 0.08558070645241611-154, id: 0.08558070645241611-155, id: 0.08558070645241611-156, id: 0.08558070645241611-157, id: 0.08558070645241611-158, id: 0.08558070645241611-159, id: 0.08558070645241611-160, id: 0.08558070645241611-161, id: 0.08558070645241611-162, id: 0.08558070645241611-163, id: 0.08558070645241611-164, id: 0.08558070645241611-165, id: 0.08558070645241611-166, id: 0.08558070645241611-167, id: 0.08558070645241611-168, id: 0.08558070645241611-169, id: 0.08558070645241611-170, id: 0.08558070645241611-171, id: 0.08558070645241611-172, id: 0.08558070645241611-173, id: 0.08558070645241611-174, id: 0.08558070645241611-175, id: 0.08558070645241611-176, id: 0.08558070645241611-177, id: 0.08558070645241611-178, id: 0.08558070645241611-179, id: 0.08558070645241611-180, id: 0.08558070645241611-181, id: 0.08558070645241611-182, id: 0.08558070645241611-183, id: 0.08558070645241611-184, id: 0.08558070645241611-185, id: 0.08558070645241611-186, id: 0.08558070645241611-187, id: 0.08558070645241611-188, id: 0.08558070645241611-189, id: 0.08558070645241611-190, id: 0.08558070645241611-191, id: 0.08558070645241611-192]
[WebDriverCommandLogger] - Executing getElementText element: By.xpath: //div[@id=&apos;c_articlelist_stories_2&apos;]/ul[1]/li/span[2]/span[2] parameters: {&quot;id&quot;:&quot;0.08558070645241611-145&quot;}
[WebDriverCommandLogger] - command: getElementText[ param-1: By.xpath: //div[@id=&apos;c_articlelist_stories_2&apos;]/ul[1]/li/span[2]/span[2] param-2: {&quot;id&quot;:&quot;0.08558070645241611-145&quot;}] Result: getElementText:1 DAY AGO
[WebDriverCommandLogger] - Executing findElements parameters: {&quot;using&quot;:&quot;xpath&quot;,&quot;value&quot;:&quot;//div[@id=&apos;c_articlelist_stories_2&apos;]/ul[1]/li/span[2]/span[2]&quot;}
[WebDriverCommandLogger] - command: findElements[ param-1: {value=//div[@id=&apos;c_articlelist_stories_2&apos;]/ul[1]/li/span[2]/span[2], using=xpath}] Result: [id: 0.08558070645241611-97, id: 0.08558070645241611-98, id: 0.08558070645241611-99, id: 0.08558070645241611-100, id: 0.08558070645241611-101, id: 0.08558070645241611-102, id: 0.08558070645241611-103, id: 0.08558070645241611-104, id: 0.08558070645241611-105, id: 0.08558070645241611-106, id: 0.08558070645241611-107, id: 0.08558070645241611-108, id: 0.08558070645241611-109, id: 0.08558070645241611-110, id: 0.08558070645241611-111, id: 0.08558070645241611-112, id: 0.08558070645241611-113, id: 0.08558070645241611-114, id: 0.08558070645241611-115, id: 0.08558070645241611-116, id: 0.08558070645241611-117, id: 0.08558070645241611-118, id: 0.08558070645241611-119, id: 0.08558070645241611-120, id: 0.08558070645241611-121, id: 0.08558070645241611-122, id: 0.08558070645241611-123, id: 0.08558070645241611-124, id: 0.08558070645241611-125, id: 0.08558070645241611-126, id: 0.08558070645241611-127, id: 0.08558070645241611-128, id: 0.08558070645241611-129, id: 0.08558070645241611-130, id: 0.08558070645241611-131, id: 0.08558070645241611-132, id: 0.08558070645241611-133, id: 0.08558070645241611-134, id: 0.08558070645241611-135, id: 0.08558070645241611-136, id: 0.08558070645241611-137, id: 0.08558070645241611-138, id: 0.08558070645241611-139, id: 0.08558070645241611-140, id: 0.08558070645241611-141, id: 0.08558070645241611-142, id: 0.08558070645241611-143, id: 0.08558070645241611-144, id: 0.08558070645241611-145, id: 0.08558070645241611-146, id: 0.08558070645241611-147, id: 0.08558070645241611-148, id: 0.08558070645241611-149, id: 0.08558070645241611-150, id: 0.08558070645241611-151, id: 0.08558070645241611-152, id: 0.08558070645241611-153, id: 0.08558070645241611-154, id: 0.08558070645241611-155, id: 0.08558070645241611-156, id: 0.08558070645241611-157, id: 0.08558070645241611-158, id: 0.08558070645241611-159, id: 0.08558070645241611-160, id: 0.08558070645241611-161, id: 0.08558070645241611-162, id: 0.08558070645241611-163, id: 0.08558070645241611-164, id: 0.08558070645241611-165, id: 0.08558070645241611-166, id: 0.08558070645241611-167, id: 0.08558070645241611-168, id: 0.08558070645241611-169, id: 0.08558070645241611-170, id: 0.08558070645241611-171, id: 0.08558070645241611-172, id: 0.08558070645241611-173, id: 0.08558070645241611-174, id: 0.08558070645241611-175, id: 0.08558070645241611-176, id: 0.08558070645241611-177, id: 0.08558070645241611-178, id: 0.08558070645241611-179, id: 0.08558070645241611-180, id: 0.08558070645241611-181, id: 0.08558070645241611-182, id: 0.08558070645241611-183, id: 0.08558070645241611-184, id: 0.08558070645241611-185, id: 0.08558070645241611-186, id: 0.08558070645241611-187, id: 0.08558070645241611-188, id: 0.08558070645241611-189, id: 0.08558070645241611-190, id: 0.08558070645241611-191, id: 0.08558070645241611-192]
[WebDriverCommandLogger] - Executing getElementText element: By.xpath: //div[@id=&apos;c_articlelist_stories_2&apos;]/ul[1]/li/span[2]/span[2] parameters: {&quot;id&quot;:&quot;0.08558070645241611-145&quot;}
[WebDriverCommandLogger] - command: getElementText[ param-1: By.xpath: //div[@id=&apos;c_articlelist_stories_2&apos;]/ul[1]/li/span[2]/span[2] param-2: {&quot;id&quot;:&quot;0.08558070645241611-145&quot;}] Result: getElementText:1 DAY AGO
[WebDriverCommandLogger] - Executing findElements parameters: {&quot;using&quot;:&quot;xpath&quot;,&quot;value&quot;:&quot;//div[@id=&apos;c_articlelist_stories_2&apos;]/ul[1]/li/span[1]/a&quot;}
[WebDriverCommandLogger] - command: findElements[ param-1: {value=//div[@id=&apos;c_articlelist_stories_2&apos;]/ul[1]/li/span[1]/a, using=xpath}] Result: [id: 0.08558070645241611-1, id: 0.08558070645241611-2, id: 0.08558070645241611-3, id: 0.08558070645241611-4, id: 0.08558070645241611-5, id: 0.08558070645241611-6, id: 0.08558070645241611-7, id: 0.08558070645241611-8, id: 0.08558070645241611-9, id: 0.08558070645241611-10, id: 0.08558070645241611-11, id: 0.08558070645241611-12, id: 0.08558070645241611-13, id: 0.08558070645241611-14, id: 0.08558070645241611-15, id: 0.08558070645241611-16, id: 0.08558070645241611-17, id: 0.08558070645241611-18, id: 0.08558070645241611-19, id: 0.08558070645241611-20, id: 0.08558070645241611-21, id: 0.08558070645241611-22, id: 0.08558070645241611-23, id: 0.08558070645241611-24, id: 0.08558070645241611-25, id: 0.08558070645241611-26, id: 0.08558070645241611-27, id: 0.08558070645241611-28, id: 0.08558070645241611-29, id: 0.08558070645241611-30, id: 0.08558070645241611-31, id: 0.08558070645241611-32, id: 0.08558070645241611-33, id: 0.08558070645241611-34, id: 0.08558070645241611-35, id: 0.08558070645241611-36, id: 0.08558070645241611-37, id: 0.08558070645241611-38, id: 0.08558070645241611-39, id: 0.08558070645241611-40, id: 0.08558070645241611-41, id: 0.08558070645241611-42, id: 0.08558070645241611-43, id: 0.08558070645241611-44, id: 0.08558070645241611-45, id: 0.08558070645241611-46, id: 0.08558070645241611-47, id: 0.08558070645241611-48, id: 0.08558070645241611-49, id: 0.08558070645241611-50, id: 0.08558070645241611-51, id: 0.08558070645241611-52, id: 0.08558070645241611-53, id: 0.08558070645241611-54, id: 0.08558070645241611-55, id: 0.08558070645241611-56, id: 0.08558070645241611-57, id: 0.08558070645241611-58, id: 0.08558070645241611-59, id: 0.08558070645241611-60, id: 0.08558070645241611-61, id: 0.08558070645241611-62, id: 0.08558070645241611-63, id: 0.08558070645241611-64, id: 0.08558070645241611-65, id: 0.08558070645241611-66, id: 0.08558070645241611-67, id: 0.08558070645241611-68, id: 0.08558070645241611-69, id: 0.08558070645241611-70, id: 0.08558070645241611-71, id: 0.08558070645241611-72, id: 0.08558070645241611-73, id: 0.08558070645241611-74, id: 0.08558070645241611-75, id: 0.08558070645241611-76, id: 0.08558070645241611-77, id: 0.08558070645241611-78, id: 0.08558070645241611-79, id: 0.08558070645241611-80, id: 0.08558070645241611-81, id: 0.08558070645241611-82, id: 0.08558070645241611-83, id: 0.08558070645241611-84, id: 0.08558070645241611-85, id: 0.08558070645241611-86, id: 0.08558070645241611-87, id: 0.08558070645241611-88, id: 0.08558070645241611-89, id: 0.08558070645241611-90, id: 0.08558070645241611-91, id: 0.08558070645241611-92, id: 0.08558070645241611-93, id: 0.08558070645241611-94, id: 0.08558070645241611-95, id: 0.08558070645241611-96]
[WebDriverCommandLogger] - Executing getElementText element: By.xpath: //div[@id=&apos;c_articlelist_stories_2&apos;]/ul[1]/li/span[1]/a parameters: {&quot;id&quot;:&quot;0.08558070645241611-49&quot;}
[WebDriverCommandLogger] - command: getElementText[ param-1: By.xpath: //div[@id=&apos;c_articlelist_stories_2&apos;]/ul[1]/li/span[1]/a param-2: {&quot;id&quot;:&quot;0.08558070645241611-49&quot;}] Result: getElementText:Commerce powers ahead in students’ choice of streams
[WebDriverCommandLogger] - Executing findElements parameters: {&quot;using&quot;:&quot;xpath&quot;,&quot;value&quot;:&quot;//div[@id=&apos;c_articlelist_stories_2&apos;]/ul[1]/li/span[2]/span[2]&quot;}
[WebDriverCommandLogger] - command: findElements[ param-1: {value=//div[@id=&apos;c_articlelist_stories_2&apos;]/ul[1]/li/span[2]/span[2], using=xpath}] Result: [id: 0.08558070645241611-97, id: 0.08558070645241611-98, id: 0.08558070645241611-99, id: 0.08558070645241611-100, id: 0.08558070645241611-101, id: 0.08558070645241611-102, id: 0.08558070645241611-103, id: 0.08558070645241611-104, id: 0.08558070645241611-105, id: 0.08558070645241611-106, id: 0.08558070645241611-107, id: 0.08558070645241611-108, id: 0.08558070645241611-109, id: 0.08558070645241611-110, id: 0.08558070645241611-111, id: 0.08558070645241611-112, id: 0.08558070645241611-113, id: 0.08558070645241611-114, id: 0.08558070645241611-115, id: 0.08558070645241611-116, id: 0.08558070645241611-117, id: 0.08558070645241611-118, id: 0.08558070645241611-119, id: 0.08558070645241611-120, id: 0.08558070645241611-121, id: 0.08558070645241611-122, id: 0.08558070645241611-123, id: 0.08558070645241611-124, id: 0.08558070645241611-125, id: 0.08558070645241611-126, id: 0.08558070645241611-127, id: 0.08558070645241611-128, id: 0.08558070645241611-129, id: 0.08558070645241611-130, id: 0.08558070645241611-131, id: 0.08558070645241611-132, id: 0.08558070645241611-133, id: 0.08558070645241611-134, id: 0.08558070645241611-135, id: 0.08558070645241611-136, id: 0.08558070645241611-137, id: 0.08558070645241611-138, id: 0.08558070645241611-139, id: 0.08558070645241611-140, id: 0.08558070645241611-141, id: 0.08558070645241611-142, id: 0.08558070645241611-143, id: 0.08558070645241611-144, id: 0.08558070645241611-145, id: 0.08558070645241611-146, id: 0.08558070645241611-147, id: 0.08558070645241611-148, id: 0.08558070645241611-149, id: 0.08558070645241611-150, id: 0.08558070645241611-151, id: 0.08558070645241611-152, id: 0.08558070645241611-153, id: 0.08558070645241611-154, id: 0.08558070645241611-155, id: 0.08558070645241611-156, id: 0.08558070645241611-157, id: 0.08558070645241611-158, id: 0.08558070645241611-159, id: 0.08558070645241611-160, id: 0.08558070645241611-161, id: 0.08558070645241611-162, id: 0.08558070645241611-163, id: 0.08558070645241611-164, id: 0.08558070645241611-165, id: 0.08558070645241611-166, id: 0.08558070645241611-167, id: 0.08558070645241611-168, id: 0.08558070645241611-169, id: 0.08558070645241611-170, id: 0.08558070645241611-171, id: 0.08558070645241611-172, id: 0.08558070645241611-173, id: 0.08558070645241611-174, id: 0.08558070645241611-175, id: 0.08558070645241611-176, id: 0.08558070645241611-177, id: 0.08558070645241611-178, id: 0.08558070645241611-179, id: 0.08558070645241611-180, id: 0.08558070645241611-181, id: 0.08558070645241611-182, id: 0.08558070645241611-183, id: 0.08558070645241611-184, id: 0.08558070645241611-185, id: 0.08558070645241611-186, id: 0.08558070645241611-187, id: 0.08558070645241611-188, id: 0.08558070645241611-189, id: 0.08558070645241611-190, id: 0.08558070645241611-191, id: 0.08558070645241611-192]
[WebDriverCommandLogger] - Executing findElements parameters: {&quot;using&quot;:&quot;xpath&quot;,&quot;value&quot;:&quot;//div[@id=&apos;c_articlelist_stories_2&apos;]/ul[1]/li/span[2]/span[2]&quot;}
[WebDriverCommandLogger] - command: findElements[ param-1: {value=//div[@id=&apos;c_articlelist_stories_2&apos;]/ul[1]/li/span[2]/span[2], using=xpath}] Result: [id: 0.08558070645241611-97, id: 0.08558070645241611-98, id: 0.08558070645241611-99, id: 0.08558070645241611-100, id: 0.08558070645241611-101, id: 0.08558070645241611-102, id: 0.08558070645241611-103, id: 0.08558070645241611-104, id: 0.08558070645241611-105, id: 0.08558070645241611-106, id: 0.08558070645241611-107, id: 0.08558070645241611-108, id: 0.08558070645241611-109, id: 0.08558070645241611-110, id: 0.08558070645241611-111, id: 0.08558070645241611-112, id: 0.08558070645241611-113, id: 0.08558070645241611-114, id: 0.08558070645241611-115, id: 0.08558070645241611-116, id: 0.08558070645241611-117, id: 0.08558070645241611-118, id: 0.08558070645241611-119, id: 0.08558070645241611-120, id: 0.08558070645241611-121, id: 0.08558070645241611-122, id: 0.08558070645241611-123, id: 0.08558070645241611-124, id: 0.08558070645241611-125, id: 0.08558070645241611-126, id: 0.08558070645241611-127, id: 0.08558070645241611-128, id: 0.08558070645241611-129, id: 0.08558070645241611-130, id: 0.08558070645241611-131, id: 0.08558070645241611-132, id: 0.08558070645241611-133, id: 0.08558070645241611-134, id: 0.08558070645241611-135, id: 0.08558070645241611-136, id: 0.08558070645241611-137, id: 0.08558070645241611-138, id: 0.08558070645241611-139, id: 0.08558070645241611-140, id: 0.08558070645241611-141, id: 0.08558070645241611-142, id: 0.08558070645241611-143, id: 0.08558070645241611-144, id: 0.08558070645241611-145, id: 0.08558070645241611-146, id: 0.08558070645241611-147, id: 0.08558070645241611-148, id: 0.08558070645241611-149, id: 0.08558070645241611-150, id: 0.08558070645241611-151, id: 0.08558070645241611-152, id: 0.08558070645241611-153, id: 0.08558070645241611-154, id: 0.08558070645241611-155, id: 0.08558070645241611-156, id: 0.08558070645241611-157, id: 0.08558070645241611-158, id: 0.08558070645241611-159, id: 0.08558070645241611-160, id: 0.08558070645241611-161, id: 0.08558070645241611-162, id: 0.08558070645241611-163, id: 0.08558070645241611-164, id: 0.08558070645241611-165, id: 0.08558070645241611-166, id: 0.08558070645241611-167, id: 0.08558070645241611-168, id: 0.08558070645241611-169, id: 0.08558070645241611-170, id: 0.08558070645241611-171, id: 0.08558070645241611-172, id: 0.08558070645241611-173, id: 0.08558070645241611-174, id: 0.08558070645241611-175, id: 0.08558070645241611-176, id: 0.08558070645241611-177, id: 0.08558070645241611-178, id: 0.08558070645241611-179, id: 0.08558070645241611-180, id: 0.08558070645241611-181, id: 0.08558070645241611-182, id: 0.08558070645241611-183, id: 0.08558070645241611-184, id: 0.08558070645241611-185, id: 0.08558070645241611-186, id: 0.08558070645241611-187, id: 0.08558070645241611-188, id: 0.08558070645241611-189, id: 0.08558070645241611-190, id: 0.08558070645241611-191, id: 0.08558070645241611-192]
[WebDriverCommandLogger] - Executing getElementText element: By.xpath: //div[@id=&apos;c_articlelist_stories_2&apos;]/ul[1]/li/span[2]/span[2] parameters: {&quot;id&quot;:&quot;0.08558070645241611-146&quot;}
[WebDriverCommandLogger] - command: getElementText[ param-1: By.xpath: //div[@id=&apos;c_articlelist_stories_2&apos;]/ul[1]/li/span[2]/span[2] param-2: {&quot;id&quot;:&quot;0.08558070645241611-146&quot;}] Result: getElementText:1 DAY AGO
[WebDriverCommandLogger] - Executing findElements parameters: {&quot;using&quot;:&quot;xpath&quot;,&quot;value&quot;:&quot;//div[@id=&apos;c_articlelist_stories_2&apos;]/ul[1]/li/span[2]/span[2]&quot;}
[WebDriverCommandLogger] - command: findElements[ param-1: {value=//div[@id=&apos;c_articlelist_stories_2&apos;]/ul[1]/li/span[2]/span[2], using=xpath}] Result: [id: 0.08558070645241611-97, id: 0.08558070645241611-98, id: 0.08558070645241611-99, id: 0.08558070645241611-100, id: 0.08558070645241611-101, id: 0.08558070645241611-102, id: 0.08558070645241611-103, id: 0.08558070645241611-104, id: 0.08558070645241611-105, id: 0.08558070645241611-106, id: 0.08558070645241611-107, id: 0.08558070645241611-108, id: 0.08558070645241611-109, id: 0.08558070645241611-110, id: 0.08558070645241611-111, id: 0.08558070645241611-112, id: 0.08558070645241611-113, id: 0.08558070645241611-114, id: 0.08558070645241611-115, id: 0.08558070645241611-116, id: 0.08558070645241611-117, id: 0.08558070645241611-118, id: 0.08558070645241611-119, id: 0.08558070645241611-120, id: 0.08558070645241611-121, id: 0.08558070645241611-122, id: 0.08558070645241611-123, id: 0.08558070645241611-124, id: 0.08558070645241611-125, id: 0.08558070645241611-126, id: 0.08558070645241611-127, id: 0.08558070645241611-128, id: 0.08558070645241611-129, id: 0.08558070645241611-130, id: 0.08558070645241611-131, id: 0.08558070645241611-132, id: 0.08558070645241611-133, id: 0.08558070645241611-134, id: 0.08558070645241611-135, id: 0.08558070645241611-136, id: 0.08558070645241611-137, id: 0.08558070645241611-138, id: 0.08558070645241611-139, id: 0.08558070645241611-140, id: 0.08558070645241611-141, id: 0.08558070645241611-142, id: 0.08558070645241611-143, id: 0.08558070645241611-144, id: 0.08558070645241611-145, id: 0.08558070645241611-146, id: 0.08558070645241611-147, id: 0.08558070645241611-148, id: 0.08558070645241611-149, id: 0.08558070645241611-150, id: 0.08558070645241611-151, id: 0.08558070645241611-152, id: 0.08558070645241611-153, id: 0.08558070645241611-154, id: 0.08558070645241611-155, id: 0.08558070645241611-156, id: 0.08558070645241611-157, id: 0.08558070645241611-158, id: 0.08558070645241611-159, id: 0.08558070645241611-160, id: 0.08558070645241611-161, id: 0.08558070645241611-162, id: 0.08558070645241611-163, id: 0.08558070645241611-164, id: 0.08558070645241611-165, id: 0.08558070645241611-166, id: 0.08558070645241611-167, id: 0.08558070645241611-168, id: 0.08558070645241611-169, id: 0.08558070645241611-170, id: 0.08558070645241611-171, id: 0.08558070645241611-172, id: 0.08558070645241611-173, id: 0.08558070645241611-174, id: 0.08558070645241611-175, id: 0.08558070645241611-176, id: 0.08558070645241611-177, id: 0.08558070645241611-178, id: 0.08558070645241611-179, id: 0.08558070645241611-180, id: 0.08558070645241611-181, id: 0.08558070645241611-182, id: 0.08558070645241611-183, id: 0.08558070645241611-184, id: 0.08558070645241611-185, id: 0.08558070645241611-186, id: 0.08558070645241611-187, id: 0.08558070645241611-188, id: 0.08558070645241611-189, id: 0.08558070645241611-190, id: 0.08558070645241611-191, id: 0.08558070645241611-192]
[WebDriverCommandLogger] - Executing getElementText element: By.xpath: //div[@id=&apos;c_articlelist_stories_2&apos;]/ul[1]/li/span[2]/span[2] parameters: {&quot;id&quot;:&quot;0.08558070645241611-146&quot;}
[WebDriverCommandLogger] - command: getElementText[ param-1: By.xpath: //div[@id=&apos;c_articlelist_stories_2&apos;]/ul[1]/li/span[2]/span[2] param-2: {&quot;id&quot;:&quot;0.08558070645241611-146&quot;}] Result: getElementText:1 DAY AGO
[WebDriverCommandLogger] - Executing findElements parameters: {&quot;using&quot;:&quot;xpath&quot;,&quot;value&quot;:&quot;//div[@id=&apos;c_articlelist_stories_2&apos;]/ul[1]/li/span[1]/a&quot;}
[WebDriverCommandLogger] - command: findElements[ param-1: {value=//div[@id=&apos;c_articlelist_stories_2&apos;]/ul[1]/li/span[1]/a, using=xpath}] Result: [id: 0.08558070645241611-1, id: 0.08558070645241611-2, id: 0.08558070645241611-3, id: 0.08558070645241611-4, id: 0.08558070645241611-5, id: 0.08558070645241611-6, id: 0.08558070645241611-7, id: 0.08558070645241611-8, id: 0.08558070645241611-9, id: 0.08558070645241611-10, id: 0.08558070645241611-11, id: 0.08558070645241611-12, id: 0.08558070645241611-13, id: 0.08558070645241611-14, id: 0.08558070645241611-15, id: 0.08558070645241611-16, id: 0.08558070645241611-17, id: 0.08558070645241611-18, id: 0.08558070645241611-19, id: 0.08558070645241611-20, id: 0.08558070645241611-21, id: 0.08558070645241611-22, id: 0.08558070645241611-23, id: 0.08558070645241611-24, id: 0.08558070645241611-25, id: 0.08558070645241611-26, id: 0.08558070645241611-27, id: 0.08558070645241611-28, id: 0.08558070645241611-29, id: 0.08558070645241611-30, id: 0.08558070645241611-31, id: 0.08558070645241611-32, id: 0.08558070645241611-33, id: 0.08558070645241611-34, id: 0.08558070645241611-35, id: 0.08558070645241611-36, id: 0.08558070645241611-37, id: 0.08558070645241611-38, id: 0.08558070645241611-39, id: 0.08558070645241611-40, id: 0.08558070645241611-41, id: 0.08558070645241611-42, id: 0.08558070645241611-43, id: 0.08558070645241611-44, id: 0.08558070645241611-45, id: 0.08558070645241611-46, id: 0.08558070645241611-47, id: 0.08558070645241611-48, id: 0.08558070645241611-49, id: 0.08558070645241611-50, id: 0.08558070645241611-51, id: 0.08558070645241611-52, id: 0.08558070645241611-53, id: 0.08558070645241611-54, id: 0.08558070645241611-55, id: 0.08558070645241611-56, id: 0.08558070645241611-57, id: 0.08558070645241611-58, id: 0.08558070645241611-59, id: 0.08558070645241611-60, id: 0.08558070645241611-61, id: 0.08558070645241611-62, id: 0.08558070645241611-63, id: 0.08558070645241611-64, id: 0.08558070645241611-65, id: 0.08558070645241611-66, id: 0.08558070645241611-67, id: 0.08558070645241611-68, id: 0.08558070645241611-69, id: 0.08558070645241611-70, id: 0.08558070645241611-71, id: 0.08558070645241611-72, id: 0.08558070645241611-73, id: 0.08558070645241611-74, id: 0.08558070645241611-75, id: 0.08558070645241611-76, id: 0.08558070645241611-77, id: 0.08558070645241611-78, id: 0.08558070645241611-79, id: 0.08558070645241611-80, id: 0.08558070645241611-81, id: 0.08558070645241611-82, id: 0.08558070645241611-83, id: 0.08558070645241611-84, id: 0.08558070645241611-85, id: 0.08558070645241611-86, id: 0.08558070645241611-87, id: 0.08558070645241611-88, id: 0.08558070645241611-89, id: 0.08558070645241611-90, id: 0.08558070645241611-91, id: 0.08558070645241611-92, id: 0.08558070645241611-93, id: 0.08558070645241611-94, id: 0.08558070645241611-95, id: 0.08558070645241611-96]
[WebDriverCommandLogger] - Executing getElementText element: By.xpath: //div[@id=&apos;c_articlelist_stories_2&apos;]/ul[1]/li/span[1]/a parameters: {&quot;id&quot;:&quot;0.08558070645241611-50&quot;}
[WebDriverCommandLogger] - command: getElementText[ param-1: By.xpath: //div[@id=&apos;c_articlelist_stories_2&apos;]/ul[1]/li/span[1]/a param-2: {&quot;id&quot;:&quot;0.08558070645241611-50&quot;}] Result: getElementText:Pupils to confirm seats by Thursday
[WebDriverCommandLogger] - Executing findElements parameters: {&quot;using&quot;:&quot;xpath&quot;,&quot;value&quot;:&quot;//div[@id=&apos;c_articlelist_stories_2&apos;]/ul[1]/li/span[2]/span[2]&quot;}
[WebDriverCommandLogger] - command: findElements[ param-1: {value=//div[@id=&apos;c_articlelist_stories_2&apos;]/ul[1]/li/span[2]/span[2], using=xpath}] Result: [id: 0.08558070645241611-97, id: 0.08558070645241611-98, id: 0.08558070645241611-99, id: 0.08558070645241611-100, id: 0.08558070645241611-101, id: 0.08558070645241611-102, id: 0.08558070645241611-103, id: 0.08558070645241611-104, id: 0.08558070645241611-105, id: 0.08558070645241611-106, id: 0.08558070645241611-107, id: 0.08558070645241611-108, id: 0.08558070645241611-109, id: 0.08558070645241611-110, id: 0.08558070645241611-111, id: 0.08558070645241611-112, id: 0.08558070645241611-113, id: 0.08558070645241611-114, id: 0.08558070645241611-115, id: 0.08558070645241611-116, id: 0.08558070645241611-117, id: 0.08558070645241611-118, id: 0.08558070645241611-119, id: 0.08558070645241611-120, id: 0.08558070645241611-121, id: 0.08558070645241611-122, id: 0.08558070645241611-123, id: 0.08558070645241611-124, id: 0.08558070645241611-125, id: 0.08558070645241611-126, id: 0.08558070645241611-127, id: 0.08558070645241611-128, id: 0.08558070645241611-129, id: 0.08558070645241611-130, id: 0.08558070645241611-131, id: 0.08558070645241611-132, id: 0.08558070645241611-133, id: 0.08558070645241611-134, id: 0.08558070645241611-135, id: 0.08558070645241611-136, id: 0.08558070645241611-137, id: 0.08558070645241611-138, id: 0.08558070645241611-139, id: 0.08558070645241611-140, id: 0.08558070645241611-141, id: 0.08558070645241611-142, id: 0.08558070645241611-143, id: 0.08558070645241611-144, id: 0.08558070645241611-145, id: 0.08558070645241611-146, id: 0.08558070645241611-147, id: 0.08558070645241611-148, id: 0.08558070645241611-149, id: 0.08558070645241611-150, id: 0.08558070645241611-151, id: 0.08558070645241611-152, id: 0.08558070645241611-153, id: 0.08558070645241611-154, id: 0.08558070645241611-155, id: 0.08558070645241611-156, id: 0.08558070645241611-157, id: 0.08558070645241611-158, id: 0.08558070645241611-159, id: 0.08558070645241611-160, id: 0.08558070645241611-161, id: 0.08558070645241611-162, id: 0.08558070645241611-163, id: 0.08558070645241611-164, id: 0.08558070645241611-165, id: 0.08558070645241611-166, id: 0.08558070645241611-167, id: 0.08558070645241611-168, id: 0.08558070645241611-169, id: 0.08558070645241611-170, id: 0.08558070645241611-171, id: 0.08558070645241611-172, id: 0.08558070645241611-173, id: 0.08558070645241611-174, id: 0.08558070645241611-175, id: 0.08558070645241611-176, id: 0.08558070645241611-177, id: 0.08558070645241611-178, id: 0.08558070645241611-179, id: 0.08558070645241611-180, id: 0.08558070645241611-181, id: 0.08558070645241611-182, id: 0.08558070645241611-183, id: 0.08558070645241611-184, id: 0.08558070645241611-185, id: 0.08558070645241611-186, id: 0.08558070645241611-187, id: 0.08558070645241611-188, id: 0.08558070645241611-189, id: 0.08558070645241611-190, id: 0.08558070645241611-191, id: 0.08558070645241611-192]
[WebDriverCommandLogger] - Executing findElements parameters: {&quot;using&quot;:&quot;xpath&quot;,&quot;value&quot;:&quot;//div[@id=&apos;c_articlelist_stories_2&apos;]/ul[1]/li/span[2]/span[2]&quot;}
[WebDriverCommandLogger] - command: findElements[ param-1: {value=//div[@id=&apos;c_articlelist_stories_2&apos;]/ul[1]/li/span[2]/span[2], using=xpath}] Result: [id: 0.08558070645241611-97, id: 0.08558070645241611-98, id: 0.08558070645241611-99, id: 0.08558070645241611-100, id: 0.08558070645241611-101, id: 0.08558070645241611-102, id: 0.08558070645241611-103, id: 0.08558070645241611-104, id: 0.08558070645241611-105, id: 0.08558070645241611-106, id: 0.08558070645241611-107, id: 0.08558070645241611-108, id: 0.08558070645241611-109, id: 0.08558070645241611-110, id: 0.08558070645241611-111, id: 0.08558070645241611-112, id: 0.08558070645241611-113, id: 0.08558070645241611-114, id: 0.08558070645241611-115, id: 0.08558070645241611-116, id: 0.08558070645241611-117, id: 0.08558070645241611-118, id: 0.08558070645241611-119, id: 0.08558070645241611-120, id: 0.08558070645241611-121, id: 0.08558070645241611-122, id: 0.08558070645241611-123, id: 0.08558070645241611-124, id: 0.08558070645241611-125, id: 0.08558070645241611-126, id: 0.08558070645241611-127, id: 0.08558070645241611-128, id: 0.08558070645241611-129, id: 0.08558070645241611-130, id: 0.08558070645241611-131, id: 0.08558070645241611-132, id: 0.08558070645241611-133, id: 0.08558070645241611-134, id: 0.08558070645241611-135, id: 0.08558070645241611-136, id: 0.08558070645241611-137, id: 0.08558070645241611-138, id: 0.08558070645241611-139, id: 0.08558070645241611-140, id: 0.08558070645241611-141, id: 0.08558070645241611-142, id: 0.08558070645241611-143, id: 0.08558070645241611-144, id: 0.08558070645241611-145, id: 0.08558070645241611-146, id: 0.08558070645241611-147, id: 0.08558070645241611-148, id: 0.08558070645241611-149, id: 0.08558070645241611-150, id: 0.08558070645241611-151, id: 0.08558070645241611-152, id: 0.08558070645241611-153, id: 0.08558070645241611-154, id: 0.08558070645241611-155, id: 0.08558070645241611-156, id: 0.08558070645241611-157, id: 0.08558070645241611-158, id: 0.08558070645241611-159, id: 0.08558070645241611-160, id: 0.08558070645241611-161, id: 0.08558070645241611-162, id: 0.08558070645241611-163, id: 0.08558070645241611-164, id: 0.08558070645241611-165, id: 0.08558070645241611-166, id: 0.08558070645241611-167, id: 0.08558070645241611-168, id: 0.08558070645241611-169, id: 0.08558070645241611-170, id: 0.08558070645241611-171, id: 0.08558070645241611-172, id: 0.08558070645241611-173, id: 0.08558070645241611-174, id: 0.08558070645241611-175, id: 0.08558070645241611-176, id: 0.08558070645241611-177, id: 0.08558070645241611-178, id: 0.08558070645241611-179, id: 0.08558070645241611-180, id: 0.08558070645241611-181, id: 0.08558070645241611-182, id: 0.08558070645241611-183, id: 0.08558070645241611-184, id: 0.08558070645241611-185, id: 0.08558070645241611-186, id: 0.08558070645241611-187, id: 0.08558070645241611-188, id: 0.08558070645241611-189, id: 0.08558070645241611-190, id: 0.08558070645241611-191, id: 0.08558070645241611-192]
[WebDriverCommandLogger] - Executing getElementText element: By.xpath: //div[@id=&apos;c_articlelist_stories_2&apos;]/ul[1]/li/span[2]/span[2] parameters: {&quot;id&quot;:&quot;0.08558070645241611-147&quot;}
[WebDriverCommandLogger] - command: getElementText[ param-1: By.xpath: //div[@id=&apos;c_articlelist_stories_2&apos;]/ul[1]/li/span[2]/span[2] param-2: {&quot;id&quot;:&quot;0.08558070645241611-147&quot;}] Result: getElementText:1 DAY AGO
[WebDriverCommandLogger] - Executing findElements parameters: {&quot;using&quot;:&quot;xpath&quot;,&quot;value&quot;:&quot;//div[@id=&apos;c_articlelist_stories_2&apos;]/ul[1]/li/span[2]/span[2]&quot;}
[WebDriverCommandLogger] - command: findElements[ param-1: {value=//div[@id=&apos;c_articlelist_stories_2&apos;]/ul[1]/li/span[2]/span[2], using=xpath}] Result: [id: 0.08558070645241611-97, id: 0.08558070645241611-98, id: 0.08558070645241611-99, id: 0.08558070645241611-100, id: 0.08558070645241611-101, id: 0.08558070645241611-102, id: 0.08558070645241611-103, id: 0.08558070645241611-104, id: 0.08558070645241611-105, id: 0.08558070645241611-106, id: 0.08558070645241611-107, id: 0.08558070645241611-108, id: 0.08558070645241611-109, id: 0.08558070645241611-110, id: 0.08558070645241611-111, id: 0.08558070645241611-112, id: 0.08558070645241611-113, id: 0.08558070645241611-114, id: 0.08558070645241611-115, id: 0.08558070645241611-116, id: 0.08558070645241611-117, id: 0.08558070645241611-118, id: 0.08558070645241611-119, id: 0.08558070645241611-120, id: 0.08558070645241611-121, id: 0.08558070645241611-122, id: 0.08558070645241611-123, id: 0.08558070645241611-124, id: 0.08558070645241611-125, id: 0.08558070645241611-126, id: 0.08558070645241611-127, id: 0.08558070645241611-128, id: 0.08558070645241611-129, id: 0.08558070645241611-130, id: 0.08558070645241611-131, id: 0.08558070645241611-132, id: 0.08558070645241611-133, id: 0.08558070645241611-134, id: 0.08558070645241611-135, id: 0.08558070645241611-136, id: 0.08558070645241611-137, id: 0.08558070645241611-138, id: 0.08558070645241611-139, id: 0.08558070645241611-140, id: 0.08558070645241611-141, id: 0.08558070645241611-142, id: 0.08558070645241611-143, id: 0.08558070645241611-144, id: 0.08558070645241611-145, id: 0.08558070645241611-146, id: 0.08558070645241611-147, id: 0.08558070645241611-148, id: 0.08558070645241611-149, id: 0.08558070645241611-150, id: 0.08558070645241611-151, id: 0.08558070645241611-152, id: 0.08558070645241611-153, id: 0.08558070645241611-154, id: 0.08558070645241611-155, id: 0.08558070645241611-156, id: 0.08558070645241611-157, id: 0.08558070645241611-158, id: 0.08558070645241611-159, id: 0.08558070645241611-160, id: 0.08558070645241611-161, id: 0.08558070645241611-162, id: 0.08558070645241611-163, id: 0.08558070645241611-164, id: 0.08558070645241611-165, id: 0.08558070645241611-166, id: 0.08558070645241611-167, id: 0.08558070645241611-168, id: 0.08558070645241611-169, id: 0.08558070645241611-170, id: 0.08558070645241611-171, id: 0.08558070645241611-172, id: 0.08558070645241611-173, id: 0.08558070645241611-174, id: 0.08558070645241611-175, id: 0.08558070645241611-176, id: 0.08558070645241611-177, id: 0.08558070645241611-178, id: 0.08558070645241611-179, id: 0.08558070645241611-180, id: 0.08558070645241611-181, id: 0.08558070645241611-182, id: 0.08558070645241611-183, id: 0.08558070645241611-184, id: 0.08558070645241611-185, id: 0.08558070645241611-186, id: 0.08558070645241611-187, id: 0.08558070645241611-188, id: 0.08558070645241611-189, id: 0.08558070645241611-190, id: 0.08558070645241611-191, id: 0.08558070645241611-192]
[WebDriverCommandLogger] - Executing getElementText element: By.xpath: //div[@id=&apos;c_articlelist_stories_2&apos;]/ul[1]/li/span[2]/span[2] parameters: {&quot;id&quot;:&quot;0.08558070645241611-147&quot;}
[WebDriverCommandLogger] - command: getElementText[ param-1: By.xpath: //div[@id=&apos;c_articlelist_stories_2&apos;]/ul[1]/li/span[2]/span[2] param-2: {&quot;id&quot;:&quot;0.08558070645241611-147&quot;}] Result: getElementText:1 DAY AGO
[WebDriverCommandLogger] - Executing findElements parameters: {&quot;using&quot;:&quot;xpath&quot;,&quot;value&quot;:&quot;//div[@id=&apos;c_articlelist_stories_2&apos;]/ul[1]/li/span[1]/a&quot;}
[WebDriverCommandLogger] - command: findElements[ param-1: {value=//div[@id=&apos;c_articlelist_stories_2&apos;]/ul[1]/li/span[1]/a, using=xpath}] Result: [id: 0.08558070645241611-1, id: 0.08558070645241611-2, id: 0.08558070645241611-3, id: 0.08558070645241611-4, id: 0.08558070645241611-5, id: 0.08558070645241611-6, id: 0.08558070645241611-7, id: 0.08558070645241611-8, id: 0.08558070645241611-9, id: 0.08558070645241611-10, id: 0.08558070645241611-11, id: 0.08558070645241611-12, id: 0.08558070645241611-13, id: 0.08558070645241611-14, id: 0.08558070645241611-15, id: 0.08558070645241611-16, id: 0.08558070645241611-17, id: 0.08558070645241611-18, id: 0.08558070645241611-19, id: 0.08558070645241611-20, id: 0.08558070645241611-21, id: 0.08558070645241611-22, id: 0.08558070645241611-23, id: 0.08558070645241611-24, id: 0.08558070645241611-25, id: 0.08558070645241611-26, id: 0.08558070645241611-27, id: 0.08558070645241611-28, id: 0.08558070645241611-29, id: 0.08558070645241611-30, id: 0.08558070645241611-31, id: 0.08558070645241611-32, id: 0.08558070645241611-33, id: 0.08558070645241611-34, id: 0.08558070645241611-35, id: 0.08558070645241611-36, id: 0.08558070645241611-37, id: 0.08558070645241611-38, id: 0.08558070645241611-39, id: 0.08558070645241611-40, id: 0.08558070645241611-41, id: 0.08558070645241611-42, id: 0.08558070645241611-43, id: 0.08558070645241611-44, id: 0.08558070645241611-45, id: 0.08558070645241611-46, id: 0.08558070645241611-47, id: 0.08558070645241611-48, id: 0.08558070645241611-49, id: 0.08558070645241611-50, id: 0.08558070645241611-51, id: 0.08558070645241611-52, id: 0.08558070645241611-53, id: 0.08558070645241611-54, id: 0.08558070645241611-55, id: 0.08558070645241611-56, id: 0.08558070645241611-57, id: 0.08558070645241611-58, id: 0.08558070645241611-59, id: 0.08558070645241611-60, id: 0.08558070645241611-61, id: 0.08558070645241611-62, id: 0.08558070645241611-63, id: 0.08558070645241611-64, id: 0.08558070645241611-65, id: 0.08558070645241611-66, id: 0.08558070645241611-67, id: 0.08558070645241611-68, id: 0.08558070645241611-69, id: 0.08558070645241611-70, id: 0.08558070645241611-71, id: 0.08558070645241611-72, id: 0.08558070645241611-73, id: 0.08558070645241611-74, id: 0.08558070645241611-75, id: 0.08558070645241611-76, id: 0.08558070645241611-77, id: 0.08558070645241611-78, id: 0.08558070645241611-79, id: 0.08558070645241611-80, id: 0.08558070645241611-81, id: 0.08558070645241611-82, id: 0.08558070645241611-83, id: 0.08558070645241611-84, id: 0.08558070645241611-85, id: 0.08558070645241611-86, id: 0.08558070645241611-87, id: 0.08558070645241611-88, id: 0.08558070645241611-89, id: 0.08558070645241611-90, id: 0.08558070645241611-91, id: 0.08558070645241611-92, id: 0.08558070645241611-93, id: 0.08558070645241611-94, id: 0.08558070645241611-95, id: 0.08558070645241611-96]
[WebDriverCommandLogger] - Executing getElementText element: By.xpath: //div[@id=&apos;c_articlelist_stories_2&apos;]/ul[1]/li/span[1]/a parameters: {&quot;id&quot;:&quot;0.08558070645241611-51&quot;}
[WebDriverCommandLogger] - command: getElementText[ param-1: By.xpath: //div[@id=&apos;c_articlelist_stories_2&apos;]/ul[1]/li/span[1]/a param-2: {&quot;id&quot;:&quot;0.08558070645241611-51&quot;}] Result: getElementText:Bike-borne men rob fuel station staffers of Rs 22.95 lakh in daylight
[WebDriverCommandLogger] - Executing findElements parameters: {&quot;using&quot;:&quot;xpath&quot;,&quot;value&quot;:&quot;//div[@id=&apos;c_articlelist_stories_2&apos;]/ul[1]/li/span[2]/span[2]&quot;}
[WebDriverCommandLogger] - command: findElements[ param-1: {value=//div[@id=&apos;c_articlelist_stories_2&apos;]/ul[1]/li/span[2]/span[2], using=xpath}] Result: [id: 0.08558070645241611-97, id: 0.08558070645241611-98, id: 0.08558070645241611-99, id: 0.08558070645241611-100, id: 0.08558070645241611-101, id: 0.08558070645241611-102, id: 0.08558070645241611-103, id: 0.08558070645241611-104, id: 0.08558070645241611-105, id: 0.08558070645241611-106, id: 0.08558070645241611-107, id: 0.08558070645241611-108, id: 0.08558070645241611-109, id: 0.08558070645241611-110, id: 0.08558070645241611-111, id: 0.08558070645241611-112, id: 0.08558070645241611-113, id: 0.08558070645241611-114, id: 0.08558070645241611-115, id: 0.08558070645241611-116, id: 0.08558070645241611-117, id: 0.08558070645241611-118, id: 0.08558070645241611-119, id: 0.08558070645241611-120, id: 0.08558070645241611-121, id: 0.08558070645241611-122, id: 0.08558070645241611-123, id: 0.08558070645241611-124, id: 0.08558070645241611-125, id: 0.08558070645241611-126, id: 0.08558070645241611-127, id: 0.08558070645241611-128, id: 0.08558070645241611-129, id: 0.08558070645241611-130, id: 0.08558070645241611-131, id: 0.08558070645241611-132, id: 0.08558070645241611-133, id: 0.08558070645241611-134, id: 0.08558070645241611-135, id: 0.08558070645241611-136, id: 0.08558070645241611-137, id: 0.08558070645241611-138, id: 0.08558070645241611-139, id: 0.08558070645241611-140, id: 0.08558070645241611-141, id: 0.08558070645241611-142, id: 0.08558070645241611-143, id: 0.08558070645241611-144, id: 0.08558070645241611-145, id: 0.08558070645241611-146, id: 0.08558070645241611-147, id: 0.08558070645241611-148, id: 0.08558070645241611-149, id: 0.08558070645241611-150, id: 0.08558070645241611-151, id: 0.08558070645241611-152, id: 0.08558070645241611-153, id: 0.08558070645241611-154, id: 0.08558070645241611-155, id: 0.08558070645241611-156, id: 0.08558070645241611-157, id: 0.08558070645241611-158, id: 0.08558070645241611-159, id: 0.08558070645241611-160, id: 0.08558070645241611-161, id: 0.08558070645241611-162, id: 0.08558070645241611-163, id: 0.08558070645241611-164, id: 0.08558070645241611-165, id: 0.08558070645241611-166, id: 0.08558070645241611-167, id: 0.08558070645241611-168, id: 0.08558070645241611-169, id: 0.08558070645241611-170, id: 0.08558070645241611-171, id: 0.08558070645241611-172, id: 0.08558070645241611-173, id: 0.08558070645241611-174, id: 0.08558070645241611-175, id: 0.08558070645241611-176, id: 0.08558070645241611-177, id: 0.08558070645241611-178, id: 0.08558070645241611-179, id: 0.08558070645241611-180, id: 0.08558070645241611-181, id: 0.08558070645241611-182, id: 0.08558070645241611-183, id: 0.08558070645241611-184, id: 0.08558070645241611-185, id: 0.08558070645241611-186, id: 0.08558070645241611-187, id: 0.08558070645241611-188, id: 0.08558070645241611-189, id: 0.08558070645241611-190, id: 0.08558070645241611-191, id: 0.08558070645241611-192]
[WebDriverCommandLogger] - Executing findElements parameters: {&quot;using&quot;:&quot;xpath&quot;,&quot;value&quot;:&quot;//div[@id=&apos;c_articlelist_stories_2&apos;]/ul[1]/li/span[2]/span[2]&quot;}
[WebDriverCommandLogger] - command: findElements[ param-1: {value=//div[@id=&apos;c_articlelist_stories_2&apos;]/ul[1]/li/span[2]/span[2], using=xpath}] Result: [id: 0.08558070645241611-97, id: 0.08558070645241611-98, id: 0.08558070645241611-99, id: 0.08558070645241611-100, id: 0.08558070645241611-101, id: 0.08558070645241611-102, id: 0.08558070645241611-103, id: 0.08558070645241611-104, id: 0.08558070645241611-105, id: 0.08558070645241611-106, id: 0.08558070645241611-107, id: 0.08558070645241611-108, id: 0.08558070645241611-109, id: 0.08558070645241611-110, id: 0.08558070645241611-111, id: 0.08558070645241611-112, id: 0.08558070645241611-113, id: 0.08558070645241611-114, id: 0.08558070645241611-115, id: 0.08558070645241611-116, id: 0.08558070645241611-117, id: 0.08558070645241611-118, id: 0.08558070645241611-119, id: 0.08558070645241611-120, id: 0.08558070645241611-121, id: 0.08558070645241611-122, id: 0.08558070645241611-123, id: 0.08558070645241611-124, id: 0.08558070645241611-125, id: 0.08558070645241611-126, id: 0.08558070645241611-127, id: 0.08558070645241611-128, id: 0.08558070645241611-129, id: 0.08558070645241611-130, id: 0.08558070645241611-131, id: 0.08558070645241611-132, id: 0.08558070645241611-133, id: 0.08558070645241611-134, id: 0.08558070645241611-135, id: 0.08558070645241611-136, id: 0.08558070645241611-137, id: 0.08558070645241611-138, id: 0.08558070645241611-139, id: 0.08558070645241611-140, id: 0.08558070645241611-141, id: 0.08558070645241611-142, id: 0.08558070645241611-143, id: 0.08558070645241611-144, id: 0.08558070645241611-145, id: 0.08558070645241611-146, id: 0.08558070645241611-147, id: 0.08558070645241611-148, id: 0.08558070645241611-149, id: 0.08558070645241611-150, id: 0.08558070645241611-151, id: 0.08558070645241611-152, id: 0.08558070645241611-153, id: 0.08558070645241611-154, id: 0.08558070645241611-155, id: 0.08558070645241611-156, id: 0.08558070645241611-157, id: 0.08558070645241611-158, id: 0.08558070645241611-159, id: 0.08558070645241611-160, id: 0.08558070645241611-161, id: 0.08558070645241611-162, id: 0.08558070645241611-163, id: 0.08558070645241611-164, id: 0.08558070645241611-165, id: 0.08558070645241611-166, id: 0.08558070645241611-167, id: 0.08558070645241611-168, id: 0.08558070645241611-169, id: 0.08558070645241611-170, id: 0.08558070645241611-171, id: 0.08558070645241611-172, id: 0.08558070645241611-173, id: 0.08558070645241611-174, id: 0.08558070645241611-175, id: 0.08558070645241611-176, id: 0.08558070645241611-177, id: 0.08558070645241611-178, id: 0.08558070645241611-179, id: 0.08558070645241611-180, id: 0.08558070645241611-181, id: 0.08558070645241611-182, id: 0.08558070645241611-183, id: 0.08558070645241611-184, id: 0.08558070645241611-185, id: 0.08558070645241611-186, id: 0.08558070645241611-187, id: 0.08558070645241611-188, id: 0.08558070645241611-189, id: 0.08558070645241611-190, id: 0.08558070645241611-191, id: 0.08558070645241611-192]
[WebDriverCommandLogger] - Executing getElementText element: By.xpath: //div[@id=&apos;c_articlelist_stories_2&apos;]/ul[1]/li/span[2]/span[2] parameters: {&quot;id&quot;:&quot;0.08558070645241611-148&quot;}
[WebDriverCommandLogger] - command: getElementText[ param-1: By.xpath: //div[@id=&apos;c_articlelist_stories_2&apos;]/ul[1]/li/span[2]/span[2] param-2: {&quot;id&quot;:&quot;0.08558070645241611-148&quot;}] Result: getElementText:1 DAY AGO
[WebDriverCommandLogger] - Executing findElements parameters: {&quot;using&quot;:&quot;xpath&quot;,&quot;value&quot;:&quot;//div[@id=&apos;c_articlelist_stories_2&apos;]/ul[1]/li/span[2]/span[2]&quot;}
[WebDriverCommandLogger] - command: findElements[ param-1: {value=//div[@id=&apos;c_articlelist_stories_2&apos;]/ul[1]/li/span[2]/span[2], using=xpath}] Result: [id: 0.08558070645241611-97, id: 0.08558070645241611-98, id: 0.08558070645241611-99, id: 0.08558070645241611-100, id: 0.08558070645241611-101, id: 0.08558070645241611-102, id: 0.08558070645241611-103, id: 0.08558070645241611-104, id: 0.08558070645241611-105, id: 0.08558070645241611-106, id: 0.08558070645241611-107, id: 0.08558070645241611-108, id: 0.08558070645241611-109, id: 0.08558070645241611-110, id: 0.08558070645241611-111, id: 0.08558070645241611-112, id: 0.08558070645241611-113, id: 0.08558070645241611-114, id: 0.08558070645241611-115, id: 0.08558070645241611-116, id: 0.08558070645241611-117, id: 0.08558070645241611-118, id: 0.08558070645241611-119, id: 0.08558070645241611-120, id: 0.08558070645241611-121, id: 0.08558070645241611-122, id: 0.08558070645241611-123, id: 0.08558070645241611-124, id: 0.08558070645241611-125, id: 0.08558070645241611-126, id: 0.08558070645241611-127, id: 0.08558070645241611-128, id: 0.08558070645241611-129, id: 0.08558070645241611-130, id: 0.08558070645241611-131, id: 0.08558070645241611-132, id: 0.08558070645241611-133, id: 0.08558070645241611-134, id: 0.08558070645241611-135, id: 0.08558070645241611-136, id: 0.08558070645241611-137, id: 0.08558070645241611-138, id: 0.08558070645241611-139, id: 0.08558070645241611-140, id: 0.08558070645241611-141, id: 0.08558070645241611-142, id: 0.08558070645241611-143, id: 0.08558070645241611-144, id: 0.08558070645241611-145, id: 0.08558070645241611-146, id: 0.08558070645241611-147, id: 0.08558070645241611-148, id: 0.08558070645241611-149, id: 0.08558070645241611-150, id: 0.08558070645241611-151, id: 0.08558070645241611-152, id: 0.08558070645241611-153, id: 0.08558070645241611-154, id: 0.08558070645241611-155, id: 0.08558070645241611-156, id: 0.08558070645241611-157, id: 0.08558070645241611-158, id: 0.08558070645241611-159, id: 0.08558070645241611-160, id: 0.08558070645241611-161, id: 0.08558070645241611-162, id: 0.08558070645241611-163, id: 0.08558070645241611-164, id: 0.08558070645241611-165, id: 0.08558070645241611-166, id: 0.08558070645241611-167, id: 0.08558070645241611-168, id: 0.08558070645241611-169, id: 0.08558070645241611-170, id: 0.08558070645241611-171, id: 0.08558070645241611-172, id: 0.08558070645241611-173, id: 0.08558070645241611-174, id: 0.08558070645241611-175, id: 0.08558070645241611-176, id: 0.08558070645241611-177, id: 0.08558070645241611-178, id: 0.08558070645241611-179, id: 0.08558070645241611-180, id: 0.08558070645241611-181, id: 0.08558070645241611-182, id: 0.08558070645241611-183, id: 0.08558070645241611-184, id: 0.08558070645241611-185, id: 0.08558070645241611-186, id: 0.08558070645241611-187, id: 0.08558070645241611-188, id: 0.08558070645241611-189, id: 0.08558070645241611-190, id: 0.08558070645241611-191, id: 0.08558070645241611-192]
[WebDriverCommandLogger] - Executing getElementText element: By.xpath: //div[@id=&apos;c_articlelist_stories_2&apos;]/ul[1]/li/span[2]/span[2] parameters: {&quot;id&quot;:&quot;0.08558070645241611-148&quot;}
[WebDriverCommandLogger] - command: getElementText[ param-1: By.xpath: //div[@id=&apos;c_articlelist_stories_2&apos;]/ul[1]/li/span[2]/span[2] param-2: {&quot;id&quot;:&quot;0.08558070645241611-148&quot;}] Result: getElementText:1 DAY AGO
[WebDriverCommandLogger] - Executing findElements parameters: {&quot;using&quot;:&quot;xpath&quot;,&quot;value&quot;:&quot;//div[@id=&apos;c_articlelist_stories_2&apos;]/ul[1]/li/span[1]/a&quot;}
[WebDriverCommandLogger] - command: findElements[ param-1: {value=//div[@id=&apos;c_articlelist_stories_2&apos;]/ul[1]/li/span[1]/a, using=xpath}] Result: [id: 0.08558070645241611-1, id: 0.08558070645241611-2, id: 0.08558070645241611-3, id: 0.08558070645241611-4, id: 0.08558070645241611-5, id: 0.08558070645241611-6, id: 0.08558070645241611-7, id: 0.08558070645241611-8, id: 0.08558070645241611-9, id: 0.08558070645241611-10, id: 0.08558070645241611-11, id: 0.08558070645241611-12, id: 0.08558070645241611-13, id: 0.08558070645241611-14, id: 0.08558070645241611-15, id: 0.08558070645241611-16, id: 0.08558070645241611-17, id: 0.08558070645241611-18, id: 0.08558070645241611-19, id: 0.08558070645241611-20, id: 0.08558070645241611-21, id: 0.08558070645241611-22, id: 0.08558070645241611-23, id: 0.08558070645241611-24, id: 0.08558070645241611-25, id: 0.08558070645241611-26, id: 0.08558070645241611-27, id: 0.08558070645241611-28, id: 0.08558070645241611-29, id: 0.08558070645241611-30, id: 0.08558070645241611-31, id: 0.08558070645241611-32, id: 0.08558070645241611-33, id: 0.08558070645241611-34, id: 0.08558070645241611-35, id: 0.08558070645241611-36, id: 0.08558070645241611-37, id: 0.08558070645241611-38, id: 0.08558070645241611-39, id: 0.08558070645241611-40, id: 0.08558070645241611-41, id: 0.08558070645241611-42, id: 0.08558070645241611-43, id: 0.08558070645241611-44, id: 0.08558070645241611-45, id: 0.08558070645241611-46, id: 0.08558070645241611-47, id: 0.08558070645241611-48, id: 0.08558070645241611-49, id: 0.08558070645241611-50, id: 0.08558070645241611-51, id: 0.08558070645241611-52, id: 0.08558070645241611-53, id: 0.08558070645241611-54, id: 0.08558070645241611-55, id: 0.08558070645241611-56, id: 0.08558070645241611-57, id: 0.08558070645241611-58, id: 0.08558070645241611-59, id: 0.08558070645241611-60, id: 0.08558070645241611-61, id: 0.08558070645241611-62, id: 0.08558070645241611-63, id: 0.08558070645241611-64, id: 0.08558070645241611-65, id: 0.08558070645241611-66, id: 0.08558070645241611-67, id: 0.08558070645241611-68, id: 0.08558070645241611-69, id: 0.08558070645241611-70, id: 0.08558070645241611-71, id: 0.08558070645241611-72, id: 0.08558070645241611-73, id: 0.08558070645241611-74, id: 0.08558070645241611-75, id: 0.08558070645241611-76, id: 0.08558070645241611-77, id: 0.08558070645241611-78, id: 0.08558070645241611-79, id: 0.08558070645241611-80, id: 0.08558070645241611-81, id: 0.08558070645241611-82, id: 0.08558070645241611-83, id: 0.08558070645241611-84, id: 0.08558070645241611-85, id: 0.08558070645241611-86, id: 0.08558070645241611-87, id: 0.08558070645241611-88, id: 0.08558070645241611-89, id: 0.08558070645241611-90, id: 0.08558070645241611-91, id: 0.08558070645241611-92, id: 0.08558070645241611-93, id: 0.08558070645241611-94, id: 0.08558070645241611-95, id: 0.08558070645241611-96]
[WebDriverCommandLogger] - Executing getElementText element: By.xpath: //div[@id=&apos;c_articlelist_stories_2&apos;]/ul[1]/li/span[1]/a parameters: {&quot;id&quot;:&quot;0.08558070645241611-52&quot;}
[WebDriverCommandLogger] - command: getElementText[ param-1: By.xpath: //div[@id=&apos;c_articlelist_stories_2&apos;]/ul[1]/li/span[1]/a param-2: {&quot;id&quot;:&quot;0.08558070645241611-52&quot;}] Result: getElementText:Daily passengers detain Deccan Queen for 1 hour
[WebDriverCommandLogger] - Executing findElements parameters: {&quot;using&quot;:&quot;xpath&quot;,&quot;value&quot;:&quot;//div[@id=&apos;c_articlelist_stories_2&apos;]/ul[1]/li/span[2]/span[2]&quot;}
[WebDriverCommandLogger] - command: findElements[ param-1: {value=//div[@id=&apos;c_articlelist_stories_2&apos;]/ul[1]/li/span[2]/span[2], using=xpath}] Result: [id: 0.08558070645241611-97, id: 0.08558070645241611-98, id: 0.08558070645241611-99, id: 0.08558070645241611-100, id: 0.08558070645241611-101, id: 0.08558070645241611-102, id: 0.08558070645241611-103, id: 0.08558070645241611-104, id: 0.08558070645241611-105, id: 0.08558070645241611-106, id: 0.08558070645241611-107, id: 0.08558070645241611-108, id: 0.08558070645241611-109, id: 0.08558070645241611-110, id: 0.08558070645241611-111, id: 0.08558070645241611-112, id: 0.08558070645241611-113, id: 0.08558070645241611-114, id: 0.08558070645241611-115, id: 0.08558070645241611-116, id: 0.08558070645241611-117, id: 0.08558070645241611-118, id: 0.08558070645241611-119, id: 0.08558070645241611-120, id: 0.08558070645241611-121, id: 0.08558070645241611-122, id: 0.08558070645241611-123, id: 0.08558070645241611-124, id: 0.08558070645241611-125, id: 0.08558070645241611-126, id: 0.08558070645241611-127, id: 0.08558070645241611-128, id: 0.08558070645241611-129, id: 0.08558070645241611-130, id: 0.08558070645241611-131, id: 0.08558070645241611-132, id: 0.08558070645241611-133, id: 0.08558070645241611-134, id: 0.08558070645241611-135, id: 0.08558070645241611-136, id: 0.08558070645241611-137, id: 0.08558070645241611-138, id: 0.08558070645241611-139, id: 0.08558070645241611-140, id: 0.08558070645241611-141, id: 0.08558070645241611-142, id: 0.08558070645241611-143, id: 0.08558070645241611-144, id: 0.08558070645241611-145, id: 0.08558070645241611-146, id: 0.08558070645241611-147, id: 0.08558070645241611-148, id: 0.08558070645241611-149, id: 0.08558070645241611-150, id: 0.08558070645241611-151, id: 0.08558070645241611-152, id: 0.08558070645241611-153, id: 0.08558070645241611-154, id: 0.08558070645241611-155, id: 0.08558070645241611-156, id: 0.08558070645241611-157, id: 0.08558070645241611-158, id: 0.08558070645241611-159, id: 0.08558070645241611-160, id: 0.08558070645241611-161, id: 0.08558070645241611-162, id: 0.08558070645241611-163, id: 0.08558070645241611-164, id: 0.08558070645241611-165, id: 0.08558070645241611-166, id: 0.08558070645241611-167, id: 0.08558070645241611-168, id: 0.08558070645241611-169, id: 0.08558070645241611-170, id: 0.08558070645241611-171, id: 0.08558070645241611-172, id: 0.08558070645241611-173, id: 0.08558070645241611-174, id: 0.08558070645241611-175, id: 0.08558070645241611-176, id: 0.08558070645241611-177, id: 0.08558070645241611-178, id: 0.08558070645241611-179, id: 0.08558070645241611-180, id: 0.08558070645241611-181, id: 0.08558070645241611-182, id: 0.08558070645241611-183, id: 0.08558070645241611-184, id: 0.08558070645241611-185, id: 0.08558070645241611-186, id: 0.08558070645241611-187, id: 0.08558070645241611-188, id: 0.08558070645241611-189, id: 0.08558070645241611-190, id: 0.08558070645241611-191, id: 0.08558070645241611-192]
[WebDriverCommandLogger] - Executing findElements parameters: {&quot;using&quot;:&quot;xpath&quot;,&quot;value&quot;:&quot;//div[@id=&apos;c_articlelist_stories_2&apos;]/ul[1]/li/span[2]/span[2]&quot;}
[WebDriverCommandLogger] - command: findElements[ param-1: {value=//div[@id=&apos;c_articlelist_stories_2&apos;]/ul[1]/li/span[2]/span[2], using=xpath}] Result: [id: 0.08558070645241611-97, id: 0.08558070645241611-98, id: 0.08558070645241611-99, id: 0.08558070645241611-100, id: 0.08558070645241611-101, id: 0.08558070645241611-102, id: 0.08558070645241611-103, id: 0.08558070645241611-104, id: 0.08558070645241611-105, id: 0.08558070645241611-106, id: 0.08558070645241611-107, id: 0.08558070645241611-108, id: 0.08558070645241611-109, id: 0.08558070645241611-110, id: 0.08558070645241611-111, id: 0.08558070645241611-112, id: 0.08558070645241611-113, id: 0.08558070645241611-114, id: 0.08558070645241611-115, id: 0.08558070645241611-116, id: 0.08558070645241611-117, id: 0.08558070645241611-118, id: 0.08558070645241611-119, id: 0.08558070645241611-120, id: 0.08558070645241611-121, id: 0.08558070645241611-122, id: 0.08558070645241611-123, id: 0.08558070645241611-124, id: 0.08558070645241611-125, id: 0.08558070645241611-126, id: 0.08558070645241611-127, id: 0.08558070645241611-128, id: 0.08558070645241611-129, id: 0.08558070645241611-130, id: 0.08558070645241611-131, id: 0.08558070645241611-132, id: 0.08558070645241611-133, id: 0.08558070645241611-134, id: 0.08558070645241611-135, id: 0.08558070645241611-136, id: 0.08558070645241611-137, id: 0.08558070645241611-138, id: 0.08558070645241611-139, id: 0.08558070645241611-140, id: 0.08558070645241611-141, id: 0.08558070645241611-142, id: 0.08558070645241611-143, id: 0.08558070645241611-144, id: 0.08558070645241611-145, id: 0.08558070645241611-146, id: 0.08558070645241611-147, id: 0.08558070645241611-148, id: 0.08558070645241611-149, id: 0.08558070645241611-150, id: 0.08558070645241611-151, id: 0.08558070645241611-152, id: 0.08558070645241611-153, id: 0.08558070645241611-154, id: 0.08558070645241611-155, id: 0.08558070645241611-156, id: 0.08558070645241611-157, id: 0.08558070645241611-158, id: 0.08558070645241611-159, id: 0.08558070645241611-160, id: 0.08558070645241611-161, id: 0.08558070645241611-162, id: 0.08558070645241611-163, id: 0.08558070645241611-164, id: 0.08558070645241611-165, id: 0.08558070645241611-166, id: 0.08558070645241611-167, id: 0.08558070645241611-168, id: 0.08558070645241611-169, id: 0.08558070645241611-170, id: 0.08558070645241611-171, id: 0.08558070645241611-172, id: 0.08558070645241611-173, id: 0.08558070645241611-174, id: 0.08558070645241611-175, id: 0.08558070645241611-176, id: 0.08558070645241611-177, id: 0.08558070645241611-178, id: 0.08558070645241611-179, id: 0.08558070645241611-180, id: 0.08558070645241611-181, id: 0.08558070645241611-182, id: 0.08558070645241611-183, id: 0.08558070645241611-184, id: 0.08558070645241611-185, id: 0.08558070645241611-186, id: 0.08558070645241611-187, id: 0.08558070645241611-188, id: 0.08558070645241611-189, id: 0.08558070645241611-190, id: 0.08558070645241611-191, id: 0.08558070645241611-192]
[WebDriverCommandLogger] - Executing getElementText element: By.xpath: //div[@id=&apos;c_articlelist_stories_2&apos;]/ul[1]/li/span[2]/span[2] parameters: {&quot;id&quot;:&quot;0.08558070645241611-149&quot;}
[WebDriverCommandLogger] - command: getElementText[ param-1: By.xpath: //div[@id=&apos;c_articlelist_stories_2&apos;]/ul[1]/li/span[2]/span[2] param-2: {&quot;id&quot;:&quot;0.08558070645241611-149&quot;}] Result: getElementText:1 DAY AGO
[WebDriverCommandLogger] - Executing findElements parameters: {&quot;using&quot;:&quot;xpath&quot;,&quot;value&quot;:&quot;//div[@id=&apos;c_articlelist_stories_2&apos;]/ul[1]/li/span[2]/span[2]&quot;}
[WebDriverCommandLogger] - command: findElements[ param-1: {value=//div[@id=&apos;c_articlelist_stories_2&apos;]/ul[1]/li/span[2]/span[2], using=xpath}] Result: [id: 0.08558070645241611-97, id: 0.08558070645241611-98, id: 0.08558070645241611-99, id: 0.08558070645241611-100, id: 0.08558070645241611-101, id: 0.08558070645241611-102, id: 0.08558070645241611-103, id: 0.08558070645241611-104, id: 0.08558070645241611-105, id: 0.08558070645241611-106, id: 0.08558070645241611-107, id: 0.08558070645241611-108, id: 0.08558070645241611-109, id: 0.08558070645241611-110, id: 0.08558070645241611-111, id: 0.08558070645241611-112, id: 0.08558070645241611-113, id: 0.08558070645241611-114, id: 0.08558070645241611-115, id: 0.08558070645241611-116, id: 0.08558070645241611-117, id: 0.08558070645241611-118, id: 0.08558070645241611-119, id: 0.08558070645241611-120, id: 0.08558070645241611-121, id: 0.08558070645241611-122, id: 0.08558070645241611-123, id: 0.08558070645241611-124, id: 0.08558070645241611-125, id: 0.08558070645241611-126, id: 0.08558070645241611-127, id: 0.08558070645241611-128, id: 0.08558070645241611-129, id: 0.08558070645241611-130, id: 0.08558070645241611-131, id: 0.08558070645241611-132, id: 0.08558070645241611-133, id: 0.08558070645241611-134, id: 0.08558070645241611-135, id: 0.08558070645241611-136, id: 0.08558070645241611-137, id: 0.08558070645241611-138, id: 0.08558070645241611-139, id: 0.08558070645241611-140, id: 0.08558070645241611-141, id: 0.08558070645241611-142, id: 0.08558070645241611-143, id: 0.08558070645241611-144, id: 0.08558070645241611-145, id: 0.08558070645241611-146, id: 0.08558070645241611-147, id: 0.08558070645241611-148, id: 0.08558070645241611-149, id: 0.08558070645241611-150, id: 0.08558070645241611-151, id: 0.08558070645241611-152, id: 0.08558070645241611-153, id: 0.08558070645241611-154, id: 0.08558070645241611-155, id: 0.08558070645241611-156, id: 0.08558070645241611-157, id: 0.08558070645241611-158, id: 0.08558070645241611-159, id: 0.08558070645241611-160, id: 0.08558070645241611-161, id: 0.08558070645241611-162, id: 0.08558070645241611-163, id: 0.08558070645241611-164, id: 0.08558070645241611-165, id: 0.08558070645241611-166, id: 0.08558070645241611-167, id: 0.08558070645241611-168, id: 0.08558070645241611-169, id: 0.08558070645241611-170, id: 0.08558070645241611-171, id: 0.08558070645241611-172, id: 0.08558070645241611-173, id: 0.08558070645241611-174, id: 0.08558070645241611-175, id: 0.08558070645241611-176, id: 0.08558070645241611-177, id: 0.08558070645241611-178, id: 0.08558070645241611-179, id: 0.08558070645241611-180, id: 0.08558070645241611-181, id: 0.08558070645241611-182, id: 0.08558070645241611-183, id: 0.08558070645241611-184, id: 0.08558070645241611-185, id: 0.08558070645241611-186, id: 0.08558070645241611-187, id: 0.08558070645241611-188, id: 0.08558070645241611-189, id: 0.08558070645241611-190, id: 0.08558070645241611-191, id: 0.08558070645241611-192]
[WebDriverCommandLogger] - Executing getElementText element: By.xpath: //div[@id=&apos;c_articlelist_stories_2&apos;]/ul[1]/li/span[2]/span[2] parameters: {&quot;id&quot;:&quot;0.08558070645241611-149&quot;}
[WebDriverCommandLogger] - command: getElementText[ param-1: By.xpath: //div[@id=&apos;c_articlelist_stories_2&apos;]/ul[1]/li/span[2]/span[2] param-2: {&quot;id&quot;:&quot;0.08558070645241611-149&quot;}] Result: getElementText:1 DAY AGO
[WebDriverCommandLogger] - Executing findElements parameters: {&quot;using&quot;:&quot;xpath&quot;,&quot;value&quot;:&quot;//div[@id=&apos;c_articlelist_stories_2&apos;]/ul[1]/li/span[1]/a&quot;}
[WebDriverCommandLogger] - command: findElements[ param-1: {value=//div[@id=&apos;c_articlelist_stories_2&apos;]/ul[1]/li/span[1]/a, using=xpath}] Result: [id: 0.08558070645241611-1, id: 0.08558070645241611-2, id: 0.08558070645241611-3, id: 0.08558070645241611-4, id: 0.08558070645241611-5, id: 0.08558070645241611-6, id: 0.08558070645241611-7, id: 0.08558070645241611-8, id: 0.08558070645241611-9, id: 0.08558070645241611-10, id: 0.08558070645241611-11, id: 0.08558070645241611-12, id: 0.08558070645241611-13, id: 0.08558070645241611-14, id: 0.08558070645241611-15, id: 0.08558070645241611-16, id: 0.08558070645241611-17, id: 0.08558070645241611-18, id: 0.08558070645241611-19, id: 0.08558070645241611-20, id: 0.08558070645241611-21, id: 0.08558070645241611-22, id: 0.08558070645241611-23, id: 0.08558070645241611-24, id: 0.08558070645241611-25, id: 0.08558070645241611-26, id: 0.08558070645241611-27, id: 0.08558070645241611-28, id: 0.08558070645241611-29, id: 0.08558070645241611-30, id: 0.08558070645241611-31, id: 0.08558070645241611-32, id: 0.08558070645241611-33, id: 0.08558070645241611-34, id: 0.08558070645241611-35, id: 0.08558070645241611-36, id: 0.08558070645241611-37, id: 0.08558070645241611-38, id: 0.08558070645241611-39, id: 0.08558070645241611-40, id: 0.08558070645241611-41, id: 0.08558070645241611-42, id: 0.08558070645241611-43, id: 0.08558070645241611-44, id: 0.08558070645241611-45, id: 0.08558070645241611-46, id: 0.08558070645241611-47, id: 0.08558070645241611-48, id: 0.08558070645241611-49, id: 0.08558070645241611-50, id: 0.08558070645241611-51, id: 0.08558070645241611-52, id: 0.08558070645241611-53, id: 0.08558070645241611-54, id: 0.08558070645241611-55, id: 0.08558070645241611-56, id: 0.08558070645241611-57, id: 0.08558070645241611-58, id: 0.08558070645241611-59, id: 0.08558070645241611-60, id: 0.08558070645241611-61, id: 0.08558070645241611-62, id: 0.08558070645241611-63, id: 0.08558070645241611-64, id: 0.08558070645241611-65, id: 0.08558070645241611-66, id: 0.08558070645241611-67, id: 0.08558070645241611-68, id: 0.08558070645241611-69, id: 0.08558070645241611-70, id: 0.08558070645241611-71, id: 0.08558070645241611-72, id: 0.08558070645241611-73, id: 0.08558070645241611-74, id: 0.08558070645241611-75, id: 0.08558070645241611-76, id: 0.08558070645241611-77, id: 0.08558070645241611-78, id: 0.08558070645241611-79, id: 0.08558070645241611-80, id: 0.08558070645241611-81, id: 0.08558070645241611-82, id: 0.08558070645241611-83, id: 0.08558070645241611-84, id: 0.08558070645241611-85, id: 0.08558070645241611-86, id: 0.08558070645241611-87, id: 0.08558070645241611-88, id: 0.08558070645241611-89, id: 0.08558070645241611-90, id: 0.08558070645241611-91, id: 0.08558070645241611-92, id: 0.08558070645241611-93, id: 0.08558070645241611-94, id: 0.08558070645241611-95, id: 0.08558070645241611-96]
[WebDriverCommandLogger] - Executing getElementText element: By.xpath: //div[@id=&apos;c_articlelist_stories_2&apos;]/ul[1]/li/span[1]/a parameters: {&quot;id&quot;:&quot;0.08558070645241611-53&quot;}
[WebDriverCommandLogger] - command: getElementText[ param-1: By.xpath: //div[@id=&apos;c_articlelist_stories_2&apos;]/ul[1]/li/span[1]/a param-2: {&quot;id&quot;:&quot;0.08558070645241611-53&quot;}] Result: getElementText:Memories and landmarks are all that survive of Little Chennai
[WebDriverCommandLogger] - Executing findElements parameters: {&quot;using&quot;:&quot;xpath&quot;,&quot;value&quot;:&quot;//div[@id=&apos;c_articlelist_stories_2&apos;]/ul[1]/li/span[2]/span[2]&quot;}
[WebDriverCommandLogger] - command: findElements[ param-1: {value=//div[@id=&apos;c_articlelist_stories_2&apos;]/ul[1]/li/span[2]/span[2], using=xpath}] Result: [id: 0.08558070645241611-97, id: 0.08558070645241611-98, id: 0.08558070645241611-99, id: 0.08558070645241611-100, id: 0.08558070645241611-101, id: 0.08558070645241611-102, id: 0.08558070645241611-103, id: 0.08558070645241611-104, id: 0.08558070645241611-105, id: 0.08558070645241611-106, id: 0.08558070645241611-107, id: 0.08558070645241611-108, id: 0.08558070645241611-109, id: 0.08558070645241611-110, id: 0.08558070645241611-111, id: 0.08558070645241611-112, id: 0.08558070645241611-113, id: 0.08558070645241611-114, id: 0.08558070645241611-115, id: 0.08558070645241611-116, id: 0.08558070645241611-117, id: 0.08558070645241611-118, id: 0.08558070645241611-119, id: 0.08558070645241611-120, id: 0.08558070645241611-121, id: 0.08558070645241611-122, id: 0.08558070645241611-123, id: 0.08558070645241611-124, id: 0.08558070645241611-125, id: 0.08558070645241611-126, id: 0.08558070645241611-127, id: 0.08558070645241611-128, id: 0.08558070645241611-129, id: 0.08558070645241611-130, id: 0.08558070645241611-131, id: 0.08558070645241611-132, id: 0.08558070645241611-133, id: 0.08558070645241611-134, id: 0.08558070645241611-135, id: 0.08558070645241611-136, id: 0.08558070645241611-137, id: 0.08558070645241611-138, id: 0.08558070645241611-139, id: 0.08558070645241611-140, id: 0.08558070645241611-141, id: 0.08558070645241611-142, id: 0.08558070645241611-143, id: 0.08558070645241611-144, id: 0.08558070645241611-145, id: 0.08558070645241611-146, id: 0.08558070645241611-147, id: 0.08558070645241611-148, id: 0.08558070645241611-149, id: 0.08558070645241611-150, id: 0.08558070645241611-151, id: 0.08558070645241611-152, id: 0.08558070645241611-153, id: 0.08558070645241611-154, id: 0.08558070645241611-155, id: 0.08558070645241611-156, id: 0.08558070645241611-157, id: 0.08558070645241611-158, id: 0.08558070645241611-159, id: 0.08558070645241611-160, id: 0.08558070645241611-161, id: 0.08558070645241611-162, id: 0.08558070645241611-163, id: 0.08558070645241611-164, id: 0.08558070645241611-165, id: 0.08558070645241611-166, id: 0.08558070645241611-167, id: 0.08558070645241611-168, id: 0.08558070645241611-169, id: 0.08558070645241611-170, id: 0.08558070645241611-171, id: 0.08558070645241611-172, id: 0.08558070645241611-173, id: 0.08558070645241611-174, id: 0.08558070645241611-175, id: 0.08558070645241611-176, id: 0.08558070645241611-177, id: 0.08558070645241611-178, id: 0.08558070645241611-179, id: 0.08558070645241611-180, id: 0.08558070645241611-181, id: 0.08558070645241611-182, id: 0.08558070645241611-183, id: 0.08558070645241611-184, id: 0.08558070645241611-185, id: 0.08558070645241611-186, id: 0.08558070645241611-187, id: 0.08558070645241611-188, id: 0.08558070645241611-189, id: 0.08558070645241611-190, id: 0.08558070645241611-191, id: 0.08558070645241611-192]
[WebDriverCommandLogger] - Executing findElements parameters: {&quot;using&quot;:&quot;xpath&quot;,&quot;value&quot;:&quot;//div[@id=&apos;c_articlelist_stories_2&apos;]/ul[1]/li/span[2]/span[2]&quot;}
[WebDriverCommandLogger] - command: findElements[ param-1: {value=//div[@id=&apos;c_articlelist_stories_2&apos;]/ul[1]/li/span[2]/span[2], using=xpath}] Result: [id: 0.08558070645241611-97, id: 0.08558070645241611-98, id: 0.08558070645241611-99, id: 0.08558070645241611-100, id: 0.08558070645241611-101, id: 0.08558070645241611-102, id: 0.08558070645241611-103, id: 0.08558070645241611-104, id: 0.08558070645241611-105, id: 0.08558070645241611-106, id: 0.08558070645241611-107, id: 0.08558070645241611-108, id: 0.08558070645241611-109, id: 0.08558070645241611-110, id: 0.08558070645241611-111, id: 0.08558070645241611-112, id: 0.08558070645241611-113, id: 0.08558070645241611-114, id: 0.08558070645241611-115, id: 0.08558070645241611-116, id: 0.08558070645241611-117, id: 0.08558070645241611-118, id: 0.08558070645241611-119, id: 0.08558070645241611-120, id: 0.08558070645241611-121, id: 0.08558070645241611-122, id: 0.08558070645241611-123, id: 0.08558070645241611-124, id: 0.08558070645241611-125, id: 0.08558070645241611-126, id: 0.08558070645241611-127, id: 0.08558070645241611-128, id: 0.08558070645241611-129, id: 0.08558070645241611-130, id: 0.08558070645241611-131, id: 0.08558070645241611-132, id: 0.08558070645241611-133, id: 0.08558070645241611-134, id: 0.08558070645241611-135, id: 0.08558070645241611-136, id: 0.08558070645241611-137, id: 0.08558070645241611-138, id: 0.08558070645241611-139, id: 0.08558070645241611-140, id: 0.08558070645241611-141, id: 0.08558070645241611-142, id: 0.08558070645241611-143, id: 0.08558070645241611-144, id: 0.08558070645241611-145, id: 0.08558070645241611-146, id: 0.08558070645241611-147, id: 0.08558070645241611-148, id: 0.08558070645241611-149, id: 0.08558070645241611-150, id: 0.08558070645241611-151, id: 0.08558070645241611-152, id: 0.08558070645241611-153, id: 0.08558070645241611-154, id: 0.08558070645241611-155, id: 0.08558070645241611-156, id: 0.08558070645241611-157, id: 0.08558070645241611-158, id: 0.08558070645241611-159, id: 0.08558070645241611-160, id: 0.08558070645241611-161, id: 0.08558070645241611-162, id: 0.08558070645241611-163, id: 0.08558070645241611-164, id: 0.08558070645241611-165, id: 0.08558070645241611-166, id: 0.08558070645241611-167, id: 0.08558070645241611-168, id: 0.08558070645241611-169, id: 0.08558070645241611-170, id: 0.08558070645241611-171, id: 0.08558070645241611-172, id: 0.08558070645241611-173, id: 0.08558070645241611-174, id: 0.08558070645241611-175, id: 0.08558070645241611-176, id: 0.08558070645241611-177, id: 0.08558070645241611-178, id: 0.08558070645241611-179, id: 0.08558070645241611-180, id: 0.08558070645241611-181, id: 0.08558070645241611-182, id: 0.08558070645241611-183, id: 0.08558070645241611-184, id: 0.08558070645241611-185, id: 0.08558070645241611-186, id: 0.08558070645241611-187, id: 0.08558070645241611-188, id: 0.08558070645241611-189, id: 0.08558070645241611-190, id: 0.08558070645241611-191, id: 0.08558070645241611-192]
[WebDriverCommandLogger] - Executing getElementText element: By.xpath: //div[@id=&apos;c_articlelist_stories_2&apos;]/ul[1]/li/span[2]/span[2] parameters: {&quot;id&quot;:&quot;0.08558070645241611-150&quot;}
[WebDriverCommandLogger] - command: getElementText[ param-1: By.xpath: //div[@id=&apos;c_articlelist_stories_2&apos;]/ul[1]/li/span[2]/span[2] param-2: {&quot;id&quot;:&quot;0.08558070645241611-150&quot;}] Result: getElementText:1 DAY AGO
[WebDriverCommandLogger] - Executing findElements parameters: {&quot;using&quot;:&quot;xpath&quot;,&quot;value&quot;:&quot;//div[@id=&apos;c_articlelist_stories_2&apos;]/ul[1]/li/span[2]/span[2]&quot;}
[WebDriverCommandLogger] - command: findElements[ param-1: {value=//div[@id=&apos;c_articlelist_stories_2&apos;]/ul[1]/li/span[2]/span[2], using=xpath}] Result: [id: 0.08558070645241611-97, id: 0.08558070645241611-98, id: 0.08558070645241611-99, id: 0.08558070645241611-100, id: 0.08558070645241611-101, id: 0.08558070645241611-102, id: 0.08558070645241611-103, id: 0.08558070645241611-104, id: 0.08558070645241611-105, id: 0.08558070645241611-106, id: 0.08558070645241611-107, id: 0.08558070645241611-108, id: 0.08558070645241611-109, id: 0.08558070645241611-110, id: 0.08558070645241611-111, id: 0.08558070645241611-112, id: 0.08558070645241611-113, id: 0.08558070645241611-114, id: 0.08558070645241611-115, id: 0.08558070645241611-116, id: 0.08558070645241611-117, id: 0.08558070645241611-118, id: 0.08558070645241611-119, id: 0.08558070645241611-120, id: 0.08558070645241611-121, id: 0.08558070645241611-122, id: 0.08558070645241611-123, id: 0.08558070645241611-124, id: 0.08558070645241611-125, id: 0.08558070645241611-126, id: 0.08558070645241611-127, id: 0.08558070645241611-128, id: 0.08558070645241611-129, id: 0.08558070645241611-130, id: 0.08558070645241611-131, id: 0.08558070645241611-132, id: 0.08558070645241611-133, id: 0.08558070645241611-134, id: 0.08558070645241611-135, id: 0.08558070645241611-136, id: 0.08558070645241611-137, id: 0.08558070645241611-138, id: 0.08558070645241611-139, id: 0.08558070645241611-140, id: 0.08558070645241611-141, id: 0.08558070645241611-142, id: 0.08558070645241611-143, id: 0.08558070645241611-144, id: 0.08558070645241611-145, id: 0.08558070645241611-146, id: 0.08558070645241611-147, id: 0.08558070645241611-148, id: 0.08558070645241611-149, id: 0.08558070645241611-150, id: 0.08558070645241611-151, id: 0.08558070645241611-152, id: 0.08558070645241611-153, id: 0.08558070645241611-154, id: 0.08558070645241611-155, id: 0.08558070645241611-156, id: 0.08558070645241611-157, id: 0.08558070645241611-158, id: 0.08558070645241611-159, id: 0.08558070645241611-160, id: 0.08558070645241611-161, id: 0.08558070645241611-162, id: 0.08558070645241611-163, id: 0.08558070645241611-164, id: 0.08558070645241611-165, id: 0.08558070645241611-166, id: 0.08558070645241611-167, id: 0.08558070645241611-168, id: 0.08558070645241611-169, id: 0.08558070645241611-170, id: 0.08558070645241611-171, id: 0.08558070645241611-172, id: 0.08558070645241611-173, id: 0.08558070645241611-174, id: 0.08558070645241611-175, id: 0.08558070645241611-176, id: 0.08558070645241611-177, id: 0.08558070645241611-178, id: 0.08558070645241611-179, id: 0.08558070645241611-180, id: 0.08558070645241611-181, id: 0.08558070645241611-182, id: 0.08558070645241611-183, id: 0.08558070645241611-184, id: 0.08558070645241611-185, id: 0.08558070645241611-186, id: 0.08558070645241611-187, id: 0.08558070645241611-188, id: 0.08558070645241611-189, id: 0.08558070645241611-190, id: 0.08558070645241611-191, id: 0.08558070645241611-192]
[WebDriverCommandLogger] - Executing getElementText element: By.xpath: //div[@id=&apos;c_articlelist_stories_2&apos;]/ul[1]/li/span[2]/span[2] parameters: {&quot;id&quot;:&quot;0.08558070645241611-150&quot;}
[WebDriverCommandLogger] - command: getElementText[ param-1: By.xpath: //div[@id=&apos;c_articlelist_stories_2&apos;]/ul[1]/li/span[2]/span[2] param-2: {&quot;id&quot;:&quot;0.08558070645241611-150&quot;}] Result: getElementText:1 DAY AGO
[WebDriverCommandLogger] - Executing findElements parameters: {&quot;using&quot;:&quot;xpath&quot;,&quot;value&quot;:&quot;//div[@id=&apos;c_articlelist_stories_2&apos;]/ul[1]/li/span[1]/a&quot;}
[WebDriverCommandLogger] - command: findElements[ param-1: {value=//div[@id=&apos;c_articlelist_stories_2&apos;]/ul[1]/li/span[1]/a, using=xpath}] Result: [id: 0.08558070645241611-1, id: 0.08558070645241611-2, id: 0.08558070645241611-3, id: 0.08558070645241611-4, id: 0.08558070645241611-5, id: 0.08558070645241611-6, id: 0.08558070645241611-7, id: 0.08558070645241611-8, id: 0.08558070645241611-9, id: 0.08558070645241611-10, id: 0.08558070645241611-11, id: 0.08558070645241611-12, id: 0.08558070645241611-13, id: 0.08558070645241611-14, id: 0.08558070645241611-15, id: 0.08558070645241611-16, id: 0.08558070645241611-17, id: 0.08558070645241611-18, id: 0.08558070645241611-19, id: 0.08558070645241611-20, id: 0.08558070645241611-21, id: 0.08558070645241611-22, id: 0.08558070645241611-23, id: 0.08558070645241611-24, id: 0.08558070645241611-25, id: 0.08558070645241611-26, id: 0.08558070645241611-27, id: 0.08558070645241611-28, id: 0.08558070645241611-29, id: 0.08558070645241611-30, id: 0.08558070645241611-31, id: 0.08558070645241611-32, id: 0.08558070645241611-33, id: 0.08558070645241611-34, id: 0.08558070645241611-35, id: 0.08558070645241611-36, id: 0.08558070645241611-37, id: 0.08558070645241611-38, id: 0.08558070645241611-39, id: 0.08558070645241611-40, id: 0.08558070645241611-41, id: 0.08558070645241611-42, id: 0.08558070645241611-43, id: 0.08558070645241611-44, id: 0.08558070645241611-45, id: 0.08558070645241611-46, id: 0.08558070645241611-47, id: 0.08558070645241611-48, id: 0.08558070645241611-49, id: 0.08558070645241611-50, id: 0.08558070645241611-51, id: 0.08558070645241611-52, id: 0.08558070645241611-53, id: 0.08558070645241611-54, id: 0.08558070645241611-55, id: 0.08558070645241611-56, id: 0.08558070645241611-57, id: 0.08558070645241611-58, id: 0.08558070645241611-59, id: 0.08558070645241611-60, id: 0.08558070645241611-61, id: 0.08558070645241611-62, id: 0.08558070645241611-63, id: 0.08558070645241611-64, id: 0.08558070645241611-65, id: 0.08558070645241611-66, id: 0.08558070645241611-67, id: 0.08558070645241611-68, id: 0.08558070645241611-69, id: 0.08558070645241611-70, id: 0.08558070645241611-71, id: 0.08558070645241611-72, id: 0.08558070645241611-73, id: 0.08558070645241611-74, id: 0.08558070645241611-75, id: 0.08558070645241611-76, id: 0.08558070645241611-77, id: 0.08558070645241611-78, id: 0.08558070645241611-79, id: 0.08558070645241611-80, id: 0.08558070645241611-81, id: 0.08558070645241611-82, id: 0.08558070645241611-83, id: 0.08558070645241611-84, id: 0.08558070645241611-85, id: 0.08558070645241611-86, id: 0.08558070645241611-87, id: 0.08558070645241611-88, id: 0.08558070645241611-89, id: 0.08558070645241611-90, id: 0.08558070645241611-91, id: 0.08558070645241611-92, id: 0.08558070645241611-93, id: 0.08558070645241611-94, id: 0.08558070645241611-95, id: 0.08558070645241611-96]
[WebDriverCommandLogger] - Executing getElementText element: By.xpath: //div[@id=&apos;c_articlelist_stories_2&apos;]/ul[1]/li/span[1]/a parameters: {&quot;id&quot;:&quot;0.08558070645241611-54&quot;}
[WebDriverCommandLogger] - command: getElementText[ param-1: By.xpath: //div[@id=&apos;c_articlelist_stories_2&apos;]/ul[1]/li/span[1]/a param-2: {&quot;id&quot;:&quot;0.08558070645241611-54&quot;}] Result: getElementText:Suspecting man kills wife and son, surrenders
[WebDriverCommandLogger] - Executing findElements parameters: {&quot;using&quot;:&quot;xpath&quot;,&quot;value&quot;:&quot;//div[@id=&apos;c_articlelist_stories_2&apos;]/ul[1]/li/span[2]/span[2]&quot;}
[WebDriverCommandLogger] - command: findElements[ param-1: {value=//div[@id=&apos;c_articlelist_stories_2&apos;]/ul[1]/li/span[2]/span[2], using=xpath}] Result: [id: 0.08558070645241611-97, id: 0.08558070645241611-98, id: 0.08558070645241611-99, id: 0.08558070645241611-100, id: 0.08558070645241611-101, id: 0.08558070645241611-102, id: 0.08558070645241611-103, id: 0.08558070645241611-104, id: 0.08558070645241611-105, id: 0.08558070645241611-106, id: 0.08558070645241611-107, id: 0.08558070645241611-108, id: 0.08558070645241611-109, id: 0.08558070645241611-110, id: 0.08558070645241611-111, id: 0.08558070645241611-112, id: 0.08558070645241611-113, id: 0.08558070645241611-114, id: 0.08558070645241611-115, id: 0.08558070645241611-116, id: 0.08558070645241611-117, id: 0.08558070645241611-118, id: 0.08558070645241611-119, id: 0.08558070645241611-120, id: 0.08558070645241611-121, id: 0.08558070645241611-122, id: 0.08558070645241611-123, id: 0.08558070645241611-124, id: 0.08558070645241611-125, id: 0.08558070645241611-126, id: 0.08558070645241611-127, id: 0.08558070645241611-128, id: 0.08558070645241611-129, id: 0.08558070645241611-130, id: 0.08558070645241611-131, id: 0.08558070645241611-132, id: 0.08558070645241611-133, id: 0.08558070645241611-134, id: 0.08558070645241611-135, id: 0.08558070645241611-136, id: 0.08558070645241611-137, id: 0.08558070645241611-138, id: 0.08558070645241611-139, id: 0.08558070645241611-140, id: 0.08558070645241611-141, id: 0.08558070645241611-142, id: 0.08558070645241611-143, id: 0.08558070645241611-144, id: 0.08558070645241611-145, id: 0.08558070645241611-146, id: 0.08558070645241611-147, id: 0.08558070645241611-148, id: 0.08558070645241611-149, id: 0.08558070645241611-150, id: 0.08558070645241611-151, id: 0.08558070645241611-152, id: 0.08558070645241611-153, id: 0.08558070645241611-154, id: 0.08558070645241611-155, id: 0.08558070645241611-156, id: 0.08558070645241611-157, id: 0.08558070645241611-158, id: 0.08558070645241611-159, id: 0.08558070645241611-160, id: 0.08558070645241611-161, id: 0.08558070645241611-162, id: 0.08558070645241611-163, id: 0.08558070645241611-164, id: 0.08558070645241611-165, id: 0.08558070645241611-166, id: 0.08558070645241611-167, id: 0.08558070645241611-168, id: 0.08558070645241611-169, id: 0.08558070645241611-170, id: 0.08558070645241611-171, id: 0.08558070645241611-172, id: 0.08558070645241611-173, id: 0.08558070645241611-174, id: 0.08558070645241611-175, id: 0.08558070645241611-176, id: 0.08558070645241611-177, id: 0.08558070645241611-178, id: 0.08558070645241611-179, id: 0.08558070645241611-180, id: 0.08558070645241611-181, id: 0.08558070645241611-182, id: 0.08558070645241611-183, id: 0.08558070645241611-184, id: 0.08558070645241611-185, id: 0.08558070645241611-186, id: 0.08558070645241611-187, id: 0.08558070645241611-188, id: 0.08558070645241611-189, id: 0.08558070645241611-190, id: 0.08558070645241611-191, id: 0.08558070645241611-192]
[WebDriverCommandLogger] - Executing findElements parameters: {&quot;using&quot;:&quot;xpath&quot;,&quot;value&quot;:&quot;//div[@id=&apos;c_articlelist_stories_2&apos;]/ul[1]/li/span[2]/span[2]&quot;}
[WebDriverCommandLogger] - command: findElements[ param-1: {value=//div[@id=&apos;c_articlelist_stories_2&apos;]/ul[1]/li/span[2]/span[2], using=xpath}] Result: [id: 0.08558070645241611-97, id: 0.08558070645241611-98, id: 0.08558070645241611-99, id: 0.08558070645241611-100, id: 0.08558070645241611-101, id: 0.08558070645241611-102, id: 0.08558070645241611-103, id: 0.08558070645241611-104, id: 0.08558070645241611-105, id: 0.08558070645241611-106, id: 0.08558070645241611-107, id: 0.08558070645241611-108, id: 0.08558070645241611-109, id: 0.08558070645241611-110, id: 0.08558070645241611-111, id: 0.08558070645241611-112, id: 0.08558070645241611-113, id: 0.08558070645241611-114, id: 0.08558070645241611-115, id: 0.08558070645241611-116, id: 0.08558070645241611-117, id: 0.08558070645241611-118, id: 0.08558070645241611-119, id: 0.08558070645241611-120, id: 0.08558070645241611-121, id: 0.08558070645241611-122, id: 0.08558070645241611-123, id: 0.08558070645241611-124, id: 0.08558070645241611-125, id: 0.08558070645241611-126, id: 0.08558070645241611-127, id: 0.08558070645241611-128, id: 0.08558070645241611-129, id: 0.08558070645241611-130, id: 0.08558070645241611-131, id: 0.08558070645241611-132, id: 0.08558070645241611-133, id: 0.08558070645241611-134, id: 0.08558070645241611-135, id: 0.08558070645241611-136, id: 0.08558070645241611-137, id: 0.08558070645241611-138, id: 0.08558070645241611-139, id: 0.08558070645241611-140, id: 0.08558070645241611-141, id: 0.08558070645241611-142, id: 0.08558070645241611-143, id: 0.08558070645241611-144, id: 0.08558070645241611-145, id: 0.08558070645241611-146, id: 0.08558070645241611-147, id: 0.08558070645241611-148, id: 0.08558070645241611-149, id: 0.08558070645241611-150, id: 0.08558070645241611-151, id: 0.08558070645241611-152, id: 0.08558070645241611-153, id: 0.08558070645241611-154, id: 0.08558070645241611-155, id: 0.08558070645241611-156, id: 0.08558070645241611-157, id: 0.08558070645241611-158, id: 0.08558070645241611-159, id: 0.08558070645241611-160, id: 0.08558070645241611-161, id: 0.08558070645241611-162, id: 0.08558070645241611-163, id: 0.08558070645241611-164, id: 0.08558070645241611-165, id: 0.08558070645241611-166, id: 0.08558070645241611-167, id: 0.08558070645241611-168, id: 0.08558070645241611-169, id: 0.08558070645241611-170, id: 0.08558070645241611-171, id: 0.08558070645241611-172, id: 0.08558070645241611-173, id: 0.08558070645241611-174, id: 0.08558070645241611-175, id: 0.08558070645241611-176, id: 0.08558070645241611-177, id: 0.08558070645241611-178, id: 0.08558070645241611-179, id: 0.08558070645241611-180, id: 0.08558070645241611-181, id: 0.08558070645241611-182, id: 0.08558070645241611-183, id: 0.08558070645241611-184, id: 0.08558070645241611-185, id: 0.08558070645241611-186, id: 0.08558070645241611-187, id: 0.08558070645241611-188, id: 0.08558070645241611-189, id: 0.08558070645241611-190, id: 0.08558070645241611-191, id: 0.08558070645241611-192]
[WebDriverCommandLogger] - Executing getElementText element: By.xpath: //div[@id=&apos;c_articlelist_stories_2&apos;]/ul[1]/li/span[2]/span[2] parameters: {&quot;id&quot;:&quot;0.08558070645241611-151&quot;}
[WebDriverCommandLogger] - command: getElementText[ param-1: By.xpath: //div[@id=&apos;c_articlelist_stories_2&apos;]/ul[1]/li/span[2]/span[2] param-2: {&quot;id&quot;:&quot;0.08558070645241611-151&quot;}] Result: getElementText:1 DAY AGO
[WebDriverCommandLogger] - Executing findElements parameters: {&quot;using&quot;:&quot;xpath&quot;,&quot;value&quot;:&quot;//div[@id=&apos;c_articlelist_stories_2&apos;]/ul[1]/li/span[2]/span[2]&quot;}
[WebDriverCommandLogger] - command: findElements[ param-1: {value=//div[@id=&apos;c_articlelist_stories_2&apos;]/ul[1]/li/span[2]/span[2], using=xpath}] Result: [id: 0.08558070645241611-97, id: 0.08558070645241611-98, id: 0.08558070645241611-99, id: 0.08558070645241611-100, id: 0.08558070645241611-101, id: 0.08558070645241611-102, id: 0.08558070645241611-103, id: 0.08558070645241611-104, id: 0.08558070645241611-105, id: 0.08558070645241611-106, id: 0.08558070645241611-107, id: 0.08558070645241611-108, id: 0.08558070645241611-109, id: 0.08558070645241611-110, id: 0.08558070645241611-111, id: 0.08558070645241611-112, id: 0.08558070645241611-113, id: 0.08558070645241611-114, id: 0.08558070645241611-115, id: 0.08558070645241611-116, id: 0.08558070645241611-117, id: 0.08558070645241611-118, id: 0.08558070645241611-119, id: 0.08558070645241611-120, id: 0.08558070645241611-121, id: 0.08558070645241611-122, id: 0.08558070645241611-123, id: 0.08558070645241611-124, id: 0.08558070645241611-125, id: 0.08558070645241611-126, id: 0.08558070645241611-127, id: 0.08558070645241611-128, id: 0.08558070645241611-129, id: 0.08558070645241611-130, id: 0.08558070645241611-131, id: 0.08558070645241611-132, id: 0.08558070645241611-133, id: 0.08558070645241611-134, id: 0.08558070645241611-135, id: 0.08558070645241611-136, id: 0.08558070645241611-137, id: 0.08558070645241611-138, id: 0.08558070645241611-139, id: 0.08558070645241611-140, id: 0.08558070645241611-141, id: 0.08558070645241611-142, id: 0.08558070645241611-143, id: 0.08558070645241611-144, id: 0.08558070645241611-145, id: 0.08558070645241611-146, id: 0.08558070645241611-147, id: 0.08558070645241611-148, id: 0.08558070645241611-149, id: 0.08558070645241611-150, id: 0.08558070645241611-151, id: 0.08558070645241611-152, id: 0.08558070645241611-153, id: 0.08558070645241611-154, id: 0.08558070645241611-155, id: 0.08558070645241611-156, id: 0.08558070645241611-157, id: 0.08558070645241611-158, id: 0.08558070645241611-159, id: 0.08558070645241611-160, id: 0.08558070645241611-161, id: 0.08558070645241611-162, id: 0.08558070645241611-163, id: 0.08558070645241611-164, id: 0.08558070645241611-165, id: 0.08558070645241611-166, id: 0.08558070645241611-167, id: 0.08558070645241611-168, id: 0.08558070645241611-169, id: 0.08558070645241611-170, id: 0.08558070645241611-171, id: 0.08558070645241611-172, id: 0.08558070645241611-173, id: 0.08558070645241611-174, id: 0.08558070645241611-175, id: 0.08558070645241611-176, id: 0.08558070645241611-177, id: 0.08558070645241611-178, id: 0.08558070645241611-179, id: 0.08558070645241611-180, id: 0.08558070645241611-181, id: 0.08558070645241611-182, id: 0.08558070645241611-183, id: 0.08558070645241611-184, id: 0.08558070645241611-185, id: 0.08558070645241611-186, id: 0.08558070645241611-187, id: 0.08558070645241611-188, id: 0.08558070645241611-189, id: 0.08558070645241611-190, id: 0.08558070645241611-191, id: 0.08558070645241611-192]
[WebDriverCommandLogger] - Executing getElementText element: By.xpath: //div[@id=&apos;c_articlelist_stories_2&apos;]/ul[1]/li/span[2]/span[2] parameters: {&quot;id&quot;:&quot;0.08558070645241611-151&quot;}
[WebDriverCommandLogger] - command: getElementText[ param-1: By.xpath: //div[@id=&apos;c_articlelist_stories_2&apos;]/ul[1]/li/span[2]/span[2] param-2: {&quot;id&quot;:&quot;0.08558070645241611-151&quot;}] Result: getElementText:1 DAY AGO
[WebDriverCommandLogger] - Executing findElements parameters: {&quot;using&quot;:&quot;xpath&quot;,&quot;value&quot;:&quot;//div[@id=&apos;c_articlelist_stories_2&apos;]/ul[1]/li/span[1]/a&quot;}
[WebDriverCommandLogger] - command: findElements[ param-1: {value=//div[@id=&apos;c_articlelist_stories_2&apos;]/ul[1]/li/span[1]/a, using=xpath}] Result: [id: 0.08558070645241611-1, id: 0.08558070645241611-2, id: 0.08558070645241611-3, id: 0.08558070645241611-4, id: 0.08558070645241611-5, id: 0.08558070645241611-6, id: 0.08558070645241611-7, id: 0.08558070645241611-8, id: 0.08558070645241611-9, id: 0.08558070645241611-10, id: 0.08558070645241611-11, id: 0.08558070645241611-12, id: 0.08558070645241611-13, id: 0.08558070645241611-14, id: 0.08558070645241611-15, id: 0.08558070645241611-16, id: 0.08558070645241611-17, id: 0.08558070645241611-18, id: 0.08558070645241611-19, id: 0.08558070645241611-20, id: 0.08558070645241611-21, id: 0.08558070645241611-22, id: 0.08558070645241611-23, id: 0.08558070645241611-24, id: 0.08558070645241611-25, id: 0.08558070645241611-26, id: 0.08558070645241611-27, id: 0.08558070645241611-28, id: 0.08558070645241611-29, id: 0.08558070645241611-30, id: 0.08558070645241611-31, id: 0.08558070645241611-32, id: 0.08558070645241611-33, id: 0.08558070645241611-34, id: 0.08558070645241611-35, id: 0.08558070645241611-36, id: 0.08558070645241611-37, id: 0.08558070645241611-38, id: 0.08558070645241611-39, id: 0.08558070645241611-40, id: 0.08558070645241611-41, id: 0.08558070645241611-42, id: 0.08558070645241611-43, id: 0.08558070645241611-44, id: 0.08558070645241611-45, id: 0.08558070645241611-46, id: 0.08558070645241611-47, id: 0.08558070645241611-48, id: 0.08558070645241611-49, id: 0.08558070645241611-50, id: 0.08558070645241611-51, id: 0.08558070645241611-52, id: 0.08558070645241611-53, id: 0.08558070645241611-54, id: 0.08558070645241611-55, id: 0.08558070645241611-56, id: 0.08558070645241611-57, id: 0.08558070645241611-58, id: 0.08558070645241611-59, id: 0.08558070645241611-60, id: 0.08558070645241611-61, id: 0.08558070645241611-62, id: 0.08558070645241611-63, id: 0.08558070645241611-64, id: 0.08558070645241611-65, id: 0.08558070645241611-66, id: 0.08558070645241611-67, id: 0.08558070645241611-68, id: 0.08558070645241611-69, id: 0.08558070645241611-70, id: 0.08558070645241611-71, id: 0.08558070645241611-72, id: 0.08558070645241611-73, id: 0.08558070645241611-74, id: 0.08558070645241611-75, id: 0.08558070645241611-76, id: 0.08558070645241611-77, id: 0.08558070645241611-78, id: 0.08558070645241611-79, id: 0.08558070645241611-80, id: 0.08558070645241611-81, id: 0.08558070645241611-82, id: 0.08558070645241611-83, id: 0.08558070645241611-84, id: 0.08558070645241611-85, id: 0.08558070645241611-86, id: 0.08558070645241611-87, id: 0.08558070645241611-88, id: 0.08558070645241611-89, id: 0.08558070645241611-90, id: 0.08558070645241611-91, id: 0.08558070645241611-92, id: 0.08558070645241611-93, id: 0.08558070645241611-94, id: 0.08558070645241611-95, id: 0.08558070645241611-96]
[WebDriverCommandLogger] - Executing getElementText element: By.xpath: //div[@id=&apos;c_articlelist_stories_2&apos;]/ul[1]/li/span[1]/a parameters: {&quot;id&quot;:&quot;0.08558070645241611-55&quot;}
[WebDriverCommandLogger] - command: getElementText[ param-1: By.xpath: //div[@id=&apos;c_articlelist_stories_2&apos;]/ul[1]/li/span[1]/a param-2: {&quot;id&quot;:&quot;0.08558070645241611-55&quot;}] Result: getElementText:Pune feline among top runners for cutest cat award
[WebDriverCommandLogger] - Executing findElements parameters: {&quot;using&quot;:&quot;xpath&quot;,&quot;value&quot;:&quot;//div[@id=&apos;c_articlelist_stories_2&apos;]/ul[1]/li/span[2]/span[2]&quot;}
[WebDriverCommandLogger] - command: findElements[ param-1: {value=//div[@id=&apos;c_articlelist_stories_2&apos;]/ul[1]/li/span[2]/span[2], using=xpath}] Result: [id: 0.08558070645241611-97, id: 0.08558070645241611-98, id: 0.08558070645241611-99, id: 0.08558070645241611-100, id: 0.08558070645241611-101, id: 0.08558070645241611-102, id: 0.08558070645241611-103, id: 0.08558070645241611-104, id: 0.08558070645241611-105, id: 0.08558070645241611-106, id: 0.08558070645241611-107, id: 0.08558070645241611-108, id: 0.08558070645241611-109, id: 0.08558070645241611-110, id: 0.08558070645241611-111, id: 0.08558070645241611-112, id: 0.08558070645241611-113, id: 0.08558070645241611-114, id: 0.08558070645241611-115, id: 0.08558070645241611-116, id: 0.08558070645241611-117, id: 0.08558070645241611-118, id: 0.08558070645241611-119, id: 0.08558070645241611-120, id: 0.08558070645241611-121, id: 0.08558070645241611-122, id: 0.08558070645241611-123, id: 0.08558070645241611-124, id: 0.08558070645241611-125, id: 0.08558070645241611-126, id: 0.08558070645241611-127, id: 0.08558070645241611-128, id: 0.08558070645241611-129, id: 0.08558070645241611-130, id: 0.08558070645241611-131, id: 0.08558070645241611-132, id: 0.08558070645241611-133, id: 0.08558070645241611-134, id: 0.08558070645241611-135, id: 0.08558070645241611-136, id: 0.08558070645241611-137, id: 0.08558070645241611-138, id: 0.08558070645241611-139, id: 0.08558070645241611-140, id: 0.08558070645241611-141, id: 0.08558070645241611-142, id: 0.08558070645241611-143, id: 0.08558070645241611-144, id: 0.08558070645241611-145, id: 0.08558070645241611-146, id: 0.08558070645241611-147, id: 0.08558070645241611-148, id: 0.08558070645241611-149, id: 0.08558070645241611-150, id: 0.08558070645241611-151, id: 0.08558070645241611-152, id: 0.08558070645241611-153, id: 0.08558070645241611-154, id: 0.08558070645241611-155, id: 0.08558070645241611-156, id: 0.08558070645241611-157, id: 0.08558070645241611-158, id: 0.08558070645241611-159, id: 0.08558070645241611-160, id: 0.08558070645241611-161, id: 0.08558070645241611-162, id: 0.08558070645241611-163, id: 0.08558070645241611-164, id: 0.08558070645241611-165, id: 0.08558070645241611-166, id: 0.08558070645241611-167, id: 0.08558070645241611-168, id: 0.08558070645241611-169, id: 0.08558070645241611-170, id: 0.08558070645241611-171, id: 0.08558070645241611-172, id: 0.08558070645241611-173, id: 0.08558070645241611-174, id: 0.08558070645241611-175, id: 0.08558070645241611-176, id: 0.08558070645241611-177, id: 0.08558070645241611-178, id: 0.08558070645241611-179, id: 0.08558070645241611-180, id: 0.08558070645241611-181, id: 0.08558070645241611-182, id: 0.08558070645241611-183, id: 0.08558070645241611-184, id: 0.08558070645241611-185, id: 0.08558070645241611-186, id: 0.08558070645241611-187, id: 0.08558070645241611-188, id: 0.08558070645241611-189, id: 0.08558070645241611-190, id: 0.08558070645241611-191, id: 0.08558070645241611-192]
[WebDriverCommandLogger] - Executing findElements parameters: {&quot;using&quot;:&quot;xpath&quot;,&quot;value&quot;:&quot;//div[@id=&apos;c_articlelist_stories_2&apos;]/ul[1]/li/span[2]/span[2]&quot;}
[WebDriverCommandLogger] - command: findElements[ param-1: {value=//div[@id=&apos;c_articlelist_stories_2&apos;]/ul[1]/li/span[2]/span[2], using=xpath}] Result: [id: 0.08558070645241611-97, id: 0.08558070645241611-98, id: 0.08558070645241611-99, id: 0.08558070645241611-100, id: 0.08558070645241611-101, id: 0.08558070645241611-102, id: 0.08558070645241611-103, id: 0.08558070645241611-104, id: 0.08558070645241611-105, id: 0.08558070645241611-106, id: 0.08558070645241611-107, id: 0.08558070645241611-108, id: 0.08558070645241611-109, id: 0.08558070645241611-110, id: 0.08558070645241611-111, id: 0.08558070645241611-112, id: 0.08558070645241611-113, id: 0.08558070645241611-114, id: 0.08558070645241611-115, id: 0.08558070645241611-116, id: 0.08558070645241611-117, id: 0.08558070645241611-118, id: 0.08558070645241611-119, id: 0.08558070645241611-120, id: 0.08558070645241611-121, id: 0.08558070645241611-122, id: 0.08558070645241611-123, id: 0.08558070645241611-124, id: 0.08558070645241611-125, id: 0.08558070645241611-126, id: 0.08558070645241611-127, id: 0.08558070645241611-128, id: 0.08558070645241611-129, id: 0.08558070645241611-130, id: 0.08558070645241611-131, id: 0.08558070645241611-132, id: 0.08558070645241611-133, id: 0.08558070645241611-134, id: 0.08558070645241611-135, id: 0.08558070645241611-136, id: 0.08558070645241611-137, id: 0.08558070645241611-138, id: 0.08558070645241611-139, id: 0.08558070645241611-140, id: 0.08558070645241611-141, id: 0.08558070645241611-142, id: 0.08558070645241611-143, id: 0.08558070645241611-144, id: 0.08558070645241611-145, id: 0.08558070645241611-146, id: 0.08558070645241611-147, id: 0.08558070645241611-148, id: 0.08558070645241611-149, id: 0.08558070645241611-150, id: 0.08558070645241611-151, id: 0.08558070645241611-152, id: 0.08558070645241611-153, id: 0.08558070645241611-154, id: 0.08558070645241611-155, id: 0.08558070645241611-156, id: 0.08558070645241611-157, id: 0.08558070645241611-158, id: 0.08558070645241611-159, id: 0.08558070645241611-160, id: 0.08558070645241611-161, id: 0.08558070645241611-162, id: 0.08558070645241611-163, id: 0.08558070645241611-164, id: 0.08558070645241611-165, id: 0.08558070645241611-166, id: 0.08558070645241611-167, id: 0.08558070645241611-168, id: 0.08558070645241611-169, id: 0.08558070645241611-170, id: 0.08558070645241611-171, id: 0.08558070645241611-172, id: 0.08558070645241611-173, id: 0.08558070645241611-174, id: 0.08558070645241611-175, id: 0.08558070645241611-176, id: 0.08558070645241611-177, id: 0.08558070645241611-178, id: 0.08558070645241611-179, id: 0.08558070645241611-180, id: 0.08558070645241611-181, id: 0.08558070645241611-182, id: 0.08558070645241611-183, id: 0.08558070645241611-184, id: 0.08558070645241611-185, id: 0.08558070645241611-186, id: 0.08558070645241611-187, id: 0.08558070645241611-188, id: 0.08558070645241611-189, id: 0.08558070645241611-190, id: 0.08558070645241611-191, id: 0.08558070645241611-192]
[WebDriverCommandLogger] - Executing getElementText element: By.xpath: //div[@id=&apos;c_articlelist_stories_2&apos;]/ul[1]/li/span[2]/span[2] parameters: {&quot;id&quot;:&quot;0.08558070645241611-152&quot;}
[WebDriverCommandLogger] - command: getElementText[ param-1: By.xpath: //div[@id=&apos;c_articlelist_stories_2&apos;]/ul[1]/li/span[2]/span[2] param-2: {&quot;id&quot;:&quot;0.08558070645241611-152&quot;}] Result: getElementText:2 DAYS AGO
[WebDriverCommandLogger] - Executing findElements parameters: {&quot;using&quot;:&quot;xpath&quot;,&quot;value&quot;:&quot;//div[@id=&apos;c_articlelist_stories_2&apos;]/ul[1]/li/span[2]/span[2]&quot;}
[WebDriverCommandLogger] - command: findElements[ param-1: {value=//div[@id=&apos;c_articlelist_stories_2&apos;]/ul[1]/li/span[2]/span[2], using=xpath}] Result: [id: 0.08558070645241611-97, id: 0.08558070645241611-98, id: 0.08558070645241611-99, id: 0.08558070645241611-100, id: 0.08558070645241611-101, id: 0.08558070645241611-102, id: 0.08558070645241611-103, id: 0.08558070645241611-104, id: 0.08558070645241611-105, id: 0.08558070645241611-106, id: 0.08558070645241611-107, id: 0.08558070645241611-108, id: 0.08558070645241611-109, id: 0.08558070645241611-110, id: 0.08558070645241611-111, id: 0.08558070645241611-112, id: 0.08558070645241611-113, id: 0.08558070645241611-114, id: 0.08558070645241611-115, id: 0.08558070645241611-116, id: 0.08558070645241611-117, id: 0.08558070645241611-118, id: 0.08558070645241611-119, id: 0.08558070645241611-120, id: 0.08558070645241611-121, id: 0.08558070645241611-122, id: 0.08558070645241611-123, id: 0.08558070645241611-124, id: 0.08558070645241611-125, id: 0.08558070645241611-126, id: 0.08558070645241611-127, id: 0.08558070645241611-128, id: 0.08558070645241611-129, id: 0.08558070645241611-130, id: 0.08558070645241611-131, id: 0.08558070645241611-132, id: 0.08558070645241611-133, id: 0.08558070645241611-134, id: 0.08558070645241611-135, id: 0.08558070645241611-136, id: 0.08558070645241611-137, id: 0.08558070645241611-138, id: 0.08558070645241611-139, id: 0.08558070645241611-140, id: 0.08558070645241611-141, id: 0.08558070645241611-142, id: 0.08558070645241611-143, id: 0.08558070645241611-144, id: 0.08558070645241611-145, id: 0.08558070645241611-146, id: 0.08558070645241611-147, id: 0.08558070645241611-148, id: 0.08558070645241611-149, id: 0.08558070645241611-150, id: 0.08558070645241611-151, id: 0.08558070645241611-152, id: 0.08558070645241611-153, id: 0.08558070645241611-154, id: 0.08558070645241611-155, id: 0.08558070645241611-156, id: 0.08558070645241611-157, id: 0.08558070645241611-158, id: 0.08558070645241611-159, id: 0.08558070645241611-160, id: 0.08558070645241611-161, id: 0.08558070645241611-162, id: 0.08558070645241611-163, id: 0.08558070645241611-164, id: 0.08558070645241611-165, id: 0.08558070645241611-166, id: 0.08558070645241611-167, id: 0.08558070645241611-168, id: 0.08558070645241611-169, id: 0.08558070645241611-170, id: 0.08558070645241611-171, id: 0.08558070645241611-172, id: 0.08558070645241611-173, id: 0.08558070645241611-174, id: 0.08558070645241611-175, id: 0.08558070645241611-176, id: 0.08558070645241611-177, id: 0.08558070645241611-178, id: 0.08558070645241611-179, id: 0.08558070645241611-180, id: 0.08558070645241611-181, id: 0.08558070645241611-182, id: 0.08558070645241611-183, id: 0.08558070645241611-184, id: 0.08558070645241611-185, id: 0.08558070645241611-186, id: 0.08558070645241611-187, id: 0.08558070645241611-188, id: 0.08558070645241611-189, id: 0.08558070645241611-190, id: 0.08558070645241611-191, id: 0.08558070645241611-192]
[WebDriverCommandLogger] - Executing getElementText element: By.xpath: //div[@id=&apos;c_articlelist_stories_2&apos;]/ul[1]/li/span[2]/span[2] parameters: {&quot;id&quot;:&quot;0.08558070645241611-152&quot;}
[WebDriverCommandLogger] - command: getElementText[ param-1: By.xpath: //div[@id=&apos;c_articlelist_stories_2&apos;]/ul[1]/li/span[2]/span[2] param-2: {&quot;id&quot;:&quot;0.08558070645241611-152&quot;}] Result: getElementText:2 DAYS AGO
[WebDriverCommandLogger] - Executing findElements parameters: {&quot;using&quot;:&quot;xpath&quot;,&quot;value&quot;:&quot;//div[@id=&apos;c_articlelist_stories_2&apos;]/ul[1]/li/span[2]/span[2]&quot;}
[WebDriverCommandLogger] - command: findElements[ param-1: {value=//div[@id=&apos;c_articlelist_stories_2&apos;]/ul[1]/li/span[2]/span[2], using=xpath}] Result: [id: 0.08558070645241611-97, id: 0.08558070645241611-98, id: 0.08558070645241611-99, id: 0.08558070645241611-100, id: 0.08558070645241611-101, id: 0.08558070645241611-102, id: 0.08558070645241611-103, id: 0.08558070645241611-104, id: 0.08558070645241611-105, id: 0.08558070645241611-106, id: 0.08558070645241611-107, id: 0.08558070645241611-108, id: 0.08558070645241611-109, id: 0.08558070645241611-110, id: 0.08558070645241611-111, id: 0.08558070645241611-112, id: 0.08558070645241611-113, id: 0.08558070645241611-114, id: 0.08558070645241611-115, id: 0.08558070645241611-116, id: 0.08558070645241611-117, id: 0.08558070645241611-118, id: 0.08558070645241611-119, id: 0.08558070645241611-120, id: 0.08558070645241611-121, id: 0.08558070645241611-122, id: 0.08558070645241611-123, id: 0.08558070645241611-124, id: 0.08558070645241611-125, id: 0.08558070645241611-126, id: 0.08558070645241611-127, id: 0.08558070645241611-128, id: 0.08558070645241611-129, id: 0.08558070645241611-130, id: 0.08558070645241611-131, id: 0.08558070645241611-132, id: 0.08558070645241611-133, id: 0.08558070645241611-134, id: 0.08558070645241611-135, id: 0.08558070645241611-136, id: 0.08558070645241611-137, id: 0.08558070645241611-138, id: 0.08558070645241611-139, id: 0.08558070645241611-140, id: 0.08558070645241611-141, id: 0.08558070645241611-142, id: 0.08558070645241611-143, id: 0.08558070645241611-144, id: 0.08558070645241611-145, id: 0.08558070645241611-146, id: 0.08558070645241611-147, id: 0.08558070645241611-148, id: 0.08558070645241611-149, id: 0.08558070645241611-150, id: 0.08558070645241611-151, id: 0.08558070645241611-152, id: 0.08558070645241611-153, id: 0.08558070645241611-154, id: 0.08558070645241611-155, id: 0.08558070645241611-156, id: 0.08558070645241611-157, id: 0.08558070645241611-158, id: 0.08558070645241611-159, id: 0.08558070645241611-160, id: 0.08558070645241611-161, id: 0.08558070645241611-162, id: 0.08558070645241611-163, id: 0.08558070645241611-164, id: 0.08558070645241611-165, id: 0.08558070645241611-166, id: 0.08558070645241611-167, id: 0.08558070645241611-168, id: 0.08558070645241611-169, id: 0.08558070645241611-170, id: 0.08558070645241611-171, id: 0.08558070645241611-172, id: 0.08558070645241611-173, id: 0.08558070645241611-174, id: 0.08558070645241611-175, id: 0.08558070645241611-176, id: 0.08558070645241611-177, id: 0.08558070645241611-178, id: 0.08558070645241611-179, id: 0.08558070645241611-180, id: 0.08558070645241611-181, id: 0.08558070645241611-182, id: 0.08558070645241611-183, id: 0.08558070645241611-184, id: 0.08558070645241611-185, id: 0.08558070645241611-186, id: 0.08558070645241611-187, id: 0.08558070645241611-188, id: 0.08558070645241611-189, id: 0.08558070645241611-190, id: 0.08558070645241611-191, id: 0.08558070645241611-192]
[WebDriverCommandLogger] - Executing findElements parameters: {&quot;using&quot;:&quot;xpath&quot;,&quot;value&quot;:&quot;//div[@id=&apos;c_articlelist_stories_2&apos;]/ul[1]/li/span[2]/span[2]&quot;}
[WebDriverCommandLogger] - command: findElements[ param-1: {value=//div[@id=&apos;c_articlelist_stories_2&apos;]/ul[1]/li/span[2]/span[2], using=xpath}] Result: [id: 0.08558070645241611-97, id: 0.08558070645241611-98, id: 0.08558070645241611-99, id: 0.08558070645241611-100, id: 0.08558070645241611-101, id: 0.08558070645241611-102, id: 0.08558070645241611-103, id: 0.08558070645241611-104, id: 0.08558070645241611-105, id: 0.08558070645241611-106, id: 0.08558070645241611-107, id: 0.08558070645241611-108, id: 0.08558070645241611-109, id: 0.08558070645241611-110, id: 0.08558070645241611-111, id: 0.08558070645241611-112, id: 0.08558070645241611-113, id: 0.08558070645241611-114, id: 0.08558070645241611-115, id: 0.08558070645241611-116, id: 0.08558070645241611-117, id: 0.08558070645241611-118, id: 0.08558070645241611-119, id: 0.08558070645241611-120, id: 0.08558070645241611-121, id: 0.08558070645241611-122, id: 0.08558070645241611-123, id: 0.08558070645241611-124, id: 0.08558070645241611-125, id: 0.08558070645241611-126, id: 0.08558070645241611-127, id: 0.08558070645241611-128, id: 0.08558070645241611-129, id: 0.08558070645241611-130, id: 0.08558070645241611-131, id: 0.08558070645241611-132, id: 0.08558070645241611-133, id: 0.08558070645241611-134, id: 0.08558070645241611-135, id: 0.08558070645241611-136, id: 0.08558070645241611-137, id: 0.08558070645241611-138, id: 0.08558070645241611-139, id: 0.08558070645241611-140, id: 0.08558070645241611-141, id: 0.08558070645241611-142, id: 0.08558070645241611-143, id: 0.08558070645241611-144, id: 0.08558070645241611-145, id: 0.08558070645241611-146, id: 0.08558070645241611-147, id: 0.08558070645241611-148, id: 0.08558070645241611-149, id: 0.08558070645241611-150, id: 0.08558070645241611-151, id: 0.08558070645241611-152, id: 0.08558070645241611-153, id: 0.08558070645241611-154, id: 0.08558070645241611-155, id: 0.08558070645241611-156, id: 0.08558070645241611-157, id: 0.08558070645241611-158, id: 0.08558070645241611-159, id: 0.08558070645241611-160, id: 0.08558070645241611-161, id: 0.08558070645241611-162, id: 0.08558070645241611-163, id: 0.08558070645241611-164, id: 0.08558070645241611-165, id: 0.08558070645241611-166, id: 0.08558070645241611-167, id: 0.08558070645241611-168, id: 0.08558070645241611-169, id: 0.08558070645241611-170, id: 0.08558070645241611-171, id: 0.08558070645241611-172, id: 0.08558070645241611-173, id: 0.08558070645241611-174, id: 0.08558070645241611-175, id: 0.08558070645241611-176, id: 0.08558070645241611-177, id: 0.08558070645241611-178, id: 0.08558070645241611-179, id: 0.08558070645241611-180, id: 0.08558070645241611-181, id: 0.08558070645241611-182, id: 0.08558070645241611-183, id: 0.08558070645241611-184, id: 0.08558070645241611-185, id: 0.08558070645241611-186, id: 0.08558070645241611-187, id: 0.08558070645241611-188, id: 0.08558070645241611-189, id: 0.08558070645241611-190, id: 0.08558070645241611-191, id: 0.08558070645241611-192]
[WebDriverCommandLogger] - Executing getElementText element: By.xpath: //div[@id=&apos;c_articlelist_stories_2&apos;]/ul[1]/li/span[2]/span[2] parameters: {&quot;id&quot;:&quot;0.08558070645241611-153&quot;}
[WebDriverCommandLogger] - command: getElementText[ param-1: By.xpath: //div[@id=&apos;c_articlelist_stories_2&apos;]/ul[1]/li/span[2]/span[2] param-2: {&quot;id&quot;:&quot;0.08558070645241611-153&quot;}] Result: getElementText:2 DAYS AGO
[WebDriverCommandLogger] - Executing findElements parameters: {&quot;using&quot;:&quot;xpath&quot;,&quot;value&quot;:&quot;//div[@id=&apos;c_articlelist_stories_2&apos;]/ul[1]/li/span[2]/span[2]&quot;}
[WebDriverCommandLogger] - command: findElements[ param-1: {value=//div[@id=&apos;c_articlelist_stories_2&apos;]/ul[1]/li/span[2]/span[2], using=xpath}] Result: [id: 0.08558070645241611-97, id: 0.08558070645241611-98, id: 0.08558070645241611-99, id: 0.08558070645241611-100, id: 0.08558070645241611-101, id: 0.08558070645241611-102, id: 0.08558070645241611-103, id: 0.08558070645241611-104, id: 0.08558070645241611-105, id: 0.08558070645241611-106, id: 0.08558070645241611-107, id: 0.08558070645241611-108, id: 0.08558070645241611-109, id: 0.08558070645241611-110, id: 0.08558070645241611-111, id: 0.08558070645241611-112, id: 0.08558070645241611-113, id: 0.08558070645241611-114, id: 0.08558070645241611-115, id: 0.08558070645241611-116, id: 0.08558070645241611-117, id: 0.08558070645241611-118, id: 0.08558070645241611-119, id: 0.08558070645241611-120, id: 0.08558070645241611-121, id: 0.08558070645241611-122, id: 0.08558070645241611-123, id: 0.08558070645241611-124, id: 0.08558070645241611-125, id: 0.08558070645241611-126, id: 0.08558070645241611-127, id: 0.08558070645241611-128, id: 0.08558070645241611-129, id: 0.08558070645241611-130, id: 0.08558070645241611-131, id: 0.08558070645241611-132, id: 0.08558070645241611-133, id: 0.08558070645241611-134, id: 0.08558070645241611-135, id: 0.08558070645241611-136, id: 0.08558070645241611-137, id: 0.08558070645241611-138, id: 0.08558070645241611-139, id: 0.08558070645241611-140, id: 0.08558070645241611-141, id: 0.08558070645241611-142, id: 0.08558070645241611-143, id: 0.08558070645241611-144, id: 0.08558070645241611-145, id: 0.08558070645241611-146, id: 0.08558070645241611-147, id: 0.08558070645241611-148, id: 0.08558070645241611-149, id: 0.08558070645241611-150, id: 0.08558070645241611-151, id: 0.08558070645241611-152, id: 0.08558070645241611-153, id: 0.08558070645241611-154, id: 0.08558070645241611-155, id: 0.08558070645241611-156, id: 0.08558070645241611-157, id: 0.08558070645241611-158, id: 0.08558070645241611-159, id: 0.08558070645241611-160, id: 0.08558070645241611-161, id: 0.08558070645241611-162, id: 0.08558070645241611-163, id: 0.08558070645241611-164, id: 0.08558070645241611-165, id: 0.08558070645241611-166, id: 0.08558070645241611-167, id: 0.08558070645241611-168, id: 0.08558070645241611-169, id: 0.08558070645241611-170, id: 0.08558070645241611-171, id: 0.08558070645241611-172, id: 0.08558070645241611-173, id: 0.08558070645241611-174, id: 0.08558070645241611-175, id: 0.08558070645241611-176, id: 0.08558070645241611-177, id: 0.08558070645241611-178, id: 0.08558070645241611-179, id: 0.08558070645241611-180, id: 0.08558070645241611-181, id: 0.08558070645241611-182, id: 0.08558070645241611-183, id: 0.08558070645241611-184, id: 0.08558070645241611-185, id: 0.08558070645241611-186, id: 0.08558070645241611-187, id: 0.08558070645241611-188, id: 0.08558070645241611-189, id: 0.08558070645241611-190, id: 0.08558070645241611-191, id: 0.08558070645241611-192]
[WebDriverCommandLogger] - Executing getElementText element: By.xpath: //div[@id=&apos;c_articlelist_stories_2&apos;]/ul[1]/li/span[2]/span[2] parameters: {&quot;id&quot;:&quot;0.08558070645241611-153&quot;}
[WebDriverCommandLogger] - command: getElementText[ param-1: By.xpath: //div[@id=&apos;c_articlelist_stories_2&apos;]/ul[1]/li/span[2]/span[2] param-2: {&quot;id&quot;:&quot;0.08558070645241611-153&quot;}] Result: getElementText:2 DAYS AGO
[WebDriverCommandLogger] - Executing findElements parameters: {&quot;using&quot;:&quot;xpath&quot;,&quot;value&quot;:&quot;//div[@id=&apos;c_articlelist_stories_2&apos;]/ul[1]/li/span[2]/span[2]&quot;}
[WebDriverCommandLogger] - command: findElements[ param-1: {value=//div[@id=&apos;c_articlelist_stories_2&apos;]/ul[1]/li/span[2]/span[2], using=xpath}] Result: [id: 0.08558070645241611-97, id: 0.08558070645241611-98, id: 0.08558070645241611-99, id: 0.08558070645241611-100, id: 0.08558070645241611-101, id: 0.08558070645241611-102, id: 0.08558070645241611-103, id: 0.08558070645241611-104, id: 0.08558070645241611-105, id: 0.08558070645241611-106, id: 0.08558070645241611-107, id: 0.08558070645241611-108, id: 0.08558070645241611-109, id: 0.08558070645241611-110, id: 0.08558070645241611-111, id: 0.08558070645241611-112, id: 0.08558070645241611-113, id: 0.08558070645241611-114, id: 0.08558070645241611-115, id: 0.08558070645241611-116, id: 0.08558070645241611-117, id: 0.08558070645241611-118, id: 0.08558070645241611-119, id: 0.08558070645241611-120, id: 0.08558070645241611-121, id: 0.08558070645241611-122, id: 0.08558070645241611-123, id: 0.08558070645241611-124, id: 0.08558070645241611-125, id: 0.08558070645241611-126, id: 0.08558070645241611-127, id: 0.08558070645241611-128, id: 0.08558070645241611-129, id: 0.08558070645241611-130, id: 0.08558070645241611-131, id: 0.08558070645241611-132, id: 0.08558070645241611-133, id: 0.08558070645241611-134, id: 0.08558070645241611-135, id: 0.08558070645241611-136, id: 0.08558070645241611-137, id: 0.08558070645241611-138, id: 0.08558070645241611-139, id: 0.08558070645241611-140, id: 0.08558070645241611-141, id: 0.08558070645241611-142, id: 0.08558070645241611-143, id: 0.08558070645241611-144, id: 0.08558070645241611-145, id: 0.08558070645241611-146, id: 0.08558070645241611-147, id: 0.08558070645241611-148, id: 0.08558070645241611-149, id: 0.08558070645241611-150, id: 0.08558070645241611-151, id: 0.08558070645241611-152, id: 0.08558070645241611-153, id: 0.08558070645241611-154, id: 0.08558070645241611-155, id: 0.08558070645241611-156, id: 0.08558070645241611-157, id: 0.08558070645241611-158, id: 0.08558070645241611-159, id: 0.08558070645241611-160, id: 0.08558070645241611-161, id: 0.08558070645241611-162, id: 0.08558070645241611-163, id: 0.08558070645241611-164, id: 0.08558070645241611-165, id: 0.08558070645241611-166, id: 0.08558070645241611-167, id: 0.08558070645241611-168, id: 0.08558070645241611-169, id: 0.08558070645241611-170, id: 0.08558070645241611-171, id: 0.08558070645241611-172, id: 0.08558070645241611-173, id: 0.08558070645241611-174, id: 0.08558070645241611-175, id: 0.08558070645241611-176, id: 0.08558070645241611-177, id: 0.08558070645241611-178, id: 0.08558070645241611-179, id: 0.08558070645241611-180, id: 0.08558070645241611-181, id: 0.08558070645241611-182, id: 0.08558070645241611-183, id: 0.08558070645241611-184, id: 0.08558070645241611-185, id: 0.08558070645241611-186, id: 0.08558070645241611-187, id: 0.08558070645241611-188, id: 0.08558070645241611-189, id: 0.08558070645241611-190, id: 0.08558070645241611-191, id: 0.08558070645241611-192]
[WebDriverCommandLogger] - Executing findElements parameters: {&quot;using&quot;:&quot;xpath&quot;,&quot;value&quot;:&quot;//div[@id=&apos;c_articlelist_stories_2&apos;]/ul[1]/li/span[2]/span[2]&quot;}
[WebDriverCommandLogger] - command: findElements[ param-1: {value=//div[@id=&apos;c_articlelist_stories_2&apos;]/ul[1]/li/span[2]/span[2], using=xpath}] Result: [id: 0.08558070645241611-97, id: 0.08558070645241611-98, id: 0.08558070645241611-99, id: 0.08558070645241611-100, id: 0.08558070645241611-101, id: 0.08558070645241611-102, id: 0.08558070645241611-103, id: 0.08558070645241611-104, id: 0.08558070645241611-105, id: 0.08558070645241611-106, id: 0.08558070645241611-107, id: 0.08558070645241611-108, id: 0.08558070645241611-109, id: 0.08558070645241611-110, id: 0.08558070645241611-111, id: 0.08558070645241611-112, id: 0.08558070645241611-113, id: 0.08558070645241611-114, id: 0.08558070645241611-115, id: 0.08558070645241611-116, id: 0.08558070645241611-117, id: 0.08558070645241611-118, id: 0.08558070645241611-119, id: 0.08558070645241611-120, id: 0.08558070645241611-121, id: 0.08558070645241611-122, id: 0.08558070645241611-123, id: 0.08558070645241611-124, id: 0.08558070645241611-125, id: 0.08558070645241611-126, id: 0.08558070645241611-127, id: 0.08558070645241611-128, id: 0.08558070645241611-129, id: 0.08558070645241611-130, id: 0.08558070645241611-131, id: 0.08558070645241611-132, id: 0.08558070645241611-133, id: 0.08558070645241611-134, id: 0.08558070645241611-135, id: 0.08558070645241611-136, id: 0.08558070645241611-137, id: 0.08558070645241611-138, id: 0.08558070645241611-139, id: 0.08558070645241611-140, id: 0.08558070645241611-141, id: 0.08558070645241611-142, id: 0.08558070645241611-143, id: 0.08558070645241611-144, id: 0.08558070645241611-145, id: 0.08558070645241611-146, id: 0.08558070645241611-147, id: 0.08558070645241611-148, id: 0.08558070645241611-149, id: 0.08558070645241611-150, id: 0.08558070645241611-151, id: 0.08558070645241611-152, id: 0.08558070645241611-153, id: 0.08558070645241611-154, id: 0.08558070645241611-155, id: 0.08558070645241611-156, id: 0.08558070645241611-157, id: 0.08558070645241611-158, id: 0.08558070645241611-159, id: 0.08558070645241611-160, id: 0.08558070645241611-161, id: 0.08558070645241611-162, id: 0.08558070645241611-163, id: 0.08558070645241611-164, id: 0.08558070645241611-165, id: 0.08558070645241611-166, id: 0.08558070645241611-167, id: 0.08558070645241611-168, id: 0.08558070645241611-169, id: 0.08558070645241611-170, id: 0.08558070645241611-171, id: 0.08558070645241611-172, id: 0.08558070645241611-173, id: 0.08558070645241611-174, id: 0.08558070645241611-175, id: 0.08558070645241611-176, id: 0.08558070645241611-177, id: 0.08558070645241611-178, id: 0.08558070645241611-179, id: 0.08558070645241611-180, id: 0.08558070645241611-181, id: 0.08558070645241611-182, id: 0.08558070645241611-183, id: 0.08558070645241611-184, id: 0.08558070645241611-185, id: 0.08558070645241611-186, id: 0.08558070645241611-187, id: 0.08558070645241611-188, id: 0.08558070645241611-189, id: 0.08558070645241611-190, id: 0.08558070645241611-191, id: 0.08558070645241611-192]
[WebDriverCommandLogger] - Executing getElementText element: By.xpath: //div[@id=&apos;c_articlelist_stories_2&apos;]/ul[1]/li/span[2]/span[2] parameters: {&quot;id&quot;:&quot;0.08558070645241611-154&quot;}
[WebDriverCommandLogger] - command: getElementText[ param-1: By.xpath: //div[@id=&apos;c_articlelist_stories_2&apos;]/ul[1]/li/span[2]/span[2] param-2: {&quot;id&quot;:&quot;0.08558070645241611-154&quot;}] Result: getElementText:2 DAYS AGO
[WebDriverCommandLogger] - Executing findElements parameters: {&quot;using&quot;:&quot;xpath&quot;,&quot;value&quot;:&quot;//div[@id=&apos;c_articlelist_stories_2&apos;]/ul[1]/li/span[2]/span[2]&quot;}
[WebDriverCommandLogger] - command: findElements[ param-1: {value=//div[@id=&apos;c_articlelist_stories_2&apos;]/ul[1]/li/span[2]/span[2], using=xpath}] Result: [id: 0.08558070645241611-97, id: 0.08558070645241611-98, id: 0.08558070645241611-99, id: 0.08558070645241611-100, id: 0.08558070645241611-101, id: 0.08558070645241611-102, id: 0.08558070645241611-103, id: 0.08558070645241611-104, id: 0.08558070645241611-105, id: 0.08558070645241611-106, id: 0.08558070645241611-107, id: 0.08558070645241611-108, id: 0.08558070645241611-109, id: 0.08558070645241611-110, id: 0.08558070645241611-111, id: 0.08558070645241611-112, id: 0.08558070645241611-113, id: 0.08558070645241611-114, id: 0.08558070645241611-115, id: 0.08558070645241611-116, id: 0.08558070645241611-117, id: 0.08558070645241611-118, id: 0.08558070645241611-119, id: 0.08558070645241611-120, id: 0.08558070645241611-121, id: 0.08558070645241611-122, id: 0.08558070645241611-123, id: 0.08558070645241611-124, id: 0.08558070645241611-125, id: 0.08558070645241611-126, id: 0.08558070645241611-127, id: 0.08558070645241611-128, id: 0.08558070645241611-129, id: 0.08558070645241611-130, id: 0.08558070645241611-131, id: 0.08558070645241611-132, id: 0.08558070645241611-133, id: 0.08558070645241611-134, id: 0.08558070645241611-135, id: 0.08558070645241611-136, id: 0.08558070645241611-137, id: 0.08558070645241611-138, id: 0.08558070645241611-139, id: 0.08558070645241611-140, id: 0.08558070645241611-141, id: 0.08558070645241611-142, id: 0.08558070645241611-143, id: 0.08558070645241611-144, id: 0.08558070645241611-145, id: 0.08558070645241611-146, id: 0.08558070645241611-147, id: 0.08558070645241611-148, id: 0.08558070645241611-149, id: 0.08558070645241611-150, id: 0.08558070645241611-151, id: 0.08558070645241611-152, id: 0.08558070645241611-153, id: 0.08558070645241611-154, id: 0.08558070645241611-155, id: 0.08558070645241611-156, id: 0.08558070645241611-157, id: 0.08558070645241611-158, id: 0.08558070645241611-159, id: 0.08558070645241611-160, id: 0.08558070645241611-161, id: 0.08558070645241611-162, id: 0.08558070645241611-163, id: 0.08558070645241611-164, id: 0.08558070645241611-165, id: 0.08558070645241611-166, id: 0.08558070645241611-167, id: 0.08558070645241611-168, id: 0.08558070645241611-169, id: 0.08558070645241611-170, id: 0.08558070645241611-171, id: 0.08558070645241611-172, id: 0.08558070645241611-173, id: 0.08558070645241611-174, id: 0.08558070645241611-175, id: 0.08558070645241611-176, id: 0.08558070645241611-177, id: 0.08558070645241611-178, id: 0.08558070645241611-179, id: 0.08558070645241611-180, id: 0.08558070645241611-181, id: 0.08558070645241611-182, id: 0.08558070645241611-183, id: 0.08558070645241611-184, id: 0.08558070645241611-185, id: 0.08558070645241611-186, id: 0.08558070645241611-187, id: 0.08558070645241611-188, id: 0.08558070645241611-189, id: 0.08558070645241611-190, id: 0.08558070645241611-191, id: 0.08558070645241611-192]
[WebDriverCommandLogger] - Executing getElementText element: By.xpath: //div[@id=&apos;c_articlelist_stories_2&apos;]/ul[1]/li/span[2]/span[2] parameters: {&quot;id&quot;:&quot;0.08558070645241611-154&quot;}
[WebDriverCommandLogger] - command: getElementText[ param-1: By.xpath: //div[@id=&apos;c_articlelist_stories_2&apos;]/ul[1]/li/span[2]/span[2] param-2: {&quot;id&quot;:&quot;0.08558070645241611-154&quot;}] Result: getElementText:2 DAYS AGO
[WebDriverCommandLogger] - Executing findElements parameters: {&quot;using&quot;:&quot;xpath&quot;,&quot;value&quot;:&quot;//div[@id=&apos;c_articlelist_stories_2&apos;]/ul[1]/li/span[2]/span[2]&quot;}
[WebDriverCommandLogger] - command: findElements[ param-1: {value=//div[@id=&apos;c_articlelist_stories_2&apos;]/ul[1]/li/span[2]/span[2], using=xpath}] Result: [id: 0.08558070645241611-97, id: 0.08558070645241611-98, id: 0.08558070645241611-99, id: 0.08558070645241611-100, id: 0.08558070645241611-101, id: 0.08558070645241611-102, id: 0.08558070645241611-103, id: 0.08558070645241611-104, id: 0.08558070645241611-105, id: 0.08558070645241611-106, id: 0.08558070645241611-107, id: 0.08558070645241611-108, id: 0.08558070645241611-109, id: 0.08558070645241611-110, id: 0.08558070645241611-111, id: 0.08558070645241611-112, id: 0.08558070645241611-113, id: 0.08558070645241611-114, id: 0.08558070645241611-115, id: 0.08558070645241611-116, id: 0.08558070645241611-117, id: 0.08558070645241611-118, id: 0.08558070645241611-119, id: 0.08558070645241611-120, id: 0.08558070645241611-121, id: 0.08558070645241611-122, id: 0.08558070645241611-123, id: 0.08558070645241611-124, id: 0.08558070645241611-125, id: 0.08558070645241611-126, id: 0.08558070645241611-127, id: 0.08558070645241611-128, id: 0.08558070645241611-129, id: 0.08558070645241611-130, id: 0.08558070645241611-131, id: 0.08558070645241611-132, id: 0.08558070645241611-133, id: 0.08558070645241611-134, id: 0.08558070645241611-135, id: 0.08558070645241611-136, id: 0.08558070645241611-137, id: 0.08558070645241611-138, id: 0.08558070645241611-139, id: 0.08558070645241611-140, id: 0.08558070645241611-141, id: 0.08558070645241611-142, id: 0.08558070645241611-143, id: 0.08558070645241611-144, id: 0.08558070645241611-145, id: 0.08558070645241611-146, id: 0.08558070645241611-147, id: 0.08558070645241611-148, id: 0.08558070645241611-149, id: 0.08558070645241611-150, id: 0.08558070645241611-151, id: 0.08558070645241611-152, id: 0.08558070645241611-153, id: 0.08558070645241611-154, id: 0.08558070645241611-155, id: 0.08558070645241611-156, id: 0.08558070645241611-157, id: 0.08558070645241611-158, id: 0.08558070645241611-159, id: 0.08558070645241611-160, id: 0.08558070645241611-161, id: 0.08558070645241611-162, id: 0.08558070645241611-163, id: 0.08558070645241611-164, id: 0.08558070645241611-165, id: 0.08558070645241611-166, id: 0.08558070645241611-167, id: 0.08558070645241611-168, id: 0.08558070645241611-169, id: 0.08558070645241611-170, id: 0.08558070645241611-171, id: 0.08558070645241611-172, id: 0.08558070645241611-173, id: 0.08558070645241611-174, id: 0.08558070645241611-175, id: 0.08558070645241611-176, id: 0.08558070645241611-177, id: 0.08558070645241611-178, id: 0.08558070645241611-179, id: 0.08558070645241611-180, id: 0.08558070645241611-181, id: 0.08558070645241611-182, id: 0.08558070645241611-183, id: 0.08558070645241611-184, id: 0.08558070645241611-185, id: 0.08558070645241611-186, id: 0.08558070645241611-187, id: 0.08558070645241611-188, id: 0.08558070645241611-189, id: 0.08558070645241611-190, id: 0.08558070645241611-191, id: 0.08558070645241611-192]
[WebDriverCommandLogger] - Executing findElements parameters: {&quot;using&quot;:&quot;xpath&quot;,&quot;value&quot;:&quot;//div[@id=&apos;c_articlelist_stories_2&apos;]/ul[1]/li/span[2]/span[2]&quot;}
[WebDriverCommandLogger] - command: findElements[ param-1: {value=//div[@id=&apos;c_articlelist_stories_2&apos;]/ul[1]/li/span[2]/span[2], using=xpath}] Result: [id: 0.08558070645241611-97, id: 0.08558070645241611-98, id: 0.08558070645241611-99, id: 0.08558070645241611-100, id: 0.08558070645241611-101, id: 0.08558070645241611-102, id: 0.08558070645241611-103, id: 0.08558070645241611-104, id: 0.08558070645241611-105, id: 0.08558070645241611-106, id: 0.08558070645241611-107, id: 0.08558070645241611-108, id: 0.08558070645241611-109, id: 0.08558070645241611-110, id: 0.08558070645241611-111, id: 0.08558070645241611-112, id: 0.08558070645241611-113, id: 0.08558070645241611-114, id: 0.08558070645241611-115, id: 0.08558070645241611-116, id: 0.08558070645241611-117, id: 0.08558070645241611-118, id: 0.08558070645241611-119, id: 0.08558070645241611-120, id: 0.08558070645241611-121, id: 0.08558070645241611-122, id: 0.08558070645241611-123, id: 0.08558070645241611-124, id: 0.08558070645241611-125, id: 0.08558070645241611-126, id: 0.08558070645241611-127, id: 0.08558070645241611-128, id: 0.08558070645241611-129, id: 0.08558070645241611-130, id: 0.08558070645241611-131, id: 0.08558070645241611-132, id: 0.08558070645241611-133, id: 0.08558070645241611-134, id: 0.08558070645241611-135, id: 0.08558070645241611-136, id: 0.08558070645241611-137, id: 0.08558070645241611-138, id: 0.08558070645241611-139, id: 0.08558070645241611-140, id: 0.08558070645241611-141, id: 0.08558070645241611-142, id: 0.08558070645241611-143, id: 0.08558070645241611-144, id: 0.08558070645241611-145, id: 0.08558070645241611-146, id: 0.08558070645241611-147, id: 0.08558070645241611-148, id: 0.08558070645241611-149, id: 0.08558070645241611-150, id: 0.08558070645241611-151, id: 0.08558070645241611-152, id: 0.08558070645241611-153, id: 0.08558070645241611-154, id: 0.08558070645241611-155, id: 0.08558070645241611-156, id: 0.08558070645241611-157, id: 0.08558070645241611-158, id: 0.08558070645241611-159, id: 0.08558070645241611-160, id: 0.08558070645241611-161, id: 0.08558070645241611-162, id: 0.08558070645241611-163, id: 0.08558070645241611-164, id: 0.08558070645241611-165, id: 0.08558070645241611-166, id: 0.08558070645241611-167, id: 0.08558070645241611-168, id: 0.08558070645241611-169, id: 0.08558070645241611-170, id: 0.08558070645241611-171, id: 0.08558070645241611-172, id: 0.08558070645241611-173, id: 0.08558070645241611-174, id: 0.08558070645241611-175, id: 0.08558070645241611-176, id: 0.08558070645241611-177, id: 0.08558070645241611-178, id: 0.08558070645241611-179, id: 0.08558070645241611-180, id: 0.08558070645241611-181, id: 0.08558070645241611-182, id: 0.08558070645241611-183, id: 0.08558070645241611-184, id: 0.08558070645241611-185, id: 0.08558070645241611-186, id: 0.08558070645241611-187, id: 0.08558070645241611-188, id: 0.08558070645241611-189, id: 0.08558070645241611-190, id: 0.08558070645241611-191, id: 0.08558070645241611-192]
[WebDriverCommandLogger] - Executing getElementText element: By.xpath: //div[@id=&apos;c_articlelist_stories_2&apos;]/ul[1]/li/span[2]/span[2] parameters: {&quot;id&quot;:&quot;0.08558070645241611-155&quot;}
[WebDriverCommandLogger] - command: getElementText[ param-1: By.xpath: //div[@id=&apos;c_articlelist_stories_2&apos;]/ul[1]/li/span[2]/span[2] param-2: {&quot;id&quot;:&quot;0.08558070645241611-155&quot;}] Result: getElementText:2 DAYS AGO
[WebDriverCommandLogger] - Executing findElements parameters: {&quot;using&quot;:&quot;xpath&quot;,&quot;value&quot;:&quot;//div[@id=&apos;c_articlelist_stories_2&apos;]/ul[1]/li/span[2]/span[2]&quot;}
[WebDriverCommandLogger] - command: findElements[ param-1: {value=//div[@id=&apos;c_articlelist_stories_2&apos;]/ul[1]/li/span[2]/span[2], using=xpath}] Result: [id: 0.08558070645241611-97, id: 0.08558070645241611-98, id: 0.08558070645241611-99, id: 0.08558070645241611-100, id: 0.08558070645241611-101, id: 0.08558070645241611-102, id: 0.08558070645241611-103, id: 0.08558070645241611-104, id: 0.08558070645241611-105, id: 0.08558070645241611-106, id: 0.08558070645241611-107, id: 0.08558070645241611-108, id: 0.08558070645241611-109, id: 0.08558070645241611-110, id: 0.08558070645241611-111, id: 0.08558070645241611-112, id: 0.08558070645241611-113, id: 0.08558070645241611-114, id: 0.08558070645241611-115, id: 0.08558070645241611-116, id: 0.08558070645241611-117, id: 0.08558070645241611-118, id: 0.08558070645241611-119, id: 0.08558070645241611-120, id: 0.08558070645241611-121, id: 0.08558070645241611-122, id: 0.08558070645241611-123, id: 0.08558070645241611-124, id: 0.08558070645241611-125, id: 0.08558070645241611-126, id: 0.08558070645241611-127, id: 0.08558070645241611-128, id: 0.08558070645241611-129, id: 0.08558070645241611-130, id: 0.08558070645241611-131, id: 0.08558070645241611-132, id: 0.08558070645241611-133, id: 0.08558070645241611-134, id: 0.08558070645241611-135, id: 0.08558070645241611-136, id: 0.08558070645241611-137, id: 0.08558070645241611-138, id: 0.08558070645241611-139, id: 0.08558070645241611-140, id: 0.08558070645241611-141, id: 0.08558070645241611-142, id: 0.08558070645241611-143, id: 0.08558070645241611-144, id: 0.08558070645241611-145, id: 0.08558070645241611-146, id: 0.08558070645241611-147, id: 0.08558070645241611-148, id: 0.08558070645241611-149, id: 0.08558070645241611-150, id: 0.08558070645241611-151, id: 0.08558070645241611-152, id: 0.08558070645241611-153, id: 0.08558070645241611-154, id: 0.08558070645241611-155, id: 0.08558070645241611-156, id: 0.08558070645241611-157, id: 0.08558070645241611-158, id: 0.08558070645241611-159, id: 0.08558070645241611-160, id: 0.08558070645241611-161, id: 0.08558070645241611-162, id: 0.08558070645241611-163, id: 0.08558070645241611-164, id: 0.08558070645241611-165, id: 0.08558070645241611-166, id: 0.08558070645241611-167, id: 0.08558070645241611-168, id: 0.08558070645241611-169, id: 0.08558070645241611-170, id: 0.08558070645241611-171, id: 0.08558070645241611-172, id: 0.08558070645241611-173, id: 0.08558070645241611-174, id: 0.08558070645241611-175, id: 0.08558070645241611-176, id: 0.08558070645241611-177, id: 0.08558070645241611-178, id: 0.08558070645241611-179, id: 0.08558070645241611-180, id: 0.08558070645241611-181, id: 0.08558070645241611-182, id: 0.08558070645241611-183, id: 0.08558070645241611-184, id: 0.08558070645241611-185, id: 0.08558070645241611-186, id: 0.08558070645241611-187, id: 0.08558070645241611-188, id: 0.08558070645241611-189, id: 0.08558070645241611-190, id: 0.08558070645241611-191, id: 0.08558070645241611-192]
[WebDriverCommandLogger] - Executing getElementText element: By.xpath: //div[@id=&apos;c_articlelist_stories_2&apos;]/ul[1]/li/span[2]/span[2] parameters: {&quot;id&quot;:&quot;0.08558070645241611-155&quot;}
[WebDriverCommandLogger] - command: getElementText[ param-1: By.xpath: //div[@id=&apos;c_articlelist_stories_2&apos;]/ul[1]/li/span[2]/span[2] param-2: {&quot;id&quot;:&quot;0.08558070645241611-155&quot;}] Result: getElementText:2 DAYS AGO
[WebDriverCommandLogger] - Executing findElements parameters: {&quot;using&quot;:&quot;xpath&quot;,&quot;value&quot;:&quot;//div[@id=&apos;c_articlelist_stories_2&apos;]/ul[1]/li/span[2]/span[2]&quot;}
[WebDriverCommandLogger] - command: findElements[ param-1: {value=//div[@id=&apos;c_articlelist_stories_2&apos;]/ul[1]/li/span[2]/span[2], using=xpath}] Result: [id: 0.08558070645241611-97, id: 0.08558070645241611-98, id: 0.08558070645241611-99, id: 0.08558070645241611-100, id: 0.08558070645241611-101, id: 0.08558070645241611-102, id: 0.08558070645241611-103, id: 0.08558070645241611-104, id: 0.08558070645241611-105, id: 0.08558070645241611-106, id: 0.08558070645241611-107, id: 0.08558070645241611-108, id: 0.08558070645241611-109, id: 0.08558070645241611-110, id: 0.08558070645241611-111, id: 0.08558070645241611-112, id: 0.08558070645241611-113, id: 0.08558070645241611-114, id: 0.08558070645241611-115, id: 0.08558070645241611-116, id: 0.08558070645241611-117, id: 0.08558070645241611-118, id: 0.08558070645241611-119, id: 0.08558070645241611-120, id: 0.08558070645241611-121, id: 0.08558070645241611-122, id: 0.08558070645241611-123, id: 0.08558070645241611-124, id: 0.08558070645241611-125, id: 0.08558070645241611-126, id: 0.08558070645241611-127, id: 0.08558070645241611-128, id: 0.08558070645241611-129, id: 0.08558070645241611-130, id: 0.08558070645241611-131, id: 0.08558070645241611-132, id: 0.08558070645241611-133, id: 0.08558070645241611-134, id: 0.08558070645241611-135, id: 0.08558070645241611-136, id: 0.08558070645241611-137, id: 0.08558070645241611-138, id: 0.08558070645241611-139, id: 0.08558070645241611-140, id: 0.08558070645241611-141, id: 0.08558070645241611-142, id: 0.08558070645241611-143, id: 0.08558070645241611-144, id: 0.08558070645241611-145, id: 0.08558070645241611-146, id: 0.08558070645241611-147, id: 0.08558070645241611-148, id: 0.08558070645241611-149, id: 0.08558070645241611-150, id: 0.08558070645241611-151, id: 0.08558070645241611-152, id: 0.08558070645241611-153, id: 0.08558070645241611-154, id: 0.08558070645241611-155, id: 0.08558070645241611-156, id: 0.08558070645241611-157, id: 0.08558070645241611-158, id: 0.08558070645241611-159, id: 0.08558070645241611-160, id: 0.08558070645241611-161, id: 0.08558070645241611-162, id: 0.08558070645241611-163, id: 0.08558070645241611-164, id: 0.08558070645241611-165, id: 0.08558070645241611-166, id: 0.08558070645241611-167, id: 0.08558070645241611-168, id: 0.08558070645241611-169, id: 0.08558070645241611-170, id: 0.08558070645241611-171, id: 0.08558070645241611-172, id: 0.08558070645241611-173, id: 0.08558070645241611-174, id: 0.08558070645241611-175, id: 0.08558070645241611-176, id: 0.08558070645241611-177, id: 0.08558070645241611-178, id: 0.08558070645241611-179, id: 0.08558070645241611-180, id: 0.08558070645241611-181, id: 0.08558070645241611-182, id: 0.08558070645241611-183, id: 0.08558070645241611-184, id: 0.08558070645241611-185, id: 0.08558070645241611-186, id: 0.08558070645241611-187, id: 0.08558070645241611-188, id: 0.08558070645241611-189, id: 0.08558070645241611-190, id: 0.08558070645241611-191, id: 0.08558070645241611-192]
[WebDriverCommandLogger] - Executing findElements parameters: {&quot;using&quot;:&quot;xpath&quot;,&quot;value&quot;:&quot;//div[@id=&apos;c_articlelist_stories_2&apos;]/ul[1]/li/span[2]/span[2]&quot;}
[WebDriverCommandLogger] - command: findElements[ param-1: {value=//div[@id=&apos;c_articlelist_stories_2&apos;]/ul[1]/li/span[2]/span[2], using=xpath}] Result: [id: 0.08558070645241611-97, id: 0.08558070645241611-98, id: 0.08558070645241611-99, id: 0.08558070645241611-100, id: 0.08558070645241611-101, id: 0.08558070645241611-102, id: 0.08558070645241611-103, id: 0.08558070645241611-104, id: 0.08558070645241611-105, id: 0.08558070645241611-106, id: 0.08558070645241611-107, id: 0.08558070645241611-108, id: 0.08558070645241611-109, id: 0.08558070645241611-110, id: 0.08558070645241611-111, id: 0.08558070645241611-112, id: 0.08558070645241611-113, id: 0.08558070645241611-114, id: 0.08558070645241611-115, id: 0.08558070645241611-116, id: 0.08558070645241611-117, id: 0.08558070645241611-118, id: 0.08558070645241611-119, id: 0.08558070645241611-120, id: 0.08558070645241611-121, id: 0.08558070645241611-122, id: 0.08558070645241611-123, id: 0.08558070645241611-124, id: 0.08558070645241611-125, id: 0.08558070645241611-126, id: 0.08558070645241611-127, id: 0.08558070645241611-128, id: 0.08558070645241611-129, id: 0.08558070645241611-130, id: 0.08558070645241611-131, id: 0.08558070645241611-132, id: 0.08558070645241611-133, id: 0.08558070645241611-134, id: 0.08558070645241611-135, id: 0.08558070645241611-136, id: 0.08558070645241611-137, id: 0.08558070645241611-138, id: 0.08558070645241611-139, id: 0.08558070645241611-140, id: 0.08558070645241611-141, id: 0.08558070645241611-142, id: 0.08558070645241611-143, id: 0.08558070645241611-144, id: 0.08558070645241611-145, id: 0.08558070645241611-146, id: 0.08558070645241611-147, id: 0.08558070645241611-148, id: 0.08558070645241611-149, id: 0.08558070645241611-150, id: 0.08558070645241611-151, id: 0.08558070645241611-152, id: 0.08558070645241611-153, id: 0.08558070645241611-154, id: 0.08558070645241611-155, id: 0.08558070645241611-156, id: 0.08558070645241611-157, id: 0.08558070645241611-158, id: 0.08558070645241611-159, id: 0.08558070645241611-160, id: 0.08558070645241611-161, id: 0.08558070645241611-162, id: 0.08558070645241611-163, id: 0.08558070645241611-164, id: 0.08558070645241611-165, id: 0.08558070645241611-166, id: 0.08558070645241611-167, id: 0.08558070645241611-168, id: 0.08558070645241611-169, id: 0.08558070645241611-170, id: 0.08558070645241611-171, id: 0.08558070645241611-172, id: 0.08558070645241611-173, id: 0.08558070645241611-174, id: 0.08558070645241611-175, id: 0.08558070645241611-176, id: 0.08558070645241611-177, id: 0.08558070645241611-178, id: 0.08558070645241611-179, id: 0.08558070645241611-180, id: 0.08558070645241611-181, id: 0.08558070645241611-182, id: 0.08558070645241611-183, id: 0.08558070645241611-184, id: 0.08558070645241611-185, id: 0.08558070645241611-186, id: 0.08558070645241611-187, id: 0.08558070645241611-188, id: 0.08558070645241611-189, id: 0.08558070645241611-190, id: 0.08558070645241611-191, id: 0.08558070645241611-192]
[WebDriverCommandLogger] - Executing getElementText element: By.xpath: //div[@id=&apos;c_articlelist_stories_2&apos;]/ul[1]/li/span[2]/span[2] parameters: {&quot;id&quot;:&quot;0.08558070645241611-156&quot;}
[WebDriverCommandLogger] - command: getElementText[ param-1: By.xpath: //div[@id=&apos;c_articlelist_stories_2&apos;]/ul[1]/li/span[2]/span[2] param-2: {&quot;id&quot;:&quot;0.08558070645241611-156&quot;}] Result: getElementText:2 DAYS AGO
[WebDriverCommandLogger] - Executing findElements parameters: {&quot;using&quot;:&quot;xpath&quot;,&quot;value&quot;:&quot;//div[@id=&apos;c_articlelist_stories_2&apos;]/ul[1]/li/span[2]/span[2]&quot;}
[WebDriverCommandLogger] - command: findElements[ param-1: {value=//div[@id=&apos;c_articlelist_stories_2&apos;]/ul[1]/li/span[2]/span[2], using=xpath}] Result: [id: 0.08558070645241611-97, id: 0.08558070645241611-98, id: 0.08558070645241611-99, id: 0.08558070645241611-100, id: 0.08558070645241611-101, id: 0.08558070645241611-102, id: 0.08558070645241611-103, id: 0.08558070645241611-104, id: 0.08558070645241611-105, id: 0.08558070645241611-106, id: 0.08558070645241611-107, id: 0.08558070645241611-108, id: 0.08558070645241611-109, id: 0.08558070645241611-110, id: 0.08558070645241611-111, id: 0.08558070645241611-112, id: 0.08558070645241611-113, id: 0.08558070645241611-114, id: 0.08558070645241611-115, id: 0.08558070645241611-116, id: 0.08558070645241611-117, id: 0.08558070645241611-118, id: 0.08558070645241611-119, id: 0.08558070645241611-120, id: 0.08558070645241611-121, id: 0.08558070645241611-122, id: 0.08558070645241611-123, id: 0.08558070645241611-124, id: 0.08558070645241611-125, id: 0.08558070645241611-126, id: 0.08558070645241611-127, id: 0.08558070645241611-128, id: 0.08558070645241611-129, id: 0.08558070645241611-130, id: 0.08558070645241611-131, id: 0.08558070645241611-132, id: 0.08558070645241611-133, id: 0.08558070645241611-134, id: 0.08558070645241611-135, id: 0.08558070645241611-136, id: 0.08558070645241611-137, id: 0.08558070645241611-138, id: 0.08558070645241611-139, id: 0.08558070645241611-140, id: 0.08558070645241611-141, id: 0.08558070645241611-142, id: 0.08558070645241611-143, id: 0.08558070645241611-144, id: 0.08558070645241611-145, id: 0.08558070645241611-146, id: 0.08558070645241611-147, id: 0.08558070645241611-148, id: 0.08558070645241611-149, id: 0.08558070645241611-150, id: 0.08558070645241611-151, id: 0.08558070645241611-152, id: 0.08558070645241611-153, id: 0.08558070645241611-154, id: 0.08558070645241611-155, id: 0.08558070645241611-156, id: 0.08558070645241611-157, id: 0.08558070645241611-158, id: 0.08558070645241611-159, id: 0.08558070645241611-160, id: 0.08558070645241611-161, id: 0.08558070645241611-162, id: 0.08558070645241611-163, id: 0.08558070645241611-164, id: 0.08558070645241611-165, id: 0.08558070645241611-166, id: 0.08558070645241611-167, id: 0.08558070645241611-168, id: 0.08558070645241611-169, id: 0.08558070645241611-170, id: 0.08558070645241611-171, id: 0.08558070645241611-172, id: 0.08558070645241611-173, id: 0.08558070645241611-174, id: 0.08558070645241611-175, id: 0.08558070645241611-176, id: 0.08558070645241611-177, id: 0.08558070645241611-178, id: 0.08558070645241611-179, id: 0.08558070645241611-180, id: 0.08558070645241611-181, id: 0.08558070645241611-182, id: 0.08558070645241611-183, id: 0.08558070645241611-184, id: 0.08558070645241611-185, id: 0.08558070645241611-186, id: 0.08558070645241611-187, id: 0.08558070645241611-188, id: 0.08558070645241611-189, id: 0.08558070645241611-190, id: 0.08558070645241611-191, id: 0.08558070645241611-192]
[WebDriverCommandLogger] - Executing getElementText element: By.xpath: //div[@id=&apos;c_articlelist_stories_2&apos;]/ul[1]/li/span[2]/span[2] parameters: {&quot;id&quot;:&quot;0.08558070645241611-156&quot;}
[WebDriverCommandLogger] - command: getElementText[ param-1: By.xpath: //div[@id=&apos;c_articlelist_stories_2&apos;]/ul[1]/li/span[2]/span[2] param-2: {&quot;id&quot;:&quot;0.08558070645241611-156&quot;}] Result: getElementText:2 DAYS AGO
[WebDriverCommandLogger] - Executing findElements parameters: {&quot;using&quot;:&quot;xpath&quot;,&quot;value&quot;:&quot;//div[@id=&apos;c_articlelist_stories_2&apos;]/ul[1]/li/span[2]/span[2]&quot;}
[WebDriverCommandLogger] - command: findElements[ param-1: {value=//div[@id=&apos;c_articlelist_stories_2&apos;]/ul[1]/li/span[2]/span[2], using=xpath}] Result: [id: 0.08558070645241611-97, id: 0.08558070645241611-98, id: 0.08558070645241611-99, id: 0.08558070645241611-100, id: 0.08558070645241611-101, id: 0.08558070645241611-102, id: 0.08558070645241611-103, id: 0.08558070645241611-104, id: 0.08558070645241611-105, id: 0.08558070645241611-106, id: 0.08558070645241611-107, id: 0.08558070645241611-108, id: 0.08558070645241611-109, id: 0.08558070645241611-110, id: 0.08558070645241611-111, id: 0.08558070645241611-112, id: 0.08558070645241611-113, id: 0.08558070645241611-114, id: 0.08558070645241611-115, id: 0.08558070645241611-116, id: 0.08558070645241611-117, id: 0.08558070645241611-118, id: 0.08558070645241611-119, id: 0.08558070645241611-120, id: 0.08558070645241611-121, id: 0.08558070645241611-122, id: 0.08558070645241611-123, id: 0.08558070645241611-124, id: 0.08558070645241611-125, id: 0.08558070645241611-126, id: 0.08558070645241611-127, id: 0.08558070645241611-128, id: 0.08558070645241611-129, id: 0.08558070645241611-130, id: 0.08558070645241611-131, id: 0.08558070645241611-132, id: 0.08558070645241611-133, id: 0.08558070645241611-134, id: 0.08558070645241611-135, id: 0.08558070645241611-136, id: 0.08558070645241611-137, id: 0.08558070645241611-138, id: 0.08558070645241611-139, id: 0.08558070645241611-140, id: 0.08558070645241611-141, id: 0.08558070645241611-142, id: 0.08558070645241611-143, id: 0.08558070645241611-144, id: 0.08558070645241611-145, id: 0.08558070645241611-146, id: 0.08558070645241611-147, id: 0.08558070645241611-148, id: 0.08558070645241611-149, id: 0.08558070645241611-150, id: 0.08558070645241611-151, id: 0.08558070645241611-152, id: 0.08558070645241611-153, id: 0.08558070645241611-154, id: 0.08558070645241611-155, id: 0.08558070645241611-156, id: 0.08558070645241611-157, id: 0.08558070645241611-158, id: 0.08558070645241611-159, id: 0.08558070645241611-160, id: 0.08558070645241611-161, id: 0.08558070645241611-162, id: 0.08558070645241611-163, id: 0.08558070645241611-164, id: 0.08558070645241611-165, id: 0.08558070645241611-166, id: 0.08558070645241611-167, id: 0.08558070645241611-168, id: 0.08558070645241611-169, id: 0.08558070645241611-170, id: 0.08558070645241611-171, id: 0.08558070645241611-172, id: 0.08558070645241611-173, id: 0.08558070645241611-174, id: 0.08558070645241611-175, id: 0.08558070645241611-176, id: 0.08558070645241611-177, id: 0.08558070645241611-178, id: 0.08558070645241611-179, id: 0.08558070645241611-180, id: 0.08558070645241611-181, id: 0.08558070645241611-182, id: 0.08558070645241611-183, id: 0.08558070645241611-184, id: 0.08558070645241611-185, id: 0.08558070645241611-186, id: 0.08558070645241611-187, id: 0.08558070645241611-188, id: 0.08558070645241611-189, id: 0.08558070645241611-190, id: 0.08558070645241611-191, id: 0.08558070645241611-192]
[WebDriverCommandLogger] - Executing findElements parameters: {&quot;using&quot;:&quot;xpath&quot;,&quot;value&quot;:&quot;//div[@id=&apos;c_articlelist_stories_2&apos;]/ul[1]/li/span[2]/span[2]&quot;}
[WebDriverCommandLogger] - command: findElements[ param-1: {value=//div[@id=&apos;c_articlelist_stories_2&apos;]/ul[1]/li/span[2]/span[2], using=xpath}] Result: [id: 0.08558070645241611-97, id: 0.08558070645241611-98, id: 0.08558070645241611-99, id: 0.08558070645241611-100, id: 0.08558070645241611-101, id: 0.08558070645241611-102, id: 0.08558070645241611-103, id: 0.08558070645241611-104, id: 0.08558070645241611-105, id: 0.08558070645241611-106, id: 0.08558070645241611-107, id: 0.08558070645241611-108, id: 0.08558070645241611-109, id: 0.08558070645241611-110, id: 0.08558070645241611-111, id: 0.08558070645241611-112, id: 0.08558070645241611-113, id: 0.08558070645241611-114, id: 0.08558070645241611-115, id: 0.08558070645241611-116, id: 0.08558070645241611-117, id: 0.08558070645241611-118, id: 0.08558070645241611-119, id: 0.08558070645241611-120, id: 0.08558070645241611-121, id: 0.08558070645241611-122, id: 0.08558070645241611-123, id: 0.08558070645241611-124, id: 0.08558070645241611-125, id: 0.08558070645241611-126, id: 0.08558070645241611-127, id: 0.08558070645241611-128, id: 0.08558070645241611-129, id: 0.08558070645241611-130, id: 0.08558070645241611-131, id: 0.08558070645241611-132, id: 0.08558070645241611-133, id: 0.08558070645241611-134, id: 0.08558070645241611-135, id: 0.08558070645241611-136, id: 0.08558070645241611-137, id: 0.08558070645241611-138, id: 0.08558070645241611-139, id: 0.08558070645241611-140, id: 0.08558070645241611-141, id: 0.08558070645241611-142, id: 0.08558070645241611-143, id: 0.08558070645241611-144, id: 0.08558070645241611-145, id: 0.08558070645241611-146, id: 0.08558070645241611-147, id: 0.08558070645241611-148, id: 0.08558070645241611-149, id: 0.08558070645241611-150, id: 0.08558070645241611-151, id: 0.08558070645241611-152, id: 0.08558070645241611-153, id: 0.08558070645241611-154, id: 0.08558070645241611-155, id: 0.08558070645241611-156, id: 0.08558070645241611-157, id: 0.08558070645241611-158, id: 0.08558070645241611-159, id: 0.08558070645241611-160, id: 0.08558070645241611-161, id: 0.08558070645241611-162, id: 0.08558070645241611-163, id: 0.08558070645241611-164, id: 0.08558070645241611-165, id: 0.08558070645241611-166, id: 0.08558070645241611-167, id: 0.08558070645241611-168, id: 0.08558070645241611-169, id: 0.08558070645241611-170, id: 0.08558070645241611-171, id: 0.08558070645241611-172, id: 0.08558070645241611-173, id: 0.08558070645241611-174, id: 0.08558070645241611-175, id: 0.08558070645241611-176, id: 0.08558070645241611-177, id: 0.08558070645241611-178, id: 0.08558070645241611-179, id: 0.08558070645241611-180, id: 0.08558070645241611-181, id: 0.08558070645241611-182, id: 0.08558070645241611-183, id: 0.08558070645241611-184, id: 0.08558070645241611-185, id: 0.08558070645241611-186, id: 0.08558070645241611-187, id: 0.08558070645241611-188, id: 0.08558070645241611-189, id: 0.08558070645241611-190, id: 0.08558070645241611-191, id: 0.08558070645241611-192]
[WebDriverCommandLogger] - Executing getElementText element: By.xpath: //div[@id=&apos;c_articlelist_stories_2&apos;]/ul[1]/li/span[2]/span[2] parameters: {&quot;id&quot;:&quot;0.08558070645241611-157&quot;}
[WebDriverCommandLogger] - command: getElementText[ param-1: By.xpath: //div[@id=&apos;c_articlelist_stories_2&apos;]/ul[1]/li/span[2]/span[2] param-2: {&quot;id&quot;:&quot;0.08558070645241611-157&quot;}] Result: getElementText:2 DAYS AGO
[WebDriverCommandLogger] - Executing findElements parameters: {&quot;using&quot;:&quot;xpath&quot;,&quot;value&quot;:&quot;//div[@id=&apos;c_articlelist_stories_2&apos;]/ul[1]/li/span[2]/span[2]&quot;}
[WebDriverCommandLogger] - command: findElements[ param-1: {value=//div[@id=&apos;c_articlelist_stories_2&apos;]/ul[1]/li/span[2]/span[2], using=xpath}] Result: [id: 0.08558070645241611-97, id: 0.08558070645241611-98, id: 0.08558070645241611-99, id: 0.08558070645241611-100, id: 0.08558070645241611-101, id: 0.08558070645241611-102, id: 0.08558070645241611-103, id: 0.08558070645241611-104, id: 0.08558070645241611-105, id: 0.08558070645241611-106, id: 0.08558070645241611-107, id: 0.08558070645241611-108, id: 0.08558070645241611-109, id: 0.08558070645241611-110, id: 0.08558070645241611-111, id: 0.08558070645241611-112, id: 0.08558070645241611-113, id: 0.08558070645241611-114, id: 0.08558070645241611-115, id: 0.08558070645241611-116, id: 0.08558070645241611-117, id: 0.08558070645241611-118, id: 0.08558070645241611-119, id: 0.08558070645241611-120, id: 0.08558070645241611-121, id: 0.08558070645241611-122, id: 0.08558070645241611-123, id: 0.08558070645241611-124, id: 0.08558070645241611-125, id: 0.08558070645241611-126, id: 0.08558070645241611-127, id: 0.08558070645241611-128, id: 0.08558070645241611-129, id: 0.08558070645241611-130, id: 0.08558070645241611-131, id: 0.08558070645241611-132, id: 0.08558070645241611-133, id: 0.08558070645241611-134, id: 0.08558070645241611-135, id: 0.08558070645241611-136, id: 0.08558070645241611-137, id: 0.08558070645241611-138, id: 0.08558070645241611-139, id: 0.08558070645241611-140, id: 0.08558070645241611-141, id: 0.08558070645241611-142, id: 0.08558070645241611-143, id: 0.08558070645241611-144, id: 0.08558070645241611-145, id: 0.08558070645241611-146, id: 0.08558070645241611-147, id: 0.08558070645241611-148, id: 0.08558070645241611-149, id: 0.08558070645241611-150, id: 0.08558070645241611-151, id: 0.08558070645241611-152, id: 0.08558070645241611-153, id: 0.08558070645241611-154, id: 0.08558070645241611-155, id: 0.08558070645241611-156, id: 0.08558070645241611-157, id: 0.08558070645241611-158, id: 0.08558070645241611-159, id: 0.08558070645241611-160, id: 0.08558070645241611-161, id: 0.08558070645241611-162, id: 0.08558070645241611-163, id: 0.08558070645241611-164, id: 0.08558070645241611-165, id: 0.08558070645241611-166, id: 0.08558070645241611-167, id: 0.08558070645241611-168, id: 0.08558070645241611-169, id: 0.08558070645241611-170, id: 0.08558070645241611-171, id: 0.08558070645241611-172, id: 0.08558070645241611-173, id: 0.08558070645241611-174, id: 0.08558070645241611-175, id: 0.08558070645241611-176, id: 0.08558070645241611-177, id: 0.08558070645241611-178, id: 0.08558070645241611-179, id: 0.08558070645241611-180, id: 0.08558070645241611-181, id: 0.08558070645241611-182, id: 0.08558070645241611-183, id: 0.08558070645241611-184, id: 0.08558070645241611-185, id: 0.08558070645241611-186, id: 0.08558070645241611-187, id: 0.08558070645241611-188, id: 0.08558070645241611-189, id: 0.08558070645241611-190, id: 0.08558070645241611-191, id: 0.08558070645241611-192]
[WebDriverCommandLogger] - Executing getElementText element: By.xpath: //div[@id=&apos;c_articlelist_stories_2&apos;]/ul[1]/li/span[2]/span[2] parameters: {&quot;id&quot;:&quot;0.08558070645241611-157&quot;}
[WebDriverCommandLogger] - command: getElementText[ param-1: By.xpath: //div[@id=&apos;c_articlelist_stories_2&apos;]/ul[1]/li/span[2]/span[2] param-2: {&quot;id&quot;:&quot;0.08558070645241611-157&quot;}] Result: getElementText:2 DAYS AGO
[WebDriverCommandLogger] - Executing findElements parameters: {&quot;using&quot;:&quot;xpath&quot;,&quot;value&quot;:&quot;//div[@id=&apos;c_articlelist_stories_2&apos;]/ul[1]/li/span[2]/span[2]&quot;}
[WebDriverCommandLogger] - command: findElements[ param-1: {value=//div[@id=&apos;c_articlelist_stories_2&apos;]/ul[1]/li/span[2]/span[2], using=xpath}] Result: [id: 0.08558070645241611-97, id: 0.08558070645241611-98, id: 0.08558070645241611-99, id: 0.08558070645241611-100, id: 0.08558070645241611-101, id: 0.08558070645241611-102, id: 0.08558070645241611-103, id: 0.08558070645241611-104, id: 0.08558070645241611-105, id: 0.08558070645241611-106, id: 0.08558070645241611-107, id: 0.08558070645241611-108, id: 0.08558070645241611-109, id: 0.08558070645241611-110, id: 0.08558070645241611-111, id: 0.08558070645241611-112, id: 0.08558070645241611-113, id: 0.08558070645241611-114, id: 0.08558070645241611-115, id: 0.08558070645241611-116, id: 0.08558070645241611-117, id: 0.08558070645241611-118, id: 0.08558070645241611-119, id: 0.08558070645241611-120, id: 0.08558070645241611-121, id: 0.08558070645241611-122, id: 0.08558070645241611-123, id: 0.08558070645241611-124, id: 0.08558070645241611-125, id: 0.08558070645241611-126, id: 0.08558070645241611-127, id: 0.08558070645241611-128, id: 0.08558070645241611-129, id: 0.08558070645241611-130, id: 0.08558070645241611-131, id: 0.08558070645241611-132, id: 0.08558070645241611-133, id: 0.08558070645241611-134, id: 0.08558070645241611-135, id: 0.08558070645241611-136, id: 0.08558070645241611-137, id: 0.08558070645241611-138, id: 0.08558070645241611-139, id: 0.08558070645241611-140, id: 0.08558070645241611-141, id: 0.08558070645241611-142, id: 0.08558070645241611-143, id: 0.08558070645241611-144, id: 0.08558070645241611-145, id: 0.08558070645241611-146, id: 0.08558070645241611-147, id: 0.08558070645241611-148, id: 0.08558070645241611-149, id: 0.08558070645241611-150, id: 0.08558070645241611-151, id: 0.08558070645241611-152, id: 0.08558070645241611-153, id: 0.08558070645241611-154, id: 0.08558070645241611-155, id: 0.08558070645241611-156, id: 0.08558070645241611-157, id: 0.08558070645241611-158, id: 0.08558070645241611-159, id: 0.08558070645241611-160, id: 0.08558070645241611-161, id: 0.08558070645241611-162, id: 0.08558070645241611-163, id: 0.08558070645241611-164, id: 0.08558070645241611-165, id: 0.08558070645241611-166, id: 0.08558070645241611-167, id: 0.08558070645241611-168, id: 0.08558070645241611-169, id: 0.08558070645241611-170, id: 0.08558070645241611-171, id: 0.08558070645241611-172, id: 0.08558070645241611-173, id: 0.08558070645241611-174, id: 0.08558070645241611-175, id: 0.08558070645241611-176, id: 0.08558070645241611-177, id: 0.08558070645241611-178, id: 0.08558070645241611-179, id: 0.08558070645241611-180, id: 0.08558070645241611-181, id: 0.08558070645241611-182, id: 0.08558070645241611-183, id: 0.08558070645241611-184, id: 0.08558070645241611-185, id: 0.08558070645241611-186, id: 0.08558070645241611-187, id: 0.08558070645241611-188, id: 0.08558070645241611-189, id: 0.08558070645241611-190, id: 0.08558070645241611-191, id: 0.08558070645241611-192]
[WebDriverCommandLogger] - Executing findElements parameters: {&quot;using&quot;:&quot;xpath&quot;,&quot;value&quot;:&quot;//div[@id=&apos;c_articlelist_stories_2&apos;]/ul[1]/li/span[2]/span[2]&quot;}
[WebDriverCommandLogger] - command: findElements[ param-1: {value=//div[@id=&apos;c_articlelist_stories_2&apos;]/ul[1]/li/span[2]/span[2], using=xpath}] Result: [id: 0.08558070645241611-97, id: 0.08558070645241611-98, id: 0.08558070645241611-99, id: 0.08558070645241611-100, id: 0.08558070645241611-101, id: 0.08558070645241611-102, id: 0.08558070645241611-103, id: 0.08558070645241611-104, id: 0.08558070645241611-105, id: 0.08558070645241611-106, id: 0.08558070645241611-107, id: 0.08558070645241611-108, id: 0.08558070645241611-109, id: 0.08558070645241611-110, id: 0.08558070645241611-111, id: 0.08558070645241611-112, id: 0.08558070645241611-113, id: 0.08558070645241611-114, id: 0.08558070645241611-115, id: 0.08558070645241611-116, id: 0.08558070645241611-117, id: 0.08558070645241611-118, id: 0.08558070645241611-119, id: 0.08558070645241611-120, id: 0.08558070645241611-121, id: 0.08558070645241611-122, id: 0.08558070645241611-123, id: 0.08558070645241611-124, id: 0.08558070645241611-125, id: 0.08558070645241611-126, id: 0.08558070645241611-127, id: 0.08558070645241611-128, id: 0.08558070645241611-129, id: 0.08558070645241611-130, id: 0.08558070645241611-131, id: 0.08558070645241611-132, id: 0.08558070645241611-133, id: 0.08558070645241611-134, id: 0.08558070645241611-135, id: 0.08558070645241611-136, id: 0.08558070645241611-137, id: 0.08558070645241611-138, id: 0.08558070645241611-139, id: 0.08558070645241611-140, id: 0.08558070645241611-141, id: 0.08558070645241611-142, id: 0.08558070645241611-143, id: 0.08558070645241611-144, id: 0.08558070645241611-145, id: 0.08558070645241611-146, id: 0.08558070645241611-147, id: 0.08558070645241611-148, id: 0.08558070645241611-149, id: 0.08558070645241611-150, id: 0.08558070645241611-151, id: 0.08558070645241611-152, id: 0.08558070645241611-153, id: 0.08558070645241611-154, id: 0.08558070645241611-155, id: 0.08558070645241611-156, id: 0.08558070645241611-157, id: 0.08558070645241611-158, id: 0.08558070645241611-159, id: 0.08558070645241611-160, id: 0.08558070645241611-161, id: 0.08558070645241611-162, id: 0.08558070645241611-163, id: 0.08558070645241611-164, id: 0.08558070645241611-165, id: 0.08558070645241611-166, id: 0.08558070645241611-167, id: 0.08558070645241611-168, id: 0.08558070645241611-169, id: 0.08558070645241611-170, id: 0.08558070645241611-171, id: 0.08558070645241611-172, id: 0.08558070645241611-173, id: 0.08558070645241611-174, id: 0.08558070645241611-175, id: 0.08558070645241611-176, id: 0.08558070645241611-177, id: 0.08558070645241611-178, id: 0.08558070645241611-179, id: 0.08558070645241611-180, id: 0.08558070645241611-181, id: 0.08558070645241611-182, id: 0.08558070645241611-183, id: 0.08558070645241611-184, id: 0.08558070645241611-185, id: 0.08558070645241611-186, id: 0.08558070645241611-187, id: 0.08558070645241611-188, id: 0.08558070645241611-189, id: 0.08558070645241611-190, id: 0.08558070645241611-191, id: 0.08558070645241611-192]
[WebDriverCommandLogger] - Executing getElementText element: By.xpath: //div[@id=&apos;c_articlelist_stories_2&apos;]/ul[1]/li/span[2]/span[2] parameters: {&quot;id&quot;:&quot;0.08558070645241611-158&quot;}
[WebDriverCommandLogger] - command: getElementText[ param-1: By.xpath: //div[@id=&apos;c_articlelist_stories_2&apos;]/ul[1]/li/span[2]/span[2] param-2: {&quot;id&quot;:&quot;0.08558070645241611-158&quot;}] Result: getElementText:2 DAYS AGO
[WebDriverCommandLogger] - Executing findElements parameters: {&quot;using&quot;:&quot;xpath&quot;,&quot;value&quot;:&quot;//div[@id=&apos;c_articlelist_stories_2&apos;]/ul[1]/li/span[2]/span[2]&quot;}
[WebDriverCommandLogger] - command: findElements[ param-1: {value=//div[@id=&apos;c_articlelist_stories_2&apos;]/ul[1]/li/span[2]/span[2], using=xpath}] Result: [id: 0.08558070645241611-97, id: 0.08558070645241611-98, id: 0.08558070645241611-99, id: 0.08558070645241611-100, id: 0.08558070645241611-101, id: 0.08558070645241611-102, id: 0.08558070645241611-103, id: 0.08558070645241611-104, id: 0.08558070645241611-105, id: 0.08558070645241611-106, id: 0.08558070645241611-107, id: 0.08558070645241611-108, id: 0.08558070645241611-109, id: 0.08558070645241611-110, id: 0.08558070645241611-111, id: 0.08558070645241611-112, id: 0.08558070645241611-113, id: 0.08558070645241611-114, id: 0.08558070645241611-115, id: 0.08558070645241611-116, id: 0.08558070645241611-117, id: 0.08558070645241611-118, id: 0.08558070645241611-119, id: 0.08558070645241611-120, id: 0.08558070645241611-121, id: 0.08558070645241611-122, id: 0.08558070645241611-123, id: 0.08558070645241611-124, id: 0.08558070645241611-125, id: 0.08558070645241611-126, id: 0.08558070645241611-127, id: 0.08558070645241611-128, id: 0.08558070645241611-129, id: 0.08558070645241611-130, id: 0.08558070645241611-131, id: 0.08558070645241611-132, id: 0.08558070645241611-133, id: 0.08558070645241611-134, id: 0.08558070645241611-135, id: 0.08558070645241611-136, id: 0.08558070645241611-137, id: 0.08558070645241611-138, id: 0.08558070645241611-139, id: 0.08558070645241611-140, id: 0.08558070645241611-141, id: 0.08558070645241611-142, id: 0.08558070645241611-143, id: 0.08558070645241611-144, id: 0.08558070645241611-145, id: 0.08558070645241611-146, id: 0.08558070645241611-147, id: 0.08558070645241611-148, id: 0.08558070645241611-149, id: 0.08558070645241611-150, id: 0.08558070645241611-151, id: 0.08558070645241611-152, id: 0.08558070645241611-153, id: 0.08558070645241611-154, id: 0.08558070645241611-155, id: 0.08558070645241611-156, id: 0.08558070645241611-157, id: 0.08558070645241611-158, id: 0.08558070645241611-159, id: 0.08558070645241611-160, id: 0.08558070645241611-161, id: 0.08558070645241611-162, id: 0.08558070645241611-163, id: 0.08558070645241611-164, id: 0.08558070645241611-165, id: 0.08558070645241611-166, id: 0.08558070645241611-167, id: 0.08558070645241611-168, id: 0.08558070645241611-169, id: 0.08558070645241611-170, id: 0.08558070645241611-171, id: 0.08558070645241611-172, id: 0.08558070645241611-173, id: 0.08558070645241611-174, id: 0.08558070645241611-175, id: 0.08558070645241611-176, id: 0.08558070645241611-177, id: 0.08558070645241611-178, id: 0.08558070645241611-179, id: 0.08558070645241611-180, id: 0.08558070645241611-181, id: 0.08558070645241611-182, id: 0.08558070645241611-183, id: 0.08558070645241611-184, id: 0.08558070645241611-185, id: 0.08558070645241611-186, id: 0.08558070645241611-187, id: 0.08558070645241611-188, id: 0.08558070645241611-189, id: 0.08558070645241611-190, id: 0.08558070645241611-191, id: 0.08558070645241611-192]
[WebDriverCommandLogger] - Executing getElementText element: By.xpath: //div[@id=&apos;c_articlelist_stories_2&apos;]/ul[1]/li/span[2]/span[2] parameters: {&quot;id&quot;:&quot;0.08558070645241611-158&quot;}
[WebDriverCommandLogger] - command: getElementText[ param-1: By.xpath: //div[@id=&apos;c_articlelist_stories_2&apos;]/ul[1]/li/span[2]/span[2] param-2: {&quot;id&quot;:&quot;0.08558070645241611-158&quot;}] Result: getElementText:2 DAYS AGO
[WebDriverCommandLogger] - Executing findElements parameters: {&quot;using&quot;:&quot;xpath&quot;,&quot;value&quot;:&quot;//div[@id=&apos;c_articlelist_stories_2&apos;]/ul[1]/li/span[2]/span[2]&quot;}
[WebDriverCommandLogger] - command: findElements[ param-1: {value=//div[@id=&apos;c_articlelist_stories_2&apos;]/ul[1]/li/span[2]/span[2], using=xpath}] Result: [id: 0.08558070645241611-97, id: 0.08558070645241611-98, id: 0.08558070645241611-99, id: 0.08558070645241611-100, id: 0.08558070645241611-101, id: 0.08558070645241611-102, id: 0.08558070645241611-103, id: 0.08558070645241611-104, id: 0.08558070645241611-105, id: 0.08558070645241611-106, id: 0.08558070645241611-107, id: 0.08558070645241611-108, id: 0.08558070645241611-109, id: 0.08558070645241611-110, id: 0.08558070645241611-111, id: 0.08558070645241611-112, id: 0.08558070645241611-113, id: 0.08558070645241611-114, id: 0.08558070645241611-115, id: 0.08558070645241611-116, id: 0.08558070645241611-117, id: 0.08558070645241611-118, id: 0.08558070645241611-119, id: 0.08558070645241611-120, id: 0.08558070645241611-121, id: 0.08558070645241611-122, id: 0.08558070645241611-123, id: 0.08558070645241611-124, id: 0.08558070645241611-125, id: 0.08558070645241611-126, id: 0.08558070645241611-127, id: 0.08558070645241611-128, id: 0.08558070645241611-129, id: 0.08558070645241611-130, id: 0.08558070645241611-131, id: 0.08558070645241611-132, id: 0.08558070645241611-133, id: 0.08558070645241611-134, id: 0.08558070645241611-135, id: 0.08558070645241611-136, id: 0.08558070645241611-137, id: 0.08558070645241611-138, id: 0.08558070645241611-139, id: 0.08558070645241611-140, id: 0.08558070645241611-141, id: 0.08558070645241611-142, id: 0.08558070645241611-143, id: 0.08558070645241611-144, id: 0.08558070645241611-145, id: 0.08558070645241611-146, id: 0.08558070645241611-147, id: 0.08558070645241611-148, id: 0.08558070645241611-149, id: 0.08558070645241611-150, id: 0.08558070645241611-151, id: 0.08558070645241611-152, id: 0.08558070645241611-153, id: 0.08558070645241611-154, id: 0.08558070645241611-155, id: 0.08558070645241611-156, id: 0.08558070645241611-157, id: 0.08558070645241611-158, id: 0.08558070645241611-159, id: 0.08558070645241611-160, id: 0.08558070645241611-161, id: 0.08558070645241611-162, id: 0.08558070645241611-163, id: 0.08558070645241611-164, id: 0.08558070645241611-165, id: 0.08558070645241611-166, id: 0.08558070645241611-167, id: 0.08558070645241611-168, id: 0.08558070645241611-169, id: 0.08558070645241611-170, id: 0.08558070645241611-171, id: 0.08558070645241611-172, id: 0.08558070645241611-173, id: 0.08558070645241611-174, id: 0.08558070645241611-175, id: 0.08558070645241611-176, id: 0.08558070645241611-177, id: 0.08558070645241611-178, id: 0.08558070645241611-179, id: 0.08558070645241611-180, id: 0.08558070645241611-181, id: 0.08558070645241611-182, id: 0.08558070645241611-183, id: 0.08558070645241611-184, id: 0.08558070645241611-185, id: 0.08558070645241611-186, id: 0.08558070645241611-187, id: 0.08558070645241611-188, id: 0.08558070645241611-189, id: 0.08558070645241611-190, id: 0.08558070645241611-191, id: 0.08558070645241611-192]
[WebDriverCommandLogger] - Executing findElements parameters: {&quot;using&quot;:&quot;xpath&quot;,&quot;value&quot;:&quot;//div[@id=&apos;c_articlelist_stories_2&apos;]/ul[1]/li/span[2]/span[2]&quot;}
[WebDriverCommandLogger] - command: findElements[ param-1: {value=//div[@id=&apos;c_articlelist_stories_2&apos;]/ul[1]/li/span[2]/span[2], using=xpath}] Result: [id: 0.08558070645241611-97, id: 0.08558070645241611-98, id: 0.08558070645241611-99, id: 0.08558070645241611-100, id: 0.08558070645241611-101, id: 0.08558070645241611-102, id: 0.08558070645241611-103, id: 0.08558070645241611-104, id: 0.08558070645241611-105, id: 0.08558070645241611-106, id: 0.08558070645241611-107, id: 0.08558070645241611-108, id: 0.08558070645241611-109, id: 0.08558070645241611-110, id: 0.08558070645241611-111, id: 0.08558070645241611-112, id: 0.08558070645241611-113, id: 0.08558070645241611-114, id: 0.08558070645241611-115, id: 0.08558070645241611-116, id: 0.08558070645241611-117, id: 0.08558070645241611-118, id: 0.08558070645241611-119, id: 0.08558070645241611-120, id: 0.08558070645241611-121, id: 0.08558070645241611-122, id: 0.08558070645241611-123, id: 0.08558070645241611-124, id: 0.08558070645241611-125, id: 0.08558070645241611-126, id: 0.08558070645241611-127, id: 0.08558070645241611-128, id: 0.08558070645241611-129, id: 0.08558070645241611-130, id: 0.08558070645241611-131, id: 0.08558070645241611-132, id: 0.08558070645241611-133, id: 0.08558070645241611-134, id: 0.08558070645241611-135, id: 0.08558070645241611-136, id: 0.08558070645241611-137, id: 0.08558070645241611-138, id: 0.08558070645241611-139, id: 0.08558070645241611-140, id: 0.08558070645241611-141, id: 0.08558070645241611-142, id: 0.08558070645241611-143, id: 0.08558070645241611-144, id: 0.08558070645241611-145, id: 0.08558070645241611-146, id: 0.08558070645241611-147, id: 0.08558070645241611-148, id: 0.08558070645241611-149, id: 0.08558070645241611-150, id: 0.08558070645241611-151, id: 0.08558070645241611-152, id: 0.08558070645241611-153, id: 0.08558070645241611-154, id: 0.08558070645241611-155, id: 0.08558070645241611-156, id: 0.08558070645241611-157, id: 0.08558070645241611-158, id: 0.08558070645241611-159, id: 0.08558070645241611-160, id: 0.08558070645241611-161, id: 0.08558070645241611-162, id: 0.08558070645241611-163, id: 0.08558070645241611-164, id: 0.08558070645241611-165, id: 0.08558070645241611-166, id: 0.08558070645241611-167, id: 0.08558070645241611-168, id: 0.08558070645241611-169, id: 0.08558070645241611-170, id: 0.08558070645241611-171, id: 0.08558070645241611-172, id: 0.08558070645241611-173, id: 0.08558070645241611-174, id: 0.08558070645241611-175, id: 0.08558070645241611-176, id: 0.08558070645241611-177, id: 0.08558070645241611-178, id: 0.08558070645241611-179, id: 0.08558070645241611-180, id: 0.08558070645241611-181, id: 0.08558070645241611-182, id: 0.08558070645241611-183, id: 0.08558070645241611-184, id: 0.08558070645241611-185, id: 0.08558070645241611-186, id: 0.08558070645241611-187, id: 0.08558070645241611-188, id: 0.08558070645241611-189, id: 0.08558070645241611-190, id: 0.08558070645241611-191, id: 0.08558070645241611-192]
[WebDriverCommandLogger] - Executing getElementText element: By.xpath: //div[@id=&apos;c_articlelist_stories_2&apos;]/ul[1]/li/span[2]/span[2] parameters: {&quot;id&quot;:&quot;0.08558070645241611-159&quot;}
[WebDriverCommandLogger] - command: getElementText[ param-1: By.xpath: //div[@id=&apos;c_articlelist_stories_2&apos;]/ul[1]/li/span[2]/span[2] param-2: {&quot;id&quot;:&quot;0.08558070645241611-159&quot;}] Result: getElementText:2 DAYS AGO
[WebDriverCommandLogger] - Executing findElements parameters: {&quot;using&quot;:&quot;xpath&quot;,&quot;value&quot;:&quot;//div[@id=&apos;c_articlelist_stories_2&apos;]/ul[1]/li/span[2]/span[2]&quot;}
[WebDriverCommandLogger] - command: findElements[ param-1: {value=//div[@id=&apos;c_articlelist_stories_2&apos;]/ul[1]/li/span[2]/span[2], using=xpath}] Result: [id: 0.08558070645241611-97, id: 0.08558070645241611-98, id: 0.08558070645241611-99, id: 0.08558070645241611-100, id: 0.08558070645241611-101, id: 0.08558070645241611-102, id: 0.08558070645241611-103, id: 0.08558070645241611-104, id: 0.08558070645241611-105, id: 0.08558070645241611-106, id: 0.08558070645241611-107, id: 0.08558070645241611-108, id: 0.08558070645241611-109, id: 0.08558070645241611-110, id: 0.08558070645241611-111, id: 0.08558070645241611-112, id: 0.08558070645241611-113, id: 0.08558070645241611-114, id: 0.08558070645241611-115, id: 0.08558070645241611-116, id: 0.08558070645241611-117, id: 0.08558070645241611-118, id: 0.08558070645241611-119, id: 0.08558070645241611-120, id: 0.08558070645241611-121, id: 0.08558070645241611-122, id: 0.08558070645241611-123, id: 0.08558070645241611-124, id: 0.08558070645241611-125, id: 0.08558070645241611-126, id: 0.08558070645241611-127, id: 0.08558070645241611-128, id: 0.08558070645241611-129, id: 0.08558070645241611-130, id: 0.08558070645241611-131, id: 0.08558070645241611-132, id: 0.08558070645241611-133, id: 0.08558070645241611-134, id: 0.08558070645241611-135, id: 0.08558070645241611-136, id: 0.08558070645241611-137, id: 0.08558070645241611-138, id: 0.08558070645241611-139, id: 0.08558070645241611-140, id: 0.08558070645241611-141, id: 0.08558070645241611-142, id: 0.08558070645241611-143, id: 0.08558070645241611-144, id: 0.08558070645241611-145, id: 0.08558070645241611-146, id: 0.08558070645241611-147, id: 0.08558070645241611-148, id: 0.08558070645241611-149, id: 0.08558070645241611-150, id: 0.08558070645241611-151, id: 0.08558070645241611-152, id: 0.08558070645241611-153, id: 0.08558070645241611-154, id: 0.08558070645241611-155, id: 0.08558070645241611-156, id: 0.08558070645241611-157, id: 0.08558070645241611-158, id: 0.08558070645241611-159, id: 0.08558070645241611-160, id: 0.08558070645241611-161, id: 0.08558070645241611-162, id: 0.08558070645241611-163, id: 0.08558070645241611-164, id: 0.08558070645241611-165, id: 0.08558070645241611-166, id: 0.08558070645241611-167, id: 0.08558070645241611-168, id: 0.08558070645241611-169, id: 0.08558070645241611-170, id: 0.08558070645241611-171, id: 0.08558070645241611-172, id: 0.08558070645241611-173, id: 0.08558070645241611-174, id: 0.08558070645241611-175, id: 0.08558070645241611-176, id: 0.08558070645241611-177, id: 0.08558070645241611-178, id: 0.08558070645241611-179, id: 0.08558070645241611-180, id: 0.08558070645241611-181, id: 0.08558070645241611-182, id: 0.08558070645241611-183, id: 0.08558070645241611-184, id: 0.08558070645241611-185, id: 0.08558070645241611-186, id: 0.08558070645241611-187, id: 0.08558070645241611-188, id: 0.08558070645241611-189, id: 0.08558070645241611-190, id: 0.08558070645241611-191, id: 0.08558070645241611-192]
[WebDriverCommandLogger] - Executing getElementText element: By.xpath: //div[@id=&apos;c_articlelist_stories_2&apos;]/ul[1]/li/span[2]/span[2] parameters: {&quot;id&quot;:&quot;0.08558070645241611-159&quot;}
[WebDriverCommandLogger] - command: getElementText[ param-1: By.xpath: //div[@id=&apos;c_articlelist_stories_2&apos;]/ul[1]/li/span[2]/span[2] param-2: {&quot;id&quot;:&quot;0.08558070645241611-159&quot;}] Result: getElementText:2 DAYS AGO
[WebDriverCommandLogger] - Executing findElements parameters: {&quot;using&quot;:&quot;xpath&quot;,&quot;value&quot;:&quot;//div[@id=&apos;c_articlelist_stories_2&apos;]/ul[1]/li/span[2]/span[2]&quot;}
[WebDriverCommandLogger] - command: findElements[ param-1: {value=//div[@id=&apos;c_articlelist_stories_2&apos;]/ul[1]/li/span[2]/span[2], using=xpath}] Result: [id: 0.08558070645241611-97, id: 0.08558070645241611-98, id: 0.08558070645241611-99, id: 0.08558070645241611-100, id: 0.08558070645241611-101, id: 0.08558070645241611-102, id: 0.08558070645241611-103, id: 0.08558070645241611-104, id: 0.08558070645241611-105, id: 0.08558070645241611-106, id: 0.08558070645241611-107, id: 0.08558070645241611-108, id: 0.08558070645241611-109, id: 0.08558070645241611-110, id: 0.08558070645241611-111, id: 0.08558070645241611-112, id: 0.08558070645241611-113, id: 0.08558070645241611-114, id: 0.08558070645241611-115, id: 0.08558070645241611-116, id: 0.08558070645241611-117, id: 0.08558070645241611-118, id: 0.08558070645241611-119, id: 0.08558070645241611-120, id: 0.08558070645241611-121, id: 0.08558070645241611-122, id: 0.08558070645241611-123, id: 0.08558070645241611-124, id: 0.08558070645241611-125, id: 0.08558070645241611-126, id: 0.08558070645241611-127, id: 0.08558070645241611-128, id: 0.08558070645241611-129, id: 0.08558070645241611-130, id: 0.08558070645241611-131, id: 0.08558070645241611-132, id: 0.08558070645241611-133, id: 0.08558070645241611-134, id: 0.08558070645241611-135, id: 0.08558070645241611-136, id: 0.08558070645241611-137, id: 0.08558070645241611-138, id: 0.08558070645241611-139, id: 0.08558070645241611-140, id: 0.08558070645241611-141, id: 0.08558070645241611-142, id: 0.08558070645241611-143, id: 0.08558070645241611-144, id: 0.08558070645241611-145, id: 0.08558070645241611-146, id: 0.08558070645241611-147, id: 0.08558070645241611-148, id: 0.08558070645241611-149, id: 0.08558070645241611-150, id: 0.08558070645241611-151, id: 0.08558070645241611-152, id: 0.08558070645241611-153, id: 0.08558070645241611-154, id: 0.08558070645241611-155, id: 0.08558070645241611-156, id: 0.08558070645241611-157, id: 0.08558070645241611-158, id: 0.08558070645241611-159, id: 0.08558070645241611-160, id: 0.08558070645241611-161, id: 0.08558070645241611-162, id: 0.08558070645241611-163, id: 0.08558070645241611-164, id: 0.08558070645241611-165, id: 0.08558070645241611-166, id: 0.08558070645241611-167, id: 0.08558070645241611-168, id: 0.08558070645241611-169, id: 0.08558070645241611-170, id: 0.08558070645241611-171, id: 0.08558070645241611-172, id: 0.08558070645241611-173, id: 0.08558070645241611-174, id: 0.08558070645241611-175, id: 0.08558070645241611-176, id: 0.08558070645241611-177, id: 0.08558070645241611-178, id: 0.08558070645241611-179, id: 0.08558070645241611-180, id: 0.08558070645241611-181, id: 0.08558070645241611-182, id: 0.08558070645241611-183, id: 0.08558070645241611-184, id: 0.08558070645241611-185, id: 0.08558070645241611-186, id: 0.08558070645241611-187, id: 0.08558070645241611-188, id: 0.08558070645241611-189, id: 0.08558070645241611-190, id: 0.08558070645241611-191, id: 0.08558070645241611-192]
[WebDriverCommandLogger] - Executing findElements parameters: {&quot;using&quot;:&quot;xpath&quot;,&quot;value&quot;:&quot;//div[@id=&apos;c_articlelist_stories_2&apos;]/ul[1]/li/span[2]/span[2]&quot;}
[WebDriverCommandLogger] - command: findElements[ param-1: {value=//div[@id=&apos;c_articlelist_stories_2&apos;]/ul[1]/li/span[2]/span[2], using=xpath}] Result: [id: 0.08558070645241611-97, id: 0.08558070645241611-98, id: 0.08558070645241611-99, id: 0.08558070645241611-100, id: 0.08558070645241611-101, id: 0.08558070645241611-102, id: 0.08558070645241611-103, id: 0.08558070645241611-104, id: 0.08558070645241611-105, id: 0.08558070645241611-106, id: 0.08558070645241611-107, id: 0.08558070645241611-108, id: 0.08558070645241611-109, id: 0.08558070645241611-110, id: 0.08558070645241611-111, id: 0.08558070645241611-112, id: 0.08558070645241611-113, id: 0.08558070645241611-114, id: 0.08558070645241611-115, id: 0.08558070645241611-116, id: 0.08558070645241611-117, id: 0.08558070645241611-118, id: 0.08558070645241611-119, id: 0.08558070645241611-120, id: 0.08558070645241611-121, id: 0.08558070645241611-122, id: 0.08558070645241611-123, id: 0.08558070645241611-124, id: 0.08558070645241611-125, id: 0.08558070645241611-126, id: 0.08558070645241611-127, id: 0.08558070645241611-128, id: 0.08558070645241611-129, id: 0.08558070645241611-130, id: 0.08558070645241611-131, id: 0.08558070645241611-132, id: 0.08558070645241611-133, id: 0.08558070645241611-134, id: 0.08558070645241611-135, id: 0.08558070645241611-136, id: 0.08558070645241611-137, id: 0.08558070645241611-138, id: 0.08558070645241611-139, id: 0.08558070645241611-140, id: 0.08558070645241611-141, id: 0.08558070645241611-142, id: 0.08558070645241611-143, id: 0.08558070645241611-144, id: 0.08558070645241611-145, id: 0.08558070645241611-146, id: 0.08558070645241611-147, id: 0.08558070645241611-148, id: 0.08558070645241611-149, id: 0.08558070645241611-150, id: 0.08558070645241611-151, id: 0.08558070645241611-152, id: 0.08558070645241611-153, id: 0.08558070645241611-154, id: 0.08558070645241611-155, id: 0.08558070645241611-156, id: 0.08558070645241611-157, id: 0.08558070645241611-158, id: 0.08558070645241611-159, id: 0.08558070645241611-160, id: 0.08558070645241611-161, id: 0.08558070645241611-162, id: 0.08558070645241611-163, id: 0.08558070645241611-164, id: 0.08558070645241611-165, id: 0.08558070645241611-166, id: 0.08558070645241611-167, id: 0.08558070645241611-168, id: 0.08558070645241611-169, id: 0.08558070645241611-170, id: 0.08558070645241611-171, id: 0.08558070645241611-172, id: 0.08558070645241611-173, id: 0.08558070645241611-174, id: 0.08558070645241611-175, id: 0.08558070645241611-176, id: 0.08558070645241611-177, id: 0.08558070645241611-178, id: 0.08558070645241611-179, id: 0.08558070645241611-180, id: 0.08558070645241611-181, id: 0.08558070645241611-182, id: 0.08558070645241611-183, id: 0.08558070645241611-184, id: 0.08558070645241611-185, id: 0.08558070645241611-186, id: 0.08558070645241611-187, id: 0.08558070645241611-188, id: 0.08558070645241611-189, id: 0.08558070645241611-190, id: 0.08558070645241611-191, id: 0.08558070645241611-192]
[WebDriverCommandLogger] - Executing getElementText element: By.xpath: //div[@id=&apos;c_articlelist_stories_2&apos;]/ul[1]/li/span[2]/span[2] parameters: {&quot;id&quot;:&quot;0.08558070645241611-160&quot;}
[WebDriverCommandLogger] - command: getElementText[ param-1: By.xpath: //div[@id=&apos;c_articlelist_stories_2&apos;]/ul[1]/li/span[2]/span[2] param-2: {&quot;id&quot;:&quot;0.08558070645241611-160&quot;}] Result: getElementText:2 DAYS AGO
[WebDriverCommandLogger] - Executing findElements parameters: {&quot;using&quot;:&quot;xpath&quot;,&quot;value&quot;:&quot;//div[@id=&apos;c_articlelist_stories_2&apos;]/ul[1]/li/span[2]/span[2]&quot;}
[WebDriverCommandLogger] - command: findElements[ param-1: {value=//div[@id=&apos;c_articlelist_stories_2&apos;]/ul[1]/li/span[2]/span[2], using=xpath}] Result: [id: 0.08558070645241611-97, id: 0.08558070645241611-98, id: 0.08558070645241611-99, id: 0.08558070645241611-100, id: 0.08558070645241611-101, id: 0.08558070645241611-102, id: 0.08558070645241611-103, id: 0.08558070645241611-104, id: 0.08558070645241611-105, id: 0.08558070645241611-106, id: 0.08558070645241611-107, id: 0.08558070645241611-108, id: 0.08558070645241611-109, id: 0.08558070645241611-110, id: 0.08558070645241611-111, id: 0.08558070645241611-112, id: 0.08558070645241611-113, id: 0.08558070645241611-114, id: 0.08558070645241611-115, id: 0.08558070645241611-116, id: 0.08558070645241611-117, id: 0.08558070645241611-118, id: 0.08558070645241611-119, id: 0.08558070645241611-120, id: 0.08558070645241611-121, id: 0.08558070645241611-122, id: 0.08558070645241611-123, id: 0.08558070645241611-124, id: 0.08558070645241611-125, id: 0.08558070645241611-126, id: 0.08558070645241611-127, id: 0.08558070645241611-128, id: 0.08558070645241611-129, id: 0.08558070645241611-130, id: 0.08558070645241611-131, id: 0.08558070645241611-132, id: 0.08558070645241611-133, id: 0.08558070645241611-134, id: 0.08558070645241611-135, id: 0.08558070645241611-136, id: 0.08558070645241611-137, id: 0.08558070645241611-138, id: 0.08558070645241611-139, id: 0.08558070645241611-140, id: 0.08558070645241611-141, id: 0.08558070645241611-142, id: 0.08558070645241611-143, id: 0.08558070645241611-144, id: 0.08558070645241611-145, id: 0.08558070645241611-146, id: 0.08558070645241611-147, id: 0.08558070645241611-148, id: 0.08558070645241611-149, id: 0.08558070645241611-150, id: 0.08558070645241611-151, id: 0.08558070645241611-152, id: 0.08558070645241611-153, id: 0.08558070645241611-154, id: 0.08558070645241611-155, id: 0.08558070645241611-156, id: 0.08558070645241611-157, id: 0.08558070645241611-158, id: 0.08558070645241611-159, id: 0.08558070645241611-160, id: 0.08558070645241611-161, id: 0.08558070645241611-162, id: 0.08558070645241611-163, id: 0.08558070645241611-164, id: 0.08558070645241611-165, id: 0.08558070645241611-166, id: 0.08558070645241611-167, id: 0.08558070645241611-168, id: 0.08558070645241611-169, id: 0.08558070645241611-170, id: 0.08558070645241611-171, id: 0.08558070645241611-172, id: 0.08558070645241611-173, id: 0.08558070645241611-174, id: 0.08558070645241611-175, id: 0.08558070645241611-176, id: 0.08558070645241611-177, id: 0.08558070645241611-178, id: 0.08558070645241611-179, id: 0.08558070645241611-180, id: 0.08558070645241611-181, id: 0.08558070645241611-182, id: 0.08558070645241611-183, id: 0.08558070645241611-184, id: 0.08558070645241611-185, id: 0.08558070645241611-186, id: 0.08558070645241611-187, id: 0.08558070645241611-188, id: 0.08558070645241611-189, id: 0.08558070645241611-190, id: 0.08558070645241611-191, id: 0.08558070645241611-192]
[WebDriverCommandLogger] - Executing getElementText element: By.xpath: //div[@id=&apos;c_articlelist_stories_2&apos;]/ul[1]/li/span[2]/span[2] parameters: {&quot;id&quot;:&quot;0.08558070645241611-160&quot;}
[WebDriverCommandLogger] - command: getElementText[ param-1: By.xpath: //div[@id=&apos;c_articlelist_stories_2&apos;]/ul[1]/li/span[2]/span[2] param-2: {&quot;id&quot;:&quot;0.08558070645241611-160&quot;}] Result: getElementText:2 DAYS AGO
[WebDriverCommandLogger] - Executing findElements parameters: {&quot;using&quot;:&quot;xpath&quot;,&quot;value&quot;:&quot;//div[@id=&apos;c_articlelist_stories_2&apos;]/ul[1]/li/span[2]/span[2]&quot;}
[WebDriverCommandLogger] - command: findElements[ param-1: {value=//div[@id=&apos;c_articlelist_stories_2&apos;]/ul[1]/li/span[2]/span[2], using=xpath}] Result: [id: 0.08558070645241611-97, id: 0.08558070645241611-98, id: 0.08558070645241611-99, id: 0.08558070645241611-100, id: 0.08558070645241611-101, id: 0.08558070645241611-102, id: 0.08558070645241611-103, id: 0.08558070645241611-104, id: 0.08558070645241611-105, id: 0.08558070645241611-106, id: 0.08558070645241611-107, id: 0.08558070645241611-108, id: 0.08558070645241611-109, id: 0.08558070645241611-110, id: 0.08558070645241611-111, id: 0.08558070645241611-112, id: 0.08558070645241611-113, id: 0.08558070645241611-114, id: 0.08558070645241611-115, id: 0.08558070645241611-116, id: 0.08558070645241611-117, id: 0.08558070645241611-118, id: 0.08558070645241611-119, id: 0.08558070645241611-120, id: 0.08558070645241611-121, id: 0.08558070645241611-122, id: 0.08558070645241611-123, id: 0.08558070645241611-124, id: 0.08558070645241611-125, id: 0.08558070645241611-126, id: 0.08558070645241611-127, id: 0.08558070645241611-128, id: 0.08558070645241611-129, id: 0.08558070645241611-130, id: 0.08558070645241611-131, id: 0.08558070645241611-132, id: 0.08558070645241611-133, id: 0.08558070645241611-134, id: 0.08558070645241611-135, id: 0.08558070645241611-136, id: 0.08558070645241611-137, id: 0.08558070645241611-138, id: 0.08558070645241611-139, id: 0.08558070645241611-140, id: 0.08558070645241611-141, id: 0.08558070645241611-142, id: 0.08558070645241611-143, id: 0.08558070645241611-144, id: 0.08558070645241611-145, id: 0.08558070645241611-146, id: 0.08558070645241611-147, id: 0.08558070645241611-148, id: 0.08558070645241611-149, id: 0.08558070645241611-150, id: 0.08558070645241611-151, id: 0.08558070645241611-152, id: 0.08558070645241611-153, id: 0.08558070645241611-154, id: 0.08558070645241611-155, id: 0.08558070645241611-156, id: 0.08558070645241611-157, id: 0.08558070645241611-158, id: 0.08558070645241611-159, id: 0.08558070645241611-160, id: 0.08558070645241611-161, id: 0.08558070645241611-162, id: 0.08558070645241611-163, id: 0.08558070645241611-164, id: 0.08558070645241611-165, id: 0.08558070645241611-166, id: 0.08558070645241611-167, id: 0.08558070645241611-168, id: 0.08558070645241611-169, id: 0.08558070645241611-170, id: 0.08558070645241611-171, id: 0.08558070645241611-172, id: 0.08558070645241611-173, id: 0.08558070645241611-174, id: 0.08558070645241611-175, id: 0.08558070645241611-176, id: 0.08558070645241611-177, id: 0.08558070645241611-178, id: 0.08558070645241611-179, id: 0.08558070645241611-180, id: 0.08558070645241611-181, id: 0.08558070645241611-182, id: 0.08558070645241611-183, id: 0.08558070645241611-184, id: 0.08558070645241611-185, id: 0.08558070645241611-186, id: 0.08558070645241611-187, id: 0.08558070645241611-188, id: 0.08558070645241611-189, id: 0.08558070645241611-190, id: 0.08558070645241611-191, id: 0.08558070645241611-192]
[WebDriverCommandLogger] - Executing findElements parameters: {&quot;using&quot;:&quot;xpath&quot;,&quot;value&quot;:&quot;//div[@id=&apos;c_articlelist_stories_2&apos;]/ul[1]/li/span[2]/span[2]&quot;}
[WebDriverCommandLogger] - command: findElements[ param-1: {value=//div[@id=&apos;c_articlelist_stories_2&apos;]/ul[1]/li/span[2]/span[2], using=xpath}] Result: [id: 0.08558070645241611-97, id: 0.08558070645241611-98, id: 0.08558070645241611-99, id: 0.08558070645241611-100, id: 0.08558070645241611-101, id: 0.08558070645241611-102, id: 0.08558070645241611-103, id: 0.08558070645241611-104, id: 0.08558070645241611-105, id: 0.08558070645241611-106, id: 0.08558070645241611-107, id: 0.08558070645241611-108, id: 0.08558070645241611-109, id: 0.08558070645241611-110, id: 0.08558070645241611-111, id: 0.08558070645241611-112, id: 0.08558070645241611-113, id: 0.08558070645241611-114, id: 0.08558070645241611-115, id: 0.08558070645241611-116, id: 0.08558070645241611-117, id: 0.08558070645241611-118, id: 0.08558070645241611-119, id: 0.08558070645241611-120, id: 0.08558070645241611-121, id: 0.08558070645241611-122, id: 0.08558070645241611-123, id: 0.08558070645241611-124, id: 0.08558070645241611-125, id: 0.08558070645241611-126, id: 0.08558070645241611-127, id: 0.08558070645241611-128, id: 0.08558070645241611-129, id: 0.08558070645241611-130, id: 0.08558070645241611-131, id: 0.08558070645241611-132, id: 0.08558070645241611-133, id: 0.08558070645241611-134, id: 0.08558070645241611-135, id: 0.08558070645241611-136, id: 0.08558070645241611-137, id: 0.08558070645241611-138, id: 0.08558070645241611-139, id: 0.08558070645241611-140, id: 0.08558070645241611-141, id: 0.08558070645241611-142, id: 0.08558070645241611-143, id: 0.08558070645241611-144, id: 0.08558070645241611-145, id: 0.08558070645241611-146, id: 0.08558070645241611-147, id: 0.08558070645241611-148, id: 0.08558070645241611-149, id: 0.08558070645241611-150, id: 0.08558070645241611-151, id: 0.08558070645241611-152, id: 0.08558070645241611-153, id: 0.08558070645241611-154, id: 0.08558070645241611-155, id: 0.08558070645241611-156, id: 0.08558070645241611-157, id: 0.08558070645241611-158, id: 0.08558070645241611-159, id: 0.08558070645241611-160, id: 0.08558070645241611-161, id: 0.08558070645241611-162, id: 0.08558070645241611-163, id: 0.08558070645241611-164, id: 0.08558070645241611-165, id: 0.08558070645241611-166, id: 0.08558070645241611-167, id: 0.08558070645241611-168, id: 0.08558070645241611-169, id: 0.08558070645241611-170, id: 0.08558070645241611-171, id: 0.08558070645241611-172, id: 0.08558070645241611-173, id: 0.08558070645241611-174, id: 0.08558070645241611-175, id: 0.08558070645241611-176, id: 0.08558070645241611-177, id: 0.08558070645241611-178, id: 0.08558070645241611-179, id: 0.08558070645241611-180, id: 0.08558070645241611-181, id: 0.08558070645241611-182, id: 0.08558070645241611-183, id: 0.08558070645241611-184, id: 0.08558070645241611-185, id: 0.08558070645241611-186, id: 0.08558070645241611-187, id: 0.08558070645241611-188, id: 0.08558070645241611-189, id: 0.08558070645241611-190, id: 0.08558070645241611-191, id: 0.08558070645241611-192]
[WebDriverCommandLogger] - Executing getElementText element: By.xpath: //div[@id=&apos;c_articlelist_stories_2&apos;]/ul[1]/li/span[2]/span[2] parameters: {&quot;id&quot;:&quot;0.08558070645241611-161&quot;}
[WebDriverCommandLogger] - command: getElementText[ param-1: By.xpath: //div[@id=&apos;c_articlelist_stories_2&apos;]/ul[1]/li/span[2]/span[2] param-2: {&quot;id&quot;:&quot;0.08558070645241611-161&quot;}] Result: getElementText:2 DAYS AGO
[WebDriverCommandLogger] - Executing findElements parameters: {&quot;using&quot;:&quot;xpath&quot;,&quot;value&quot;:&quot;//div[@id=&apos;c_articlelist_stories_2&apos;]/ul[1]/li/span[2]/span[2]&quot;}
[WebDriverCommandLogger] - command: findElements[ param-1: {value=//div[@id=&apos;c_articlelist_stories_2&apos;]/ul[1]/li/span[2]/span[2], using=xpath}] Result: [id: 0.08558070645241611-97, id: 0.08558070645241611-98, id: 0.08558070645241611-99, id: 0.08558070645241611-100, id: 0.08558070645241611-101, id: 0.08558070645241611-102, id: 0.08558070645241611-103, id: 0.08558070645241611-104, id: 0.08558070645241611-105, id: 0.08558070645241611-106, id: 0.08558070645241611-107, id: 0.08558070645241611-108, id: 0.08558070645241611-109, id: 0.08558070645241611-110, id: 0.08558070645241611-111, id: 0.08558070645241611-112, id: 0.08558070645241611-113, id: 0.08558070645241611-114, id: 0.08558070645241611-115, id: 0.08558070645241611-116, id: 0.08558070645241611-117, id: 0.08558070645241611-118, id: 0.08558070645241611-119, id: 0.08558070645241611-120, id: 0.08558070645241611-121, id: 0.08558070645241611-122, id: 0.08558070645241611-123, id: 0.08558070645241611-124, id: 0.08558070645241611-125, id: 0.08558070645241611-126, id: 0.08558070645241611-127, id: 0.08558070645241611-128, id: 0.08558070645241611-129, id: 0.08558070645241611-130, id: 0.08558070645241611-131, id: 0.08558070645241611-132, id: 0.08558070645241611-133, id: 0.08558070645241611-134, id: 0.08558070645241611-135, id: 0.08558070645241611-136, id: 0.08558070645241611-137, id: 0.08558070645241611-138, id: 0.08558070645241611-139, id: 0.08558070645241611-140, id: 0.08558070645241611-141, id: 0.08558070645241611-142, id: 0.08558070645241611-143, id: 0.08558070645241611-144, id: 0.08558070645241611-145, id: 0.08558070645241611-146, id: 0.08558070645241611-147, id: 0.08558070645241611-148, id: 0.08558070645241611-149, id: 0.08558070645241611-150, id: 0.08558070645241611-151, id: 0.08558070645241611-152, id: 0.08558070645241611-153, id: 0.08558070645241611-154, id: 0.08558070645241611-155, id: 0.08558070645241611-156, id: 0.08558070645241611-157, id: 0.08558070645241611-158, id: 0.08558070645241611-159, id: 0.08558070645241611-160, id: 0.08558070645241611-161, id: 0.08558070645241611-162, id: 0.08558070645241611-163, id: 0.08558070645241611-164, id: 0.08558070645241611-165, id: 0.08558070645241611-166, id: 0.08558070645241611-167, id: 0.08558070645241611-168, id: 0.08558070645241611-169, id: 0.08558070645241611-170, id: 0.08558070645241611-171, id: 0.08558070645241611-172, id: 0.08558070645241611-173, id: 0.08558070645241611-174, id: 0.08558070645241611-175, id: 0.08558070645241611-176, id: 0.08558070645241611-177, id: 0.08558070645241611-178, id: 0.08558070645241611-179, id: 0.08558070645241611-180, id: 0.08558070645241611-181, id: 0.08558070645241611-182, id: 0.08558070645241611-183, id: 0.08558070645241611-184, id: 0.08558070645241611-185, id: 0.08558070645241611-186, id: 0.08558070645241611-187, id: 0.08558070645241611-188, id: 0.08558070645241611-189, id: 0.08558070645241611-190, id: 0.08558070645241611-191, id: 0.08558070645241611-192]
[WebDriverCommandLogger] - Executing getElementText element: By.xpath: //div[@id=&apos;c_articlelist_stories_2&apos;]/ul[1]/li/span[2]/span[2] parameters: {&quot;id&quot;:&quot;0.08558070645241611-161&quot;}
[WebDriverCommandLogger] - command: getElementText[ param-1: By.xpath: //div[@id=&apos;c_articlelist_stories_2&apos;]/ul[1]/li/span[2]/span[2] param-2: {&quot;id&quot;:&quot;0.08558070645241611-161&quot;}] Result: getElementText:2 DAYS AGO
[WebDriverCommandLogger] - Executing findElements parameters: {&quot;using&quot;:&quot;xpath&quot;,&quot;value&quot;:&quot;//div[@id=&apos;c_articlelist_stories_2&apos;]/ul[1]/li/span[2]/span[2]&quot;}
[WebDriverCommandLogger] - command: findElements[ param-1: {value=//div[@id=&apos;c_articlelist_stories_2&apos;]/ul[1]/li/span[2]/span[2], using=xpath}] Result: [id: 0.08558070645241611-97, id: 0.08558070645241611-98, id: 0.08558070645241611-99, id: 0.08558070645241611-100, id: 0.08558070645241611-101, id: 0.08558070645241611-102, id: 0.08558070645241611-103, id: 0.08558070645241611-104, id: 0.08558070645241611-105, id: 0.08558070645241611-106, id: 0.08558070645241611-107, id: 0.08558070645241611-108, id: 0.08558070645241611-109, id: 0.08558070645241611-110, id: 0.08558070645241611-111, id: 0.08558070645241611-112, id: 0.08558070645241611-113, id: 0.08558070645241611-114, id: 0.08558070645241611-115, id: 0.08558070645241611-116, id: 0.08558070645241611-117, id: 0.08558070645241611-118, id: 0.08558070645241611-119, id: 0.08558070645241611-120, id: 0.08558070645241611-121, id: 0.08558070645241611-122, id: 0.08558070645241611-123, id: 0.08558070645241611-124, id: 0.08558070645241611-125, id: 0.08558070645241611-126, id: 0.08558070645241611-127, id: 0.08558070645241611-128, id: 0.08558070645241611-129, id: 0.08558070645241611-130, id: 0.08558070645241611-131, id: 0.08558070645241611-132, id: 0.08558070645241611-133, id: 0.08558070645241611-134, id: 0.08558070645241611-135, id: 0.08558070645241611-136, id: 0.08558070645241611-137, id: 0.08558070645241611-138, id: 0.08558070645241611-139, id: 0.08558070645241611-140, id: 0.08558070645241611-141, id: 0.08558070645241611-142, id: 0.08558070645241611-143, id: 0.08558070645241611-144, id: 0.08558070645241611-145, id: 0.08558070645241611-146, id: 0.08558070645241611-147, id: 0.08558070645241611-148, id: 0.08558070645241611-149, id: 0.08558070645241611-150, id: 0.08558070645241611-151, id: 0.08558070645241611-152, id: 0.08558070645241611-153, id: 0.08558070645241611-154, id: 0.08558070645241611-155, id: 0.08558070645241611-156, id: 0.08558070645241611-157, id: 0.08558070645241611-158, id: 0.08558070645241611-159, id: 0.08558070645241611-160, id: 0.08558070645241611-161, id: 0.08558070645241611-162, id: 0.08558070645241611-163, id: 0.08558070645241611-164, id: 0.08558070645241611-165, id: 0.08558070645241611-166, id: 0.08558070645241611-167, id: 0.08558070645241611-168, id: 0.08558070645241611-169, id: 0.08558070645241611-170, id: 0.08558070645241611-171, id: 0.08558070645241611-172, id: 0.08558070645241611-173, id: 0.08558070645241611-174, id: 0.08558070645241611-175, id: 0.08558070645241611-176, id: 0.08558070645241611-177, id: 0.08558070645241611-178, id: 0.08558070645241611-179, id: 0.08558070645241611-180, id: 0.08558070645241611-181, id: 0.08558070645241611-182, id: 0.08558070645241611-183, id: 0.08558070645241611-184, id: 0.08558070645241611-185, id: 0.08558070645241611-186, id: 0.08558070645241611-187, id: 0.08558070645241611-188, id: 0.08558070645241611-189, id: 0.08558070645241611-190, id: 0.08558070645241611-191, id: 0.08558070645241611-192]
[WebDriverCommandLogger] - Executing findElements parameters: {&quot;using&quot;:&quot;xpath&quot;,&quot;value&quot;:&quot;//div[@id=&apos;c_articlelist_stories_2&apos;]/ul[1]/li/span[2]/span[2]&quot;}
[WebDriverCommandLogger] - command: findElements[ param-1: {value=//div[@id=&apos;c_articlelist_stories_2&apos;]/ul[1]/li/span[2]/span[2], using=xpath}] Result: [id: 0.08558070645241611-97, id: 0.08558070645241611-98, id: 0.08558070645241611-99, id: 0.08558070645241611-100, id: 0.08558070645241611-101, id: 0.08558070645241611-102, id: 0.08558070645241611-103, id: 0.08558070645241611-104, id: 0.08558070645241611-105, id: 0.08558070645241611-106, id: 0.08558070645241611-107, id: 0.08558070645241611-108, id: 0.08558070645241611-109, id: 0.08558070645241611-110, id: 0.08558070645241611-111, id: 0.08558070645241611-112, id: 0.08558070645241611-113, id: 0.08558070645241611-114, id: 0.08558070645241611-115, id: 0.08558070645241611-116, id: 0.08558070645241611-117, id: 0.08558070645241611-118, id: 0.08558070645241611-119, id: 0.08558070645241611-120, id: 0.08558070645241611-121, id: 0.08558070645241611-122, id: 0.08558070645241611-123, id: 0.08558070645241611-124, id: 0.08558070645241611-125, id: 0.08558070645241611-126, id: 0.08558070645241611-127, id: 0.08558070645241611-128, id: 0.08558070645241611-129, id: 0.08558070645241611-130, id: 0.08558070645241611-131, id: 0.08558070645241611-132, id: 0.08558070645241611-133, id: 0.08558070645241611-134, id: 0.08558070645241611-135, id: 0.08558070645241611-136, id: 0.08558070645241611-137, id: 0.08558070645241611-138, id: 0.08558070645241611-139, id: 0.08558070645241611-140, id: 0.08558070645241611-141, id: 0.08558070645241611-142, id: 0.08558070645241611-143, id: 0.08558070645241611-144, id: 0.08558070645241611-145, id: 0.08558070645241611-146, id: 0.08558070645241611-147, id: 0.08558070645241611-148, id: 0.08558070645241611-149, id: 0.08558070645241611-150, id: 0.08558070645241611-151, id: 0.08558070645241611-152, id: 0.08558070645241611-153, id: 0.08558070645241611-154, id: 0.08558070645241611-155, id: 0.08558070645241611-156, id: 0.08558070645241611-157, id: 0.08558070645241611-158, id: 0.08558070645241611-159, id: 0.08558070645241611-160, id: 0.08558070645241611-161, id: 0.08558070645241611-162, id: 0.08558070645241611-163, id: 0.08558070645241611-164, id: 0.08558070645241611-165, id: 0.08558070645241611-166, id: 0.08558070645241611-167, id: 0.08558070645241611-168, id: 0.08558070645241611-169, id: 0.08558070645241611-170, id: 0.08558070645241611-171, id: 0.08558070645241611-172, id: 0.08558070645241611-173, id: 0.08558070645241611-174, id: 0.08558070645241611-175, id: 0.08558070645241611-176, id: 0.08558070645241611-177, id: 0.08558070645241611-178, id: 0.08558070645241611-179, id: 0.08558070645241611-180, id: 0.08558070645241611-181, id: 0.08558070645241611-182, id: 0.08558070645241611-183, id: 0.08558070645241611-184, id: 0.08558070645241611-185, id: 0.08558070645241611-186, id: 0.08558070645241611-187, id: 0.08558070645241611-188, id: 0.08558070645241611-189, id: 0.08558070645241611-190, id: 0.08558070645241611-191, id: 0.08558070645241611-192]
[WebDriverCommandLogger] - Executing getElementText element: By.xpath: //div[@id=&apos;c_articlelist_stories_2&apos;]/ul[1]/li/span[2]/span[2] parameters: {&quot;id&quot;:&quot;0.08558070645241611-162&quot;}
[WebDriverCommandLogger] - command: getElementText[ param-1: By.xpath: //div[@id=&apos;c_articlelist_stories_2&apos;]/ul[1]/li/span[2]/span[2] param-2: {&quot;id&quot;:&quot;0.08558070645241611-162&quot;}] Result: getElementText:2 DAYS AGO
[WebDriverCommandLogger] - Executing findElements parameters: {&quot;using&quot;:&quot;xpath&quot;,&quot;value&quot;:&quot;//div[@id=&apos;c_articlelist_stories_2&apos;]/ul[1]/li/span[2]/span[2]&quot;}
[WebDriverCommandLogger] - command: findElements[ param-1: {value=//div[@id=&apos;c_articlelist_stories_2&apos;]/ul[1]/li/span[2]/span[2], using=xpath}] Result: [id: 0.08558070645241611-97, id: 0.08558070645241611-98, id: 0.08558070645241611-99, id: 0.08558070645241611-100, id: 0.08558070645241611-101, id: 0.08558070645241611-102, id: 0.08558070645241611-103, id: 0.08558070645241611-104, id: 0.08558070645241611-105, id: 0.08558070645241611-106, id: 0.08558070645241611-107, id: 0.08558070645241611-108, id: 0.08558070645241611-109, id: 0.08558070645241611-110, id: 0.08558070645241611-111, id: 0.08558070645241611-112, id: 0.08558070645241611-113, id: 0.08558070645241611-114, id: 0.08558070645241611-115, id: 0.08558070645241611-116, id: 0.08558070645241611-117, id: 0.08558070645241611-118, id: 0.08558070645241611-119, id: 0.08558070645241611-120, id: 0.08558070645241611-121, id: 0.08558070645241611-122, id: 0.08558070645241611-123, id: 0.08558070645241611-124, id: 0.08558070645241611-125, id: 0.08558070645241611-126, id: 0.08558070645241611-127, id: 0.08558070645241611-128, id: 0.08558070645241611-129, id: 0.08558070645241611-130, id: 0.08558070645241611-131, id: 0.08558070645241611-132, id: 0.08558070645241611-133, id: 0.08558070645241611-134, id: 0.08558070645241611-135, id: 0.08558070645241611-136, id: 0.08558070645241611-137, id: 0.08558070645241611-138, id: 0.08558070645241611-139, id: 0.08558070645241611-140, id: 0.08558070645241611-141, id: 0.08558070645241611-142, id: 0.08558070645241611-143, id: 0.08558070645241611-144, id: 0.08558070645241611-145, id: 0.08558070645241611-146, id: 0.08558070645241611-147, id: 0.08558070645241611-148, id: 0.08558070645241611-149, id: 0.08558070645241611-150, id: 0.08558070645241611-151, id: 0.08558070645241611-152, id: 0.08558070645241611-153, id: 0.08558070645241611-154, id: 0.08558070645241611-155, id: 0.08558070645241611-156, id: 0.08558070645241611-157, id: 0.08558070645241611-158, id: 0.08558070645241611-159, id: 0.08558070645241611-160, id: 0.08558070645241611-161, id: 0.08558070645241611-162, id: 0.08558070645241611-163, id: 0.08558070645241611-164, id: 0.08558070645241611-165, id: 0.08558070645241611-166, id: 0.08558070645241611-167, id: 0.08558070645241611-168, id: 0.08558070645241611-169, id: 0.08558070645241611-170, id: 0.08558070645241611-171, id: 0.08558070645241611-172, id: 0.08558070645241611-173, id: 0.08558070645241611-174, id: 0.08558070645241611-175, id: 0.08558070645241611-176, id: 0.08558070645241611-177, id: 0.08558070645241611-178, id: 0.08558070645241611-179, id: 0.08558070645241611-180, id: 0.08558070645241611-181, id: 0.08558070645241611-182, id: 0.08558070645241611-183, id: 0.08558070645241611-184, id: 0.08558070645241611-185, id: 0.08558070645241611-186, id: 0.08558070645241611-187, id: 0.08558070645241611-188, id: 0.08558070645241611-189, id: 0.08558070645241611-190, id: 0.08558070645241611-191, id: 0.08558070645241611-192]
[WebDriverCommandLogger] - Executing getElementText element: By.xpath: //div[@id=&apos;c_articlelist_stories_2&apos;]/ul[1]/li/span[2]/span[2] parameters: {&quot;id&quot;:&quot;0.08558070645241611-162&quot;}
[WebDriverCommandLogger] - command: getElementText[ param-1: By.xpath: //div[@id=&apos;c_articlelist_stories_2&apos;]/ul[1]/li/span[2]/span[2] param-2: {&quot;id&quot;:&quot;0.08558070645241611-162&quot;}] Result: getElementText:2 DAYS AGO
[WebDriverCommandLogger] - Executing findElements parameters: {&quot;using&quot;:&quot;xpath&quot;,&quot;value&quot;:&quot;//div[@id=&apos;c_articlelist_stories_2&apos;]/ul[1]/li/span[2]/span[2]&quot;}
[WebDriverCommandLogger] - command: findElements[ param-1: {value=//div[@id=&apos;c_articlelist_stories_2&apos;]/ul[1]/li/span[2]/span[2], using=xpath}] Result: [id: 0.08558070645241611-97, id: 0.08558070645241611-98, id: 0.08558070645241611-99, id: 0.08558070645241611-100, id: 0.08558070645241611-101, id: 0.08558070645241611-102, id: 0.08558070645241611-103, id: 0.08558070645241611-104, id: 0.08558070645241611-105, id: 0.08558070645241611-106, id: 0.08558070645241611-107, id: 0.08558070645241611-108, id: 0.08558070645241611-109, id: 0.08558070645241611-110, id: 0.08558070645241611-111, id: 0.08558070645241611-112, id: 0.08558070645241611-113, id: 0.08558070645241611-114, id: 0.08558070645241611-115, id: 0.08558070645241611-116, id: 0.08558070645241611-117, id: 0.08558070645241611-118, id: 0.08558070645241611-119, id: 0.08558070645241611-120, id: 0.08558070645241611-121, id: 0.08558070645241611-122, id: 0.08558070645241611-123, id: 0.08558070645241611-124, id: 0.08558070645241611-125, id: 0.08558070645241611-126, id: 0.08558070645241611-127, id: 0.08558070645241611-128, id: 0.08558070645241611-129, id: 0.08558070645241611-130, id: 0.08558070645241611-131, id: 0.08558070645241611-132, id: 0.08558070645241611-133, id: 0.08558070645241611-134, id: 0.08558070645241611-135, id: 0.08558070645241611-136, id: 0.08558070645241611-137, id: 0.08558070645241611-138, id: 0.08558070645241611-139, id: 0.08558070645241611-140, id: 0.08558070645241611-141, id: 0.08558070645241611-142, id: 0.08558070645241611-143, id: 0.08558070645241611-144, id: 0.08558070645241611-145, id: 0.08558070645241611-146, id: 0.08558070645241611-147, id: 0.08558070645241611-148, id: 0.08558070645241611-149, id: 0.08558070645241611-150, id: 0.08558070645241611-151, id: 0.08558070645241611-152, id: 0.08558070645241611-153, id: 0.08558070645241611-154, id: 0.08558070645241611-155, id: 0.08558070645241611-156, id: 0.08558070645241611-157, id: 0.08558070645241611-158, id: 0.08558070645241611-159, id: 0.08558070645241611-160, id: 0.08558070645241611-161, id: 0.08558070645241611-162, id: 0.08558070645241611-163, id: 0.08558070645241611-164, id: 0.08558070645241611-165, id: 0.08558070645241611-166, id: 0.08558070645241611-167, id: 0.08558070645241611-168, id: 0.08558070645241611-169, id: 0.08558070645241611-170, id: 0.08558070645241611-171, id: 0.08558070645241611-172, id: 0.08558070645241611-173, id: 0.08558070645241611-174, id: 0.08558070645241611-175, id: 0.08558070645241611-176, id: 0.08558070645241611-177, id: 0.08558070645241611-178, id: 0.08558070645241611-179, id: 0.08558070645241611-180, id: 0.08558070645241611-181, id: 0.08558070645241611-182, id: 0.08558070645241611-183, id: 0.08558070645241611-184, id: 0.08558070645241611-185, id: 0.08558070645241611-186, id: 0.08558070645241611-187, id: 0.08558070645241611-188, id: 0.08558070645241611-189, id: 0.08558070645241611-190, id: 0.08558070645241611-191, id: 0.08558070645241611-192]
[WebDriverCommandLogger] - Executing findElements parameters: {&quot;using&quot;:&quot;xpath&quot;,&quot;value&quot;:&quot;//div[@id=&apos;c_articlelist_stories_2&apos;]/ul[1]/li/span[2]/span[2]&quot;}
[WebDriverCommandLogger] - command: findElements[ param-1: {value=//div[@id=&apos;c_articlelist_stories_2&apos;]/ul[1]/li/span[2]/span[2], using=xpath}] Result: [id: 0.08558070645241611-97, id: 0.08558070645241611-98, id: 0.08558070645241611-99, id: 0.08558070645241611-100, id: 0.08558070645241611-101, id: 0.08558070645241611-102, id: 0.08558070645241611-103, id: 0.08558070645241611-104, id: 0.08558070645241611-105, id: 0.08558070645241611-106, id: 0.08558070645241611-107, id: 0.08558070645241611-108, id: 0.08558070645241611-109, id: 0.08558070645241611-110, id: 0.08558070645241611-111, id: 0.08558070645241611-112, id: 0.08558070645241611-113, id: 0.08558070645241611-114, id: 0.08558070645241611-115, id: 0.08558070645241611-116, id: 0.08558070645241611-117, id: 0.08558070645241611-118, id: 0.08558070645241611-119, id: 0.08558070645241611-120, id: 0.08558070645241611-121, id: 0.08558070645241611-122, id: 0.08558070645241611-123, id: 0.08558070645241611-124, id: 0.08558070645241611-125, id: 0.08558070645241611-126, id: 0.08558070645241611-127, id: 0.08558070645241611-128, id: 0.08558070645241611-129, id: 0.08558070645241611-130, id: 0.08558070645241611-131, id: 0.08558070645241611-132, id: 0.08558070645241611-133, id: 0.08558070645241611-134, id: 0.08558070645241611-135, id: 0.08558070645241611-136, id: 0.08558070645241611-137, id: 0.08558070645241611-138, id: 0.08558070645241611-139, id: 0.08558070645241611-140, id: 0.08558070645241611-141, id: 0.08558070645241611-142, id: 0.08558070645241611-143, id: 0.08558070645241611-144, id: 0.08558070645241611-145, id: 0.08558070645241611-146, id: 0.08558070645241611-147, id: 0.08558070645241611-148, id: 0.08558070645241611-149, id: 0.08558070645241611-150, id: 0.08558070645241611-151, id: 0.08558070645241611-152, id: 0.08558070645241611-153, id: 0.08558070645241611-154, id: 0.08558070645241611-155, id: 0.08558070645241611-156, id: 0.08558070645241611-157, id: 0.08558070645241611-158, id: 0.08558070645241611-159, id: 0.08558070645241611-160, id: 0.08558070645241611-161, id: 0.08558070645241611-162, id: 0.08558070645241611-163, id: 0.08558070645241611-164, id: 0.08558070645241611-165, id: 0.08558070645241611-166, id: 0.08558070645241611-167, id: 0.08558070645241611-168, id: 0.08558070645241611-169, id: 0.08558070645241611-170, id: 0.08558070645241611-171, id: 0.08558070645241611-172, id: 0.08558070645241611-173, id: 0.08558070645241611-174, id: 0.08558070645241611-175, id: 0.08558070645241611-176, id: 0.08558070645241611-177, id: 0.08558070645241611-178, id: 0.08558070645241611-179, id: 0.08558070645241611-180, id: 0.08558070645241611-181, id: 0.08558070645241611-182, id: 0.08558070645241611-183, id: 0.08558070645241611-184, id: 0.08558070645241611-185, id: 0.08558070645241611-186, id: 0.08558070645241611-187, id: 0.08558070645241611-188, id: 0.08558070645241611-189, id: 0.08558070645241611-190, id: 0.08558070645241611-191, id: 0.08558070645241611-192]
[WebDriverCommandLogger] - Executing getElementText element: By.xpath: //div[@id=&apos;c_articlelist_stories_2&apos;]/ul[1]/li/span[2]/span[2] parameters: {&quot;id&quot;:&quot;0.08558070645241611-163&quot;}
[WebDriverCommandLogger] - command: getElementText[ param-1: By.xpath: //div[@id=&apos;c_articlelist_stories_2&apos;]/ul[1]/li/span[2]/span[2] param-2: {&quot;id&quot;:&quot;0.08558070645241611-163&quot;}] Result: getElementText:2 DAYS AGO
[WebDriverCommandLogger] - Executing findElements parameters: {&quot;using&quot;:&quot;xpath&quot;,&quot;value&quot;:&quot;//div[@id=&apos;c_articlelist_stories_2&apos;]/ul[1]/li/span[2]/span[2]&quot;}
[WebDriverCommandLogger] - command: findElements[ param-1: {value=//div[@id=&apos;c_articlelist_stories_2&apos;]/ul[1]/li/span[2]/span[2], using=xpath}] Result: [id: 0.08558070645241611-97, id: 0.08558070645241611-98, id: 0.08558070645241611-99, id: 0.08558070645241611-100, id: 0.08558070645241611-101, id: 0.08558070645241611-102, id: 0.08558070645241611-103, id: 0.08558070645241611-104, id: 0.08558070645241611-105, id: 0.08558070645241611-106, id: 0.08558070645241611-107, id: 0.08558070645241611-108, id: 0.08558070645241611-109, id: 0.08558070645241611-110, id: 0.08558070645241611-111, id: 0.08558070645241611-112, id: 0.08558070645241611-113, id: 0.08558070645241611-114, id: 0.08558070645241611-115, id: 0.08558070645241611-116, id: 0.08558070645241611-117, id: 0.08558070645241611-118, id: 0.08558070645241611-119, id: 0.08558070645241611-120, id: 0.08558070645241611-121, id: 0.08558070645241611-122, id: 0.08558070645241611-123, id: 0.08558070645241611-124, id: 0.08558070645241611-125, id: 0.08558070645241611-126, id: 0.08558070645241611-127, id: 0.08558070645241611-128, id: 0.08558070645241611-129, id: 0.08558070645241611-130, id: 0.08558070645241611-131, id: 0.08558070645241611-132, id: 0.08558070645241611-133, id: 0.08558070645241611-134, id: 0.08558070645241611-135, id: 0.08558070645241611-136, id: 0.08558070645241611-137, id: 0.08558070645241611-138, id: 0.08558070645241611-139, id: 0.08558070645241611-140, id: 0.08558070645241611-141, id: 0.08558070645241611-142, id: 0.08558070645241611-143, id: 0.08558070645241611-144, id: 0.08558070645241611-145, id: 0.08558070645241611-146, id: 0.08558070645241611-147, id: 0.08558070645241611-148, id: 0.08558070645241611-149, id: 0.08558070645241611-150, id: 0.08558070645241611-151, id: 0.08558070645241611-152, id: 0.08558070645241611-153, id: 0.08558070645241611-154, id: 0.08558070645241611-155, id: 0.08558070645241611-156, id: 0.08558070645241611-157, id: 0.08558070645241611-158, id: 0.08558070645241611-159, id: 0.08558070645241611-160, id: 0.08558070645241611-161, id: 0.08558070645241611-162, id: 0.08558070645241611-163, id: 0.08558070645241611-164, id: 0.08558070645241611-165, id: 0.08558070645241611-166, id: 0.08558070645241611-167, id: 0.08558070645241611-168, id: 0.08558070645241611-169, id: 0.08558070645241611-170, id: 0.08558070645241611-171, id: 0.08558070645241611-172, id: 0.08558070645241611-173, id: 0.08558070645241611-174, id: 0.08558070645241611-175, id: 0.08558070645241611-176, id: 0.08558070645241611-177, id: 0.08558070645241611-178, id: 0.08558070645241611-179, id: 0.08558070645241611-180, id: 0.08558070645241611-181, id: 0.08558070645241611-182, id: 0.08558070645241611-183, id: 0.08558070645241611-184, id: 0.08558070645241611-185, id: 0.08558070645241611-186, id: 0.08558070645241611-187, id: 0.08558070645241611-188, id: 0.08558070645241611-189, id: 0.08558070645241611-190, id: 0.08558070645241611-191, id: 0.08558070645241611-192]
[WebDriverCommandLogger] - Executing getElementText element: By.xpath: //div[@id=&apos;c_articlelist_stories_2&apos;]/ul[1]/li/span[2]/span[2] parameters: {&quot;id&quot;:&quot;0.08558070645241611-163&quot;}
[WebDriverCommandLogger] - command: getElementText[ param-1: By.xpath: //div[@id=&apos;c_articlelist_stories_2&apos;]/ul[1]/li/span[2]/span[2] param-2: {&quot;id&quot;:&quot;0.08558070645241611-163&quot;}] Result: getElementText:2 DAYS AGO
[WebDriverCommandLogger] - Executing findElements parameters: {&quot;using&quot;:&quot;xpath&quot;,&quot;value&quot;:&quot;//div[@id=&apos;c_articlelist_stories_2&apos;]/ul[1]/li/span[2]/span[2]&quot;}
[WebDriverCommandLogger] - command: findElements[ param-1: {value=//div[@id=&apos;c_articlelist_stories_2&apos;]/ul[1]/li/span[2]/span[2], using=xpath}] Result: [id: 0.08558070645241611-97, id: 0.08558070645241611-98, id: 0.08558070645241611-99, id: 0.08558070645241611-100, id: 0.08558070645241611-101, id: 0.08558070645241611-102, id: 0.08558070645241611-103, id: 0.08558070645241611-104, id: 0.08558070645241611-105, id: 0.08558070645241611-106, id: 0.08558070645241611-107, id: 0.08558070645241611-108, id: 0.08558070645241611-109, id: 0.08558070645241611-110, id: 0.08558070645241611-111, id: 0.08558070645241611-112, id: 0.08558070645241611-113, id: 0.08558070645241611-114, id: 0.08558070645241611-115, id: 0.08558070645241611-116, id: 0.08558070645241611-117, id: 0.08558070645241611-118, id: 0.08558070645241611-119, id: 0.08558070645241611-120, id: 0.08558070645241611-121, id: 0.08558070645241611-122, id: 0.08558070645241611-123, id: 0.08558070645241611-124, id: 0.08558070645241611-125, id: 0.08558070645241611-126, id: 0.08558070645241611-127, id: 0.08558070645241611-128, id: 0.08558070645241611-129, id: 0.08558070645241611-130, id: 0.08558070645241611-131, id: 0.08558070645241611-132, id: 0.08558070645241611-133, id: 0.08558070645241611-134, id: 0.08558070645241611-135, id: 0.08558070645241611-136, id: 0.08558070645241611-137, id: 0.08558070645241611-138, id: 0.08558070645241611-139, id: 0.08558070645241611-140, id: 0.08558070645241611-141, id: 0.08558070645241611-142, id: 0.08558070645241611-143, id: 0.08558070645241611-144, id: 0.08558070645241611-145, id: 0.08558070645241611-146, id: 0.08558070645241611-147, id: 0.08558070645241611-148, id: 0.08558070645241611-149, id: 0.08558070645241611-150, id: 0.08558070645241611-151, id: 0.08558070645241611-152, id: 0.08558070645241611-153, id: 0.08558070645241611-154, id: 0.08558070645241611-155, id: 0.08558070645241611-156, id: 0.08558070645241611-157, id: 0.08558070645241611-158, id: 0.08558070645241611-159, id: 0.08558070645241611-160, id: 0.08558070645241611-161, id: 0.08558070645241611-162, id: 0.08558070645241611-163, id: 0.08558070645241611-164, id: 0.08558070645241611-165, id: 0.08558070645241611-166, id: 0.08558070645241611-167, id: 0.08558070645241611-168, id: 0.08558070645241611-169, id: 0.08558070645241611-170, id: 0.08558070645241611-171, id: 0.08558070645241611-172, id: 0.08558070645241611-173, id: 0.08558070645241611-174, id: 0.08558070645241611-175, id: 0.08558070645241611-176, id: 0.08558070645241611-177, id: 0.08558070645241611-178, id: 0.08558070645241611-179, id: 0.08558070645241611-180, id: 0.08558070645241611-181, id: 0.08558070645241611-182, id: 0.08558070645241611-183, id: 0.08558070645241611-184, id: 0.08558070645241611-185, id: 0.08558070645241611-186, id: 0.08558070645241611-187, id: 0.08558070645241611-188, id: 0.08558070645241611-189, id: 0.08558070645241611-190, id: 0.08558070645241611-191, id: 0.08558070645241611-192]
[WebDriverCommandLogger] - Executing findElements parameters: {&quot;using&quot;:&quot;xpath&quot;,&quot;value&quot;:&quot;//div[@id=&apos;c_articlelist_stories_2&apos;]/ul[1]/li/span[2]/span[2]&quot;}
[WebDriverCommandLogger] - command: findElements[ param-1: {value=//div[@id=&apos;c_articlelist_stories_2&apos;]/ul[1]/li/span[2]/span[2], using=xpath}] Result: [id: 0.08558070645241611-97, id: 0.08558070645241611-98, id: 0.08558070645241611-99, id: 0.08558070645241611-100, id: 0.08558070645241611-101, id: 0.08558070645241611-102, id: 0.08558070645241611-103, id: 0.08558070645241611-104, id: 0.08558070645241611-105, id: 0.08558070645241611-106, id: 0.08558070645241611-107, id: 0.08558070645241611-108, id: 0.08558070645241611-109, id: 0.08558070645241611-110, id: 0.08558070645241611-111, id: 0.08558070645241611-112, id: 0.08558070645241611-113, id: 0.08558070645241611-114, id: 0.08558070645241611-115, id: 0.08558070645241611-116, id: 0.08558070645241611-117, id: 0.08558070645241611-118, id: 0.08558070645241611-119, id: 0.08558070645241611-120, id: 0.08558070645241611-121, id: 0.08558070645241611-122, id: 0.08558070645241611-123, id: 0.08558070645241611-124, id: 0.08558070645241611-125, id: 0.08558070645241611-126, id: 0.08558070645241611-127, id: 0.08558070645241611-128, id: 0.08558070645241611-129, id: 0.08558070645241611-130, id: 0.08558070645241611-131, id: 0.08558070645241611-132, id: 0.08558070645241611-133, id: 0.08558070645241611-134, id: 0.08558070645241611-135, id: 0.08558070645241611-136, id: 0.08558070645241611-137, id: 0.08558070645241611-138, id: 0.08558070645241611-139, id: 0.08558070645241611-140, id: 0.08558070645241611-141, id: 0.08558070645241611-142, id: 0.08558070645241611-143, id: 0.08558070645241611-144, id: 0.08558070645241611-145, id: 0.08558070645241611-146, id: 0.08558070645241611-147, id: 0.08558070645241611-148, id: 0.08558070645241611-149, id: 0.08558070645241611-150, id: 0.08558070645241611-151, id: 0.08558070645241611-152, id: 0.08558070645241611-153, id: 0.08558070645241611-154, id: 0.08558070645241611-155, id: 0.08558070645241611-156, id: 0.08558070645241611-157, id: 0.08558070645241611-158, id: 0.08558070645241611-159, id: 0.08558070645241611-160, id: 0.08558070645241611-161, id: 0.08558070645241611-162, id: 0.08558070645241611-163, id: 0.08558070645241611-164, id: 0.08558070645241611-165, id: 0.08558070645241611-166, id: 0.08558070645241611-167, id: 0.08558070645241611-168, id: 0.08558070645241611-169, id: 0.08558070645241611-170, id: 0.08558070645241611-171, id: 0.08558070645241611-172, id: 0.08558070645241611-173, id: 0.08558070645241611-174, id: 0.08558070645241611-175, id: 0.08558070645241611-176, id: 0.08558070645241611-177, id: 0.08558070645241611-178, id: 0.08558070645241611-179, id: 0.08558070645241611-180, id: 0.08558070645241611-181, id: 0.08558070645241611-182, id: 0.08558070645241611-183, id: 0.08558070645241611-184, id: 0.08558070645241611-185, id: 0.08558070645241611-186, id: 0.08558070645241611-187, id: 0.08558070645241611-188, id: 0.08558070645241611-189, id: 0.08558070645241611-190, id: 0.08558070645241611-191, id: 0.08558070645241611-192]
[WebDriverCommandLogger] - Executing getElementText element: By.xpath: //div[@id=&apos;c_articlelist_stories_2&apos;]/ul[1]/li/span[2]/span[2] parameters: {&quot;id&quot;:&quot;0.08558070645241611-164&quot;}
[WebDriverCommandLogger] - command: getElementText[ param-1: By.xpath: //div[@id=&apos;c_articlelist_stories_2&apos;]/ul[1]/li/span[2]/span[2] param-2: {&quot;id&quot;:&quot;0.08558070645241611-164&quot;}] Result: getElementText:2 DAYS AGO
[WebDriverCommandLogger] - Executing findElements parameters: {&quot;using&quot;:&quot;xpath&quot;,&quot;value&quot;:&quot;//div[@id=&apos;c_articlelist_stories_2&apos;]/ul[1]/li/span[2]/span[2]&quot;}
[WebDriverCommandLogger] - command: findElements[ param-1: {value=//div[@id=&apos;c_articlelist_stories_2&apos;]/ul[1]/li/span[2]/span[2], using=xpath}] Result: [id: 0.08558070645241611-97, id: 0.08558070645241611-98, id: 0.08558070645241611-99, id: 0.08558070645241611-100, id: 0.08558070645241611-101, id: 0.08558070645241611-102, id: 0.08558070645241611-103, id: 0.08558070645241611-104, id: 0.08558070645241611-105, id: 0.08558070645241611-106, id: 0.08558070645241611-107, id: 0.08558070645241611-108, id: 0.08558070645241611-109, id: 0.08558070645241611-110, id: 0.08558070645241611-111, id: 0.08558070645241611-112, id: 0.08558070645241611-113, id: 0.08558070645241611-114, id: 0.08558070645241611-115, id: 0.08558070645241611-116, id: 0.08558070645241611-117, id: 0.08558070645241611-118, id: 0.08558070645241611-119, id: 0.08558070645241611-120, id: 0.08558070645241611-121, id: 0.08558070645241611-122, id: 0.08558070645241611-123, id: 0.08558070645241611-124, id: 0.08558070645241611-125, id: 0.08558070645241611-126, id: 0.08558070645241611-127, id: 0.08558070645241611-128, id: 0.08558070645241611-129, id: 0.08558070645241611-130, id: 0.08558070645241611-131, id: 0.08558070645241611-132, id: 0.08558070645241611-133, id: 0.08558070645241611-134, id: 0.08558070645241611-135, id: 0.08558070645241611-136, id: 0.08558070645241611-137, id: 0.08558070645241611-138, id: 0.08558070645241611-139, id: 0.08558070645241611-140, id: 0.08558070645241611-141, id: 0.08558070645241611-142, id: 0.08558070645241611-143, id: 0.08558070645241611-144, id: 0.08558070645241611-145, id: 0.08558070645241611-146, id: 0.08558070645241611-147, id: 0.08558070645241611-148, id: 0.08558070645241611-149, id: 0.08558070645241611-150, id: 0.08558070645241611-151, id: 0.08558070645241611-152, id: 0.08558070645241611-153, id: 0.08558070645241611-154, id: 0.08558070645241611-155, id: 0.08558070645241611-156, id: 0.08558070645241611-157, id: 0.08558070645241611-158, id: 0.08558070645241611-159, id: 0.08558070645241611-160, id: 0.08558070645241611-161, id: 0.08558070645241611-162, id: 0.08558070645241611-163, id: 0.08558070645241611-164, id: 0.08558070645241611-165, id: 0.08558070645241611-166, id: 0.08558070645241611-167, id: 0.08558070645241611-168, id: 0.08558070645241611-169, id: 0.08558070645241611-170, id: 0.08558070645241611-171, id: 0.08558070645241611-172, id: 0.08558070645241611-173, id: 0.08558070645241611-174, id: 0.08558070645241611-175, id: 0.08558070645241611-176, id: 0.08558070645241611-177, id: 0.08558070645241611-178, id: 0.08558070645241611-179, id: 0.08558070645241611-180, id: 0.08558070645241611-181, id: 0.08558070645241611-182, id: 0.08558070645241611-183, id: 0.08558070645241611-184, id: 0.08558070645241611-185, id: 0.08558070645241611-186, id: 0.08558070645241611-187, id: 0.08558070645241611-188, id: 0.08558070645241611-189, id: 0.08558070645241611-190, id: 0.08558070645241611-191, id: 0.08558070645241611-192]
[WebDriverCommandLogger] - Executing getElementText element: By.xpath: //div[@id=&apos;c_articlelist_stories_2&apos;]/ul[1]/li/span[2]/span[2] parameters: {&quot;id&quot;:&quot;0.08558070645241611-164&quot;}
[WebDriverCommandLogger] - command: getElementText[ param-1: By.xpath: //div[@id=&apos;c_articlelist_stories_2&apos;]/ul[1]/li/span[2]/span[2] param-2: {&quot;id&quot;:&quot;0.08558070645241611-164&quot;}] Result: getElementText:2 DAYS AGO
[WebDriverCommandLogger] - Executing findElements parameters: {&quot;using&quot;:&quot;xpath&quot;,&quot;value&quot;:&quot;//div[@id=&apos;c_articlelist_stories_2&apos;]/ul[1]/li/span[2]/span[2]&quot;}
[WebDriverCommandLogger] - command: findElements[ param-1: {value=//div[@id=&apos;c_articlelist_stories_2&apos;]/ul[1]/li/span[2]/span[2], using=xpath}] Result: [id: 0.08558070645241611-97, id: 0.08558070645241611-98, id: 0.08558070645241611-99, id: 0.08558070645241611-100, id: 0.08558070645241611-101, id: 0.08558070645241611-102, id: 0.08558070645241611-103, id: 0.08558070645241611-104, id: 0.08558070645241611-105, id: 0.08558070645241611-106, id: 0.08558070645241611-107, id: 0.08558070645241611-108, id: 0.08558070645241611-109, id: 0.08558070645241611-110, id: 0.08558070645241611-111, id: 0.08558070645241611-112, id: 0.08558070645241611-113, id: 0.08558070645241611-114, id: 0.08558070645241611-115, id: 0.08558070645241611-116, id: 0.08558070645241611-117, id: 0.08558070645241611-118, id: 0.08558070645241611-119, id: 0.08558070645241611-120, id: 0.08558070645241611-121, id: 0.08558070645241611-122, id: 0.08558070645241611-123, id: 0.08558070645241611-124, id: 0.08558070645241611-125, id: 0.08558070645241611-126, id: 0.08558070645241611-127, id: 0.08558070645241611-128, id: 0.08558070645241611-129, id: 0.08558070645241611-130, id: 0.08558070645241611-131, id: 0.08558070645241611-132, id: 0.08558070645241611-133, id: 0.08558070645241611-134, id: 0.08558070645241611-135, id: 0.08558070645241611-136, id: 0.08558070645241611-137, id: 0.08558070645241611-138, id: 0.08558070645241611-139, id: 0.08558070645241611-140, id: 0.08558070645241611-141, id: 0.08558070645241611-142, id: 0.08558070645241611-143, id: 0.08558070645241611-144, id: 0.08558070645241611-145, id: 0.08558070645241611-146, id: 0.08558070645241611-147, id: 0.08558070645241611-148, id: 0.08558070645241611-149, id: 0.08558070645241611-150, id: 0.08558070645241611-151, id: 0.08558070645241611-152, id: 0.08558070645241611-153, id: 0.08558070645241611-154, id: 0.08558070645241611-155, id: 0.08558070645241611-156, id: 0.08558070645241611-157, id: 0.08558070645241611-158, id: 0.08558070645241611-159, id: 0.08558070645241611-160, id: 0.08558070645241611-161, id: 0.08558070645241611-162, id: 0.08558070645241611-163, id: 0.08558070645241611-164, id: 0.08558070645241611-165, id: 0.08558070645241611-166, id: 0.08558070645241611-167, id: 0.08558070645241611-168, id: 0.08558070645241611-169, id: 0.08558070645241611-170, id: 0.08558070645241611-171, id: 0.08558070645241611-172, id: 0.08558070645241611-173, id: 0.08558070645241611-174, id: 0.08558070645241611-175, id: 0.08558070645241611-176, id: 0.08558070645241611-177, id: 0.08558070645241611-178, id: 0.08558070645241611-179, id: 0.08558070645241611-180, id: 0.08558070645241611-181, id: 0.08558070645241611-182, id: 0.08558070645241611-183, id: 0.08558070645241611-184, id: 0.08558070645241611-185, id: 0.08558070645241611-186, id: 0.08558070645241611-187, id: 0.08558070645241611-188, id: 0.08558070645241611-189, id: 0.08558070645241611-190, id: 0.08558070645241611-191, id: 0.08558070645241611-192]
[WebDriverCommandLogger] - Executing findElements parameters: {&quot;using&quot;:&quot;xpath&quot;,&quot;value&quot;:&quot;//div[@id=&apos;c_articlelist_stories_2&apos;]/ul[1]/li/span[2]/span[2]&quot;}
[WebDriverCommandLogger] - command: findElements[ param-1: {value=//div[@id=&apos;c_articlelist_stories_2&apos;]/ul[1]/li/span[2]/span[2], using=xpath}] Result: [id: 0.08558070645241611-97, id: 0.08558070645241611-98, id: 0.08558070645241611-99, id: 0.08558070645241611-100, id: 0.08558070645241611-101, id: 0.08558070645241611-102, id: 0.08558070645241611-103, id: 0.08558070645241611-104, id: 0.08558070645241611-105, id: 0.08558070645241611-106, id: 0.08558070645241611-107, id: 0.08558070645241611-108, id: 0.08558070645241611-109, id: 0.08558070645241611-110, id: 0.08558070645241611-111, id: 0.08558070645241611-112, id: 0.08558070645241611-113, id: 0.08558070645241611-114, id: 0.08558070645241611-115, id: 0.08558070645241611-116, id: 0.08558070645241611-117, id: 0.08558070645241611-118, id: 0.08558070645241611-119, id: 0.08558070645241611-120, id: 0.08558070645241611-121, id: 0.08558070645241611-122, id: 0.08558070645241611-123, id: 0.08558070645241611-124, id: 0.08558070645241611-125, id: 0.08558070645241611-126, id: 0.08558070645241611-127, id: 0.08558070645241611-128, id: 0.08558070645241611-129, id: 0.08558070645241611-130, id: 0.08558070645241611-131, id: 0.08558070645241611-132, id: 0.08558070645241611-133, id: 0.08558070645241611-134, id: 0.08558070645241611-135, id: 0.08558070645241611-136, id: 0.08558070645241611-137, id: 0.08558070645241611-138, id: 0.08558070645241611-139, id: 0.08558070645241611-140, id: 0.08558070645241611-141, id: 0.08558070645241611-142, id: 0.08558070645241611-143, id: 0.08558070645241611-144, id: 0.08558070645241611-145, id: 0.08558070645241611-146, id: 0.08558070645241611-147, id: 0.08558070645241611-148, id: 0.08558070645241611-149, id: 0.08558070645241611-150, id: 0.08558070645241611-151, id: 0.08558070645241611-152, id: 0.08558070645241611-153, id: 0.08558070645241611-154, id: 0.08558070645241611-155, id: 0.08558070645241611-156, id: 0.08558070645241611-157, id: 0.08558070645241611-158, id: 0.08558070645241611-159, id: 0.08558070645241611-160, id: 0.08558070645241611-161, id: 0.08558070645241611-162, id: 0.08558070645241611-163, id: 0.08558070645241611-164, id: 0.08558070645241611-165, id: 0.08558070645241611-166, id: 0.08558070645241611-167, id: 0.08558070645241611-168, id: 0.08558070645241611-169, id: 0.08558070645241611-170, id: 0.08558070645241611-171, id: 0.08558070645241611-172, id: 0.08558070645241611-173, id: 0.08558070645241611-174, id: 0.08558070645241611-175, id: 0.08558070645241611-176, id: 0.08558070645241611-177, id: 0.08558070645241611-178, id: 0.08558070645241611-179, id: 0.08558070645241611-180, id: 0.08558070645241611-181, id: 0.08558070645241611-182, id: 0.08558070645241611-183, id: 0.08558070645241611-184, id: 0.08558070645241611-185, id: 0.08558070645241611-186, id: 0.08558070645241611-187, id: 0.08558070645241611-188, id: 0.08558070645241611-189, id: 0.08558070645241611-190, id: 0.08558070645241611-191, id: 0.08558070645241611-192]
[WebDriverCommandLogger] - Executing getElementText element: By.xpath: //div[@id=&apos;c_articlelist_stories_2&apos;]/ul[1]/li/span[2]/span[2] parameters: {&quot;id&quot;:&quot;0.08558070645241611-165&quot;}
[WebDriverCommandLogger] - command: getElementText[ param-1: By.xpath: //div[@id=&apos;c_articlelist_stories_2&apos;]/ul[1]/li/span[2]/span[2] param-2: {&quot;id&quot;:&quot;0.08558070645241611-165&quot;}] Result: getElementText:2 DAYS AGO
[WebDriverCommandLogger] - Executing findElements parameters: {&quot;using&quot;:&quot;xpath&quot;,&quot;value&quot;:&quot;//div[@id=&apos;c_articlelist_stories_2&apos;]/ul[1]/li/span[2]/span[2]&quot;}
[WebDriverCommandLogger] - command: findElements[ param-1: {value=//div[@id=&apos;c_articlelist_stories_2&apos;]/ul[1]/li/span[2]/span[2], using=xpath}] Result: [id: 0.08558070645241611-97, id: 0.08558070645241611-98, id: 0.08558070645241611-99, id: 0.08558070645241611-100, id: 0.08558070645241611-101, id: 0.08558070645241611-102, id: 0.08558070645241611-103, id: 0.08558070645241611-104, id: 0.08558070645241611-105, id: 0.08558070645241611-106, id: 0.08558070645241611-107, id: 0.08558070645241611-108, id: 0.08558070645241611-109, id: 0.08558070645241611-110, id: 0.08558070645241611-111, id: 0.08558070645241611-112, id: 0.08558070645241611-113, id: 0.08558070645241611-114, id: 0.08558070645241611-115, id: 0.08558070645241611-116, id: 0.08558070645241611-117, id: 0.08558070645241611-118, id: 0.08558070645241611-119, id: 0.08558070645241611-120, id: 0.08558070645241611-121, id: 0.08558070645241611-122, id: 0.08558070645241611-123, id: 0.08558070645241611-124, id: 0.08558070645241611-125, id: 0.08558070645241611-126, id: 0.08558070645241611-127, id: 0.08558070645241611-128, id: 0.08558070645241611-129, id: 0.08558070645241611-130, id: 0.08558070645241611-131, id: 0.08558070645241611-132, id: 0.08558070645241611-133, id: 0.08558070645241611-134, id: 0.08558070645241611-135, id: 0.08558070645241611-136, id: 0.08558070645241611-137, id: 0.08558070645241611-138, id: 0.08558070645241611-139, id: 0.08558070645241611-140, id: 0.08558070645241611-141, id: 0.08558070645241611-142, id: 0.08558070645241611-143, id: 0.08558070645241611-144, id: 0.08558070645241611-145, id: 0.08558070645241611-146, id: 0.08558070645241611-147, id: 0.08558070645241611-148, id: 0.08558070645241611-149, id: 0.08558070645241611-150, id: 0.08558070645241611-151, id: 0.08558070645241611-152, id: 0.08558070645241611-153, id: 0.08558070645241611-154, id: 0.08558070645241611-155, id: 0.08558070645241611-156, id: 0.08558070645241611-157, id: 0.08558070645241611-158, id: 0.08558070645241611-159, id: 0.08558070645241611-160, id: 0.08558070645241611-161, id: 0.08558070645241611-162, id: 0.08558070645241611-163, id: 0.08558070645241611-164, id: 0.08558070645241611-165, id: 0.08558070645241611-166, id: 0.08558070645241611-167, id: 0.08558070645241611-168, id: 0.08558070645241611-169, id: 0.08558070645241611-170, id: 0.08558070645241611-171, id: 0.08558070645241611-172, id: 0.08558070645241611-173, id: 0.08558070645241611-174, id: 0.08558070645241611-175, id: 0.08558070645241611-176, id: 0.08558070645241611-177, id: 0.08558070645241611-178, id: 0.08558070645241611-179, id: 0.08558070645241611-180, id: 0.08558070645241611-181, id: 0.08558070645241611-182, id: 0.08558070645241611-183, id: 0.08558070645241611-184, id: 0.08558070645241611-185, id: 0.08558070645241611-186, id: 0.08558070645241611-187, id: 0.08558070645241611-188, id: 0.08558070645241611-189, id: 0.08558070645241611-190, id: 0.08558070645241611-191, id: 0.08558070645241611-192]
[WebDriverCommandLogger] - Executing getElementText element: By.xpath: //div[@id=&apos;c_articlelist_stories_2&apos;]/ul[1]/li/span[2]/span[2] parameters: {&quot;id&quot;:&quot;0.08558070645241611-165&quot;}
[WebDriverCommandLogger] - command: getElementText[ param-1: By.xpath: //div[@id=&apos;c_articlelist_stories_2&apos;]/ul[1]/li/span[2]/span[2] param-2: {&quot;id&quot;:&quot;0.08558070645241611-165&quot;}] Result: getElementText:2 DAYS AGO
[WebDriverCommandLogger] - Executing findElements parameters: {&quot;using&quot;:&quot;xpath&quot;,&quot;value&quot;:&quot;//div[@id=&apos;c_articlelist_stories_2&apos;]/ul[1]/li/span[2]/span[2]&quot;}
[WebDriverCommandLogger] - command: findElements[ param-1: {value=//div[@id=&apos;c_articlelist_stories_2&apos;]/ul[1]/li/span[2]/span[2], using=xpath}] Result: [id: 0.08558070645241611-97, id: 0.08558070645241611-98, id: 0.08558070645241611-99, id: 0.08558070645241611-100, id: 0.08558070645241611-101, id: 0.08558070645241611-102, id: 0.08558070645241611-103, id: 0.08558070645241611-104, id: 0.08558070645241611-105, id: 0.08558070645241611-106, id: 0.08558070645241611-107, id: 0.08558070645241611-108, id: 0.08558070645241611-109, id: 0.08558070645241611-110, id: 0.08558070645241611-111, id: 0.08558070645241611-112, id: 0.08558070645241611-113, id: 0.08558070645241611-114, id: 0.08558070645241611-115, id: 0.08558070645241611-116, id: 0.08558070645241611-117, id: 0.08558070645241611-118, id: 0.08558070645241611-119, id: 0.08558070645241611-120, id: 0.08558070645241611-121, id: 0.08558070645241611-122, id: 0.08558070645241611-123, id: 0.08558070645241611-124, id: 0.08558070645241611-125, id: 0.08558070645241611-126, id: 0.08558070645241611-127, id: 0.08558070645241611-128, id: 0.08558070645241611-129, id: 0.08558070645241611-130, id: 0.08558070645241611-131, id: 0.08558070645241611-132, id: 0.08558070645241611-133, id: 0.08558070645241611-134, id: 0.08558070645241611-135, id: 0.08558070645241611-136, id: 0.08558070645241611-137, id: 0.08558070645241611-138, id: 0.08558070645241611-139, id: 0.08558070645241611-140, id: 0.08558070645241611-141, id: 0.08558070645241611-142, id: 0.08558070645241611-143, id: 0.08558070645241611-144, id: 0.08558070645241611-145, id: 0.08558070645241611-146, id: 0.08558070645241611-147, id: 0.08558070645241611-148, id: 0.08558070645241611-149, id: 0.08558070645241611-150, id: 0.08558070645241611-151, id: 0.08558070645241611-152, id: 0.08558070645241611-153, id: 0.08558070645241611-154, id: 0.08558070645241611-155, id: 0.08558070645241611-156, id: 0.08558070645241611-157, id: 0.08558070645241611-158, id: 0.08558070645241611-159, id: 0.08558070645241611-160, id: 0.08558070645241611-161, id: 0.08558070645241611-162, id: 0.08558070645241611-163, id: 0.08558070645241611-164, id: 0.08558070645241611-165, id: 0.08558070645241611-166, id: 0.08558070645241611-167, id: 0.08558070645241611-168, id: 0.08558070645241611-169, id: 0.08558070645241611-170, id: 0.08558070645241611-171, id: 0.08558070645241611-172, id: 0.08558070645241611-173, id: 0.08558070645241611-174, id: 0.08558070645241611-175, id: 0.08558070645241611-176, id: 0.08558070645241611-177, id: 0.08558070645241611-178, id: 0.08558070645241611-179, id: 0.08558070645241611-180, id: 0.08558070645241611-181, id: 0.08558070645241611-182, id: 0.08558070645241611-183, id: 0.08558070645241611-184, id: 0.08558070645241611-185, id: 0.08558070645241611-186, id: 0.08558070645241611-187, id: 0.08558070645241611-188, id: 0.08558070645241611-189, id: 0.08558070645241611-190, id: 0.08558070645241611-191, id: 0.08558070645241611-192]
[WebDriverCommandLogger] - Executing findElements parameters: {&quot;using&quot;:&quot;xpath&quot;,&quot;value&quot;:&quot;//div[@id=&apos;c_articlelist_stories_2&apos;]/ul[1]/li/span[2]/span[2]&quot;}
[WebDriverCommandLogger] - command: findElements[ param-1: {value=//div[@id=&apos;c_articlelist_stories_2&apos;]/ul[1]/li/span[2]/span[2], using=xpath}] Result: [id: 0.08558070645241611-97, id: 0.08558070645241611-98, id: 0.08558070645241611-99, id: 0.08558070645241611-100, id: 0.08558070645241611-101, id: 0.08558070645241611-102, id: 0.08558070645241611-103, id: 0.08558070645241611-104, id: 0.08558070645241611-105, id: 0.08558070645241611-106, id: 0.08558070645241611-107, id: 0.08558070645241611-108, id: 0.08558070645241611-109, id: 0.08558070645241611-110, id: 0.08558070645241611-111, id: 0.08558070645241611-112, id: 0.08558070645241611-113, id: 0.08558070645241611-114, id: 0.08558070645241611-115, id: 0.08558070645241611-116, id: 0.08558070645241611-117, id: 0.08558070645241611-118, id: 0.08558070645241611-119, id: 0.08558070645241611-120, id: 0.08558070645241611-121, id: 0.08558070645241611-122, id: 0.08558070645241611-123, id: 0.08558070645241611-124, id: 0.08558070645241611-125, id: 0.08558070645241611-126, id: 0.08558070645241611-127, id: 0.08558070645241611-128, id: 0.08558070645241611-129, id: 0.08558070645241611-130, id: 0.08558070645241611-131, id: 0.08558070645241611-132, id: 0.08558070645241611-133, id: 0.08558070645241611-134, id: 0.08558070645241611-135, id: 0.08558070645241611-136, id: 0.08558070645241611-137, id: 0.08558070645241611-138, id: 0.08558070645241611-139, id: 0.08558070645241611-140, id: 0.08558070645241611-141, id: 0.08558070645241611-142, id: 0.08558070645241611-143, id: 0.08558070645241611-144, id: 0.08558070645241611-145, id: 0.08558070645241611-146, id: 0.08558070645241611-147, id: 0.08558070645241611-148, id: 0.08558070645241611-149, id: 0.08558070645241611-150, id: 0.08558070645241611-151, id: 0.08558070645241611-152, id: 0.08558070645241611-153, id: 0.08558070645241611-154, id: 0.08558070645241611-155, id: 0.08558070645241611-156, id: 0.08558070645241611-157, id: 0.08558070645241611-158, id: 0.08558070645241611-159, id: 0.08558070645241611-160, id: 0.08558070645241611-161, id: 0.08558070645241611-162, id: 0.08558070645241611-163, id: 0.08558070645241611-164, id: 0.08558070645241611-165, id: 0.08558070645241611-166, id: 0.08558070645241611-167, id: 0.08558070645241611-168, id: 0.08558070645241611-169, id: 0.08558070645241611-170, id: 0.08558070645241611-171, id: 0.08558070645241611-172, id: 0.08558070645241611-173, id: 0.08558070645241611-174, id: 0.08558070645241611-175, id: 0.08558070645241611-176, id: 0.08558070645241611-177, id: 0.08558070645241611-178, id: 0.08558070645241611-179, id: 0.08558070645241611-180, id: 0.08558070645241611-181, id: 0.08558070645241611-182, id: 0.08558070645241611-183, id: 0.08558070645241611-184, id: 0.08558070645241611-185, id: 0.08558070645241611-186, id: 0.08558070645241611-187, id: 0.08558070645241611-188, id: 0.08558070645241611-189, id: 0.08558070645241611-190, id: 0.08558070645241611-191, id: 0.08558070645241611-192]
[WebDriverCommandLogger] - Executing getElementText element: By.xpath: //div[@id=&apos;c_articlelist_stories_2&apos;]/ul[1]/li/span[2]/span[2] parameters: {&quot;id&quot;:&quot;0.08558070645241611-166&quot;}
[WebDriverCommandLogger] - command: getElementText[ param-1: By.xpath: //div[@id=&apos;c_articlelist_stories_2&apos;]/ul[1]/li/span[2]/span[2] param-2: {&quot;id&quot;:&quot;0.08558070645241611-166&quot;}] Result: getElementText:2 DAYS AGO
[WebDriverCommandLogger] - Executing findElements parameters: {&quot;using&quot;:&quot;xpath&quot;,&quot;value&quot;:&quot;//div[@id=&apos;c_articlelist_stories_2&apos;]/ul[1]/li/span[2]/span[2]&quot;}
[WebDriverCommandLogger] - command: findElements[ param-1: {value=//div[@id=&apos;c_articlelist_stories_2&apos;]/ul[1]/li/span[2]/span[2], using=xpath}] Result: [id: 0.08558070645241611-97, id: 0.08558070645241611-98, id: 0.08558070645241611-99, id: 0.08558070645241611-100, id: 0.08558070645241611-101, id: 0.08558070645241611-102, id: 0.08558070645241611-103, id: 0.08558070645241611-104, id: 0.08558070645241611-105, id: 0.08558070645241611-106, id: 0.08558070645241611-107, id: 0.08558070645241611-108, id: 0.08558070645241611-109, id: 0.08558070645241611-110, id: 0.08558070645241611-111, id: 0.08558070645241611-112, id: 0.08558070645241611-113, id: 0.08558070645241611-114, id: 0.08558070645241611-115, id: 0.08558070645241611-116, id: 0.08558070645241611-117, id: 0.08558070645241611-118, id: 0.08558070645241611-119, id: 0.08558070645241611-120, id: 0.08558070645241611-121, id: 0.08558070645241611-122, id: 0.08558070645241611-123, id: 0.08558070645241611-124, id: 0.08558070645241611-125, id: 0.08558070645241611-126, id: 0.08558070645241611-127, id: 0.08558070645241611-128, id: 0.08558070645241611-129, id: 0.08558070645241611-130, id: 0.08558070645241611-131, id: 0.08558070645241611-132, id: 0.08558070645241611-133, id: 0.08558070645241611-134, id: 0.08558070645241611-135, id: 0.08558070645241611-136, id: 0.08558070645241611-137, id: 0.08558070645241611-138, id: 0.08558070645241611-139, id: 0.08558070645241611-140, id: 0.08558070645241611-141, id: 0.08558070645241611-142, id: 0.08558070645241611-143, id: 0.08558070645241611-144, id: 0.08558070645241611-145, id: 0.08558070645241611-146, id: 0.08558070645241611-147, id: 0.08558070645241611-148, id: 0.08558070645241611-149, id: 0.08558070645241611-150, id: 0.08558070645241611-151, id: 0.08558070645241611-152, id: 0.08558070645241611-153, id: 0.08558070645241611-154, id: 0.08558070645241611-155, id: 0.08558070645241611-156, id: 0.08558070645241611-157, id: 0.08558070645241611-158, id: 0.08558070645241611-159, id: 0.08558070645241611-160, id: 0.08558070645241611-161, id: 0.08558070645241611-162, id: 0.08558070645241611-163, id: 0.08558070645241611-164, id: 0.08558070645241611-165, id: 0.08558070645241611-166, id: 0.08558070645241611-167, id: 0.08558070645241611-168, id: 0.08558070645241611-169, id: 0.08558070645241611-170, id: 0.08558070645241611-171, id: 0.08558070645241611-172, id: 0.08558070645241611-173, id: 0.08558070645241611-174, id: 0.08558070645241611-175, id: 0.08558070645241611-176, id: 0.08558070645241611-177, id: 0.08558070645241611-178, id: 0.08558070645241611-179, id: 0.08558070645241611-180, id: 0.08558070645241611-181, id: 0.08558070645241611-182, id: 0.08558070645241611-183, id: 0.08558070645241611-184, id: 0.08558070645241611-185, id: 0.08558070645241611-186, id: 0.08558070645241611-187, id: 0.08558070645241611-188, id: 0.08558070645241611-189, id: 0.08558070645241611-190, id: 0.08558070645241611-191, id: 0.08558070645241611-192]
[WebDriverCommandLogger] - Executing getElementText element: By.xpath: //div[@id=&apos;c_articlelist_stories_2&apos;]/ul[1]/li/span[2]/span[2] parameters: {&quot;id&quot;:&quot;0.08558070645241611-166&quot;}
[WebDriverCommandLogger] - command: getElementText[ param-1: By.xpath: //div[@id=&apos;c_articlelist_stories_2&apos;]/ul[1]/li/span[2]/span[2] param-2: {&quot;id&quot;:&quot;0.08558070645241611-166&quot;}] Result: getElementText:2 DAYS AGO
[WebDriverCommandLogger] - Executing findElements parameters: {&quot;using&quot;:&quot;xpath&quot;,&quot;value&quot;:&quot;//div[@id=&apos;c_articlelist_stories_2&apos;]/ul[1]/li/span[2]/span[2]&quot;}
[WebDriverCommandLogger] - command: findElements[ param-1: {value=//div[@id=&apos;c_articlelist_stories_2&apos;]/ul[1]/li/span[2]/span[2], using=xpath}] Result: [id: 0.08558070645241611-97, id: 0.08558070645241611-98, id: 0.08558070645241611-99, id: 0.08558070645241611-100, id: 0.08558070645241611-101, id: 0.08558070645241611-102, id: 0.08558070645241611-103, id: 0.08558070645241611-104, id: 0.08558070645241611-105, id: 0.08558070645241611-106, id: 0.08558070645241611-107, id: 0.08558070645241611-108, id: 0.08558070645241611-109, id: 0.08558070645241611-110, id: 0.08558070645241611-111, id: 0.08558070645241611-112, id: 0.08558070645241611-113, id: 0.08558070645241611-114, id: 0.08558070645241611-115, id: 0.08558070645241611-116, id: 0.08558070645241611-117, id: 0.08558070645241611-118, id: 0.08558070645241611-119, id: 0.08558070645241611-120, id: 0.08558070645241611-121, id: 0.08558070645241611-122, id: 0.08558070645241611-123, id: 0.08558070645241611-124, id: 0.08558070645241611-125, id: 0.08558070645241611-126, id: 0.08558070645241611-127, id: 0.08558070645241611-128, id: 0.08558070645241611-129, id: 0.08558070645241611-130, id: 0.08558070645241611-131, id: 0.08558070645241611-132, id: 0.08558070645241611-133, id: 0.08558070645241611-134, id: 0.08558070645241611-135, id: 0.08558070645241611-136, id: 0.08558070645241611-137, id: 0.08558070645241611-138, id: 0.08558070645241611-139, id: 0.08558070645241611-140, id: 0.08558070645241611-141, id: 0.08558070645241611-142, id: 0.08558070645241611-143, id: 0.08558070645241611-144, id: 0.08558070645241611-145, id: 0.08558070645241611-146, id: 0.08558070645241611-147, id: 0.08558070645241611-148, id: 0.08558070645241611-149, id: 0.08558070645241611-150, id: 0.08558070645241611-151, id: 0.08558070645241611-152, id: 0.08558070645241611-153, id: 0.08558070645241611-154, id: 0.08558070645241611-155, id: 0.08558070645241611-156, id: 0.08558070645241611-157, id: 0.08558070645241611-158, id: 0.08558070645241611-159, id: 0.08558070645241611-160, id: 0.08558070645241611-161, id: 0.08558070645241611-162, id: 0.08558070645241611-163, id: 0.08558070645241611-164, id: 0.08558070645241611-165, id: 0.08558070645241611-166, id: 0.08558070645241611-167, id: 0.08558070645241611-168, id: 0.08558070645241611-169, id: 0.08558070645241611-170, id: 0.08558070645241611-171, id: 0.08558070645241611-172, id: 0.08558070645241611-173, id: 0.08558070645241611-174, id: 0.08558070645241611-175, id: 0.08558070645241611-176, id: 0.08558070645241611-177, id: 0.08558070645241611-178, id: 0.08558070645241611-179, id: 0.08558070645241611-180, id: 0.08558070645241611-181, id: 0.08558070645241611-182, id: 0.08558070645241611-183, id: 0.08558070645241611-184, id: 0.08558070645241611-185, id: 0.08558070645241611-186, id: 0.08558070645241611-187, id: 0.08558070645241611-188, id: 0.08558070645241611-189, id: 0.08558070645241611-190, id: 0.08558070645241611-191, id: 0.08558070645241611-192]
[WebDriverCommandLogger] - Executing findElements parameters: {&quot;using&quot;:&quot;xpath&quot;,&quot;value&quot;:&quot;//div[@id=&apos;c_articlelist_stories_2&apos;]/ul[1]/li/span[2]/span[2]&quot;}
[WebDriverCommandLogger] - command: findElements[ param-1: {value=//div[@id=&apos;c_articlelist_stories_2&apos;]/ul[1]/li/span[2]/span[2], using=xpath}] Result: [id: 0.08558070645241611-97, id: 0.08558070645241611-98, id: 0.08558070645241611-99, id: 0.08558070645241611-100, id: 0.08558070645241611-101, id: 0.08558070645241611-102, id: 0.08558070645241611-103, id: 0.08558070645241611-104, id: 0.08558070645241611-105, id: 0.08558070645241611-106, id: 0.08558070645241611-107, id: 0.08558070645241611-108, id: 0.08558070645241611-109, id: 0.08558070645241611-110, id: 0.08558070645241611-111, id: 0.08558070645241611-112, id: 0.08558070645241611-113, id: 0.08558070645241611-114, id: 0.08558070645241611-115, id: 0.08558070645241611-116, id: 0.08558070645241611-117, id: 0.08558070645241611-118, id: 0.08558070645241611-119, id: 0.08558070645241611-120, id: 0.08558070645241611-121, id: 0.08558070645241611-122, id: 0.08558070645241611-123, id: 0.08558070645241611-124, id: 0.08558070645241611-125, id: 0.08558070645241611-126, id: 0.08558070645241611-127, id: 0.08558070645241611-128, id: 0.08558070645241611-129, id: 0.08558070645241611-130, id: 0.08558070645241611-131, id: 0.08558070645241611-132, id: 0.08558070645241611-133, id: 0.08558070645241611-134, id: 0.08558070645241611-135, id: 0.08558070645241611-136, id: 0.08558070645241611-137, id: 0.08558070645241611-138, id: 0.08558070645241611-139, id: 0.08558070645241611-140, id: 0.08558070645241611-141, id: 0.08558070645241611-142, id: 0.08558070645241611-143, id: 0.08558070645241611-144, id: 0.08558070645241611-145, id: 0.08558070645241611-146, id: 0.08558070645241611-147, id: 0.08558070645241611-148, id: 0.08558070645241611-149, id: 0.08558070645241611-150, id: 0.08558070645241611-151, id: 0.08558070645241611-152, id: 0.08558070645241611-153, id: 0.08558070645241611-154, id: 0.08558070645241611-155, id: 0.08558070645241611-156, id: 0.08558070645241611-157, id: 0.08558070645241611-158, id: 0.08558070645241611-159, id: 0.08558070645241611-160, id: 0.08558070645241611-161, id: 0.08558070645241611-162, id: 0.08558070645241611-163, id: 0.08558070645241611-164, id: 0.08558070645241611-165, id: 0.08558070645241611-166, id: 0.08558070645241611-167, id: 0.08558070645241611-168, id: 0.08558070645241611-169, id: 0.08558070645241611-170, id: 0.08558070645241611-171, id: 0.08558070645241611-172, id: 0.08558070645241611-173, id: 0.08558070645241611-174, id: 0.08558070645241611-175, id: 0.08558070645241611-176, id: 0.08558070645241611-177, id: 0.08558070645241611-178, id: 0.08558070645241611-179, id: 0.08558070645241611-180, id: 0.08558070645241611-181, id: 0.08558070645241611-182, id: 0.08558070645241611-183, id: 0.08558070645241611-184, id: 0.08558070645241611-185, id: 0.08558070645241611-186, id: 0.08558070645241611-187, id: 0.08558070645241611-188, id: 0.08558070645241611-189, id: 0.08558070645241611-190, id: 0.08558070645241611-191, id: 0.08558070645241611-192]
[WebDriverCommandLogger] - Executing getElementText element: By.xpath: //div[@id=&apos;c_articlelist_stories_2&apos;]/ul[1]/li/span[2]/span[2] parameters: {&quot;id&quot;:&quot;0.08558070645241611-167&quot;}
[WebDriverCommandLogger] - command: getElementText[ param-1: By.xpath: //div[@id=&apos;c_articlelist_stories_2&apos;]/ul[1]/li/span[2]/span[2] param-2: {&quot;id&quot;:&quot;0.08558070645241611-167&quot;}] Result: getElementText:2 DAYS AGO
[WebDriverCommandLogger] - Executing findElements parameters: {&quot;using&quot;:&quot;xpath&quot;,&quot;value&quot;:&quot;//div[@id=&apos;c_articlelist_stories_2&apos;]/ul[1]/li/span[2]/span[2]&quot;}
[WebDriverCommandLogger] - command: findElements[ param-1: {value=//div[@id=&apos;c_articlelist_stories_2&apos;]/ul[1]/li/span[2]/span[2], using=xpath}] Result: [id: 0.08558070645241611-97, id: 0.08558070645241611-98, id: 0.08558070645241611-99, id: 0.08558070645241611-100, id: 0.08558070645241611-101, id: 0.08558070645241611-102, id: 0.08558070645241611-103, id: 0.08558070645241611-104, id: 0.08558070645241611-105, id: 0.08558070645241611-106, id: 0.08558070645241611-107, id: 0.08558070645241611-108, id: 0.08558070645241611-109, id: 0.08558070645241611-110, id: 0.08558070645241611-111, id: 0.08558070645241611-112, id: 0.08558070645241611-113, id: 0.08558070645241611-114, id: 0.08558070645241611-115, id: 0.08558070645241611-116, id: 0.08558070645241611-117, id: 0.08558070645241611-118, id: 0.08558070645241611-119, id: 0.08558070645241611-120, id: 0.08558070645241611-121, id: 0.08558070645241611-122, id: 0.08558070645241611-123, id: 0.08558070645241611-124, id: 0.08558070645241611-125, id: 0.08558070645241611-126, id: 0.08558070645241611-127, id: 0.08558070645241611-128, id: 0.08558070645241611-129, id: 0.08558070645241611-130, id: 0.08558070645241611-131, id: 0.08558070645241611-132, id: 0.08558070645241611-133, id: 0.08558070645241611-134, id: 0.08558070645241611-135, id: 0.08558070645241611-136, id: 0.08558070645241611-137, id: 0.08558070645241611-138, id: 0.08558070645241611-139, id: 0.08558070645241611-140, id: 0.08558070645241611-141, id: 0.08558070645241611-142, id: 0.08558070645241611-143, id: 0.08558070645241611-144, id: 0.08558070645241611-145, id: 0.08558070645241611-146, id: 0.08558070645241611-147, id: 0.08558070645241611-148, id: 0.08558070645241611-149, id: 0.08558070645241611-150, id: 0.08558070645241611-151, id: 0.08558070645241611-152, id: 0.08558070645241611-153, id: 0.08558070645241611-154, id: 0.08558070645241611-155, id: 0.08558070645241611-156, id: 0.08558070645241611-157, id: 0.08558070645241611-158, id: 0.08558070645241611-159, id: 0.08558070645241611-160, id: 0.08558070645241611-161, id: 0.08558070645241611-162, id: 0.08558070645241611-163, id: 0.08558070645241611-164, id: 0.08558070645241611-165, id: 0.08558070645241611-166, id: 0.08558070645241611-167, id: 0.08558070645241611-168, id: 0.08558070645241611-169, id: 0.08558070645241611-170, id: 0.08558070645241611-171, id: 0.08558070645241611-172, id: 0.08558070645241611-173, id: 0.08558070645241611-174, id: 0.08558070645241611-175, id: 0.08558070645241611-176, id: 0.08558070645241611-177, id: 0.08558070645241611-178, id: 0.08558070645241611-179, id: 0.08558070645241611-180, id: 0.08558070645241611-181, id: 0.08558070645241611-182, id: 0.08558070645241611-183, id: 0.08558070645241611-184, id: 0.08558070645241611-185, id: 0.08558070645241611-186, id: 0.08558070645241611-187, id: 0.08558070645241611-188, id: 0.08558070645241611-189, id: 0.08558070645241611-190, id: 0.08558070645241611-191, id: 0.08558070645241611-192]
[WebDriverCommandLogger] - Executing getElementText element: By.xpath: //div[@id=&apos;c_articlelist_stories_2&apos;]/ul[1]/li/span[2]/span[2] parameters: {&quot;id&quot;:&quot;0.08558070645241611-167&quot;}
[WebDriverCommandLogger] - command: getElementText[ param-1: By.xpath: //div[@id=&apos;c_articlelist_stories_2&apos;]/ul[1]/li/span[2]/span[2] param-2: {&quot;id&quot;:&quot;0.08558070645241611-167&quot;}] Result: getElementText:2 DAYS AGO
[WebDriverCommandLogger] - Executing findElements parameters: {&quot;using&quot;:&quot;xpath&quot;,&quot;value&quot;:&quot;//div[@id=&apos;c_articlelist_stories_2&apos;]/ul[1]/li/span[2]/span[2]&quot;}
[WebDriverCommandLogger] - command: findElements[ param-1: {value=//div[@id=&apos;c_articlelist_stories_2&apos;]/ul[1]/li/span[2]/span[2], using=xpath}] Result: [id: 0.08558070645241611-97, id: 0.08558070645241611-98, id: 0.08558070645241611-99, id: 0.08558070645241611-100, id: 0.08558070645241611-101, id: 0.08558070645241611-102, id: 0.08558070645241611-103, id: 0.08558070645241611-104, id: 0.08558070645241611-105, id: 0.08558070645241611-106, id: 0.08558070645241611-107, id: 0.08558070645241611-108, id: 0.08558070645241611-109, id: 0.08558070645241611-110, id: 0.08558070645241611-111, id: 0.08558070645241611-112, id: 0.08558070645241611-113, id: 0.08558070645241611-114, id: 0.08558070645241611-115, id: 0.08558070645241611-116, id: 0.08558070645241611-117, id: 0.08558070645241611-118, id: 0.08558070645241611-119, id: 0.08558070645241611-120, id: 0.08558070645241611-121, id: 0.08558070645241611-122, id: 0.08558070645241611-123, id: 0.08558070645241611-124, id: 0.08558070645241611-125, id: 0.08558070645241611-126, id: 0.08558070645241611-127, id: 0.08558070645241611-128, id: 0.08558070645241611-129, id: 0.08558070645241611-130, id: 0.08558070645241611-131, id: 0.08558070645241611-132, id: 0.08558070645241611-133, id: 0.08558070645241611-134, id: 0.08558070645241611-135, id: 0.08558070645241611-136, id: 0.08558070645241611-137, id: 0.08558070645241611-138, id: 0.08558070645241611-139, id: 0.08558070645241611-140, id: 0.08558070645241611-141, id: 0.08558070645241611-142, id: 0.08558070645241611-143, id: 0.08558070645241611-144, id: 0.08558070645241611-145, id: 0.08558070645241611-146, id: 0.08558070645241611-147, id: 0.08558070645241611-148, id: 0.08558070645241611-149, id: 0.08558070645241611-150, id: 0.08558070645241611-151, id: 0.08558070645241611-152, id: 0.08558070645241611-153, id: 0.08558070645241611-154, id: 0.08558070645241611-155, id: 0.08558070645241611-156, id: 0.08558070645241611-157, id: 0.08558070645241611-158, id: 0.08558070645241611-159, id: 0.08558070645241611-160, id: 0.08558070645241611-161, id: 0.08558070645241611-162, id: 0.08558070645241611-163, id: 0.08558070645241611-164, id: 0.08558070645241611-165, id: 0.08558070645241611-166, id: 0.08558070645241611-167, id: 0.08558070645241611-168, id: 0.08558070645241611-169, id: 0.08558070645241611-170, id: 0.08558070645241611-171, id: 0.08558070645241611-172, id: 0.08558070645241611-173, id: 0.08558070645241611-174, id: 0.08558070645241611-175, id: 0.08558070645241611-176, id: 0.08558070645241611-177, id: 0.08558070645241611-178, id: 0.08558070645241611-179, id: 0.08558070645241611-180, id: 0.08558070645241611-181, id: 0.08558070645241611-182, id: 0.08558070645241611-183, id: 0.08558070645241611-184, id: 0.08558070645241611-185, id: 0.08558070645241611-186, id: 0.08558070645241611-187, id: 0.08558070645241611-188, id: 0.08558070645241611-189, id: 0.08558070645241611-190, id: 0.08558070645241611-191, id: 0.08558070645241611-192]
[WebDriverCommandLogger] - Executing findElements parameters: {&quot;using&quot;:&quot;xpath&quot;,&quot;value&quot;:&quot;//div[@id=&apos;c_articlelist_stories_2&apos;]/ul[1]/li/span[2]/span[2]&quot;}
[WebDriverCommandLogger] - command: findElements[ param-1: {value=//div[@id=&apos;c_articlelist_stories_2&apos;]/ul[1]/li/span[2]/span[2], using=xpath}] Result: [id: 0.08558070645241611-97, id: 0.08558070645241611-98, id: 0.08558070645241611-99, id: 0.08558070645241611-100, id: 0.08558070645241611-101, id: 0.08558070645241611-102, id: 0.08558070645241611-103, id: 0.08558070645241611-104, id: 0.08558070645241611-105, id: 0.08558070645241611-106, id: 0.08558070645241611-107, id: 0.08558070645241611-108, id: 0.08558070645241611-109, id: 0.08558070645241611-110, id: 0.08558070645241611-111, id: 0.08558070645241611-112, id: 0.08558070645241611-113, id: 0.08558070645241611-114, id: 0.08558070645241611-115, id: 0.08558070645241611-116, id: 0.08558070645241611-117, id: 0.08558070645241611-118, id: 0.08558070645241611-119, id: 0.08558070645241611-120, id: 0.08558070645241611-121, id: 0.08558070645241611-122, id: 0.08558070645241611-123, id: 0.08558070645241611-124, id: 0.08558070645241611-125, id: 0.08558070645241611-126, id: 0.08558070645241611-127, id: 0.08558070645241611-128, id: 0.08558070645241611-129, id: 0.08558070645241611-130, id: 0.08558070645241611-131, id: 0.08558070645241611-132, id: 0.08558070645241611-133, id: 0.08558070645241611-134, id: 0.08558070645241611-135, id: 0.08558070645241611-136, id: 0.08558070645241611-137, id: 0.08558070645241611-138, id: 0.08558070645241611-139, id: 0.08558070645241611-140, id: 0.08558070645241611-141, id: 0.08558070645241611-142, id: 0.08558070645241611-143, id: 0.08558070645241611-144, id: 0.08558070645241611-145, id: 0.08558070645241611-146, id: 0.08558070645241611-147, id: 0.08558070645241611-148, id: 0.08558070645241611-149, id: 0.08558070645241611-150, id: 0.08558070645241611-151, id: 0.08558070645241611-152, id: 0.08558070645241611-153, id: 0.08558070645241611-154, id: 0.08558070645241611-155, id: 0.08558070645241611-156, id: 0.08558070645241611-157, id: 0.08558070645241611-158, id: 0.08558070645241611-159, id: 0.08558070645241611-160, id: 0.08558070645241611-161, id: 0.08558070645241611-162, id: 0.08558070645241611-163, id: 0.08558070645241611-164, id: 0.08558070645241611-165, id: 0.08558070645241611-166, id: 0.08558070645241611-167, id: 0.08558070645241611-168, id: 0.08558070645241611-169, id: 0.08558070645241611-170, id: 0.08558070645241611-171, id: 0.08558070645241611-172, id: 0.08558070645241611-173, id: 0.08558070645241611-174, id: 0.08558070645241611-175, id: 0.08558070645241611-176, id: 0.08558070645241611-177, id: 0.08558070645241611-178, id: 0.08558070645241611-179, id: 0.08558070645241611-180, id: 0.08558070645241611-181, id: 0.08558070645241611-182, id: 0.08558070645241611-183, id: 0.08558070645241611-184, id: 0.08558070645241611-185, id: 0.08558070645241611-186, id: 0.08558070645241611-187, id: 0.08558070645241611-188, id: 0.08558070645241611-189, id: 0.08558070645241611-190, id: 0.08558070645241611-191, id: 0.08558070645241611-192]
[WebDriverCommandLogger] - Executing getElementText element: By.xpath: //div[@id=&apos;c_articlelist_stories_2&apos;]/ul[1]/li/span[2]/span[2] parameters: {&quot;id&quot;:&quot;0.08558070645241611-168&quot;}
[WebDriverCommandLogger] - command: getElementText[ param-1: By.xpath: //div[@id=&apos;c_articlelist_stories_2&apos;]/ul[1]/li/span[2]/span[2] param-2: {&quot;id&quot;:&quot;0.08558070645241611-168&quot;}] Result: getElementText:2 DAYS AGO
[WebDriverCommandLogger] - Executing findElements parameters: {&quot;using&quot;:&quot;xpath&quot;,&quot;value&quot;:&quot;//div[@id=&apos;c_articlelist_stories_2&apos;]/ul[1]/li/span[2]/span[2]&quot;}
[WebDriverCommandLogger] - command: findElements[ param-1: {value=//div[@id=&apos;c_articlelist_stories_2&apos;]/ul[1]/li/span[2]/span[2], using=xpath}] Result: [id: 0.08558070645241611-97, id: 0.08558070645241611-98, id: 0.08558070645241611-99, id: 0.08558070645241611-100, id: 0.08558070645241611-101, id: 0.08558070645241611-102, id: 0.08558070645241611-103, id: 0.08558070645241611-104, id: 0.08558070645241611-105, id: 0.08558070645241611-106, id: 0.08558070645241611-107, id: 0.08558070645241611-108, id: 0.08558070645241611-109, id: 0.08558070645241611-110, id: 0.08558070645241611-111, id: 0.08558070645241611-112, id: 0.08558070645241611-113, id: 0.08558070645241611-114, id: 0.08558070645241611-115, id: 0.08558070645241611-116, id: 0.08558070645241611-117, id: 0.08558070645241611-118, id: 0.08558070645241611-119, id: 0.08558070645241611-120, id: 0.08558070645241611-121, id: 0.08558070645241611-122, id: 0.08558070645241611-123, id: 0.08558070645241611-124, id: 0.08558070645241611-125, id: 0.08558070645241611-126, id: 0.08558070645241611-127, id: 0.08558070645241611-128, id: 0.08558070645241611-129, id: 0.08558070645241611-130, id: 0.08558070645241611-131, id: 0.08558070645241611-132, id: 0.08558070645241611-133, id: 0.08558070645241611-134, id: 0.08558070645241611-135, id: 0.08558070645241611-136, id: 0.08558070645241611-137, id: 0.08558070645241611-138, id: 0.08558070645241611-139, id: 0.08558070645241611-140, id: 0.08558070645241611-141, id: 0.08558070645241611-142, id: 0.08558070645241611-143, id: 0.08558070645241611-144, id: 0.08558070645241611-145, id: 0.08558070645241611-146, id: 0.08558070645241611-147, id: 0.08558070645241611-148, id: 0.08558070645241611-149, id: 0.08558070645241611-150, id: 0.08558070645241611-151, id: 0.08558070645241611-152, id: 0.08558070645241611-153, id: 0.08558070645241611-154, id: 0.08558070645241611-155, id: 0.08558070645241611-156, id: 0.08558070645241611-157, id: 0.08558070645241611-158, id: 0.08558070645241611-159, id: 0.08558070645241611-160, id: 0.08558070645241611-161, id: 0.08558070645241611-162, id: 0.08558070645241611-163, id: 0.08558070645241611-164, id: 0.08558070645241611-165, id: 0.08558070645241611-166, id: 0.08558070645241611-167, id: 0.08558070645241611-168, id: 0.08558070645241611-169, id: 0.08558070645241611-170, id: 0.08558070645241611-171, id: 0.08558070645241611-172, id: 0.08558070645241611-173, id: 0.08558070645241611-174, id: 0.08558070645241611-175, id: 0.08558070645241611-176, id: 0.08558070645241611-177, id: 0.08558070645241611-178, id: 0.08558070645241611-179, id: 0.08558070645241611-180, id: 0.08558070645241611-181, id: 0.08558070645241611-182, id: 0.08558070645241611-183, id: 0.08558070645241611-184, id: 0.08558070645241611-185, id: 0.08558070645241611-186, id: 0.08558070645241611-187, id: 0.08558070645241611-188, id: 0.08558070645241611-189, id: 0.08558070645241611-190, id: 0.08558070645241611-191, id: 0.08558070645241611-192]
[WebDriverCommandLogger] - Executing getElementText element: By.xpath: //div[@id=&apos;c_articlelist_stories_2&apos;]/ul[1]/li/span[2]/span[2] parameters: {&quot;id&quot;:&quot;0.08558070645241611-168&quot;}
[WebDriverCommandLogger] - command: getElementText[ param-1: By.xpath: //div[@id=&apos;c_articlelist_stories_2&apos;]/ul[1]/li/span[2]/span[2] param-2: {&quot;id&quot;:&quot;0.08558070645241611-168&quot;}] Result: getElementText:2 DAYS AGO
[WebDriverCommandLogger] - Executing findElements parameters: {&quot;using&quot;:&quot;xpath&quot;,&quot;value&quot;:&quot;//div[@id=&apos;c_articlelist_stories_2&apos;]/ul[1]/li/span[2]/span[2]&quot;}
[WebDriverCommandLogger] - command: findElements[ param-1: {value=//div[@id=&apos;c_articlelist_stories_2&apos;]/ul[1]/li/span[2]/span[2], using=xpath}] Result: [id: 0.08558070645241611-97, id: 0.08558070645241611-98, id: 0.08558070645241611-99, id: 0.08558070645241611-100, id: 0.08558070645241611-101, id: 0.08558070645241611-102, id: 0.08558070645241611-103, id: 0.08558070645241611-104, id: 0.08558070645241611-105, id: 0.08558070645241611-106, id: 0.08558070645241611-107, id: 0.08558070645241611-108, id: 0.08558070645241611-109, id: 0.08558070645241611-110, id: 0.08558070645241611-111, id: 0.08558070645241611-112, id: 0.08558070645241611-113, id: 0.08558070645241611-114, id: 0.08558070645241611-115, id: 0.08558070645241611-116, id: 0.08558070645241611-117, id: 0.08558070645241611-118, id: 0.08558070645241611-119, id: 0.08558070645241611-120, id: 0.08558070645241611-121, id: 0.08558070645241611-122, id: 0.08558070645241611-123, id: 0.08558070645241611-124, id: 0.08558070645241611-125, id: 0.08558070645241611-126, id: 0.08558070645241611-127, id: 0.08558070645241611-128, id: 0.08558070645241611-129, id: 0.08558070645241611-130, id: 0.08558070645241611-131, id: 0.08558070645241611-132, id: 0.08558070645241611-133, id: 0.08558070645241611-134, id: 0.08558070645241611-135, id: 0.08558070645241611-136, id: 0.08558070645241611-137, id: 0.08558070645241611-138, id: 0.08558070645241611-139, id: 0.08558070645241611-140, id: 0.08558070645241611-141, id: 0.08558070645241611-142, id: 0.08558070645241611-143, id: 0.08558070645241611-144, id: 0.08558070645241611-145, id: 0.08558070645241611-146, id: 0.08558070645241611-147, id: 0.08558070645241611-148, id: 0.08558070645241611-149, id: 0.08558070645241611-150, id: 0.08558070645241611-151, id: 0.08558070645241611-152, id: 0.08558070645241611-153, id: 0.08558070645241611-154, id: 0.08558070645241611-155, id: 0.08558070645241611-156, id: 0.08558070645241611-157, id: 0.08558070645241611-158, id: 0.08558070645241611-159, id: 0.08558070645241611-160, id: 0.08558070645241611-161, id: 0.08558070645241611-162, id: 0.08558070645241611-163, id: 0.08558070645241611-164, id: 0.08558070645241611-165, id: 0.08558070645241611-166, id: 0.08558070645241611-167, id: 0.08558070645241611-168, id: 0.08558070645241611-169, id: 0.08558070645241611-170, id: 0.08558070645241611-171, id: 0.08558070645241611-172, id: 0.08558070645241611-173, id: 0.08558070645241611-174, id: 0.08558070645241611-175, id: 0.08558070645241611-176, id: 0.08558070645241611-177, id: 0.08558070645241611-178, id: 0.08558070645241611-179, id: 0.08558070645241611-180, id: 0.08558070645241611-181, id: 0.08558070645241611-182, id: 0.08558070645241611-183, id: 0.08558070645241611-184, id: 0.08558070645241611-185, id: 0.08558070645241611-186, id: 0.08558070645241611-187, id: 0.08558070645241611-188, id: 0.08558070645241611-189, id: 0.08558070645241611-190, id: 0.08558070645241611-191, id: 0.08558070645241611-192]
[WebDriverCommandLogger] - Executing findElements parameters: {&quot;using&quot;:&quot;xpath&quot;,&quot;value&quot;:&quot;//div[@id=&apos;c_articlelist_stories_2&apos;]/ul[1]/li/span[2]/span[2]&quot;}
[WebDriverCommandLogger] - command: findElements[ param-1: {value=//div[@id=&apos;c_articlelist_stories_2&apos;]/ul[1]/li/span[2]/span[2], using=xpath}] Result: [id: 0.08558070645241611-97, id: 0.08558070645241611-98, id: 0.08558070645241611-99, id: 0.08558070645241611-100, id: 0.08558070645241611-101, id: 0.08558070645241611-102, id: 0.08558070645241611-103, id: 0.08558070645241611-104, id: 0.08558070645241611-105, id: 0.08558070645241611-106, id: 0.08558070645241611-107, id: 0.08558070645241611-108, id: 0.08558070645241611-109, id: 0.08558070645241611-110, id: 0.08558070645241611-111, id: 0.08558070645241611-112, id: 0.08558070645241611-113, id: 0.08558070645241611-114, id: 0.08558070645241611-115, id: 0.08558070645241611-116, id: 0.08558070645241611-117, id: 0.08558070645241611-118, id: 0.08558070645241611-119, id: 0.08558070645241611-120, id: 0.08558070645241611-121, id: 0.08558070645241611-122, id: 0.08558070645241611-123, id: 0.08558070645241611-124, id: 0.08558070645241611-125, id: 0.08558070645241611-126, id: 0.08558070645241611-127, id: 0.08558070645241611-128, id: 0.08558070645241611-129, id: 0.08558070645241611-130, id: 0.08558070645241611-131, id: 0.08558070645241611-132, id: 0.08558070645241611-133, id: 0.08558070645241611-134, id: 0.08558070645241611-135, id: 0.08558070645241611-136, id: 0.08558070645241611-137, id: 0.08558070645241611-138, id: 0.08558070645241611-139, id: 0.08558070645241611-140, id: 0.08558070645241611-141, id: 0.08558070645241611-142, id: 0.08558070645241611-143, id: 0.08558070645241611-144, id: 0.08558070645241611-145, id: 0.08558070645241611-146, id: 0.08558070645241611-147, id: 0.08558070645241611-148, id: 0.08558070645241611-149, id: 0.08558070645241611-150, id: 0.08558070645241611-151, id: 0.08558070645241611-152, id: 0.08558070645241611-153, id: 0.08558070645241611-154, id: 0.08558070645241611-155, id: 0.08558070645241611-156, id: 0.08558070645241611-157, id: 0.08558070645241611-158, id: 0.08558070645241611-159, id: 0.08558070645241611-160, id: 0.08558070645241611-161, id: 0.08558070645241611-162, id: 0.08558070645241611-163, id: 0.08558070645241611-164, id: 0.08558070645241611-165, id: 0.08558070645241611-166, id: 0.08558070645241611-167, id: 0.08558070645241611-168, id: 0.08558070645241611-169, id: 0.08558070645241611-170, id: 0.08558070645241611-171, id: 0.08558070645241611-172, id: 0.08558070645241611-173, id: 0.08558070645241611-174, id: 0.08558070645241611-175, id: 0.08558070645241611-176, id: 0.08558070645241611-177, id: 0.08558070645241611-178, id: 0.08558070645241611-179, id: 0.08558070645241611-180, id: 0.08558070645241611-181, id: 0.08558070645241611-182, id: 0.08558070645241611-183, id: 0.08558070645241611-184, id: 0.08558070645241611-185, id: 0.08558070645241611-186, id: 0.08558070645241611-187, id: 0.08558070645241611-188, id: 0.08558070645241611-189, id: 0.08558070645241611-190, id: 0.08558070645241611-191, id: 0.08558070645241611-192]
[WebDriverCommandLogger] - Executing getElementText element: By.xpath: //div[@id=&apos;c_articlelist_stories_2&apos;]/ul[1]/li/span[2]/span[2] parameters: {&quot;id&quot;:&quot;0.08558070645241611-169&quot;}
[WebDriverCommandLogger] - command: getElementText[ param-1: By.xpath: //div[@id=&apos;c_articlelist_stories_2&apos;]/ul[1]/li/span[2]/span[2] param-2: {&quot;id&quot;:&quot;0.08558070645241611-169&quot;}] Result: getElementText:2 DAYS AGO
[WebDriverCommandLogger] - Executing findElements parameters: {&quot;using&quot;:&quot;xpath&quot;,&quot;value&quot;:&quot;//div[@id=&apos;c_articlelist_stories_2&apos;]/ul[1]/li/span[2]/span[2]&quot;}
[WebDriverCommandLogger] - command: findElements[ param-1: {value=//div[@id=&apos;c_articlelist_stories_2&apos;]/ul[1]/li/span[2]/span[2], using=xpath}] Result: [id: 0.08558070645241611-97, id: 0.08558070645241611-98, id: 0.08558070645241611-99, id: 0.08558070645241611-100, id: 0.08558070645241611-101, id: 0.08558070645241611-102, id: 0.08558070645241611-103, id: 0.08558070645241611-104, id: 0.08558070645241611-105, id: 0.08558070645241611-106, id: 0.08558070645241611-107, id: 0.08558070645241611-108, id: 0.08558070645241611-109, id: 0.08558070645241611-110, id: 0.08558070645241611-111, id: 0.08558070645241611-112, id: 0.08558070645241611-113, id: 0.08558070645241611-114, id: 0.08558070645241611-115, id: 0.08558070645241611-116, id: 0.08558070645241611-117, id: 0.08558070645241611-118, id: 0.08558070645241611-119, id: 0.08558070645241611-120, id: 0.08558070645241611-121, id: 0.08558070645241611-122, id: 0.08558070645241611-123, id: 0.08558070645241611-124, id: 0.08558070645241611-125, id: 0.08558070645241611-126, id: 0.08558070645241611-127, id: 0.08558070645241611-128, id: 0.08558070645241611-129, id: 0.08558070645241611-130, id: 0.08558070645241611-131, id: 0.08558070645241611-132, id: 0.08558070645241611-133, id: 0.08558070645241611-134, id: 0.08558070645241611-135, id: 0.08558070645241611-136, id: 0.08558070645241611-137, id: 0.08558070645241611-138, id: 0.08558070645241611-139, id: 0.08558070645241611-140, id: 0.08558070645241611-141, id: 0.08558070645241611-142, id: 0.08558070645241611-143, id: 0.08558070645241611-144, id: 0.08558070645241611-145, id: 0.08558070645241611-146, id: 0.08558070645241611-147, id: 0.08558070645241611-148, id: 0.08558070645241611-149, id: 0.08558070645241611-150, id: 0.08558070645241611-151, id: 0.08558070645241611-152, id: 0.08558070645241611-153, id: 0.08558070645241611-154, id: 0.08558070645241611-155, id: 0.08558070645241611-156, id: 0.08558070645241611-157, id: 0.08558070645241611-158, id: 0.08558070645241611-159, id: 0.08558070645241611-160, id: 0.08558070645241611-161, id: 0.08558070645241611-162, id: 0.08558070645241611-163, id: 0.08558070645241611-164, id: 0.08558070645241611-165, id: 0.08558070645241611-166, id: 0.08558070645241611-167, id: 0.08558070645241611-168, id: 0.08558070645241611-169, id: 0.08558070645241611-170, id: 0.08558070645241611-171, id: 0.08558070645241611-172, id: 0.08558070645241611-173, id: 0.08558070645241611-174, id: 0.08558070645241611-175, id: 0.08558070645241611-176, id: 0.08558070645241611-177, id: 0.08558070645241611-178, id: 0.08558070645241611-179, id: 0.08558070645241611-180, id: 0.08558070645241611-181, id: 0.08558070645241611-182, id: 0.08558070645241611-183, id: 0.08558070645241611-184, id: 0.08558070645241611-185, id: 0.08558070645241611-186, id: 0.08558070645241611-187, id: 0.08558070645241611-188, id: 0.08558070645241611-189, id: 0.08558070645241611-190, id: 0.08558070645241611-191, id: 0.08558070645241611-192]
[WebDriverCommandLogger] - Executing getElementText element: By.xpath: //div[@id=&apos;c_articlelist_stories_2&apos;]/ul[1]/li/span[2]/span[2] parameters: {&quot;id&quot;:&quot;0.08558070645241611-169&quot;}
[WebDriverCommandLogger] - command: getElementText[ param-1: By.xpath: //div[@id=&apos;c_articlelist_stories_2&apos;]/ul[1]/li/span[2]/span[2] param-2: {&quot;id&quot;:&quot;0.08558070645241611-169&quot;}] Result: getElementText:2 DAYS AGO
[WebDriverCommandLogger] - Executing findElements parameters: {&quot;using&quot;:&quot;xpath&quot;,&quot;value&quot;:&quot;//div[@id=&apos;c_articlelist_stories_2&apos;]/ul[1]/li/span[2]/span[2]&quot;}
[WebDriverCommandLogger] - command: findElements[ param-1: {value=//div[@id=&apos;c_articlelist_stories_2&apos;]/ul[1]/li/span[2]/span[2], using=xpath}] Result: [id: 0.08558070645241611-97, id: 0.08558070645241611-98, id: 0.08558070645241611-99, id: 0.08558070645241611-100, id: 0.08558070645241611-101, id: 0.08558070645241611-102, id: 0.08558070645241611-103, id: 0.08558070645241611-104, id: 0.08558070645241611-105, id: 0.08558070645241611-106, id: 0.08558070645241611-107, id: 0.08558070645241611-108, id: 0.08558070645241611-109, id: 0.08558070645241611-110, id: 0.08558070645241611-111, id: 0.08558070645241611-112, id: 0.08558070645241611-113, id: 0.08558070645241611-114, id: 0.08558070645241611-115, id: 0.08558070645241611-116, id: 0.08558070645241611-117, id: 0.08558070645241611-118, id: 0.08558070645241611-119, id: 0.08558070645241611-120, id: 0.08558070645241611-121, id: 0.08558070645241611-122, id: 0.08558070645241611-123, id: 0.08558070645241611-124, id: 0.08558070645241611-125, id: 0.08558070645241611-126, id: 0.08558070645241611-127, id: 0.08558070645241611-128, id: 0.08558070645241611-129, id: 0.08558070645241611-130, id: 0.08558070645241611-131, id: 0.08558070645241611-132, id: 0.08558070645241611-133, id: 0.08558070645241611-134, id: 0.08558070645241611-135, id: 0.08558070645241611-136, id: 0.08558070645241611-137, id: 0.08558070645241611-138, id: 0.08558070645241611-139, id: 0.08558070645241611-140, id: 0.08558070645241611-141, id: 0.08558070645241611-142, id: 0.08558070645241611-143, id: 0.08558070645241611-144, id: 0.08558070645241611-145, id: 0.08558070645241611-146, id: 0.08558070645241611-147, id: 0.08558070645241611-148, id: 0.08558070645241611-149, id: 0.08558070645241611-150, id: 0.08558070645241611-151, id: 0.08558070645241611-152, id: 0.08558070645241611-153, id: 0.08558070645241611-154, id: 0.08558070645241611-155, id: 0.08558070645241611-156, id: 0.08558070645241611-157, id: 0.08558070645241611-158, id: 0.08558070645241611-159, id: 0.08558070645241611-160, id: 0.08558070645241611-161, id: 0.08558070645241611-162, id: 0.08558070645241611-163, id: 0.08558070645241611-164, id: 0.08558070645241611-165, id: 0.08558070645241611-166, id: 0.08558070645241611-167, id: 0.08558070645241611-168, id: 0.08558070645241611-169, id: 0.08558070645241611-170, id: 0.08558070645241611-171, id: 0.08558070645241611-172, id: 0.08558070645241611-173, id: 0.08558070645241611-174, id: 0.08558070645241611-175, id: 0.08558070645241611-176, id: 0.08558070645241611-177, id: 0.08558070645241611-178, id: 0.08558070645241611-179, id: 0.08558070645241611-180, id: 0.08558070645241611-181, id: 0.08558070645241611-182, id: 0.08558070645241611-183, id: 0.08558070645241611-184, id: 0.08558070645241611-185, id: 0.08558070645241611-186, id: 0.08558070645241611-187, id: 0.08558070645241611-188, id: 0.08558070645241611-189, id: 0.08558070645241611-190, id: 0.08558070645241611-191, id: 0.08558070645241611-192]
[WebDriverCommandLogger] - Executing findElements parameters: {&quot;using&quot;:&quot;xpath&quot;,&quot;value&quot;:&quot;//div[@id=&apos;c_articlelist_stories_2&apos;]/ul[1]/li/span[2]/span[2]&quot;}
[WebDriverCommandLogger] - command: findElements[ param-1: {value=//div[@id=&apos;c_articlelist_stories_2&apos;]/ul[1]/li/span[2]/span[2], using=xpath}] Result: [id: 0.08558070645241611-97, id: 0.08558070645241611-98, id: 0.08558070645241611-99, id: 0.08558070645241611-100, id: 0.08558070645241611-101, id: 0.08558070645241611-102, id: 0.08558070645241611-103, id: 0.08558070645241611-104, id: 0.08558070645241611-105, id: 0.08558070645241611-106, id: 0.08558070645241611-107, id: 0.08558070645241611-108, id: 0.08558070645241611-109, id: 0.08558070645241611-110, id: 0.08558070645241611-111, id: 0.08558070645241611-112, id: 0.08558070645241611-113, id: 0.08558070645241611-114, id: 0.08558070645241611-115, id: 0.08558070645241611-116, id: 0.08558070645241611-117, id: 0.08558070645241611-118, id: 0.08558070645241611-119, id: 0.08558070645241611-120, id: 0.08558070645241611-121, id: 0.08558070645241611-122, id: 0.08558070645241611-123, id: 0.08558070645241611-124, id: 0.08558070645241611-125, id: 0.08558070645241611-126, id: 0.08558070645241611-127, id: 0.08558070645241611-128, id: 0.08558070645241611-129, id: 0.08558070645241611-130, id: 0.08558070645241611-131, id: 0.08558070645241611-132, id: 0.08558070645241611-133, id: 0.08558070645241611-134, id: 0.08558070645241611-135, id: 0.08558070645241611-136, id: 0.08558070645241611-137, id: 0.08558070645241611-138, id: 0.08558070645241611-139, id: 0.08558070645241611-140, id: 0.08558070645241611-141, id: 0.08558070645241611-142, id: 0.08558070645241611-143, id: 0.08558070645241611-144, id: 0.08558070645241611-145, id: 0.08558070645241611-146, id: 0.08558070645241611-147, id: 0.08558070645241611-148, id: 0.08558070645241611-149, id: 0.08558070645241611-150, id: 0.08558070645241611-151, id: 0.08558070645241611-152, id: 0.08558070645241611-153, id: 0.08558070645241611-154, id: 0.08558070645241611-155, id: 0.08558070645241611-156, id: 0.08558070645241611-157, id: 0.08558070645241611-158, id: 0.08558070645241611-159, id: 0.08558070645241611-160, id: 0.08558070645241611-161, id: 0.08558070645241611-162, id: 0.08558070645241611-163, id: 0.08558070645241611-164, id: 0.08558070645241611-165, id: 0.08558070645241611-166, id: 0.08558070645241611-167, id: 0.08558070645241611-168, id: 0.08558070645241611-169, id: 0.08558070645241611-170, id: 0.08558070645241611-171, id: 0.08558070645241611-172, id: 0.08558070645241611-173, id: 0.08558070645241611-174, id: 0.08558070645241611-175, id: 0.08558070645241611-176, id: 0.08558070645241611-177, id: 0.08558070645241611-178, id: 0.08558070645241611-179, id: 0.08558070645241611-180, id: 0.08558070645241611-181, id: 0.08558070645241611-182, id: 0.08558070645241611-183, id: 0.08558070645241611-184, id: 0.08558070645241611-185, id: 0.08558070645241611-186, id: 0.08558070645241611-187, id: 0.08558070645241611-188, id: 0.08558070645241611-189, id: 0.08558070645241611-190, id: 0.08558070645241611-191, id: 0.08558070645241611-192]
[WebDriverCommandLogger] - Executing getElementText element: By.xpath: //div[@id=&apos;c_articlelist_stories_2&apos;]/ul[1]/li/span[2]/span[2] parameters: {&quot;id&quot;:&quot;0.08558070645241611-170&quot;}
[WebDriverCommandLogger] - command: getElementText[ param-1: By.xpath: //div[@id=&apos;c_articlelist_stories_2&apos;]/ul[1]/li/span[2]/span[2] param-2: {&quot;id&quot;:&quot;0.08558070645241611-170&quot;}] Result: getElementText:2 DAYS AGO
[WebDriverCommandLogger] - Executing findElements parameters: {&quot;using&quot;:&quot;xpath&quot;,&quot;value&quot;:&quot;//div[@id=&apos;c_articlelist_stories_2&apos;]/ul[1]/li/span[2]/span[2]&quot;}
[WebDriverCommandLogger] - command: findElements[ param-1: {value=//div[@id=&apos;c_articlelist_stories_2&apos;]/ul[1]/li/span[2]/span[2], using=xpath}] Result: [id: 0.08558070645241611-97, id: 0.08558070645241611-98, id: 0.08558070645241611-99, id: 0.08558070645241611-100, id: 0.08558070645241611-101, id: 0.08558070645241611-102, id: 0.08558070645241611-103, id: 0.08558070645241611-104, id: 0.08558070645241611-105, id: 0.08558070645241611-106, id: 0.08558070645241611-107, id: 0.08558070645241611-108, id: 0.08558070645241611-109, id: 0.08558070645241611-110, id: 0.08558070645241611-111, id: 0.08558070645241611-112, id: 0.08558070645241611-113, id: 0.08558070645241611-114, id: 0.08558070645241611-115, id: 0.08558070645241611-116, id: 0.08558070645241611-117, id: 0.08558070645241611-118, id: 0.08558070645241611-119, id: 0.08558070645241611-120, id: 0.08558070645241611-121, id: 0.08558070645241611-122, id: 0.08558070645241611-123, id: 0.08558070645241611-124, id: 0.08558070645241611-125, id: 0.08558070645241611-126, id: 0.08558070645241611-127, id: 0.08558070645241611-128, id: 0.08558070645241611-129, id: 0.08558070645241611-130, id: 0.08558070645241611-131, id: 0.08558070645241611-132, id: 0.08558070645241611-133, id: 0.08558070645241611-134, id: 0.08558070645241611-135, id: 0.08558070645241611-136, id: 0.08558070645241611-137, id: 0.08558070645241611-138, id: 0.08558070645241611-139, id: 0.08558070645241611-140, id: 0.08558070645241611-141, id: 0.08558070645241611-142, id: 0.08558070645241611-143, id: 0.08558070645241611-144, id: 0.08558070645241611-145, id: 0.08558070645241611-146, id: 0.08558070645241611-147, id: 0.08558070645241611-148, id: 0.08558070645241611-149, id: 0.08558070645241611-150, id: 0.08558070645241611-151, id: 0.08558070645241611-152, id: 0.08558070645241611-153, id: 0.08558070645241611-154, id: 0.08558070645241611-155, id: 0.08558070645241611-156, id: 0.08558070645241611-157, id: 0.08558070645241611-158, id: 0.08558070645241611-159, id: 0.08558070645241611-160, id: 0.08558070645241611-161, id: 0.08558070645241611-162, id: 0.08558070645241611-163, id: 0.08558070645241611-164, id: 0.08558070645241611-165, id: 0.08558070645241611-166, id: 0.08558070645241611-167, id: 0.08558070645241611-168, id: 0.08558070645241611-169, id: 0.08558070645241611-170, id: 0.08558070645241611-171, id: 0.08558070645241611-172, id: 0.08558070645241611-173, id: 0.08558070645241611-174, id: 0.08558070645241611-175, id: 0.08558070645241611-176, id: 0.08558070645241611-177, id: 0.08558070645241611-178, id: 0.08558070645241611-179, id: 0.08558070645241611-180, id: 0.08558070645241611-181, id: 0.08558070645241611-182, id: 0.08558070645241611-183, id: 0.08558070645241611-184, id: 0.08558070645241611-185, id: 0.08558070645241611-186, id: 0.08558070645241611-187, id: 0.08558070645241611-188, id: 0.08558070645241611-189, id: 0.08558070645241611-190, id: 0.08558070645241611-191, id: 0.08558070645241611-192]
[WebDriverCommandLogger] - Executing getElementText element: By.xpath: //div[@id=&apos;c_articlelist_stories_2&apos;]/ul[1]/li/span[2]/span[2] parameters: {&quot;id&quot;:&quot;0.08558070645241611-170&quot;}
[WebDriverCommandLogger] - command: getElementText[ param-1: By.xpath: //div[@id=&apos;c_articlelist_stories_2&apos;]/ul[1]/li/span[2]/span[2] param-2: {&quot;id&quot;:&quot;0.08558070645241611-170&quot;}] Result: getElementText:2 DAYS AGO
[WebDriverCommandLogger] - Executing findElements parameters: {&quot;using&quot;:&quot;xpath&quot;,&quot;value&quot;:&quot;//div[@id=&apos;c_articlelist_stories_2&apos;]/ul[1]/li/span[2]/span[2]&quot;}
[WebDriverCommandLogger] - command: findElements[ param-1: {value=//div[@id=&apos;c_articlelist_stories_2&apos;]/ul[1]/li/span[2]/span[2], using=xpath}] Result: [id: 0.08558070645241611-97, id: 0.08558070645241611-98, id: 0.08558070645241611-99, id: 0.08558070645241611-100, id: 0.08558070645241611-101, id: 0.08558070645241611-102, id: 0.08558070645241611-103, id: 0.08558070645241611-104, id: 0.08558070645241611-105, id: 0.08558070645241611-106, id: 0.08558070645241611-107, id: 0.08558070645241611-108, id: 0.08558070645241611-109, id: 0.08558070645241611-110, id: 0.08558070645241611-111, id: 0.08558070645241611-112, id: 0.08558070645241611-113, id: 0.08558070645241611-114, id: 0.08558070645241611-115, id: 0.08558070645241611-116, id: 0.08558070645241611-117, id: 0.08558070645241611-118, id: 0.08558070645241611-119, id: 0.08558070645241611-120, id: 0.08558070645241611-121, id: 0.08558070645241611-122, id: 0.08558070645241611-123, id: 0.08558070645241611-124, id: 0.08558070645241611-125, id: 0.08558070645241611-126, id: 0.08558070645241611-127, id: 0.08558070645241611-128, id: 0.08558070645241611-129, id: 0.08558070645241611-130, id: 0.08558070645241611-131, id: 0.08558070645241611-132, id: 0.08558070645241611-133, id: 0.08558070645241611-134, id: 0.08558070645241611-135, id: 0.08558070645241611-136, id: 0.08558070645241611-137, id: 0.08558070645241611-138, id: 0.08558070645241611-139, id: 0.08558070645241611-140, id: 0.08558070645241611-141, id: 0.08558070645241611-142, id: 0.08558070645241611-143, id: 0.08558070645241611-144, id: 0.08558070645241611-145, id: 0.08558070645241611-146, id: 0.08558070645241611-147, id: 0.08558070645241611-148, id: 0.08558070645241611-149, id: 0.08558070645241611-150, id: 0.08558070645241611-151, id: 0.08558070645241611-152, id: 0.08558070645241611-153, id: 0.08558070645241611-154, id: 0.08558070645241611-155, id: 0.08558070645241611-156, id: 0.08558070645241611-157, id: 0.08558070645241611-158, id: 0.08558070645241611-159, id: 0.08558070645241611-160, id: 0.08558070645241611-161, id: 0.08558070645241611-162, id: 0.08558070645241611-163, id: 0.08558070645241611-164, id: 0.08558070645241611-165, id: 0.08558070645241611-166, id: 0.08558070645241611-167, id: 0.08558070645241611-168, id: 0.08558070645241611-169, id: 0.08558070645241611-170, id: 0.08558070645241611-171, id: 0.08558070645241611-172, id: 0.08558070645241611-173, id: 0.08558070645241611-174, id: 0.08558070645241611-175, id: 0.08558070645241611-176, id: 0.08558070645241611-177, id: 0.08558070645241611-178, id: 0.08558070645241611-179, id: 0.08558070645241611-180, id: 0.08558070645241611-181, id: 0.08558070645241611-182, id: 0.08558070645241611-183, id: 0.08558070645241611-184, id: 0.08558070645241611-185, id: 0.08558070645241611-186, id: 0.08558070645241611-187, id: 0.08558070645241611-188, id: 0.08558070645241611-189, id: 0.08558070645241611-190, id: 0.08558070645241611-191, id: 0.08558070645241611-192]
[WebDriverCommandLogger] - Executing findElements parameters: {&quot;using&quot;:&quot;xpath&quot;,&quot;value&quot;:&quot;//div[@id=&apos;c_articlelist_stories_2&apos;]/ul[1]/li/span[2]/span[2]&quot;}
[WebDriverCommandLogger] - command: findElements[ param-1: {value=//div[@id=&apos;c_articlelist_stories_2&apos;]/ul[1]/li/span[2]/span[2], using=xpath}] Result: [id: 0.08558070645241611-97, id: 0.08558070645241611-98, id: 0.08558070645241611-99, id: 0.08558070645241611-100, id: 0.08558070645241611-101, id: 0.08558070645241611-102, id: 0.08558070645241611-103, id: 0.08558070645241611-104, id: 0.08558070645241611-105, id: 0.08558070645241611-106, id: 0.08558070645241611-107, id: 0.08558070645241611-108, id: 0.08558070645241611-109, id: 0.08558070645241611-110, id: 0.08558070645241611-111, id: 0.08558070645241611-112, id: 0.08558070645241611-113, id: 0.08558070645241611-114, id: 0.08558070645241611-115, id: 0.08558070645241611-116, id: 0.08558070645241611-117, id: 0.08558070645241611-118, id: 0.08558070645241611-119, id: 0.08558070645241611-120, id: 0.08558070645241611-121, id: 0.08558070645241611-122, id: 0.08558070645241611-123, id: 0.08558070645241611-124, id: 0.08558070645241611-125, id: 0.08558070645241611-126, id: 0.08558070645241611-127, id: 0.08558070645241611-128, id: 0.08558070645241611-129, id: 0.08558070645241611-130, id: 0.08558070645241611-131, id: 0.08558070645241611-132, id: 0.08558070645241611-133, id: 0.08558070645241611-134, id: 0.08558070645241611-135, id: 0.08558070645241611-136, id: 0.08558070645241611-137, id: 0.08558070645241611-138, id: 0.08558070645241611-139, id: 0.08558070645241611-140, id: 0.08558070645241611-141, id: 0.08558070645241611-142, id: 0.08558070645241611-143, id: 0.08558070645241611-144, id: 0.08558070645241611-145, id: 0.08558070645241611-146, id: 0.08558070645241611-147, id: 0.08558070645241611-148, id: 0.08558070645241611-149, id: 0.08558070645241611-150, id: 0.08558070645241611-151, id: 0.08558070645241611-152, id: 0.08558070645241611-153, id: 0.08558070645241611-154, id: 0.08558070645241611-155, id: 0.08558070645241611-156, id: 0.08558070645241611-157, id: 0.08558070645241611-158, id: 0.08558070645241611-159, id: 0.08558070645241611-160, id: 0.08558070645241611-161, id: 0.08558070645241611-162, id: 0.08558070645241611-163, id: 0.08558070645241611-164, id: 0.08558070645241611-165, id: 0.08558070645241611-166, id: 0.08558070645241611-167, id: 0.08558070645241611-168, id: 0.08558070645241611-169, id: 0.08558070645241611-170, id: 0.08558070645241611-171, id: 0.08558070645241611-172, id: 0.08558070645241611-173, id: 0.08558070645241611-174, id: 0.08558070645241611-175, id: 0.08558070645241611-176, id: 0.08558070645241611-177, id: 0.08558070645241611-178, id: 0.08558070645241611-179, id: 0.08558070645241611-180, id: 0.08558070645241611-181, id: 0.08558070645241611-182, id: 0.08558070645241611-183, id: 0.08558070645241611-184, id: 0.08558070645241611-185, id: 0.08558070645241611-186, id: 0.08558070645241611-187, id: 0.08558070645241611-188, id: 0.08558070645241611-189, id: 0.08558070645241611-190, id: 0.08558070645241611-191, id: 0.08558070645241611-192]
[WebDriverCommandLogger] - Executing getElementText element: By.xpath: //div[@id=&apos;c_articlelist_stories_2&apos;]/ul[1]/li/span[2]/span[2] parameters: {&quot;id&quot;:&quot;0.08558070645241611-171&quot;}
[WebDriverCommandLogger] - command: getElementText[ param-1: By.xpath: //div[@id=&apos;c_articlelist_stories_2&apos;]/ul[1]/li/span[2]/span[2] param-2: {&quot;id&quot;:&quot;0.08558070645241611-171&quot;}] Result: getElementText:2 DAYS AGO
[WebDriverCommandLogger] - Executing findElements parameters: {&quot;using&quot;:&quot;xpath&quot;,&quot;value&quot;:&quot;//div[@id=&apos;c_articlelist_stories_2&apos;]/ul[1]/li/span[2]/span[2]&quot;}
[WebDriverCommandLogger] - command: findElements[ param-1: {value=//div[@id=&apos;c_articlelist_stories_2&apos;]/ul[1]/li/span[2]/span[2], using=xpath}] Result: [id: 0.08558070645241611-97, id: 0.08558070645241611-98, id: 0.08558070645241611-99, id: 0.08558070645241611-100, id: 0.08558070645241611-101, id: 0.08558070645241611-102, id: 0.08558070645241611-103, id: 0.08558070645241611-104, id: 0.08558070645241611-105, id: 0.08558070645241611-106, id: 0.08558070645241611-107, id: 0.08558070645241611-108, id: 0.08558070645241611-109, id: 0.08558070645241611-110, id: 0.08558070645241611-111, id: 0.08558070645241611-112, id: 0.08558070645241611-113, id: 0.08558070645241611-114, id: 0.08558070645241611-115, id: 0.08558070645241611-116, id: 0.08558070645241611-117, id: 0.08558070645241611-118, id: 0.08558070645241611-119, id: 0.08558070645241611-120, id: 0.08558070645241611-121, id: 0.08558070645241611-122, id: 0.08558070645241611-123, id: 0.08558070645241611-124, id: 0.08558070645241611-125, id: 0.08558070645241611-126, id: 0.08558070645241611-127, id: 0.08558070645241611-128, id: 0.08558070645241611-129, id: 0.08558070645241611-130, id: 0.08558070645241611-131, id: 0.08558070645241611-132, id: 0.08558070645241611-133, id: 0.08558070645241611-134, id: 0.08558070645241611-135, id: 0.08558070645241611-136, id: 0.08558070645241611-137, id: 0.08558070645241611-138, id: 0.08558070645241611-139, id: 0.08558070645241611-140, id: 0.08558070645241611-141, id: 0.08558070645241611-142, id: 0.08558070645241611-143, id: 0.08558070645241611-144, id: 0.08558070645241611-145, id: 0.08558070645241611-146, id: 0.08558070645241611-147, id: 0.08558070645241611-148, id: 0.08558070645241611-149, id: 0.08558070645241611-150, id: 0.08558070645241611-151, id: 0.08558070645241611-152, id: 0.08558070645241611-153, id: 0.08558070645241611-154, id: 0.08558070645241611-155, id: 0.08558070645241611-156, id: 0.08558070645241611-157, id: 0.08558070645241611-158, id: 0.08558070645241611-159, id: 0.08558070645241611-160, id: 0.08558070645241611-161, id: 0.08558070645241611-162, id: 0.08558070645241611-163, id: 0.08558070645241611-164, id: 0.08558070645241611-165, id: 0.08558070645241611-166, id: 0.08558070645241611-167, id: 0.08558070645241611-168, id: 0.08558070645241611-169, id: 0.08558070645241611-170, id: 0.08558070645241611-171, id: 0.08558070645241611-172, id: 0.08558070645241611-173, id: 0.08558070645241611-174, id: 0.08558070645241611-175, id: 0.08558070645241611-176, id: 0.08558070645241611-177, id: 0.08558070645241611-178, id: 0.08558070645241611-179, id: 0.08558070645241611-180, id: 0.08558070645241611-181, id: 0.08558070645241611-182, id: 0.08558070645241611-183, id: 0.08558070645241611-184, id: 0.08558070645241611-185, id: 0.08558070645241611-186, id: 0.08558070645241611-187, id: 0.08558070645241611-188, id: 0.08558070645241611-189, id: 0.08558070645241611-190, id: 0.08558070645241611-191, id: 0.08558070645241611-192]
[WebDriverCommandLogger] - Executing getElementText element: By.xpath: //div[@id=&apos;c_articlelist_stories_2&apos;]/ul[1]/li/span[2]/span[2] parameters: {&quot;id&quot;:&quot;0.08558070645241611-171&quot;}
[WebDriverCommandLogger] - command: getElementText[ param-1: By.xpath: //div[@id=&apos;c_articlelist_stories_2&apos;]/ul[1]/li/span[2]/span[2] param-2: {&quot;id&quot;:&quot;0.08558070645241611-171&quot;}] Result: getElementText:2 DAYS AGO
[WebDriverCommandLogger] - Executing findElements parameters: {&quot;using&quot;:&quot;xpath&quot;,&quot;value&quot;:&quot;//div[@id=&apos;c_articlelist_stories_2&apos;]/ul[1]/li/span[2]/span[2]&quot;}
[WebDriverCommandLogger] - command: findElements[ param-1: {value=//div[@id=&apos;c_articlelist_stories_2&apos;]/ul[1]/li/span[2]/span[2], using=xpath}] Result: [id: 0.08558070645241611-97, id: 0.08558070645241611-98, id: 0.08558070645241611-99, id: 0.08558070645241611-100, id: 0.08558070645241611-101, id: 0.08558070645241611-102, id: 0.08558070645241611-103, id: 0.08558070645241611-104, id: 0.08558070645241611-105, id: 0.08558070645241611-106, id: 0.08558070645241611-107, id: 0.08558070645241611-108, id: 0.08558070645241611-109, id: 0.08558070645241611-110, id: 0.08558070645241611-111, id: 0.08558070645241611-112, id: 0.08558070645241611-113, id: 0.08558070645241611-114, id: 0.08558070645241611-115, id: 0.08558070645241611-116, id: 0.08558070645241611-117, id: 0.08558070645241611-118, id: 0.08558070645241611-119, id: 0.08558070645241611-120, id: 0.08558070645241611-121, id: 0.08558070645241611-122, id: 0.08558070645241611-123, id: 0.08558070645241611-124, id: 0.08558070645241611-125, id: 0.08558070645241611-126, id: 0.08558070645241611-127, id: 0.08558070645241611-128, id: 0.08558070645241611-129, id: 0.08558070645241611-130, id: 0.08558070645241611-131, id: 0.08558070645241611-132, id: 0.08558070645241611-133, id: 0.08558070645241611-134, id: 0.08558070645241611-135, id: 0.08558070645241611-136, id: 0.08558070645241611-137, id: 0.08558070645241611-138, id: 0.08558070645241611-139, id: 0.08558070645241611-140, id: 0.08558070645241611-141, id: 0.08558070645241611-142, id: 0.08558070645241611-143, id: 0.08558070645241611-144, id: 0.08558070645241611-145, id: 0.08558070645241611-146, id: 0.08558070645241611-147, id: 0.08558070645241611-148, id: 0.08558070645241611-149, id: 0.08558070645241611-150, id: 0.08558070645241611-151, id: 0.08558070645241611-152, id: 0.08558070645241611-153, id: 0.08558070645241611-154, id: 0.08558070645241611-155, id: 0.08558070645241611-156, id: 0.08558070645241611-157, id: 0.08558070645241611-158, id: 0.08558070645241611-159, id: 0.08558070645241611-160, id: 0.08558070645241611-161, id: 0.08558070645241611-162, id: 0.08558070645241611-163, id: 0.08558070645241611-164, id: 0.08558070645241611-165, id: 0.08558070645241611-166, id: 0.08558070645241611-167, id: 0.08558070645241611-168, id: 0.08558070645241611-169, id: 0.08558070645241611-170, id: 0.08558070645241611-171, id: 0.08558070645241611-172, id: 0.08558070645241611-173, id: 0.08558070645241611-174, id: 0.08558070645241611-175, id: 0.08558070645241611-176, id: 0.08558070645241611-177, id: 0.08558070645241611-178, id: 0.08558070645241611-179, id: 0.08558070645241611-180, id: 0.08558070645241611-181, id: 0.08558070645241611-182, id: 0.08558070645241611-183, id: 0.08558070645241611-184, id: 0.08558070645241611-185, id: 0.08558070645241611-186, id: 0.08558070645241611-187, id: 0.08558070645241611-188, id: 0.08558070645241611-189, id: 0.08558070645241611-190, id: 0.08558070645241611-191, id: 0.08558070645241611-192]
[WebDriverCommandLogger] - Executing findElements parameters: {&quot;using&quot;:&quot;xpath&quot;,&quot;value&quot;:&quot;//div[@id=&apos;c_articlelist_stories_2&apos;]/ul[1]/li/span[2]/span[2]&quot;}
[WebDriverCommandLogger] - command: findElements[ param-1: {value=//div[@id=&apos;c_articlelist_stories_2&apos;]/ul[1]/li/span[2]/span[2], using=xpath}] Result: [id: 0.08558070645241611-97, id: 0.08558070645241611-98, id: 0.08558070645241611-99, id: 0.08558070645241611-100, id: 0.08558070645241611-101, id: 0.08558070645241611-102, id: 0.08558070645241611-103, id: 0.08558070645241611-104, id: 0.08558070645241611-105, id: 0.08558070645241611-106, id: 0.08558070645241611-107, id: 0.08558070645241611-108, id: 0.08558070645241611-109, id: 0.08558070645241611-110, id: 0.08558070645241611-111, id: 0.08558070645241611-112, id: 0.08558070645241611-113, id: 0.08558070645241611-114, id: 0.08558070645241611-115, id: 0.08558070645241611-116, id: 0.08558070645241611-117, id: 0.08558070645241611-118, id: 0.08558070645241611-119, id: 0.08558070645241611-120, id: 0.08558070645241611-121, id: 0.08558070645241611-122, id: 0.08558070645241611-123, id: 0.08558070645241611-124, id: 0.08558070645241611-125, id: 0.08558070645241611-126, id: 0.08558070645241611-127, id: 0.08558070645241611-128, id: 0.08558070645241611-129, id: 0.08558070645241611-130, id: 0.08558070645241611-131, id: 0.08558070645241611-132, id: 0.08558070645241611-133, id: 0.08558070645241611-134, id: 0.08558070645241611-135, id: 0.08558070645241611-136, id: 0.08558070645241611-137, id: 0.08558070645241611-138, id: 0.08558070645241611-139, id: 0.08558070645241611-140, id: 0.08558070645241611-141, id: 0.08558070645241611-142, id: 0.08558070645241611-143, id: 0.08558070645241611-144, id: 0.08558070645241611-145, id: 0.08558070645241611-146, id: 0.08558070645241611-147, id: 0.08558070645241611-148, id: 0.08558070645241611-149, id: 0.08558070645241611-150, id: 0.08558070645241611-151, id: 0.08558070645241611-152, id: 0.08558070645241611-153, id: 0.08558070645241611-154, id: 0.08558070645241611-155, id: 0.08558070645241611-156, id: 0.08558070645241611-157, id: 0.08558070645241611-158, id: 0.08558070645241611-159, id: 0.08558070645241611-160, id: 0.08558070645241611-161, id: 0.08558070645241611-162, id: 0.08558070645241611-163, id: 0.08558070645241611-164, id: 0.08558070645241611-165, id: 0.08558070645241611-166, id: 0.08558070645241611-167, id: 0.08558070645241611-168, id: 0.08558070645241611-169, id: 0.08558070645241611-170, id: 0.08558070645241611-171, id: 0.08558070645241611-172, id: 0.08558070645241611-173, id: 0.08558070645241611-174, id: 0.08558070645241611-175, id: 0.08558070645241611-176, id: 0.08558070645241611-177, id: 0.08558070645241611-178, id: 0.08558070645241611-179, id: 0.08558070645241611-180, id: 0.08558070645241611-181, id: 0.08558070645241611-182, id: 0.08558070645241611-183, id: 0.08558070645241611-184, id: 0.08558070645241611-185, id: 0.08558070645241611-186, id: 0.08558070645241611-187, id: 0.08558070645241611-188, id: 0.08558070645241611-189, id: 0.08558070645241611-190, id: 0.08558070645241611-191, id: 0.08558070645241611-192]
[WebDriverCommandLogger] - Executing getElementText element: By.xpath: //div[@id=&apos;c_articlelist_stories_2&apos;]/ul[1]/li/span[2]/span[2] parameters: {&quot;id&quot;:&quot;0.08558070645241611-172&quot;}
[WebDriverCommandLogger] - command: getElementText[ param-1: By.xpath: //div[@id=&apos;c_articlelist_stories_2&apos;]/ul[1]/li/span[2]/span[2] param-2: {&quot;id&quot;:&quot;0.08558070645241611-172&quot;}] Result: getElementText:2 DAYS AGO
[WebDriverCommandLogger] - Executing findElements parameters: {&quot;using&quot;:&quot;xpath&quot;,&quot;value&quot;:&quot;//div[@id=&apos;c_articlelist_stories_2&apos;]/ul[1]/li/span[2]/span[2]&quot;}
[WebDriverCommandLogger] - command: findElements[ param-1: {value=//div[@id=&apos;c_articlelist_stories_2&apos;]/ul[1]/li/span[2]/span[2], using=xpath}] Result: [id: 0.08558070645241611-97, id: 0.08558070645241611-98, id: 0.08558070645241611-99, id: 0.08558070645241611-100, id: 0.08558070645241611-101, id: 0.08558070645241611-102, id: 0.08558070645241611-103, id: 0.08558070645241611-104, id: 0.08558070645241611-105, id: 0.08558070645241611-106, id: 0.08558070645241611-107, id: 0.08558070645241611-108, id: 0.08558070645241611-109, id: 0.08558070645241611-110, id: 0.08558070645241611-111, id: 0.08558070645241611-112, id: 0.08558070645241611-113, id: 0.08558070645241611-114, id: 0.08558070645241611-115, id: 0.08558070645241611-116, id: 0.08558070645241611-117, id: 0.08558070645241611-118, id: 0.08558070645241611-119, id: 0.08558070645241611-120, id: 0.08558070645241611-121, id: 0.08558070645241611-122, id: 0.08558070645241611-123, id: 0.08558070645241611-124, id: 0.08558070645241611-125, id: 0.08558070645241611-126, id: 0.08558070645241611-127, id: 0.08558070645241611-128, id: 0.08558070645241611-129, id: 0.08558070645241611-130, id: 0.08558070645241611-131, id: 0.08558070645241611-132, id: 0.08558070645241611-133, id: 0.08558070645241611-134, id: 0.08558070645241611-135, id: 0.08558070645241611-136, id: 0.08558070645241611-137, id: 0.08558070645241611-138, id: 0.08558070645241611-139, id: 0.08558070645241611-140, id: 0.08558070645241611-141, id: 0.08558070645241611-142, id: 0.08558070645241611-143, id: 0.08558070645241611-144, id: 0.08558070645241611-145, id: 0.08558070645241611-146, id: 0.08558070645241611-147, id: 0.08558070645241611-148, id: 0.08558070645241611-149, id: 0.08558070645241611-150, id: 0.08558070645241611-151, id: 0.08558070645241611-152, id: 0.08558070645241611-153, id: 0.08558070645241611-154, id: 0.08558070645241611-155, id: 0.08558070645241611-156, id: 0.08558070645241611-157, id: 0.08558070645241611-158, id: 0.08558070645241611-159, id: 0.08558070645241611-160, id: 0.08558070645241611-161, id: 0.08558070645241611-162, id: 0.08558070645241611-163, id: 0.08558070645241611-164, id: 0.08558070645241611-165, id: 0.08558070645241611-166, id: 0.08558070645241611-167, id: 0.08558070645241611-168, id: 0.08558070645241611-169, id: 0.08558070645241611-170, id: 0.08558070645241611-171, id: 0.08558070645241611-172, id: 0.08558070645241611-173, id: 0.08558070645241611-174, id: 0.08558070645241611-175, id: 0.08558070645241611-176, id: 0.08558070645241611-177, id: 0.08558070645241611-178, id: 0.08558070645241611-179, id: 0.08558070645241611-180, id: 0.08558070645241611-181, id: 0.08558070645241611-182, id: 0.08558070645241611-183, id: 0.08558070645241611-184, id: 0.08558070645241611-185, id: 0.08558070645241611-186, id: 0.08558070645241611-187, id: 0.08558070645241611-188, id: 0.08558070645241611-189, id: 0.08558070645241611-190, id: 0.08558070645241611-191, id: 0.08558070645241611-192]
[WebDriverCommandLogger] - Executing getElementText element: By.xpath: //div[@id=&apos;c_articlelist_stories_2&apos;]/ul[1]/li/span[2]/span[2] parameters: {&quot;id&quot;:&quot;0.08558070645241611-172&quot;}
[WebDriverCommandLogger] - command: getElementText[ param-1: By.xpath: //div[@id=&apos;c_articlelist_stories_2&apos;]/ul[1]/li/span[2]/span[2] param-2: {&quot;id&quot;:&quot;0.08558070645241611-172&quot;}] Result: getElementText:2 DAYS AGO
[WebDriverCommandLogger] - Executing findElements parameters: {&quot;using&quot;:&quot;xpath&quot;,&quot;value&quot;:&quot;//div[@id=&apos;c_articlelist_stories_2&apos;]/ul[1]/li/span[2]/span[2]&quot;}
[WebDriverCommandLogger] - command: findElements[ param-1: {value=//div[@id=&apos;c_articlelist_stories_2&apos;]/ul[1]/li/span[2]/span[2], using=xpath}] Result: [id: 0.08558070645241611-97, id: 0.08558070645241611-98, id: 0.08558070645241611-99, id: 0.08558070645241611-100, id: 0.08558070645241611-101, id: 0.08558070645241611-102, id: 0.08558070645241611-103, id: 0.08558070645241611-104, id: 0.08558070645241611-105, id: 0.08558070645241611-106, id: 0.08558070645241611-107, id: 0.08558070645241611-108, id: 0.08558070645241611-109, id: 0.08558070645241611-110, id: 0.08558070645241611-111, id: 0.08558070645241611-112, id: 0.08558070645241611-113, id: 0.08558070645241611-114, id: 0.08558070645241611-115, id: 0.08558070645241611-116, id: 0.08558070645241611-117, id: 0.08558070645241611-118, id: 0.08558070645241611-119, id: 0.08558070645241611-120, id: 0.08558070645241611-121, id: 0.08558070645241611-122, id: 0.08558070645241611-123, id: 0.08558070645241611-124, id: 0.08558070645241611-125, id: 0.08558070645241611-126, id: 0.08558070645241611-127, id: 0.08558070645241611-128, id: 0.08558070645241611-129, id: 0.08558070645241611-130, id: 0.08558070645241611-131, id: 0.08558070645241611-132, id: 0.08558070645241611-133, id: 0.08558070645241611-134, id: 0.08558070645241611-135, id: 0.08558070645241611-136, id: 0.08558070645241611-137, id: 0.08558070645241611-138, id: 0.08558070645241611-139, id: 0.08558070645241611-140, id: 0.08558070645241611-141, id: 0.08558070645241611-142, id: 0.08558070645241611-143, id: 0.08558070645241611-144, id: 0.08558070645241611-145, id: 0.08558070645241611-146, id: 0.08558070645241611-147, id: 0.08558070645241611-148, id: 0.08558070645241611-149, id: 0.08558070645241611-150, id: 0.08558070645241611-151, id: 0.08558070645241611-152, id: 0.08558070645241611-153, id: 0.08558070645241611-154, id: 0.08558070645241611-155, id: 0.08558070645241611-156, id: 0.08558070645241611-157, id: 0.08558070645241611-158, id: 0.08558070645241611-159, id: 0.08558070645241611-160, id: 0.08558070645241611-161, id: 0.08558070645241611-162, id: 0.08558070645241611-163, id: 0.08558070645241611-164, id: 0.08558070645241611-165, id: 0.08558070645241611-166, id: 0.08558070645241611-167, id: 0.08558070645241611-168, id: 0.08558070645241611-169, id: 0.08558070645241611-170, id: 0.08558070645241611-171, id: 0.08558070645241611-172, id: 0.08558070645241611-173, id: 0.08558070645241611-174, id: 0.08558070645241611-175, id: 0.08558070645241611-176, id: 0.08558070645241611-177, id: 0.08558070645241611-178, id: 0.08558070645241611-179, id: 0.08558070645241611-180, id: 0.08558070645241611-181, id: 0.08558070645241611-182, id: 0.08558070645241611-183, id: 0.08558070645241611-184, id: 0.08558070645241611-185, id: 0.08558070645241611-186, id: 0.08558070645241611-187, id: 0.08558070645241611-188, id: 0.08558070645241611-189, id: 0.08558070645241611-190, id: 0.08558070645241611-191, id: 0.08558070645241611-192]
[WebDriverCommandLogger] - Executing findElements parameters: {&quot;using&quot;:&quot;xpath&quot;,&quot;value&quot;:&quot;//div[@id=&apos;c_articlelist_stories_2&apos;]/ul[1]/li/span[2]/span[2]&quot;}
[WebDriverCommandLogger] - command: findElements[ param-1: {value=//div[@id=&apos;c_articlelist_stories_2&apos;]/ul[1]/li/span[2]/span[2], using=xpath}] Result: [id: 0.08558070645241611-97, id: 0.08558070645241611-98, id: 0.08558070645241611-99, id: 0.08558070645241611-100, id: 0.08558070645241611-101, id: 0.08558070645241611-102, id: 0.08558070645241611-103, id: 0.08558070645241611-104, id: 0.08558070645241611-105, id: 0.08558070645241611-106, id: 0.08558070645241611-107, id: 0.08558070645241611-108, id: 0.08558070645241611-109, id: 0.08558070645241611-110, id: 0.08558070645241611-111, id: 0.08558070645241611-112, id: 0.08558070645241611-113, id: 0.08558070645241611-114, id: 0.08558070645241611-115, id: 0.08558070645241611-116, id: 0.08558070645241611-117, id: 0.08558070645241611-118, id: 0.08558070645241611-119, id: 0.08558070645241611-120, id: 0.08558070645241611-121, id: 0.08558070645241611-122, id: 0.08558070645241611-123, id: 0.08558070645241611-124, id: 0.08558070645241611-125, id: 0.08558070645241611-126, id: 0.08558070645241611-127, id: 0.08558070645241611-128, id: 0.08558070645241611-129, id: 0.08558070645241611-130, id: 0.08558070645241611-131, id: 0.08558070645241611-132, id: 0.08558070645241611-133, id: 0.08558070645241611-134, id: 0.08558070645241611-135, id: 0.08558070645241611-136, id: 0.08558070645241611-137, id: 0.08558070645241611-138, id: 0.08558070645241611-139, id: 0.08558070645241611-140, id: 0.08558070645241611-141, id: 0.08558070645241611-142, id: 0.08558070645241611-143, id: 0.08558070645241611-144, id: 0.08558070645241611-145, id: 0.08558070645241611-146, id: 0.08558070645241611-147, id: 0.08558070645241611-148, id: 0.08558070645241611-149, id: 0.08558070645241611-150, id: 0.08558070645241611-151, id: 0.08558070645241611-152, id: 0.08558070645241611-153, id: 0.08558070645241611-154, id: 0.08558070645241611-155, id: 0.08558070645241611-156, id: 0.08558070645241611-157, id: 0.08558070645241611-158, id: 0.08558070645241611-159, id: 0.08558070645241611-160, id: 0.08558070645241611-161, id: 0.08558070645241611-162, id: 0.08558070645241611-163, id: 0.08558070645241611-164, id: 0.08558070645241611-165, id: 0.08558070645241611-166, id: 0.08558070645241611-167, id: 0.08558070645241611-168, id: 0.08558070645241611-169, id: 0.08558070645241611-170, id: 0.08558070645241611-171, id: 0.08558070645241611-172, id: 0.08558070645241611-173, id: 0.08558070645241611-174, id: 0.08558070645241611-175, id: 0.08558070645241611-176, id: 0.08558070645241611-177, id: 0.08558070645241611-178, id: 0.08558070645241611-179, id: 0.08558070645241611-180, id: 0.08558070645241611-181, id: 0.08558070645241611-182, id: 0.08558070645241611-183, id: 0.08558070645241611-184, id: 0.08558070645241611-185, id: 0.08558070645241611-186, id: 0.08558070645241611-187, id: 0.08558070645241611-188, id: 0.08558070645241611-189, id: 0.08558070645241611-190, id: 0.08558070645241611-191, id: 0.08558070645241611-192]
[WebDriverCommandLogger] - Executing getElementText element: By.xpath: //div[@id=&apos;c_articlelist_stories_2&apos;]/ul[1]/li/span[2]/span[2] parameters: {&quot;id&quot;:&quot;0.08558070645241611-173&quot;}
[WebDriverCommandLogger] - command: getElementText[ param-1: By.xpath: //div[@id=&apos;c_articlelist_stories_2&apos;]/ul[1]/li/span[2]/span[2] param-2: {&quot;id&quot;:&quot;0.08558070645241611-173&quot;}] Result: getElementText:2 DAYS AGO
[WebDriverCommandLogger] - Executing findElements parameters: {&quot;using&quot;:&quot;xpath&quot;,&quot;value&quot;:&quot;//div[@id=&apos;c_articlelist_stories_2&apos;]/ul[1]/li/span[2]/span[2]&quot;}
[WebDriverCommandLogger] - command: findElements[ param-1: {value=//div[@id=&apos;c_articlelist_stories_2&apos;]/ul[1]/li/span[2]/span[2], using=xpath}] Result: [id: 0.08558070645241611-97, id: 0.08558070645241611-98, id: 0.08558070645241611-99, id: 0.08558070645241611-100, id: 0.08558070645241611-101, id: 0.08558070645241611-102, id: 0.08558070645241611-103, id: 0.08558070645241611-104, id: 0.08558070645241611-105, id: 0.08558070645241611-106, id: 0.08558070645241611-107, id: 0.08558070645241611-108, id: 0.08558070645241611-109, id: 0.08558070645241611-110, id: 0.08558070645241611-111, id: 0.08558070645241611-112, id: 0.08558070645241611-113, id: 0.08558070645241611-114, id: 0.08558070645241611-115, id: 0.08558070645241611-116, id: 0.08558070645241611-117, id: 0.08558070645241611-118, id: 0.08558070645241611-119, id: 0.08558070645241611-120, id: 0.08558070645241611-121, id: 0.08558070645241611-122, id: 0.08558070645241611-123, id: 0.08558070645241611-124, id: 0.08558070645241611-125, id: 0.08558070645241611-126, id: 0.08558070645241611-127, id: 0.08558070645241611-128, id: 0.08558070645241611-129, id: 0.08558070645241611-130, id: 0.08558070645241611-131, id: 0.08558070645241611-132, id: 0.08558070645241611-133, id: 0.08558070645241611-134, id: 0.08558070645241611-135, id: 0.08558070645241611-136, id: 0.08558070645241611-137, id: 0.08558070645241611-138, id: 0.08558070645241611-139, id: 0.08558070645241611-140, id: 0.08558070645241611-141, id: 0.08558070645241611-142, id: 0.08558070645241611-143, id: 0.08558070645241611-144, id: 0.08558070645241611-145, id: 0.08558070645241611-146, id: 0.08558070645241611-147, id: 0.08558070645241611-148, id: 0.08558070645241611-149, id: 0.08558070645241611-150, id: 0.08558070645241611-151, id: 0.08558070645241611-152, id: 0.08558070645241611-153, id: 0.08558070645241611-154, id: 0.08558070645241611-155, id: 0.08558070645241611-156, id: 0.08558070645241611-157, id: 0.08558070645241611-158, id: 0.08558070645241611-159, id: 0.08558070645241611-160, id: 0.08558070645241611-161, id: 0.08558070645241611-162, id: 0.08558070645241611-163, id: 0.08558070645241611-164, id: 0.08558070645241611-165, id: 0.08558070645241611-166, id: 0.08558070645241611-167, id: 0.08558070645241611-168, id: 0.08558070645241611-169, id: 0.08558070645241611-170, id: 0.08558070645241611-171, id: 0.08558070645241611-172, id: 0.08558070645241611-173, id: 0.08558070645241611-174, id: 0.08558070645241611-175, id: 0.08558070645241611-176, id: 0.08558070645241611-177, id: 0.08558070645241611-178, id: 0.08558070645241611-179, id: 0.08558070645241611-180, id: 0.08558070645241611-181, id: 0.08558070645241611-182, id: 0.08558070645241611-183, id: 0.08558070645241611-184, id: 0.08558070645241611-185, id: 0.08558070645241611-186, id: 0.08558070645241611-187, id: 0.08558070645241611-188, id: 0.08558070645241611-189, id: 0.08558070645241611-190, id: 0.08558070645241611-191, id: 0.08558070645241611-192]
[WebDriverCommandLogger] - Executing getElementText element: By.xpath: //div[@id=&apos;c_articlelist_stories_2&apos;]/ul[1]/li/span[2]/span[2] parameters: {&quot;id&quot;:&quot;0.08558070645241611-173&quot;}
[WebDriverCommandLogger] - command: getElementText[ param-1: By.xpath: //div[@id=&apos;c_articlelist_stories_2&apos;]/ul[1]/li/span[2]/span[2] param-2: {&quot;id&quot;:&quot;0.08558070645241611-173&quot;}] Result: getElementText:2 DAYS AGO
[WebDriverCommandLogger] - Executing findElements parameters: {&quot;using&quot;:&quot;xpath&quot;,&quot;value&quot;:&quot;//div[@id=&apos;c_articlelist_stories_2&apos;]/ul[1]/li/span[2]/span[2]&quot;}
[WebDriverCommandLogger] - command: findElements[ param-1: {value=//div[@id=&apos;c_articlelist_stories_2&apos;]/ul[1]/li/span[2]/span[2], using=xpath}] Result: [id: 0.08558070645241611-97, id: 0.08558070645241611-98, id: 0.08558070645241611-99, id: 0.08558070645241611-100, id: 0.08558070645241611-101, id: 0.08558070645241611-102, id: 0.08558070645241611-103, id: 0.08558070645241611-104, id: 0.08558070645241611-105, id: 0.08558070645241611-106, id: 0.08558070645241611-107, id: 0.08558070645241611-108, id: 0.08558070645241611-109, id: 0.08558070645241611-110, id: 0.08558070645241611-111, id: 0.08558070645241611-112, id: 0.08558070645241611-113, id: 0.08558070645241611-114, id: 0.08558070645241611-115, id: 0.08558070645241611-116, id: 0.08558070645241611-117, id: 0.08558070645241611-118, id: 0.08558070645241611-119, id: 0.08558070645241611-120, id: 0.08558070645241611-121, id: 0.08558070645241611-122, id: 0.08558070645241611-123, id: 0.08558070645241611-124, id: 0.08558070645241611-125, id: 0.08558070645241611-126, id: 0.08558070645241611-127, id: 0.08558070645241611-128, id: 0.08558070645241611-129, id: 0.08558070645241611-130, id: 0.08558070645241611-131, id: 0.08558070645241611-132, id: 0.08558070645241611-133, id: 0.08558070645241611-134, id: 0.08558070645241611-135, id: 0.08558070645241611-136, id: 0.08558070645241611-137, id: 0.08558070645241611-138, id: 0.08558070645241611-139, id: 0.08558070645241611-140, id: 0.08558070645241611-141, id: 0.08558070645241611-142, id: 0.08558070645241611-143, id: 0.08558070645241611-144, id: 0.08558070645241611-145, id: 0.08558070645241611-146, id: 0.08558070645241611-147, id: 0.08558070645241611-148, id: 0.08558070645241611-149, id: 0.08558070645241611-150, id: 0.08558070645241611-151, id: 0.08558070645241611-152, id: 0.08558070645241611-153, id: 0.08558070645241611-154, id: 0.08558070645241611-155, id: 0.08558070645241611-156, id: 0.08558070645241611-157, id: 0.08558070645241611-158, id: 0.08558070645241611-159, id: 0.08558070645241611-160, id: 0.08558070645241611-161, id: 0.08558070645241611-162, id: 0.08558070645241611-163, id: 0.08558070645241611-164, id: 0.08558070645241611-165, id: 0.08558070645241611-166, id: 0.08558070645241611-167, id: 0.08558070645241611-168, id: 0.08558070645241611-169, id: 0.08558070645241611-170, id: 0.08558070645241611-171, id: 0.08558070645241611-172, id: 0.08558070645241611-173, id: 0.08558070645241611-174, id: 0.08558070645241611-175, id: 0.08558070645241611-176, id: 0.08558070645241611-177, id: 0.08558070645241611-178, id: 0.08558070645241611-179, id: 0.08558070645241611-180, id: 0.08558070645241611-181, id: 0.08558070645241611-182, id: 0.08558070645241611-183, id: 0.08558070645241611-184, id: 0.08558070645241611-185, id: 0.08558070645241611-186, id: 0.08558070645241611-187, id: 0.08558070645241611-188, id: 0.08558070645241611-189, id: 0.08558070645241611-190, id: 0.08558070645241611-191, id: 0.08558070645241611-192]
[WebDriverCommandLogger] - Executing findElements parameters: {&quot;using&quot;:&quot;xpath&quot;,&quot;value&quot;:&quot;//div[@id=&apos;c_articlelist_stories_2&apos;]/ul[1]/li/span[2]/span[2]&quot;}
[WebDriverCommandLogger] - command: findElements[ param-1: {value=//div[@id=&apos;c_articlelist_stories_2&apos;]/ul[1]/li/span[2]/span[2], using=xpath}] Result: [id: 0.08558070645241611-97, id: 0.08558070645241611-98, id: 0.08558070645241611-99, id: 0.08558070645241611-100, id: 0.08558070645241611-101, id: 0.08558070645241611-102, id: 0.08558070645241611-103, id: 0.08558070645241611-104, id: 0.08558070645241611-105, id: 0.08558070645241611-106, id: 0.08558070645241611-107, id: 0.08558070645241611-108, id: 0.08558070645241611-109, id: 0.08558070645241611-110, id: 0.08558070645241611-111, id: 0.08558070645241611-112, id: 0.08558070645241611-113, id: 0.08558070645241611-114, id: 0.08558070645241611-115, id: 0.08558070645241611-116, id: 0.08558070645241611-117, id: 0.08558070645241611-118, id: 0.08558070645241611-119, id: 0.08558070645241611-120, id: 0.08558070645241611-121, id: 0.08558070645241611-122, id: 0.08558070645241611-123, id: 0.08558070645241611-124, id: 0.08558070645241611-125, id: 0.08558070645241611-126, id: 0.08558070645241611-127, id: 0.08558070645241611-128, id: 0.08558070645241611-129, id: 0.08558070645241611-130, id: 0.08558070645241611-131, id: 0.08558070645241611-132, id: 0.08558070645241611-133, id: 0.08558070645241611-134, id: 0.08558070645241611-135, id: 0.08558070645241611-136, id: 0.08558070645241611-137, id: 0.08558070645241611-138, id: 0.08558070645241611-139, id: 0.08558070645241611-140, id: 0.08558070645241611-141, id: 0.08558070645241611-142, id: 0.08558070645241611-143, id: 0.08558070645241611-144, id: 0.08558070645241611-145, id: 0.08558070645241611-146, id: 0.08558070645241611-147, id: 0.08558070645241611-148, id: 0.08558070645241611-149, id: 0.08558070645241611-150, id: 0.08558070645241611-151, id: 0.08558070645241611-152, id: 0.08558070645241611-153, id: 0.08558070645241611-154, id: 0.08558070645241611-155, id: 0.08558070645241611-156, id: 0.08558070645241611-157, id: 0.08558070645241611-158, id: 0.08558070645241611-159, id: 0.08558070645241611-160, id: 0.08558070645241611-161, id: 0.08558070645241611-162, id: 0.08558070645241611-163, id: 0.08558070645241611-164, id: 0.08558070645241611-165, id: 0.08558070645241611-166, id: 0.08558070645241611-167, id: 0.08558070645241611-168, id: 0.08558070645241611-169, id: 0.08558070645241611-170, id: 0.08558070645241611-171, id: 0.08558070645241611-172, id: 0.08558070645241611-173, id: 0.08558070645241611-174, id: 0.08558070645241611-175, id: 0.08558070645241611-176, id: 0.08558070645241611-177, id: 0.08558070645241611-178, id: 0.08558070645241611-179, id: 0.08558070645241611-180, id: 0.08558070645241611-181, id: 0.08558070645241611-182, id: 0.08558070645241611-183, id: 0.08558070645241611-184, id: 0.08558070645241611-185, id: 0.08558070645241611-186, id: 0.08558070645241611-187, id: 0.08558070645241611-188, id: 0.08558070645241611-189, id: 0.08558070645241611-190, id: 0.08558070645241611-191, id: 0.08558070645241611-192]
[WebDriverCommandLogger] - Executing getElementText element: By.xpath: //div[@id=&apos;c_articlelist_stories_2&apos;]/ul[1]/li/span[2]/span[2] parameters: {&quot;id&quot;:&quot;0.08558070645241611-174&quot;}
[WebDriverCommandLogger] - command: getElementText[ param-1: By.xpath: //div[@id=&apos;c_articlelist_stories_2&apos;]/ul[1]/li/span[2]/span[2] param-2: {&quot;id&quot;:&quot;0.08558070645241611-174&quot;}] Result: getElementText:2 DAYS AGO
[WebDriverCommandLogger] - Executing findElements parameters: {&quot;using&quot;:&quot;xpath&quot;,&quot;value&quot;:&quot;//div[@id=&apos;c_articlelist_stories_2&apos;]/ul[1]/li/span[2]/span[2]&quot;}
[WebDriverCommandLogger] - command: findElements[ param-1: {value=//div[@id=&apos;c_articlelist_stories_2&apos;]/ul[1]/li/span[2]/span[2], using=xpath}] Result: [id: 0.08558070645241611-97, id: 0.08558070645241611-98, id: 0.08558070645241611-99, id: 0.08558070645241611-100, id: 0.08558070645241611-101, id: 0.08558070645241611-102, id: 0.08558070645241611-103, id: 0.08558070645241611-104, id: 0.08558070645241611-105, id: 0.08558070645241611-106, id: 0.08558070645241611-107, id: 0.08558070645241611-108, id: 0.08558070645241611-109, id: 0.08558070645241611-110, id: 0.08558070645241611-111, id: 0.08558070645241611-112, id: 0.08558070645241611-113, id: 0.08558070645241611-114, id: 0.08558070645241611-115, id: 0.08558070645241611-116, id: 0.08558070645241611-117, id: 0.08558070645241611-118, id: 0.08558070645241611-119, id: 0.08558070645241611-120, id: 0.08558070645241611-121, id: 0.08558070645241611-122, id: 0.08558070645241611-123, id: 0.08558070645241611-124, id: 0.08558070645241611-125, id: 0.08558070645241611-126, id: 0.08558070645241611-127, id: 0.08558070645241611-128, id: 0.08558070645241611-129, id: 0.08558070645241611-130, id: 0.08558070645241611-131, id: 0.08558070645241611-132, id: 0.08558070645241611-133, id: 0.08558070645241611-134, id: 0.08558070645241611-135, id: 0.08558070645241611-136, id: 0.08558070645241611-137, id: 0.08558070645241611-138, id: 0.08558070645241611-139, id: 0.08558070645241611-140, id: 0.08558070645241611-141, id: 0.08558070645241611-142, id: 0.08558070645241611-143, id: 0.08558070645241611-144, id: 0.08558070645241611-145, id: 0.08558070645241611-146, id: 0.08558070645241611-147, id: 0.08558070645241611-148, id: 0.08558070645241611-149, id: 0.08558070645241611-150, id: 0.08558070645241611-151, id: 0.08558070645241611-152, id: 0.08558070645241611-153, id: 0.08558070645241611-154, id: 0.08558070645241611-155, id: 0.08558070645241611-156, id: 0.08558070645241611-157, id: 0.08558070645241611-158, id: 0.08558070645241611-159, id: 0.08558070645241611-160, id: 0.08558070645241611-161, id: 0.08558070645241611-162, id: 0.08558070645241611-163, id: 0.08558070645241611-164, id: 0.08558070645241611-165, id: 0.08558070645241611-166, id: 0.08558070645241611-167, id: 0.08558070645241611-168, id: 0.08558070645241611-169, id: 0.08558070645241611-170, id: 0.08558070645241611-171, id: 0.08558070645241611-172, id: 0.08558070645241611-173, id: 0.08558070645241611-174, id: 0.08558070645241611-175, id: 0.08558070645241611-176, id: 0.08558070645241611-177, id: 0.08558070645241611-178, id: 0.08558070645241611-179, id: 0.08558070645241611-180, id: 0.08558070645241611-181, id: 0.08558070645241611-182, id: 0.08558070645241611-183, id: 0.08558070645241611-184, id: 0.08558070645241611-185, id: 0.08558070645241611-186, id: 0.08558070645241611-187, id: 0.08558070645241611-188, id: 0.08558070645241611-189, id: 0.08558070645241611-190, id: 0.08558070645241611-191, id: 0.08558070645241611-192]
[WebDriverCommandLogger] - Executing getElementText element: By.xpath: //div[@id=&apos;c_articlelist_stories_2&apos;]/ul[1]/li/span[2]/span[2] parameters: {&quot;id&quot;:&quot;0.08558070645241611-174&quot;}
[WebDriverCommandLogger] - command: getElementText[ param-1: By.xpath: //div[@id=&apos;c_articlelist_stories_2&apos;]/ul[1]/li/span[2]/span[2] param-2: {&quot;id&quot;:&quot;0.08558070645241611-174&quot;}] Result: getElementText:2 DAYS AGO
[WebDriverCommandLogger] - Executing findElements parameters: {&quot;using&quot;:&quot;xpath&quot;,&quot;value&quot;:&quot;//div[@id=&apos;c_articlelist_stories_2&apos;]/ul[1]/li/span[2]/span[2]&quot;}
[WebDriverCommandLogger] - command: findElements[ param-1: {value=//div[@id=&apos;c_articlelist_stories_2&apos;]/ul[1]/li/span[2]/span[2], using=xpath}] Result: [id: 0.08558070645241611-97, id: 0.08558070645241611-98, id: 0.08558070645241611-99, id: 0.08558070645241611-100, id: 0.08558070645241611-101, id: 0.08558070645241611-102, id: 0.08558070645241611-103, id: 0.08558070645241611-104, id: 0.08558070645241611-105, id: 0.08558070645241611-106, id: 0.08558070645241611-107, id: 0.08558070645241611-108, id: 0.08558070645241611-109, id: 0.08558070645241611-110, id: 0.08558070645241611-111, id: 0.08558070645241611-112, id: 0.08558070645241611-113, id: 0.08558070645241611-114, id: 0.08558070645241611-115, id: 0.08558070645241611-116, id: 0.08558070645241611-117, id: 0.08558070645241611-118, id: 0.08558070645241611-119, id: 0.08558070645241611-120, id: 0.08558070645241611-121, id: 0.08558070645241611-122, id: 0.08558070645241611-123, id: 0.08558070645241611-124, id: 0.08558070645241611-125, id: 0.08558070645241611-126, id: 0.08558070645241611-127, id: 0.08558070645241611-128, id: 0.08558070645241611-129, id: 0.08558070645241611-130, id: 0.08558070645241611-131, id: 0.08558070645241611-132, id: 0.08558070645241611-133, id: 0.08558070645241611-134, id: 0.08558070645241611-135, id: 0.08558070645241611-136, id: 0.08558070645241611-137, id: 0.08558070645241611-138, id: 0.08558070645241611-139, id: 0.08558070645241611-140, id: 0.08558070645241611-141, id: 0.08558070645241611-142, id: 0.08558070645241611-143, id: 0.08558070645241611-144, id: 0.08558070645241611-145, id: 0.08558070645241611-146, id: 0.08558070645241611-147, id: 0.08558070645241611-148, id: 0.08558070645241611-149, id: 0.08558070645241611-150, id: 0.08558070645241611-151, id: 0.08558070645241611-152, id: 0.08558070645241611-153, id: 0.08558070645241611-154, id: 0.08558070645241611-155, id: 0.08558070645241611-156, id: 0.08558070645241611-157, id: 0.08558070645241611-158, id: 0.08558070645241611-159, id: 0.08558070645241611-160, id: 0.08558070645241611-161, id: 0.08558070645241611-162, id: 0.08558070645241611-163, id: 0.08558070645241611-164, id: 0.08558070645241611-165, id: 0.08558070645241611-166, id: 0.08558070645241611-167, id: 0.08558070645241611-168, id: 0.08558070645241611-169, id: 0.08558070645241611-170, id: 0.08558070645241611-171, id: 0.08558070645241611-172, id: 0.08558070645241611-173, id: 0.08558070645241611-174, id: 0.08558070645241611-175, id: 0.08558070645241611-176, id: 0.08558070645241611-177, id: 0.08558070645241611-178, id: 0.08558070645241611-179, id: 0.08558070645241611-180, id: 0.08558070645241611-181, id: 0.08558070645241611-182, id: 0.08558070645241611-183, id: 0.08558070645241611-184, id: 0.08558070645241611-185, id: 0.08558070645241611-186, id: 0.08558070645241611-187, id: 0.08558070645241611-188, id: 0.08558070645241611-189, id: 0.08558070645241611-190, id: 0.08558070645241611-191, id: 0.08558070645241611-192]
[WebDriverCommandLogger] - Executing findElements parameters: {&quot;using&quot;:&quot;xpath&quot;,&quot;value&quot;:&quot;//div[@id=&apos;c_articlelist_stories_2&apos;]/ul[1]/li/span[2]/span[2]&quot;}
[WebDriverCommandLogger] - command: findElements[ param-1: {value=//div[@id=&apos;c_articlelist_stories_2&apos;]/ul[1]/li/span[2]/span[2], using=xpath}] Result: [id: 0.08558070645241611-97, id: 0.08558070645241611-98, id: 0.08558070645241611-99, id: 0.08558070645241611-100, id: 0.08558070645241611-101, id: 0.08558070645241611-102, id: 0.08558070645241611-103, id: 0.08558070645241611-104, id: 0.08558070645241611-105, id: 0.08558070645241611-106, id: 0.08558070645241611-107, id: 0.08558070645241611-108, id: 0.08558070645241611-109, id: 0.08558070645241611-110, id: 0.08558070645241611-111, id: 0.08558070645241611-112, id: 0.08558070645241611-113, id: 0.08558070645241611-114, id: 0.08558070645241611-115, id: 0.08558070645241611-116, id: 0.08558070645241611-117, id: 0.08558070645241611-118, id: 0.08558070645241611-119, id: 0.08558070645241611-120, id: 0.08558070645241611-121, id: 0.08558070645241611-122, id: 0.08558070645241611-123, id: 0.08558070645241611-124, id: 0.08558070645241611-125, id: 0.08558070645241611-126, id: 0.08558070645241611-127, id: 0.08558070645241611-128, id: 0.08558070645241611-129, id: 0.08558070645241611-130, id: 0.08558070645241611-131, id: 0.08558070645241611-132, id: 0.08558070645241611-133, id: 0.08558070645241611-134, id: 0.08558070645241611-135, id: 0.08558070645241611-136, id: 0.08558070645241611-137, id: 0.08558070645241611-138, id: 0.08558070645241611-139, id: 0.08558070645241611-140, id: 0.08558070645241611-141, id: 0.08558070645241611-142, id: 0.08558070645241611-143, id: 0.08558070645241611-144, id: 0.08558070645241611-145, id: 0.08558070645241611-146, id: 0.08558070645241611-147, id: 0.08558070645241611-148, id: 0.08558070645241611-149, id: 0.08558070645241611-150, id: 0.08558070645241611-151, id: 0.08558070645241611-152, id: 0.08558070645241611-153, id: 0.08558070645241611-154, id: 0.08558070645241611-155, id: 0.08558070645241611-156, id: 0.08558070645241611-157, id: 0.08558070645241611-158, id: 0.08558070645241611-159, id: 0.08558070645241611-160, id: 0.08558070645241611-161, id: 0.08558070645241611-162, id: 0.08558070645241611-163, id: 0.08558070645241611-164, id: 0.08558070645241611-165, id: 0.08558070645241611-166, id: 0.08558070645241611-167, id: 0.08558070645241611-168, id: 0.08558070645241611-169, id: 0.08558070645241611-170, id: 0.08558070645241611-171, id: 0.08558070645241611-172, id: 0.08558070645241611-173, id: 0.08558070645241611-174, id: 0.08558070645241611-175, id: 0.08558070645241611-176, id: 0.08558070645241611-177, id: 0.08558070645241611-178, id: 0.08558070645241611-179, id: 0.08558070645241611-180, id: 0.08558070645241611-181, id: 0.08558070645241611-182, id: 0.08558070645241611-183, id: 0.08558070645241611-184, id: 0.08558070645241611-185, id: 0.08558070645241611-186, id: 0.08558070645241611-187, id: 0.08558070645241611-188, id: 0.08558070645241611-189, id: 0.08558070645241611-190, id: 0.08558070645241611-191, id: 0.08558070645241611-192]
[WebDriverCommandLogger] - Executing getElementText element: By.xpath: //div[@id=&apos;c_articlelist_stories_2&apos;]/ul[1]/li/span[2]/span[2] parameters: {&quot;id&quot;:&quot;0.08558070645241611-175&quot;}
[WebDriverCommandLogger] - command: getElementText[ param-1: By.xpath: //div[@id=&apos;c_articlelist_stories_2&apos;]/ul[1]/li/span[2]/span[2] param-2: {&quot;id&quot;:&quot;0.08558070645241611-175&quot;}] Result: getElementText:2 DAYS AGO
[WebDriverCommandLogger] - Executing findElements parameters: {&quot;using&quot;:&quot;xpath&quot;,&quot;value&quot;:&quot;//div[@id=&apos;c_articlelist_stories_2&apos;]/ul[1]/li/span[2]/span[2]&quot;}
[WebDriverCommandLogger] - command: findElements[ param-1: {value=//div[@id=&apos;c_articlelist_stories_2&apos;]/ul[1]/li/span[2]/span[2], using=xpath}] Result: [id: 0.08558070645241611-97, id: 0.08558070645241611-98, id: 0.08558070645241611-99, id: 0.08558070645241611-100, id: 0.08558070645241611-101, id: 0.08558070645241611-102, id: 0.08558070645241611-103, id: 0.08558070645241611-104, id: 0.08558070645241611-105, id: 0.08558070645241611-106, id: 0.08558070645241611-107, id: 0.08558070645241611-108, id: 0.08558070645241611-109, id: 0.08558070645241611-110, id: 0.08558070645241611-111, id: 0.08558070645241611-112, id: 0.08558070645241611-113, id: 0.08558070645241611-114, id: 0.08558070645241611-115, id: 0.08558070645241611-116, id: 0.08558070645241611-117, id: 0.08558070645241611-118, id: 0.08558070645241611-119, id: 0.08558070645241611-120, id: 0.08558070645241611-121, id: 0.08558070645241611-122, id: 0.08558070645241611-123, id: 0.08558070645241611-124, id: 0.08558070645241611-125, id: 0.08558070645241611-126, id: 0.08558070645241611-127, id: 0.08558070645241611-128, id: 0.08558070645241611-129, id: 0.08558070645241611-130, id: 0.08558070645241611-131, id: 0.08558070645241611-132, id: 0.08558070645241611-133, id: 0.08558070645241611-134, id: 0.08558070645241611-135, id: 0.08558070645241611-136, id: 0.08558070645241611-137, id: 0.08558070645241611-138, id: 0.08558070645241611-139, id: 0.08558070645241611-140, id: 0.08558070645241611-141, id: 0.08558070645241611-142, id: 0.08558070645241611-143, id: 0.08558070645241611-144, id: 0.08558070645241611-145, id: 0.08558070645241611-146, id: 0.08558070645241611-147, id: 0.08558070645241611-148, id: 0.08558070645241611-149, id: 0.08558070645241611-150, id: 0.08558070645241611-151, id: 0.08558070645241611-152, id: 0.08558070645241611-153, id: 0.08558070645241611-154, id: 0.08558070645241611-155, id: 0.08558070645241611-156, id: 0.08558070645241611-157, id: 0.08558070645241611-158, id: 0.08558070645241611-159, id: 0.08558070645241611-160, id: 0.08558070645241611-161, id: 0.08558070645241611-162, id: 0.08558070645241611-163, id: 0.08558070645241611-164, id: 0.08558070645241611-165, id: 0.08558070645241611-166, id: 0.08558070645241611-167, id: 0.08558070645241611-168, id: 0.08558070645241611-169, id: 0.08558070645241611-170, id: 0.08558070645241611-171, id: 0.08558070645241611-172, id: 0.08558070645241611-173, id: 0.08558070645241611-174, id: 0.08558070645241611-175, id: 0.08558070645241611-176, id: 0.08558070645241611-177, id: 0.08558070645241611-178, id: 0.08558070645241611-179, id: 0.08558070645241611-180, id: 0.08558070645241611-181, id: 0.08558070645241611-182, id: 0.08558070645241611-183, id: 0.08558070645241611-184, id: 0.08558070645241611-185, id: 0.08558070645241611-186, id: 0.08558070645241611-187, id: 0.08558070645241611-188, id: 0.08558070645241611-189, id: 0.08558070645241611-190, id: 0.08558070645241611-191, id: 0.08558070645241611-192]
[WebDriverCommandLogger] - Executing getElementText element: By.xpath: //div[@id=&apos;c_articlelist_stories_2&apos;]/ul[1]/li/span[2]/span[2] parameters: {&quot;id&quot;:&quot;0.08558070645241611-175&quot;}
[WebDriverCommandLogger] - command: getElementText[ param-1: By.xpath: //div[@id=&apos;c_articlelist_stories_2&apos;]/ul[1]/li/span[2]/span[2] param-2: {&quot;id&quot;:&quot;0.08558070645241611-175&quot;}] Result: getElementText:2 DAYS AGO
[WebDriverCommandLogger] - Executing findElements parameters: {&quot;using&quot;:&quot;xpath&quot;,&quot;value&quot;:&quot;//div[@id=&apos;c_articlelist_stories_2&apos;]/ul[1]/li/span[2]/span[2]&quot;}
[WebDriverCommandLogger] - command: findElements[ param-1: {value=//div[@id=&apos;c_articlelist_stories_2&apos;]/ul[1]/li/span[2]/span[2], using=xpath}] Result: [id: 0.08558070645241611-97, id: 0.08558070645241611-98, id: 0.08558070645241611-99, id: 0.08558070645241611-100, id: 0.08558070645241611-101, id: 0.08558070645241611-102, id: 0.08558070645241611-103, id: 0.08558070645241611-104, id: 0.08558070645241611-105, id: 0.08558070645241611-106, id: 0.08558070645241611-107, id: 0.08558070645241611-108, id: 0.08558070645241611-109, id: 0.08558070645241611-110, id: 0.08558070645241611-111, id: 0.08558070645241611-112, id: 0.08558070645241611-113, id: 0.08558070645241611-114, id: 0.08558070645241611-115, id: 0.08558070645241611-116, id: 0.08558070645241611-117, id: 0.08558070645241611-118, id: 0.08558070645241611-119, id: 0.08558070645241611-120, id: 0.08558070645241611-121, id: 0.08558070645241611-122, id: 0.08558070645241611-123, id: 0.08558070645241611-124, id: 0.08558070645241611-125, id: 0.08558070645241611-126, id: 0.08558070645241611-127, id: 0.08558070645241611-128, id: 0.08558070645241611-129, id: 0.08558070645241611-130, id: 0.08558070645241611-131, id: 0.08558070645241611-132, id: 0.08558070645241611-133, id: 0.08558070645241611-134, id: 0.08558070645241611-135, id: 0.08558070645241611-136, id: 0.08558070645241611-137, id: 0.08558070645241611-138, id: 0.08558070645241611-139, id: 0.08558070645241611-140, id: 0.08558070645241611-141, id: 0.08558070645241611-142, id: 0.08558070645241611-143, id: 0.08558070645241611-144, id: 0.08558070645241611-145, id: 0.08558070645241611-146, id: 0.08558070645241611-147, id: 0.08558070645241611-148, id: 0.08558070645241611-149, id: 0.08558070645241611-150, id: 0.08558070645241611-151, id: 0.08558070645241611-152, id: 0.08558070645241611-153, id: 0.08558070645241611-154, id: 0.08558070645241611-155, id: 0.08558070645241611-156, id: 0.08558070645241611-157, id: 0.08558070645241611-158, id: 0.08558070645241611-159, id: 0.08558070645241611-160, id: 0.08558070645241611-161, id: 0.08558070645241611-162, id: 0.08558070645241611-163, id: 0.08558070645241611-164, id: 0.08558070645241611-165, id: 0.08558070645241611-166, id: 0.08558070645241611-167, id: 0.08558070645241611-168, id: 0.08558070645241611-169, id: 0.08558070645241611-170, id: 0.08558070645241611-171, id: 0.08558070645241611-172, id: 0.08558070645241611-173, id: 0.08558070645241611-174, id: 0.08558070645241611-175, id: 0.08558070645241611-176, id: 0.08558070645241611-177, id: 0.08558070645241611-178, id: 0.08558070645241611-179, id: 0.08558070645241611-180, id: 0.08558070645241611-181, id: 0.08558070645241611-182, id: 0.08558070645241611-183, id: 0.08558070645241611-184, id: 0.08558070645241611-185, id: 0.08558070645241611-186, id: 0.08558070645241611-187, id: 0.08558070645241611-188, id: 0.08558070645241611-189, id: 0.08558070645241611-190, id: 0.08558070645241611-191, id: 0.08558070645241611-192]
[WebDriverCommandLogger] - Executing findElements parameters: {&quot;using&quot;:&quot;xpath&quot;,&quot;value&quot;:&quot;//div[@id=&apos;c_articlelist_stories_2&apos;]/ul[1]/li/span[2]/span[2]&quot;}
[WebDriverCommandLogger] - command: findElements[ param-1: {value=//div[@id=&apos;c_articlelist_stories_2&apos;]/ul[1]/li/span[2]/span[2], using=xpath}] Result: [id: 0.08558070645241611-97, id: 0.08558070645241611-98, id: 0.08558070645241611-99, id: 0.08558070645241611-100, id: 0.08558070645241611-101, id: 0.08558070645241611-102, id: 0.08558070645241611-103, id: 0.08558070645241611-104, id: 0.08558070645241611-105, id: 0.08558070645241611-106, id: 0.08558070645241611-107, id: 0.08558070645241611-108, id: 0.08558070645241611-109, id: 0.08558070645241611-110, id: 0.08558070645241611-111, id: 0.08558070645241611-112, id: 0.08558070645241611-113, id: 0.08558070645241611-114, id: 0.08558070645241611-115, id: 0.08558070645241611-116, id: 0.08558070645241611-117, id: 0.08558070645241611-118, id: 0.08558070645241611-119, id: 0.08558070645241611-120, id: 0.08558070645241611-121, id: 0.08558070645241611-122, id: 0.08558070645241611-123, id: 0.08558070645241611-124, id: 0.08558070645241611-125, id: 0.08558070645241611-126, id: 0.08558070645241611-127, id: 0.08558070645241611-128, id: 0.08558070645241611-129, id: 0.08558070645241611-130, id: 0.08558070645241611-131, id: 0.08558070645241611-132, id: 0.08558070645241611-133, id: 0.08558070645241611-134, id: 0.08558070645241611-135, id: 0.08558070645241611-136, id: 0.08558070645241611-137, id: 0.08558070645241611-138, id: 0.08558070645241611-139, id: 0.08558070645241611-140, id: 0.08558070645241611-141, id: 0.08558070645241611-142, id: 0.08558070645241611-143, id: 0.08558070645241611-144, id: 0.08558070645241611-145, id: 0.08558070645241611-146, id: 0.08558070645241611-147, id: 0.08558070645241611-148, id: 0.08558070645241611-149, id: 0.08558070645241611-150, id: 0.08558070645241611-151, id: 0.08558070645241611-152, id: 0.08558070645241611-153, id: 0.08558070645241611-154, id: 0.08558070645241611-155, id: 0.08558070645241611-156, id: 0.08558070645241611-157, id: 0.08558070645241611-158, id: 0.08558070645241611-159, id: 0.08558070645241611-160, id: 0.08558070645241611-161, id: 0.08558070645241611-162, id: 0.08558070645241611-163, id: 0.08558070645241611-164, id: 0.08558070645241611-165, id: 0.08558070645241611-166, id: 0.08558070645241611-167, id: 0.08558070645241611-168, id: 0.08558070645241611-169, id: 0.08558070645241611-170, id: 0.08558070645241611-171, id: 0.08558070645241611-172, id: 0.08558070645241611-173, id: 0.08558070645241611-174, id: 0.08558070645241611-175, id: 0.08558070645241611-176, id: 0.08558070645241611-177, id: 0.08558070645241611-178, id: 0.08558070645241611-179, id: 0.08558070645241611-180, id: 0.08558070645241611-181, id: 0.08558070645241611-182, id: 0.08558070645241611-183, id: 0.08558070645241611-184, id: 0.08558070645241611-185, id: 0.08558070645241611-186, id: 0.08558070645241611-187, id: 0.08558070645241611-188, id: 0.08558070645241611-189, id: 0.08558070645241611-190, id: 0.08558070645241611-191, id: 0.08558070645241611-192]
[WebDriverCommandLogger] - Executing getElementText element: By.xpath: //div[@id=&apos;c_articlelist_stories_2&apos;]/ul[1]/li/span[2]/span[2] parameters: {&quot;id&quot;:&quot;0.08558070645241611-176&quot;}
[WebDriverCommandLogger] - command: getElementText[ param-1: By.xpath: //div[@id=&apos;c_articlelist_stories_2&apos;]/ul[1]/li/span[2]/span[2] param-2: {&quot;id&quot;:&quot;0.08558070645241611-176&quot;}] Result: getElementText:3 DAYS AGO
[WebDriverCommandLogger] - Executing findElements parameters: {&quot;using&quot;:&quot;xpath&quot;,&quot;value&quot;:&quot;//div[@id=&apos;c_articlelist_stories_2&apos;]/ul[1]/li/span[2]/span[2]&quot;}
[WebDriverCommandLogger] - command: findElements[ param-1: {value=//div[@id=&apos;c_articlelist_stories_2&apos;]/ul[1]/li/span[2]/span[2], using=xpath}] Result: [id: 0.08558070645241611-97, id: 0.08558070645241611-98, id: 0.08558070645241611-99, id: 0.08558070645241611-100, id: 0.08558070645241611-101, id: 0.08558070645241611-102, id: 0.08558070645241611-103, id: 0.08558070645241611-104, id: 0.08558070645241611-105, id: 0.08558070645241611-106, id: 0.08558070645241611-107, id: 0.08558070645241611-108, id: 0.08558070645241611-109, id: 0.08558070645241611-110, id: 0.08558070645241611-111, id: 0.08558070645241611-112, id: 0.08558070645241611-113, id: 0.08558070645241611-114, id: 0.08558070645241611-115, id: 0.08558070645241611-116, id: 0.08558070645241611-117, id: 0.08558070645241611-118, id: 0.08558070645241611-119, id: 0.08558070645241611-120, id: 0.08558070645241611-121, id: 0.08558070645241611-122, id: 0.08558070645241611-123, id: 0.08558070645241611-124, id: 0.08558070645241611-125, id: 0.08558070645241611-126, id: 0.08558070645241611-127, id: 0.08558070645241611-128, id: 0.08558070645241611-129, id: 0.08558070645241611-130, id: 0.08558070645241611-131, id: 0.08558070645241611-132, id: 0.08558070645241611-133, id: 0.08558070645241611-134, id: 0.08558070645241611-135, id: 0.08558070645241611-136, id: 0.08558070645241611-137, id: 0.08558070645241611-138, id: 0.08558070645241611-139, id: 0.08558070645241611-140, id: 0.08558070645241611-141, id: 0.08558070645241611-142, id: 0.08558070645241611-143, id: 0.08558070645241611-144, id: 0.08558070645241611-145, id: 0.08558070645241611-146, id: 0.08558070645241611-147, id: 0.08558070645241611-148, id: 0.08558070645241611-149, id: 0.08558070645241611-150, id: 0.08558070645241611-151, id: 0.08558070645241611-152, id: 0.08558070645241611-153, id: 0.08558070645241611-154, id: 0.08558070645241611-155, id: 0.08558070645241611-156, id: 0.08558070645241611-157, id: 0.08558070645241611-158, id: 0.08558070645241611-159, id: 0.08558070645241611-160, id: 0.08558070645241611-161, id: 0.08558070645241611-162, id: 0.08558070645241611-163, id: 0.08558070645241611-164, id: 0.08558070645241611-165, id: 0.08558070645241611-166, id: 0.08558070645241611-167, id: 0.08558070645241611-168, id: 0.08558070645241611-169, id: 0.08558070645241611-170, id: 0.08558070645241611-171, id: 0.08558070645241611-172, id: 0.08558070645241611-173, id: 0.08558070645241611-174, id: 0.08558070645241611-175, id: 0.08558070645241611-176, id: 0.08558070645241611-177, id: 0.08558070645241611-178, id: 0.08558070645241611-179, id: 0.08558070645241611-180, id: 0.08558070645241611-181, id: 0.08558070645241611-182, id: 0.08558070645241611-183, id: 0.08558070645241611-184, id: 0.08558070645241611-185, id: 0.08558070645241611-186, id: 0.08558070645241611-187, id: 0.08558070645241611-188, id: 0.08558070645241611-189, id: 0.08558070645241611-190, id: 0.08558070645241611-191, id: 0.08558070645241611-192]
[WebDriverCommandLogger] - Executing getElementText element: By.xpath: //div[@id=&apos;c_articlelist_stories_2&apos;]/ul[1]/li/span[2]/span[2] parameters: {&quot;id&quot;:&quot;0.08558070645241611-176&quot;}
[WebDriverCommandLogger] - command: getElementText[ param-1: By.xpath: //div[@id=&apos;c_articlelist_stories_2&apos;]/ul[1]/li/span[2]/span[2] param-2: {&quot;id&quot;:&quot;0.08558070645241611-176&quot;}] Result: getElementText:3 DAYS AGO
[WebDriverCommandLogger] - Executing findElements parameters: {&quot;using&quot;:&quot;xpath&quot;,&quot;value&quot;:&quot;//div[@id=&apos;c_articlelist_stories_2&apos;]/ul[1]/li/span[2]/span[2]&quot;}
[WebDriverCommandLogger] - command: findElements[ param-1: {value=//div[@id=&apos;c_articlelist_stories_2&apos;]/ul[1]/li/span[2]/span[2], using=xpath}] Result: [id: 0.08558070645241611-97, id: 0.08558070645241611-98, id: 0.08558070645241611-99, id: 0.08558070645241611-100, id: 0.08558070645241611-101, id: 0.08558070645241611-102, id: 0.08558070645241611-103, id: 0.08558070645241611-104, id: 0.08558070645241611-105, id: 0.08558070645241611-106, id: 0.08558070645241611-107, id: 0.08558070645241611-108, id: 0.08558070645241611-109, id: 0.08558070645241611-110, id: 0.08558070645241611-111, id: 0.08558070645241611-112, id: 0.08558070645241611-113, id: 0.08558070645241611-114, id: 0.08558070645241611-115, id: 0.08558070645241611-116, id: 0.08558070645241611-117, id: 0.08558070645241611-118, id: 0.08558070645241611-119, id: 0.08558070645241611-120, id: 0.08558070645241611-121, id: 0.08558070645241611-122, id: 0.08558070645241611-123, id: 0.08558070645241611-124, id: 0.08558070645241611-125, id: 0.08558070645241611-126, id: 0.08558070645241611-127, id: 0.08558070645241611-128, id: 0.08558070645241611-129, id: 0.08558070645241611-130, id: 0.08558070645241611-131, id: 0.08558070645241611-132, id: 0.08558070645241611-133, id: 0.08558070645241611-134, id: 0.08558070645241611-135, id: 0.08558070645241611-136, id: 0.08558070645241611-137, id: 0.08558070645241611-138, id: 0.08558070645241611-139, id: 0.08558070645241611-140, id: 0.08558070645241611-141, id: 0.08558070645241611-142, id: 0.08558070645241611-143, id: 0.08558070645241611-144, id: 0.08558070645241611-145, id: 0.08558070645241611-146, id: 0.08558070645241611-147, id: 0.08558070645241611-148, id: 0.08558070645241611-149, id: 0.08558070645241611-150, id: 0.08558070645241611-151, id: 0.08558070645241611-152, id: 0.08558070645241611-153, id: 0.08558070645241611-154, id: 0.08558070645241611-155, id: 0.08558070645241611-156, id: 0.08558070645241611-157, id: 0.08558070645241611-158, id: 0.08558070645241611-159, id: 0.08558070645241611-160, id: 0.08558070645241611-161, id: 0.08558070645241611-162, id: 0.08558070645241611-163, id: 0.08558070645241611-164, id: 0.08558070645241611-165, id: 0.08558070645241611-166, id: 0.08558070645241611-167, id: 0.08558070645241611-168, id: 0.08558070645241611-169, id: 0.08558070645241611-170, id: 0.08558070645241611-171, id: 0.08558070645241611-172, id: 0.08558070645241611-173, id: 0.08558070645241611-174, id: 0.08558070645241611-175, id: 0.08558070645241611-176, id: 0.08558070645241611-177, id: 0.08558070645241611-178, id: 0.08558070645241611-179, id: 0.08558070645241611-180, id: 0.08558070645241611-181, id: 0.08558070645241611-182, id: 0.08558070645241611-183, id: 0.08558070645241611-184, id: 0.08558070645241611-185, id: 0.08558070645241611-186, id: 0.08558070645241611-187, id: 0.08558070645241611-188, id: 0.08558070645241611-189, id: 0.08558070645241611-190, id: 0.08558070645241611-191, id: 0.08558070645241611-192]
[WebDriverCommandLogger] - Executing findElements parameters: {&quot;using&quot;:&quot;xpath&quot;,&quot;value&quot;:&quot;//div[@id=&apos;c_articlelist_stories_2&apos;]/ul[1]/li/span[2]/span[2]&quot;}
[WebDriverCommandLogger] - command: findElements[ param-1: {value=//div[@id=&apos;c_articlelist_stories_2&apos;]/ul[1]/li/span[2]/span[2], using=xpath}] Result: [id: 0.08558070645241611-97, id: 0.08558070645241611-98, id: 0.08558070645241611-99, id: 0.08558070645241611-100, id: 0.08558070645241611-101, id: 0.08558070645241611-102, id: 0.08558070645241611-103, id: 0.08558070645241611-104, id: 0.08558070645241611-105, id: 0.08558070645241611-106, id: 0.08558070645241611-107, id: 0.08558070645241611-108, id: 0.08558070645241611-109, id: 0.08558070645241611-110, id: 0.08558070645241611-111, id: 0.08558070645241611-112, id: 0.08558070645241611-113, id: 0.08558070645241611-114, id: 0.08558070645241611-115, id: 0.08558070645241611-116, id: 0.08558070645241611-117, id: 0.08558070645241611-118, id: 0.08558070645241611-119, id: 0.08558070645241611-120, id: 0.08558070645241611-121, id: 0.08558070645241611-122, id: 0.08558070645241611-123, id: 0.08558070645241611-124, id: 0.08558070645241611-125, id: 0.08558070645241611-126, id: 0.08558070645241611-127, id: 0.08558070645241611-128, id: 0.08558070645241611-129, id: 0.08558070645241611-130, id: 0.08558070645241611-131, id: 0.08558070645241611-132, id: 0.08558070645241611-133, id: 0.08558070645241611-134, id: 0.08558070645241611-135, id: 0.08558070645241611-136, id: 0.08558070645241611-137, id: 0.08558070645241611-138, id: 0.08558070645241611-139, id: 0.08558070645241611-140, id: 0.08558070645241611-141, id: 0.08558070645241611-142, id: 0.08558070645241611-143, id: 0.08558070645241611-144, id: 0.08558070645241611-145, id: 0.08558070645241611-146, id: 0.08558070645241611-147, id: 0.08558070645241611-148, id: 0.08558070645241611-149, id: 0.08558070645241611-150, id: 0.08558070645241611-151, id: 0.08558070645241611-152, id: 0.08558070645241611-153, id: 0.08558070645241611-154, id: 0.08558070645241611-155, id: 0.08558070645241611-156, id: 0.08558070645241611-157, id: 0.08558070645241611-158, id: 0.08558070645241611-159, id: 0.08558070645241611-160, id: 0.08558070645241611-161, id: 0.08558070645241611-162, id: 0.08558070645241611-163, id: 0.08558070645241611-164, id: 0.08558070645241611-165, id: 0.08558070645241611-166, id: 0.08558070645241611-167, id: 0.08558070645241611-168, id: 0.08558070645241611-169, id: 0.08558070645241611-170, id: 0.08558070645241611-171, id: 0.08558070645241611-172, id: 0.08558070645241611-173, id: 0.08558070645241611-174, id: 0.08558070645241611-175, id: 0.08558070645241611-176, id: 0.08558070645241611-177, id: 0.08558070645241611-178, id: 0.08558070645241611-179, id: 0.08558070645241611-180, id: 0.08558070645241611-181, id: 0.08558070645241611-182, id: 0.08558070645241611-183, id: 0.08558070645241611-184, id: 0.08558070645241611-185, id: 0.08558070645241611-186, id: 0.08558070645241611-187, id: 0.08558070645241611-188, id: 0.08558070645241611-189, id: 0.08558070645241611-190, id: 0.08558070645241611-191, id: 0.08558070645241611-192]
[WebDriverCommandLogger] - Executing getElementText element: By.xpath: //div[@id=&apos;c_articlelist_stories_2&apos;]/ul[1]/li/span[2]/span[2] parameters: {&quot;id&quot;:&quot;0.08558070645241611-177&quot;}
[WebDriverCommandLogger] - command: getElementText[ param-1: By.xpath: //div[@id=&apos;c_articlelist_stories_2&apos;]/ul[1]/li/span[2]/span[2] param-2: {&quot;id&quot;:&quot;0.08558070645241611-177&quot;}] Result: getElementText:3 DAYS AGO
[WebDriverCommandLogger] - Executing findElements parameters: {&quot;using&quot;:&quot;xpath&quot;,&quot;value&quot;:&quot;//div[@id=&apos;c_articlelist_stories_2&apos;]/ul[1]/li/span[2]/span[2]&quot;}
[WebDriverCommandLogger] - command: findElements[ param-1: {value=//div[@id=&apos;c_articlelist_stories_2&apos;]/ul[1]/li/span[2]/span[2], using=xpath}] Result: [id: 0.08558070645241611-97, id: 0.08558070645241611-98, id: 0.08558070645241611-99, id: 0.08558070645241611-100, id: 0.08558070645241611-101, id: 0.08558070645241611-102, id: 0.08558070645241611-103, id: 0.08558070645241611-104, id: 0.08558070645241611-105, id: 0.08558070645241611-106, id: 0.08558070645241611-107, id: 0.08558070645241611-108, id: 0.08558070645241611-109, id: 0.08558070645241611-110, id: 0.08558070645241611-111, id: 0.08558070645241611-112, id: 0.08558070645241611-113, id: 0.08558070645241611-114, id: 0.08558070645241611-115, id: 0.08558070645241611-116, id: 0.08558070645241611-117, id: 0.08558070645241611-118, id: 0.08558070645241611-119, id: 0.08558070645241611-120, id: 0.08558070645241611-121, id: 0.08558070645241611-122, id: 0.08558070645241611-123, id: 0.08558070645241611-124, id: 0.08558070645241611-125, id: 0.08558070645241611-126, id: 0.08558070645241611-127, id: 0.08558070645241611-128, id: 0.08558070645241611-129, id: 0.08558070645241611-130, id: 0.08558070645241611-131, id: 0.08558070645241611-132, id: 0.08558070645241611-133, id: 0.08558070645241611-134, id: 0.08558070645241611-135, id: 0.08558070645241611-136, id: 0.08558070645241611-137, id: 0.08558070645241611-138, id: 0.08558070645241611-139, id: 0.08558070645241611-140, id: 0.08558070645241611-141, id: 0.08558070645241611-142, id: 0.08558070645241611-143, id: 0.08558070645241611-144, id: 0.08558070645241611-145, id: 0.08558070645241611-146, id: 0.08558070645241611-147, id: 0.08558070645241611-148, id: 0.08558070645241611-149, id: 0.08558070645241611-150, id: 0.08558070645241611-151, id: 0.08558070645241611-152, id: 0.08558070645241611-153, id: 0.08558070645241611-154, id: 0.08558070645241611-155, id: 0.08558070645241611-156, id: 0.08558070645241611-157, id: 0.08558070645241611-158, id: 0.08558070645241611-159, id: 0.08558070645241611-160, id: 0.08558070645241611-161, id: 0.08558070645241611-162, id: 0.08558070645241611-163, id: 0.08558070645241611-164, id: 0.08558070645241611-165, id: 0.08558070645241611-166, id: 0.08558070645241611-167, id: 0.08558070645241611-168, id: 0.08558070645241611-169, id: 0.08558070645241611-170, id: 0.08558070645241611-171, id: 0.08558070645241611-172, id: 0.08558070645241611-173, id: 0.08558070645241611-174, id: 0.08558070645241611-175, id: 0.08558070645241611-176, id: 0.08558070645241611-177, id: 0.08558070645241611-178, id: 0.08558070645241611-179, id: 0.08558070645241611-180, id: 0.08558070645241611-181, id: 0.08558070645241611-182, id: 0.08558070645241611-183, id: 0.08558070645241611-184, id: 0.08558070645241611-185, id: 0.08558070645241611-186, id: 0.08558070645241611-187, id: 0.08558070645241611-188, id: 0.08558070645241611-189, id: 0.08558070645241611-190, id: 0.08558070645241611-191, id: 0.08558070645241611-192]
[WebDriverCommandLogger] - Executing getElementText element: By.xpath: //div[@id=&apos;c_articlelist_stories_2&apos;]/ul[1]/li/span[2]/span[2] parameters: {&quot;id&quot;:&quot;0.08558070645241611-177&quot;}
[WebDriverCommandLogger] - command: getElementText[ param-1: By.xpath: //div[@id=&apos;c_articlelist_stories_2&apos;]/ul[1]/li/span[2]/span[2] param-2: {&quot;id&quot;:&quot;0.08558070645241611-177&quot;}] Result: getElementText:3 DAYS AGO
[WebDriverCommandLogger] - Executing findElements parameters: {&quot;using&quot;:&quot;xpath&quot;,&quot;value&quot;:&quot;//div[@id=&apos;c_articlelist_stories_2&apos;]/ul[1]/li/span[2]/span[2]&quot;}
[WebDriverCommandLogger] - command: findElements[ param-1: {value=//div[@id=&apos;c_articlelist_stories_2&apos;]/ul[1]/li/span[2]/span[2], using=xpath}] Result: [id: 0.08558070645241611-97, id: 0.08558070645241611-98, id: 0.08558070645241611-99, id: 0.08558070645241611-100, id: 0.08558070645241611-101, id: 0.08558070645241611-102, id: 0.08558070645241611-103, id: 0.08558070645241611-104, id: 0.08558070645241611-105, id: 0.08558070645241611-106, id: 0.08558070645241611-107, id: 0.08558070645241611-108, id: 0.08558070645241611-109, id: 0.08558070645241611-110, id: 0.08558070645241611-111, id: 0.08558070645241611-112, id: 0.08558070645241611-113, id: 0.08558070645241611-114, id: 0.08558070645241611-115, id: 0.08558070645241611-116, id: 0.08558070645241611-117, id: 0.08558070645241611-118, id: 0.08558070645241611-119, id: 0.08558070645241611-120, id: 0.08558070645241611-121, id: 0.08558070645241611-122, id: 0.08558070645241611-123, id: 0.08558070645241611-124, id: 0.08558070645241611-125, id: 0.08558070645241611-126, id: 0.08558070645241611-127, id: 0.08558070645241611-128, id: 0.08558070645241611-129, id: 0.08558070645241611-130, id: 0.08558070645241611-131, id: 0.08558070645241611-132, id: 0.08558070645241611-133, id: 0.08558070645241611-134, id: 0.08558070645241611-135, id: 0.08558070645241611-136, id: 0.08558070645241611-137, id: 0.08558070645241611-138, id: 0.08558070645241611-139, id: 0.08558070645241611-140, id: 0.08558070645241611-141, id: 0.08558070645241611-142, id: 0.08558070645241611-143, id: 0.08558070645241611-144, id: 0.08558070645241611-145, id: 0.08558070645241611-146, id: 0.08558070645241611-147, id: 0.08558070645241611-148, id: 0.08558070645241611-149, id: 0.08558070645241611-150, id: 0.08558070645241611-151, id: 0.08558070645241611-152, id: 0.08558070645241611-153, id: 0.08558070645241611-154, id: 0.08558070645241611-155, id: 0.08558070645241611-156, id: 0.08558070645241611-157, id: 0.08558070645241611-158, id: 0.08558070645241611-159, id: 0.08558070645241611-160, id: 0.08558070645241611-161, id: 0.08558070645241611-162, id: 0.08558070645241611-163, id: 0.08558070645241611-164, id: 0.08558070645241611-165, id: 0.08558070645241611-166, id: 0.08558070645241611-167, id: 0.08558070645241611-168, id: 0.08558070645241611-169, id: 0.08558070645241611-170, id: 0.08558070645241611-171, id: 0.08558070645241611-172, id: 0.08558070645241611-173, id: 0.08558070645241611-174, id: 0.08558070645241611-175, id: 0.08558070645241611-176, id: 0.08558070645241611-177, id: 0.08558070645241611-178, id: 0.08558070645241611-179, id: 0.08558070645241611-180, id: 0.08558070645241611-181, id: 0.08558070645241611-182, id: 0.08558070645241611-183, id: 0.08558070645241611-184, id: 0.08558070645241611-185, id: 0.08558070645241611-186, id: 0.08558070645241611-187, id: 0.08558070645241611-188, id: 0.08558070645241611-189, id: 0.08558070645241611-190, id: 0.08558070645241611-191, id: 0.08558070645241611-192]
[WebDriverCommandLogger] - Executing findElements parameters: {&quot;using&quot;:&quot;xpath&quot;,&quot;value&quot;:&quot;//div[@id=&apos;c_articlelist_stories_2&apos;]/ul[1]/li/span[2]/span[2]&quot;}
[WebDriverCommandLogger] - command: findElements[ param-1: {value=//div[@id=&apos;c_articlelist_stories_2&apos;]/ul[1]/li/span[2]/span[2], using=xpath}] Result: [id: 0.08558070645241611-97, id: 0.08558070645241611-98, id: 0.08558070645241611-99, id: 0.08558070645241611-100, id: 0.08558070645241611-101, id: 0.08558070645241611-102, id: 0.08558070645241611-103, id: 0.08558070645241611-104, id: 0.08558070645241611-105, id: 0.08558070645241611-106, id: 0.08558070645241611-107, id: 0.08558070645241611-108, id: 0.08558070645241611-109, id: 0.08558070645241611-110, id: 0.08558070645241611-111, id: 0.08558070645241611-112, id: 0.08558070645241611-113, id: 0.08558070645241611-114, id: 0.08558070645241611-115, id: 0.08558070645241611-116, id: 0.08558070645241611-117, id: 0.08558070645241611-118, id: 0.08558070645241611-119, id: 0.08558070645241611-120, id: 0.08558070645241611-121, id: 0.08558070645241611-122, id: 0.08558070645241611-123, id: 0.08558070645241611-124, id: 0.08558070645241611-125, id: 0.08558070645241611-126, id: 0.08558070645241611-127, id: 0.08558070645241611-128, id: 0.08558070645241611-129, id: 0.08558070645241611-130, id: 0.08558070645241611-131, id: 0.08558070645241611-132, id: 0.08558070645241611-133, id: 0.08558070645241611-134, id: 0.08558070645241611-135, id: 0.08558070645241611-136, id: 0.08558070645241611-137, id: 0.08558070645241611-138, id: 0.08558070645241611-139, id: 0.08558070645241611-140, id: 0.08558070645241611-141, id: 0.08558070645241611-142, id: 0.08558070645241611-143, id: 0.08558070645241611-144, id: 0.08558070645241611-145, id: 0.08558070645241611-146, id: 0.08558070645241611-147, id: 0.08558070645241611-148, id: 0.08558070645241611-149, id: 0.08558070645241611-150, id: 0.08558070645241611-151, id: 0.08558070645241611-152, id: 0.08558070645241611-153, id: 0.08558070645241611-154, id: 0.08558070645241611-155, id: 0.08558070645241611-156, id: 0.08558070645241611-157, id: 0.08558070645241611-158, id: 0.08558070645241611-159, id: 0.08558070645241611-160, id: 0.08558070645241611-161, id: 0.08558070645241611-162, id: 0.08558070645241611-163, id: 0.08558070645241611-164, id: 0.08558070645241611-165, id: 0.08558070645241611-166, id: 0.08558070645241611-167, id: 0.08558070645241611-168, id: 0.08558070645241611-169, id: 0.08558070645241611-170, id: 0.08558070645241611-171, id: 0.08558070645241611-172, id: 0.08558070645241611-173, id: 0.08558070645241611-174, id: 0.08558070645241611-175, id: 0.08558070645241611-176, id: 0.08558070645241611-177, id: 0.08558070645241611-178, id: 0.08558070645241611-179, id: 0.08558070645241611-180, id: 0.08558070645241611-181, id: 0.08558070645241611-182, id: 0.08558070645241611-183, id: 0.08558070645241611-184, id: 0.08558070645241611-185, id: 0.08558070645241611-186, id: 0.08558070645241611-187, id: 0.08558070645241611-188, id: 0.08558070645241611-189, id: 0.08558070645241611-190, id: 0.08558070645241611-191, id: 0.08558070645241611-192]
[WebDriverCommandLogger] - Executing getElementText element: By.xpath: //div[@id=&apos;c_articlelist_stories_2&apos;]/ul[1]/li/span[2]/span[2] parameters: {&quot;id&quot;:&quot;0.08558070645241611-178&quot;}
[WebDriverCommandLogger] - command: getElementText[ param-1: By.xpath: //div[@id=&apos;c_articlelist_stories_2&apos;]/ul[1]/li/span[2]/span[2] param-2: {&quot;id&quot;:&quot;0.08558070645241611-178&quot;}] Result: getElementText:3 DAYS AGO
[WebDriverCommandLogger] - Executing findElements parameters: {&quot;using&quot;:&quot;xpath&quot;,&quot;value&quot;:&quot;//div[@id=&apos;c_articlelist_stories_2&apos;]/ul[1]/li/span[2]/span[2]&quot;}
[WebDriverCommandLogger] - command: findElements[ param-1: {value=//div[@id=&apos;c_articlelist_stories_2&apos;]/ul[1]/li/span[2]/span[2], using=xpath}] Result: [id: 0.08558070645241611-97, id: 0.08558070645241611-98, id: 0.08558070645241611-99, id: 0.08558070645241611-100, id: 0.08558070645241611-101, id: 0.08558070645241611-102, id: 0.08558070645241611-103, id: 0.08558070645241611-104, id: 0.08558070645241611-105, id: 0.08558070645241611-106, id: 0.08558070645241611-107, id: 0.08558070645241611-108, id: 0.08558070645241611-109, id: 0.08558070645241611-110, id: 0.08558070645241611-111, id: 0.08558070645241611-112, id: 0.08558070645241611-113, id: 0.08558070645241611-114, id: 0.08558070645241611-115, id: 0.08558070645241611-116, id: 0.08558070645241611-117, id: 0.08558070645241611-118, id: 0.08558070645241611-119, id: 0.08558070645241611-120, id: 0.08558070645241611-121, id: 0.08558070645241611-122, id: 0.08558070645241611-123, id: 0.08558070645241611-124, id: 0.08558070645241611-125, id: 0.08558070645241611-126, id: 0.08558070645241611-127, id: 0.08558070645241611-128, id: 0.08558070645241611-129, id: 0.08558070645241611-130, id: 0.08558070645241611-131, id: 0.08558070645241611-132, id: 0.08558070645241611-133, id: 0.08558070645241611-134, id: 0.08558070645241611-135, id: 0.08558070645241611-136, id: 0.08558070645241611-137, id: 0.08558070645241611-138, id: 0.08558070645241611-139, id: 0.08558070645241611-140, id: 0.08558070645241611-141, id: 0.08558070645241611-142, id: 0.08558070645241611-143, id: 0.08558070645241611-144, id: 0.08558070645241611-145, id: 0.08558070645241611-146, id: 0.08558070645241611-147, id: 0.08558070645241611-148, id: 0.08558070645241611-149, id: 0.08558070645241611-150, id: 0.08558070645241611-151, id: 0.08558070645241611-152, id: 0.08558070645241611-153, id: 0.08558070645241611-154, id: 0.08558070645241611-155, id: 0.08558070645241611-156, id: 0.08558070645241611-157, id: 0.08558070645241611-158, id: 0.08558070645241611-159, id: 0.08558070645241611-160, id: 0.08558070645241611-161, id: 0.08558070645241611-162, id: 0.08558070645241611-163, id: 0.08558070645241611-164, id: 0.08558070645241611-165, id: 0.08558070645241611-166, id: 0.08558070645241611-167, id: 0.08558070645241611-168, id: 0.08558070645241611-169, id: 0.08558070645241611-170, id: 0.08558070645241611-171, id: 0.08558070645241611-172, id: 0.08558070645241611-173, id: 0.08558070645241611-174, id: 0.08558070645241611-175, id: 0.08558070645241611-176, id: 0.08558070645241611-177, id: 0.08558070645241611-178, id: 0.08558070645241611-179, id: 0.08558070645241611-180, id: 0.08558070645241611-181, id: 0.08558070645241611-182, id: 0.08558070645241611-183, id: 0.08558070645241611-184, id: 0.08558070645241611-185, id: 0.08558070645241611-186, id: 0.08558070645241611-187, id: 0.08558070645241611-188, id: 0.08558070645241611-189, id: 0.08558070645241611-190, id: 0.08558070645241611-191, id: 0.08558070645241611-192]
[WebDriverCommandLogger] - Executing getElementText element: By.xpath: //div[@id=&apos;c_articlelist_stories_2&apos;]/ul[1]/li/span[2]/span[2] parameters: {&quot;id&quot;:&quot;0.08558070645241611-178&quot;}
[WebDriverCommandLogger] - command: getElementText[ param-1: By.xpath: //div[@id=&apos;c_articlelist_stories_2&apos;]/ul[1]/li/span[2]/span[2] param-2: {&quot;id&quot;:&quot;0.08558070645241611-178&quot;}] Result: getElementText:3 DAYS AGO
[WebDriverCommandLogger] - Executing findElements parameters: {&quot;using&quot;:&quot;xpath&quot;,&quot;value&quot;:&quot;//div[@id=&apos;c_articlelist_stories_2&apos;]/ul[1]/li/span[2]/span[2]&quot;}
[WebDriverCommandLogger] - command: findElements[ param-1: {value=//div[@id=&apos;c_articlelist_stories_2&apos;]/ul[1]/li/span[2]/span[2], using=xpath}] Result: [id: 0.08558070645241611-97, id: 0.08558070645241611-98, id: 0.08558070645241611-99, id: 0.08558070645241611-100, id: 0.08558070645241611-101, id: 0.08558070645241611-102, id: 0.08558070645241611-103, id: 0.08558070645241611-104, id: 0.08558070645241611-105, id: 0.08558070645241611-106, id: 0.08558070645241611-107, id: 0.08558070645241611-108, id: 0.08558070645241611-109, id: 0.08558070645241611-110, id: 0.08558070645241611-111, id: 0.08558070645241611-112, id: 0.08558070645241611-113, id: 0.08558070645241611-114, id: 0.08558070645241611-115, id: 0.08558070645241611-116, id: 0.08558070645241611-117, id: 0.08558070645241611-118, id: 0.08558070645241611-119, id: 0.08558070645241611-120, id: 0.08558070645241611-121, id: 0.08558070645241611-122, id: 0.08558070645241611-123, id: 0.08558070645241611-124, id: 0.08558070645241611-125, id: 0.08558070645241611-126, id: 0.08558070645241611-127, id: 0.08558070645241611-128, id: 0.08558070645241611-129, id: 0.08558070645241611-130, id: 0.08558070645241611-131, id: 0.08558070645241611-132, id: 0.08558070645241611-133, id: 0.08558070645241611-134, id: 0.08558070645241611-135, id: 0.08558070645241611-136, id: 0.08558070645241611-137, id: 0.08558070645241611-138, id: 0.08558070645241611-139, id: 0.08558070645241611-140, id: 0.08558070645241611-141, id: 0.08558070645241611-142, id: 0.08558070645241611-143, id: 0.08558070645241611-144, id: 0.08558070645241611-145, id: 0.08558070645241611-146, id: 0.08558070645241611-147, id: 0.08558070645241611-148, id: 0.08558070645241611-149, id: 0.08558070645241611-150, id: 0.08558070645241611-151, id: 0.08558070645241611-152, id: 0.08558070645241611-153, id: 0.08558070645241611-154, id: 0.08558070645241611-155, id: 0.08558070645241611-156, id: 0.08558070645241611-157, id: 0.08558070645241611-158, id: 0.08558070645241611-159, id: 0.08558070645241611-160, id: 0.08558070645241611-161, id: 0.08558070645241611-162, id: 0.08558070645241611-163, id: 0.08558070645241611-164, id: 0.08558070645241611-165, id: 0.08558070645241611-166, id: 0.08558070645241611-167, id: 0.08558070645241611-168, id: 0.08558070645241611-169, id: 0.08558070645241611-170, id: 0.08558070645241611-171, id: 0.08558070645241611-172, id: 0.08558070645241611-173, id: 0.08558070645241611-174, id: 0.08558070645241611-175, id: 0.08558070645241611-176, id: 0.08558070645241611-177, id: 0.08558070645241611-178, id: 0.08558070645241611-179, id: 0.08558070645241611-180, id: 0.08558070645241611-181, id: 0.08558070645241611-182, id: 0.08558070645241611-183, id: 0.08558070645241611-184, id: 0.08558070645241611-185, id: 0.08558070645241611-186, id: 0.08558070645241611-187, id: 0.08558070645241611-188, id: 0.08558070645241611-189, id: 0.08558070645241611-190, id: 0.08558070645241611-191, id: 0.08558070645241611-192]
[WebDriverCommandLogger] - Executing findElements parameters: {&quot;using&quot;:&quot;xpath&quot;,&quot;value&quot;:&quot;//div[@id=&apos;c_articlelist_stories_2&apos;]/ul[1]/li/span[2]/span[2]&quot;}
[WebDriverCommandLogger] - command: findElements[ param-1: {value=//div[@id=&apos;c_articlelist_stories_2&apos;]/ul[1]/li/span[2]/span[2], using=xpath}] Result: [id: 0.08558070645241611-97, id: 0.08558070645241611-98, id: 0.08558070645241611-99, id: 0.08558070645241611-100, id: 0.08558070645241611-101, id: 0.08558070645241611-102, id: 0.08558070645241611-103, id: 0.08558070645241611-104, id: 0.08558070645241611-105, id: 0.08558070645241611-106, id: 0.08558070645241611-107, id: 0.08558070645241611-108, id: 0.08558070645241611-109, id: 0.08558070645241611-110, id: 0.08558070645241611-111, id: 0.08558070645241611-112, id: 0.08558070645241611-113, id: 0.08558070645241611-114, id: 0.08558070645241611-115, id: 0.08558070645241611-116, id: 0.08558070645241611-117, id: 0.08558070645241611-118, id: 0.08558070645241611-119, id: 0.08558070645241611-120, id: 0.08558070645241611-121, id: 0.08558070645241611-122, id: 0.08558070645241611-123, id: 0.08558070645241611-124, id: 0.08558070645241611-125, id: 0.08558070645241611-126, id: 0.08558070645241611-127, id: 0.08558070645241611-128, id: 0.08558070645241611-129, id: 0.08558070645241611-130, id: 0.08558070645241611-131, id: 0.08558070645241611-132, id: 0.08558070645241611-133, id: 0.08558070645241611-134, id: 0.08558070645241611-135, id: 0.08558070645241611-136, id: 0.08558070645241611-137, id: 0.08558070645241611-138, id: 0.08558070645241611-139, id: 0.08558070645241611-140, id: 0.08558070645241611-141, id: 0.08558070645241611-142, id: 0.08558070645241611-143, id: 0.08558070645241611-144, id: 0.08558070645241611-145, id: 0.08558070645241611-146, id: 0.08558070645241611-147, id: 0.08558070645241611-148, id: 0.08558070645241611-149, id: 0.08558070645241611-150, id: 0.08558070645241611-151, id: 0.08558070645241611-152, id: 0.08558070645241611-153, id: 0.08558070645241611-154, id: 0.08558070645241611-155, id: 0.08558070645241611-156, id: 0.08558070645241611-157, id: 0.08558070645241611-158, id: 0.08558070645241611-159, id: 0.08558070645241611-160, id: 0.08558070645241611-161, id: 0.08558070645241611-162, id: 0.08558070645241611-163, id: 0.08558070645241611-164, id: 0.08558070645241611-165, id: 0.08558070645241611-166, id: 0.08558070645241611-167, id: 0.08558070645241611-168, id: 0.08558070645241611-169, id: 0.08558070645241611-170, id: 0.08558070645241611-171, id: 0.08558070645241611-172, id: 0.08558070645241611-173, id: 0.08558070645241611-174, id: 0.08558070645241611-175, id: 0.08558070645241611-176, id: 0.08558070645241611-177, id: 0.08558070645241611-178, id: 0.08558070645241611-179, id: 0.08558070645241611-180, id: 0.08558070645241611-181, id: 0.08558070645241611-182, id: 0.08558070645241611-183, id: 0.08558070645241611-184, id: 0.08558070645241611-185, id: 0.08558070645241611-186, id: 0.08558070645241611-187, id: 0.08558070645241611-188, id: 0.08558070645241611-189, id: 0.08558070645241611-190, id: 0.08558070645241611-191, id: 0.08558070645241611-192]
[WebDriverCommandLogger] - Executing getElementText element: By.xpath: //div[@id=&apos;c_articlelist_stories_2&apos;]/ul[1]/li/span[2]/span[2] parameters: {&quot;id&quot;:&quot;0.08558070645241611-179&quot;}
[WebDriverCommandLogger] - command: getElementText[ param-1: By.xpath: //div[@id=&apos;c_articlelist_stories_2&apos;]/ul[1]/li/span[2]/span[2] param-2: {&quot;id&quot;:&quot;0.08558070645241611-179&quot;}] Result: getElementText:3 DAYS AGO
[WebDriverCommandLogger] - Executing findElements parameters: {&quot;using&quot;:&quot;xpath&quot;,&quot;value&quot;:&quot;//div[@id=&apos;c_articlelist_stories_2&apos;]/ul[1]/li/span[2]/span[2]&quot;}
[WebDriverCommandLogger] - command: findElements[ param-1: {value=//div[@id=&apos;c_articlelist_stories_2&apos;]/ul[1]/li/span[2]/span[2], using=xpath}] Result: [id: 0.08558070645241611-97, id: 0.08558070645241611-98, id: 0.08558070645241611-99, id: 0.08558070645241611-100, id: 0.08558070645241611-101, id: 0.08558070645241611-102, id: 0.08558070645241611-103, id: 0.08558070645241611-104, id: 0.08558070645241611-105, id: 0.08558070645241611-106, id: 0.08558070645241611-107, id: 0.08558070645241611-108, id: 0.08558070645241611-109, id: 0.08558070645241611-110, id: 0.08558070645241611-111, id: 0.08558070645241611-112, id: 0.08558070645241611-113, id: 0.08558070645241611-114, id: 0.08558070645241611-115, id: 0.08558070645241611-116, id: 0.08558070645241611-117, id: 0.08558070645241611-118, id: 0.08558070645241611-119, id: 0.08558070645241611-120, id: 0.08558070645241611-121, id: 0.08558070645241611-122, id: 0.08558070645241611-123, id: 0.08558070645241611-124, id: 0.08558070645241611-125, id: 0.08558070645241611-126, id: 0.08558070645241611-127, id: 0.08558070645241611-128, id: 0.08558070645241611-129, id: 0.08558070645241611-130, id: 0.08558070645241611-131, id: 0.08558070645241611-132, id: 0.08558070645241611-133, id: 0.08558070645241611-134, id: 0.08558070645241611-135, id: 0.08558070645241611-136, id: 0.08558070645241611-137, id: 0.08558070645241611-138, id: 0.08558070645241611-139, id: 0.08558070645241611-140, id: 0.08558070645241611-141, id: 0.08558070645241611-142, id: 0.08558070645241611-143, id: 0.08558070645241611-144, id: 0.08558070645241611-145, id: 0.08558070645241611-146, id: 0.08558070645241611-147, id: 0.08558070645241611-148, id: 0.08558070645241611-149, id: 0.08558070645241611-150, id: 0.08558070645241611-151, id: 0.08558070645241611-152, id: 0.08558070645241611-153, id: 0.08558070645241611-154, id: 0.08558070645241611-155, id: 0.08558070645241611-156, id: 0.08558070645241611-157, id: 0.08558070645241611-158, id: 0.08558070645241611-159, id: 0.08558070645241611-160, id: 0.08558070645241611-161, id: 0.08558070645241611-162, id: 0.08558070645241611-163, id: 0.08558070645241611-164, id: 0.08558070645241611-165, id: 0.08558070645241611-166, id: 0.08558070645241611-167, id: 0.08558070645241611-168, id: 0.08558070645241611-169, id: 0.08558070645241611-170, id: 0.08558070645241611-171, id: 0.08558070645241611-172, id: 0.08558070645241611-173, id: 0.08558070645241611-174, id: 0.08558070645241611-175, id: 0.08558070645241611-176, id: 0.08558070645241611-177, id: 0.08558070645241611-178, id: 0.08558070645241611-179, id: 0.08558070645241611-180, id: 0.08558070645241611-181, id: 0.08558070645241611-182, id: 0.08558070645241611-183, id: 0.08558070645241611-184, id: 0.08558070645241611-185, id: 0.08558070645241611-186, id: 0.08558070645241611-187, id: 0.08558070645241611-188, id: 0.08558070645241611-189, id: 0.08558070645241611-190, id: 0.08558070645241611-191, id: 0.08558070645241611-192]
[WebDriverCommandLogger] - Executing getElementText element: By.xpath: //div[@id=&apos;c_articlelist_stories_2&apos;]/ul[1]/li/span[2]/span[2] parameters: {&quot;id&quot;:&quot;0.08558070645241611-179&quot;}
[WebDriverCommandLogger] - command: getElementText[ param-1: By.xpath: //div[@id=&apos;c_articlelist_stories_2&apos;]/ul[1]/li/span[2]/span[2] param-2: {&quot;id&quot;:&quot;0.08558070645241611-179&quot;}] Result: getElementText:3 DAYS AGO
[WebDriverCommandLogger] - Executing findElements parameters: {&quot;using&quot;:&quot;xpath&quot;,&quot;value&quot;:&quot;//div[@id=&apos;c_articlelist_stories_2&apos;]/ul[1]/li/span[2]/span[2]&quot;}
[WebDriverCommandLogger] - command: findElements[ param-1: {value=//div[@id=&apos;c_articlelist_stories_2&apos;]/ul[1]/li/span[2]/span[2], using=xpath}] Result: [id: 0.08558070645241611-97, id: 0.08558070645241611-98, id: 0.08558070645241611-99, id: 0.08558070645241611-100, id: 0.08558070645241611-101, id: 0.08558070645241611-102, id: 0.08558070645241611-103, id: 0.08558070645241611-104, id: 0.08558070645241611-105, id: 0.08558070645241611-106, id: 0.08558070645241611-107, id: 0.08558070645241611-108, id: 0.08558070645241611-109, id: 0.08558070645241611-110, id: 0.08558070645241611-111, id: 0.08558070645241611-112, id: 0.08558070645241611-113, id: 0.08558070645241611-114, id: 0.08558070645241611-115, id: 0.08558070645241611-116, id: 0.08558070645241611-117, id: 0.08558070645241611-118, id: 0.08558070645241611-119, id: 0.08558070645241611-120, id: 0.08558070645241611-121, id: 0.08558070645241611-122, id: 0.08558070645241611-123, id: 0.08558070645241611-124, id: 0.08558070645241611-125, id: 0.08558070645241611-126, id: 0.08558070645241611-127, id: 0.08558070645241611-128, id: 0.08558070645241611-129, id: 0.08558070645241611-130, id: 0.08558070645241611-131, id: 0.08558070645241611-132, id: 0.08558070645241611-133, id: 0.08558070645241611-134, id: 0.08558070645241611-135, id: 0.08558070645241611-136, id: 0.08558070645241611-137, id: 0.08558070645241611-138, id: 0.08558070645241611-139, id: 0.08558070645241611-140, id: 0.08558070645241611-141, id: 0.08558070645241611-142, id: 0.08558070645241611-143, id: 0.08558070645241611-144, id: 0.08558070645241611-145, id: 0.08558070645241611-146, id: 0.08558070645241611-147, id: 0.08558070645241611-148, id: 0.08558070645241611-149, id: 0.08558070645241611-150, id: 0.08558070645241611-151, id: 0.08558070645241611-152, id: 0.08558070645241611-153, id: 0.08558070645241611-154, id: 0.08558070645241611-155, id: 0.08558070645241611-156, id: 0.08558070645241611-157, id: 0.08558070645241611-158, id: 0.08558070645241611-159, id: 0.08558070645241611-160, id: 0.08558070645241611-161, id: 0.08558070645241611-162, id: 0.08558070645241611-163, id: 0.08558070645241611-164, id: 0.08558070645241611-165, id: 0.08558070645241611-166, id: 0.08558070645241611-167, id: 0.08558070645241611-168, id: 0.08558070645241611-169, id: 0.08558070645241611-170, id: 0.08558070645241611-171, id: 0.08558070645241611-172, id: 0.08558070645241611-173, id: 0.08558070645241611-174, id: 0.08558070645241611-175, id: 0.08558070645241611-176, id: 0.08558070645241611-177, id: 0.08558070645241611-178, id: 0.08558070645241611-179, id: 0.08558070645241611-180, id: 0.08558070645241611-181, id: 0.08558070645241611-182, id: 0.08558070645241611-183, id: 0.08558070645241611-184, id: 0.08558070645241611-185, id: 0.08558070645241611-186, id: 0.08558070645241611-187, id: 0.08558070645241611-188, id: 0.08558070645241611-189, id: 0.08558070645241611-190, id: 0.08558070645241611-191, id: 0.08558070645241611-192]
[WebDriverCommandLogger] - Executing findElements parameters: {&quot;using&quot;:&quot;xpath&quot;,&quot;value&quot;:&quot;//div[@id=&apos;c_articlelist_stories_2&apos;]/ul[1]/li/span[2]/span[2]&quot;}
[WebDriverCommandLogger] - command: findElements[ param-1: {value=//div[@id=&apos;c_articlelist_stories_2&apos;]/ul[1]/li/span[2]/span[2], using=xpath}] Result: [id: 0.08558070645241611-97, id: 0.08558070645241611-98, id: 0.08558070645241611-99, id: 0.08558070645241611-100, id: 0.08558070645241611-101, id: 0.08558070645241611-102, id: 0.08558070645241611-103, id: 0.08558070645241611-104, id: 0.08558070645241611-105, id: 0.08558070645241611-106, id: 0.08558070645241611-107, id: 0.08558070645241611-108, id: 0.08558070645241611-109, id: 0.08558070645241611-110, id: 0.08558070645241611-111, id: 0.08558070645241611-112, id: 0.08558070645241611-113, id: 0.08558070645241611-114, id: 0.08558070645241611-115, id: 0.08558070645241611-116, id: 0.08558070645241611-117, id: 0.08558070645241611-118, id: 0.08558070645241611-119, id: 0.08558070645241611-120, id: 0.08558070645241611-121, id: 0.08558070645241611-122, id: 0.08558070645241611-123, id: 0.08558070645241611-124, id: 0.08558070645241611-125, id: 0.08558070645241611-126, id: 0.08558070645241611-127, id: 0.08558070645241611-128, id: 0.08558070645241611-129, id: 0.08558070645241611-130, id: 0.08558070645241611-131, id: 0.08558070645241611-132, id: 0.08558070645241611-133, id: 0.08558070645241611-134, id: 0.08558070645241611-135, id: 0.08558070645241611-136, id: 0.08558070645241611-137, id: 0.08558070645241611-138, id: 0.08558070645241611-139, id: 0.08558070645241611-140, id: 0.08558070645241611-141, id: 0.08558070645241611-142, id: 0.08558070645241611-143, id: 0.08558070645241611-144, id: 0.08558070645241611-145, id: 0.08558070645241611-146, id: 0.08558070645241611-147, id: 0.08558070645241611-148, id: 0.08558070645241611-149, id: 0.08558070645241611-150, id: 0.08558070645241611-151, id: 0.08558070645241611-152, id: 0.08558070645241611-153, id: 0.08558070645241611-154, id: 0.08558070645241611-155, id: 0.08558070645241611-156, id: 0.08558070645241611-157, id: 0.08558070645241611-158, id: 0.08558070645241611-159, id: 0.08558070645241611-160, id: 0.08558070645241611-161, id: 0.08558070645241611-162, id: 0.08558070645241611-163, id: 0.08558070645241611-164, id: 0.08558070645241611-165, id: 0.08558070645241611-166, id: 0.08558070645241611-167, id: 0.08558070645241611-168, id: 0.08558070645241611-169, id: 0.08558070645241611-170, id: 0.08558070645241611-171, id: 0.08558070645241611-172, id: 0.08558070645241611-173, id: 0.08558070645241611-174, id: 0.08558070645241611-175, id: 0.08558070645241611-176, id: 0.08558070645241611-177, id: 0.08558070645241611-178, id: 0.08558070645241611-179, id: 0.08558070645241611-180, id: 0.08558070645241611-181, id: 0.08558070645241611-182, id: 0.08558070645241611-183, id: 0.08558070645241611-184, id: 0.08558070645241611-185, id: 0.08558070645241611-186, id: 0.08558070645241611-187, id: 0.08558070645241611-188, id: 0.08558070645241611-189, id: 0.08558070645241611-190, id: 0.08558070645241611-191, id: 0.08558070645241611-192]
[WebDriverCommandLogger] - Executing getElementText element: By.xpath: //div[@id=&apos;c_articlelist_stories_2&apos;]/ul[1]/li/span[2]/span[2] parameters: {&quot;id&quot;:&quot;0.08558070645241611-180&quot;}
[WebDriverCommandLogger] - command: getElementText[ param-1: By.xpath: //div[@id=&apos;c_articlelist_stories_2&apos;]/ul[1]/li/span[2]/span[2] param-2: {&quot;id&quot;:&quot;0.08558070645241611-180&quot;}] Result: getElementText:3 DAYS AGO
[WebDriverCommandLogger] - Executing findElements parameters: {&quot;using&quot;:&quot;xpath&quot;,&quot;value&quot;:&quot;//div[@id=&apos;c_articlelist_stories_2&apos;]/ul[1]/li/span[2]/span[2]&quot;}
[WebDriverCommandLogger] - command: findElements[ param-1: {value=//div[@id=&apos;c_articlelist_stories_2&apos;]/ul[1]/li/span[2]/span[2], using=xpath}] Result: [id: 0.08558070645241611-97, id: 0.08558070645241611-98, id: 0.08558070645241611-99, id: 0.08558070645241611-100, id: 0.08558070645241611-101, id: 0.08558070645241611-102, id: 0.08558070645241611-103, id: 0.08558070645241611-104, id: 0.08558070645241611-105, id: 0.08558070645241611-106, id: 0.08558070645241611-107, id: 0.08558070645241611-108, id: 0.08558070645241611-109, id: 0.08558070645241611-110, id: 0.08558070645241611-111, id: 0.08558070645241611-112, id: 0.08558070645241611-113, id: 0.08558070645241611-114, id: 0.08558070645241611-115, id: 0.08558070645241611-116, id: 0.08558070645241611-117, id: 0.08558070645241611-118, id: 0.08558070645241611-119, id: 0.08558070645241611-120, id: 0.08558070645241611-121, id: 0.08558070645241611-122, id: 0.08558070645241611-123, id: 0.08558070645241611-124, id: 0.08558070645241611-125, id: 0.08558070645241611-126, id: 0.08558070645241611-127, id: 0.08558070645241611-128, id: 0.08558070645241611-129, id: 0.08558070645241611-130, id: 0.08558070645241611-131, id: 0.08558070645241611-132, id: 0.08558070645241611-133, id: 0.08558070645241611-134, id: 0.08558070645241611-135, id: 0.08558070645241611-136, id: 0.08558070645241611-137, id: 0.08558070645241611-138, id: 0.08558070645241611-139, id: 0.08558070645241611-140, id: 0.08558070645241611-141, id: 0.08558070645241611-142, id: 0.08558070645241611-143, id: 0.08558070645241611-144, id: 0.08558070645241611-145, id: 0.08558070645241611-146, id: 0.08558070645241611-147, id: 0.08558070645241611-148, id: 0.08558070645241611-149, id: 0.08558070645241611-150, id: 0.08558070645241611-151, id: 0.08558070645241611-152, id: 0.08558070645241611-153, id: 0.08558070645241611-154, id: 0.08558070645241611-155, id: 0.08558070645241611-156, id: 0.08558070645241611-157, id: 0.08558070645241611-158, id: 0.08558070645241611-159, id: 0.08558070645241611-160, id: 0.08558070645241611-161, id: 0.08558070645241611-162, id: 0.08558070645241611-163, id: 0.08558070645241611-164, id: 0.08558070645241611-165, id: 0.08558070645241611-166, id: 0.08558070645241611-167, id: 0.08558070645241611-168, id: 0.08558070645241611-169, id: 0.08558070645241611-170, id: 0.08558070645241611-171, id: 0.08558070645241611-172, id: 0.08558070645241611-173, id: 0.08558070645241611-174, id: 0.08558070645241611-175, id: 0.08558070645241611-176, id: 0.08558070645241611-177, id: 0.08558070645241611-178, id: 0.08558070645241611-179, id: 0.08558070645241611-180, id: 0.08558070645241611-181, id: 0.08558070645241611-182, id: 0.08558070645241611-183, id: 0.08558070645241611-184, id: 0.08558070645241611-185, id: 0.08558070645241611-186, id: 0.08558070645241611-187, id: 0.08558070645241611-188, id: 0.08558070645241611-189, id: 0.08558070645241611-190, id: 0.08558070645241611-191, id: 0.08558070645241611-192]
[WebDriverCommandLogger] - Executing getElementText element: By.xpath: //div[@id=&apos;c_articlelist_stories_2&apos;]/ul[1]/li/span[2]/span[2] parameters: {&quot;id&quot;:&quot;0.08558070645241611-180&quot;}
[WebDriverCommandLogger] - command: getElementText[ param-1: By.xpath: //div[@id=&apos;c_articlelist_stories_2&apos;]/ul[1]/li/span[2]/span[2] param-2: {&quot;id&quot;:&quot;0.08558070645241611-180&quot;}] Result: getElementText:3 DAYS AGO
[WebDriverCommandLogger] - Executing findElements parameters: {&quot;using&quot;:&quot;xpath&quot;,&quot;value&quot;:&quot;//div[@id=&apos;c_articlelist_stories_2&apos;]/ul[1]/li/span[2]/span[2]&quot;}
[WebDriverCommandLogger] - command: findElements[ param-1: {value=//div[@id=&apos;c_articlelist_stories_2&apos;]/ul[1]/li/span[2]/span[2], using=xpath}] Result: [id: 0.08558070645241611-97, id: 0.08558070645241611-98, id: 0.08558070645241611-99, id: 0.08558070645241611-100, id: 0.08558070645241611-101, id: 0.08558070645241611-102, id: 0.08558070645241611-103, id: 0.08558070645241611-104, id: 0.08558070645241611-105, id: 0.08558070645241611-106, id: 0.08558070645241611-107, id: 0.08558070645241611-108, id: 0.08558070645241611-109, id: 0.08558070645241611-110, id: 0.08558070645241611-111, id: 0.08558070645241611-112, id: 0.08558070645241611-113, id: 0.08558070645241611-114, id: 0.08558070645241611-115, id: 0.08558070645241611-116, id: 0.08558070645241611-117, id: 0.08558070645241611-118, id: 0.08558070645241611-119, id: 0.08558070645241611-120, id: 0.08558070645241611-121, id: 0.08558070645241611-122, id: 0.08558070645241611-123, id: 0.08558070645241611-124, id: 0.08558070645241611-125, id: 0.08558070645241611-126, id: 0.08558070645241611-127, id: 0.08558070645241611-128, id: 0.08558070645241611-129, id: 0.08558070645241611-130, id: 0.08558070645241611-131, id: 0.08558070645241611-132, id: 0.08558070645241611-133, id: 0.08558070645241611-134, id: 0.08558070645241611-135, id: 0.08558070645241611-136, id: 0.08558070645241611-137, id: 0.08558070645241611-138, id: 0.08558070645241611-139, id: 0.08558070645241611-140, id: 0.08558070645241611-141, id: 0.08558070645241611-142, id: 0.08558070645241611-143, id: 0.08558070645241611-144, id: 0.08558070645241611-145, id: 0.08558070645241611-146, id: 0.08558070645241611-147, id: 0.08558070645241611-148, id: 0.08558070645241611-149, id: 0.08558070645241611-150, id: 0.08558070645241611-151, id: 0.08558070645241611-152, id: 0.08558070645241611-153, id: 0.08558070645241611-154, id: 0.08558070645241611-155, id: 0.08558070645241611-156, id: 0.08558070645241611-157, id: 0.08558070645241611-158, id: 0.08558070645241611-159, id: 0.08558070645241611-160, id: 0.08558070645241611-161, id: 0.08558070645241611-162, id: 0.08558070645241611-163, id: 0.08558070645241611-164, id: 0.08558070645241611-165, id: 0.08558070645241611-166, id: 0.08558070645241611-167, id: 0.08558070645241611-168, id: 0.08558070645241611-169, id: 0.08558070645241611-170, id: 0.08558070645241611-171, id: 0.08558070645241611-172, id: 0.08558070645241611-173, id: 0.08558070645241611-174, id: 0.08558070645241611-175, id: 0.08558070645241611-176, id: 0.08558070645241611-177, id: 0.08558070645241611-178, id: 0.08558070645241611-179, id: 0.08558070645241611-180, id: 0.08558070645241611-181, id: 0.08558070645241611-182, id: 0.08558070645241611-183, id: 0.08558070645241611-184, id: 0.08558070645241611-185, id: 0.08558070645241611-186, id: 0.08558070645241611-187, id: 0.08558070645241611-188, id: 0.08558070645241611-189, id: 0.08558070645241611-190, id: 0.08558070645241611-191, id: 0.08558070645241611-192]
[WebDriverCommandLogger] - Executing findElements parameters: {&quot;using&quot;:&quot;xpath&quot;,&quot;value&quot;:&quot;//div[@id=&apos;c_articlelist_stories_2&apos;]/ul[1]/li/span[2]/span[2]&quot;}
[WebDriverCommandLogger] - command: findElements[ param-1: {value=//div[@id=&apos;c_articlelist_stories_2&apos;]/ul[1]/li/span[2]/span[2], using=xpath}] Result: [id: 0.08558070645241611-97, id: 0.08558070645241611-98, id: 0.08558070645241611-99, id: 0.08558070645241611-100, id: 0.08558070645241611-101, id: 0.08558070645241611-102, id: 0.08558070645241611-103, id: 0.08558070645241611-104, id: 0.08558070645241611-105, id: 0.08558070645241611-106, id: 0.08558070645241611-107, id: 0.08558070645241611-108, id: 0.08558070645241611-109, id: 0.08558070645241611-110, id: 0.08558070645241611-111, id: 0.08558070645241611-112, id: 0.08558070645241611-113, id: 0.08558070645241611-114, id: 0.08558070645241611-115, id: 0.08558070645241611-116, id: 0.08558070645241611-117, id: 0.08558070645241611-118, id: 0.08558070645241611-119, id: 0.08558070645241611-120, id: 0.08558070645241611-121, id: 0.08558070645241611-122, id: 0.08558070645241611-123, id: 0.08558070645241611-124, id: 0.08558070645241611-125, id: 0.08558070645241611-126, id: 0.08558070645241611-127, id: 0.08558070645241611-128, id: 0.08558070645241611-129, id: 0.08558070645241611-130, id: 0.08558070645241611-131, id: 0.08558070645241611-132, id: 0.08558070645241611-133, id: 0.08558070645241611-134, id: 0.08558070645241611-135, id: 0.08558070645241611-136, id: 0.08558070645241611-137, id: 0.08558070645241611-138, id: 0.08558070645241611-139, id: 0.08558070645241611-140, id: 0.08558070645241611-141, id: 0.08558070645241611-142, id: 0.08558070645241611-143, id: 0.08558070645241611-144, id: 0.08558070645241611-145, id: 0.08558070645241611-146, id: 0.08558070645241611-147, id: 0.08558070645241611-148, id: 0.08558070645241611-149, id: 0.08558070645241611-150, id: 0.08558070645241611-151, id: 0.08558070645241611-152, id: 0.08558070645241611-153, id: 0.08558070645241611-154, id: 0.08558070645241611-155, id: 0.08558070645241611-156, id: 0.08558070645241611-157, id: 0.08558070645241611-158, id: 0.08558070645241611-159, id: 0.08558070645241611-160, id: 0.08558070645241611-161, id: 0.08558070645241611-162, id: 0.08558070645241611-163, id: 0.08558070645241611-164, id: 0.08558070645241611-165, id: 0.08558070645241611-166, id: 0.08558070645241611-167, id: 0.08558070645241611-168, id: 0.08558070645241611-169, id: 0.08558070645241611-170, id: 0.08558070645241611-171, id: 0.08558070645241611-172, id: 0.08558070645241611-173, id: 0.08558070645241611-174, id: 0.08558070645241611-175, id: 0.08558070645241611-176, id: 0.08558070645241611-177, id: 0.08558070645241611-178, id: 0.08558070645241611-179, id: 0.08558070645241611-180, id: 0.08558070645241611-181, id: 0.08558070645241611-182, id: 0.08558070645241611-183, id: 0.08558070645241611-184, id: 0.08558070645241611-185, id: 0.08558070645241611-186, id: 0.08558070645241611-187, id: 0.08558070645241611-188, id: 0.08558070645241611-189, id: 0.08558070645241611-190, id: 0.08558070645241611-191, id: 0.08558070645241611-192]
[WebDriverCommandLogger] - Executing getElementText element: By.xpath: //div[@id=&apos;c_articlelist_stories_2&apos;]/ul[1]/li/span[2]/span[2] parameters: {&quot;id&quot;:&quot;0.08558070645241611-181&quot;}
[WebDriverCommandLogger] - command: getElementText[ param-1: By.xpath: //div[@id=&apos;c_articlelist_stories_2&apos;]/ul[1]/li/span[2]/span[2] param-2: {&quot;id&quot;:&quot;0.08558070645241611-181&quot;}] Result: getElementText:3 DAYS AGO
[WebDriverCommandLogger] - Executing findElements parameters: {&quot;using&quot;:&quot;xpath&quot;,&quot;value&quot;:&quot;//div[@id=&apos;c_articlelist_stories_2&apos;]/ul[1]/li/span[2]/span[2]&quot;}
[WebDriverCommandLogger] - command: findElements[ param-1: {value=//div[@id=&apos;c_articlelist_stories_2&apos;]/ul[1]/li/span[2]/span[2], using=xpath}] Result: [id: 0.08558070645241611-97, id: 0.08558070645241611-98, id: 0.08558070645241611-99, id: 0.08558070645241611-100, id: 0.08558070645241611-101, id: 0.08558070645241611-102, id: 0.08558070645241611-103, id: 0.08558070645241611-104, id: 0.08558070645241611-105, id: 0.08558070645241611-106, id: 0.08558070645241611-107, id: 0.08558070645241611-108, id: 0.08558070645241611-109, id: 0.08558070645241611-110, id: 0.08558070645241611-111, id: 0.08558070645241611-112, id: 0.08558070645241611-113, id: 0.08558070645241611-114, id: 0.08558070645241611-115, id: 0.08558070645241611-116, id: 0.08558070645241611-117, id: 0.08558070645241611-118, id: 0.08558070645241611-119, id: 0.08558070645241611-120, id: 0.08558070645241611-121, id: 0.08558070645241611-122, id: 0.08558070645241611-123, id: 0.08558070645241611-124, id: 0.08558070645241611-125, id: 0.08558070645241611-126, id: 0.08558070645241611-127, id: 0.08558070645241611-128, id: 0.08558070645241611-129, id: 0.08558070645241611-130, id: 0.08558070645241611-131, id: 0.08558070645241611-132, id: 0.08558070645241611-133, id: 0.08558070645241611-134, id: 0.08558070645241611-135, id: 0.08558070645241611-136, id: 0.08558070645241611-137, id: 0.08558070645241611-138, id: 0.08558070645241611-139, id: 0.08558070645241611-140, id: 0.08558070645241611-141, id: 0.08558070645241611-142, id: 0.08558070645241611-143, id: 0.08558070645241611-144, id: 0.08558070645241611-145, id: 0.08558070645241611-146, id: 0.08558070645241611-147, id: 0.08558070645241611-148, id: 0.08558070645241611-149, id: 0.08558070645241611-150, id: 0.08558070645241611-151, id: 0.08558070645241611-152, id: 0.08558070645241611-153, id: 0.08558070645241611-154, id: 0.08558070645241611-155, id: 0.08558070645241611-156, id: 0.08558070645241611-157, id: 0.08558070645241611-158, id: 0.08558070645241611-159, id: 0.08558070645241611-160, id: 0.08558070645241611-161, id: 0.08558070645241611-162, id: 0.08558070645241611-163, id: 0.08558070645241611-164, id: 0.08558070645241611-165, id: 0.08558070645241611-166, id: 0.08558070645241611-167, id: 0.08558070645241611-168, id: 0.08558070645241611-169, id: 0.08558070645241611-170, id: 0.08558070645241611-171, id: 0.08558070645241611-172, id: 0.08558070645241611-173, id: 0.08558070645241611-174, id: 0.08558070645241611-175, id: 0.08558070645241611-176, id: 0.08558070645241611-177, id: 0.08558070645241611-178, id: 0.08558070645241611-179, id: 0.08558070645241611-180, id: 0.08558070645241611-181, id: 0.08558070645241611-182, id: 0.08558070645241611-183, id: 0.08558070645241611-184, id: 0.08558070645241611-185, id: 0.08558070645241611-186, id: 0.08558070645241611-187, id: 0.08558070645241611-188, id: 0.08558070645241611-189, id: 0.08558070645241611-190, id: 0.08558070645241611-191, id: 0.08558070645241611-192]
[WebDriverCommandLogger] - Executing getElementText element: By.xpath: //div[@id=&apos;c_articlelist_stories_2&apos;]/ul[1]/li/span[2]/span[2] parameters: {&quot;id&quot;:&quot;0.08558070645241611-181&quot;}
[WebDriverCommandLogger] - command: getElementText[ param-1: By.xpath: //div[@id=&apos;c_articlelist_stories_2&apos;]/ul[1]/li/span[2]/span[2] param-2: {&quot;id&quot;:&quot;0.08558070645241611-181&quot;}] Result: getElementText:3 DAYS AGO
[WebDriverCommandLogger] - Executing findElements parameters: {&quot;using&quot;:&quot;xpath&quot;,&quot;value&quot;:&quot;//div[@id=&apos;c_articlelist_stories_2&apos;]/ul[1]/li/span[2]/span[2]&quot;}
[WebDriverCommandLogger] - command: findElements[ param-1: {value=//div[@id=&apos;c_articlelist_stories_2&apos;]/ul[1]/li/span[2]/span[2], using=xpath}] Result: [id: 0.08558070645241611-97, id: 0.08558070645241611-98, id: 0.08558070645241611-99, id: 0.08558070645241611-100, id: 0.08558070645241611-101, id: 0.08558070645241611-102, id: 0.08558070645241611-103, id: 0.08558070645241611-104, id: 0.08558070645241611-105, id: 0.08558070645241611-106, id: 0.08558070645241611-107, id: 0.08558070645241611-108, id: 0.08558070645241611-109, id: 0.08558070645241611-110, id: 0.08558070645241611-111, id: 0.08558070645241611-112, id: 0.08558070645241611-113, id: 0.08558070645241611-114, id: 0.08558070645241611-115, id: 0.08558070645241611-116, id: 0.08558070645241611-117, id: 0.08558070645241611-118, id: 0.08558070645241611-119, id: 0.08558070645241611-120, id: 0.08558070645241611-121, id: 0.08558070645241611-122, id: 0.08558070645241611-123, id: 0.08558070645241611-124, id: 0.08558070645241611-125, id: 0.08558070645241611-126, id: 0.08558070645241611-127, id: 0.08558070645241611-128, id: 0.08558070645241611-129, id: 0.08558070645241611-130, id: 0.08558070645241611-131, id: 0.08558070645241611-132, id: 0.08558070645241611-133, id: 0.08558070645241611-134, id: 0.08558070645241611-135, id: 0.08558070645241611-136, id: 0.08558070645241611-137, id: 0.08558070645241611-138, id: 0.08558070645241611-139, id: 0.08558070645241611-140, id: 0.08558070645241611-141, id: 0.08558070645241611-142, id: 0.08558070645241611-143, id: 0.08558070645241611-144, id: 0.08558070645241611-145, id: 0.08558070645241611-146, id: 0.08558070645241611-147, id: 0.08558070645241611-148, id: 0.08558070645241611-149, id: 0.08558070645241611-150, id: 0.08558070645241611-151, id: 0.08558070645241611-152, id: 0.08558070645241611-153, id: 0.08558070645241611-154, id: 0.08558070645241611-155, id: 0.08558070645241611-156, id: 0.08558070645241611-157, id: 0.08558070645241611-158, id: 0.08558070645241611-159, id: 0.08558070645241611-160, id: 0.08558070645241611-161, id: 0.08558070645241611-162, id: 0.08558070645241611-163, id: 0.08558070645241611-164, id: 0.08558070645241611-165, id: 0.08558070645241611-166, id: 0.08558070645241611-167, id: 0.08558070645241611-168, id: 0.08558070645241611-169, id: 0.08558070645241611-170, id: 0.08558070645241611-171, id: 0.08558070645241611-172, id: 0.08558070645241611-173, id: 0.08558070645241611-174, id: 0.08558070645241611-175, id: 0.08558070645241611-176, id: 0.08558070645241611-177, id: 0.08558070645241611-178, id: 0.08558070645241611-179, id: 0.08558070645241611-180, id: 0.08558070645241611-181, id: 0.08558070645241611-182, id: 0.08558070645241611-183, id: 0.08558070645241611-184, id: 0.08558070645241611-185, id: 0.08558070645241611-186, id: 0.08558070645241611-187, id: 0.08558070645241611-188, id: 0.08558070645241611-189, id: 0.08558070645241611-190, id: 0.08558070645241611-191, id: 0.08558070645241611-192]
[WebDriverCommandLogger] - Executing findElements parameters: {&quot;using&quot;:&quot;xpath&quot;,&quot;value&quot;:&quot;//div[@id=&apos;c_articlelist_stories_2&apos;]/ul[1]/li/span[2]/span[2]&quot;}
[WebDriverCommandLogger] - command: findElements[ param-1: {value=//div[@id=&apos;c_articlelist_stories_2&apos;]/ul[1]/li/span[2]/span[2], using=xpath}] Result: [id: 0.08558070645241611-97, id: 0.08558070645241611-98, id: 0.08558070645241611-99, id: 0.08558070645241611-100, id: 0.08558070645241611-101, id: 0.08558070645241611-102, id: 0.08558070645241611-103, id: 0.08558070645241611-104, id: 0.08558070645241611-105, id: 0.08558070645241611-106, id: 0.08558070645241611-107, id: 0.08558070645241611-108, id: 0.08558070645241611-109, id: 0.08558070645241611-110, id: 0.08558070645241611-111, id: 0.08558070645241611-112, id: 0.08558070645241611-113, id: 0.08558070645241611-114, id: 0.08558070645241611-115, id: 0.08558070645241611-116, id: 0.08558070645241611-117, id: 0.08558070645241611-118, id: 0.08558070645241611-119, id: 0.08558070645241611-120, id: 0.08558070645241611-121, id: 0.08558070645241611-122, id: 0.08558070645241611-123, id: 0.08558070645241611-124, id: 0.08558070645241611-125, id: 0.08558070645241611-126, id: 0.08558070645241611-127, id: 0.08558070645241611-128, id: 0.08558070645241611-129, id: 0.08558070645241611-130, id: 0.08558070645241611-131, id: 0.08558070645241611-132, id: 0.08558070645241611-133, id: 0.08558070645241611-134, id: 0.08558070645241611-135, id: 0.08558070645241611-136, id: 0.08558070645241611-137, id: 0.08558070645241611-138, id: 0.08558070645241611-139, id: 0.08558070645241611-140, id: 0.08558070645241611-141, id: 0.08558070645241611-142, id: 0.08558070645241611-143, id: 0.08558070645241611-144, id: 0.08558070645241611-145, id: 0.08558070645241611-146, id: 0.08558070645241611-147, id: 0.08558070645241611-148, id: 0.08558070645241611-149, id: 0.08558070645241611-150, id: 0.08558070645241611-151, id: 0.08558070645241611-152, id: 0.08558070645241611-153, id: 0.08558070645241611-154, id: 0.08558070645241611-155, id: 0.08558070645241611-156, id: 0.08558070645241611-157, id: 0.08558070645241611-158, id: 0.08558070645241611-159, id: 0.08558070645241611-160, id: 0.08558070645241611-161, id: 0.08558070645241611-162, id: 0.08558070645241611-163, id: 0.08558070645241611-164, id: 0.08558070645241611-165, id: 0.08558070645241611-166, id: 0.08558070645241611-167, id: 0.08558070645241611-168, id: 0.08558070645241611-169, id: 0.08558070645241611-170, id: 0.08558070645241611-171, id: 0.08558070645241611-172, id: 0.08558070645241611-173, id: 0.08558070645241611-174, id: 0.08558070645241611-175, id: 0.08558070645241611-176, id: 0.08558070645241611-177, id: 0.08558070645241611-178, id: 0.08558070645241611-179, id: 0.08558070645241611-180, id: 0.08558070645241611-181, id: 0.08558070645241611-182, id: 0.08558070645241611-183, id: 0.08558070645241611-184, id: 0.08558070645241611-185, id: 0.08558070645241611-186, id: 0.08558070645241611-187, id: 0.08558070645241611-188, id: 0.08558070645241611-189, id: 0.08558070645241611-190, id: 0.08558070645241611-191, id: 0.08558070645241611-192]
[WebDriverCommandLogger] - Executing getElementText element: By.xpath: //div[@id=&apos;c_articlelist_stories_2&apos;]/ul[1]/li/span[2]/span[2] parameters: {&quot;id&quot;:&quot;0.08558070645241611-182&quot;}
[WebDriverCommandLogger] - command: getElementText[ param-1: By.xpath: //div[@id=&apos;c_articlelist_stories_2&apos;]/ul[1]/li/span[2]/span[2] param-2: {&quot;id&quot;:&quot;0.08558070645241611-182&quot;}] Result: getElementText:3 DAYS AGO
[WebDriverCommandLogger] - Executing findElements parameters: {&quot;using&quot;:&quot;xpath&quot;,&quot;value&quot;:&quot;//div[@id=&apos;c_articlelist_stories_2&apos;]/ul[1]/li/span[2]/span[2]&quot;}
[WebDriverCommandLogger] - command: findElements[ param-1: {value=//div[@id=&apos;c_articlelist_stories_2&apos;]/ul[1]/li/span[2]/span[2], using=xpath}] Result: [id: 0.08558070645241611-97, id: 0.08558070645241611-98, id: 0.08558070645241611-99, id: 0.08558070645241611-100, id: 0.08558070645241611-101, id: 0.08558070645241611-102, id: 0.08558070645241611-103, id: 0.08558070645241611-104, id: 0.08558070645241611-105, id: 0.08558070645241611-106, id: 0.08558070645241611-107, id: 0.08558070645241611-108, id: 0.08558070645241611-109, id: 0.08558070645241611-110, id: 0.08558070645241611-111, id: 0.08558070645241611-112, id: 0.08558070645241611-113, id: 0.08558070645241611-114, id: 0.08558070645241611-115, id: 0.08558070645241611-116, id: 0.08558070645241611-117, id: 0.08558070645241611-118, id: 0.08558070645241611-119, id: 0.08558070645241611-120, id: 0.08558070645241611-121, id: 0.08558070645241611-122, id: 0.08558070645241611-123, id: 0.08558070645241611-124, id: 0.08558070645241611-125, id: 0.08558070645241611-126, id: 0.08558070645241611-127, id: 0.08558070645241611-128, id: 0.08558070645241611-129, id: 0.08558070645241611-130, id: 0.08558070645241611-131, id: 0.08558070645241611-132, id: 0.08558070645241611-133, id: 0.08558070645241611-134, id: 0.08558070645241611-135, id: 0.08558070645241611-136, id: 0.08558070645241611-137, id: 0.08558070645241611-138, id: 0.08558070645241611-139, id: 0.08558070645241611-140, id: 0.08558070645241611-141, id: 0.08558070645241611-142, id: 0.08558070645241611-143, id: 0.08558070645241611-144, id: 0.08558070645241611-145, id: 0.08558070645241611-146, id: 0.08558070645241611-147, id: 0.08558070645241611-148, id: 0.08558070645241611-149, id: 0.08558070645241611-150, id: 0.08558070645241611-151, id: 0.08558070645241611-152, id: 0.08558070645241611-153, id: 0.08558070645241611-154, id: 0.08558070645241611-155, id: 0.08558070645241611-156, id: 0.08558070645241611-157, id: 0.08558070645241611-158, id: 0.08558070645241611-159, id: 0.08558070645241611-160, id: 0.08558070645241611-161, id: 0.08558070645241611-162, id: 0.08558070645241611-163, id: 0.08558070645241611-164, id: 0.08558070645241611-165, id: 0.08558070645241611-166, id: 0.08558070645241611-167, id: 0.08558070645241611-168, id: 0.08558070645241611-169, id: 0.08558070645241611-170, id: 0.08558070645241611-171, id: 0.08558070645241611-172, id: 0.08558070645241611-173, id: 0.08558070645241611-174, id: 0.08558070645241611-175, id: 0.08558070645241611-176, id: 0.08558070645241611-177, id: 0.08558070645241611-178, id: 0.08558070645241611-179, id: 0.08558070645241611-180, id: 0.08558070645241611-181, id: 0.08558070645241611-182, id: 0.08558070645241611-183, id: 0.08558070645241611-184, id: 0.08558070645241611-185, id: 0.08558070645241611-186, id: 0.08558070645241611-187, id: 0.08558070645241611-188, id: 0.08558070645241611-189, id: 0.08558070645241611-190, id: 0.08558070645241611-191, id: 0.08558070645241611-192]
[WebDriverCommandLogger] - Executing getElementText element: By.xpath: //div[@id=&apos;c_articlelist_stories_2&apos;]/ul[1]/li/span[2]/span[2] parameters: {&quot;id&quot;:&quot;0.08558070645241611-182&quot;}
[WebDriverCommandLogger] - command: getElementText[ param-1: By.xpath: //div[@id=&apos;c_articlelist_stories_2&apos;]/ul[1]/li/span[2]/span[2] param-2: {&quot;id&quot;:&quot;0.08558070645241611-182&quot;}] Result: getElementText:3 DAYS AGO
[WebDriverCommandLogger] - Executing findElements parameters: {&quot;using&quot;:&quot;xpath&quot;,&quot;value&quot;:&quot;//div[@id=&apos;c_articlelist_stories_2&apos;]/ul[1]/li/span[2]/span[2]&quot;}
[WebDriverCommandLogger] - command: findElements[ param-1: {value=//div[@id=&apos;c_articlelist_stories_2&apos;]/ul[1]/li/span[2]/span[2], using=xpath}] Result: [id: 0.08558070645241611-97, id: 0.08558070645241611-98, id: 0.08558070645241611-99, id: 0.08558070645241611-100, id: 0.08558070645241611-101, id: 0.08558070645241611-102, id: 0.08558070645241611-103, id: 0.08558070645241611-104, id: 0.08558070645241611-105, id: 0.08558070645241611-106, id: 0.08558070645241611-107, id: 0.08558070645241611-108, id: 0.08558070645241611-109, id: 0.08558070645241611-110, id: 0.08558070645241611-111, id: 0.08558070645241611-112, id: 0.08558070645241611-113, id: 0.08558070645241611-114, id: 0.08558070645241611-115, id: 0.08558070645241611-116, id: 0.08558070645241611-117, id: 0.08558070645241611-118, id: 0.08558070645241611-119, id: 0.08558070645241611-120, id: 0.08558070645241611-121, id: 0.08558070645241611-122, id: 0.08558070645241611-123, id: 0.08558070645241611-124, id: 0.08558070645241611-125, id: 0.08558070645241611-126, id: 0.08558070645241611-127, id: 0.08558070645241611-128, id: 0.08558070645241611-129, id: 0.08558070645241611-130, id: 0.08558070645241611-131, id: 0.08558070645241611-132, id: 0.08558070645241611-133, id: 0.08558070645241611-134, id: 0.08558070645241611-135, id: 0.08558070645241611-136, id: 0.08558070645241611-137, id: 0.08558070645241611-138, id: 0.08558070645241611-139, id: 0.08558070645241611-140, id: 0.08558070645241611-141, id: 0.08558070645241611-142, id: 0.08558070645241611-143, id: 0.08558070645241611-144, id: 0.08558070645241611-145, id: 0.08558070645241611-146, id: 0.08558070645241611-147, id: 0.08558070645241611-148, id: 0.08558070645241611-149, id: 0.08558070645241611-150, id: 0.08558070645241611-151, id: 0.08558070645241611-152, id: 0.08558070645241611-153, id: 0.08558070645241611-154, id: 0.08558070645241611-155, id: 0.08558070645241611-156, id: 0.08558070645241611-157, id: 0.08558070645241611-158, id: 0.08558070645241611-159, id: 0.08558070645241611-160, id: 0.08558070645241611-161, id: 0.08558070645241611-162, id: 0.08558070645241611-163, id: 0.08558070645241611-164, id: 0.08558070645241611-165, id: 0.08558070645241611-166, id: 0.08558070645241611-167, id: 0.08558070645241611-168, id: 0.08558070645241611-169, id: 0.08558070645241611-170, id: 0.08558070645241611-171, id: 0.08558070645241611-172, id: 0.08558070645241611-173, id: 0.08558070645241611-174, id: 0.08558070645241611-175, id: 0.08558070645241611-176, id: 0.08558070645241611-177, id: 0.08558070645241611-178, id: 0.08558070645241611-179, id: 0.08558070645241611-180, id: 0.08558070645241611-181, id: 0.08558070645241611-182, id: 0.08558070645241611-183, id: 0.08558070645241611-184, id: 0.08558070645241611-185, id: 0.08558070645241611-186, id: 0.08558070645241611-187, id: 0.08558070645241611-188, id: 0.08558070645241611-189, id: 0.08558070645241611-190, id: 0.08558070645241611-191, id: 0.08558070645241611-192]
[WebDriverCommandLogger] - Executing findElements parameters: {&quot;using&quot;:&quot;xpath&quot;,&quot;value&quot;:&quot;//div[@id=&apos;c_articlelist_stories_2&apos;]/ul[1]/li/span[2]/span[2]&quot;}
[WebDriverCommandLogger] - command: findElements[ param-1: {value=//div[@id=&apos;c_articlelist_stories_2&apos;]/ul[1]/li/span[2]/span[2], using=xpath}] Result: [id: 0.08558070645241611-97, id: 0.08558070645241611-98, id: 0.08558070645241611-99, id: 0.08558070645241611-100, id: 0.08558070645241611-101, id: 0.08558070645241611-102, id: 0.08558070645241611-103, id: 0.08558070645241611-104, id: 0.08558070645241611-105, id: 0.08558070645241611-106, id: 0.08558070645241611-107, id: 0.08558070645241611-108, id: 0.08558070645241611-109, id: 0.08558070645241611-110, id: 0.08558070645241611-111, id: 0.08558070645241611-112, id: 0.08558070645241611-113, id: 0.08558070645241611-114, id: 0.08558070645241611-115, id: 0.08558070645241611-116, id: 0.08558070645241611-117, id: 0.08558070645241611-118, id: 0.08558070645241611-119, id: 0.08558070645241611-120, id: 0.08558070645241611-121, id: 0.08558070645241611-122, id: 0.08558070645241611-123, id: 0.08558070645241611-124, id: 0.08558070645241611-125, id: 0.08558070645241611-126, id: 0.08558070645241611-127, id: 0.08558070645241611-128, id: 0.08558070645241611-129, id: 0.08558070645241611-130, id: 0.08558070645241611-131, id: 0.08558070645241611-132, id: 0.08558070645241611-133, id: 0.08558070645241611-134, id: 0.08558070645241611-135, id: 0.08558070645241611-136, id: 0.08558070645241611-137, id: 0.08558070645241611-138, id: 0.08558070645241611-139, id: 0.08558070645241611-140, id: 0.08558070645241611-141, id: 0.08558070645241611-142, id: 0.08558070645241611-143, id: 0.08558070645241611-144, id: 0.08558070645241611-145, id: 0.08558070645241611-146, id: 0.08558070645241611-147, id: 0.08558070645241611-148, id: 0.08558070645241611-149, id: 0.08558070645241611-150, id: 0.08558070645241611-151, id: 0.08558070645241611-152, id: 0.08558070645241611-153, id: 0.08558070645241611-154, id: 0.08558070645241611-155, id: 0.08558070645241611-156, id: 0.08558070645241611-157, id: 0.08558070645241611-158, id: 0.08558070645241611-159, id: 0.08558070645241611-160, id: 0.08558070645241611-161, id: 0.08558070645241611-162, id: 0.08558070645241611-163, id: 0.08558070645241611-164, id: 0.08558070645241611-165, id: 0.08558070645241611-166, id: 0.08558070645241611-167, id: 0.08558070645241611-168, id: 0.08558070645241611-169, id: 0.08558070645241611-170, id: 0.08558070645241611-171, id: 0.08558070645241611-172, id: 0.08558070645241611-173, id: 0.08558070645241611-174, id: 0.08558070645241611-175, id: 0.08558070645241611-176, id: 0.08558070645241611-177, id: 0.08558070645241611-178, id: 0.08558070645241611-179, id: 0.08558070645241611-180, id: 0.08558070645241611-181, id: 0.08558070645241611-182, id: 0.08558070645241611-183, id: 0.08558070645241611-184, id: 0.08558070645241611-185, id: 0.08558070645241611-186, id: 0.08558070645241611-187, id: 0.08558070645241611-188, id: 0.08558070645241611-189, id: 0.08558070645241611-190, id: 0.08558070645241611-191, id: 0.08558070645241611-192]
[WebDriverCommandLogger] - Executing getElementText element: By.xpath: //div[@id=&apos;c_articlelist_stories_2&apos;]/ul[1]/li/span[2]/span[2] parameters: {&quot;id&quot;:&quot;0.08558070645241611-183&quot;}
[WebDriverCommandLogger] - command: getElementText[ param-1: By.xpath: //div[@id=&apos;c_articlelist_stories_2&apos;]/ul[1]/li/span[2]/span[2] param-2: {&quot;id&quot;:&quot;0.08558070645241611-183&quot;}] Result: getElementText:3 DAYS AGO
[WebDriverCommandLogger] - Executing findElements parameters: {&quot;using&quot;:&quot;xpath&quot;,&quot;value&quot;:&quot;//div[@id=&apos;c_articlelist_stories_2&apos;]/ul[1]/li/span[2]/span[2]&quot;}
[WebDriverCommandLogger] - command: findElements[ param-1: {value=//div[@id=&apos;c_articlelist_stories_2&apos;]/ul[1]/li/span[2]/span[2], using=xpath}] Result: [id: 0.08558070645241611-97, id: 0.08558070645241611-98, id: 0.08558070645241611-99, id: 0.08558070645241611-100, id: 0.08558070645241611-101, id: 0.08558070645241611-102, id: 0.08558070645241611-103, id: 0.08558070645241611-104, id: 0.08558070645241611-105, id: 0.08558070645241611-106, id: 0.08558070645241611-107, id: 0.08558070645241611-108, id: 0.08558070645241611-109, id: 0.08558070645241611-110, id: 0.08558070645241611-111, id: 0.08558070645241611-112, id: 0.08558070645241611-113, id: 0.08558070645241611-114, id: 0.08558070645241611-115, id: 0.08558070645241611-116, id: 0.08558070645241611-117, id: 0.08558070645241611-118, id: 0.08558070645241611-119, id: 0.08558070645241611-120, id: 0.08558070645241611-121, id: 0.08558070645241611-122, id: 0.08558070645241611-123, id: 0.08558070645241611-124, id: 0.08558070645241611-125, id: 0.08558070645241611-126, id: 0.08558070645241611-127, id: 0.08558070645241611-128, id: 0.08558070645241611-129, id: 0.08558070645241611-130, id: 0.08558070645241611-131, id: 0.08558070645241611-132, id: 0.08558070645241611-133, id: 0.08558070645241611-134, id: 0.08558070645241611-135, id: 0.08558070645241611-136, id: 0.08558070645241611-137, id: 0.08558070645241611-138, id: 0.08558070645241611-139, id: 0.08558070645241611-140, id: 0.08558070645241611-141, id: 0.08558070645241611-142, id: 0.08558070645241611-143, id: 0.08558070645241611-144, id: 0.08558070645241611-145, id: 0.08558070645241611-146, id: 0.08558070645241611-147, id: 0.08558070645241611-148, id: 0.08558070645241611-149, id: 0.08558070645241611-150, id: 0.08558070645241611-151, id: 0.08558070645241611-152, id: 0.08558070645241611-153, id: 0.08558070645241611-154, id: 0.08558070645241611-155, id: 0.08558070645241611-156, id: 0.08558070645241611-157, id: 0.08558070645241611-158, id: 0.08558070645241611-159, id: 0.08558070645241611-160, id: 0.08558070645241611-161, id: 0.08558070645241611-162, id: 0.08558070645241611-163, id: 0.08558070645241611-164, id: 0.08558070645241611-165, id: 0.08558070645241611-166, id: 0.08558070645241611-167, id: 0.08558070645241611-168, id: 0.08558070645241611-169, id: 0.08558070645241611-170, id: 0.08558070645241611-171, id: 0.08558070645241611-172, id: 0.08558070645241611-173, id: 0.08558070645241611-174, id: 0.08558070645241611-175, id: 0.08558070645241611-176, id: 0.08558070645241611-177, id: 0.08558070645241611-178, id: 0.08558070645241611-179, id: 0.08558070645241611-180, id: 0.08558070645241611-181, id: 0.08558070645241611-182, id: 0.08558070645241611-183, id: 0.08558070645241611-184, id: 0.08558070645241611-185, id: 0.08558070645241611-186, id: 0.08558070645241611-187, id: 0.08558070645241611-188, id: 0.08558070645241611-189, id: 0.08558070645241611-190, id: 0.08558070645241611-191, id: 0.08558070645241611-192]
[WebDriverCommandLogger] - Executing getElementText element: By.xpath: //div[@id=&apos;c_articlelist_stories_2&apos;]/ul[1]/li/span[2]/span[2] parameters: {&quot;id&quot;:&quot;0.08558070645241611-183&quot;}
[WebDriverCommandLogger] - command: getElementText[ param-1: By.xpath: //div[@id=&apos;c_articlelist_stories_2&apos;]/ul[1]/li/span[2]/span[2] param-2: {&quot;id&quot;:&quot;0.08558070645241611-183&quot;}] Result: getElementText:3 DAYS AGO
[WebDriverCommandLogger] - Executing findElements parameters: {&quot;using&quot;:&quot;xpath&quot;,&quot;value&quot;:&quot;//div[@id=&apos;c_articlelist_stories_2&apos;]/ul[1]/li/span[2]/span[2]&quot;}
[WebDriverCommandLogger] - command: findElements[ param-1: {value=//div[@id=&apos;c_articlelist_stories_2&apos;]/ul[1]/li/span[2]/span[2], using=xpath}] Result: [id: 0.08558070645241611-97, id: 0.08558070645241611-98, id: 0.08558070645241611-99, id: 0.08558070645241611-100, id: 0.08558070645241611-101, id: 0.08558070645241611-102, id: 0.08558070645241611-103, id: 0.08558070645241611-104, id: 0.08558070645241611-105, id: 0.08558070645241611-106, id: 0.08558070645241611-107, id: 0.08558070645241611-108, id: 0.08558070645241611-109, id: 0.08558070645241611-110, id: 0.08558070645241611-111, id: 0.08558070645241611-112, id: 0.08558070645241611-113, id: 0.08558070645241611-114, id: 0.08558070645241611-115, id: 0.08558070645241611-116, id: 0.08558070645241611-117, id: 0.08558070645241611-118, id: 0.08558070645241611-119, id: 0.08558070645241611-120, id: 0.08558070645241611-121, id: 0.08558070645241611-122, id: 0.08558070645241611-123, id: 0.08558070645241611-124, id: 0.08558070645241611-125, id: 0.08558070645241611-126, id: 0.08558070645241611-127, id: 0.08558070645241611-128, id: 0.08558070645241611-129, id: 0.08558070645241611-130, id: 0.08558070645241611-131, id: 0.08558070645241611-132, id: 0.08558070645241611-133, id: 0.08558070645241611-134, id: 0.08558070645241611-135, id: 0.08558070645241611-136, id: 0.08558070645241611-137, id: 0.08558070645241611-138, id: 0.08558070645241611-139, id: 0.08558070645241611-140, id: 0.08558070645241611-141, id: 0.08558070645241611-142, id: 0.08558070645241611-143, id: 0.08558070645241611-144, id: 0.08558070645241611-145, id: 0.08558070645241611-146, id: 0.08558070645241611-147, id: 0.08558070645241611-148, id: 0.08558070645241611-149, id: 0.08558070645241611-150, id: 0.08558070645241611-151, id: 0.08558070645241611-152, id: 0.08558070645241611-153, id: 0.08558070645241611-154, id: 0.08558070645241611-155, id: 0.08558070645241611-156, id: 0.08558070645241611-157, id: 0.08558070645241611-158, id: 0.08558070645241611-159, id: 0.08558070645241611-160, id: 0.08558070645241611-161, id: 0.08558070645241611-162, id: 0.08558070645241611-163, id: 0.08558070645241611-164, id: 0.08558070645241611-165, id: 0.08558070645241611-166, id: 0.08558070645241611-167, id: 0.08558070645241611-168, id: 0.08558070645241611-169, id: 0.08558070645241611-170, id: 0.08558070645241611-171, id: 0.08558070645241611-172, id: 0.08558070645241611-173, id: 0.08558070645241611-174, id: 0.08558070645241611-175, id: 0.08558070645241611-176, id: 0.08558070645241611-177, id: 0.08558070645241611-178, id: 0.08558070645241611-179, id: 0.08558070645241611-180, id: 0.08558070645241611-181, id: 0.08558070645241611-182, id: 0.08558070645241611-183, id: 0.08558070645241611-184, id: 0.08558070645241611-185, id: 0.08558070645241611-186, id: 0.08558070645241611-187, id: 0.08558070645241611-188, id: 0.08558070645241611-189, id: 0.08558070645241611-190, id: 0.08558070645241611-191, id: 0.08558070645241611-192]
[WebDriverCommandLogger] - Executing findElements parameters: {&quot;using&quot;:&quot;xpath&quot;,&quot;value&quot;:&quot;//div[@id=&apos;c_articlelist_stories_2&apos;]/ul[1]/li/span[2]/span[2]&quot;}
[WebDriverCommandLogger] - command: findElements[ param-1: {value=//div[@id=&apos;c_articlelist_stories_2&apos;]/ul[1]/li/span[2]/span[2], using=xpath}] Result: [id: 0.08558070645241611-97, id: 0.08558070645241611-98, id: 0.08558070645241611-99, id: 0.08558070645241611-100, id: 0.08558070645241611-101, id: 0.08558070645241611-102, id: 0.08558070645241611-103, id: 0.08558070645241611-104, id: 0.08558070645241611-105, id: 0.08558070645241611-106, id: 0.08558070645241611-107, id: 0.08558070645241611-108, id: 0.08558070645241611-109, id: 0.08558070645241611-110, id: 0.08558070645241611-111, id: 0.08558070645241611-112, id: 0.08558070645241611-113, id: 0.08558070645241611-114, id: 0.08558070645241611-115, id: 0.08558070645241611-116, id: 0.08558070645241611-117, id: 0.08558070645241611-118, id: 0.08558070645241611-119, id: 0.08558070645241611-120, id: 0.08558070645241611-121, id: 0.08558070645241611-122, id: 0.08558070645241611-123, id: 0.08558070645241611-124, id: 0.08558070645241611-125, id: 0.08558070645241611-126, id: 0.08558070645241611-127, id: 0.08558070645241611-128, id: 0.08558070645241611-129, id: 0.08558070645241611-130, id: 0.08558070645241611-131, id: 0.08558070645241611-132, id: 0.08558070645241611-133, id: 0.08558070645241611-134, id: 0.08558070645241611-135, id: 0.08558070645241611-136, id: 0.08558070645241611-137, id: 0.08558070645241611-138, id: 0.08558070645241611-139, id: 0.08558070645241611-140, id: 0.08558070645241611-141, id: 0.08558070645241611-142, id: 0.08558070645241611-143, id: 0.08558070645241611-144, id: 0.08558070645241611-145, id: 0.08558070645241611-146, id: 0.08558070645241611-147, id: 0.08558070645241611-148, id: 0.08558070645241611-149, id: 0.08558070645241611-150, id: 0.08558070645241611-151, id: 0.08558070645241611-152, id: 0.08558070645241611-153, id: 0.08558070645241611-154, id: 0.08558070645241611-155, id: 0.08558070645241611-156, id: 0.08558070645241611-157, id: 0.08558070645241611-158, id: 0.08558070645241611-159, id: 0.08558070645241611-160, id: 0.08558070645241611-161, id: 0.08558070645241611-162, id: 0.08558070645241611-163, id: 0.08558070645241611-164, id: 0.08558070645241611-165, id: 0.08558070645241611-166, id: 0.08558070645241611-167, id: 0.08558070645241611-168, id: 0.08558070645241611-169, id: 0.08558070645241611-170, id: 0.08558070645241611-171, id: 0.08558070645241611-172, id: 0.08558070645241611-173, id: 0.08558070645241611-174, id: 0.08558070645241611-175, id: 0.08558070645241611-176, id: 0.08558070645241611-177, id: 0.08558070645241611-178, id: 0.08558070645241611-179, id: 0.08558070645241611-180, id: 0.08558070645241611-181, id: 0.08558070645241611-182, id: 0.08558070645241611-183, id: 0.08558070645241611-184, id: 0.08558070645241611-185, id: 0.08558070645241611-186, id: 0.08558070645241611-187, id: 0.08558070645241611-188, id: 0.08558070645241611-189, id: 0.08558070645241611-190, id: 0.08558070645241611-191, id: 0.08558070645241611-192]
[WebDriverCommandLogger] - Executing getElementText element: By.xpath: //div[@id=&apos;c_articlelist_stories_2&apos;]/ul[1]/li/span[2]/span[2] parameters: {&quot;id&quot;:&quot;0.08558070645241611-184&quot;}
[WebDriverCommandLogger] - command: getElementText[ param-1: By.xpath: //div[@id=&apos;c_articlelist_stories_2&apos;]/ul[1]/li/span[2]/span[2] param-2: {&quot;id&quot;:&quot;0.08558070645241611-184&quot;}] Result: getElementText:3 DAYS AGO
[WebDriverCommandLogger] - Executing findElements parameters: {&quot;using&quot;:&quot;xpath&quot;,&quot;value&quot;:&quot;//div[@id=&apos;c_articlelist_stories_2&apos;]/ul[1]/li/span[2]/span[2]&quot;}
[WebDriverCommandLogger] - command: findElements[ param-1: {value=//div[@id=&apos;c_articlelist_stories_2&apos;]/ul[1]/li/span[2]/span[2], using=xpath}] Result: [id: 0.08558070645241611-97, id: 0.08558070645241611-98, id: 0.08558070645241611-99, id: 0.08558070645241611-100, id: 0.08558070645241611-101, id: 0.08558070645241611-102, id: 0.08558070645241611-103, id: 0.08558070645241611-104, id: 0.08558070645241611-105, id: 0.08558070645241611-106, id: 0.08558070645241611-107, id: 0.08558070645241611-108, id: 0.08558070645241611-109, id: 0.08558070645241611-110, id: 0.08558070645241611-111, id: 0.08558070645241611-112, id: 0.08558070645241611-113, id: 0.08558070645241611-114, id: 0.08558070645241611-115, id: 0.08558070645241611-116, id: 0.08558070645241611-117, id: 0.08558070645241611-118, id: 0.08558070645241611-119, id: 0.08558070645241611-120, id: 0.08558070645241611-121, id: 0.08558070645241611-122, id: 0.08558070645241611-123, id: 0.08558070645241611-124, id: 0.08558070645241611-125, id: 0.08558070645241611-126, id: 0.08558070645241611-127, id: 0.08558070645241611-128, id: 0.08558070645241611-129, id: 0.08558070645241611-130, id: 0.08558070645241611-131, id: 0.08558070645241611-132, id: 0.08558070645241611-133, id: 0.08558070645241611-134, id: 0.08558070645241611-135, id: 0.08558070645241611-136, id: 0.08558070645241611-137, id: 0.08558070645241611-138, id: 0.08558070645241611-139, id: 0.08558070645241611-140, id: 0.08558070645241611-141, id: 0.08558070645241611-142, id: 0.08558070645241611-143, id: 0.08558070645241611-144, id: 0.08558070645241611-145, id: 0.08558070645241611-146, id: 0.08558070645241611-147, id: 0.08558070645241611-148, id: 0.08558070645241611-149, id: 0.08558070645241611-150, id: 0.08558070645241611-151, id: 0.08558070645241611-152, id: 0.08558070645241611-153, id: 0.08558070645241611-154, id: 0.08558070645241611-155, id: 0.08558070645241611-156, id: 0.08558070645241611-157, id: 0.08558070645241611-158, id: 0.08558070645241611-159, id: 0.08558070645241611-160, id: 0.08558070645241611-161, id: 0.08558070645241611-162, id: 0.08558070645241611-163, id: 0.08558070645241611-164, id: 0.08558070645241611-165, id: 0.08558070645241611-166, id: 0.08558070645241611-167, id: 0.08558070645241611-168, id: 0.08558070645241611-169, id: 0.08558070645241611-170, id: 0.08558070645241611-171, id: 0.08558070645241611-172, id: 0.08558070645241611-173, id: 0.08558070645241611-174, id: 0.08558070645241611-175, id: 0.08558070645241611-176, id: 0.08558070645241611-177, id: 0.08558070645241611-178, id: 0.08558070645241611-179, id: 0.08558070645241611-180, id: 0.08558070645241611-181, id: 0.08558070645241611-182, id: 0.08558070645241611-183, id: 0.08558070645241611-184, id: 0.08558070645241611-185, id: 0.08558070645241611-186, id: 0.08558070645241611-187, id: 0.08558070645241611-188, id: 0.08558070645241611-189, id: 0.08558070645241611-190, id: 0.08558070645241611-191, id: 0.08558070645241611-192]
[WebDriverCommandLogger] - Executing getElementText element: By.xpath: //div[@id=&apos;c_articlelist_stories_2&apos;]/ul[1]/li/span[2]/span[2] parameters: {&quot;id&quot;:&quot;0.08558070645241611-184&quot;}
[WebDriverCommandLogger] - command: getElementText[ param-1: By.xpath: //div[@id=&apos;c_articlelist_stories_2&apos;]/ul[1]/li/span[2]/span[2] param-2: {&quot;id&quot;:&quot;0.08558070645241611-184&quot;}] Result: getElementText:3 DAYS AGO
[WebDriverCommandLogger] - Executing findElements parameters: {&quot;using&quot;:&quot;xpath&quot;,&quot;value&quot;:&quot;//div[@id=&apos;c_articlelist_stories_2&apos;]/ul[1]/li/span[2]/span[2]&quot;}
[WebDriverCommandLogger] - command: findElements[ param-1: {value=//div[@id=&apos;c_articlelist_stories_2&apos;]/ul[1]/li/span[2]/span[2], using=xpath}] Result: [id: 0.08558070645241611-97, id: 0.08558070645241611-98, id: 0.08558070645241611-99, id: 0.08558070645241611-100, id: 0.08558070645241611-101, id: 0.08558070645241611-102, id: 0.08558070645241611-103, id: 0.08558070645241611-104, id: 0.08558070645241611-105, id: 0.08558070645241611-106, id: 0.08558070645241611-107, id: 0.08558070645241611-108, id: 0.08558070645241611-109, id: 0.08558070645241611-110, id: 0.08558070645241611-111, id: 0.08558070645241611-112, id: 0.08558070645241611-113, id: 0.08558070645241611-114, id: 0.08558070645241611-115, id: 0.08558070645241611-116, id: 0.08558070645241611-117, id: 0.08558070645241611-118, id: 0.08558070645241611-119, id: 0.08558070645241611-120, id: 0.08558070645241611-121, id: 0.08558070645241611-122, id: 0.08558070645241611-123, id: 0.08558070645241611-124, id: 0.08558070645241611-125, id: 0.08558070645241611-126, id: 0.08558070645241611-127, id: 0.08558070645241611-128, id: 0.08558070645241611-129, id: 0.08558070645241611-130, id: 0.08558070645241611-131, id: 0.08558070645241611-132, id: 0.08558070645241611-133, id: 0.08558070645241611-134, id: 0.08558070645241611-135, id: 0.08558070645241611-136, id: 0.08558070645241611-137, id: 0.08558070645241611-138, id: 0.08558070645241611-139, id: 0.08558070645241611-140, id: 0.08558070645241611-141, id: 0.08558070645241611-142, id: 0.08558070645241611-143, id: 0.08558070645241611-144, id: 0.08558070645241611-145, id: 0.08558070645241611-146, id: 0.08558070645241611-147, id: 0.08558070645241611-148, id: 0.08558070645241611-149, id: 0.08558070645241611-150, id: 0.08558070645241611-151, id: 0.08558070645241611-152, id: 0.08558070645241611-153, id: 0.08558070645241611-154, id: 0.08558070645241611-155, id: 0.08558070645241611-156, id: 0.08558070645241611-157, id: 0.08558070645241611-158, id: 0.08558070645241611-159, id: 0.08558070645241611-160, id: 0.08558070645241611-161, id: 0.08558070645241611-162, id: 0.08558070645241611-163, id: 0.08558070645241611-164, id: 0.08558070645241611-165, id: 0.08558070645241611-166, id: 0.08558070645241611-167, id: 0.08558070645241611-168, id: 0.08558070645241611-169, id: 0.08558070645241611-170, id: 0.08558070645241611-171, id: 0.08558070645241611-172, id: 0.08558070645241611-173, id: 0.08558070645241611-174, id: 0.08558070645241611-175, id: 0.08558070645241611-176, id: 0.08558070645241611-177, id: 0.08558070645241611-178, id: 0.08558070645241611-179, id: 0.08558070645241611-180, id: 0.08558070645241611-181, id: 0.08558070645241611-182, id: 0.08558070645241611-183, id: 0.08558070645241611-184, id: 0.08558070645241611-185, id: 0.08558070645241611-186, id: 0.08558070645241611-187, id: 0.08558070645241611-188, id: 0.08558070645241611-189, id: 0.08558070645241611-190, id: 0.08558070645241611-191, id: 0.08558070645241611-192]
[WebDriverCommandLogger] - Executing findElements parameters: {&quot;using&quot;:&quot;xpath&quot;,&quot;value&quot;:&quot;//div[@id=&apos;c_articlelist_stories_2&apos;]/ul[1]/li/span[2]/span[2]&quot;}
[WebDriverCommandLogger] - command: findElements[ param-1: {value=//div[@id=&apos;c_articlelist_stories_2&apos;]/ul[1]/li/span[2]/span[2], using=xpath}] Result: [id: 0.08558070645241611-97, id: 0.08558070645241611-98, id: 0.08558070645241611-99, id: 0.08558070645241611-100, id: 0.08558070645241611-101, id: 0.08558070645241611-102, id: 0.08558070645241611-103, id: 0.08558070645241611-104, id: 0.08558070645241611-105, id: 0.08558070645241611-106, id: 0.08558070645241611-107, id: 0.08558070645241611-108, id: 0.08558070645241611-109, id: 0.08558070645241611-110, id: 0.08558070645241611-111, id: 0.08558070645241611-112, id: 0.08558070645241611-113, id: 0.08558070645241611-114, id: 0.08558070645241611-115, id: 0.08558070645241611-116, id: 0.08558070645241611-117, id: 0.08558070645241611-118, id: 0.08558070645241611-119, id: 0.08558070645241611-120, id: 0.08558070645241611-121, id: 0.08558070645241611-122, id: 0.08558070645241611-123, id: 0.08558070645241611-124, id: 0.08558070645241611-125, id: 0.08558070645241611-126, id: 0.08558070645241611-127, id: 0.08558070645241611-128, id: 0.08558070645241611-129, id: 0.08558070645241611-130, id: 0.08558070645241611-131, id: 0.08558070645241611-132, id: 0.08558070645241611-133, id: 0.08558070645241611-134, id: 0.08558070645241611-135, id: 0.08558070645241611-136, id: 0.08558070645241611-137, id: 0.08558070645241611-138, id: 0.08558070645241611-139, id: 0.08558070645241611-140, id: 0.08558070645241611-141, id: 0.08558070645241611-142, id: 0.08558070645241611-143, id: 0.08558070645241611-144, id: 0.08558070645241611-145, id: 0.08558070645241611-146, id: 0.08558070645241611-147, id: 0.08558070645241611-148, id: 0.08558070645241611-149, id: 0.08558070645241611-150, id: 0.08558070645241611-151, id: 0.08558070645241611-152, id: 0.08558070645241611-153, id: 0.08558070645241611-154, id: 0.08558070645241611-155, id: 0.08558070645241611-156, id: 0.08558070645241611-157, id: 0.08558070645241611-158, id: 0.08558070645241611-159, id: 0.08558070645241611-160, id: 0.08558070645241611-161, id: 0.08558070645241611-162, id: 0.08558070645241611-163, id: 0.08558070645241611-164, id: 0.08558070645241611-165, id: 0.08558070645241611-166, id: 0.08558070645241611-167, id: 0.08558070645241611-168, id: 0.08558070645241611-169, id: 0.08558070645241611-170, id: 0.08558070645241611-171, id: 0.08558070645241611-172, id: 0.08558070645241611-173, id: 0.08558070645241611-174, id: 0.08558070645241611-175, id: 0.08558070645241611-176, id: 0.08558070645241611-177, id: 0.08558070645241611-178, id: 0.08558070645241611-179, id: 0.08558070645241611-180, id: 0.08558070645241611-181, id: 0.08558070645241611-182, id: 0.08558070645241611-183, id: 0.08558070645241611-184, id: 0.08558070645241611-185, id: 0.08558070645241611-186, id: 0.08558070645241611-187, id: 0.08558070645241611-188, id: 0.08558070645241611-189, id: 0.08558070645241611-190, id: 0.08558070645241611-191, id: 0.08558070645241611-192]
[WebDriverCommandLogger] - Executing getElementText element: By.xpath: //div[@id=&apos;c_articlelist_stories_2&apos;]/ul[1]/li/span[2]/span[2] parameters: {&quot;id&quot;:&quot;0.08558070645241611-185&quot;}
[WebDriverCommandLogger] - command: getElementText[ param-1: By.xpath: //div[@id=&apos;c_articlelist_stories_2&apos;]/ul[1]/li/span[2]/span[2] param-2: {&quot;id&quot;:&quot;0.08558070645241611-185&quot;}] Result: getElementText:3 DAYS AGO
[WebDriverCommandLogger] - Executing findElements parameters: {&quot;using&quot;:&quot;xpath&quot;,&quot;value&quot;:&quot;//div[@id=&apos;c_articlelist_stories_2&apos;]/ul[1]/li/span[2]/span[2]&quot;}
[WebDriverCommandLogger] - command: findElements[ param-1: {value=//div[@id=&apos;c_articlelist_stories_2&apos;]/ul[1]/li/span[2]/span[2], using=xpath}] Result: [id: 0.08558070645241611-97, id: 0.08558070645241611-98, id: 0.08558070645241611-99, id: 0.08558070645241611-100, id: 0.08558070645241611-101, id: 0.08558070645241611-102, id: 0.08558070645241611-103, id: 0.08558070645241611-104, id: 0.08558070645241611-105, id: 0.08558070645241611-106, id: 0.08558070645241611-107, id: 0.08558070645241611-108, id: 0.08558070645241611-109, id: 0.08558070645241611-110, id: 0.08558070645241611-111, id: 0.08558070645241611-112, id: 0.08558070645241611-113, id: 0.08558070645241611-114, id: 0.08558070645241611-115, id: 0.08558070645241611-116, id: 0.08558070645241611-117, id: 0.08558070645241611-118, id: 0.08558070645241611-119, id: 0.08558070645241611-120, id: 0.08558070645241611-121, id: 0.08558070645241611-122, id: 0.08558070645241611-123, id: 0.08558070645241611-124, id: 0.08558070645241611-125, id: 0.08558070645241611-126, id: 0.08558070645241611-127, id: 0.08558070645241611-128, id: 0.08558070645241611-129, id: 0.08558070645241611-130, id: 0.08558070645241611-131, id: 0.08558070645241611-132, id: 0.08558070645241611-133, id: 0.08558070645241611-134, id: 0.08558070645241611-135, id: 0.08558070645241611-136, id: 0.08558070645241611-137, id: 0.08558070645241611-138, id: 0.08558070645241611-139, id: 0.08558070645241611-140, id: 0.08558070645241611-141, id: 0.08558070645241611-142, id: 0.08558070645241611-143, id: 0.08558070645241611-144, id: 0.08558070645241611-145, id: 0.08558070645241611-146, id: 0.08558070645241611-147, id: 0.08558070645241611-148, id: 0.08558070645241611-149, id: 0.08558070645241611-150, id: 0.08558070645241611-151, id: 0.08558070645241611-152, id: 0.08558070645241611-153, id: 0.08558070645241611-154, id: 0.08558070645241611-155, id: 0.08558070645241611-156, id: 0.08558070645241611-157, id: 0.08558070645241611-158, id: 0.08558070645241611-159, id: 0.08558070645241611-160, id: 0.08558070645241611-161, id: 0.08558070645241611-162, id: 0.08558070645241611-163, id: 0.08558070645241611-164, id: 0.08558070645241611-165, id: 0.08558070645241611-166, id: 0.08558070645241611-167, id: 0.08558070645241611-168, id: 0.08558070645241611-169, id: 0.08558070645241611-170, id: 0.08558070645241611-171, id: 0.08558070645241611-172, id: 0.08558070645241611-173, id: 0.08558070645241611-174, id: 0.08558070645241611-175, id: 0.08558070645241611-176, id: 0.08558070645241611-177, id: 0.08558070645241611-178, id: 0.08558070645241611-179, id: 0.08558070645241611-180, id: 0.08558070645241611-181, id: 0.08558070645241611-182, id: 0.08558070645241611-183, id: 0.08558070645241611-184, id: 0.08558070645241611-185, id: 0.08558070645241611-186, id: 0.08558070645241611-187, id: 0.08558070645241611-188, id: 0.08558070645241611-189, id: 0.08558070645241611-190, id: 0.08558070645241611-191, id: 0.08558070645241611-192]
[WebDriverCommandLogger] - Executing getElementText element: By.xpath: //div[@id=&apos;c_articlelist_stories_2&apos;]/ul[1]/li/span[2]/span[2] parameters: {&quot;id&quot;:&quot;0.08558070645241611-185&quot;}
[WebDriverCommandLogger] - command: getElementText[ param-1: By.xpath: //div[@id=&apos;c_articlelist_stories_2&apos;]/ul[1]/li/span[2]/span[2] param-2: {&quot;id&quot;:&quot;0.08558070645241611-185&quot;}] Result: getElementText:3 DAYS AGO
[WebDriverCommandLogger] - Executing findElements parameters: {&quot;using&quot;:&quot;xpath&quot;,&quot;value&quot;:&quot;//div[@id=&apos;c_articlelist_stories_2&apos;]/ul[1]/li/span[2]/span[2]&quot;}
[WebDriverCommandLogger] - command: findElements[ param-1: {value=//div[@id=&apos;c_articlelist_stories_2&apos;]/ul[1]/li/span[2]/span[2], using=xpath}] Result: [id: 0.08558070645241611-97, id: 0.08558070645241611-98, id: 0.08558070645241611-99, id: 0.08558070645241611-100, id: 0.08558070645241611-101, id: 0.08558070645241611-102, id: 0.08558070645241611-103, id: 0.08558070645241611-104, id: 0.08558070645241611-105, id: 0.08558070645241611-106, id: 0.08558070645241611-107, id: 0.08558070645241611-108, id: 0.08558070645241611-109, id: 0.08558070645241611-110, id: 0.08558070645241611-111, id: 0.08558070645241611-112, id: 0.08558070645241611-113, id: 0.08558070645241611-114, id: 0.08558070645241611-115, id: 0.08558070645241611-116, id: 0.08558070645241611-117, id: 0.08558070645241611-118, id: 0.08558070645241611-119, id: 0.08558070645241611-120, id: 0.08558070645241611-121, id: 0.08558070645241611-122, id: 0.08558070645241611-123, id: 0.08558070645241611-124, id: 0.08558070645241611-125, id: 0.08558070645241611-126, id: 0.08558070645241611-127, id: 0.08558070645241611-128, id: 0.08558070645241611-129, id: 0.08558070645241611-130, id: 0.08558070645241611-131, id: 0.08558070645241611-132, id: 0.08558070645241611-133, id: 0.08558070645241611-134, id: 0.08558070645241611-135, id: 0.08558070645241611-136, id: 0.08558070645241611-137, id: 0.08558070645241611-138, id: 0.08558070645241611-139, id: 0.08558070645241611-140, id: 0.08558070645241611-141, id: 0.08558070645241611-142, id: 0.08558070645241611-143, id: 0.08558070645241611-144, id: 0.08558070645241611-145, id: 0.08558070645241611-146, id: 0.08558070645241611-147, id: 0.08558070645241611-148, id: 0.08558070645241611-149, id: 0.08558070645241611-150, id: 0.08558070645241611-151, id: 0.08558070645241611-152, id: 0.08558070645241611-153, id: 0.08558070645241611-154, id: 0.08558070645241611-155, id: 0.08558070645241611-156, id: 0.08558070645241611-157, id: 0.08558070645241611-158, id: 0.08558070645241611-159, id: 0.08558070645241611-160, id: 0.08558070645241611-161, id: 0.08558070645241611-162, id: 0.08558070645241611-163, id: 0.08558070645241611-164, id: 0.08558070645241611-165, id: 0.08558070645241611-166, id: 0.08558070645241611-167, id: 0.08558070645241611-168, id: 0.08558070645241611-169, id: 0.08558070645241611-170, id: 0.08558070645241611-171, id: 0.08558070645241611-172, id: 0.08558070645241611-173, id: 0.08558070645241611-174, id: 0.08558070645241611-175, id: 0.08558070645241611-176, id: 0.08558070645241611-177, id: 0.08558070645241611-178, id: 0.08558070645241611-179, id: 0.08558070645241611-180, id: 0.08558070645241611-181, id: 0.08558070645241611-182, id: 0.08558070645241611-183, id: 0.08558070645241611-184, id: 0.08558070645241611-185, id: 0.08558070645241611-186, id: 0.08558070645241611-187, id: 0.08558070645241611-188, id: 0.08558070645241611-189, id: 0.08558070645241611-190, id: 0.08558070645241611-191, id: 0.08558070645241611-192]
[WebDriverCommandLogger] - Executing findElements parameters: {&quot;using&quot;:&quot;xpath&quot;,&quot;value&quot;:&quot;//div[@id=&apos;c_articlelist_stories_2&apos;]/ul[1]/li/span[2]/span[2]&quot;}
[WebDriverCommandLogger] - command: findElements[ param-1: {value=//div[@id=&apos;c_articlelist_stories_2&apos;]/ul[1]/li/span[2]/span[2], using=xpath}] Result: [id: 0.08558070645241611-97, id: 0.08558070645241611-98, id: 0.08558070645241611-99, id: 0.08558070645241611-100, id: 0.08558070645241611-101, id: 0.08558070645241611-102, id: 0.08558070645241611-103, id: 0.08558070645241611-104, id: 0.08558070645241611-105, id: 0.08558070645241611-106, id: 0.08558070645241611-107, id: 0.08558070645241611-108, id: 0.08558070645241611-109, id: 0.08558070645241611-110, id: 0.08558070645241611-111, id: 0.08558070645241611-112, id: 0.08558070645241611-113, id: 0.08558070645241611-114, id: 0.08558070645241611-115, id: 0.08558070645241611-116, id: 0.08558070645241611-117, id: 0.08558070645241611-118, id: 0.08558070645241611-119, id: 0.08558070645241611-120, id: 0.08558070645241611-121, id: 0.08558070645241611-122, id: 0.08558070645241611-123, id: 0.08558070645241611-124, id: 0.08558070645241611-125, id: 0.08558070645241611-126, id: 0.08558070645241611-127, id: 0.08558070645241611-128, id: 0.08558070645241611-129, id: 0.08558070645241611-130, id: 0.08558070645241611-131, id: 0.08558070645241611-132, id: 0.08558070645241611-133, id: 0.08558070645241611-134, id: 0.08558070645241611-135, id: 0.08558070645241611-136, id: 0.08558070645241611-137, id: 0.08558070645241611-138, id: 0.08558070645241611-139, id: 0.08558070645241611-140, id: 0.08558070645241611-141, id: 0.08558070645241611-142, id: 0.08558070645241611-143, id: 0.08558070645241611-144, id: 0.08558070645241611-145, id: 0.08558070645241611-146, id: 0.08558070645241611-147, id: 0.08558070645241611-148, id: 0.08558070645241611-149, id: 0.08558070645241611-150, id: 0.08558070645241611-151, id: 0.08558070645241611-152, id: 0.08558070645241611-153, id: 0.08558070645241611-154, id: 0.08558070645241611-155, id: 0.08558070645241611-156, id: 0.08558070645241611-157, id: 0.08558070645241611-158, id: 0.08558070645241611-159, id: 0.08558070645241611-160, id: 0.08558070645241611-161, id: 0.08558070645241611-162, id: 0.08558070645241611-163, id: 0.08558070645241611-164, id: 0.08558070645241611-165, id: 0.08558070645241611-166, id: 0.08558070645241611-167, id: 0.08558070645241611-168, id: 0.08558070645241611-169, id: 0.08558070645241611-170, id: 0.08558070645241611-171, id: 0.08558070645241611-172, id: 0.08558070645241611-173, id: 0.08558070645241611-174, id: 0.08558070645241611-175, id: 0.08558070645241611-176, id: 0.08558070645241611-177, id: 0.08558070645241611-178, id: 0.08558070645241611-179, id: 0.08558070645241611-180, id: 0.08558070645241611-181, id: 0.08558070645241611-182, id: 0.08558070645241611-183, id: 0.08558070645241611-184, id: 0.08558070645241611-185, id: 0.08558070645241611-186, id: 0.08558070645241611-187, id: 0.08558070645241611-188, id: 0.08558070645241611-189, id: 0.08558070645241611-190, id: 0.08558070645241611-191, id: 0.08558070645241611-192]
[WebDriverCommandLogger] - Executing getElementText element: By.xpath: //div[@id=&apos;c_articlelist_stories_2&apos;]/ul[1]/li/span[2]/span[2] parameters: {&quot;id&quot;:&quot;0.08558070645241611-186&quot;}
[WebDriverCommandLogger] - command: getElementText[ param-1: By.xpath: //div[@id=&apos;c_articlelist_stories_2&apos;]/ul[1]/li/span[2]/span[2] param-2: {&quot;id&quot;:&quot;0.08558070645241611-186&quot;}] Result: getElementText:3 DAYS AGO
[WebDriverCommandLogger] - Executing findElements parameters: {&quot;using&quot;:&quot;xpath&quot;,&quot;value&quot;:&quot;//div[@id=&apos;c_articlelist_stories_2&apos;]/ul[1]/li/span[2]/span[2]&quot;}
[WebDriverCommandLogger] - command: findElements[ param-1: {value=//div[@id=&apos;c_articlelist_stories_2&apos;]/ul[1]/li/span[2]/span[2], using=xpath}] Result: [id: 0.08558070645241611-97, id: 0.08558070645241611-98, id: 0.08558070645241611-99, id: 0.08558070645241611-100, id: 0.08558070645241611-101, id: 0.08558070645241611-102, id: 0.08558070645241611-103, id: 0.08558070645241611-104, id: 0.08558070645241611-105, id: 0.08558070645241611-106, id: 0.08558070645241611-107, id: 0.08558070645241611-108, id: 0.08558070645241611-109, id: 0.08558070645241611-110, id: 0.08558070645241611-111, id: 0.08558070645241611-112, id: 0.08558070645241611-113, id: 0.08558070645241611-114, id: 0.08558070645241611-115, id: 0.08558070645241611-116, id: 0.08558070645241611-117, id: 0.08558070645241611-118, id: 0.08558070645241611-119, id: 0.08558070645241611-120, id: 0.08558070645241611-121, id: 0.08558070645241611-122, id: 0.08558070645241611-123, id: 0.08558070645241611-124, id: 0.08558070645241611-125, id: 0.08558070645241611-126, id: 0.08558070645241611-127, id: 0.08558070645241611-128, id: 0.08558070645241611-129, id: 0.08558070645241611-130, id: 0.08558070645241611-131, id: 0.08558070645241611-132, id: 0.08558070645241611-133, id: 0.08558070645241611-134, id: 0.08558070645241611-135, id: 0.08558070645241611-136, id: 0.08558070645241611-137, id: 0.08558070645241611-138, id: 0.08558070645241611-139, id: 0.08558070645241611-140, id: 0.08558070645241611-141, id: 0.08558070645241611-142, id: 0.08558070645241611-143, id: 0.08558070645241611-144, id: 0.08558070645241611-145, id: 0.08558070645241611-146, id: 0.08558070645241611-147, id: 0.08558070645241611-148, id: 0.08558070645241611-149, id: 0.08558070645241611-150, id: 0.08558070645241611-151, id: 0.08558070645241611-152, id: 0.08558070645241611-153, id: 0.08558070645241611-154, id: 0.08558070645241611-155, id: 0.08558070645241611-156, id: 0.08558070645241611-157, id: 0.08558070645241611-158, id: 0.08558070645241611-159, id: 0.08558070645241611-160, id: 0.08558070645241611-161, id: 0.08558070645241611-162, id: 0.08558070645241611-163, id: 0.08558070645241611-164, id: 0.08558070645241611-165, id: 0.08558070645241611-166, id: 0.08558070645241611-167, id: 0.08558070645241611-168, id: 0.08558070645241611-169, id: 0.08558070645241611-170, id: 0.08558070645241611-171, id: 0.08558070645241611-172, id: 0.08558070645241611-173, id: 0.08558070645241611-174, id: 0.08558070645241611-175, id: 0.08558070645241611-176, id: 0.08558070645241611-177, id: 0.08558070645241611-178, id: 0.08558070645241611-179, id: 0.08558070645241611-180, id: 0.08558070645241611-181, id: 0.08558070645241611-182, id: 0.08558070645241611-183, id: 0.08558070645241611-184, id: 0.08558070645241611-185, id: 0.08558070645241611-186, id: 0.08558070645241611-187, id: 0.08558070645241611-188, id: 0.08558070645241611-189, id: 0.08558070645241611-190, id: 0.08558070645241611-191, id: 0.08558070645241611-192]
[WebDriverCommandLogger] - Executing getElementText element: By.xpath: //div[@id=&apos;c_articlelist_stories_2&apos;]/ul[1]/li/span[2]/span[2] parameters: {&quot;id&quot;:&quot;0.08558070645241611-186&quot;}
[WebDriverCommandLogger] - command: getElementText[ param-1: By.xpath: //div[@id=&apos;c_articlelist_stories_2&apos;]/ul[1]/li/span[2]/span[2] param-2: {&quot;id&quot;:&quot;0.08558070645241611-186&quot;}] Result: getElementText:3 DAYS AGO
[WebDriverCommandLogger] - Executing findElements parameters: {&quot;using&quot;:&quot;xpath&quot;,&quot;value&quot;:&quot;//div[@id=&apos;c_articlelist_stories_2&apos;]/ul[1]/li/span[2]/span[2]&quot;}
[WebDriverCommandLogger] - command: findElements[ param-1: {value=//div[@id=&apos;c_articlelist_stories_2&apos;]/ul[1]/li/span[2]/span[2], using=xpath}] Result: [id: 0.08558070645241611-97, id: 0.08558070645241611-98, id: 0.08558070645241611-99, id: 0.08558070645241611-100, id: 0.08558070645241611-101, id: 0.08558070645241611-102, id: 0.08558070645241611-103, id: 0.08558070645241611-104, id: 0.08558070645241611-105, id: 0.08558070645241611-106, id: 0.08558070645241611-107, id: 0.08558070645241611-108, id: 0.08558070645241611-109, id: 0.08558070645241611-110, id: 0.08558070645241611-111, id: 0.08558070645241611-112, id: 0.08558070645241611-113, id: 0.08558070645241611-114, id: 0.08558070645241611-115, id: 0.08558070645241611-116, id: 0.08558070645241611-117, id: 0.08558070645241611-118, id: 0.08558070645241611-119, id: 0.08558070645241611-120, id: 0.08558070645241611-121, id: 0.08558070645241611-122, id: 0.08558070645241611-123, id: 0.08558070645241611-124, id: 0.08558070645241611-125, id: 0.08558070645241611-126, id: 0.08558070645241611-127, id: 0.08558070645241611-128, id: 0.08558070645241611-129, id: 0.08558070645241611-130, id: 0.08558070645241611-131, id: 0.08558070645241611-132, id: 0.08558070645241611-133, id: 0.08558070645241611-134, id: 0.08558070645241611-135, id: 0.08558070645241611-136, id: 0.08558070645241611-137, id: 0.08558070645241611-138, id: 0.08558070645241611-139, id: 0.08558070645241611-140, id: 0.08558070645241611-141, id: 0.08558070645241611-142, id: 0.08558070645241611-143, id: 0.08558070645241611-144, id: 0.08558070645241611-145, id: 0.08558070645241611-146, id: 0.08558070645241611-147, id: 0.08558070645241611-148, id: 0.08558070645241611-149, id: 0.08558070645241611-150, id: 0.08558070645241611-151, id: 0.08558070645241611-152, id: 0.08558070645241611-153, id: 0.08558070645241611-154, id: 0.08558070645241611-155, id: 0.08558070645241611-156, id: 0.08558070645241611-157, id: 0.08558070645241611-158, id: 0.08558070645241611-159, id: 0.08558070645241611-160, id: 0.08558070645241611-161, id: 0.08558070645241611-162, id: 0.08558070645241611-163, id: 0.08558070645241611-164, id: 0.08558070645241611-165, id: 0.08558070645241611-166, id: 0.08558070645241611-167, id: 0.08558070645241611-168, id: 0.08558070645241611-169, id: 0.08558070645241611-170, id: 0.08558070645241611-171, id: 0.08558070645241611-172, id: 0.08558070645241611-173, id: 0.08558070645241611-174, id: 0.08558070645241611-175, id: 0.08558070645241611-176, id: 0.08558070645241611-177, id: 0.08558070645241611-178, id: 0.08558070645241611-179, id: 0.08558070645241611-180, id: 0.08558070645241611-181, id: 0.08558070645241611-182, id: 0.08558070645241611-183, id: 0.08558070645241611-184, id: 0.08558070645241611-185, id: 0.08558070645241611-186, id: 0.08558070645241611-187, id: 0.08558070645241611-188, id: 0.08558070645241611-189, id: 0.08558070645241611-190, id: 0.08558070645241611-191, id: 0.08558070645241611-192]
[WebDriverCommandLogger] - Executing findElements parameters: {&quot;using&quot;:&quot;xpath&quot;,&quot;value&quot;:&quot;//div[@id=&apos;c_articlelist_stories_2&apos;]/ul[1]/li/span[2]/span[2]&quot;}
[WebDriverCommandLogger] - command: findElements[ param-1: {value=//div[@id=&apos;c_articlelist_stories_2&apos;]/ul[1]/li/span[2]/span[2], using=xpath}] Result: [id: 0.08558070645241611-97, id: 0.08558070645241611-98, id: 0.08558070645241611-99, id: 0.08558070645241611-100, id: 0.08558070645241611-101, id: 0.08558070645241611-102, id: 0.08558070645241611-103, id: 0.08558070645241611-104, id: 0.08558070645241611-105, id: 0.08558070645241611-106, id: 0.08558070645241611-107, id: 0.08558070645241611-108, id: 0.08558070645241611-109, id: 0.08558070645241611-110, id: 0.08558070645241611-111, id: 0.08558070645241611-112, id: 0.08558070645241611-113, id: 0.08558070645241611-114, id: 0.08558070645241611-115, id: 0.08558070645241611-116, id: 0.08558070645241611-117, id: 0.08558070645241611-118, id: 0.08558070645241611-119, id: 0.08558070645241611-120, id: 0.08558070645241611-121, id: 0.08558070645241611-122, id: 0.08558070645241611-123, id: 0.08558070645241611-124, id: 0.08558070645241611-125, id: 0.08558070645241611-126, id: 0.08558070645241611-127, id: 0.08558070645241611-128, id: 0.08558070645241611-129, id: 0.08558070645241611-130, id: 0.08558070645241611-131, id: 0.08558070645241611-132, id: 0.08558070645241611-133, id: 0.08558070645241611-134, id: 0.08558070645241611-135, id: 0.08558070645241611-136, id: 0.08558070645241611-137, id: 0.08558070645241611-138, id: 0.08558070645241611-139, id: 0.08558070645241611-140, id: 0.08558070645241611-141, id: 0.08558070645241611-142, id: 0.08558070645241611-143, id: 0.08558070645241611-144, id: 0.08558070645241611-145, id: 0.08558070645241611-146, id: 0.08558070645241611-147, id: 0.08558070645241611-148, id: 0.08558070645241611-149, id: 0.08558070645241611-150, id: 0.08558070645241611-151, id: 0.08558070645241611-152, id: 0.08558070645241611-153, id: 0.08558070645241611-154, id: 0.08558070645241611-155, id: 0.08558070645241611-156, id: 0.08558070645241611-157, id: 0.08558070645241611-158, id: 0.08558070645241611-159, id: 0.08558070645241611-160, id: 0.08558070645241611-161, id: 0.08558070645241611-162, id: 0.08558070645241611-163, id: 0.08558070645241611-164, id: 0.08558070645241611-165, id: 0.08558070645241611-166, id: 0.08558070645241611-167, id: 0.08558070645241611-168, id: 0.08558070645241611-169, id: 0.08558070645241611-170, id: 0.08558070645241611-171, id: 0.08558070645241611-172, id: 0.08558070645241611-173, id: 0.08558070645241611-174, id: 0.08558070645241611-175, id: 0.08558070645241611-176, id: 0.08558070645241611-177, id: 0.08558070645241611-178, id: 0.08558070645241611-179, id: 0.08558070645241611-180, id: 0.08558070645241611-181, id: 0.08558070645241611-182, id: 0.08558070645241611-183, id: 0.08558070645241611-184, id: 0.08558070645241611-185, id: 0.08558070645241611-186, id: 0.08558070645241611-187, id: 0.08558070645241611-188, id: 0.08558070645241611-189, id: 0.08558070645241611-190, id: 0.08558070645241611-191, id: 0.08558070645241611-192]
[WebDriverCommandLogger] - Executing getElementText element: By.xpath: //div[@id=&apos;c_articlelist_stories_2&apos;]/ul[1]/li/span[2]/span[2] parameters: {&quot;id&quot;:&quot;0.08558070645241611-187&quot;}
[WebDriverCommandLogger] - command: getElementText[ param-1: By.xpath: //div[@id=&apos;c_articlelist_stories_2&apos;]/ul[1]/li/span[2]/span[2] param-2: {&quot;id&quot;:&quot;0.08558070645241611-187&quot;}] Result: getElementText:3 DAYS AGO
[WebDriverCommandLogger] - Executing findElements parameters: {&quot;using&quot;:&quot;xpath&quot;,&quot;value&quot;:&quot;//div[@id=&apos;c_articlelist_stories_2&apos;]/ul[1]/li/span[2]/span[2]&quot;}
[WebDriverCommandLogger] - command: findElements[ param-1: {value=//div[@id=&apos;c_articlelist_stories_2&apos;]/ul[1]/li/span[2]/span[2], using=xpath}] Result: [id: 0.08558070645241611-97, id: 0.08558070645241611-98, id: 0.08558070645241611-99, id: 0.08558070645241611-100, id: 0.08558070645241611-101, id: 0.08558070645241611-102, id: 0.08558070645241611-103, id: 0.08558070645241611-104, id: 0.08558070645241611-105, id: 0.08558070645241611-106, id: 0.08558070645241611-107, id: 0.08558070645241611-108, id: 0.08558070645241611-109, id: 0.08558070645241611-110, id: 0.08558070645241611-111, id: 0.08558070645241611-112, id: 0.08558070645241611-113, id: 0.08558070645241611-114, id: 0.08558070645241611-115, id: 0.08558070645241611-116, id: 0.08558070645241611-117, id: 0.08558070645241611-118, id: 0.08558070645241611-119, id: 0.08558070645241611-120, id: 0.08558070645241611-121, id: 0.08558070645241611-122, id: 0.08558070645241611-123, id: 0.08558070645241611-124, id: 0.08558070645241611-125, id: 0.08558070645241611-126, id: 0.08558070645241611-127, id: 0.08558070645241611-128, id: 0.08558070645241611-129, id: 0.08558070645241611-130, id: 0.08558070645241611-131, id: 0.08558070645241611-132, id: 0.08558070645241611-133, id: 0.08558070645241611-134, id: 0.08558070645241611-135, id: 0.08558070645241611-136, id: 0.08558070645241611-137, id: 0.08558070645241611-138, id: 0.08558070645241611-139, id: 0.08558070645241611-140, id: 0.08558070645241611-141, id: 0.08558070645241611-142, id: 0.08558070645241611-143, id: 0.08558070645241611-144, id: 0.08558070645241611-145, id: 0.08558070645241611-146, id: 0.08558070645241611-147, id: 0.08558070645241611-148, id: 0.08558070645241611-149, id: 0.08558070645241611-150, id: 0.08558070645241611-151, id: 0.08558070645241611-152, id: 0.08558070645241611-153, id: 0.08558070645241611-154, id: 0.08558070645241611-155, id: 0.08558070645241611-156, id: 0.08558070645241611-157, id: 0.08558070645241611-158, id: 0.08558070645241611-159, id: 0.08558070645241611-160, id: 0.08558070645241611-161, id: 0.08558070645241611-162, id: 0.08558070645241611-163, id: 0.08558070645241611-164, id: 0.08558070645241611-165, id: 0.08558070645241611-166, id: 0.08558070645241611-167, id: 0.08558070645241611-168, id: 0.08558070645241611-169, id: 0.08558070645241611-170, id: 0.08558070645241611-171, id: 0.08558070645241611-172, id: 0.08558070645241611-173, id: 0.08558070645241611-174, id: 0.08558070645241611-175, id: 0.08558070645241611-176, id: 0.08558070645241611-177, id: 0.08558070645241611-178, id: 0.08558070645241611-179, id: 0.08558070645241611-180, id: 0.08558070645241611-181, id: 0.08558070645241611-182, id: 0.08558070645241611-183, id: 0.08558070645241611-184, id: 0.08558070645241611-185, id: 0.08558070645241611-186, id: 0.08558070645241611-187, id: 0.08558070645241611-188, id: 0.08558070645241611-189, id: 0.08558070645241611-190, id: 0.08558070645241611-191, id: 0.08558070645241611-192]
[WebDriverCommandLogger] - Executing getElementText element: By.xpath: //div[@id=&apos;c_articlelist_stories_2&apos;]/ul[1]/li/span[2]/span[2] parameters: {&quot;id&quot;:&quot;0.08558070645241611-187&quot;}
[WebDriverCommandLogger] - command: getElementText[ param-1: By.xpath: //div[@id=&apos;c_articlelist_stories_2&apos;]/ul[1]/li/span[2]/span[2] param-2: {&quot;id&quot;:&quot;0.08558070645241611-187&quot;}] Result: getElementText:3 DAYS AGO
[WebDriverCommandLogger] - Executing findElements parameters: {&quot;using&quot;:&quot;xpath&quot;,&quot;value&quot;:&quot;//div[@id=&apos;c_articlelist_stories_2&apos;]/ul[1]/li/span[2]/span[2]&quot;}
[WebDriverCommandLogger] - command: findElements[ param-1: {value=//div[@id=&apos;c_articlelist_stories_2&apos;]/ul[1]/li/span[2]/span[2], using=xpath}] Result: [id: 0.08558070645241611-97, id: 0.08558070645241611-98, id: 0.08558070645241611-99, id: 0.08558070645241611-100, id: 0.08558070645241611-101, id: 0.08558070645241611-102, id: 0.08558070645241611-103, id: 0.08558070645241611-104, id: 0.08558070645241611-105, id: 0.08558070645241611-106, id: 0.08558070645241611-107, id: 0.08558070645241611-108, id: 0.08558070645241611-109, id: 0.08558070645241611-110, id: 0.08558070645241611-111, id: 0.08558070645241611-112, id: 0.08558070645241611-113, id: 0.08558070645241611-114, id: 0.08558070645241611-115, id: 0.08558070645241611-116, id: 0.08558070645241611-117, id: 0.08558070645241611-118, id: 0.08558070645241611-119, id: 0.08558070645241611-120, id: 0.08558070645241611-121, id: 0.08558070645241611-122, id: 0.08558070645241611-123, id: 0.08558070645241611-124, id: 0.08558070645241611-125, id: 0.08558070645241611-126, id: 0.08558070645241611-127, id: 0.08558070645241611-128, id: 0.08558070645241611-129, id: 0.08558070645241611-130, id: 0.08558070645241611-131, id: 0.08558070645241611-132, id: 0.08558070645241611-133, id: 0.08558070645241611-134, id: 0.08558070645241611-135, id: 0.08558070645241611-136, id: 0.08558070645241611-137, id: 0.08558070645241611-138, id: 0.08558070645241611-139, id: 0.08558070645241611-140, id: 0.08558070645241611-141, id: 0.08558070645241611-142, id: 0.08558070645241611-143, id: 0.08558070645241611-144, id: 0.08558070645241611-145, id: 0.08558070645241611-146, id: 0.08558070645241611-147, id: 0.08558070645241611-148, id: 0.08558070645241611-149, id: 0.08558070645241611-150, id: 0.08558070645241611-151, id: 0.08558070645241611-152, id: 0.08558070645241611-153, id: 0.08558070645241611-154, id: 0.08558070645241611-155, id: 0.08558070645241611-156, id: 0.08558070645241611-157, id: 0.08558070645241611-158, id: 0.08558070645241611-159, id: 0.08558070645241611-160, id: 0.08558070645241611-161, id: 0.08558070645241611-162, id: 0.08558070645241611-163, id: 0.08558070645241611-164, id: 0.08558070645241611-165, id: 0.08558070645241611-166, id: 0.08558070645241611-167, id: 0.08558070645241611-168, id: 0.08558070645241611-169, id: 0.08558070645241611-170, id: 0.08558070645241611-171, id: 0.08558070645241611-172, id: 0.08558070645241611-173, id: 0.08558070645241611-174, id: 0.08558070645241611-175, id: 0.08558070645241611-176, id: 0.08558070645241611-177, id: 0.08558070645241611-178, id: 0.08558070645241611-179, id: 0.08558070645241611-180, id: 0.08558070645241611-181, id: 0.08558070645241611-182, id: 0.08558070645241611-183, id: 0.08558070645241611-184, id: 0.08558070645241611-185, id: 0.08558070645241611-186, id: 0.08558070645241611-187, id: 0.08558070645241611-188, id: 0.08558070645241611-189, id: 0.08558070645241611-190, id: 0.08558070645241611-191, id: 0.08558070645241611-192]
[WebDriverCommandLogger] - Executing findElements parameters: {&quot;using&quot;:&quot;xpath&quot;,&quot;value&quot;:&quot;//div[@id=&apos;c_articlelist_stories_2&apos;]/ul[1]/li/span[2]/span[2]&quot;}
[WebDriverCommandLogger] - command: findElements[ param-1: {value=//div[@id=&apos;c_articlelist_stories_2&apos;]/ul[1]/li/span[2]/span[2], using=xpath}] Result: [id: 0.08558070645241611-97, id: 0.08558070645241611-98, id: 0.08558070645241611-99, id: 0.08558070645241611-100, id: 0.08558070645241611-101, id: 0.08558070645241611-102, id: 0.08558070645241611-103, id: 0.08558070645241611-104, id: 0.08558070645241611-105, id: 0.08558070645241611-106, id: 0.08558070645241611-107, id: 0.08558070645241611-108, id: 0.08558070645241611-109, id: 0.08558070645241611-110, id: 0.08558070645241611-111, id: 0.08558070645241611-112, id: 0.08558070645241611-113, id: 0.08558070645241611-114, id: 0.08558070645241611-115, id: 0.08558070645241611-116, id: 0.08558070645241611-117, id: 0.08558070645241611-118, id: 0.08558070645241611-119, id: 0.08558070645241611-120, id: 0.08558070645241611-121, id: 0.08558070645241611-122, id: 0.08558070645241611-123, id: 0.08558070645241611-124, id: 0.08558070645241611-125, id: 0.08558070645241611-126, id: 0.08558070645241611-127, id: 0.08558070645241611-128, id: 0.08558070645241611-129, id: 0.08558070645241611-130, id: 0.08558070645241611-131, id: 0.08558070645241611-132, id: 0.08558070645241611-133, id: 0.08558070645241611-134, id: 0.08558070645241611-135, id: 0.08558070645241611-136, id: 0.08558070645241611-137, id: 0.08558070645241611-138, id: 0.08558070645241611-139, id: 0.08558070645241611-140, id: 0.08558070645241611-141, id: 0.08558070645241611-142, id: 0.08558070645241611-143, id: 0.08558070645241611-144, id: 0.08558070645241611-145, id: 0.08558070645241611-146, id: 0.08558070645241611-147, id: 0.08558070645241611-148, id: 0.08558070645241611-149, id: 0.08558070645241611-150, id: 0.08558070645241611-151, id: 0.08558070645241611-152, id: 0.08558070645241611-153, id: 0.08558070645241611-154, id: 0.08558070645241611-155, id: 0.08558070645241611-156, id: 0.08558070645241611-157, id: 0.08558070645241611-158, id: 0.08558070645241611-159, id: 0.08558070645241611-160, id: 0.08558070645241611-161, id: 0.08558070645241611-162, id: 0.08558070645241611-163, id: 0.08558070645241611-164, id: 0.08558070645241611-165, id: 0.08558070645241611-166, id: 0.08558070645241611-167, id: 0.08558070645241611-168, id: 0.08558070645241611-169, id: 0.08558070645241611-170, id: 0.08558070645241611-171, id: 0.08558070645241611-172, id: 0.08558070645241611-173, id: 0.08558070645241611-174, id: 0.08558070645241611-175, id: 0.08558070645241611-176, id: 0.08558070645241611-177, id: 0.08558070645241611-178, id: 0.08558070645241611-179, id: 0.08558070645241611-180, id: 0.08558070645241611-181, id: 0.08558070645241611-182, id: 0.08558070645241611-183, id: 0.08558070645241611-184, id: 0.08558070645241611-185, id: 0.08558070645241611-186, id: 0.08558070645241611-187, id: 0.08558070645241611-188, id: 0.08558070645241611-189, id: 0.08558070645241611-190, id: 0.08558070645241611-191, id: 0.08558070645241611-192]
[WebDriverCommandLogger] - Executing getElementText element: By.xpath: //div[@id=&apos;c_articlelist_stories_2&apos;]/ul[1]/li/span[2]/span[2] parameters: {&quot;id&quot;:&quot;0.08558070645241611-188&quot;}
[WebDriverCommandLogger] - command: getElementText[ param-1: By.xpath: //div[@id=&apos;c_articlelist_stories_2&apos;]/ul[1]/li/span[2]/span[2] param-2: {&quot;id&quot;:&quot;0.08558070645241611-188&quot;}] Result: getElementText:3 DAYS AGO
[WebDriverCommandLogger] - Executing findElements parameters: {&quot;using&quot;:&quot;xpath&quot;,&quot;value&quot;:&quot;//div[@id=&apos;c_articlelist_stories_2&apos;]/ul[1]/li/span[2]/span[2]&quot;}
[WebDriverCommandLogger] - command: findElements[ param-1: {value=//div[@id=&apos;c_articlelist_stories_2&apos;]/ul[1]/li/span[2]/span[2], using=xpath}] Result: [id: 0.08558070645241611-97, id: 0.08558070645241611-98, id: 0.08558070645241611-99, id: 0.08558070645241611-100, id: 0.08558070645241611-101, id: 0.08558070645241611-102, id: 0.08558070645241611-103, id: 0.08558070645241611-104, id: 0.08558070645241611-105, id: 0.08558070645241611-106, id: 0.08558070645241611-107, id: 0.08558070645241611-108, id: 0.08558070645241611-109, id: 0.08558070645241611-110, id: 0.08558070645241611-111, id: 0.08558070645241611-112, id: 0.08558070645241611-113, id: 0.08558070645241611-114, id: 0.08558070645241611-115, id: 0.08558070645241611-116, id: 0.08558070645241611-117, id: 0.08558070645241611-118, id: 0.08558070645241611-119, id: 0.08558070645241611-120, id: 0.08558070645241611-121, id: 0.08558070645241611-122, id: 0.08558070645241611-123, id: 0.08558070645241611-124, id: 0.08558070645241611-125, id: 0.08558070645241611-126, id: 0.08558070645241611-127, id: 0.08558070645241611-128, id: 0.08558070645241611-129, id: 0.08558070645241611-130, id: 0.08558070645241611-131, id: 0.08558070645241611-132, id: 0.08558070645241611-133, id: 0.08558070645241611-134, id: 0.08558070645241611-135, id: 0.08558070645241611-136, id: 0.08558070645241611-137, id: 0.08558070645241611-138, id: 0.08558070645241611-139, id: 0.08558070645241611-140, id: 0.08558070645241611-141, id: 0.08558070645241611-142, id: 0.08558070645241611-143, id: 0.08558070645241611-144, id: 0.08558070645241611-145, id: 0.08558070645241611-146, id: 0.08558070645241611-147, id: 0.08558070645241611-148, id: 0.08558070645241611-149, id: 0.08558070645241611-150, id: 0.08558070645241611-151, id: 0.08558070645241611-152, id: 0.08558070645241611-153, id: 0.08558070645241611-154, id: 0.08558070645241611-155, id: 0.08558070645241611-156, id: 0.08558070645241611-157, id: 0.08558070645241611-158, id: 0.08558070645241611-159, id: 0.08558070645241611-160, id: 0.08558070645241611-161, id: 0.08558070645241611-162, id: 0.08558070645241611-163, id: 0.08558070645241611-164, id: 0.08558070645241611-165, id: 0.08558070645241611-166, id: 0.08558070645241611-167, id: 0.08558070645241611-168, id: 0.08558070645241611-169, id: 0.08558070645241611-170, id: 0.08558070645241611-171, id: 0.08558070645241611-172, id: 0.08558070645241611-173, id: 0.08558070645241611-174, id: 0.08558070645241611-175, id: 0.08558070645241611-176, id: 0.08558070645241611-177, id: 0.08558070645241611-178, id: 0.08558070645241611-179, id: 0.08558070645241611-180, id: 0.08558070645241611-181, id: 0.08558070645241611-182, id: 0.08558070645241611-183, id: 0.08558070645241611-184, id: 0.08558070645241611-185, id: 0.08558070645241611-186, id: 0.08558070645241611-187, id: 0.08558070645241611-188, id: 0.08558070645241611-189, id: 0.08558070645241611-190, id: 0.08558070645241611-191, id: 0.08558070645241611-192]
[WebDriverCommandLogger] - Executing getElementText element: By.xpath: //div[@id=&apos;c_articlelist_stories_2&apos;]/ul[1]/li/span[2]/span[2] parameters: {&quot;id&quot;:&quot;0.08558070645241611-188&quot;}
[WebDriverCommandLogger] - command: getElementText[ param-1: By.xpath: //div[@id=&apos;c_articlelist_stories_2&apos;]/ul[1]/li/span[2]/span[2] param-2: {&quot;id&quot;:&quot;0.08558070645241611-188&quot;}] Result: getElementText:3 DAYS AGO
[WebDriverCommandLogger] - Executing findElements parameters: {&quot;using&quot;:&quot;xpath&quot;,&quot;value&quot;:&quot;//div[@id=&apos;c_articlelist_stories_2&apos;]/ul[1]/li/span[2]/span[2]&quot;}
[WebDriverCommandLogger] - command: findElements[ param-1: {value=//div[@id=&apos;c_articlelist_stories_2&apos;]/ul[1]/li/span[2]/span[2], using=xpath}] Result: [id: 0.08558070645241611-97, id: 0.08558070645241611-98, id: 0.08558070645241611-99, id: 0.08558070645241611-100, id: 0.08558070645241611-101, id: 0.08558070645241611-102, id: 0.08558070645241611-103, id: 0.08558070645241611-104, id: 0.08558070645241611-105, id: 0.08558070645241611-106, id: 0.08558070645241611-107, id: 0.08558070645241611-108, id: 0.08558070645241611-109, id: 0.08558070645241611-110, id: 0.08558070645241611-111, id: 0.08558070645241611-112, id: 0.08558070645241611-113, id: 0.08558070645241611-114, id: 0.08558070645241611-115, id: 0.08558070645241611-116, id: 0.08558070645241611-117, id: 0.08558070645241611-118, id: 0.08558070645241611-119, id: 0.08558070645241611-120, id: 0.08558070645241611-121, id: 0.08558070645241611-122, id: 0.08558070645241611-123, id: 0.08558070645241611-124, id: 0.08558070645241611-125, id: 0.08558070645241611-126, id: 0.08558070645241611-127, id: 0.08558070645241611-128, id: 0.08558070645241611-129, id: 0.08558070645241611-130, id: 0.08558070645241611-131, id: 0.08558070645241611-132, id: 0.08558070645241611-133, id: 0.08558070645241611-134, id: 0.08558070645241611-135, id: 0.08558070645241611-136, id: 0.08558070645241611-137, id: 0.08558070645241611-138, id: 0.08558070645241611-139, id: 0.08558070645241611-140, id: 0.08558070645241611-141, id: 0.08558070645241611-142, id: 0.08558070645241611-143, id: 0.08558070645241611-144, id: 0.08558070645241611-145, id: 0.08558070645241611-146, id: 0.08558070645241611-147, id: 0.08558070645241611-148, id: 0.08558070645241611-149, id: 0.08558070645241611-150, id: 0.08558070645241611-151, id: 0.08558070645241611-152, id: 0.08558070645241611-153, id: 0.08558070645241611-154, id: 0.08558070645241611-155, id: 0.08558070645241611-156, id: 0.08558070645241611-157, id: 0.08558070645241611-158, id: 0.08558070645241611-159, id: 0.08558070645241611-160, id: 0.08558070645241611-161, id: 0.08558070645241611-162, id: 0.08558070645241611-163, id: 0.08558070645241611-164, id: 0.08558070645241611-165, id: 0.08558070645241611-166, id: 0.08558070645241611-167, id: 0.08558070645241611-168, id: 0.08558070645241611-169, id: 0.08558070645241611-170, id: 0.08558070645241611-171, id: 0.08558070645241611-172, id: 0.08558070645241611-173, id: 0.08558070645241611-174, id: 0.08558070645241611-175, id: 0.08558070645241611-176, id: 0.08558070645241611-177, id: 0.08558070645241611-178, id: 0.08558070645241611-179, id: 0.08558070645241611-180, id: 0.08558070645241611-181, id: 0.08558070645241611-182, id: 0.08558070645241611-183, id: 0.08558070645241611-184, id: 0.08558070645241611-185, id: 0.08558070645241611-186, id: 0.08558070645241611-187, id: 0.08558070645241611-188, id: 0.08558070645241611-189, id: 0.08558070645241611-190, id: 0.08558070645241611-191, id: 0.08558070645241611-192]
[WebDriverCommandLogger] - Executing findElements parameters: {&quot;using&quot;:&quot;xpath&quot;,&quot;value&quot;:&quot;//div[@id=&apos;c_articlelist_stories_2&apos;]/ul[1]/li/span[2]/span[2]&quot;}
[WebDriverCommandLogger] - command: findElements[ param-1: {value=//div[@id=&apos;c_articlelist_stories_2&apos;]/ul[1]/li/span[2]/span[2], using=xpath}] Result: [id: 0.08558070645241611-97, id: 0.08558070645241611-98, id: 0.08558070645241611-99, id: 0.08558070645241611-100, id: 0.08558070645241611-101, id: 0.08558070645241611-102, id: 0.08558070645241611-103, id: 0.08558070645241611-104, id: 0.08558070645241611-105, id: 0.08558070645241611-106, id: 0.08558070645241611-107, id: 0.08558070645241611-108, id: 0.08558070645241611-109, id: 0.08558070645241611-110, id: 0.08558070645241611-111, id: 0.08558070645241611-112, id: 0.08558070645241611-113, id: 0.08558070645241611-114, id: 0.08558070645241611-115, id: 0.08558070645241611-116, id: 0.08558070645241611-117, id: 0.08558070645241611-118, id: 0.08558070645241611-119, id: 0.08558070645241611-120, id: 0.08558070645241611-121, id: 0.08558070645241611-122, id: 0.08558070645241611-123, id: 0.08558070645241611-124, id: 0.08558070645241611-125, id: 0.08558070645241611-126, id: 0.08558070645241611-127, id: 0.08558070645241611-128, id: 0.08558070645241611-129, id: 0.08558070645241611-130, id: 0.08558070645241611-131, id: 0.08558070645241611-132, id: 0.08558070645241611-133, id: 0.08558070645241611-134, id: 0.08558070645241611-135, id: 0.08558070645241611-136, id: 0.08558070645241611-137, id: 0.08558070645241611-138, id: 0.08558070645241611-139, id: 0.08558070645241611-140, id: 0.08558070645241611-141, id: 0.08558070645241611-142, id: 0.08558070645241611-143, id: 0.08558070645241611-144, id: 0.08558070645241611-145, id: 0.08558070645241611-146, id: 0.08558070645241611-147, id: 0.08558070645241611-148, id: 0.08558070645241611-149, id: 0.08558070645241611-150, id: 0.08558070645241611-151, id: 0.08558070645241611-152, id: 0.08558070645241611-153, id: 0.08558070645241611-154, id: 0.08558070645241611-155, id: 0.08558070645241611-156, id: 0.08558070645241611-157, id: 0.08558070645241611-158, id: 0.08558070645241611-159, id: 0.08558070645241611-160, id: 0.08558070645241611-161, id: 0.08558070645241611-162, id: 0.08558070645241611-163, id: 0.08558070645241611-164, id: 0.08558070645241611-165, id: 0.08558070645241611-166, id: 0.08558070645241611-167, id: 0.08558070645241611-168, id: 0.08558070645241611-169, id: 0.08558070645241611-170, id: 0.08558070645241611-171, id: 0.08558070645241611-172, id: 0.08558070645241611-173, id: 0.08558070645241611-174, id: 0.08558070645241611-175, id: 0.08558070645241611-176, id: 0.08558070645241611-177, id: 0.08558070645241611-178, id: 0.08558070645241611-179, id: 0.08558070645241611-180, id: 0.08558070645241611-181, id: 0.08558070645241611-182, id: 0.08558070645241611-183, id: 0.08558070645241611-184, id: 0.08558070645241611-185, id: 0.08558070645241611-186, id: 0.08558070645241611-187, id: 0.08558070645241611-188, id: 0.08558070645241611-189, id: 0.08558070645241611-190, id: 0.08558070645241611-191, id: 0.08558070645241611-192]
[WebDriverCommandLogger] - Executing getElementText element: By.xpath: //div[@id=&apos;c_articlelist_stories_2&apos;]/ul[1]/li/span[2]/span[2] parameters: {&quot;id&quot;:&quot;0.08558070645241611-189&quot;}
[WebDriverCommandLogger] - command: getElementText[ param-1: By.xpath: //div[@id=&apos;c_articlelist_stories_2&apos;]/ul[1]/li/span[2]/span[2] param-2: {&quot;id&quot;:&quot;0.08558070645241611-189&quot;}] Result: getElementText:3 DAYS AGO
[WebDriverCommandLogger] - Executing findElements parameters: {&quot;using&quot;:&quot;xpath&quot;,&quot;value&quot;:&quot;//div[@id=&apos;c_articlelist_stories_2&apos;]/ul[1]/li/span[2]/span[2]&quot;}
[WebDriverCommandLogger] - command: findElements[ param-1: {value=//div[@id=&apos;c_articlelist_stories_2&apos;]/ul[1]/li/span[2]/span[2], using=xpath}] Result: [id: 0.08558070645241611-97, id: 0.08558070645241611-98, id: 0.08558070645241611-99, id: 0.08558070645241611-100, id: 0.08558070645241611-101, id: 0.08558070645241611-102, id: 0.08558070645241611-103, id: 0.08558070645241611-104, id: 0.08558070645241611-105, id: 0.08558070645241611-106, id: 0.08558070645241611-107, id: 0.08558070645241611-108, id: 0.08558070645241611-109, id: 0.08558070645241611-110, id: 0.08558070645241611-111, id: 0.08558070645241611-112, id: 0.08558070645241611-113, id: 0.08558070645241611-114, id: 0.08558070645241611-115, id: 0.08558070645241611-116, id: 0.08558070645241611-117, id: 0.08558070645241611-118, id: 0.08558070645241611-119, id: 0.08558070645241611-120, id: 0.08558070645241611-121, id: 0.08558070645241611-122, id: 0.08558070645241611-123, id: 0.08558070645241611-124, id: 0.08558070645241611-125, id: 0.08558070645241611-126, id: 0.08558070645241611-127, id: 0.08558070645241611-128, id: 0.08558070645241611-129, id: 0.08558070645241611-130, id: 0.08558070645241611-131, id: 0.08558070645241611-132, id: 0.08558070645241611-133, id: 0.08558070645241611-134, id: 0.08558070645241611-135, id: 0.08558070645241611-136, id: 0.08558070645241611-137, id: 0.08558070645241611-138, id: 0.08558070645241611-139, id: 0.08558070645241611-140, id: 0.08558070645241611-141, id: 0.08558070645241611-142, id: 0.08558070645241611-143, id: 0.08558070645241611-144, id: 0.08558070645241611-145, id: 0.08558070645241611-146, id: 0.08558070645241611-147, id: 0.08558070645241611-148, id: 0.08558070645241611-149, id: 0.08558070645241611-150, id: 0.08558070645241611-151, id: 0.08558070645241611-152, id: 0.08558070645241611-153, id: 0.08558070645241611-154, id: 0.08558070645241611-155, id: 0.08558070645241611-156, id: 0.08558070645241611-157, id: 0.08558070645241611-158, id: 0.08558070645241611-159, id: 0.08558070645241611-160, id: 0.08558070645241611-161, id: 0.08558070645241611-162, id: 0.08558070645241611-163, id: 0.08558070645241611-164, id: 0.08558070645241611-165, id: 0.08558070645241611-166, id: 0.08558070645241611-167, id: 0.08558070645241611-168, id: 0.08558070645241611-169, id: 0.08558070645241611-170, id: 0.08558070645241611-171, id: 0.08558070645241611-172, id: 0.08558070645241611-173, id: 0.08558070645241611-174, id: 0.08558070645241611-175, id: 0.08558070645241611-176, id: 0.08558070645241611-177, id: 0.08558070645241611-178, id: 0.08558070645241611-179, id: 0.08558070645241611-180, id: 0.08558070645241611-181, id: 0.08558070645241611-182, id: 0.08558070645241611-183, id: 0.08558070645241611-184, id: 0.08558070645241611-185, id: 0.08558070645241611-186, id: 0.08558070645241611-187, id: 0.08558070645241611-188, id: 0.08558070645241611-189, id: 0.08558070645241611-190, id: 0.08558070645241611-191, id: 0.08558070645241611-192]
[WebDriverCommandLogger] - Executing getElementText element: By.xpath: //div[@id=&apos;c_articlelist_stories_2&apos;]/ul[1]/li/span[2]/span[2] parameters: {&quot;id&quot;:&quot;0.08558070645241611-189&quot;}
[WebDriverCommandLogger] - command: getElementText[ param-1: By.xpath: //div[@id=&apos;c_articlelist_stories_2&apos;]/ul[1]/li/span[2]/span[2] param-2: {&quot;id&quot;:&quot;0.08558070645241611-189&quot;}] Result: getElementText:3 DAYS AGO
[WebDriverCommandLogger] - Executing findElements parameters: {&quot;using&quot;:&quot;xpath&quot;,&quot;value&quot;:&quot;//div[@id=&apos;c_articlelist_stories_2&apos;]/ul[1]/li/span[2]/span[2]&quot;}
[WebDriverCommandLogger] - command: findElements[ param-1: {value=//div[@id=&apos;c_articlelist_stories_2&apos;]/ul[1]/li/span[2]/span[2], using=xpath}] Result: [id: 0.08558070645241611-97, id: 0.08558070645241611-98, id: 0.08558070645241611-99, id: 0.08558070645241611-100, id: 0.08558070645241611-101, id: 0.08558070645241611-102, id: 0.08558070645241611-103, id: 0.08558070645241611-104, id: 0.08558070645241611-105, id: 0.08558070645241611-106, id: 0.08558070645241611-107, id: 0.08558070645241611-108, id: 0.08558070645241611-109, id: 0.08558070645241611-110, id: 0.08558070645241611-111, id: 0.08558070645241611-112, id: 0.08558070645241611-113, id: 0.08558070645241611-114, id: 0.08558070645241611-115, id: 0.08558070645241611-116, id: 0.08558070645241611-117, id: 0.08558070645241611-118, id: 0.08558070645241611-119, id: 0.08558070645241611-120, id: 0.08558070645241611-121, id: 0.08558070645241611-122, id: 0.08558070645241611-123, id: 0.08558070645241611-124, id: 0.08558070645241611-125, id: 0.08558070645241611-126, id: 0.08558070645241611-127, id: 0.08558070645241611-128, id: 0.08558070645241611-129, id: 0.08558070645241611-130, id: 0.08558070645241611-131, id: 0.08558070645241611-132, id: 0.08558070645241611-133, id: 0.08558070645241611-134, id: 0.08558070645241611-135, id: 0.08558070645241611-136, id: 0.08558070645241611-137, id: 0.08558070645241611-138, id: 0.08558070645241611-139, id: 0.08558070645241611-140, id: 0.08558070645241611-141, id: 0.08558070645241611-142, id: 0.08558070645241611-143, id: 0.08558070645241611-144, id: 0.08558070645241611-145, id: 0.08558070645241611-146, id: 0.08558070645241611-147, id: 0.08558070645241611-148, id: 0.08558070645241611-149, id: 0.08558070645241611-150, id: 0.08558070645241611-151, id: 0.08558070645241611-152, id: 0.08558070645241611-153, id: 0.08558070645241611-154, id: 0.08558070645241611-155, id: 0.08558070645241611-156, id: 0.08558070645241611-157, id: 0.08558070645241611-158, id: 0.08558070645241611-159, id: 0.08558070645241611-160, id: 0.08558070645241611-161, id: 0.08558070645241611-162, id: 0.08558070645241611-163, id: 0.08558070645241611-164, id: 0.08558070645241611-165, id: 0.08558070645241611-166, id: 0.08558070645241611-167, id: 0.08558070645241611-168, id: 0.08558070645241611-169, id: 0.08558070645241611-170, id: 0.08558070645241611-171, id: 0.08558070645241611-172, id: 0.08558070645241611-173, id: 0.08558070645241611-174, id: 0.08558070645241611-175, id: 0.08558070645241611-176, id: 0.08558070645241611-177, id: 0.08558070645241611-178, id: 0.08558070645241611-179, id: 0.08558070645241611-180, id: 0.08558070645241611-181, id: 0.08558070645241611-182, id: 0.08558070645241611-183, id: 0.08558070645241611-184, id: 0.08558070645241611-185, id: 0.08558070645241611-186, id: 0.08558070645241611-187, id: 0.08558070645241611-188, id: 0.08558070645241611-189, id: 0.08558070645241611-190, id: 0.08558070645241611-191, id: 0.08558070645241611-192]
[WebDriverCommandLogger] - Executing findElements parameters: {&quot;using&quot;:&quot;xpath&quot;,&quot;value&quot;:&quot;//div[@id=&apos;c_articlelist_stories_2&apos;]/ul[1]/li/span[2]/span[2]&quot;}
[WebDriverCommandLogger] - command: findElements[ param-1: {value=//div[@id=&apos;c_articlelist_stories_2&apos;]/ul[1]/li/span[2]/span[2], using=xpath}] Result: [id: 0.08558070645241611-97, id: 0.08558070645241611-98, id: 0.08558070645241611-99, id: 0.08558070645241611-100, id: 0.08558070645241611-101, id: 0.08558070645241611-102, id: 0.08558070645241611-103, id: 0.08558070645241611-104, id: 0.08558070645241611-105, id: 0.08558070645241611-106, id: 0.08558070645241611-107, id: 0.08558070645241611-108, id: 0.08558070645241611-109, id: 0.08558070645241611-110, id: 0.08558070645241611-111, id: 0.08558070645241611-112, id: 0.08558070645241611-113, id: 0.08558070645241611-114, id: 0.08558070645241611-115, id: 0.08558070645241611-116, id: 0.08558070645241611-117, id: 0.08558070645241611-118, id: 0.08558070645241611-119, id: 0.08558070645241611-120, id: 0.08558070645241611-121, id: 0.08558070645241611-122, id: 0.08558070645241611-123, id: 0.08558070645241611-124, id: 0.08558070645241611-125, id: 0.08558070645241611-126, id: 0.08558070645241611-127, id: 0.08558070645241611-128, id: 0.08558070645241611-129, id: 0.08558070645241611-130, id: 0.08558070645241611-131, id: 0.08558070645241611-132, id: 0.08558070645241611-133, id: 0.08558070645241611-134, id: 0.08558070645241611-135, id: 0.08558070645241611-136, id: 0.08558070645241611-137, id: 0.08558070645241611-138, id: 0.08558070645241611-139, id: 0.08558070645241611-140, id: 0.08558070645241611-141, id: 0.08558070645241611-142, id: 0.08558070645241611-143, id: 0.08558070645241611-144, id: 0.08558070645241611-145, id: 0.08558070645241611-146, id: 0.08558070645241611-147, id: 0.08558070645241611-148, id: 0.08558070645241611-149, id: 0.08558070645241611-150, id: 0.08558070645241611-151, id: 0.08558070645241611-152, id: 0.08558070645241611-153, id: 0.08558070645241611-154, id: 0.08558070645241611-155, id: 0.08558070645241611-156, id: 0.08558070645241611-157, id: 0.08558070645241611-158, id: 0.08558070645241611-159, id: 0.08558070645241611-160, id: 0.08558070645241611-161, id: 0.08558070645241611-162, id: 0.08558070645241611-163, id: 0.08558070645241611-164, id: 0.08558070645241611-165, id: 0.08558070645241611-166, id: 0.08558070645241611-167, id: 0.08558070645241611-168, id: 0.08558070645241611-169, id: 0.08558070645241611-170, id: 0.08558070645241611-171, id: 0.08558070645241611-172, id: 0.08558070645241611-173, id: 0.08558070645241611-174, id: 0.08558070645241611-175, id: 0.08558070645241611-176, id: 0.08558070645241611-177, id: 0.08558070645241611-178, id: 0.08558070645241611-179, id: 0.08558070645241611-180, id: 0.08558070645241611-181, id: 0.08558070645241611-182, id: 0.08558070645241611-183, id: 0.08558070645241611-184, id: 0.08558070645241611-185, id: 0.08558070645241611-186, id: 0.08558070645241611-187, id: 0.08558070645241611-188, id: 0.08558070645241611-189, id: 0.08558070645241611-190, id: 0.08558070645241611-191, id: 0.08558070645241611-192]
[WebDriverCommandLogger] - Executing getElementText element: By.xpath: //div[@id=&apos;c_articlelist_stories_2&apos;]/ul[1]/li/span[2]/span[2] parameters: {&quot;id&quot;:&quot;0.08558070645241611-190&quot;}
[WebDriverCommandLogger] - command: getElementText[ param-1: By.xpath: //div[@id=&apos;c_articlelist_stories_2&apos;]/ul[1]/li/span[2]/span[2] param-2: {&quot;id&quot;:&quot;0.08558070645241611-190&quot;}] Result: getElementText:3 DAYS AGO
[WebDriverCommandLogger] - Executing findElements parameters: {&quot;using&quot;:&quot;xpath&quot;,&quot;value&quot;:&quot;//div[@id=&apos;c_articlelist_stories_2&apos;]/ul[1]/li/span[2]/span[2]&quot;}
[WebDriverCommandLogger] - command: findElements[ param-1: {value=//div[@id=&apos;c_articlelist_stories_2&apos;]/ul[1]/li/span[2]/span[2], using=xpath}] Result: [id: 0.08558070645241611-97, id: 0.08558070645241611-98, id: 0.08558070645241611-99, id: 0.08558070645241611-100, id: 0.08558070645241611-101, id: 0.08558070645241611-102, id: 0.08558070645241611-103, id: 0.08558070645241611-104, id: 0.08558070645241611-105, id: 0.08558070645241611-106, id: 0.08558070645241611-107, id: 0.08558070645241611-108, id: 0.08558070645241611-109, id: 0.08558070645241611-110, id: 0.08558070645241611-111, id: 0.08558070645241611-112, id: 0.08558070645241611-113, id: 0.08558070645241611-114, id: 0.08558070645241611-115, id: 0.08558070645241611-116, id: 0.08558070645241611-117, id: 0.08558070645241611-118, id: 0.08558070645241611-119, id: 0.08558070645241611-120, id: 0.08558070645241611-121, id: 0.08558070645241611-122, id: 0.08558070645241611-123, id: 0.08558070645241611-124, id: 0.08558070645241611-125, id: 0.08558070645241611-126, id: 0.08558070645241611-127, id: 0.08558070645241611-128, id: 0.08558070645241611-129, id: 0.08558070645241611-130, id: 0.08558070645241611-131, id: 0.08558070645241611-132, id: 0.08558070645241611-133, id: 0.08558070645241611-134, id: 0.08558070645241611-135, id: 0.08558070645241611-136, id: 0.08558070645241611-137, id: 0.08558070645241611-138, id: 0.08558070645241611-139, id: 0.08558070645241611-140, id: 0.08558070645241611-141, id: 0.08558070645241611-142, id: 0.08558070645241611-143, id: 0.08558070645241611-144, id: 0.08558070645241611-145, id: 0.08558070645241611-146, id: 0.08558070645241611-147, id: 0.08558070645241611-148, id: 0.08558070645241611-149, id: 0.08558070645241611-150, id: 0.08558070645241611-151, id: 0.08558070645241611-152, id: 0.08558070645241611-153, id: 0.08558070645241611-154, id: 0.08558070645241611-155, id: 0.08558070645241611-156, id: 0.08558070645241611-157, id: 0.08558070645241611-158, id: 0.08558070645241611-159, id: 0.08558070645241611-160, id: 0.08558070645241611-161, id: 0.08558070645241611-162, id: 0.08558070645241611-163, id: 0.08558070645241611-164, id: 0.08558070645241611-165, id: 0.08558070645241611-166, id: 0.08558070645241611-167, id: 0.08558070645241611-168, id: 0.08558070645241611-169, id: 0.08558070645241611-170, id: 0.08558070645241611-171, id: 0.08558070645241611-172, id: 0.08558070645241611-173, id: 0.08558070645241611-174, id: 0.08558070645241611-175, id: 0.08558070645241611-176, id: 0.08558070645241611-177, id: 0.08558070645241611-178, id: 0.08558070645241611-179, id: 0.08558070645241611-180, id: 0.08558070645241611-181, id: 0.08558070645241611-182, id: 0.08558070645241611-183, id: 0.08558070645241611-184, id: 0.08558070645241611-185, id: 0.08558070645241611-186, id: 0.08558070645241611-187, id: 0.08558070645241611-188, id: 0.08558070645241611-189, id: 0.08558070645241611-190, id: 0.08558070645241611-191, id: 0.08558070645241611-192]
[WebDriverCommandLogger] - Executing getElementText element: By.xpath: //div[@id=&apos;c_articlelist_stories_2&apos;]/ul[1]/li/span[2]/span[2] parameters: {&quot;id&quot;:&quot;0.08558070645241611-190&quot;}
[WebDriverCommandLogger] - command: getElementText[ param-1: By.xpath: //div[@id=&apos;c_articlelist_stories_2&apos;]/ul[1]/li/span[2]/span[2] param-2: {&quot;id&quot;:&quot;0.08558070645241611-190&quot;}] Result: getElementText:3 DAYS AGO
[WebDriverCommandLogger] - Executing findElements parameters: {&quot;using&quot;:&quot;xpath&quot;,&quot;value&quot;:&quot;//div[@id=&apos;c_articlelist_stories_2&apos;]/ul[1]/li/span[2]/span[2]&quot;}
[WebDriverCommandLogger] - command: findElements[ param-1: {value=//div[@id=&apos;c_articlelist_stories_2&apos;]/ul[1]/li/span[2]/span[2], using=xpath}] Result: [id: 0.08558070645241611-97, id: 0.08558070645241611-98, id: 0.08558070645241611-99, id: 0.08558070645241611-100, id: 0.08558070645241611-101, id: 0.08558070645241611-102, id: 0.08558070645241611-103, id: 0.08558070645241611-104, id: 0.08558070645241611-105, id: 0.08558070645241611-106, id: 0.08558070645241611-107, id: 0.08558070645241611-108, id: 0.08558070645241611-109, id: 0.08558070645241611-110, id: 0.08558070645241611-111, id: 0.08558070645241611-112, id: 0.08558070645241611-113, id: 0.08558070645241611-114, id: 0.08558070645241611-115, id: 0.08558070645241611-116, id: 0.08558070645241611-117, id: 0.08558070645241611-118, id: 0.08558070645241611-119, id: 0.08558070645241611-120, id: 0.08558070645241611-121, id: 0.08558070645241611-122, id: 0.08558070645241611-123, id: 0.08558070645241611-124, id: 0.08558070645241611-125, id: 0.08558070645241611-126, id: 0.08558070645241611-127, id: 0.08558070645241611-128, id: 0.08558070645241611-129, id: 0.08558070645241611-130, id: 0.08558070645241611-131, id: 0.08558070645241611-132, id: 0.08558070645241611-133, id: 0.08558070645241611-134, id: 0.08558070645241611-135, id: 0.08558070645241611-136, id: 0.08558070645241611-137, id: 0.08558070645241611-138, id: 0.08558070645241611-139, id: 0.08558070645241611-140, id: 0.08558070645241611-141, id: 0.08558070645241611-142, id: 0.08558070645241611-143, id: 0.08558070645241611-144, id: 0.08558070645241611-145, id: 0.08558070645241611-146, id: 0.08558070645241611-147, id: 0.08558070645241611-148, id: 0.08558070645241611-149, id: 0.08558070645241611-150, id: 0.08558070645241611-151, id: 0.08558070645241611-152, id: 0.08558070645241611-153, id: 0.08558070645241611-154, id: 0.08558070645241611-155, id: 0.08558070645241611-156, id: 0.08558070645241611-157, id: 0.08558070645241611-158, id: 0.08558070645241611-159, id: 0.08558070645241611-160, id: 0.08558070645241611-161, id: 0.08558070645241611-162, id: 0.08558070645241611-163, id: 0.08558070645241611-164, id: 0.08558070645241611-165, id: 0.08558070645241611-166, id: 0.08558070645241611-167, id: 0.08558070645241611-168, id: 0.08558070645241611-169, id: 0.08558070645241611-170, id: 0.08558070645241611-171, id: 0.08558070645241611-172, id: 0.08558070645241611-173, id: 0.08558070645241611-174, id: 0.08558070645241611-175, id: 0.08558070645241611-176, id: 0.08558070645241611-177, id: 0.08558070645241611-178, id: 0.08558070645241611-179, id: 0.08558070645241611-180, id: 0.08558070645241611-181, id: 0.08558070645241611-182, id: 0.08558070645241611-183, id: 0.08558070645241611-184, id: 0.08558070645241611-185, id: 0.08558070645241611-186, id: 0.08558070645241611-187, id: 0.08558070645241611-188, id: 0.08558070645241611-189, id: 0.08558070645241611-190, id: 0.08558070645241611-191, id: 0.08558070645241611-192]
[WebDriverCommandLogger] - Executing findElements parameters: {&quot;using&quot;:&quot;xpath&quot;,&quot;value&quot;:&quot;//div[@id=&apos;c_articlelist_stories_2&apos;]/ul[1]/li/span[2]/span[2]&quot;}
[WebDriverCommandLogger] - command: findElements[ param-1: {value=//div[@id=&apos;c_articlelist_stories_2&apos;]/ul[1]/li/span[2]/span[2], using=xpath}] Result: [id: 0.08558070645241611-97, id: 0.08558070645241611-98, id: 0.08558070645241611-99, id: 0.08558070645241611-100, id: 0.08558070645241611-101, id: 0.08558070645241611-102, id: 0.08558070645241611-103, id: 0.08558070645241611-104, id: 0.08558070645241611-105, id: 0.08558070645241611-106, id: 0.08558070645241611-107, id: 0.08558070645241611-108, id: 0.08558070645241611-109, id: 0.08558070645241611-110, id: 0.08558070645241611-111, id: 0.08558070645241611-112, id: 0.08558070645241611-113, id: 0.08558070645241611-114, id: 0.08558070645241611-115, id: 0.08558070645241611-116, id: 0.08558070645241611-117, id: 0.08558070645241611-118, id: 0.08558070645241611-119, id: 0.08558070645241611-120, id: 0.08558070645241611-121, id: 0.08558070645241611-122, id: 0.08558070645241611-123, id: 0.08558070645241611-124, id: 0.08558070645241611-125, id: 0.08558070645241611-126, id: 0.08558070645241611-127, id: 0.08558070645241611-128, id: 0.08558070645241611-129, id: 0.08558070645241611-130, id: 0.08558070645241611-131, id: 0.08558070645241611-132, id: 0.08558070645241611-133, id: 0.08558070645241611-134, id: 0.08558070645241611-135, id: 0.08558070645241611-136, id: 0.08558070645241611-137, id: 0.08558070645241611-138, id: 0.08558070645241611-139, id: 0.08558070645241611-140, id: 0.08558070645241611-141, id: 0.08558070645241611-142, id: 0.08558070645241611-143, id: 0.08558070645241611-144, id: 0.08558070645241611-145, id: 0.08558070645241611-146, id: 0.08558070645241611-147, id: 0.08558070645241611-148, id: 0.08558070645241611-149, id: 0.08558070645241611-150, id: 0.08558070645241611-151, id: 0.08558070645241611-152, id: 0.08558070645241611-153, id: 0.08558070645241611-154, id: 0.08558070645241611-155, id: 0.08558070645241611-156, id: 0.08558070645241611-157, id: 0.08558070645241611-158, id: 0.08558070645241611-159, id: 0.08558070645241611-160, id: 0.08558070645241611-161, id: 0.08558070645241611-162, id: 0.08558070645241611-163, id: 0.08558070645241611-164, id: 0.08558070645241611-165, id: 0.08558070645241611-166, id: 0.08558070645241611-167, id: 0.08558070645241611-168, id: 0.08558070645241611-169, id: 0.08558070645241611-170, id: 0.08558070645241611-171, id: 0.08558070645241611-172, id: 0.08558070645241611-173, id: 0.08558070645241611-174, id: 0.08558070645241611-175, id: 0.08558070645241611-176, id: 0.08558070645241611-177, id: 0.08558070645241611-178, id: 0.08558070645241611-179, id: 0.08558070645241611-180, id: 0.08558070645241611-181, id: 0.08558070645241611-182, id: 0.08558070645241611-183, id: 0.08558070645241611-184, id: 0.08558070645241611-185, id: 0.08558070645241611-186, id: 0.08558070645241611-187, id: 0.08558070645241611-188, id: 0.08558070645241611-189, id: 0.08558070645241611-190, id: 0.08558070645241611-191, id: 0.08558070645241611-192]
[WebDriverCommandLogger] - Executing getElementText element: By.xpath: //div[@id=&apos;c_articlelist_stories_2&apos;]/ul[1]/li/span[2]/span[2] parameters: {&quot;id&quot;:&quot;0.08558070645241611-191&quot;}
[WebDriverCommandLogger] - command: getElementText[ param-1: By.xpath: //div[@id=&apos;c_articlelist_stories_2&apos;]/ul[1]/li/span[2]/span[2] param-2: {&quot;id&quot;:&quot;0.08558070645241611-191&quot;}] Result: getElementText:3 DAYS AGO
[WebDriverCommandLogger] - Executing findElements parameters: {&quot;using&quot;:&quot;xpath&quot;,&quot;value&quot;:&quot;//div[@id=&apos;c_articlelist_stories_2&apos;]/ul[1]/li/span[2]/span[2]&quot;}
[WebDriverCommandLogger] - command: findElements[ param-1: {value=//div[@id=&apos;c_articlelist_stories_2&apos;]/ul[1]/li/span[2]/span[2], using=xpath}] Result: [id: 0.08558070645241611-97, id: 0.08558070645241611-98, id: 0.08558070645241611-99, id: 0.08558070645241611-100, id: 0.08558070645241611-101, id: 0.08558070645241611-102, id: 0.08558070645241611-103, id: 0.08558070645241611-104, id: 0.08558070645241611-105, id: 0.08558070645241611-106, id: 0.08558070645241611-107, id: 0.08558070645241611-108, id: 0.08558070645241611-109, id: 0.08558070645241611-110, id: 0.08558070645241611-111, id: 0.08558070645241611-112, id: 0.08558070645241611-113, id: 0.08558070645241611-114, id: 0.08558070645241611-115, id: 0.08558070645241611-116, id: 0.08558070645241611-117, id: 0.08558070645241611-118, id: 0.08558070645241611-119, id: 0.08558070645241611-120, id: 0.08558070645241611-121, id: 0.08558070645241611-122, id: 0.08558070645241611-123, id: 0.08558070645241611-124, id: 0.08558070645241611-125, id: 0.08558070645241611-126, id: 0.08558070645241611-127, id: 0.08558070645241611-128, id: 0.08558070645241611-129, id: 0.08558070645241611-130, id: 0.08558070645241611-131, id: 0.08558070645241611-132, id: 0.08558070645241611-133, id: 0.08558070645241611-134, id: 0.08558070645241611-135, id: 0.08558070645241611-136, id: 0.08558070645241611-137, id: 0.08558070645241611-138, id: 0.08558070645241611-139, id: 0.08558070645241611-140, id: 0.08558070645241611-141, id: 0.08558070645241611-142, id: 0.08558070645241611-143, id: 0.08558070645241611-144, id: 0.08558070645241611-145, id: 0.08558070645241611-146, id: 0.08558070645241611-147, id: 0.08558070645241611-148, id: 0.08558070645241611-149, id: 0.08558070645241611-150, id: 0.08558070645241611-151, id: 0.08558070645241611-152, id: 0.08558070645241611-153, id: 0.08558070645241611-154, id: 0.08558070645241611-155, id: 0.08558070645241611-156, id: 0.08558070645241611-157, id: 0.08558070645241611-158, id: 0.08558070645241611-159, id: 0.08558070645241611-160, id: 0.08558070645241611-161, id: 0.08558070645241611-162, id: 0.08558070645241611-163, id: 0.08558070645241611-164, id: 0.08558070645241611-165, id: 0.08558070645241611-166, id: 0.08558070645241611-167, id: 0.08558070645241611-168, id: 0.08558070645241611-169, id: 0.08558070645241611-170, id: 0.08558070645241611-171, id: 0.08558070645241611-172, id: 0.08558070645241611-173, id: 0.08558070645241611-174, id: 0.08558070645241611-175, id: 0.08558070645241611-176, id: 0.08558070645241611-177, id: 0.08558070645241611-178, id: 0.08558070645241611-179, id: 0.08558070645241611-180, id: 0.08558070645241611-181, id: 0.08558070645241611-182, id: 0.08558070645241611-183, id: 0.08558070645241611-184, id: 0.08558070645241611-185, id: 0.08558070645241611-186, id: 0.08558070645241611-187, id: 0.08558070645241611-188, id: 0.08558070645241611-189, id: 0.08558070645241611-190, id: 0.08558070645241611-191, id: 0.08558070645241611-192]
[WebDriverCommandLogger] - Executing getElementText element: By.xpath: //div[@id=&apos;c_articlelist_stories_2&apos;]/ul[1]/li/span[2]/span[2] parameters: {&quot;id&quot;:&quot;0.08558070645241611-191&quot;}
[WebDriverCommandLogger] - command: getElementText[ param-1: By.xpath: //div[@id=&apos;c_articlelist_stories_2&apos;]/ul[1]/li/span[2]/span[2] param-2: {&quot;id&quot;:&quot;0.08558070645241611-191&quot;}] Result: getElementText:3 DAYS AGO
[WebDriverCommandLogger] - Executing findElements parameters: {&quot;using&quot;:&quot;xpath&quot;,&quot;value&quot;:&quot;//div[@id=&apos;c_articlelist_stories_2&apos;]/ul[1]/li/span[2]/span[2]&quot;}
[WebDriverCommandLogger] - command: findElements[ param-1: {value=//div[@id=&apos;c_articlelist_stories_2&apos;]/ul[1]/li/span[2]/span[2], using=xpath}] Result: [id: 0.08558070645241611-97, id: 0.08558070645241611-98, id: 0.08558070645241611-99, id: 0.08558070645241611-100, id: 0.08558070645241611-101, id: 0.08558070645241611-102, id: 0.08558070645241611-103, id: 0.08558070645241611-104, id: 0.08558070645241611-105, id: 0.08558070645241611-106, id: 0.08558070645241611-107, id: 0.08558070645241611-108, id: 0.08558070645241611-109, id: 0.08558070645241611-110, id: 0.08558070645241611-111, id: 0.08558070645241611-112, id: 0.08558070645241611-113, id: 0.08558070645241611-114, id: 0.08558070645241611-115, id: 0.08558070645241611-116, id: 0.08558070645241611-117, id: 0.08558070645241611-118, id: 0.08558070645241611-119, id: 0.08558070645241611-120, id: 0.08558070645241611-121, id: 0.08558070645241611-122, id: 0.08558070645241611-123, id: 0.08558070645241611-124, id: 0.08558070645241611-125, id: 0.08558070645241611-126, id: 0.08558070645241611-127, id: 0.08558070645241611-128, id: 0.08558070645241611-129, id: 0.08558070645241611-130, id: 0.08558070645241611-131, id: 0.08558070645241611-132, id: 0.08558070645241611-133, id: 0.08558070645241611-134, id: 0.08558070645241611-135, id: 0.08558070645241611-136, id: 0.08558070645241611-137, id: 0.08558070645241611-138, id: 0.08558070645241611-139, id: 0.08558070645241611-140, id: 0.08558070645241611-141, id: 0.08558070645241611-142, id: 0.08558070645241611-143, id: 0.08558070645241611-144, id: 0.08558070645241611-145, id: 0.08558070645241611-146, id: 0.08558070645241611-147, id: 0.08558070645241611-148, id: 0.08558070645241611-149, id: 0.08558070645241611-150, id: 0.08558070645241611-151, id: 0.08558070645241611-152, id: 0.08558070645241611-153, id: 0.08558070645241611-154, id: 0.08558070645241611-155, id: 0.08558070645241611-156, id: 0.08558070645241611-157, id: 0.08558070645241611-158, id: 0.08558070645241611-159, id: 0.08558070645241611-160, id: 0.08558070645241611-161, id: 0.08558070645241611-162, id: 0.08558070645241611-163, id: 0.08558070645241611-164, id: 0.08558070645241611-165, id: 0.08558070645241611-166, id: 0.08558070645241611-167, id: 0.08558070645241611-168, id: 0.08558070645241611-169, id: 0.08558070645241611-170, id: 0.08558070645241611-171, id: 0.08558070645241611-172, id: 0.08558070645241611-173, id: 0.08558070645241611-174, id: 0.08558070645241611-175, id: 0.08558070645241611-176, id: 0.08558070645241611-177, id: 0.08558070645241611-178, id: 0.08558070645241611-179, id: 0.08558070645241611-180, id: 0.08558070645241611-181, id: 0.08558070645241611-182, id: 0.08558070645241611-183, id: 0.08558070645241611-184, id: 0.08558070645241611-185, id: 0.08558070645241611-186, id: 0.08558070645241611-187, id: 0.08558070645241611-188, id: 0.08558070645241611-189, id: 0.08558070645241611-190, id: 0.08558070645241611-191, id: 0.08558070645241611-192]
[WebDriverCommandLogger] - Executing findElements parameters: {&quot;using&quot;:&quot;xpath&quot;,&quot;value&quot;:&quot;//div[@id=&apos;c_articlelist_stories_2&apos;]/ul[1]/li/span[2]/span[2]&quot;}
[WebDriverCommandLogger] - command: findElements[ param-1: {value=//div[@id=&apos;c_articlelist_stories_2&apos;]/ul[1]/li/span[2]/span[2], using=xpath}] Result: [id: 0.08558070645241611-97, id: 0.08558070645241611-98, id: 0.08558070645241611-99, id: 0.08558070645241611-100, id: 0.08558070645241611-101, id: 0.08558070645241611-102, id: 0.08558070645241611-103, id: 0.08558070645241611-104, id: 0.08558070645241611-105, id: 0.08558070645241611-106, id: 0.08558070645241611-107, id: 0.08558070645241611-108, id: 0.08558070645241611-109, id: 0.08558070645241611-110, id: 0.08558070645241611-111, id: 0.08558070645241611-112, id: 0.08558070645241611-113, id: 0.08558070645241611-114, id: 0.08558070645241611-115, id: 0.08558070645241611-116, id: 0.08558070645241611-117, id: 0.08558070645241611-118, id: 0.08558070645241611-119, id: 0.08558070645241611-120, id: 0.08558070645241611-121, id: 0.08558070645241611-122, id: 0.08558070645241611-123, id: 0.08558070645241611-124, id: 0.08558070645241611-125, id: 0.08558070645241611-126, id: 0.08558070645241611-127, id: 0.08558070645241611-128, id: 0.08558070645241611-129, id: 0.08558070645241611-130, id: 0.08558070645241611-131, id: 0.08558070645241611-132, id: 0.08558070645241611-133, id: 0.08558070645241611-134, id: 0.08558070645241611-135, id: 0.08558070645241611-136, id: 0.08558070645241611-137, id: 0.08558070645241611-138, id: 0.08558070645241611-139, id: 0.08558070645241611-140, id: 0.08558070645241611-141, id: 0.08558070645241611-142, id: 0.08558070645241611-143, id: 0.08558070645241611-144, id: 0.08558070645241611-145, id: 0.08558070645241611-146, id: 0.08558070645241611-147, id: 0.08558070645241611-148, id: 0.08558070645241611-149, id: 0.08558070645241611-150, id: 0.08558070645241611-151, id: 0.08558070645241611-152, id: 0.08558070645241611-153, id: 0.08558070645241611-154, id: 0.08558070645241611-155, id: 0.08558070645241611-156, id: 0.08558070645241611-157, id: 0.08558070645241611-158, id: 0.08558070645241611-159, id: 0.08558070645241611-160, id: 0.08558070645241611-161, id: 0.08558070645241611-162, id: 0.08558070645241611-163, id: 0.08558070645241611-164, id: 0.08558070645241611-165, id: 0.08558070645241611-166, id: 0.08558070645241611-167, id: 0.08558070645241611-168, id: 0.08558070645241611-169, id: 0.08558070645241611-170, id: 0.08558070645241611-171, id: 0.08558070645241611-172, id: 0.08558070645241611-173, id: 0.08558070645241611-174, id: 0.08558070645241611-175, id: 0.08558070645241611-176, id: 0.08558070645241611-177, id: 0.08558070645241611-178, id: 0.08558070645241611-179, id: 0.08558070645241611-180, id: 0.08558070645241611-181, id: 0.08558070645241611-182, id: 0.08558070645241611-183, id: 0.08558070645241611-184, id: 0.08558070645241611-185, id: 0.08558070645241611-186, id: 0.08558070645241611-187, id: 0.08558070645241611-188, id: 0.08558070645241611-189, id: 0.08558070645241611-190, id: 0.08558070645241611-191, id: 0.08558070645241611-192]
[WebDriverCommandLogger] - Executing getElementText element: By.xpath: //div[@id=&apos;c_articlelist_stories_2&apos;]/ul[1]/li/span[2]/span[2] parameters: {&quot;id&quot;:&quot;0.08558070645241611-192&quot;}
[WebDriverCommandLogger] - command: getElementText[ param-1: By.xpath: //div[@id=&apos;c_articlelist_stories_2&apos;]/ul[1]/li/span[2]/span[2] param-2: {&quot;id&quot;:&quot;0.08558070645241611-192&quot;}] Result: getElementText:3 DAYS AGO
[WebDriverCommandLogger] - Executing findElements parameters: {&quot;using&quot;:&quot;xpath&quot;,&quot;value&quot;:&quot;//div[@id=&apos;c_articlelist_stories_2&apos;]/ul[1]/li/span[2]/span[2]&quot;}
[WebDriverCommandLogger] - command: findElements[ param-1: {value=//div[@id=&apos;c_articlelist_stories_2&apos;]/ul[1]/li/span[2]/span[2], using=xpath}] Result: [id: 0.08558070645241611-97, id: 0.08558070645241611-98, id: 0.08558070645241611-99, id: 0.08558070645241611-100, id: 0.08558070645241611-101, id: 0.08558070645241611-102, id: 0.08558070645241611-103, id: 0.08558070645241611-104, id: 0.08558070645241611-105, id: 0.08558070645241611-106, id: 0.08558070645241611-107, id: 0.08558070645241611-108, id: 0.08558070645241611-109, id: 0.08558070645241611-110, id: 0.08558070645241611-111, id: 0.08558070645241611-112, id: 0.08558070645241611-113, id: 0.08558070645241611-114, id: 0.08558070645241611-115, id: 0.08558070645241611-116, id: 0.08558070645241611-117, id: 0.08558070645241611-118, id: 0.08558070645241611-119, id: 0.08558070645241611-120, id: 0.08558070645241611-121, id: 0.08558070645241611-122, id: 0.08558070645241611-123, id: 0.08558070645241611-124, id: 0.08558070645241611-125, id: 0.08558070645241611-126, id: 0.08558070645241611-127, id: 0.08558070645241611-128, id: 0.08558070645241611-129, id: 0.08558070645241611-130, id: 0.08558070645241611-131, id: 0.08558070645241611-132, id: 0.08558070645241611-133, id: 0.08558070645241611-134, id: 0.08558070645241611-135, id: 0.08558070645241611-136, id: 0.08558070645241611-137, id: 0.08558070645241611-138, id: 0.08558070645241611-139, id: 0.08558070645241611-140, id: 0.08558070645241611-141, id: 0.08558070645241611-142, id: 0.08558070645241611-143, id: 0.08558070645241611-144, id: 0.08558070645241611-145, id: 0.08558070645241611-146, id: 0.08558070645241611-147, id: 0.08558070645241611-148, id: 0.08558070645241611-149, id: 0.08558070645241611-150, id: 0.08558070645241611-151, id: 0.08558070645241611-152, id: 0.08558070645241611-153, id: 0.08558070645241611-154, id: 0.08558070645241611-155, id: 0.08558070645241611-156, id: 0.08558070645241611-157, id: 0.08558070645241611-158, id: 0.08558070645241611-159, id: 0.08558070645241611-160, id: 0.08558070645241611-161, id: 0.08558070645241611-162, id: 0.08558070645241611-163, id: 0.08558070645241611-164, id: 0.08558070645241611-165, id: 0.08558070645241611-166, id: 0.08558070645241611-167, id: 0.08558070645241611-168, id: 0.08558070645241611-169, id: 0.08558070645241611-170, id: 0.08558070645241611-171, id: 0.08558070645241611-172, id: 0.08558070645241611-173, id: 0.08558070645241611-174, id: 0.08558070645241611-175, id: 0.08558070645241611-176, id: 0.08558070645241611-177, id: 0.08558070645241611-178, id: 0.08558070645241611-179, id: 0.08558070645241611-180, id: 0.08558070645241611-181, id: 0.08558070645241611-182, id: 0.08558070645241611-183, id: 0.08558070645241611-184, id: 0.08558070645241611-185, id: 0.08558070645241611-186, id: 0.08558070645241611-187, id: 0.08558070645241611-188, id: 0.08558070645241611-189, id: 0.08558070645241611-190, id: 0.08558070645241611-191, id: 0.08558070645241611-192]
[WebDriverCommandLogger] - Executing getElementText element: By.xpath: //div[@id=&apos;c_articlelist_stories_2&apos;]/ul[1]/li/span[2]/span[2] parameters: {&quot;id&quot;:&quot;0.08558070645241611-192&quot;}
[WebDriverCommandLogger] - command: getElementText[ param-1: By.xpath: //div[@id=&apos;c_articlelist_stories_2&apos;]/ul[1]/li/span[2]/span[2] param-2: {&quot;id&quot;:&quot;0.08558070645241611-192&quot;}] Result: getElementText:3 DAYS AGO
[WebDriverCommandLogger] - Executing findElements parameters: {&quot;using&quot;:&quot;xpath&quot;,&quot;value&quot;:&quot;//div[@id=&apos;c_articlelist_stories_2&apos;]/ul[1]/li/span[2]/span[2]&quot;}
[WebDriverCommandLogger] - command: findElements[ param-1: {value=//div[@id=&apos;c_articlelist_stories_2&apos;]/ul[1]/li/span[2]/span[2], using=xpath}] Result: [id: 0.08558070645241611-97, id: 0.08558070645241611-98, id: 0.08558070645241611-99, id: 0.08558070645241611-100, id: 0.08558070645241611-101, id: 0.08558070645241611-102, id: 0.08558070645241611-103, id: 0.08558070645241611-104, id: 0.08558070645241611-105, id: 0.08558070645241611-106, id: 0.08558070645241611-107, id: 0.08558070645241611-108, id: 0.08558070645241611-109, id: 0.08558070645241611-110, id: 0.08558070645241611-111, id: 0.08558070645241611-112, id: 0.08558070645241611-113, id: 0.08558070645241611-114, id: 0.08558070645241611-115, id: 0.08558070645241611-116, id: 0.08558070645241611-117, id: 0.08558070645241611-118, id: 0.08558070645241611-119, id: 0.08558070645241611-120, id: 0.08558070645241611-121, id: 0.08558070645241611-122, id: 0.08558070645241611-123, id: 0.08558070645241611-124, id: 0.08558070645241611-125, id: 0.08558070645241611-126, id: 0.08558070645241611-127, id: 0.08558070645241611-128, id: 0.08558070645241611-129, id: 0.08558070645241611-130, id: 0.08558070645241611-131, id: 0.08558070645241611-132, id: 0.08558070645241611-133, id: 0.08558070645241611-134, id: 0.08558070645241611-135, id: 0.08558070645241611-136, id: 0.08558070645241611-137, id: 0.08558070645241611-138, id: 0.08558070645241611-139, id: 0.08558070645241611-140, id: 0.08558070645241611-141, id: 0.08558070645241611-142, id: 0.08558070645241611-143, id: 0.08558070645241611-144, id: 0.08558070645241611-145, id: 0.08558070645241611-146, id: 0.08558070645241611-147, id: 0.08558070645241611-148, id: 0.08558070645241611-149, id: 0.08558070645241611-150, id: 0.08558070645241611-151, id: 0.08558070645241611-152, id: 0.08558070645241611-153, id: 0.08558070645241611-154, id: 0.08558070645241611-155, id: 0.08558070645241611-156, id: 0.08558070645241611-157, id: 0.08558070645241611-158, id: 0.08558070645241611-159, id: 0.08558070645241611-160, id: 0.08558070645241611-161, id: 0.08558070645241611-162, id: 0.08558070645241611-163, id: 0.08558070645241611-164, id: 0.08558070645241611-165, id: 0.08558070645241611-166, id: 0.08558070645241611-167, id: 0.08558070645241611-168, id: 0.08558070645241611-169, id: 0.08558070645241611-170, id: 0.08558070645241611-171, id: 0.08558070645241611-172, id: 0.08558070645241611-173, id: 0.08558070645241611-174, id: 0.08558070645241611-175, id: 0.08558070645241611-176, id: 0.08558070645241611-177, id: 0.08558070645241611-178, id: 0.08558070645241611-179, id: 0.08558070645241611-180, id: 0.08558070645241611-181, id: 0.08558070645241611-182, id: 0.08558070645241611-183, id: 0.08558070645241611-184, id: 0.08558070645241611-185, id: 0.08558070645241611-186, id: 0.08558070645241611-187, id: 0.08558070645241611-188, id: 0.08558070645241611-189, id: 0.08558070645241611-190, id: 0.08558070645241611-191, id: 0.08558070645241611-192]
[WebDriverCommandLogger] - Executing findElements parameters: {&quot;using&quot;:&quot;xpath&quot;,&quot;value&quot;:&quot;//*[@id=&apos;c_wdt_mp_1&apos;]/div/ul/li&quot;}
[WebDriverCommandLogger] - command: findElements[ param-1: {value=//*[@id=&apos;c_wdt_mp_1&apos;]/div/ul/li, using=xpath}] Result: [id: 0.08558070645241611-193, id: 0.08558070645241611-194, id: 0.08558070645241611-195]
[WebDriverCommandLogger] - Executing findElements parameters: {&quot;using&quot;:&quot;xpath&quot;,&quot;value&quot;:&quot;//*[@id=&apos;c_wdt_mp_1&apos;]/div/ul/li&quot;}
[WebDriverCommandLogger] - command: findElements[ param-1: {value=//*[@id=&apos;c_wdt_mp_1&apos;]/div/ul/li, using=xpath}] Result: [id: 0.08558070645241611-193, id: 0.08558070645241611-194, id: 0.08558070645241611-195]
[WebDriverCommandLogger] - Executing getElementAttribute element: By.xpath: //*[@id=&apos;c_wdt_mp_1&apos;]/div/ul/li parameters: {&quot;name&quot;:&quot;class&quot;,&quot;id&quot;:&quot;0.08558070645241611-193&quot;}
[WebDriverCommandLogger] - command: getElementAttribute[ param-1: By.xpath: //*[@id=&apos;c_wdt_mp_1&apos;]/div/ul/li param-2: {&quot;name&quot;:&quot;class&quot;,&quot;id&quot;:&quot;0.08558070645241611-193&quot;}] Result: getElementAttribute:active
[WebDriverCommandLogger] - Executing findElements parameters: {&quot;using&quot;:&quot;xpath&quot;,&quot;value&quot;:&quot;//*[@id=&apos;c_wdt_mp_1&apos;]/div/ul/li&quot;}
[WebDriverCommandLogger] - command: findElements[ param-1: {value=//*[@id=&apos;c_wdt_mp_1&apos;]/div/ul/li, using=xpath}] Result: [id: 0.08558070645241611-193, id: 0.08558070645241611-194, id: 0.08558070645241611-195]
[WebDriverCommandLogger] - Executing getElementText element: By.xpath: //*[@id=&apos;c_wdt_mp_1&apos;]/div/ul/li parameters: {&quot;id&quot;:&quot;0.08558070645241611-193&quot;}
[WebDriverCommandLogger] - command: getElementText[ param-1: By.xpath: //*[@id=&apos;c_wdt_mp_1&apos;]/div/ul/li param-2: {&quot;id&quot;:&quot;0.08558070645241611-193&quot;}] Result: getElementText:READ
verifying By Default selected section
Expected: a string containing &quot;READ&quot;
     Actual: was &quot;READ&quot;
[WebDriverCommandLogger] - Executing screenshot parameters: {}
[QAFTestBase] - Capturing screen shottoiVerificationOfCityOption_nvdsa6n2pn1054360.png
[WebDriverCommandLogger] - Executing findElements parameters: {&quot;using&quot;:&quot;xpath&quot;,&quot;value&quot;:&quot;//*[@id=&apos;c_wdt_mp_1&apos;]/div/ul/li&quot;}
[WebDriverCommandLogger] - command: findElements[ param-1: {value=//*[@id=&apos;c_wdt_mp_1&apos;]/div/ul/li, using=xpath}] Result: [id: 0.08558070645241611-193, id: 0.08558070645241611-194, id: 0.08558070645241611-195]
[WebDriverCommandLogger] - Executing findElements parameters: {&quot;using&quot;:&quot;xpath&quot;,&quot;value&quot;:&quot;//*[@id=&apos;c_wdt_mp_1&apos;]/div/ul/li&quot;}
[WebDriverCommandLogger] - command: findElements[ param-1: {value=//*[@id=&apos;c_wdt_mp_1&apos;]/div/ul/li, using=xpath}] Result: [id: 0.08558070645241611-193, id: 0.08558070645241611-194, id: 0.08558070645241611-195]
[WebDriverCommandLogger] - Executing getElementAttribute element: By.xpath: //*[@id=&apos;c_wdt_mp_1&apos;]/div/ul/li parameters: {&quot;name&quot;:&quot;class&quot;,&quot;id&quot;:&quot;0.08558070645241611-194&quot;}
[WebDriverCommandLogger] - command: getElementAttribute[ param-1: By.xpath: //*[@id=&apos;c_wdt_mp_1&apos;]/div/ul/li param-2: {&quot;name&quot;:&quot;class&quot;,&quot;id&quot;:&quot;0.08558070645241611-194&quot;}] Result: getElementAttribute:
[WebDriverCommandLogger] - Executing findElements parameters: {&quot;using&quot;:&quot;xpath&quot;,&quot;value&quot;:&quot;//*[@id=&apos;c_wdt_mp_1&apos;]/div/ul/li&quot;}
[WebDriverCommandLogger] - command: findElements[ param-1: {value=//*[@id=&apos;c_wdt_mp_1&apos;]/div/ul/li, using=xpath}] Result: [id: 0.08558070645241611-193, id: 0.08558070645241611-194, id: 0.08558070645241611-195]
[WebDriverCommandLogger] - Executing findElements parameters: {&quot;using&quot;:&quot;xpath&quot;,&quot;value&quot;:&quot;//*[@id=&apos;c_wdt_mp_1&apos;]/div/ul/li&quot;}
[WebDriverCommandLogger] - command: findElements[ param-1: {value=//*[@id=&apos;c_wdt_mp_1&apos;]/div/ul/li, using=xpath}] Result: [id: 0.08558070645241611-193, id: 0.08558070645241611-194, id: 0.08558070645241611-195]
[WebDriverCommandLogger] - Executing getElementAttribute element: By.xpath: //*[@id=&apos;c_wdt_mp_1&apos;]/div/ul/li parameters: {&quot;name&quot;:&quot;class&quot;,&quot;id&quot;:&quot;0.08558070645241611-195&quot;}
[WebDriverCommandLogger] - command: getElementAttribute[ param-1: By.xpath: //*[@id=&apos;c_wdt_mp_1&apos;]/div/ul/li param-2: {&quot;name&quot;:&quot;class&quot;,&quot;id&quot;:&quot;0.08558070645241611-195&quot;}] Result: getElementAttribute:
[WebDriverCommandLogger] - Executing findElements parameters: {&quot;using&quot;:&quot;xpath&quot;,&quot;value&quot;:&quot;//*[@id=&apos;c_wdt_mp_1&apos;]/div/ul/li&quot;}
[WebDriverCommandLogger] - command: findElements[ param-1: {value=//*[@id=&apos;c_wdt_mp_1&apos;]/div/ul/li, using=xpath}] Result: [id: 0.08558070645241611-193, id: 0.08558070645241611-194, id: 0.08558070645241611-195]
[WebDriverCommandLogger] - Executing findElements parameters: {&quot;using&quot;:&quot;xpath&quot;,&quot;value&quot;:&quot;//*[@id=&apos;c_wdt_mp_1&apos;]//ul[@class=&apos;inner-tabs&apos;]/li&quot;}
[WebDriverCommandLogger] - command: findElements[ param-1: {value=//*[@id=&apos;c_wdt_mp_1&apos;]//ul[@class=&apos;inner-tabs&apos;]/li, using=xpath}] Result: [id: 0.08558070645241611-196, id: 0.08558070645241611-197]
[WebDriverCommandLogger] - Executing findElements parameters: {&quot;using&quot;:&quot;xpath&quot;,&quot;value&quot;:&quot;//*[@id=&apos;c_wdt_mp_1&apos;]//ul[@class=&apos;inner-tabs&apos;]/li&quot;}
[WebDriverCommandLogger] - command: findElements[ param-1: {value=//*[@id=&apos;c_wdt_mp_1&apos;]//ul[@class=&apos;inner-tabs&apos;]/li, using=xpath}] Result: [id: 0.08558070645241611-196, id: 0.08558070645241611-197]
[WebDriverCommandLogger] - Executing getElementAttribute element: By.xpath: //*[@id=&apos;c_wdt_mp_1&apos;]//ul[@class=&apos;inner-tabs&apos;]/li parameters: {&quot;name&quot;:&quot;class&quot;,&quot;id&quot;:&quot;0.08558070645241611-196&quot;}
[WebDriverCommandLogger] - command: getElementAttribute[ param-1: By.xpath: //*[@id=&apos;c_wdt_mp_1&apos;]//ul[@class=&apos;inner-tabs&apos;]/li param-2: {&quot;name&quot;:&quot;class&quot;,&quot;id&quot;:&quot;0.08558070645241611-196&quot;}] Result: getElementAttribute:active
[WebDriverCommandLogger] - Executing findElements parameters: {&quot;using&quot;:&quot;xpath&quot;,&quot;value&quot;:&quot;//*[@id=&apos;c_wdt_mp_1&apos;]//ul[@class=&apos;inner-tabs&apos;]/li&quot;}
[WebDriverCommandLogger] - command: findElements[ param-1: {value=//*[@id=&apos;c_wdt_mp_1&apos;]//ul[@class=&apos;inner-tabs&apos;]/li, using=xpath}] Result: [id: 0.08558070645241611-196, id: 0.08558070645241611-197]
[WebDriverCommandLogger] - Executing getElementText element: By.xpath: //*[@id=&apos;c_wdt_mp_1&apos;]//ul[@class=&apos;inner-tabs&apos;]/li parameters: {&quot;id&quot;:&quot;0.08558070645241611-196&quot;}
[WebDriverCommandLogger] - command: getElementText[ param-1: By.xpath: //*[@id=&apos;c_wdt_mp_1&apos;]//ul[@class=&apos;inner-tabs&apos;]/li param-2: {&quot;id&quot;:&quot;0.08558070645241611-196&quot;}] Result: getElementText:IN THIS SECTION
verifying By Default selected section
Expected: a string containing &quot;IN THIS SECTION&quot;
     Actual: was &quot;IN THIS SECTION&quot;
[WebDriverCommandLogger] - Executing screenshot parameters: {}
[QAFTestBase] - Capturing screen shottoiVerificationOfCityOption_16wnxe4zk5hgx54361.png
[WebDriverCommandLogger] - Executing findElements parameters: {&quot;using&quot;:&quot;xpath&quot;,&quot;value&quot;:&quot;//*[@id=&apos;c_wdt_mp_1&apos;]//ul[@class=&apos;inner-tabs&apos;]/li&quot;}
[WebDriverCommandLogger] - command: findElements[ param-1: {value=//*[@id=&apos;c_wdt_mp_1&apos;]//ul[@class=&apos;inner-tabs&apos;]/li, using=xpath}] Result: [id: 0.08558070645241611-196, id: 0.08558070645241611-197]
[WebDriverCommandLogger] - Executing findElements parameters: {&quot;using&quot;:&quot;xpath&quot;,&quot;value&quot;:&quot;//*[@id=&apos;c_wdt_mp_1&apos;]//ul[@class=&apos;inner-tabs&apos;]/li&quot;}
[WebDriverCommandLogger] - command: findElements[ param-1: {value=//*[@id=&apos;c_wdt_mp_1&apos;]//ul[@class=&apos;inner-tabs&apos;]/li, using=xpath}] Result: [id: 0.08558070645241611-196, id: 0.08558070645241611-197]
[WebDriverCommandLogger] - Executing getElementAttribute element: By.xpath: //*[@id=&apos;c_wdt_mp_1&apos;]//ul[@class=&apos;inner-tabs&apos;]/li parameters: {&quot;name&quot;:&quot;class&quot;,&quot;id&quot;:&quot;0.08558070645241611-197&quot;}
[WebDriverCommandLogger] - command: getElementAttribute[ param-1: By.xpath: //*[@id=&apos;c_wdt_mp_1&apos;]//ul[@class=&apos;inner-tabs&apos;]/li param-2: {&quot;name&quot;:&quot;class&quot;,&quot;id&quot;:&quot;0.08558070645241611-197&quot;}] Result: getElementAttribute:
[WebDriverCommandLogger] - Executing findElements parameters: {&quot;using&quot;:&quot;xpath&quot;,&quot;value&quot;:&quot;//*[@id=&apos;c_wdt_mp_1&apos;]//ul[@class=&apos;inner-tabs&apos;]/li&quot;}
[WebDriverCommandLogger] - command: findElements[ param-1: {value=//*[@id=&apos;c_wdt_mp_1&apos;]//ul[@class=&apos;inner-tabs&apos;]/li, using=xpath}] Result: [id: 0.08558070645241611-196, id: 0.08558070645241611-197]
[WebDriverCommandLogger] - Executing findElements parameters: {&quot;using&quot;:&quot;xpath&quot;,&quot;value&quot;:&quot;//*[@id=&apos;c_wdt_mp_1&apos;]//div[@class=&apos;tab-content&apos;]/ul/li&quot;}
[WebDriverCommandLogger] - command: findElements[ param-1: {value=//*[@id=&apos;c_wdt_mp_1&apos;]//div[@class=&apos;tab-content&apos;]/ul/li, using=xpath}] Result: [id: 0.08558070645241611-198, id: 0.08558070645241611-199, id: 0.08558070645241611-200, id: 0.08558070645241611-201]
[WebDriverCommandLogger] - Executing getElementText element: By.xpath: //*[@id=&apos;c_wdt_mp_1&apos;]//div[@class=&apos;tab-content&apos;]/ul/li parameters: {&quot;id&quot;:&quot;0.08558070645241611-198&quot;}
[WebDriverCommandLogger] - command: getElementText[ param-1: By.xpath: //*[@id=&apos;c_wdt_mp_1&apos;]//div[@class=&apos;tab-content&apos;]/ul/li param-2: {&quot;id&quot;:&quot;0.08558070645241611-198&quot;}] Result: getElementText:Pune: Female Infosys employee found dead inside Hinjewadi office
[WebDriverCommandLogger] - Executing getElementText element: By.xpath: //*[@id=&apos;c_wdt_mp_1&apos;]//div[@class=&apos;tab-content&apos;]/ul/li parameters: {&quot;id&quot;:&quot;0.08558070645241611-199&quot;}
[WebDriverCommandLogger] - command: getElementText[ param-1: By.xpath: //*[@id=&apos;c_wdt_mp_1&apos;]//div[@class=&apos;tab-content&apos;]/ul/li param-2: {&quot;id&quot;:&quot;0.08558070645241611-199&quot;}] Result: getElementText:TCS techie clicks selfie, hangs self in IT Park home
[WebDriverCommandLogger] - Executing getElementText element: By.xpath: //*[@id=&apos;c_wdt_mp_1&apos;]//div[@class=&apos;tab-content&apos;]/ul/li parameters: {&quot;id&quot;:&quot;0.08558070645241611-200&quot;}
[WebDriverCommandLogger] - command: getElementText[ param-1: By.xpath: //*[@id=&apos;c_wdt_mp_1&apos;]//div[@class=&apos;tab-content&apos;]/ul/li param-2: {&quot;id&quot;:&quot;0.08558070645241611-200&quot;}] Result: getElementText:Guard killed Infosys techie after she scolded him for staring at her
[WebDriverCommandLogger] - Executing getElementText element: By.xpath: //*[@id=&apos;c_wdt_mp_1&apos;]//div[@class=&apos;tab-content&apos;]/ul/li parameters: {&quot;id&quot;:&quot;0.08558070645241611-201&quot;}
[WebDriverCommandLogger] - command: getElementText[ param-1: By.xpath: //*[@id=&apos;c_wdt_mp_1&apos;]//div[@class=&apos;tab-content&apos;]/ul/li param-2: {&quot;id&quot;:&quot;0.08558070645241611-201&quot;}] Result: getElementText:Techie kills wife for sharing personal details, ends life
[WebDriverCommandLogger] - Executing findElements parameters: {&quot;using&quot;:&quot;xpath&quot;,&quot;value&quot;:&quot;//*[@id=&apos;c_wdt_mp_1&apos;]/div/ul/li&quot;}
[WebDriverCommandLogger] - command: findElements[ param-1: {value=//*[@id=&apos;c_wdt_mp_1&apos;]/div/ul/li, using=xpath}] Result: [id: 0.08558070645241611-193, id: 0.08558070645241611-194, id: 0.08558070645241611-195]
[WebDriverCommandLogger] - Executing findElements parameters: {&quot;using&quot;:&quot;xpath&quot;,&quot;value&quot;:&quot;//*[@id=&apos;c_wdt_mp_1&apos;]/div/ul/li&quot;}
[WebDriverCommandLogger] - command: findElements[ param-1: {value=//*[@id=&apos;c_wdt_mp_1&apos;]/div/ul/li, using=xpath}] Result: [id: 0.08558070645241611-193, id: 0.08558070645241611-194, id: 0.08558070645241611-195]
[WebDriverCommandLogger] - Executing getElementText element: By.xpath: //*[@id=&apos;c_wdt_mp_1&apos;]/div/ul/li parameters: {&quot;id&quot;:&quot;0.08558070645241611-193&quot;}
[WebDriverCommandLogger] - command: getElementText[ param-1: By.xpath: //*[@id=&apos;c_wdt_mp_1&apos;]/div/ul/li param-2: {&quot;id&quot;:&quot;0.08558070645241611-193&quot;}] Result: getElementText:READ
[WebDriverCommandLogger] - Executing findElements parameters: {&quot;using&quot;:&quot;xpath&quot;,&quot;value&quot;:&quot;//*[@id=&apos;c_wdt_mp_1&apos;]/div/ul/li&quot;}
[WebDriverCommandLogger] - command: findElements[ param-1: {value=//*[@id=&apos;c_wdt_mp_1&apos;]/div/ul/li, using=xpath}] Result: [id: 0.08558070645241611-193, id: 0.08558070645241611-194, id: 0.08558070645241611-195]
[WebDriverCommandLogger] - Executing findElements parameters: {&quot;using&quot;:&quot;xpath&quot;,&quot;value&quot;:&quot;//*[@id=&apos;c_wdt_mp_1&apos;]/div/ul/li&quot;}
[WebDriverCommandLogger] - command: findElements[ param-1: {value=//*[@id=&apos;c_wdt_mp_1&apos;]/div/ul/li, using=xpath}] Result: [id: 0.08558070645241611-193, id: 0.08558070645241611-194, id: 0.08558070645241611-195]
[WebDriverCommandLogger] - Executing getElementText element: By.xpath: //*[@id=&apos;c_wdt_mp_1&apos;]/div/ul/li parameters: {&quot;id&quot;:&quot;0.08558070645241611-194&quot;}
[WebDriverCommandLogger] - command: getElementText[ param-1: By.xpath: //*[@id=&apos;c_wdt_mp_1&apos;]/div/ul/li param-2: {&quot;id&quot;:&quot;0.08558070645241611-194&quot;}] Result: getElementText:COMMENTED
[WebDriverCommandLogger] - Executing findElements parameters: {&quot;using&quot;:&quot;xpath&quot;,&quot;value&quot;:&quot;//*[@id=&apos;c_wdt_mp_1&apos;]/div/ul/li&quot;}
[WebDriverCommandLogger] - command: findElements[ param-1: {value=//*[@id=&apos;c_wdt_mp_1&apos;]/div/ul/li, using=xpath}] Result: [id: 0.08558070645241611-193, id: 0.08558070645241611-194, id: 0.08558070645241611-195]
[WebDriverCommandLogger] - Executing executeScript parameters: {&quot;args&quot;:[{&quot;element-6066-11e4-a52e-4f735466cecf&quot;:&quot;0.08558070645241611-194&quot;,&quot;ELEMENT&quot;:&quot;0.08558070645241611-194&quot;}],&quot;script&quot;:&quot;arguments[0].click();&quot;}
[WebDriverCommandLogger] - Executing findElements parameters: {&quot;using&quot;:&quot;xpath&quot;,&quot;value&quot;:&quot;//*[@id=&apos;c_wdt_mp_1&apos;]/div/ul/li&quot;}
[WebDriverCommandLogger] - command: findElements[ param-1: {value=//*[@id=&apos;c_wdt_mp_1&apos;]/div/ul/li, using=xpath}] Result: [id: 0.08558070645241611-193, id: 0.08558070645241611-194, id: 0.08558070645241611-195]
[WebDriverCommandLogger] - Executing findElements parameters: {&quot;using&quot;:&quot;xpath&quot;,&quot;value&quot;:&quot;//*[@id=&apos;c_wdt_mp_1&apos;]/div/ul/li&quot;}
[WebDriverCommandLogger] - command: findElements[ param-1: {value=//*[@id=&apos;c_wdt_mp_1&apos;]/div/ul/li, using=xpath}] Result: [id: 0.08558070645241611-193, id: 0.08558070645241611-194, id: 0.08558070645241611-195]
[WebDriverCommandLogger] - Executing getElementText element: By.xpath: //*[@id=&apos;c_wdt_mp_1&apos;]/div/ul/li parameters: {&quot;id&quot;:&quot;0.08558070645241611-195&quot;}
[WebDriverCommandLogger] - command: getElementText[ param-1: By.xpath: //*[@id=&apos;c_wdt_mp_1&apos;]/div/ul/li param-2: {&quot;id&quot;:&quot;0.08558070645241611-195&quot;}] Result: getElementText:SHARED
[WebDriverCommandLogger] - Executing findElements parameters: {&quot;using&quot;:&quot;xpath&quot;,&quot;value&quot;:&quot;//*[@id=&apos;c_wdt_mp_1&apos;]/div/ul/li&quot;}
[WebDriverCommandLogger] - command: findElements[ param-1: {value=//*[@id=&apos;c_wdt_mp_1&apos;]/div/ul/li, using=xpath}] Result: [id: 0.08558070645241611-193, id: 0.08558070645241611-194, id: 0.08558070645241611-195]
[WebDriverCommandLogger] - Executing findElement parameters: {&quot;using&quot;:&quot;xpath&quot;,&quot;value&quot;:&quot;//div[@class=&apos;most-popular-wrapper&apos;]//a[text()=&apos;MORE POPULAR NEWS&apos;]&quot;}
[WebDriverCommandLogger] - command: findElement[ param-1: {value=//div[@class=&apos;most-popular-wrapper&apos;]//a[text()=&apos;MORE POPULAR NEWS&apos;], using=xpath}] Result: id: 0.08558070645241611-202
[WebDriverCommandLogger] - Executing executeScript parameters: {&quot;args&quot;:[{&quot;element-6066-11e4-a52e-4f735466cecf&quot;:&quot;0.08558070645241611-202&quot;,&quot;ELEMENT&quot;:&quot;0.08558070645241611-202&quot;}],&quot;script&quot;:&quot;arguments[0].click();&quot;}
[WebDriverCommandLogger] - Executing getWindowHandles parameters: {}
[WebDriverCommandLogger] - command: getWindowHandles[ param-1: {}] Result: [CDwindow-4ef72586-06fd-4523-8efe-f55e21d92bdf, CDwindow-e5effc19-39c3-478c-9a3d-43c1004bc911]
[WebDriverCommandLogger] - Executing switchToWindow parameters: {&quot;name&quot;:&quot;CDwindow-e5effc19-39c3-478c-9a3d-43c1004bc911&quot;}
[WebDriverCommandLogger] - command: switchToWindow[ param-1: {name=CDwindow-e5effc19-39c3-478c-9a3d-43c1004bc911}] Result: null
[WebDriverCommandLogger] - Executing findElements parameters: {&quot;using&quot;:&quot;xpath&quot;,&quot;value&quot;:&quot;//a[@id=&apos;news-any&apos;]&quot;}
[WebDriverCommandLogger] - command: findElements[ param-1: {value=//a[@id=&apos;news-any&apos;], using=xpath}] Result: [id: 0.48278664458791476-1]
[WebDriverCommandLogger] - Executing getTitle parameters: {}
[WebDriverCommandLogger] - command: getTitle[ param-1: {}] Result: Most Viewed Recent News, Top News Stories - Times of India
verifying Most popular Page Title
Expected: a string containing &quot;Most Commented&quot;
     Actual: was &quot;Most Viewed Recent News, Top News Stories - Times of India&quot;
[WebDriverCommandLogger] - Executing screenshot parameters: {}
[QAFTestBase] - Capturing screen shottoiVerificationOfCityOption_k64pk29o4tg854362.png
[WebDriverCommandLogger] - Executing findElement parameters: {&quot;using&quot;:&quot;xpath&quot;,&quot;value&quot;:&quot;//a[@id=&apos;news-any&apos;]&quot;}
[WebDriverCommandLogger] - command: findElement[ param-1: {value=//a[@id=&apos;news-any&apos;], using=xpath}] Result: id: 0.48278664458791476-1
[WebDriverCommandLogger] - Executing getElementAttribute element: By.xpath: //a[@id=&apos;news-any&apos;] parameters: {&quot;name&quot;:&quot;class&quot;,&quot;id&quot;:&quot;0.48278664458791476-1&quot;}
[WebDriverCommandLogger] - command: getElementAttribute[ param-1: By.xpath: //a[@id=&apos;news-any&apos;] param-2: {&quot;name&quot;:&quot;class&quot;,&quot;id&quot;:&quot;0.48278664458791476-1&quot;}] Result: getElementAttribute:active
[WebDriverCommandLogger] - Executing findElements parameters: {&quot;using&quot;:&quot;xpath&quot;,&quot;value&quot;:&quot;//div[@class=&apos;topicstab-nav clearfix&apos;]/a&quot;}
[WebDriverCommandLogger] - command: findElements[ param-1: {value=//div[@class=&apos;topicstab-nav clearfix&apos;]/a, using=xpath}] Result: [id: 0.48278664458791476-1, id: 0.48278664458791476-2, id: 0.48278664458791476-3, id: 0.48278664458791476-4, id: 0.48278664458791476-5]
[WebDriverCommandLogger] - Executing getElementText element: By.xpath: //div[@class=&apos;topicstab-nav clearfix&apos;]/a parameters: {&quot;id&quot;:&quot;0.48278664458791476-1&quot;}
[WebDriverCommandLogger] - command: getElementText[ param-1: By.xpath: //div[@class=&apos;topicstab-nav clearfix&apos;]/a param-2: {&quot;id&quot;:&quot;0.48278664458791476-1&quot;}] Result: getElementText:ANYTIME
[WebDriverCommandLogger] - Executing getElementText element: By.xpath: //div[@class=&apos;topicstab-nav clearfix&apos;]/a parameters: {&quot;id&quot;:&quot;0.48278664458791476-2&quot;}
[WebDriverCommandLogger] - command: getElementText[ param-1: By.xpath: //div[@class=&apos;topicstab-nav clearfix&apos;]/a param-2: {&quot;id&quot;:&quot;0.48278664458791476-2&quot;}] Result: getElementText:LAST 24 HRS
[WebDriverCommandLogger] - Executing clickElement element: By.xpath: //div[@class=&apos;topicstab-nav clearfix&apos;]/a parameters: {&quot;id&quot;:&quot;0.48278664458791476-2&quot;}
[WebDriverCommandLogger] - command: clickElement[ param-1: By.xpath: //div[@class=&apos;topicstab-nav clearfix&apos;]/a param-2: {&quot;id&quot;:&quot;0.48278664458791476-2&quot;}] Result: clickElement:null
[WebDriverCommandLogger] - Executing findElements parameters: {&quot;using&quot;:&quot;xpath&quot;,&quot;value&quot;:&quot;//*[@id=&apos;itemContainer&apos;]/li/span/strong/a&quot;}
[WebDriverCommandLogger] - command: findElements[ param-1: {value=//*[@id=&apos;itemContainer&apos;]/li/span/strong/a, using=xpath}] Result: [id: 0.4157412941404308-1, id: 0.4157412941404308-2, id: 0.4157412941404308-3, id: 0.4157412941404308-4, id: 0.4157412941404308-5, id: 0.4157412941404308-6, id: 0.4157412941404308-7, id: 0.4157412941404308-8, id: 0.4157412941404308-9, id: 0.4157412941404308-10, id: 0.4157412941404308-11, id: 0.4157412941404308-12, id: 0.4157412941404308-13, id: 0.4157412941404308-14, id: 0.4157412941404308-15, id: 0.4157412941404308-16, id: 0.4157412941404308-17, id: 0.4157412941404308-18, id: 0.4157412941404308-19, id: 0.4157412941404308-20, id: 0.4157412941404308-21, id: 0.4157412941404308-22, id: 0.4157412941404308-23, id: 0.4157412941404308-24, id: 0.4157412941404308-25, id: 0.4157412941404308-26, id: 0.4157412941404308-27, id: 0.4157412941404308-28, id: 0.4157412941404308-29, id: 0.4157412941404308-30]
[WebDriverCommandLogger] - Executing isElementDisplayed element: By.xpath: //*[@id=&apos;itemContainer&apos;]/li/span/strong/a parameters: {&quot;id&quot;:&quot;0.4157412941404308-1&quot;}
[WebDriverCommandLogger] - command: isElementDisplayed[ param-1: By.xpath: //*[@id=&apos;itemContainer&apos;]/li/span/strong/a param-2: {&quot;id&quot;:&quot;0.4157412941404308-1&quot;}] Result: isElementDisplayed:true
[WebDriverCommandLogger] - Executing findElements parameters: {&quot;using&quot;:&quot;xpath&quot;,&quot;value&quot;:&quot;//ul[@id=&apos;itemContainer&apos;]/li/span/div/following-sibling::*&quot;}
[WebDriverCommandLogger] - command: findElements[ param-1: {value=//ul[@id=&apos;itemContainer&apos;]/li/span/div/following-sibling::*, using=xpath}] Result: [id: 0.4157412941404308-31, id: 0.4157412941404308-32, id: 0.4157412941404308-33, id: 0.4157412941404308-34, id: 0.4157412941404308-35, id: 0.4157412941404308-36, id: 0.4157412941404308-37, id: 0.4157412941404308-38, id: 0.4157412941404308-39, id: 0.4157412941404308-40, id: 0.4157412941404308-41, id: 0.4157412941404308-42, id: 0.4157412941404308-43, id: 0.4157412941404308-44, id: 0.4157412941404308-45, id: 0.4157412941404308-46, id: 0.4157412941404308-47, id: 0.4157412941404308-48, id: 0.4157412941404308-49, id: 0.4157412941404308-50, id: 0.4157412941404308-51, id: 0.4157412941404308-52, id: 0.4157412941404308-53, id: 0.4157412941404308-54, id: 0.4157412941404308-55, id: 0.4157412941404308-56, id: 0.4157412941404308-57, id: 0.4157412941404308-58, id: 0.4157412941404308-59, id: 0.4157412941404308-60]
[WebDriverCommandLogger] - Executing findElements parameters: {&quot;using&quot;:&quot;xpath&quot;,&quot;value&quot;:&quot;//*[@id=&apos;itemContainer&apos;]/li/span/strong/a&quot;}
[WebDriverCommandLogger] - command: findElements[ param-1: {value=//*[@id=&apos;itemContainer&apos;]/li/span/strong/a, using=xpath}] Result: [id: 0.4157412941404308-1, id: 0.4157412941404308-2, id: 0.4157412941404308-3, id: 0.4157412941404308-4, id: 0.4157412941404308-5, id: 0.4157412941404308-6, id: 0.4157412941404308-7, id: 0.4157412941404308-8, id: 0.4157412941404308-9, id: 0.4157412941404308-10, id: 0.4157412941404308-11, id: 0.4157412941404308-12, id: 0.4157412941404308-13, id: 0.4157412941404308-14, id: 0.4157412941404308-15, id: 0.4157412941404308-16, id: 0.4157412941404308-17, id: 0.4157412941404308-18, id: 0.4157412941404308-19, id: 0.4157412941404308-20, id: 0.4157412941404308-21, id: 0.4157412941404308-22, id: 0.4157412941404308-23, id: 0.4157412941404308-24, id: 0.4157412941404308-25, id: 0.4157412941404308-26, id: 0.4157412941404308-27, id: 0.4157412941404308-28, id: 0.4157412941404308-29, id: 0.4157412941404308-30]
[WebDriverCommandLogger] - Executing getElementText element: By.xpath: //*[@id=&apos;itemContainer&apos;]/li/span/strong/a parameters: {&quot;id&quot;:&quot;0.4157412941404308-1&quot;}
[WebDriverCommandLogger] - command: getElementText[ param-1: By.xpath: //*[@id=&apos;itemContainer&apos;]/li/span/strong/a param-2: {&quot;id&quot;:&quot;0.4157412941404308-1&quot;}] Result: getElementText:No decision on new Team India coach yet, says BCCI
[WebDriverCommandLogger] - Executing findElements parameters: {&quot;using&quot;:&quot;xpath&quot;,&quot;value&quot;:&quot;//ul[@id=&apos;itemContainer&apos;]/li/span/div/following-sibling::*&quot;}
[WebDriverCommandLogger] - command: findElements[ param-1: {value=//ul[@id=&apos;itemContainer&apos;]/li/span/div/following-sibling::*, using=xpath}] Result: [id: 0.4157412941404308-31, id: 0.4157412941404308-32, id: 0.4157412941404308-33, id: 0.4157412941404308-34, id: 0.4157412941404308-35, id: 0.4157412941404308-36, id: 0.4157412941404308-37, id: 0.4157412941404308-38, id: 0.4157412941404308-39, id: 0.4157412941404308-40, id: 0.4157412941404308-41, id: 0.4157412941404308-42, id: 0.4157412941404308-43, id: 0.4157412941404308-44, id: 0.4157412941404308-45, id: 0.4157412941404308-46, id: 0.4157412941404308-47, id: 0.4157412941404308-48, id: 0.4157412941404308-49, id: 0.4157412941404308-50, id: 0.4157412941404308-51, id: 0.4157412941404308-52, id: 0.4157412941404308-53, id: 0.4157412941404308-54, id: 0.4157412941404308-55, id: 0.4157412941404308-56, id: 0.4157412941404308-57, id: 0.4157412941404308-58, id: 0.4157412941404308-59, id: 0.4157412941404308-60]
[WebDriverCommandLogger] - Executing getElementText element: By.xpath: //ul[@id=&apos;itemContainer&apos;]/li/span/div/following-sibling::* parameters: {&quot;id&quot;:&quot;0.4157412941404308-31&quot;}
[WebDriverCommandLogger] - command: getElementText[ param-1: By.xpath: //ul[@id=&apos;itemContainer&apos;]/li/span/div/following-sibling::* param-2: {&quot;id&quot;:&quot;0.4157412941404308-31&quot;}] Result: getElementText:The BCCI on Tuesday denied reports of Ravi Shastri being named as the head coach of Team India, saying the the Cricket Advisory Committee (CAC) is still deliberating over the decision.
[WebDriverCommandLogger] - Executing findElements parameters: {&quot;using&quot;:&quot;xpath&quot;,&quot;value&quot;:&quot;//*[@id=&apos;itemContainer&apos;]/li/span/strong/a&quot;}
[WebDriverCommandLogger] - command: findElements[ param-1: {value=//*[@id=&apos;itemContainer&apos;]/li/span/strong/a, using=xpath}] Result: [id: 0.4157412941404308-1, id: 0.4157412941404308-2, id: 0.4157412941404308-3, id: 0.4157412941404308-4, id: 0.4157412941404308-5, id: 0.4157412941404308-6, id: 0.4157412941404308-7, id: 0.4157412941404308-8, id: 0.4157412941404308-9, id: 0.4157412941404308-10, id: 0.4157412941404308-11, id: 0.4157412941404308-12, id: 0.4157412941404308-13, id: 0.4157412941404308-14, id: 0.4157412941404308-15, id: 0.4157412941404308-16, id: 0.4157412941404308-17, id: 0.4157412941404308-18, id: 0.4157412941404308-19, id: 0.4157412941404308-20, id: 0.4157412941404308-21, id: 0.4157412941404308-22, id: 0.4157412941404308-23, id: 0.4157412941404308-24, id: 0.4157412941404308-25, id: 0.4157412941404308-26, id: 0.4157412941404308-27, id: 0.4157412941404308-28, id: 0.4157412941404308-29, id: 0.4157412941404308-30]
[WebDriverCommandLogger] - Executing getElementText element: By.xpath: //*[@id=&apos;itemContainer&apos;]/li/span/strong/a parameters: {&quot;id&quot;:&quot;0.4157412941404308-2&quot;}
[WebDriverCommandLogger] - command: getElementText[ param-1: By.xpath: //*[@id=&apos;itemContainer&apos;]/li/span/strong/a param-2: {&quot;id&quot;:&quot;0.4157412941404308-2&quot;}] Result: getElementText:How a Microsoft font may bring down Pakistan&apos;s Nawaz Sharif govt
[WebDriverCommandLogger] - Executing findElements parameters: {&quot;using&quot;:&quot;xpath&quot;,&quot;value&quot;:&quot;//ul[@id=&apos;itemContainer&apos;]/li/span/div/following-sibling::*&quot;}
[WebDriverCommandLogger] - command: findElements[ param-1: {value=//ul[@id=&apos;itemContainer&apos;]/li/span/div/following-sibling::*, using=xpath}] Result: [id: 0.4157412941404308-31, id: 0.4157412941404308-32, id: 0.4157412941404308-33, id: 0.4157412941404308-34, id: 0.4157412941404308-35, id: 0.4157412941404308-36, id: 0.4157412941404308-37, id: 0.4157412941404308-38, id: 0.4157412941404308-39, id: 0.4157412941404308-40, id: 0.4157412941404308-41, id: 0.4157412941404308-42, id: 0.4157412941404308-43, id: 0.4157412941404308-44, id: 0.4157412941404308-45, id: 0.4157412941404308-46, id: 0.4157412941404308-47, id: 0.4157412941404308-48, id: 0.4157412941404308-49, id: 0.4157412941404308-50, id: 0.4157412941404308-51, id: 0.4157412941404308-52, id: 0.4157412941404308-53, id: 0.4157412941404308-54, id: 0.4157412941404308-55, id: 0.4157412941404308-56, id: 0.4157412941404308-57, id: 0.4157412941404308-58, id: 0.4157412941404308-59, id: 0.4157412941404308-60]
[WebDriverCommandLogger] - Executing getElementText element: By.xpath: //ul[@id=&apos;itemContainer&apos;]/li/span/div/following-sibling::* parameters: {&quot;id&quot;:&quot;0.4157412941404308-32&quot;}
[WebDriverCommandLogger] - command: getElementText[ param-1: By.xpath: //ul[@id=&apos;itemContainer&apos;]/li/span/div/following-sibling::* param-2: {&quot;id&quot;:&quot;0.4157412941404308-32&quot;}] Result: getElementText:
[WebDriverCommandLogger] - Executing findElements parameters: {&quot;using&quot;:&quot;xpath&quot;,&quot;value&quot;:&quot;//*[@id=&apos;itemContainer&apos;]/li/span/strong/a&quot;}
[WebDriverCommandLogger] - command: findElements[ param-1: {value=//*[@id=&apos;itemContainer&apos;]/li/span/strong/a, using=xpath}] Result: [id: 0.4157412941404308-1, id: 0.4157412941404308-2, id: 0.4157412941404308-3, id: 0.4157412941404308-4, id: 0.4157412941404308-5, id: 0.4157412941404308-6, id: 0.4157412941404308-7, id: 0.4157412941404308-8, id: 0.4157412941404308-9, id: 0.4157412941404308-10, id: 0.4157412941404308-11, id: 0.4157412941404308-12, id: 0.4157412941404308-13, id: 0.4157412941404308-14, id: 0.4157412941404308-15, id: 0.4157412941404308-16, id: 0.4157412941404308-17, id: 0.4157412941404308-18, id: 0.4157412941404308-19, id: 0.4157412941404308-20, id: 0.4157412941404308-21, id: 0.4157412941404308-22, id: 0.4157412941404308-23, id: 0.4157412941404308-24, id: 0.4157412941404308-25, id: 0.4157412941404308-26, id: 0.4157412941404308-27, id: 0.4157412941404308-28, id: 0.4157412941404308-29, id: 0.4157412941404308-30]
[WebDriverCommandLogger] - Executing getElementText element: By.xpath: //*[@id=&apos;itemContainer&apos;]/li/span/strong/a parameters: {&quot;id&quot;:&quot;0.4157412941404308-3&quot;}
[WebDriverCommandLogger] - command: getElementText[ param-1: By.xpath: //*[@id=&apos;itemContainer&apos;]/li/span/strong/a param-2: {&quot;id&quot;:&quot;0.4157412941404308-3&quot;}] Result: getElementText:Amarnath terror strike: Driver Salim Sheikh ensured the safety of more than 50 pilgrims on attacked bus
[WebDriverCommandLogger] - Executing findElements parameters: {&quot;using&quot;:&quot;xpath&quot;,&quot;value&quot;:&quot;//ul[@id=&apos;itemContainer&apos;]/li/span/div/following-sibling::*&quot;}
[WebDriverCommandLogger] - command: findElements[ param-1: {value=//ul[@id=&apos;itemContainer&apos;]/li/span/div/following-sibling::*, using=xpath}] Result: [id: 0.4157412941404308-31, id: 0.4157412941404308-32, id: 0.4157412941404308-33, id: 0.4157412941404308-34, id: 0.4157412941404308-35, id: 0.4157412941404308-36, id: 0.4157412941404308-37, id: 0.4157412941404308-38, id: 0.4157412941404308-39, id: 0.4157412941404308-40, id: 0.4157412941404308-41, id: 0.4157412941404308-42, id: 0.4157412941404308-43, id: 0.4157412941404308-44, id: 0.4157412941404308-45, id: 0.4157412941404308-46, id: 0.4157412941404308-47, id: 0.4157412941404308-48, id: 0.4157412941404308-49, id: 0.4157412941404308-50, id: 0.4157412941404308-51, id: 0.4157412941404308-52, id: 0.4157412941404308-53, id: 0.4157412941404308-54, id: 0.4157412941404308-55, id: 0.4157412941404308-56, id: 0.4157412941404308-57, id: 0.4157412941404308-58, id: 0.4157412941404308-59, id: 0.4157412941404308-60]
[WebDriverCommandLogger] - Executing getElementText element: By.xpath: //ul[@id=&apos;itemContainer&apos;]/li/span/div/following-sibling::* parameters: {&quot;id&quot;:&quot;0.4157412941404308-33&quot;}
[WebDriverCommandLogger] - command: getElementText[ param-1: By.xpath: //ul[@id=&apos;itemContainer&apos;]/li/span/div/following-sibling::* param-2: {&quot;id&quot;:&quot;0.4157412941404308-33&quot;}] Result: getElementText:
[WebDriverCommandLogger] - Executing findElements parameters: {&quot;using&quot;:&quot;xpath&quot;,&quot;value&quot;:&quot;//*[@id=&apos;itemContainer&apos;]/li/span/strong/a&quot;}
[WebDriverCommandLogger] - command: findElements[ param-1: {value=//*[@id=&apos;itemContainer&apos;]/li/span/strong/a, using=xpath}] Result: [id: 0.4157412941404308-1, id: 0.4157412941404308-2, id: 0.4157412941404308-3, id: 0.4157412941404308-4, id: 0.4157412941404308-5, id: 0.4157412941404308-6, id: 0.4157412941404308-7, id: 0.4157412941404308-8, id: 0.4157412941404308-9, id: 0.4157412941404308-10, id: 0.4157412941404308-11, id: 0.4157412941404308-12, id: 0.4157412941404308-13, id: 0.4157412941404308-14, id: 0.4157412941404308-15, id: 0.4157412941404308-16, id: 0.4157412941404308-17, id: 0.4157412941404308-18, id: 0.4157412941404308-19, id: 0.4157412941404308-20, id: 0.4157412941404308-21, id: 0.4157412941404308-22, id: 0.4157412941404308-23, id: 0.4157412941404308-24, id: 0.4157412941404308-25, id: 0.4157412941404308-26, id: 0.4157412941404308-27, id: 0.4157412941404308-28, id: 0.4157412941404308-29, id: 0.4157412941404308-30]
[WebDriverCommandLogger] - Executing getElementText element: By.xpath: //*[@id=&apos;itemContainer&apos;]/li/span/strong/a parameters: {&quot;id&quot;:&quot;0.4157412941404308-4&quot;}
[WebDriverCommandLogger] - command: getElementText[ param-1: By.xpath: //*[@id=&apos;itemContainer&apos;]/li/span/strong/a param-2: {&quot;id&quot;:&quot;0.4157412941404308-4&quot;}] Result: getElementText:Terror attack on Amarnath pilgrims carried out by LeT, masterminded by Pakistani terrorist Ismail: J&amp;K police
[WebDriverCommandLogger] - Executing findElements parameters: {&quot;using&quot;:&quot;xpath&quot;,&quot;value&quot;:&quot;//ul[@id=&apos;itemContainer&apos;]/li/span/div/following-sibling::*&quot;}
[WebDriverCommandLogger] - command: findElements[ param-1: {value=//ul[@id=&apos;itemContainer&apos;]/li/span/div/following-sibling::*, using=xpath}] Result: [id: 0.4157412941404308-31, id: 0.4157412941404308-32, id: 0.4157412941404308-33, id: 0.4157412941404308-34, id: 0.4157412941404308-35, id: 0.4157412941404308-36, id: 0.4157412941404308-37, id: 0.4157412941404308-38, id: 0.4157412941404308-39, id: 0.4157412941404308-40, id: 0.4157412941404308-41, id: 0.4157412941404308-42, id: 0.4157412941404308-43, id: 0.4157412941404308-44, id: 0.4157412941404308-45, id: 0.4157412941404308-46, id: 0.4157412941404308-47, id: 0.4157412941404308-48, id: 0.4157412941404308-49, id: 0.4157412941404308-50, id: 0.4157412941404308-51, id: 0.4157412941404308-52, id: 0.4157412941404308-53, id: 0.4157412941404308-54, id: 0.4157412941404308-55, id: 0.4157412941404308-56, id: 0.4157412941404308-57, id: 0.4157412941404308-58, id: 0.4157412941404308-59, id: 0.4157412941404308-60]
[WebDriverCommandLogger] - Executing getElementText element: By.xpath: //ul[@id=&apos;itemContainer&apos;]/li/span/div/following-sibling::* parameters: {&quot;id&quot;:&quot;0.4157412941404308-34&quot;}
[WebDriverCommandLogger] - command: getElementText[ param-1: By.xpath: //ul[@id=&apos;itemContainer&apos;]/li/span/div/following-sibling::* param-2: {&quot;id&quot;:&quot;0.4157412941404308-34&quot;}] Result: getElementText:The terror attack on Amarnath yatra pilgrims on Monday was carried out by the Lashkar-e-Taiba and was masterminded by a Pakistani terrorist Ismail, said Jammu and Kashmir&apos;s inspector general of police Muneer Khan to ANI news agency, on Tuesday.
[WebDriverCommandLogger] - Executing findElements parameters: {&quot;using&quot;:&quot;xpath&quot;,&quot;value&quot;:&quot;//*[@id=&apos;itemContainer&apos;]/li/span/strong/a&quot;}
[WebDriverCommandLogger] - command: findElements[ param-1: {value=//*[@id=&apos;itemContainer&apos;]/li/span/strong/a, using=xpath}] Result: [id: 0.4157412941404308-1, id: 0.4157412941404308-2, id: 0.4157412941404308-3, id: 0.4157412941404308-4, id: 0.4157412941404308-5, id: 0.4157412941404308-6, id: 0.4157412941404308-7, id: 0.4157412941404308-8, id: 0.4157412941404308-9, id: 0.4157412941404308-10, id: 0.4157412941404308-11, id: 0.4157412941404308-12, id: 0.4157412941404308-13, id: 0.4157412941404308-14, id: 0.4157412941404308-15, id: 0.4157412941404308-16, id: 0.4157412941404308-17, id: 0.4157412941404308-18, id: 0.4157412941404308-19, id: 0.4157412941404308-20, id: 0.4157412941404308-21, id: 0.4157412941404308-22, id: 0.4157412941404308-23, id: 0.4157412941404308-24, id: 0.4157412941404308-25, id: 0.4157412941404308-26, id: 0.4157412941404308-27, id: 0.4157412941404308-28, id: 0.4157412941404308-29, id: 0.4157412941404308-30]
[WebDriverCommandLogger] - Executing getElementText element: By.xpath: //*[@id=&apos;itemContainer&apos;]/li/span/strong/a parameters: {&quot;id&quot;:&quot;0.4157412941404308-5&quot;}
[WebDriverCommandLogger] - command: getElementText[ param-1: By.xpath: //*[@id=&apos;itemContainer&apos;]/li/span/strong/a param-2: {&quot;id&quot;:&quot;0.4157412941404308-5&quot;}] Result: getElementText:Rental income beyond Rs 20 lakh to attract GST
[WebDriverCommandLogger] - Executing findElements parameters: {&quot;using&quot;:&quot;xpath&quot;,&quot;value&quot;:&quot;//ul[@id=&apos;itemContainer&apos;]/li/span/div/following-sibling::*&quot;}
[WebDriverCommandLogger] - command: findElements[ param-1: {value=//ul[@id=&apos;itemContainer&apos;]/li/span/div/following-sibling::*, using=xpath}] Result: [id: 0.4157412941404308-31, id: 0.4157412941404308-32, id: 0.4157412941404308-33, id: 0.4157412941404308-34, id: 0.4157412941404308-35, id: 0.4157412941404308-36, id: 0.4157412941404308-37, id: 0.4157412941404308-38, id: 0.4157412941404308-39, id: 0.4157412941404308-40, id: 0.4157412941404308-41, id: 0.4157412941404308-42, id: 0.4157412941404308-43, id: 0.4157412941404308-44, id: 0.4157412941404308-45, id: 0.4157412941404308-46, id: 0.4157412941404308-47, id: 0.4157412941404308-48, id: 0.4157412941404308-49, id: 0.4157412941404308-50, id: 0.4157412941404308-51, id: 0.4157412941404308-52, id: 0.4157412941404308-53, id: 0.4157412941404308-54, id: 0.4157412941404308-55, id: 0.4157412941404308-56, id: 0.4157412941404308-57, id: 0.4157412941404308-58, id: 0.4157412941404308-59, id: 0.4157412941404308-60]
[WebDriverCommandLogger] - Executing getElementText element: By.xpath: //ul[@id=&apos;itemContainer&apos;]/li/span/div/following-sibling::* parameters: {&quot;id&quot;:&quot;0.4157412941404308-35&quot;}
[WebDriverCommandLogger] - command: getElementText[ param-1: By.xpath: //ul[@id=&apos;itemContainer&apos;]/li/span/div/following-sibling::* param-2: {&quot;id&quot;:&quot;0.4157412941404308-35&quot;}] Result: getElementText:&quot;Rental income received from residential house is exempt. But if you have given your unit to commercial enterprise, then it is taxable if you are getting more than Rs 20 lakh as rent,&quot; Adhia said at the GST Master Class.
[WebDriverCommandLogger] - Executing findElements parameters: {&quot;using&quot;:&quot;xpath&quot;,&quot;value&quot;:&quot;//*[@id=&apos;itemContainer&apos;]/li/span/strong/a&quot;}
[WebDriverCommandLogger] - command: findElements[ param-1: {value=//*[@id=&apos;itemContainer&apos;]/li/span/strong/a, using=xpath}] Result: [id: 0.4157412941404308-1, id: 0.4157412941404308-2, id: 0.4157412941404308-3, id: 0.4157412941404308-4, id: 0.4157412941404308-5, id: 0.4157412941404308-6, id: 0.4157412941404308-7, id: 0.4157412941404308-8, id: 0.4157412941404308-9, id: 0.4157412941404308-10, id: 0.4157412941404308-11, id: 0.4157412941404308-12, id: 0.4157412941404308-13, id: 0.4157412941404308-14, id: 0.4157412941404308-15, id: 0.4157412941404308-16, id: 0.4157412941404308-17, id: 0.4157412941404308-18, id: 0.4157412941404308-19, id: 0.4157412941404308-20, id: 0.4157412941404308-21, id: 0.4157412941404308-22, id: 0.4157412941404308-23, id: 0.4157412941404308-24, id: 0.4157412941404308-25, id: 0.4157412941404308-26, id: 0.4157412941404308-27, id: 0.4157412941404308-28, id: 0.4157412941404308-29, id: 0.4157412941404308-30]
[WebDriverCommandLogger] - Executing getElementText element: By.xpath: //*[@id=&apos;itemContainer&apos;]/li/span/strong/a parameters: {&quot;id&quot;:&quot;0.4157412941404308-6&quot;}
[WebDriverCommandLogger] - command: getElementText[ param-1: By.xpath: //*[@id=&apos;itemContainer&apos;]/li/span/strong/a param-2: {&quot;id&quot;:&quot;0.4157412941404308-6&quot;}] Result: getElementText:7 Amarnath yatris killed as terrorists target bus in J&amp;K&apos;s Anantnag
[WebDriverCommandLogger] - Executing findElements parameters: {&quot;using&quot;:&quot;xpath&quot;,&quot;value&quot;:&quot;//ul[@id=&apos;itemContainer&apos;]/li/span/div/following-sibling::*&quot;}
[WebDriverCommandLogger] - command: findElements[ param-1: {value=//ul[@id=&apos;itemContainer&apos;]/li/span/div/following-sibling::*, using=xpath}] Result: [id: 0.4157412941404308-31, id: 0.4157412941404308-32, id: 0.4157412941404308-33, id: 0.4157412941404308-34, id: 0.4157412941404308-35, id: 0.4157412941404308-36, id: 0.4157412941404308-37, id: 0.4157412941404308-38, id: 0.4157412941404308-39, id: 0.4157412941404308-40, id: 0.4157412941404308-41, id: 0.4157412941404308-42, id: 0.4157412941404308-43, id: 0.4157412941404308-44, id: 0.4157412941404308-45, id: 0.4157412941404308-46, id: 0.4157412941404308-47, id: 0.4157412941404308-48, id: 0.4157412941404308-49, id: 0.4157412941404308-50, id: 0.4157412941404308-51, id: 0.4157412941404308-52, id: 0.4157412941404308-53, id: 0.4157412941404308-54, id: 0.4157412941404308-55, id: 0.4157412941404308-56, id: 0.4157412941404308-57, id: 0.4157412941404308-58, id: 0.4157412941404308-59, id: 0.4157412941404308-60]
[WebDriverCommandLogger] - Executing getElementText element: By.xpath: //ul[@id=&apos;itemContainer&apos;]/li/span/div/following-sibling::* parameters: {&quot;id&quot;:&quot;0.4157412941404308-36&quot;}
[WebDriverCommandLogger] - command: getElementText[ param-1: By.xpath: //ul[@id=&apos;itemContainer&apos;]/li/span/div/following-sibling::* param-2: {&quot;id&quot;:&quot;0.4157412941404308-36&quot;}] Result: getElementText:Police sources said the terrorists initially attacked a police bunker at Batengoo. The fire was returned but there was no report of injuries. Thereafter the terrorists fired on a police naka near Khanabal and again faced retaliation. A tourist bus was then targeted and the pilgrims were hit.
[WebDriverCommandLogger] - Executing findElements parameters: {&quot;using&quot;:&quot;xpath&quot;,&quot;value&quot;:&quot;//*[@id=&apos;itemContainer&apos;]/li/span/strong/a&quot;}
[WebDriverCommandLogger] - command: findElements[ param-1: {value=//*[@id=&apos;itemContainer&apos;]/li/span/strong/a, using=xpath}] Result: [id: 0.4157412941404308-1, id: 0.4157412941404308-2, id: 0.4157412941404308-3, id: 0.4157412941404308-4, id: 0.4157412941404308-5, id: 0.4157412941404308-6, id: 0.4157412941404308-7, id: 0.4157412941404308-8, id: 0.4157412941404308-9, id: 0.4157412941404308-10, id: 0.4157412941404308-11, id: 0.4157412941404308-12, id: 0.4157412941404308-13, id: 0.4157412941404308-14, id: 0.4157412941404308-15, id: 0.4157412941404308-16, id: 0.4157412941404308-17, id: 0.4157412941404308-18, id: 0.4157412941404308-19, id: 0.4157412941404308-20, id: 0.4157412941404308-21, id: 0.4157412941404308-22, id: 0.4157412941404308-23, id: 0.4157412941404308-24, id: 0.4157412941404308-25, id: 0.4157412941404308-26, id: 0.4157412941404308-27, id: 0.4157412941404308-28, id: 0.4157412941404308-29, id: 0.4157412941404308-30]
[WebDriverCommandLogger] - Executing getElementText element: By.xpath: //*[@id=&apos;itemContainer&apos;]/li/span/strong/a parameters: {&quot;id&quot;:&quot;0.4157412941404308-7&quot;}
[WebDriverCommandLogger] - command: getElementText[ param-1: By.xpath: //*[@id=&apos;itemContainer&apos;]/li/span/strong/a param-2: {&quot;id&quot;:&quot;0.4157412941404308-7&quot;}] Result: getElementText:US firm admits to paying $1.1m bribe to NHAI
[WebDriverCommandLogger] - Executing findElements parameters: {&quot;using&quot;:&quot;xpath&quot;,&quot;value&quot;:&quot;//ul[@id=&apos;itemContainer&apos;]/li/span/div/following-sibling::*&quot;}
[WebDriverCommandLogger] - command: findElements[ param-1: {value=//ul[@id=&apos;itemContainer&apos;]/li/span/div/following-sibling::*, using=xpath}] Result: [id: 0.4157412941404308-31, id: 0.4157412941404308-32, id: 0.4157412941404308-33, id: 0.4157412941404308-34, id: 0.4157412941404308-35, id: 0.4157412941404308-36, id: 0.4157412941404308-37, id: 0.4157412941404308-38, id: 0.4157412941404308-39, id: 0.4157412941404308-40, id: 0.4157412941404308-41, id: 0.4157412941404308-42, id: 0.4157412941404308-43, id: 0.4157412941404308-44, id: 0.4157412941404308-45, id: 0.4157412941404308-46, id: 0.4157412941404308-47, id: 0.4157412941404308-48, id: 0.4157412941404308-49, id: 0.4157412941404308-50, id: 0.4157412941404308-51, id: 0.4157412941404308-52, id: 0.4157412941404308-53, id: 0.4157412941404308-54, id: 0.4157412941404308-55, id: 0.4157412941404308-56, id: 0.4157412941404308-57, id: 0.4157412941404308-58, id: 0.4157412941404308-59, id: 0.4157412941404308-60]
[WebDriverCommandLogger] - Executing getElementText element: By.xpath: //ul[@id=&apos;itemContainer&apos;]/li/span/div/following-sibling::* parameters: {&quot;id&quot;:&quot;0.4157412941404308-37&quot;}
[WebDriverCommandLogger] - command: getElementText[ param-1: By.xpath: //ul[@id=&apos;itemContainer&apos;]/li/span/div/following-sibling::* param-2: {&quot;id&quot;:&quot;0.4157412941404308-37&quot;}] Result: getElementText:The company, CDM Smith, has agreed to pay $40,371,38 (approximately Rs 25 cr) to the US Treasury, which it earned as profit from “illegally obtained” works for highway construction supervision and design contracts and a water project contract in Goa.
[WebDriverCommandLogger] - Executing findElements parameters: {&quot;using&quot;:&quot;xpath&quot;,&quot;value&quot;:&quot;//*[@id=&apos;itemContainer&apos;]/li/span/strong/a&quot;}
[WebDriverCommandLogger] - command: findElements[ param-1: {value=//*[@id=&apos;itemContainer&apos;]/li/span/strong/a, using=xpath}] Result: [id: 0.4157412941404308-1, id: 0.4157412941404308-2, id: 0.4157412941404308-3, id: 0.4157412941404308-4, id: 0.4157412941404308-5, id: 0.4157412941404308-6, id: 0.4157412941404308-7, id: 0.4157412941404308-8, id: 0.4157412941404308-9, id: 0.4157412941404308-10, id: 0.4157412941404308-11, id: 0.4157412941404308-12, id: 0.4157412941404308-13, id: 0.4157412941404308-14, id: 0.4157412941404308-15, id: 0.4157412941404308-16, id: 0.4157412941404308-17, id: 0.4157412941404308-18, id: 0.4157412941404308-19, id: 0.4157412941404308-20, id: 0.4157412941404308-21, id: 0.4157412941404308-22, id: 0.4157412941404308-23, id: 0.4157412941404308-24, id: 0.4157412941404308-25, id: 0.4157412941404308-26, id: 0.4157412941404308-27, id: 0.4157412941404308-28, id: 0.4157412941404308-29, id: 0.4157412941404308-30]
[WebDriverCommandLogger] - Executing getElementText element: By.xpath: //*[@id=&apos;itemContainer&apos;]/li/span/strong/a parameters: {&quot;id&quot;:&quot;0.4157412941404308-8&quot;}
[WebDriverCommandLogger] - command: getElementText[ param-1: By.xpath: //*[@id=&apos;itemContainer&apos;]/li/span/strong/a param-2: {&quot;id&quot;:&quot;0.4157412941404308-8&quot;}] Result: getElementText:Now, Supreme Court too stays Centre&apos;s cattle slaughter ban, court order to be in place for 3 months
[WebDriverCommandLogger] - Executing findElements parameters: {&quot;using&quot;:&quot;xpath&quot;,&quot;value&quot;:&quot;//ul[@id=&apos;itemContainer&apos;]/li/span/div/following-sibling::*&quot;}
[WebDriverCommandLogger] - command: findElements[ param-1: {value=//ul[@id=&apos;itemContainer&apos;]/li/span/div/following-sibling::*, using=xpath}] Result: [id: 0.4157412941404308-31, id: 0.4157412941404308-32, id: 0.4157412941404308-33, id: 0.4157412941404308-34, id: 0.4157412941404308-35, id: 0.4157412941404308-36, id: 0.4157412941404308-37, id: 0.4157412941404308-38, id: 0.4157412941404308-39, id: 0.4157412941404308-40, id: 0.4157412941404308-41, id: 0.4157412941404308-42, id: 0.4157412941404308-43, id: 0.4157412941404308-44, id: 0.4157412941404308-45, id: 0.4157412941404308-46, id: 0.4157412941404308-47, id: 0.4157412941404308-48, id: 0.4157412941404308-49, id: 0.4157412941404308-50, id: 0.4157412941404308-51, id: 0.4157412941404308-52, id: 0.4157412941404308-53, id: 0.4157412941404308-54, id: 0.4157412941404308-55, id: 0.4157412941404308-56, id: 0.4157412941404308-57, id: 0.4157412941404308-58, id: 0.4157412941404308-59, id: 0.4157412941404308-60]
[WebDriverCommandLogger] - Executing getElementText element: By.xpath: //ul[@id=&apos;itemContainer&apos;]/li/span/div/following-sibling::* parameters: {&quot;id&quot;:&quot;0.4157412941404308-38&quot;}
[WebDriverCommandLogger] - command: getElementText[ param-1: By.xpath: //ul[@id=&apos;itemContainer&apos;]/li/span/div/following-sibling::* param-2: {&quot;id&quot;:&quot;0.4157412941404308-38&quot;}] Result: getElementText:Cattle slaughter: Following the Madras high court&apos;s similar action in May, the Supreme Court (SC) too on Tuesday ordered a three-month stay on the Centre&apos;s rules banning the sale and purchase of cattle for slaughter. The SC forced the Centre to undertake before it that it would not implement these rules
[WebDriverCommandLogger] - Executing findElements parameters: {&quot;using&quot;:&quot;xpath&quot;,&quot;value&quot;:&quot;//*[@id=&apos;itemContainer&apos;]/li/span/strong/a&quot;}
[WebDriverCommandLogger] - command: findElements[ param-1: {value=//*[@id=&apos;itemContainer&apos;]/li/span/strong/a, using=xpath}] Result: [id: 0.4157412941404308-1, id: 0.4157412941404308-2, id: 0.4157412941404308-3, id: 0.4157412941404308-4, id: 0.4157412941404308-5, id: 0.4157412941404308-6, id: 0.4157412941404308-7, id: 0.4157412941404308-8, id: 0.4157412941404308-9, id: 0.4157412941404308-10, id: 0.4157412941404308-11, id: 0.4157412941404308-12, id: 0.4157412941404308-13, id: 0.4157412941404308-14, id: 0.4157412941404308-15, id: 0.4157412941404308-16, id: 0.4157412941404308-17, id: 0.4157412941404308-18, id: 0.4157412941404308-19, id: 0.4157412941404308-20, id: 0.4157412941404308-21, id: 0.4157412941404308-22, id: 0.4157412941404308-23, id: 0.4157412941404308-24, id: 0.4157412941404308-25, id: 0.4157412941404308-26, id: 0.4157412941404308-27, id: 0.4157412941404308-28, id: 0.4157412941404308-29, id: 0.4157412941404308-30]
[WebDriverCommandLogger] - Executing getElementText element: By.xpath: //*[@id=&apos;itemContainer&apos;]/li/span/strong/a parameters: {&quot;id&quot;:&quot;0.4157412941404308-9&quot;}
[WebDriverCommandLogger] - command: getElementText[ param-1: By.xpath: //*[@id=&apos;itemContainer&apos;]/li/span/strong/a param-2: {&quot;id&quot;:&quot;0.4157412941404308-9&quot;}] Result: getElementText:India boosts troop presence near face-off site with China
[WebDriverCommandLogger] - Executing findElements parameters: {&quot;using&quot;:&quot;xpath&quot;,&quot;value&quot;:&quot;//ul[@id=&apos;itemContainer&apos;]/li/span/div/following-sibling::*&quot;}
[WebDriverCommandLogger] - command: findElements[ param-1: {value=//ul[@id=&apos;itemContainer&apos;]/li/span/div/following-sibling::*, using=xpath}] Result: [id: 0.4157412941404308-31, id: 0.4157412941404308-32, id: 0.4157412941404308-33, id: 0.4157412941404308-34, id: 0.4157412941404308-35, id: 0.4157412941404308-36, id: 0.4157412941404308-37, id: 0.4157412941404308-38, id: 0.4157412941404308-39, id: 0.4157412941404308-40, id: 0.4157412941404308-41, id: 0.4157412941404308-42, id: 0.4157412941404308-43, id: 0.4157412941404308-44, id: 0.4157412941404308-45, id: 0.4157412941404308-46, id: 0.4157412941404308-47, id: 0.4157412941404308-48, id: 0.4157412941404308-49, id: 0.4157412941404308-50, id: 0.4157412941404308-51, id: 0.4157412941404308-52, id: 0.4157412941404308-53, id: 0.4157412941404308-54, id: 0.4157412941404308-55, id: 0.4157412941404308-56, id: 0.4157412941404308-57, id: 0.4157412941404308-58, id: 0.4157412941404308-59, id: 0.4157412941404308-60]
[WebDriverCommandLogger] - Executing getElementText element: By.xpath: //ul[@id=&apos;itemContainer&apos;]/li/span/div/following-sibling::* parameters: {&quot;id&quot;:&quot;0.4157412941404308-39&quot;}
[WebDriverCommandLogger] - command: getElementText[ param-1: By.xpath: //ul[@id=&apos;itemContainer&apos;]/li/span/div/following-sibling::* param-2: {&quot;id&quot;:&quot;0.4157412941404308-39&quot;}] Result: getElementText:The Indian Army has moved another 2,500 soldiers from their peace-time deployments in Sikkim to further reinforce its proactive stance in the ongoing troop face-off with China on the Doklam plateau.
[WebDriverCommandLogger] - Executing findElements parameters: {&quot;using&quot;:&quot;xpath&quot;,&quot;value&quot;:&quot;//*[@id=&apos;itemContainer&apos;]/li/span/strong/a&quot;}
[WebDriverCommandLogger] - command: findElements[ param-1: {value=//*[@id=&apos;itemContainer&apos;]/li/span/strong/a, using=xpath}] Result: [id: 0.4157412941404308-1, id: 0.4157412941404308-2, id: 0.4157412941404308-3, id: 0.4157412941404308-4, id: 0.4157412941404308-5, id: 0.4157412941404308-6, id: 0.4157412941404308-7, id: 0.4157412941404308-8, id: 0.4157412941404308-9, id: 0.4157412941404308-10, id: 0.4157412941404308-11, id: 0.4157412941404308-12, id: 0.4157412941404308-13, id: 0.4157412941404308-14, id: 0.4157412941404308-15, id: 0.4157412941404308-16, id: 0.4157412941404308-17, id: 0.4157412941404308-18, id: 0.4157412941404308-19, id: 0.4157412941404308-20, id: 0.4157412941404308-21, id: 0.4157412941404308-22, id: 0.4157412941404308-23, id: 0.4157412941404308-24, id: 0.4157412941404308-25, id: 0.4157412941404308-26, id: 0.4157412941404308-27, id: 0.4157412941404308-28, id: 0.4157412941404308-29, id: 0.4157412941404308-30]
[WebDriverCommandLogger] - Executing getElementText element: By.xpath: //*[@id=&apos;itemContainer&apos;]/li/span/strong/a parameters: {&quot;id&quot;:&quot;0.4157412941404308-10&quot;}
[WebDriverCommandLogger] - command: getElementText[ param-1: By.xpath: //*[@id=&apos;itemContainer&apos;]/li/span/strong/a param-2: {&quot;id&quot;:&quot;0.4157412941404308-10&quot;}] Result: getElementText:Gopalkrishna Gandhi is opposition&apos;s nominee for vice president: Report
[WebDriverCommandLogger] - Executing findElements parameters: {&quot;using&quot;:&quot;xpath&quot;,&quot;value&quot;:&quot;//ul[@id=&apos;itemContainer&apos;]/li/span/div/following-sibling::*&quot;}
[WebDriverCommandLogger] - command: findElements[ param-1: {value=//ul[@id=&apos;itemContainer&apos;]/li/span/div/following-sibling::*, using=xpath}] Result: [id: 0.4157412941404308-31, id: 0.4157412941404308-32, id: 0.4157412941404308-33, id: 0.4157412941404308-34, id: 0.4157412941404308-35, id: 0.4157412941404308-36, id: 0.4157412941404308-37, id: 0.4157412941404308-38, id: 0.4157412941404308-39, id: 0.4157412941404308-40, id: 0.4157412941404308-41, id: 0.4157412941404308-42, id: 0.4157412941404308-43, id: 0.4157412941404308-44, id: 0.4157412941404308-45, id: 0.4157412941404308-46, id: 0.4157412941404308-47, id: 0.4157412941404308-48, id: 0.4157412941404308-49, id: 0.4157412941404308-50, id: 0.4157412941404308-51, id: 0.4157412941404308-52, id: 0.4157412941404308-53, id: 0.4157412941404308-54, id: 0.4157412941404308-55, id: 0.4157412941404308-56, id: 0.4157412941404308-57, id: 0.4157412941404308-58, id: 0.4157412941404308-59, id: 0.4157412941404308-60]
[WebDriverCommandLogger] - Executing getElementText element: By.xpath: //ul[@id=&apos;itemContainer&apos;]/li/span/div/following-sibling::* parameters: {&quot;id&quot;:&quot;0.4157412941404308-40&quot;}
[WebDriverCommandLogger] - command: getElementText[ param-1: By.xpath: //ul[@id=&apos;itemContainer&apos;]/li/span/div/following-sibling::* param-2: {&quot;id&quot;:&quot;0.4157412941404308-40&quot;}] Result: getElementText:
[WebDriverCommandLogger] - Executing getWindowHandles parameters: {}
[WebDriverCommandLogger] - command: getWindowHandles[ param-1: {}] Result: [CDwindow-4ef72586-06fd-4523-8efe-f55e21d92bdf, CDwindow-e5effc19-39c3-478c-9a3d-43c1004bc911]
[WebDriverCommandLogger] - Executing close parameters: {}
[WebDriverCommandLogger] - command: close[ param-1: {}] Result: null
[WebDriverCommandLogger] - Executing switchToWindow parameters: {&quot;name&quot;:&quot;CDwindow-4ef72586-06fd-4523-8efe-f55e21d92bdf&quot;}
[WebDriverCommandLogger] - command: switchToWindow[ param-1: {name=CDwindow-4ef72586-06fd-4523-8efe-f55e21d92bdf}] Result: null
[WebDriverCommandLogger] - Executing findElements parameters: {&quot;using&quot;:&quot;xpath&quot;,&quot;value&quot;:&quot;//*[@id=&apos;c_wdt_mp_1&apos;]/div/ul/li&quot;}
[WebDriverCommandLogger] - command: findElements[ param-1: {value=//*[@id=&apos;c_wdt_mp_1&apos;]/div/ul/li, using=xpath}] Result: [id: 0.08558070645241611-193, id: 0.08558070645241611-194, id: 0.08558070645241611-195]
[WebDriverCommandLogger] - Executing findElements parameters: {&quot;using&quot;:&quot;xpath&quot;,&quot;value&quot;:&quot;//*[@id=&apos;c_wdt_mp_1&apos;]/div/ul/li&quot;}
[WebDriverCommandLogger] - command: findElements[ param-1: {value=//*[@id=&apos;c_wdt_mp_1&apos;]/div/ul/li, using=xpath}] Result: [id: 0.08558070645241611-193, id: 0.08558070645241611-194, id: 0.08558070645241611-195]
[WebDriverCommandLogger] - Executing getElementText element: By.xpath: //*[@id=&apos;c_wdt_mp_1&apos;]/div/ul/li parameters: {&quot;id&quot;:&quot;0.08558070645241611-193&quot;}
[WebDriverCommandLogger] - command: getElementText[ param-1: By.xpath: //*[@id=&apos;c_wdt_mp_1&apos;]/div/ul/li param-2: {&quot;id&quot;:&quot;0.08558070645241611-193&quot;}] Result: getElementText:READ
[WebDriverCommandLogger] - Executing findElements parameters: {&quot;using&quot;:&quot;xpath&quot;,&quot;value&quot;:&quot;//*[@id=&apos;c_wdt_mp_1&apos;]/div/ul/li&quot;}
[WebDriverCommandLogger] - command: findElements[ param-1: {value=//*[@id=&apos;c_wdt_mp_1&apos;]/div/ul/li, using=xpath}] Result: [id: 0.08558070645241611-193, id: 0.08558070645241611-194, id: 0.08558070645241611-195]
[WebDriverCommandLogger] - Executing findElements parameters: {&quot;using&quot;:&quot;xpath&quot;,&quot;value&quot;:&quot;//*[@id=&apos;c_wdt_mp_1&apos;]/div/ul/li&quot;}
[WebDriverCommandLogger] - command: findElements[ param-1: {value=//*[@id=&apos;c_wdt_mp_1&apos;]/div/ul/li, using=xpath}] Result: [id: 0.08558070645241611-193, id: 0.08558070645241611-194, id: 0.08558070645241611-195]
[WebDriverCommandLogger] - Executing getElementText element: By.xpath: //*[@id=&apos;c_wdt_mp_1&apos;]/div/ul/li parameters: {&quot;id&quot;:&quot;0.08558070645241611-194&quot;}
[WebDriverCommandLogger] - command: getElementText[ param-1: By.xpath: //*[@id=&apos;c_wdt_mp_1&apos;]/div/ul/li param-2: {&quot;id&quot;:&quot;0.08558070645241611-194&quot;}] Result: getElementText:COMMENTED
[WebDriverCommandLogger] - Executing findElements parameters: {&quot;using&quot;:&quot;xpath&quot;,&quot;value&quot;:&quot;//*[@id=&apos;c_wdt_mp_1&apos;]/div/ul/li&quot;}
[WebDriverCommandLogger] - command: findElements[ param-1: {value=//*[@id=&apos;c_wdt_mp_1&apos;]/div/ul/li, using=xpath}] Result: [id: 0.08558070645241611-193, id: 0.08558070645241611-194, id: 0.08558070645241611-195]
[WebDriverCommandLogger] - Executing findElements parameters: {&quot;using&quot;:&quot;xpath&quot;,&quot;value&quot;:&quot;//*[@id=&apos;c_wdt_mp_1&apos;]/div/ul/li&quot;}
[WebDriverCommandLogger] - command: findElements[ param-1: {value=//*[@id=&apos;c_wdt_mp_1&apos;]/div/ul/li, using=xpath}] Result: [id: 0.08558070645241611-193, id: 0.08558070645241611-194, id: 0.08558070645241611-195]
[WebDriverCommandLogger] - Executing getElementText element: By.xpath: //*[@id=&apos;c_wdt_mp_1&apos;]/div/ul/li parameters: {&quot;id&quot;:&quot;0.08558070645241611-195&quot;}
[WebDriverCommandLogger] - command: getElementText[ param-1: By.xpath: //*[@id=&apos;c_wdt_mp_1&apos;]/div/ul/li param-2: {&quot;id&quot;:&quot;0.08558070645241611-195&quot;}] Result: getElementText:SHARED
[WebDriverCommandLogger] - Executing findElements parameters: {&quot;using&quot;:&quot;xpath&quot;,&quot;value&quot;:&quot;//*[@id=&apos;c_wdt_mp_1&apos;]/div/ul/li&quot;}
[WebDriverCommandLogger] - command: findElements[ param-1: {value=//*[@id=&apos;c_wdt_mp_1&apos;]/div/ul/li, using=xpath}] Result: [id: 0.08558070645241611-193, id: 0.08558070645241611-194, id: 0.08558070645241611-195]
[WebDriverCommandLogger] - Executing executeScript parameters: {&quot;args&quot;:[{&quot;element-6066-11e4-a52e-4f735466cecf&quot;:&quot;0.08558070645241611-195&quot;,&quot;ELEMENT&quot;:&quot;0.08558070645241611-195&quot;}],&quot;script&quot;:&quot;arguments[0].click();&quot;}
[WebDriverCommandLogger] - Executing findElement parameters: {&quot;using&quot;:&quot;xpath&quot;,&quot;value&quot;:&quot;//div[@class=&apos;most-popular-wrapper&apos;]&quot;}
[WebDriverCommandLogger] - command: findElement[ param-1: {value=//div[@class=&apos;most-popular-wrapper&apos;], using=xpath}] Result: id: 0.08558070645241611-203
[WebDriverCommandLogger] - Executing executeScript parameters: {&quot;args&quot;:[{&quot;element-6066-11e4-a52e-4f735466cecf&quot;:&quot;0.08558070645241611-203&quot;,&quot;ELEMENT&quot;:&quot;0.08558070645241611-203&quot;}],&quot;script&quot;:&quot;arguments[0].scrollIntoView();&quot;}
[WebDriverCommandLogger] - Executing clickElement element: By.xpath: //div[@class=&apos;most-popular-wrapper&apos;]//a[text()=&apos;MORE POPULAR NEWS&apos;] parameters: {&quot;id&quot;:&quot;0.08558070645241611-202&quot;}
[QAFExtendedWebElement] - stale element reference: element is not attached to the page document
  (Session info: chrome=59.0.3071.115)
  (Driver info: chromedriver=2.29.461591 (62ebf098771772160f391d75e589dc567915b233),platform=Windows NT 6.2.9200 x86_64) (WARNING: The server did not provide any stacktrace information)
Command duration or timeout: 764 milliseconds
For documentation on this error, please visit: http://seleniumhq.org/exceptions/stale_element_reference.html
Build info: version: &apos;2.53.0&apos;, revision: &apos;35ae25b1534ae328c771e0856c93e187490ca824&apos;, time: &apos;2016-03-15 10:43:46&apos;
System info: host: &apos;ICPL11522&apos;, ip: &apos;10.11.31.141&apos;, os.name: &apos;Windows 8&apos;, os.arch: &apos;amd64&apos;, os.version: &apos;6.2&apos;, java.version: &apos;1.8.0_91&apos;
Driver info: com.qmetry.qaf.automation.ui.webdriver.QAFExtendedWebDriver
Capabilities [{applicationCacheEnabled=false, rotatable=false, mobileEmulationEnabled=false, networkConnectionEnabled=false, chrome={chromedriverVersion=2.29.461591 (62ebf098771772160f391d75e589dc567915b233), userDataDir=C:\Users\MAMTA~1.CHO\AppData\Local\Temp\scoped_dir5744_26042}, takesHeapSnapshot=true, pageLoadStrategy=normal, databaseEnabled=false, handlesAlerts=true, hasTouchScreen=false, version=59.0.3071.115, platform=WIN8, browserConnectionEnabled=false, nativeEvents=true, acceptSslCerts=true, locationContextEnabled=true, webStorageEnabled=true, browserName=chrome, takesScreenshot=true, javascriptEnabled=true, cssSelectorsEnabled=true, unexpectedAlertBehaviour=}]
Session ID: 8be3793f81643cb1474e580585842566
[WebDriverCommandLogger] - Executing findElement parameters: {&quot;using&quot;:&quot;xpath&quot;,&quot;value&quot;:&quot;//div[@class=&apos;most-popular-wrapper&apos;]//a[text()=&apos;MORE POPULAR NEWS&apos;]&quot;}
[WebDriverCommandLogger] - command: findElement[ param-1: {value=//div[@class=&apos;most-popular-wrapper&apos;]//a[text()=&apos;MORE POPULAR NEWS&apos;], using=xpath}] Result: id: 0.08558070645241611-204
[WebDriverCommandLogger] - Executing clickElement element: By.xpath: //div[@class=&apos;most-popular-wrapper&apos;]//a[text()=&apos;MORE POPULAR NEWS&apos;] parameters: {&quot;id&quot;:&quot;0.08558070645241611-204&quot;}
[WebDriverCommandLogger] - command: clickElement[ param-1: By.xpath: //div[@class=&apos;most-popular-wrapper&apos;]//a[text()=&apos;MORE POPULAR NEWS&apos;] param-2: {&quot;id&quot;:&quot;0.08558070645241611-204&quot;}] Result: clickElement:null
[WebDriverCommandLogger] - Executing getWindowHandles parameters: {}
[WebDriverCommandLogger] - command: getWindowHandles[ param-1: {}] Result: [CDwindow-4ef72586-06fd-4523-8efe-f55e21d92bdf, CDwindow-d57932e4-e521-478a-b44b-887d47f9e5a7]
[WebDriverCommandLogger] - Executing switchToWindow parameters: {&quot;name&quot;:&quot;CDwindow-d57932e4-e521-478a-b44b-887d47f9e5a7&quot;}
[WebDriverCommandLogger] - command: switchToWindow[ param-1: {name=CDwindow-d57932e4-e521-478a-b44b-887d47f9e5a7}] Result: null
[WebDriverCommandLogger] - Executing findElements parameters: {&quot;using&quot;:&quot;xpath&quot;,&quot;value&quot;:&quot;//a[@id=&apos;news-any&apos;]&quot;}
[WebDriverCommandLogger] - command: findElements[ param-1: {value=//a[@id=&apos;news-any&apos;], using=xpath}] Result: [id: 0.11117749145905109-1]
[WebDriverCommandLogger] - Executing getTitle parameters: {}
[WebDriverCommandLogger] - command: getTitle[ param-1: {}] Result: Most Shared Popular News Stories, Top News Articles - Times of India
verifying Most popular Page Title
Expected: a string containing &quot;Most Shared&quot;
     Actual: was &quot;Most Shared Popular News Stories, Top News Articles - Times of India&quot;
[WebDriverCommandLogger] - Executing screenshot parameters: {}
[QAFTestBase] - Capturing screen shottoiVerificationOfCityOption_nxgjv8o7q0v854363.png
[WebDriverCommandLogger] - Executing findElement parameters: {&quot;using&quot;:&quot;xpath&quot;,&quot;value&quot;:&quot;//a[@id=&apos;news-any&apos;]&quot;}
[WebDriverCommandLogger] - command: findElement[ param-1: {value=//a[@id=&apos;news-any&apos;], using=xpath}] Result: id: 0.11117749145905109-1
[WebDriverCommandLogger] - Executing getElementAttribute element: By.xpath: //a[@id=&apos;news-any&apos;] parameters: {&quot;name&quot;:&quot;class&quot;,&quot;id&quot;:&quot;0.11117749145905109-1&quot;}
[WebDriverCommandLogger] - command: getElementAttribute[ param-1: By.xpath: //a[@id=&apos;news-any&apos;] param-2: {&quot;name&quot;:&quot;class&quot;,&quot;id&quot;:&quot;0.11117749145905109-1&quot;}] Result: getElementAttribute:active
[WebDriverCommandLogger] - Executing findElements parameters: {&quot;using&quot;:&quot;xpath&quot;,&quot;value&quot;:&quot;//div[@class=&apos;topicstab-nav clearfix&apos;]/a&quot;}
[WebDriverCommandLogger] - command: findElements[ param-1: {value=//div[@class=&apos;topicstab-nav clearfix&apos;]/a, using=xpath}] Result: [id: 0.11117749145905109-1, id: 0.11117749145905109-2, id: 0.11117749145905109-3, id: 0.11117749145905109-4, id: 0.11117749145905109-5]
[WebDriverCommandLogger] - Executing getElementText element: By.xpath: //div[@class=&apos;topicstab-nav clearfix&apos;]/a parameters: {&quot;id&quot;:&quot;0.11117749145905109-1&quot;}
[WebDriverCommandLogger] - command: getElementText[ param-1: By.xpath: //div[@class=&apos;topicstab-nav clearfix&apos;]/a param-2: {&quot;id&quot;:&quot;0.11117749145905109-1&quot;}] Result: getElementText:ANYTIME
[WebDriverCommandLogger] - Executing getElementText element: By.xpath: //div[@class=&apos;topicstab-nav clearfix&apos;]/a parameters: {&quot;id&quot;:&quot;0.11117749145905109-2&quot;}
[WebDriverCommandLogger] - command: getElementText[ param-1: By.xpath: //div[@class=&apos;topicstab-nav clearfix&apos;]/a param-2: {&quot;id&quot;:&quot;0.11117749145905109-2&quot;}] Result: getElementText:LAST 24 HRS
[WebDriverCommandLogger] - Executing getElementText element: By.xpath: //div[@class=&apos;topicstab-nav clearfix&apos;]/a parameters: {&quot;id&quot;:&quot;0.11117749145905109-3&quot;}
[WebDriverCommandLogger] - command: getElementText[ param-1: By.xpath: //div[@class=&apos;topicstab-nav clearfix&apos;]/a param-2: {&quot;id&quot;:&quot;0.11117749145905109-3&quot;}] Result: getElementText:PAST 4 DAYS
[WebDriverCommandLogger] - Executing clickElement element: By.xpath: //div[@class=&apos;topicstab-nav clearfix&apos;]/a parameters: {&quot;id&quot;:&quot;0.11117749145905109-3&quot;}
[WebDriverCommandLogger] - command: clickElement[ param-1: By.xpath: //div[@class=&apos;topicstab-nav clearfix&apos;]/a param-2: {&quot;id&quot;:&quot;0.11117749145905109-3&quot;}] Result: clickElement:null
[WebDriverCommandLogger] - Executing findElements parameters: {&quot;using&quot;:&quot;xpath&quot;,&quot;value&quot;:&quot;//*[@id=&apos;itemContainer&apos;]/li/span/strong/a&quot;}
[WebDriverCommandLogger] - command: findElements[ param-1: {value=//*[@id=&apos;itemContainer&apos;]/li/span/strong/a, using=xpath}] Result: [id: 0.30390822907591764-1, id: 0.30390822907591764-2, id: 0.30390822907591764-3, id: 0.30390822907591764-4, id: 0.30390822907591764-5, id: 0.30390822907591764-6, id: 0.30390822907591764-7, id: 0.30390822907591764-8, id: 0.30390822907591764-9, id: 0.30390822907591764-10, id: 0.30390822907591764-11, id: 0.30390822907591764-12, id: 0.30390822907591764-13, id: 0.30390822907591764-14, id: 0.30390822907591764-15, id: 0.30390822907591764-16, id: 0.30390822907591764-17, id: 0.30390822907591764-18, id: 0.30390822907591764-19, id: 0.30390822907591764-20, id: 0.30390822907591764-21, id: 0.30390822907591764-22, id: 0.30390822907591764-23, id: 0.30390822907591764-24, id: 0.30390822907591764-25, id: 0.30390822907591764-26, id: 0.30390822907591764-27, id: 0.30390822907591764-28, id: 0.30390822907591764-29, id: 0.30390822907591764-30]
[WebDriverCommandLogger] - Executing isElementDisplayed element: By.xpath: //*[@id=&apos;itemContainer&apos;]/li/span/strong/a parameters: {&quot;id&quot;:&quot;0.30390822907591764-1&quot;}
[WebDriverCommandLogger] - command: isElementDisplayed[ param-1: By.xpath: //*[@id=&apos;itemContainer&apos;]/li/span/strong/a param-2: {&quot;id&quot;:&quot;0.30390822907591764-1&quot;}] Result: isElementDisplayed:true
[WebDriverCommandLogger] - Executing findElements parameters: {&quot;using&quot;:&quot;xpath&quot;,&quot;value&quot;:&quot;//ul[@id=&apos;itemContainer&apos;]/li/span/div/following-sibling::*&quot;}
[WebDriverCommandLogger] - command: findElements[ param-1: {value=//ul[@id=&apos;itemContainer&apos;]/li/span/div/following-sibling::*, using=xpath}] Result: [id: 0.30390822907591764-31, id: 0.30390822907591764-32, id: 0.30390822907591764-33, id: 0.30390822907591764-34, id: 0.30390822907591764-35, id: 0.30390822907591764-36, id: 0.30390822907591764-37, id: 0.30390822907591764-38, id: 0.30390822907591764-39, id: 0.30390822907591764-40, id: 0.30390822907591764-41, id: 0.30390822907591764-42, id: 0.30390822907591764-43, id: 0.30390822907591764-44, id: 0.30390822907591764-45, id: 0.30390822907591764-46, id: 0.30390822907591764-47, id: 0.30390822907591764-48, id: 0.30390822907591764-49, id: 0.30390822907591764-50, id: 0.30390822907591764-51, id: 0.30390822907591764-52, id: 0.30390822907591764-53, id: 0.30390822907591764-54, id: 0.30390822907591764-55, id: 0.30390822907591764-56, id: 0.30390822907591764-57, id: 0.30390822907591764-58, id: 0.30390822907591764-59, id: 0.30390822907591764-60]
[WebDriverCommandLogger] - Executing findElements parameters: {&quot;using&quot;:&quot;xpath&quot;,&quot;value&quot;:&quot;//*[@id=&apos;itemContainer&apos;]/li/span/strong/a&quot;}
[WebDriverCommandLogger] - command: findElements[ param-1: {value=//*[@id=&apos;itemContainer&apos;]/li/span/strong/a, using=xpath}] Result: [id: 0.30390822907591764-1, id: 0.30390822907591764-2, id: 0.30390822907591764-3, id: 0.30390822907591764-4, id: 0.30390822907591764-5, id: 0.30390822907591764-6, id: 0.30390822907591764-7, id: 0.30390822907591764-8, id: 0.30390822907591764-9, id: 0.30390822907591764-10, id: 0.30390822907591764-11, id: 0.30390822907591764-12, id: 0.30390822907591764-13, id: 0.30390822907591764-14, id: 0.30390822907591764-15, id: 0.30390822907591764-16, id: 0.30390822907591764-17, id: 0.30390822907591764-18, id: 0.30390822907591764-19, id: 0.30390822907591764-20, id: 0.30390822907591764-21, id: 0.30390822907591764-22, id: 0.30390822907591764-23, id: 0.30390822907591764-24, id: 0.30390822907591764-25, id: 0.30390822907591764-26, id: 0.30390822907591764-27, id: 0.30390822907591764-28, id: 0.30390822907591764-29, id: 0.30390822907591764-30]
[WebDriverCommandLogger] - Executing getElementText element: By.xpath: //*[@id=&apos;itemContainer&apos;]/li/span/strong/a parameters: {&quot;id&quot;:&quot;0.30390822907591764-1&quot;}
[WebDriverCommandLogger] - command: getElementText[ param-1: By.xpath: //*[@id=&apos;itemContainer&apos;]/li/span/strong/a param-2: {&quot;id&quot;:&quot;0.30390822907591764-1&quot;}] Result: getElementText:Ahmedabad takes giant leap, becomes India&apos;s first World Heritage City
[WebDriverCommandLogger] - Executing findElements parameters: {&quot;using&quot;:&quot;xpath&quot;,&quot;value&quot;:&quot;//ul[@id=&apos;itemContainer&apos;]/li/span/div/following-sibling::*&quot;}
[WebDriverCommandLogger] - command: findElements[ param-1: {value=//ul[@id=&apos;itemContainer&apos;]/li/span/div/following-sibling::*, using=xpath}] Result: [id: 0.30390822907591764-31, id: 0.30390822907591764-32, id: 0.30390822907591764-33, id: 0.30390822907591764-34, id: 0.30390822907591764-35, id: 0.30390822907591764-36, id: 0.30390822907591764-37, id: 0.30390822907591764-38, id: 0.30390822907591764-39, id: 0.30390822907591764-40, id: 0.30390822907591764-41, id: 0.30390822907591764-42, id: 0.30390822907591764-43, id: 0.30390822907591764-44, id: 0.30390822907591764-45, id: 0.30390822907591764-46, id: 0.30390822907591764-47, id: 0.30390822907591764-48, id: 0.30390822907591764-49, id: 0.30390822907591764-50, id: 0.30390822907591764-51, id: 0.30390822907591764-52, id: 0.30390822907591764-53, id: 0.30390822907591764-54, id: 0.30390822907591764-55, id: 0.30390822907591764-56, id: 0.30390822907591764-57, id: 0.30390822907591764-58, id: 0.30390822907591764-59, id: 0.30390822907591764-60]
[WebDriverCommandLogger] - Executing getElementText element: By.xpath: //ul[@id=&apos;itemContainer&apos;]/li/span/div/following-sibling::* parameters: {&quot;id&quot;:&quot;0.30390822907591764-31&quot;}
[WebDriverCommandLogger] - command: getElementText[ param-1: By.xpath: //ul[@id=&apos;itemContainer&apos;]/li/span/div/following-sibling::* param-2: {&quot;id&quot;:&quot;0.30390822907591764-31&quot;}] Result: getElementText:
[WebDriverCommandLogger] - Executing findElements parameters: {&quot;using&quot;:&quot;xpath&quot;,&quot;value&quot;:&quot;//*[@id=&apos;itemContainer&apos;]/li/span/strong/a&quot;}
[WebDriverCommandLogger] - command: findElements[ param-1: {value=//*[@id=&apos;itemContainer&apos;]/li/span/strong/a, using=xpath}] Result: [id: 0.30390822907591764-1, id: 0.30390822907591764-2, id: 0.30390822907591764-3, id: 0.30390822907591764-4, id: 0.30390822907591764-5, id: 0.30390822907591764-6, id: 0.30390822907591764-7, id: 0.30390822907591764-8, id: 0.30390822907591764-9, id: 0.30390822907591764-10, id: 0.30390822907591764-11, id: 0.30390822907591764-12, id: 0.30390822907591764-13, id: 0.30390822907591764-14, id: 0.30390822907591764-15, id: 0.30390822907591764-16, id: 0.30390822907591764-17, id: 0.30390822907591764-18, id: 0.30390822907591764-19, id: 0.30390822907591764-20, id: 0.30390822907591764-21, id: 0.30390822907591764-22, id: 0.30390822907591764-23, id: 0.30390822907591764-24, id: 0.30390822907591764-25, id: 0.30390822907591764-26, id: 0.30390822907591764-27, id: 0.30390822907591764-28, id: 0.30390822907591764-29, id: 0.30390822907591764-30]
[WebDriverCommandLogger] - Executing getElementText element: By.xpath: //*[@id=&apos;itemContainer&apos;]/li/span/strong/a parameters: {&quot;id&quot;:&quot;0.30390822907591764-2&quot;}
[WebDriverCommandLogger] - command: getElementText[ param-1: By.xpath: //*[@id=&apos;itemContainer&apos;]/li/span/strong/a param-2: {&quot;id&quot;:&quot;0.30390822907591764-2&quot;}] Result: getElementText:Jennifer Winget: My failed marriage with Karan Singh Grover has not left me disillusioned
[WebDriverCommandLogger] - Executing findElements parameters: {&quot;using&quot;:&quot;xpath&quot;,&quot;value&quot;:&quot;//ul[@id=&apos;itemContainer&apos;]/li/span/div/following-sibling::*&quot;}
[WebDriverCommandLogger] - command: findElements[ param-1: {value=//ul[@id=&apos;itemContainer&apos;]/li/span/div/following-sibling::*, using=xpath}] Result: [id: 0.30390822907591764-31, id: 0.30390822907591764-32, id: 0.30390822907591764-33, id: 0.30390822907591764-34, id: 0.30390822907591764-35, id: 0.30390822907591764-36, id: 0.30390822907591764-37, id: 0.30390822907591764-38, id: 0.30390822907591764-39, id: 0.30390822907591764-40, id: 0.30390822907591764-41, id: 0.30390822907591764-42, id: 0.30390822907591764-43, id: 0.30390822907591764-44, id: 0.30390822907591764-45, id: 0.30390822907591764-46, id: 0.30390822907591764-47, id: 0.30390822907591764-48, id: 0.30390822907591764-49, id: 0.30390822907591764-50, id: 0.30390822907591764-51, id: 0.30390822907591764-52, id: 0.30390822907591764-53, id: 0.30390822907591764-54, id: 0.30390822907591764-55, id: 0.30390822907591764-56, id: 0.30390822907591764-57, id: 0.30390822907591764-58, id: 0.30390822907591764-59, id: 0.30390822907591764-60]
[WebDriverCommandLogger] - Executing getElementText element: By.xpath: //ul[@id=&apos;itemContainer&apos;]/li/span/div/following-sibling::* parameters: {&quot;id&quot;:&quot;0.30390822907591764-32&quot;}
[WebDriverCommandLogger] - command: getElementText[ param-1: By.xpath: //ul[@id=&apos;itemContainer&apos;]/li/span/div/following-sibling::* param-2: {&quot;id&quot;:&quot;0.30390822907591764-32&quot;}] Result: getElementText:Jennifer Winget is a fighter.
[WebDriverCommandLogger] - Executing findElements parameters: {&quot;using&quot;:&quot;xpath&quot;,&quot;value&quot;:&quot;//*[@id=&apos;itemContainer&apos;]/li/span/strong/a&quot;}
[WebDriverCommandLogger] - command: findElements[ param-1: {value=//*[@id=&apos;itemContainer&apos;]/li/span/strong/a, using=xpath}] Result: [id: 0.30390822907591764-1, id: 0.30390822907591764-2, id: 0.30390822907591764-3, id: 0.30390822907591764-4, id: 0.30390822907591764-5, id: 0.30390822907591764-6, id: 0.30390822907591764-7, id: 0.30390822907591764-8, id: 0.30390822907591764-9, id: 0.30390822907591764-10, id: 0.30390822907591764-11, id: 0.30390822907591764-12, id: 0.30390822907591764-13, id: 0.30390822907591764-14, id: 0.30390822907591764-15, id: 0.30390822907591764-16, id: 0.30390822907591764-17, id: 0.30390822907591764-18, id: 0.30390822907591764-19, id: 0.30390822907591764-20, id: 0.30390822907591764-21, id: 0.30390822907591764-22, id: 0.30390822907591764-23, id: 0.30390822907591764-24, id: 0.30390822907591764-25, id: 0.30390822907591764-26, id: 0.30390822907591764-27, id: 0.30390822907591764-28, id: 0.30390822907591764-29, id: 0.30390822907591764-30]
[WebDriverCommandLogger] - Executing getElementText element: By.xpath: //*[@id=&apos;itemContainer&apos;]/li/span/strong/a parameters: {&quot;id&quot;:&quot;0.30390822907591764-3&quot;}
[WebDriverCommandLogger] - command: getElementText[ param-1: By.xpath: //*[@id=&apos;itemContainer&apos;]/li/span/strong/a param-2: {&quot;id&quot;:&quot;0.30390822907591764-3&quot;}] Result: getElementText:Shweta Tiwari&apos;s daughter Palak scores 83% in 10th class; proud mom throws party
[WebDriverCommandLogger] - Executing findElements parameters: {&quot;using&quot;:&quot;xpath&quot;,&quot;value&quot;:&quot;//ul[@id=&apos;itemContainer&apos;]/li/span/div/following-sibling::*&quot;}
[WebDriverCommandLogger] - command: findElements[ param-1: {value=//ul[@id=&apos;itemContainer&apos;]/li/span/div/following-sibling::*, using=xpath}] Result: [id: 0.30390822907591764-31, id: 0.30390822907591764-32, id: 0.30390822907591764-33, id: 0.30390822907591764-34, id: 0.30390822907591764-35, id: 0.30390822907591764-36, id: 0.30390822907591764-37, id: 0.30390822907591764-38, id: 0.30390822907591764-39, id: 0.30390822907591764-40, id: 0.30390822907591764-41, id: 0.30390822907591764-42, id: 0.30390822907591764-43, id: 0.30390822907591764-44, id: 0.30390822907591764-45, id: 0.30390822907591764-46, id: 0.30390822907591764-47, id: 0.30390822907591764-48, id: 0.30390822907591764-49, id: 0.30390822907591764-50, id: 0.30390822907591764-51, id: 0.30390822907591764-52, id: 0.30390822907591764-53, id: 0.30390822907591764-54, id: 0.30390822907591764-55, id: 0.30390822907591764-56, id: 0.30390822907591764-57, id: 0.30390822907591764-58, id: 0.30390822907591764-59, id: 0.30390822907591764-60]
[WebDriverCommandLogger] - Executing getElementText element: By.xpath: //ul[@id=&apos;itemContainer&apos;]/li/span/div/following-sibling::* parameters: {&quot;id&quot;:&quot;0.30390822907591764-33&quot;}
[WebDriverCommandLogger] - command: getElementText[ param-1: By.xpath: //ul[@id=&apos;itemContainer&apos;]/li/span/div/following-sibling::* param-2: {&quot;id&quot;:&quot;0.30390822907591764-33&quot;}] Result: getElementText:Kasautii Zindaii Kay actress Prerna aka Shweta Tiwari&apos;s daughter Palak is beauty with brains.
[WebDriverCommandLogger] - Executing findElements parameters: {&quot;using&quot;:&quot;xpath&quot;,&quot;value&quot;:&quot;//*[@id=&apos;itemContainer&apos;]/li/span/strong/a&quot;}
[WebDriverCommandLogger] - command: findElements[ param-1: {value=//*[@id=&apos;itemContainer&apos;]/li/span/strong/a, using=xpath}] Result: [id: 0.30390822907591764-1, id: 0.30390822907591764-2, id: 0.30390822907591764-3, id: 0.30390822907591764-4, id: 0.30390822907591764-5, id: 0.30390822907591764-6, id: 0.30390822907591764-7, id: 0.30390822907591764-8, id: 0.30390822907591764-9, id: 0.30390822907591764-10, id: 0.30390822907591764-11, id: 0.30390822907591764-12, id: 0.30390822907591764-13, id: 0.30390822907591764-14, id: 0.30390822907591764-15, id: 0.30390822907591764-16, id: 0.30390822907591764-17, id: 0.30390822907591764-18, id: 0.30390822907591764-19, id: 0.30390822907591764-20, id: 0.30390822907591764-21, id: 0.30390822907591764-22, id: 0.30390822907591764-23, id: 0.30390822907591764-24, id: 0.30390822907591764-25, id: 0.30390822907591764-26, id: 0.30390822907591764-27, id: 0.30390822907591764-28, id: 0.30390822907591764-29, id: 0.30390822907591764-30]
[WebDriverCommandLogger] - Executing getElementText element: By.xpath: //*[@id=&apos;itemContainer&apos;]/li/span/strong/a parameters: {&quot;id&quot;:&quot;0.30390822907591764-4&quot;}
[WebDriverCommandLogger] - command: getElementText[ param-1: By.xpath: //*[@id=&apos;itemContainer&apos;]/li/span/strong/a param-2: {&quot;id&quot;:&quot;0.30390822907591764-4&quot;}] Result: getElementText:All Delhiites can get free surgeries at private hospitals
[WebDriverCommandLogger] - Executing findElements parameters: {&quot;using&quot;:&quot;xpath&quot;,&quot;value&quot;:&quot;//ul[@id=&apos;itemContainer&apos;]/li/span/div/following-sibling::*&quot;}
[WebDriverCommandLogger] - command: findElements[ param-1: {value=//ul[@id=&apos;itemContainer&apos;]/li/span/div/following-sibling::*, using=xpath}] Result: [id: 0.30390822907591764-31, id: 0.30390822907591764-32, id: 0.30390822907591764-33, id: 0.30390822907591764-34, id: 0.30390822907591764-35, id: 0.30390822907591764-36, id: 0.30390822907591764-37, id: 0.30390822907591764-38, id: 0.30390822907591764-39, id: 0.30390822907591764-40, id: 0.30390822907591764-41, id: 0.30390822907591764-42, id: 0.30390822907591764-43, id: 0.30390822907591764-44, id: 0.30390822907591764-45, id: 0.30390822907591764-46, id: 0.30390822907591764-47, id: 0.30390822907591764-48, id: 0.30390822907591764-49, id: 0.30390822907591764-50, id: 0.30390822907591764-51, id: 0.30390822907591764-52, id: 0.30390822907591764-53, id: 0.30390822907591764-54, id: 0.30390822907591764-55, id: 0.30390822907591764-56, id: 0.30390822907591764-57, id: 0.30390822907591764-58, id: 0.30390822907591764-59, id: 0.30390822907591764-60]
[WebDriverCommandLogger] - Executing getElementText element: By.xpath: //ul[@id=&apos;itemContainer&apos;]/li/span/div/following-sibling::* parameters: {&quot;id&quot;:&quot;0.30390822907591764-34&quot;}
[WebDriverCommandLogger] - command: getElementText[ param-1: By.xpath: //ul[@id=&apos;itemContainer&apos;]/li/span/div/following-sibling::* param-2: {&quot;id&quot;:&quot;0.30390822907591764-34&quot;}] Result: getElementText:Residents of Delhi who are unable to have surgeries at any government hospital in the city can now get free surgery in 48 private hospitals without having to worry about huge bills. The bills, for which no upper limit has been set, will be paid by the Delhi government.
[WebDriverCommandLogger] - Executing findElements parameters: {&quot;using&quot;:&quot;xpath&quot;,&quot;value&quot;:&quot;//*[@id=&apos;itemContainer&apos;]/li/span/strong/a&quot;}
[WebDriverCommandLogger] - command: findElements[ param-1: {value=//*[@id=&apos;itemContainer&apos;]/li/span/strong/a, using=xpath}] Result: [id: 0.30390822907591764-1, id: 0.30390822907591764-2, id: 0.30390822907591764-3, id: 0.30390822907591764-4, id: 0.30390822907591764-5, id: 0.30390822907591764-6, id: 0.30390822907591764-7, id: 0.30390822907591764-8, id: 0.30390822907591764-9, id: 0.30390822907591764-10, id: 0.30390822907591764-11, id: 0.30390822907591764-12, id: 0.30390822907591764-13, id: 0.30390822907591764-14, id: 0.30390822907591764-15, id: 0.30390822907591764-16, id: 0.30390822907591764-17, id: 0.30390822907591764-18, id: 0.30390822907591764-19, id: 0.30390822907591764-20, id: 0.30390822907591764-21, id: 0.30390822907591764-22, id: 0.30390822907591764-23, id: 0.30390822907591764-24, id: 0.30390822907591764-25, id: 0.30390822907591764-26, id: 0.30390822907591764-27, id: 0.30390822907591764-28, id: 0.30390822907591764-29, id: 0.30390822907591764-30]
[WebDriverCommandLogger] - Executing getElementText element: By.xpath: //*[@id=&apos;itemContainer&apos;]/li/span/strong/a parameters: {&quot;id&quot;:&quot;0.30390822907591764-5&quot;}
[WebDriverCommandLogger] - command: getElementText[ param-1: By.xpath: //*[@id=&apos;itemContainer&apos;]/li/span/strong/a param-2: {&quot;id&quot;:&quot;0.30390822907591764-5&quot;}] Result: getElementText:Amarnath terror strike: Driver Salim Sheikh ensured the safety of more than 50 pilgrims on attacked bus
[WebDriverCommandLogger] - Executing findElements parameters: {&quot;using&quot;:&quot;xpath&quot;,&quot;value&quot;:&quot;//ul[@id=&apos;itemContainer&apos;]/li/span/div/following-sibling::*&quot;}
[WebDriverCommandLogger] - command: findElements[ param-1: {value=//ul[@id=&apos;itemContainer&apos;]/li/span/div/following-sibling::*, using=xpath}] Result: [id: 0.30390822907591764-31, id: 0.30390822907591764-32, id: 0.30390822907591764-33, id: 0.30390822907591764-34, id: 0.30390822907591764-35, id: 0.30390822907591764-36, id: 0.30390822907591764-37, id: 0.30390822907591764-38, id: 0.30390822907591764-39, id: 0.30390822907591764-40, id: 0.30390822907591764-41, id: 0.30390822907591764-42, id: 0.30390822907591764-43, id: 0.30390822907591764-44, id: 0.30390822907591764-45, id: 0.30390822907591764-46, id: 0.30390822907591764-47, id: 0.30390822907591764-48, id: 0.30390822907591764-49, id: 0.30390822907591764-50, id: 0.30390822907591764-51, id: 0.30390822907591764-52, id: 0.30390822907591764-53, id: 0.30390822907591764-54, id: 0.30390822907591764-55, id: 0.30390822907591764-56, id: 0.30390822907591764-57, id: 0.30390822907591764-58, id: 0.30390822907591764-59, id: 0.30390822907591764-60]
[WebDriverCommandLogger] - Executing getElementText element: By.xpath: //ul[@id=&apos;itemContainer&apos;]/li/span/div/following-sibling::* parameters: {&quot;id&quot;:&quot;0.30390822907591764-35&quot;}
[WebDriverCommandLogger] - command: getElementText[ param-1: By.xpath: //ul[@id=&apos;itemContainer&apos;]/li/span/div/following-sibling::* param-2: {&quot;id&quot;:&quot;0.30390822907591764-35&quot;}] Result: getElementText:
[WebDriverCommandLogger] - Executing findElements parameters: {&quot;using&quot;:&quot;xpath&quot;,&quot;value&quot;:&quot;//*[@id=&apos;itemContainer&apos;]/li/span/strong/a&quot;}
[WebDriverCommandLogger] - command: findElements[ param-1: {value=//*[@id=&apos;itemContainer&apos;]/li/span/strong/a, using=xpath}] Result: [id: 0.30390822907591764-1, id: 0.30390822907591764-2, id: 0.30390822907591764-3, id: 0.30390822907591764-4, id: 0.30390822907591764-5, id: 0.30390822907591764-6, id: 0.30390822907591764-7, id: 0.30390822907591764-8, id: 0.30390822907591764-9, id: 0.30390822907591764-10, id: 0.30390822907591764-11, id: 0.30390822907591764-12, id: 0.30390822907591764-13, id: 0.30390822907591764-14, id: 0.30390822907591764-15, id: 0.30390822907591764-16, id: 0.30390822907591764-17, id: 0.30390822907591764-18, id: 0.30390822907591764-19, id: 0.30390822907591764-20, id: 0.30390822907591764-21, id: 0.30390822907591764-22, id: 0.30390822907591764-23, id: 0.30390822907591764-24, id: 0.30390822907591764-25, id: 0.30390822907591764-26, id: 0.30390822907591764-27, id: 0.30390822907591764-28, id: 0.30390822907591764-29, id: 0.30390822907591764-30]
[WebDriverCommandLogger] - Executing getElementText element: By.xpath: //*[@id=&apos;itemContainer&apos;]/li/span/strong/a parameters: {&quot;id&quot;:&quot;0.30390822907591764-6&quot;}
[WebDriverCommandLogger] - command: getElementText[ param-1: By.xpath: //*[@id=&apos;itemContainer&apos;]/li/span/strong/a param-2: {&quot;id&quot;:&quot;0.30390822907591764-6&quot;}] Result: getElementText:Ravi Shastri appointed new head coach and Zaheer Khan bowling coach: BCCI
[WebDriverCommandLogger] - Executing findElements parameters: {&quot;using&quot;:&quot;xpath&quot;,&quot;value&quot;:&quot;//ul[@id=&apos;itemContainer&apos;]/li/span/div/following-sibling::*&quot;}
[WebDriverCommandLogger] - command: findElements[ param-1: {value=//ul[@id=&apos;itemContainer&apos;]/li/span/div/following-sibling::*, using=xpath}] Result: [id: 0.30390822907591764-31, id: 0.30390822907591764-32, id: 0.30390822907591764-33, id: 0.30390822907591764-34, id: 0.30390822907591764-35, id: 0.30390822907591764-36, id: 0.30390822907591764-37, id: 0.30390822907591764-38, id: 0.30390822907591764-39, id: 0.30390822907591764-40, id: 0.30390822907591764-41, id: 0.30390822907591764-42, id: 0.30390822907591764-43, id: 0.30390822907591764-44, id: 0.30390822907591764-45, id: 0.30390822907591764-46, id: 0.30390822907591764-47, id: 0.30390822907591764-48, id: 0.30390822907591764-49, id: 0.30390822907591764-50, id: 0.30390822907591764-51, id: 0.30390822907591764-52, id: 0.30390822907591764-53, id: 0.30390822907591764-54, id: 0.30390822907591764-55, id: 0.30390822907591764-56, id: 0.30390822907591764-57, id: 0.30390822907591764-58, id: 0.30390822907591764-59, id: 0.30390822907591764-60]
[WebDriverCommandLogger] - Executing getElementText element: By.xpath: //ul[@id=&apos;itemContainer&apos;]/li/span/div/following-sibling::* parameters: {&quot;id&quot;:&quot;0.30390822907591764-36&quot;}
[WebDriverCommandLogger] - command: getElementText[ param-1: By.xpath: //ul[@id=&apos;itemContainer&apos;]/li/span/div/following-sibling::* param-2: {&quot;id&quot;:&quot;0.30390822907591764-36&quot;}] Result: getElementText:This marks an eventful return to the Indian setup for former allrounder Ravi Shastri, who last June was overlooked by the CAC for Anil Kumble, and subsequently had a public spat with former captain Sourav Ganguly.
[WebDriverCommandLogger] - Executing findElements parameters: {&quot;using&quot;:&quot;xpath&quot;,&quot;value&quot;:&quot;//*[@id=&apos;itemContainer&apos;]/li/span/strong/a&quot;}
[WebDriverCommandLogger] - command: findElements[ param-1: {value=//*[@id=&apos;itemContainer&apos;]/li/span/strong/a, using=xpath}] Result: [id: 0.30390822907591764-1, id: 0.30390822907591764-2, id: 0.30390822907591764-3, id: 0.30390822907591764-4, id: 0.30390822907591764-5, id: 0.30390822907591764-6, id: 0.30390822907591764-7, id: 0.30390822907591764-8, id: 0.30390822907591764-9, id: 0.30390822907591764-10, id: 0.30390822907591764-11, id: 0.30390822907591764-12, id: 0.30390822907591764-13, id: 0.30390822907591764-14, id: 0.30390822907591764-15, id: 0.30390822907591764-16, id: 0.30390822907591764-17, id: 0.30390822907591764-18, id: 0.30390822907591764-19, id: 0.30390822907591764-20, id: 0.30390822907591764-21, id: 0.30390822907591764-22, id: 0.30390822907591764-23, id: 0.30390822907591764-24, id: 0.30390822907591764-25, id: 0.30390822907591764-26, id: 0.30390822907591764-27, id: 0.30390822907591764-28, id: 0.30390822907591764-29, id: 0.30390822907591764-30]
[WebDriverCommandLogger] - Executing getElementText element: By.xpath: //*[@id=&apos;itemContainer&apos;]/li/span/strong/a parameters: {&quot;id&quot;:&quot;0.30390822907591764-7&quot;}
[WebDriverCommandLogger] - command: getElementText[ param-1: By.xpath: //*[@id=&apos;itemContainer&apos;]/li/span/strong/a param-2: {&quot;id&quot;:&quot;0.30390822907591764-7&quot;}] Result: getElementText:Border standoff: Why Bhutan will not ditch India
[WebDriverCommandLogger] - Executing findElements parameters: {&quot;using&quot;:&quot;xpath&quot;,&quot;value&quot;:&quot;//ul[@id=&apos;itemContainer&apos;]/li/span/div/following-sibling::*&quot;}
[WebDriverCommandLogger] - command: findElements[ param-1: {value=//ul[@id=&apos;itemContainer&apos;]/li/span/div/following-sibling::*, using=xpath}] Result: [id: 0.30390822907591764-31, id: 0.30390822907591764-32, id: 0.30390822907591764-33, id: 0.30390822907591764-34, id: 0.30390822907591764-35, id: 0.30390822907591764-36, id: 0.30390822907591764-37, id: 0.30390822907591764-38, id: 0.30390822907591764-39, id: 0.30390822907591764-40, id: 0.30390822907591764-41, id: 0.30390822907591764-42, id: 0.30390822907591764-43, id: 0.30390822907591764-44, id: 0.30390822907591764-45, id: 0.30390822907591764-46, id: 0.30390822907591764-47, id: 0.30390822907591764-48, id: 0.30390822907591764-49, id: 0.30390822907591764-50, id: 0.30390822907591764-51, id: 0.30390822907591764-52, id: 0.30390822907591764-53, id: 0.30390822907591764-54, id: 0.30390822907591764-55, id: 0.30390822907591764-56, id: 0.30390822907591764-57, id: 0.30390822907591764-58, id: 0.30390822907591764-59, id: 0.30390822907591764-60]
[WebDriverCommandLogger] - Executing getElementText element: By.xpath: //ul[@id=&apos;itemContainer&apos;]/li/span/div/following-sibling::* parameters: {&quot;id&quot;:&quot;0.30390822907591764-37&quot;}
[WebDriverCommandLogger] - command: getElementText[ param-1: By.xpath: //ul[@id=&apos;itemContainer&apos;]/li/span/div/following-sibling::* param-2: {&quot;id&quot;:&quot;0.30390822907591764-37&quot;}] Result: getElementText:
[WebDriverCommandLogger] - Executing findElements parameters: {&quot;using&quot;:&quot;xpath&quot;,&quot;value&quot;:&quot;//*[@id=&apos;itemContainer&apos;]/li/span/strong/a&quot;}
[WebDriverCommandLogger] - command: findElements[ param-1: {value=//*[@id=&apos;itemContainer&apos;]/li/span/strong/a, using=xpath}] Result: [id: 0.30390822907591764-1, id: 0.30390822907591764-2, id: 0.30390822907591764-3, id: 0.30390822907591764-4, id: 0.30390822907591764-5, id: 0.30390822907591764-6, id: 0.30390822907591764-7, id: 0.30390822907591764-8, id: 0.30390822907591764-9, id: 0.30390822907591764-10, id: 0.30390822907591764-11, id: 0.30390822907591764-12, id: 0.30390822907591764-13, id: 0.30390822907591764-14, id: 0.30390822907591764-15, id: 0.30390822907591764-16, id: 0.30390822907591764-17, id: 0.30390822907591764-18, id: 0.30390822907591764-19, id: 0.30390822907591764-20, id: 0.30390822907591764-21, id: 0.30390822907591764-22, id: 0.30390822907591764-23, id: 0.30390822907591764-24, id: 0.30390822907591764-25, id: 0.30390822907591764-26, id: 0.30390822907591764-27, id: 0.30390822907591764-28, id: 0.30390822907591764-29, id: 0.30390822907591764-30]
[WebDriverCommandLogger] - Executing getElementText element: By.xpath: //*[@id=&apos;itemContainer&apos;]/li/span/strong/a parameters: {&quot;id&quot;:&quot;0.30390822907591764-8&quot;}
[WebDriverCommandLogger] - command: getElementText[ param-1: By.xpath: //*[@id=&apos;itemContainer&apos;]/li/span/strong/a param-2: {&quot;id&quot;:&quot;0.30390822907591764-8&quot;}] Result: getElementText:Chinese, Bhutanse envoys met with Rahul Gandhi: Congress
[WebDriverCommandLogger] - Executing findElements parameters: {&quot;using&quot;:&quot;xpath&quot;,&quot;value&quot;:&quot;//ul[@id=&apos;itemContainer&apos;]/li/span/div/following-sibling::*&quot;}
[WebDriverCommandLogger] - command: findElements[ param-1: {value=//ul[@id=&apos;itemContainer&apos;]/li/span/div/following-sibling::*, using=xpath}] Result: [id: 0.30390822907591764-31, id: 0.30390822907591764-32, id: 0.30390822907591764-33, id: 0.30390822907591764-34, id: 0.30390822907591764-35, id: 0.30390822907591764-36, id: 0.30390822907591764-37, id: 0.30390822907591764-38, id: 0.30390822907591764-39, id: 0.30390822907591764-40, id: 0.30390822907591764-41, id: 0.30390822907591764-42, id: 0.30390822907591764-43, id: 0.30390822907591764-44, id: 0.30390822907591764-45, id: 0.30390822907591764-46, id: 0.30390822907591764-47, id: 0.30390822907591764-48, id: 0.30390822907591764-49, id: 0.30390822907591764-50, id: 0.30390822907591764-51, id: 0.30390822907591764-52, id: 0.30390822907591764-53, id: 0.30390822907591764-54, id: 0.30390822907591764-55, id: 0.30390822907591764-56, id: 0.30390822907591764-57, id: 0.30390822907591764-58, id: 0.30390822907591764-59, id: 0.30390822907591764-60]
[WebDriverCommandLogger] - Executing getElementText element: By.xpath: //ul[@id=&apos;itemContainer&apos;]/li/span/div/following-sibling::* parameters: {&quot;id&quot;:&quot;0.30390822907591764-38&quot;}
[WebDriverCommandLogger] - command: getElementText[ param-1: By.xpath: //ul[@id=&apos;itemContainer&apos;]/li/span/div/following-sibling::* param-2: {&quot;id&quot;:&quot;0.30390822907591764-38&quot;}] Result: getElementText:&quot;Envoys met Rahul Gandhi, not only Chinese envoy but also Bhutanese envoy and ex-NSA Shiv Shankar Menon,&quot; Congress spokesperson Randeep Singh Surjewala said.
[WebDriverCommandLogger] - Executing findElements parameters: {&quot;using&quot;:&quot;xpath&quot;,&quot;value&quot;:&quot;//*[@id=&apos;itemContainer&apos;]/li/span/strong/a&quot;}
[WebDriverCommandLogger] - command: findElements[ param-1: {value=//*[@id=&apos;itemContainer&apos;]/li/span/strong/a, using=xpath}] Result: [id: 0.30390822907591764-1, id: 0.30390822907591764-2, id: 0.30390822907591764-3, id: 0.30390822907591764-4, id: 0.30390822907591764-5, id: 0.30390822907591764-6, id: 0.30390822907591764-7, id: 0.30390822907591764-8, id: 0.30390822907591764-9, id: 0.30390822907591764-10, id: 0.30390822907591764-11, id: 0.30390822907591764-12, id: 0.30390822907591764-13, id: 0.30390822907591764-14, id: 0.30390822907591764-15, id: 0.30390822907591764-16, id: 0.30390822907591764-17, id: 0.30390822907591764-18, id: 0.30390822907591764-19, id: 0.30390822907591764-20, id: 0.30390822907591764-21, id: 0.30390822907591764-22, id: 0.30390822907591764-23, id: 0.30390822907591764-24, id: 0.30390822907591764-25, id: 0.30390822907591764-26, id: 0.30390822907591764-27, id: 0.30390822907591764-28, id: 0.30390822907591764-29, id: 0.30390822907591764-30]
[WebDriverCommandLogger] - Executing getElementText element: By.xpath: //*[@id=&apos;itemContainer&apos;]/li/span/strong/a parameters: {&quot;id&quot;:&quot;0.30390822907591764-9&quot;}
[WebDriverCommandLogger] - command: getElementText[ param-1: By.xpath: //*[@id=&apos;itemContainer&apos;]/li/span/strong/a param-2: {&quot;id&quot;:&quot;0.30390822907591764-9&quot;}] Result: getElementText:Trump walks up to Modi for &apos;impromptu&apos; chat at G20 Summit
[WebDriverCommandLogger] - Executing findElements parameters: {&quot;using&quot;:&quot;xpath&quot;,&quot;value&quot;:&quot;//ul[@id=&apos;itemContainer&apos;]/li/span/div/following-sibling::*&quot;}
[WebDriverCommandLogger] - command: findElements[ param-1: {value=//ul[@id=&apos;itemContainer&apos;]/li/span/div/following-sibling::*, using=xpath}] Result: [id: 0.30390822907591764-31, id: 0.30390822907591764-32, id: 0.30390822907591764-33, id: 0.30390822907591764-34, id: 0.30390822907591764-35, id: 0.30390822907591764-36, id: 0.30390822907591764-37, id: 0.30390822907591764-38, id: 0.30390822907591764-39, id: 0.30390822907591764-40, id: 0.30390822907591764-41, id: 0.30390822907591764-42, id: 0.30390822907591764-43, id: 0.30390822907591764-44, id: 0.30390822907591764-45, id: 0.30390822907591764-46, id: 0.30390822907591764-47, id: 0.30390822907591764-48, id: 0.30390822907591764-49, id: 0.30390822907591764-50, id: 0.30390822907591764-51, id: 0.30390822907591764-52, id: 0.30390822907591764-53, id: 0.30390822907591764-54, id: 0.30390822907591764-55, id: 0.30390822907591764-56, id: 0.30390822907591764-57, id: 0.30390822907591764-58, id: 0.30390822907591764-59, id: 0.30390822907591764-60]
[WebDriverCommandLogger] - Executing getElementText element: By.xpath: //ul[@id=&apos;itemContainer&apos;]/li/span/div/following-sibling::* parameters: {&quot;id&quot;:&quot;0.30390822907591764-39&quot;}
[WebDriverCommandLogger] - command: getElementText[ param-1: By.xpath: //ul[@id=&apos;itemContainer&apos;]/li/span/div/following-sibling::* param-2: {&quot;id&quot;:&quot;0.30390822907591764-39&quot;}] Result: getElementText:
[WebDriverCommandLogger] - Executing findElements parameters: {&quot;using&quot;:&quot;xpath&quot;,&quot;value&quot;:&quot;//*[@id=&apos;itemContainer&apos;]/li/span/strong/a&quot;}
[WebDriverCommandLogger] - command: findElements[ param-1: {value=//*[@id=&apos;itemContainer&apos;]/li/span/strong/a, using=xpath}] Result: [id: 0.30390822907591764-1, id: 0.30390822907591764-2, id: 0.30390822907591764-3, id: 0.30390822907591764-4, id: 0.30390822907591764-5, id: 0.30390822907591764-6, id: 0.30390822907591764-7, id: 0.30390822907591764-8, id: 0.30390822907591764-9, id: 0.30390822907591764-10, id: 0.30390822907591764-11, id: 0.30390822907591764-12, id: 0.30390822907591764-13, id: 0.30390822907591764-14, id: 0.30390822907591764-15, id: 0.30390822907591764-16, id: 0.30390822907591764-17, id: 0.30390822907591764-18, id: 0.30390822907591764-19, id: 0.30390822907591764-20, id: 0.30390822907591764-21, id: 0.30390822907591764-22, id: 0.30390822907591764-23, id: 0.30390822907591764-24, id: 0.30390822907591764-25, id: 0.30390822907591764-26, id: 0.30390822907591764-27, id: 0.30390822907591764-28, id: 0.30390822907591764-29, id: 0.30390822907591764-30]
[WebDriverCommandLogger] - Executing getElementText element: By.xpath: //*[@id=&apos;itemContainer&apos;]/li/span/strong/a parameters: {&quot;id&quot;:&quot;0.30390822907591764-10&quot;}
[WebDriverCommandLogger] - command: getElementText[ param-1: By.xpath: //*[@id=&apos;itemContainer&apos;]/li/span/strong/a param-2: {&quot;id&quot;:&quot;0.30390822907591764-10&quot;}] Result: getElementText:Terrorists attack Amarnath pilgrims in J&amp;K
[WebDriverCommandLogger] - Executing findElements parameters: {&quot;using&quot;:&quot;xpath&quot;,&quot;value&quot;:&quot;//ul[@id=&apos;itemContainer&apos;]/li/span/div/following-sibling::*&quot;}
[WebDriverCommandLogger] - command: findElements[ param-1: {value=//ul[@id=&apos;itemContainer&apos;]/li/span/div/following-sibling::*, using=xpath}] Result: [id: 0.30390822907591764-31, id: 0.30390822907591764-32, id: 0.30390822907591764-33, id: 0.30390822907591764-34, id: 0.30390822907591764-35, id: 0.30390822907591764-36, id: 0.30390822907591764-37, id: 0.30390822907591764-38, id: 0.30390822907591764-39, id: 0.30390822907591764-40, id: 0.30390822907591764-41, id: 0.30390822907591764-42, id: 0.30390822907591764-43, id: 0.30390822907591764-44, id: 0.30390822907591764-45, id: 0.30390822907591764-46, id: 0.30390822907591764-47, id: 0.30390822907591764-48, id: 0.30390822907591764-49, id: 0.30390822907591764-50, id: 0.30390822907591764-51, id: 0.30390822907591764-52, id: 0.30390822907591764-53, id: 0.30390822907591764-54, id: 0.30390822907591764-55, id: 0.30390822907591764-56, id: 0.30390822907591764-57, id: 0.30390822907591764-58, id: 0.30390822907591764-59, id: 0.30390822907591764-60]
[WebDriverCommandLogger] - Executing getElementText element: By.xpath: //ul[@id=&apos;itemContainer&apos;]/li/span/div/following-sibling::* parameters: {&quot;id&quot;:&quot;0.30390822907591764-40&quot;}
[WebDriverCommandLogger] - command: getElementText[ param-1: By.xpath: //ul[@id=&apos;itemContainer&apos;]/li/span/div/following-sibling::* param-2: {&quot;id&quot;:&quot;0.30390822907591764-40&quot;}] Result: getElementText:A group of heavily armed terrorists on Monday attacked Amarnath pilgrims in Batengoo area of Jammu and Kashmir&apos;s Anantnag district, according to reports.Terrorists attack Amarnath pilgrims in J&amp;amp;K
[WebDriverCommandLogger] - Executing getWindowHandles parameters: {}
[WebDriverCommandLogger] - command: getWindowHandles[ param-1: {}] Result: [CDwindow-4ef72586-06fd-4523-8efe-f55e21d92bdf, CDwindow-d57932e4-e521-478a-b44b-887d47f9e5a7]
[WebDriverCommandLogger] - Executing close parameters: {}
[WebDriverCommandLogger] - command: close[ param-1: {}] Result: null
[WebDriverCommandLogger] - Executing switchToWindow parameters: {&quot;name&quot;:&quot;CDwindow-4ef72586-06fd-4523-8efe-f55e21d92bdf&quot;}
[WebDriverCommandLogger] - command: switchToWindow[ param-1: {name=CDwindow-4ef72586-06fd-4523-8efe-f55e21d92bdf}] Result: null
[WebDriverCommandLogger] - Executing findElements parameters: {&quot;using&quot;:&quot;xpath&quot;,&quot;value&quot;:&quot;//*[@id=&apos;c_wdt_mp_1&apos;]/div/ul/li&quot;}
[WebDriverCommandLogger] - command: findElements[ param-1: {value=//*[@id=&apos;c_wdt_mp_1&apos;]/div/ul/li, using=xpath}] Result: [id: 0.08558070645241611-193, id: 0.08558070645241611-194, id: 0.08558070645241611-195]
[WebDriverCommandLogger] - Executing findElements parameters: {&quot;using&quot;:&quot;xpath&quot;,&quot;value&quot;:&quot;//*[@id=&apos;c_wdt_mp_1&apos;]/div/ul/li&quot;}
[WebDriverCommandLogger] - command: findElements[ param-1: {value=//*[@id=&apos;c_wdt_mp_1&apos;]/div/ul/li, using=xpath}] Result: [id: 0.08558070645241611-193, id: 0.08558070645241611-194, id: 0.08558070645241611-195]
[WebDriverCommandLogger] - Executing getElementText element: By.xpath: //*[@id=&apos;c_wdt_mp_1&apos;]/div/ul/li parameters: {&quot;id&quot;:&quot;0.08558070645241611-193&quot;}
[WebDriverCommandLogger] - command: getElementText[ param-1: By.xpath: //*[@id=&apos;c_wdt_mp_1&apos;]/div/ul/li param-2: {&quot;id&quot;:&quot;0.08558070645241611-193&quot;}] Result: getElementText:READ
[WebDriverCommandLogger] - Executing findElements parameters: {&quot;using&quot;:&quot;xpath&quot;,&quot;value&quot;:&quot;//*[@id=&apos;c_wdt_mp_1&apos;]/div/ul/li&quot;}
[WebDriverCommandLogger] - command: findElements[ param-1: {value=//*[@id=&apos;c_wdt_mp_1&apos;]/div/ul/li, using=xpath}] Result: [id: 0.08558070645241611-193, id: 0.08558070645241611-194, id: 0.08558070645241611-195]
[WebDriverCommandLogger] - Executing executeScript parameters: {&quot;args&quot;:[{&quot;element-6066-11e4-a52e-4f735466cecf&quot;:&quot;0.08558070645241611-193&quot;,&quot;ELEMENT&quot;:&quot;0.08558070645241611-193&quot;}],&quot;script&quot;:&quot;arguments[0].click();&quot;}
[WebDriverCommandLogger] - Executing findElements parameters: {&quot;using&quot;:&quot;xpath&quot;,&quot;value&quot;:&quot;//*[@id=&apos;c_wdt_mp_1&apos;]//ul[@class=&apos;inner-tabs&apos;]/li&quot;}
[WebDriverCommandLogger] - command: findElements[ param-1: {value=//*[@id=&apos;c_wdt_mp_1&apos;]//ul[@class=&apos;inner-tabs&apos;]/li, using=xpath}] Result: [id: 0.08558070645241611-196, id: 0.08558070645241611-197]
[WebDriverCommandLogger] - Executing findElements parameters: {&quot;using&quot;:&quot;xpath&quot;,&quot;value&quot;:&quot;//*[@id=&apos;c_wdt_mp_1&apos;]/div/ul/li&quot;}
[WebDriverCommandLogger] - command: findElements[ param-1: {value=//*[@id=&apos;c_wdt_mp_1&apos;]/div/ul/li, using=xpath}] Result: [id: 0.08558070645241611-193, id: 0.08558070645241611-194, id: 0.08558070645241611-195]
[WebDriverCommandLogger] - Executing getElementText element: By.xpath: //*[@id=&apos;c_wdt_mp_1&apos;]/div/ul/li parameters: {&quot;id&quot;:&quot;0.08558070645241611-193&quot;}
[WebDriverCommandLogger] - command: getElementText[ param-1: By.xpath: //*[@id=&apos;c_wdt_mp_1&apos;]/div/ul/li param-2: {&quot;id&quot;:&quot;0.08558070645241611-193&quot;}] Result: getElementText:READ
[WebDriverCommandLogger] - Executing findElements parameters: {&quot;using&quot;:&quot;xpath&quot;,&quot;value&quot;:&quot;//*[@id=&apos;c_wdt_mp_1&apos;]//ul[@class=&apos;inner-tabs&apos;]/li&quot;}
[WebDriverCommandLogger] - command: findElements[ param-1: {value=//*[@id=&apos;c_wdt_mp_1&apos;]//ul[@class=&apos;inner-tabs&apos;]/li, using=xpath}] Result: [id: 0.08558070645241611-196, id: 0.08558070645241611-197]
[WebDriverCommandLogger] - Executing findElements parameters: {&quot;using&quot;:&quot;xpath&quot;,&quot;value&quot;:&quot;//*[@id=&apos;c_wdt_mp_1&apos;]/div/ul/li&quot;}
[WebDriverCommandLogger] - command: findElements[ param-1: {value=//*[@id=&apos;c_wdt_mp_1&apos;]/div/ul/li, using=xpath}] Result: [id: 0.08558070645241611-193, id: 0.08558070645241611-194, id: 0.08558070645241611-195]
[WebDriverCommandLogger] - Executing getElementText element: By.xpath: //*[@id=&apos;c_wdt_mp_1&apos;]/div/ul/li parameters: {&quot;id&quot;:&quot;0.08558070645241611-194&quot;}
[WebDriverCommandLogger] - command: getElementText[ param-1: By.xpath: //*[@id=&apos;c_wdt_mp_1&apos;]/div/ul/li param-2: {&quot;id&quot;:&quot;0.08558070645241611-194&quot;}] Result: getElementText:COMMENTED
[WebDriverCommandLogger] - Executing findElements parameters: {&quot;using&quot;:&quot;xpath&quot;,&quot;value&quot;:&quot;//*[@id=&apos;c_wdt_mp_1&apos;]//ul[@class=&apos;inner-tabs&apos;]/li&quot;}
[WebDriverCommandLogger] - command: findElements[ param-1: {value=//*[@id=&apos;c_wdt_mp_1&apos;]//ul[@class=&apos;inner-tabs&apos;]/li, using=xpath}] Result: [id: 0.08558070645241611-196, id: 0.08558070645241611-197]
[WebDriverCommandLogger] - Executing findElements parameters: {&quot;using&quot;:&quot;xpath&quot;,&quot;value&quot;:&quot;//*[@id=&apos;c_wdt_mp_1&apos;]//div[@class=&apos;tab-content&apos;]/ul/li&quot;}
[WebDriverCommandLogger] - command: findElements[ param-1: {value=//*[@id=&apos;c_wdt_mp_1&apos;]//div[@class=&apos;tab-content&apos;]/ul/li, using=xpath}] Result: [id: 0.08558070645241611-205, id: 0.08558070645241611-206, id: 0.08558070645241611-207, id: 0.08558070645241611-208]
[WebDriverCommandLogger] - Executing getElementText element: By.xpath: //*[@id=&apos;c_wdt_mp_1&apos;]//div[@class=&apos;tab-content&apos;]/ul/li parameters: {&quot;id&quot;:&quot;0.08558070645241611-205&quot;}
[WebDriverCommandLogger] - command: getElementText[ param-1: By.xpath: //*[@id=&apos;c_wdt_mp_1&apos;]//div[@class=&apos;tab-content&apos;]/ul/li param-2: {&quot;id&quot;:&quot;0.08558070645241611-205&quot;}] Result: getElementText:&apos;xXx: Return of Xander Cage&apos; duo Deepika Padukone and Vin Diesel are too cute to miss in this video
[WebDriverCommandLogger] - Executing getElementText element: By.xpath: //*[@id=&apos;c_wdt_mp_1&apos;]//div[@class=&apos;tab-content&apos;]/ul/li parameters: {&quot;id&quot;:&quot;0.08558070645241611-206&quot;}
[WebDriverCommandLogger] - command: getElementText[ param-1: By.xpath: //*[@id=&apos;c_wdt_mp_1&apos;]//div[@class=&apos;tab-content&apos;]/ul/li param-2: {&quot;id&quot;:&quot;0.08558070645241611-206&quot;}] Result: getElementText:
[WebDriverCommandLogger] - Executing getElementText element: By.xpath: //*[@id=&apos;c_wdt_mp_1&apos;]//div[@class=&apos;tab-content&apos;]/ul/li parameters: {&quot;id&quot;:&quot;0.08558070645241611-207&quot;}
[WebDriverCommandLogger] - command: getElementText[ param-1: By.xpath: //*[@id=&apos;c_wdt_mp_1&apos;]//div[@class=&apos;tab-content&apos;]/ul/li param-2: {&quot;id&quot;:&quot;0.08558070645241611-207&quot;}] Result: getElementText:Amitabh Bachchan miffed with Aishwarya for doing intimate scenes with Ranbir Kapoor?
[WebDriverCommandLogger] - Executing getElementText element: By.xpath: //*[@id=&apos;c_wdt_mp_1&apos;]//div[@class=&apos;tab-content&apos;]/ul/li parameters: {&quot;id&quot;:&quot;0.08558070645241611-208&quot;}
[WebDriverCommandLogger] - command: getElementText[ param-1: By.xpath: //*[@id=&apos;c_wdt_mp_1&apos;]//div[@class=&apos;tab-content&apos;]/ul/li param-2: {&quot;id&quot;:&quot;0.08558070645241611-208&quot;}] Result: getElementText:Deposits above Rs 2.5 lakh to face tax, 200% penalty on income mismatch
[WebDriverCommandLogger] - Executing findElements parameters: {&quot;using&quot;:&quot;xpath&quot;,&quot;value&quot;:&quot;//*[@id=&apos;c_wdt_mp_1&apos;]/div/ul/li&quot;}
[WebDriverCommandLogger] - command: findElements[ param-1: {value=//*[@id=&apos;c_wdt_mp_1&apos;]/div/ul/li, using=xpath}] Result: [id: 0.08558070645241611-193, id: 0.08558070645241611-194, id: 0.08558070645241611-195]
[WebDriverCommandLogger] - Executing findElements parameters: {&quot;using&quot;:&quot;xpath&quot;,&quot;value&quot;:&quot;//*[@id=&apos;c_wdt_mp_1&apos;]/div/ul/li&quot;}
[WebDriverCommandLogger] - command: findElements[ param-1: {value=//*[@id=&apos;c_wdt_mp_1&apos;]/div/ul/li, using=xpath}] Result: [id: 0.08558070645241611-193, id: 0.08558070645241611-194, id: 0.08558070645241611-195]
[WebDriverCommandLogger] - Executing getElementText element: By.xpath: //*[@id=&apos;c_wdt_mp_1&apos;]/div/ul/li parameters: {&quot;id&quot;:&quot;0.08558070645241611-193&quot;}
[WebDriverCommandLogger] - command: getElementText[ param-1: By.xpath: //*[@id=&apos;c_wdt_mp_1&apos;]/div/ul/li param-2: {&quot;id&quot;:&quot;0.08558070645241611-193&quot;}] Result: getElementText:READ
[WebDriverCommandLogger] - Executing findElements parameters: {&quot;using&quot;:&quot;xpath&quot;,&quot;value&quot;:&quot;//*[@id=&apos;c_wdt_mp_1&apos;]/div/ul/li&quot;}
[WebDriverCommandLogger] - command: findElements[ param-1: {value=//*[@id=&apos;c_wdt_mp_1&apos;]/div/ul/li, using=xpath}] Result: [id: 0.08558070645241611-193, id: 0.08558070645241611-194, id: 0.08558070645241611-195]
[WebDriverCommandLogger] - Executing findElements parameters: {&quot;using&quot;:&quot;xpath&quot;,&quot;value&quot;:&quot;//*[@id=&apos;c_wdt_mp_1&apos;]/div/ul/li&quot;}
[WebDriverCommandLogger] - command: findElements[ param-1: {value=//*[@id=&apos;c_wdt_mp_1&apos;]/div/ul/li, using=xpath}] Result: [id: 0.08558070645241611-193, id: 0.08558070645241611-194, id: 0.08558070645241611-195]
[WebDriverCommandLogger] - Executing getElementText element: By.xpath: //*[@id=&apos;c_wdt_mp_1&apos;]/div/ul/li parameters: {&quot;id&quot;:&quot;0.08558070645241611-194&quot;}
[WebDriverCommandLogger] - command: getElementText[ param-1: By.xpath: //*[@id=&apos;c_wdt_mp_1&apos;]/div/ul/li param-2: {&quot;id&quot;:&quot;0.08558070645241611-194&quot;}] Result: getElementText:COMMENTED
[WebDriverCommandLogger] - Executing findElements parameters: {&quot;using&quot;:&quot;xpath&quot;,&quot;value&quot;:&quot;//*[@id=&apos;c_wdt_mp_1&apos;]/div/ul/li&quot;}
[WebDriverCommandLogger] - command: findElements[ param-1: {value=//*[@id=&apos;c_wdt_mp_1&apos;]/div/ul/li, using=xpath}] Result: [id: 0.08558070645241611-193, id: 0.08558070645241611-194, id: 0.08558070645241611-195]
[WebDriverCommandLogger] - Executing executeScript parameters: {&quot;args&quot;:[{&quot;element-6066-11e4-a52e-4f735466cecf&quot;:&quot;0.08558070645241611-194&quot;,&quot;ELEMENT&quot;:&quot;0.08558070645241611-194&quot;}],&quot;script&quot;:&quot;arguments[0].click();&quot;}
[WebDriverCommandLogger] - Executing findElements parameters: {&quot;using&quot;:&quot;xpath&quot;,&quot;value&quot;:&quot;//*[@id=&apos;c_wdt_mp_1&apos;]//ul[@class=&apos;inner-tabs&apos;]/li&quot;}
[WebDriverCommandLogger] - command: findElements[ param-1: {value=//*[@id=&apos;c_wdt_mp_1&apos;]//ul[@class=&apos;inner-tabs&apos;]/li, using=xpath}] Result: [id: 0.08558070645241611-196, id: 0.08558070645241611-197]
[WebDriverCommandLogger] - Executing findElements parameters: {&quot;using&quot;:&quot;xpath&quot;,&quot;value&quot;:&quot;//*[@id=&apos;c_wdt_mp_1&apos;]/div/ul/li&quot;}
[WebDriverCommandLogger] - command: findElements[ param-1: {value=//*[@id=&apos;c_wdt_mp_1&apos;]/div/ul/li, using=xpath}] Result: [id: 0.08558070645241611-193, id: 0.08558070645241611-194, id: 0.08558070645241611-195]
[WebDriverCommandLogger] - Executing getElementText element: By.xpath: //*[@id=&apos;c_wdt_mp_1&apos;]/div/ul/li parameters: {&quot;id&quot;:&quot;0.08558070645241611-193&quot;}
[WebDriverCommandLogger] - command: getElementText[ param-1: By.xpath: //*[@id=&apos;c_wdt_mp_1&apos;]/div/ul/li param-2: {&quot;id&quot;:&quot;0.08558070645241611-193&quot;}] Result: getElementText:READ
[WebDriverCommandLogger] - Executing findElements parameters: {&quot;using&quot;:&quot;xpath&quot;,&quot;value&quot;:&quot;//*[@id=&apos;c_wdt_mp_1&apos;]//ul[@class=&apos;inner-tabs&apos;]/li&quot;}
[WebDriverCommandLogger] - command: findElements[ param-1: {value=//*[@id=&apos;c_wdt_mp_1&apos;]//ul[@class=&apos;inner-tabs&apos;]/li, using=xpath}] Result: [id: 0.08558070645241611-196, id: 0.08558070645241611-197]
[WebDriverCommandLogger] - Executing findElements parameters: {&quot;using&quot;:&quot;xpath&quot;,&quot;value&quot;:&quot;//*[@id=&apos;c_wdt_mp_1&apos;]/div/ul/li&quot;}
[WebDriverCommandLogger] - command: findElements[ param-1: {value=//*[@id=&apos;c_wdt_mp_1&apos;]/div/ul/li, using=xpath}] Result: [id: 0.08558070645241611-193, id: 0.08558070645241611-194, id: 0.08558070645241611-195]
[WebDriverCommandLogger] - Executing getElementText element: By.xpath: //*[@id=&apos;c_wdt_mp_1&apos;]/div/ul/li parameters: {&quot;id&quot;:&quot;0.08558070645241611-194&quot;}
[WebDriverCommandLogger] - command: getElementText[ param-1: By.xpath: //*[@id=&apos;c_wdt_mp_1&apos;]/div/ul/li param-2: {&quot;id&quot;:&quot;0.08558070645241611-194&quot;}] Result: getElementText:COMMENTED
[WebDriverCommandLogger] - Executing findElements parameters: {&quot;using&quot;:&quot;xpath&quot;,&quot;value&quot;:&quot;//*[@id=&apos;c_wdt_mp_1&apos;]//ul[@class=&apos;inner-tabs&apos;]/li&quot;}
[WebDriverCommandLogger] - command: findElements[ param-1: {value=//*[@id=&apos;c_wdt_mp_1&apos;]//ul[@class=&apos;inner-tabs&apos;]/li, using=xpath}] Result: [id: 0.08558070645241611-196, id: 0.08558070645241611-197]
[WebDriverCommandLogger] - Executing findElement parameters: {&quot;using&quot;:&quot;xpath&quot;,&quot;value&quot;:&quot;//div[@class=&apos;most-popular-wrapper&apos;]&quot;}
[WebDriverCommandLogger] - command: findElement[ param-1: {value=//div[@class=&apos;most-popular-wrapper&apos;], using=xpath}] Result: id: 0.08558070645241611-203
[WebDriverCommandLogger] - Executing executeScript parameters: {&quot;args&quot;:[{&quot;element-6066-11e4-a52e-4f735466cecf&quot;:&quot;0.08558070645241611-203&quot;,&quot;ELEMENT&quot;:&quot;0.08558070645241611-203&quot;}],&quot;script&quot;:&quot;arguments[0].scrollIntoView();&quot;}
[WebDriverCommandLogger] - Executing findElement parameters: {&quot;using&quot;:&quot;xpath&quot;,&quot;value&quot;:&quot;//div[@class=&apos;most-popular-wrapper&apos;]//a[text()=&apos;MORE POPULAR NEWS&apos;]&quot;}
[WebDriverCommandLogger] - command: findElement[ param-1: {value=//div[@class=&apos;most-popular-wrapper&apos;]//a[text()=&apos;MORE POPULAR NEWS&apos;], using=xpath}] Result: id: 0.08558070645241611-209
[WebDriverCommandLogger] - Executing clickElement element: By.xpath: //div[@class=&apos;most-popular-wrapper&apos;]//a[text()=&apos;MORE POPULAR NEWS&apos;] parameters: {&quot;id&quot;:&quot;0.08558070645241611-209&quot;}
[WebDriverCommandLogger] - command: clickElement[ param-1: By.xpath: //div[@class=&apos;most-popular-wrapper&apos;]//a[text()=&apos;MORE POPULAR NEWS&apos;] param-2: {&quot;id&quot;:&quot;0.08558070645241611-209&quot;}] Result: clickElement:null
[WebDriverCommandLogger] - Executing getWindowHandles parameters: {}
[WebDriverCommandLogger] - command: getWindowHandles[ param-1: {}] Result: [CDwindow-4ef72586-06fd-4523-8efe-f55e21d92bdf, CDwindow-c5cb1ffe-ffe1-4b7c-b902-9ca24272a433]
[WebDriverCommandLogger] - Executing switchToWindow parameters: {&quot;name&quot;:&quot;CDwindow-c5cb1ffe-ffe1-4b7c-b902-9ca24272a433&quot;}
[WebDriverCommandLogger] - command: switchToWindow[ param-1: {name=CDwindow-c5cb1ffe-ffe1-4b7c-b902-9ca24272a433}] Result: null
[WebDriverCommandLogger] - Executing findElements parameters: {&quot;using&quot;:&quot;xpath&quot;,&quot;value&quot;:&quot;//a[@id=&apos;news-any&apos;]&quot;}
[WebDriverCommandLogger] - command: findElements[ param-1: {value=//a[@id=&apos;news-any&apos;], using=xpath}] Result: [id: 0.46438642891164394-1]
[WebDriverCommandLogger] - Executing findElement parameters: {&quot;using&quot;:&quot;xpath&quot;,&quot;value&quot;:&quot;//a[@id=&apos;news-any&apos;]&quot;}
[WebDriverCommandLogger] - command: findElement[ param-1: {value=//a[@id=&apos;news-any&apos;], using=xpath}] Result: id: 0.46438642891164394-1
[WebDriverCommandLogger] - Executing getElementAttribute element: By.xpath: //a[@id=&apos;news-any&apos;] parameters: {&quot;name&quot;:&quot;class&quot;,&quot;id&quot;:&quot;0.46438642891164394-1&quot;}
[WebDriverCommandLogger] - command: getElementAttribute[ param-1: By.xpath: //a[@id=&apos;news-any&apos;] param-2: {&quot;name&quot;:&quot;class&quot;,&quot;id&quot;:&quot;0.46438642891164394-1&quot;}] Result: getElementAttribute:active
[WebDriverCommandLogger] - Executing findElements parameters: {&quot;using&quot;:&quot;xpath&quot;,&quot;value&quot;:&quot;//div[@class=&apos;topicstab-nav clearfix&apos;]/a&quot;}
[WebDriverCommandLogger] - command: findElements[ param-1: {value=//div[@class=&apos;topicstab-nav clearfix&apos;]/a, using=xpath}] Result: [id: 0.46438642891164394-1, id: 0.46438642891164394-2, id: 0.46438642891164394-3, id: 0.46438642891164394-4, id: 0.46438642891164394-5]
[WebDriverCommandLogger] - Executing getElementText element: By.xpath: //div[@class=&apos;topicstab-nav clearfix&apos;]/a parameters: {&quot;id&quot;:&quot;0.46438642891164394-1&quot;}
[WebDriverCommandLogger] - command: getElementText[ param-1: By.xpath: //div[@class=&apos;topicstab-nav clearfix&apos;]/a param-2: {&quot;id&quot;:&quot;0.46438642891164394-1&quot;}] Result: getElementText:ANYTIME
[WebDriverCommandLogger] - Executing getElementText element: By.xpath: //div[@class=&apos;topicstab-nav clearfix&apos;]/a parameters: {&quot;id&quot;:&quot;0.46438642891164394-2&quot;}
[WebDriverCommandLogger] - command: getElementText[ param-1: By.xpath: //div[@class=&apos;topicstab-nav clearfix&apos;]/a param-2: {&quot;id&quot;:&quot;0.46438642891164394-2&quot;}] Result: getElementText:LAST 24 HRS
[WebDriverCommandLogger] - Executing getElementText element: By.xpath: //div[@class=&apos;topicstab-nav clearfix&apos;]/a parameters: {&quot;id&quot;:&quot;0.46438642891164394-3&quot;}
[WebDriverCommandLogger] - command: getElementText[ param-1: By.xpath: //div[@class=&apos;topicstab-nav clearfix&apos;]/a param-2: {&quot;id&quot;:&quot;0.46438642891164394-3&quot;}] Result: getElementText:PAST 4 DAYS
[WebDriverCommandLogger] - Executing clickElement element: By.xpath: //div[@class=&apos;topicstab-nav clearfix&apos;]/a parameters: {&quot;id&quot;:&quot;0.46438642891164394-3&quot;}
[WebDriverCommandLogger] - command: clickElement[ param-1: By.xpath: //div[@class=&apos;topicstab-nav clearfix&apos;]/a param-2: {&quot;id&quot;:&quot;0.46438642891164394-3&quot;}] Result: clickElement:null
[WebDriverCommandLogger] - Executing findElements parameters: {&quot;using&quot;:&quot;xpath&quot;,&quot;value&quot;:&quot;//*[@id=&apos;itemContainer&apos;]/li/span/strong/a&quot;}
[WebDriverCommandLogger] - command: findElements[ param-1: {value=//*[@id=&apos;itemContainer&apos;]/li/span/strong/a, using=xpath}] Result: [id: 0.12973548494627307-1, id: 0.12973548494627307-2, id: 0.12973548494627307-3, id: 0.12973548494627307-4, id: 0.12973548494627307-5, id: 0.12973548494627307-6, id: 0.12973548494627307-7, id: 0.12973548494627307-8, id: 0.12973548494627307-9, id: 0.12973548494627307-10, id: 0.12973548494627307-11, id: 0.12973548494627307-12, id: 0.12973548494627307-13, id: 0.12973548494627307-14, id: 0.12973548494627307-15, id: 0.12973548494627307-16, id: 0.12973548494627307-17, id: 0.12973548494627307-18, id: 0.12973548494627307-19, id: 0.12973548494627307-20, id: 0.12973548494627307-21, id: 0.12973548494627307-22, id: 0.12973548494627307-23, id: 0.12973548494627307-24, id: 0.12973548494627307-25, id: 0.12973548494627307-26, id: 0.12973548494627307-27, id: 0.12973548494627307-28, id: 0.12973548494627307-29, id: 0.12973548494627307-30, id: 0.12973548494627307-31, id: 0.12973548494627307-32, id: 0.12973548494627307-33, id: 0.12973548494627307-34, id: 0.12973548494627307-35, id: 0.12973548494627307-36, id: 0.12973548494627307-37, id: 0.12973548494627307-38, id: 0.12973548494627307-39, id: 0.12973548494627307-40, id: 0.12973548494627307-41, id: 0.12973548494627307-42, id: 0.12973548494627307-43, id: 0.12973548494627307-44, id: 0.12973548494627307-45, id: 0.12973548494627307-46, id: 0.12973548494627307-47, id: 0.12973548494627307-48, id: 0.12973548494627307-49, id: 0.12973548494627307-50, id: 0.12973548494627307-51, id: 0.12973548494627307-52, id: 0.12973548494627307-53, id: 0.12973548494627307-54, id: 0.12973548494627307-55, id: 0.12973548494627307-56, id: 0.12973548494627307-57, id: 0.12973548494627307-58, id: 0.12973548494627307-59, id: 0.12973548494627307-60, id: 0.12973548494627307-61, id: 0.12973548494627307-62, id: 0.12973548494627307-63, id: 0.12973548494627307-64, id: 0.12973548494627307-65, id: 0.12973548494627307-66, id: 0.12973548494627307-67, id: 0.12973548494627307-68, id: 0.12973548494627307-69, id: 0.12973548494627307-70, id: 0.12973548494627307-71, id: 0.12973548494627307-72, id: 0.12973548494627307-73, id: 0.12973548494627307-74, id: 0.12973548494627307-75, id: 0.12973548494627307-76, id: 0.12973548494627307-77, id: 0.12973548494627307-78, id: 0.12973548494627307-79, id: 0.12973548494627307-80]
[WebDriverCommandLogger] - Executing isElementDisplayed element: By.xpath: //*[@id=&apos;itemContainer&apos;]/li/span/strong/a parameters: {&quot;id&quot;:&quot;0.12973548494627307-1&quot;}
[WebDriverCommandLogger] - command: isElementDisplayed[ param-1: By.xpath: //*[@id=&apos;itemContainer&apos;]/li/span/strong/a param-2: {&quot;id&quot;:&quot;0.12973548494627307-1&quot;}] Result: isElementDisplayed:true
[WebDriverCommandLogger] - Executing findElements parameters: {&quot;using&quot;:&quot;xpath&quot;,&quot;value&quot;:&quot;//ul[@id=&apos;itemContainer&apos;]/li/span/div/following-sibling::*&quot;}
[WebDriverCommandLogger] - command: findElements[ param-1: {value=//ul[@id=&apos;itemContainer&apos;]/li/span/div/following-sibling::*, using=xpath}] Result: [id: 0.12973548494627307-81, id: 0.12973548494627307-82, id: 0.12973548494627307-83, id: 0.12973548494627307-84, id: 0.12973548494627307-85, id: 0.12973548494627307-86, id: 0.12973548494627307-87, id: 0.12973548494627307-88, id: 0.12973548494627307-89, id: 0.12973548494627307-90, id: 0.12973548494627307-91, id: 0.12973548494627307-92, id: 0.12973548494627307-93, id: 0.12973548494627307-94, id: 0.12973548494627307-95, id: 0.12973548494627307-96, id: 0.12973548494627307-97, id: 0.12973548494627307-98, id: 0.12973548494627307-99, id: 0.12973548494627307-100, id: 0.12973548494627307-101, id: 0.12973548494627307-102, id: 0.12973548494627307-103, id: 0.12973548494627307-104, id: 0.12973548494627307-105, id: 0.12973548494627307-106, id: 0.12973548494627307-107, id: 0.12973548494627307-108, id: 0.12973548494627307-109, id: 0.12973548494627307-110, id: 0.12973548494627307-111, id: 0.12973548494627307-112, id: 0.12973548494627307-113, id: 0.12973548494627307-114, id: 0.12973548494627307-115, id: 0.12973548494627307-116, id: 0.12973548494627307-117, id: 0.12973548494627307-118, id: 0.12973548494627307-119, id: 0.12973548494627307-120, id: 0.12973548494627307-121, id: 0.12973548494627307-122, id: 0.12973548494627307-123, id: 0.12973548494627307-124, id: 0.12973548494627307-125, id: 0.12973548494627307-126, id: 0.12973548494627307-127, id: 0.12973548494627307-128, id: 0.12973548494627307-129, id: 0.12973548494627307-130, id: 0.12973548494627307-131, id: 0.12973548494627307-132, id: 0.12973548494627307-133, id: 0.12973548494627307-134, id: 0.12973548494627307-135, id: 0.12973548494627307-136, id: 0.12973548494627307-137, id: 0.12973548494627307-138, id: 0.12973548494627307-139, id: 0.12973548494627307-140, id: 0.12973548494627307-141, id: 0.12973548494627307-142, id: 0.12973548494627307-143, id: 0.12973548494627307-144, id: 0.12973548494627307-145, id: 0.12973548494627307-146, id: 0.12973548494627307-147, id: 0.12973548494627307-148, id: 0.12973548494627307-149, id: 0.12973548494627307-150, id: 0.12973548494627307-151, id: 0.12973548494627307-152, id: 0.12973548494627307-153, id: 0.12973548494627307-154]
[WebDriverCommandLogger] - Executing findElements parameters: {&quot;using&quot;:&quot;xpath&quot;,&quot;value&quot;:&quot;//*[@id=&apos;itemContainer&apos;]/li/span/strong/a&quot;}
[WebDriverCommandLogger] - command: findElements[ param-1: {value=//*[@id=&apos;itemContainer&apos;]/li/span/strong/a, using=xpath}] Result: [id: 0.12973548494627307-1, id: 0.12973548494627307-2, id: 0.12973548494627307-3, id: 0.12973548494627307-4, id: 0.12973548494627307-5, id: 0.12973548494627307-6, id: 0.12973548494627307-7, id: 0.12973548494627307-8, id: 0.12973548494627307-9, id: 0.12973548494627307-10, id: 0.12973548494627307-11, id: 0.12973548494627307-12, id: 0.12973548494627307-13, id: 0.12973548494627307-14, id: 0.12973548494627307-15, id: 0.12973548494627307-16, id: 0.12973548494627307-17, id: 0.12973548494627307-18, id: 0.12973548494627307-19, id: 0.12973548494627307-20, id: 0.12973548494627307-21, id: 0.12973548494627307-22, id: 0.12973548494627307-23, id: 0.12973548494627307-24, id: 0.12973548494627307-25, id: 0.12973548494627307-26, id: 0.12973548494627307-27, id: 0.12973548494627307-28, id: 0.12973548494627307-29, id: 0.12973548494627307-30, id: 0.12973548494627307-31, id: 0.12973548494627307-32, id: 0.12973548494627307-33, id: 0.12973548494627307-34, id: 0.12973548494627307-35, id: 0.12973548494627307-36, id: 0.12973548494627307-37, id: 0.12973548494627307-38, id: 0.12973548494627307-39, id: 0.12973548494627307-40, id: 0.12973548494627307-41, id: 0.12973548494627307-42, id: 0.12973548494627307-43, id: 0.12973548494627307-44, id: 0.12973548494627307-45, id: 0.12973548494627307-46, id: 0.12973548494627307-47, id: 0.12973548494627307-48, id: 0.12973548494627307-49, id: 0.12973548494627307-50, id: 0.12973548494627307-51, id: 0.12973548494627307-52, id: 0.12973548494627307-53, id: 0.12973548494627307-54, id: 0.12973548494627307-55, id: 0.12973548494627307-56, id: 0.12973548494627307-57, id: 0.12973548494627307-58, id: 0.12973548494627307-59, id: 0.12973548494627307-60, id: 0.12973548494627307-61, id: 0.12973548494627307-62, id: 0.12973548494627307-63, id: 0.12973548494627307-64, id: 0.12973548494627307-65, id: 0.12973548494627307-66, id: 0.12973548494627307-67, id: 0.12973548494627307-68, id: 0.12973548494627307-69, id: 0.12973548494627307-70, id: 0.12973548494627307-71, id: 0.12973548494627307-72, id: 0.12973548494627307-73, id: 0.12973548494627307-74, id: 0.12973548494627307-75, id: 0.12973548494627307-76, id: 0.12973548494627307-77, id: 0.12973548494627307-78, id: 0.12973548494627307-79, id: 0.12973548494627307-80]
[WebDriverCommandLogger] - Executing getElementText element: By.xpath: //*[@id=&apos;itemContainer&apos;]/li/span/strong/a parameters: {&quot;id&quot;:&quot;0.12973548494627307-1&quot;}
[WebDriverCommandLogger] - command: getElementText[ param-1: By.xpath: //*[@id=&apos;itemContainer&apos;]/li/span/strong/a param-2: {&quot;id&quot;:&quot;0.12973548494627307-1&quot;}] Result: getElementText:Chinese expert warns of troops entering Kashmir
[WebDriverCommandLogger] - Executing findElements parameters: {&quot;using&quot;:&quot;xpath&quot;,&quot;value&quot;:&quot;//ul[@id=&apos;itemContainer&apos;]/li/span/div/following-sibling::*&quot;}
[WebDriverCommandLogger] - command: findElements[ param-1: {value=//ul[@id=&apos;itemContainer&apos;]/li/span/div/following-sibling::*, using=xpath}] Result: [id: 0.12973548494627307-81, id: 0.12973548494627307-82, id: 0.12973548494627307-83, id: 0.12973548494627307-84, id: 0.12973548494627307-85, id: 0.12973548494627307-86, id: 0.12973548494627307-87, id: 0.12973548494627307-88, id: 0.12973548494627307-89, id: 0.12973548494627307-90, id: 0.12973548494627307-91, id: 0.12973548494627307-92, id: 0.12973548494627307-93, id: 0.12973548494627307-94, id: 0.12973548494627307-95, id: 0.12973548494627307-96, id: 0.12973548494627307-97, id: 0.12973548494627307-98, id: 0.12973548494627307-99, id: 0.12973548494627307-100, id: 0.12973548494627307-101, id: 0.12973548494627307-102, id: 0.12973548494627307-103, id: 0.12973548494627307-104, id: 0.12973548494627307-105, id: 0.12973548494627307-106, id: 0.12973548494627307-107, id: 0.12973548494627307-108, id: 0.12973548494627307-109, id: 0.12973548494627307-110, id: 0.12973548494627307-111, id: 0.12973548494627307-112, id: 0.12973548494627307-113, id: 0.12973548494627307-114, id: 0.12973548494627307-115, id: 0.12973548494627307-116, id: 0.12973548494627307-117, id: 0.12973548494627307-118, id: 0.12973548494627307-119, id: 0.12973548494627307-120, id: 0.12973548494627307-121, id: 0.12973548494627307-122, id: 0.12973548494627307-123, id: 0.12973548494627307-124, id: 0.12973548494627307-125, id: 0.12973548494627307-126, id: 0.12973548494627307-127, id: 0.12973548494627307-128, id: 0.12973548494627307-129, id: 0.12973548494627307-130, id: 0.12973548494627307-131, id: 0.12973548494627307-132, id: 0.12973548494627307-133, id: 0.12973548494627307-134, id: 0.12973548494627307-135, id: 0.12973548494627307-136, id: 0.12973548494627307-137, id: 0.12973548494627307-138, id: 0.12973548494627307-139, id: 0.12973548494627307-140, id: 0.12973548494627307-141, id: 0.12973548494627307-142, id: 0.12973548494627307-143, id: 0.12973548494627307-144, id: 0.12973548494627307-145, id: 0.12973548494627307-146, id: 0.12973548494627307-147, id: 0.12973548494627307-148, id: 0.12973548494627307-149, id: 0.12973548494627307-150, id: 0.12973548494627307-151, id: 0.12973548494627307-152, id: 0.12973548494627307-153, id: 0.12973548494627307-154]
[WebDriverCommandLogger] - Executing getElementText element: By.xpath: //ul[@id=&apos;itemContainer&apos;]/li/span/div/following-sibling::* parameters: {&quot;id&quot;:&quot;0.12973548494627307-81&quot;}
[WebDriverCommandLogger] - command: getElementText[ param-1: By.xpath: //ul[@id=&apos;itemContainer&apos;]/li/span/div/following-sibling::* param-2: {&quot;id&quot;:&quot;0.12973548494627307-81&quot;}] Result: getElementText:A Chinese expert has argued that his country&apos;s troops would be entitled to enter the Indian side of Kashmir by extending the logic that has permitted Indian troops to enter an area which is disputed by China and Bhutan.
[WebDriverCommandLogger] - Executing findElements parameters: {&quot;using&quot;:&quot;xpath&quot;,&quot;value&quot;:&quot;//*[@id=&apos;itemContainer&apos;]/li/span/strong/a&quot;}
[WebDriverCommandLogger] - command: findElements[ param-1: {value=//*[@id=&apos;itemContainer&apos;]/li/span/strong/a, using=xpath}] Result: [id: 0.12973548494627307-1, id: 0.12973548494627307-2, id: 0.12973548494627307-3, id: 0.12973548494627307-4, id: 0.12973548494627307-5, id: 0.12973548494627307-6, id: 0.12973548494627307-7, id: 0.12973548494627307-8, id: 0.12973548494627307-9, id: 0.12973548494627307-10, id: 0.12973548494627307-11, id: 0.12973548494627307-12, id: 0.12973548494627307-13, id: 0.12973548494627307-14, id: 0.12973548494627307-15, id: 0.12973548494627307-16, id: 0.12973548494627307-17, id: 0.12973548494627307-18, id: 0.12973548494627307-19, id: 0.12973548494627307-20, id: 0.12973548494627307-21, id: 0.12973548494627307-22, id: 0.12973548494627307-23, id: 0.12973548494627307-24, id: 0.12973548494627307-25, id: 0.12973548494627307-26, id: 0.12973548494627307-27, id: 0.12973548494627307-28, id: 0.12973548494627307-29, id: 0.12973548494627307-30, id: 0.12973548494627307-31, id: 0.12973548494627307-32, id: 0.12973548494627307-33, id: 0.12973548494627307-34, id: 0.12973548494627307-35, id: 0.12973548494627307-36, id: 0.12973548494627307-37, id: 0.12973548494627307-38, id: 0.12973548494627307-39, id: 0.12973548494627307-40, id: 0.12973548494627307-41, id: 0.12973548494627307-42, id: 0.12973548494627307-43, id: 0.12973548494627307-44, id: 0.12973548494627307-45, id: 0.12973548494627307-46, id: 0.12973548494627307-47, id: 0.12973548494627307-48, id: 0.12973548494627307-49, id: 0.12973548494627307-50, id: 0.12973548494627307-51, id: 0.12973548494627307-52, id: 0.12973548494627307-53, id: 0.12973548494627307-54, id: 0.12973548494627307-55, id: 0.12973548494627307-56, id: 0.12973548494627307-57, id: 0.12973548494627307-58, id: 0.12973548494627307-59, id: 0.12973548494627307-60, id: 0.12973548494627307-61, id: 0.12973548494627307-62, id: 0.12973548494627307-63, id: 0.12973548494627307-64, id: 0.12973548494627307-65, id: 0.12973548494627307-66, id: 0.12973548494627307-67, id: 0.12973548494627307-68, id: 0.12973548494627307-69, id: 0.12973548494627307-70, id: 0.12973548494627307-71, id: 0.12973548494627307-72, id: 0.12973548494627307-73, id: 0.12973548494627307-74, id: 0.12973548494627307-75, id: 0.12973548494627307-76, id: 0.12973548494627307-77, id: 0.12973548494627307-78, id: 0.12973548494627307-79, id: 0.12973548494627307-80]
[WebDriverCommandLogger] - Executing getElementText element: By.xpath: //*[@id=&apos;itemContainer&apos;]/li/span/strong/a parameters: {&quot;id&quot;:&quot;0.12973548494627307-2&quot;}
[WebDriverCommandLogger] - command: getElementText[ param-1: By.xpath: //*[@id=&apos;itemContainer&apos;]/li/span/strong/a param-2: {&quot;id&quot;:&quot;0.12973548494627307-2&quot;}] Result: getElementText:&apos;It is my job to be informed&apos;: Rahul Gandhi defends meeting with Chinese envoy
[WebDriverCommandLogger] - Executing findElements parameters: {&quot;using&quot;:&quot;xpath&quot;,&quot;value&quot;:&quot;//ul[@id=&apos;itemContainer&apos;]/li/span/div/following-sibling::*&quot;}
[WebDriverCommandLogger] - command: findElements[ param-1: {value=//ul[@id=&apos;itemContainer&apos;]/li/span/div/following-sibling::*, using=xpath}] Result: [id: 0.12973548494627307-81, id: 0.12973548494627307-82, id: 0.12973548494627307-83, id: 0.12973548494627307-84, id: 0.12973548494627307-85, id: 0.12973548494627307-86, id: 0.12973548494627307-87, id: 0.12973548494627307-88, id: 0.12973548494627307-89, id: 0.12973548494627307-90, id: 0.12973548494627307-91, id: 0.12973548494627307-92, id: 0.12973548494627307-93, id: 0.12973548494627307-94, id: 0.12973548494627307-95, id: 0.12973548494627307-96, id: 0.12973548494627307-97, id: 0.12973548494627307-98, id: 0.12973548494627307-99, id: 0.12973548494627307-100, id: 0.12973548494627307-101, id: 0.12973548494627307-102, id: 0.12973548494627307-103, id: 0.12973548494627307-104, id: 0.12973548494627307-105, id: 0.12973548494627307-106, id: 0.12973548494627307-107, id: 0.12973548494627307-108, id: 0.12973548494627307-109, id: 0.12973548494627307-110, id: 0.12973548494627307-111, id: 0.12973548494627307-112, id: 0.12973548494627307-113, id: 0.12973548494627307-114, id: 0.12973548494627307-115, id: 0.12973548494627307-116, id: 0.12973548494627307-117, id: 0.12973548494627307-118, id: 0.12973548494627307-119, id: 0.12973548494627307-120, id: 0.12973548494627307-121, id: 0.12973548494627307-122, id: 0.12973548494627307-123, id: 0.12973548494627307-124, id: 0.12973548494627307-125, id: 0.12973548494627307-126, id: 0.12973548494627307-127, id: 0.12973548494627307-128, id: 0.12973548494627307-129, id: 0.12973548494627307-130, id: 0.12973548494627307-131, id: 0.12973548494627307-132, id: 0.12973548494627307-133, id: 0.12973548494627307-134, id: 0.12973548494627307-135, id: 0.12973548494627307-136, id: 0.12973548494627307-137, id: 0.12973548494627307-138, id: 0.12973548494627307-139, id: 0.12973548494627307-140, id: 0.12973548494627307-141, id: 0.12973548494627307-142, id: 0.12973548494627307-143, id: 0.12973548494627307-144, id: 0.12973548494627307-145, id: 0.12973548494627307-146, id: 0.12973548494627307-147, id: 0.12973548494627307-148, id: 0.12973548494627307-149, id: 0.12973548494627307-150, id: 0.12973548494627307-151, id: 0.12973548494627307-152, id: 0.12973548494627307-153, id: 0.12973548494627307-154]
[WebDriverCommandLogger] - Executing getElementText element: By.xpath: //ul[@id=&apos;itemContainer&apos;]/li/span/div/following-sibling::* parameters: {&quot;id&quot;:&quot;0.12973548494627307-82&quot;}
[WebDriverCommandLogger] - command: getElementText[ param-1: By.xpath: //ul[@id=&apos;itemContainer&apos;]/li/span/div/following-sibling::* param-2: {&quot;id&quot;:&quot;0.12973548494627307-82&quot;}] Result: getElementText:Rahul Gandhi Congress: Hours after the Congress admitted that Rahul Gandhi had met with the Chinese envoy, the party vice-president took to Twitter to defend the meeting and also attack the government. &quot;It is my job to be informed on critical issues&quot; Rahul Gandhi said in a tweet.
[WebDriverCommandLogger] - Executing findElements parameters: {&quot;using&quot;:&quot;xpath&quot;,&quot;value&quot;:&quot;//*[@id=&apos;itemContainer&apos;]/li/span/strong/a&quot;}
[WebDriverCommandLogger] - command: findElements[ param-1: {value=//*[@id=&apos;itemContainer&apos;]/li/span/strong/a, using=xpath}] Result: [id: 0.12973548494627307-1, id: 0.12973548494627307-2, id: 0.12973548494627307-3, id: 0.12973548494627307-4, id: 0.12973548494627307-5, id: 0.12973548494627307-6, id: 0.12973548494627307-7, id: 0.12973548494627307-8, id: 0.12973548494627307-9, id: 0.12973548494627307-10, id: 0.12973548494627307-11, id: 0.12973548494627307-12, id: 0.12973548494627307-13, id: 0.12973548494627307-14, id: 0.12973548494627307-15, id: 0.12973548494627307-16, id: 0.12973548494627307-17, id: 0.12973548494627307-18, id: 0.12973548494627307-19, id: 0.12973548494627307-20, id: 0.12973548494627307-21, id: 0.12973548494627307-22, id: 0.12973548494627307-23, id: 0.12973548494627307-24, id: 0.12973548494627307-25, id: 0.12973548494627307-26, id: 0.12973548494627307-27, id: 0.12973548494627307-28, id: 0.12973548494627307-29, id: 0.12973548494627307-30, id: 0.12973548494627307-31, id: 0.12973548494627307-32, id: 0.12973548494627307-33, id: 0.12973548494627307-34, id: 0.12973548494627307-35, id: 0.12973548494627307-36, id: 0.12973548494627307-37, id: 0.12973548494627307-38, id: 0.12973548494627307-39, id: 0.12973548494627307-40, id: 0.12973548494627307-41, id: 0.12973548494627307-42, id: 0.12973548494627307-43, id: 0.12973548494627307-44, id: 0.12973548494627307-45, id: 0.12973548494627307-46, id: 0.12973548494627307-47, id: 0.12973548494627307-48, id: 0.12973548494627307-49, id: 0.12973548494627307-50, id: 0.12973548494627307-51, id: 0.12973548494627307-52, id: 0.12973548494627307-53, id: 0.12973548494627307-54, id: 0.12973548494627307-55, id: 0.12973548494627307-56, id: 0.12973548494627307-57, id: 0.12973548494627307-58, id: 0.12973548494627307-59, id: 0.12973548494627307-60, id: 0.12973548494627307-61, id: 0.12973548494627307-62, id: 0.12973548494627307-63, id: 0.12973548494627307-64, id: 0.12973548494627307-65, id: 0.12973548494627307-66, id: 0.12973548494627307-67, id: 0.12973548494627307-68, id: 0.12973548494627307-69, id: 0.12973548494627307-70, id: 0.12973548494627307-71, id: 0.12973548494627307-72, id: 0.12973548494627307-73, id: 0.12973548494627307-74, id: 0.12973548494627307-75, id: 0.12973548494627307-76, id: 0.12973548494627307-77, id: 0.12973548494627307-78, id: 0.12973548494627307-79, id: 0.12973548494627307-80]
[WebDriverCommandLogger] - Executing getElementText element: By.xpath: //*[@id=&apos;itemContainer&apos;]/li/span/strong/a parameters: {&quot;id&quot;:&quot;0.12973548494627307-3&quot;}
[WebDriverCommandLogger] - command: getElementText[ param-1: By.xpath: //*[@id=&apos;itemContainer&apos;]/li/span/strong/a param-2: {&quot;id&quot;:&quot;0.12973548494627307-3&quot;}] Result: getElementText:Chinese, Bhutanse envoys met with Rahul Gandhi: Congress
[WebDriverCommandLogger] - Executing findElements parameters: {&quot;using&quot;:&quot;xpath&quot;,&quot;value&quot;:&quot;//ul[@id=&apos;itemContainer&apos;]/li/span/div/following-sibling::*&quot;}
[WebDriverCommandLogger] - command: findElements[ param-1: {value=//ul[@id=&apos;itemContainer&apos;]/li/span/div/following-sibling::*, using=xpath}] Result: [id: 0.12973548494627307-81, id: 0.12973548494627307-82, id: 0.12973548494627307-83, id: 0.12973548494627307-84, id: 0.12973548494627307-85, id: 0.12973548494627307-86, id: 0.12973548494627307-87, id: 0.12973548494627307-88, id: 0.12973548494627307-89, id: 0.12973548494627307-90, id: 0.12973548494627307-91, id: 0.12973548494627307-92, id: 0.12973548494627307-93, id: 0.12973548494627307-94, id: 0.12973548494627307-95, id: 0.12973548494627307-96, id: 0.12973548494627307-97, id: 0.12973548494627307-98, id: 0.12973548494627307-99, id: 0.12973548494627307-100, id: 0.12973548494627307-101, id: 0.12973548494627307-102, id: 0.12973548494627307-103, id: 0.12973548494627307-104, id: 0.12973548494627307-105, id: 0.12973548494627307-106, id: 0.12973548494627307-107, id: 0.12973548494627307-108, id: 0.12973548494627307-109, id: 0.12973548494627307-110, id: 0.12973548494627307-111, id: 0.12973548494627307-112, id: 0.12973548494627307-113, id: 0.12973548494627307-114, id: 0.12973548494627307-115, id: 0.12973548494627307-116, id: 0.12973548494627307-117, id: 0.12973548494627307-118, id: 0.12973548494627307-119, id: 0.12973548494627307-120, id: 0.12973548494627307-121, id: 0.12973548494627307-122, id: 0.12973548494627307-123, id: 0.12973548494627307-124, id: 0.12973548494627307-125, id: 0.12973548494627307-126, id: 0.12973548494627307-127, id: 0.12973548494627307-128, id: 0.12973548494627307-129, id: 0.12973548494627307-130, id: 0.12973548494627307-131, id: 0.12973548494627307-132, id: 0.12973548494627307-133, id: 0.12973548494627307-134, id: 0.12973548494627307-135, id: 0.12973548494627307-136, id: 0.12973548494627307-137, id: 0.12973548494627307-138, id: 0.12973548494627307-139, id: 0.12973548494627307-140, id: 0.12973548494627307-141, id: 0.12973548494627307-142, id: 0.12973548494627307-143, id: 0.12973548494627307-144, id: 0.12973548494627307-145, id: 0.12973548494627307-146, id: 0.12973548494627307-147, id: 0.12973548494627307-148, id: 0.12973548494627307-149, id: 0.12973548494627307-150, id: 0.12973548494627307-151, id: 0.12973548494627307-152, id: 0.12973548494627307-153, id: 0.12973548494627307-154]
[WebDriverCommandLogger] - Executing getElementText element: By.xpath: //ul[@id=&apos;itemContainer&apos;]/li/span/div/following-sibling::* parameters: {&quot;id&quot;:&quot;0.12973548494627307-83&quot;}
[WebDriverCommandLogger] - command: getElementText[ param-1: By.xpath: //ul[@id=&apos;itemContainer&apos;]/li/span/div/following-sibling::* param-2: {&quot;id&quot;:&quot;0.12973548494627307-83&quot;}] Result: getElementText:&quot;Envoys met Rahul Gandhi, not only Chinese envoy but also Bhutanese envoy and ex-NSA Shiv Shankar Menon,&quot; Congress spokesperson Randeep Singh Surjewala said.
[WebDriverCommandLogger] - Executing findElements parameters: {&quot;using&quot;:&quot;xpath&quot;,&quot;value&quot;:&quot;//*[@id=&apos;itemContainer&apos;]/li/span/strong/a&quot;}
[WebDriverCommandLogger] - command: findElements[ param-1: {value=//*[@id=&apos;itemContainer&apos;]/li/span/strong/a, using=xpath}] Result: [id: 0.12973548494627307-1, id: 0.12973548494627307-2, id: 0.12973548494627307-3, id: 0.12973548494627307-4, id: 0.12973548494627307-5, id: 0.12973548494627307-6, id: 0.12973548494627307-7, id: 0.12973548494627307-8, id: 0.12973548494627307-9, id: 0.12973548494627307-10, id: 0.12973548494627307-11, id: 0.12973548494627307-12, id: 0.12973548494627307-13, id: 0.12973548494627307-14, id: 0.12973548494627307-15, id: 0.12973548494627307-16, id: 0.12973548494627307-17, id: 0.12973548494627307-18, id: 0.12973548494627307-19, id: 0.12973548494627307-20, id: 0.12973548494627307-21, id: 0.12973548494627307-22, id: 0.12973548494627307-23, id: 0.12973548494627307-24, id: 0.12973548494627307-25, id: 0.12973548494627307-26, id: 0.12973548494627307-27, id: 0.12973548494627307-28, id: 0.12973548494627307-29, id: 0.12973548494627307-30, id: 0.12973548494627307-31, id: 0.12973548494627307-32, id: 0.12973548494627307-33, id: 0.12973548494627307-34, id: 0.12973548494627307-35, id: 0.12973548494627307-36, id: 0.12973548494627307-37, id: 0.12973548494627307-38, id: 0.12973548494627307-39, id: 0.12973548494627307-40, id: 0.12973548494627307-41, id: 0.12973548494627307-42, id: 0.12973548494627307-43, id: 0.12973548494627307-44, id: 0.12973548494627307-45, id: 0.12973548494627307-46, id: 0.12973548494627307-47, id: 0.12973548494627307-48, id: 0.12973548494627307-49, id: 0.12973548494627307-50, id: 0.12973548494627307-51, id: 0.12973548494627307-52, id: 0.12973548494627307-53, id: 0.12973548494627307-54, id: 0.12973548494627307-55, id: 0.12973548494627307-56, id: 0.12973548494627307-57, id: 0.12973548494627307-58, id: 0.12973548494627307-59, id: 0.12973548494627307-60, id: 0.12973548494627307-61, id: 0.12973548494627307-62, id: 0.12973548494627307-63, id: 0.12973548494627307-64, id: 0.12973548494627307-65, id: 0.12973548494627307-66, id: 0.12973548494627307-67, id: 0.12973548494627307-68, id: 0.12973548494627307-69, id: 0.12973548494627307-70, id: 0.12973548494627307-71, id: 0.12973548494627307-72, id: 0.12973548494627307-73, id: 0.12973548494627307-74, id: 0.12973548494627307-75, id: 0.12973548494627307-76, id: 0.12973548494627307-77, id: 0.12973548494627307-78, id: 0.12973548494627307-79, id: 0.12973548494627307-80]
[WebDriverCommandLogger] - Executing getElementText element: By.xpath: //*[@id=&apos;itemContainer&apos;]/li/span/strong/a parameters: {&quot;id&quot;:&quot;0.12973548494627307-4&quot;}
[WebDriverCommandLogger] - command: getElementText[ param-1: By.xpath: //*[@id=&apos;itemContainer&apos;]/li/span/strong/a param-2: {&quot;id&quot;:&quot;0.12973548494627307-4&quot;}] Result: getElementText:Ballabgarh lynching: Man accused of killing Junaid Khan arrested from Maharashtra
[WebDriverCommandLogger] - Executing findElements parameters: {&quot;using&quot;:&quot;xpath&quot;,&quot;value&quot;:&quot;//ul[@id=&apos;itemContainer&apos;]/li/span/div/following-sibling::*&quot;}
[WebDriverCommandLogger] - command: findElements[ param-1: {value=//ul[@id=&apos;itemContainer&apos;]/li/span/div/following-sibling::*, using=xpath}] Result: [id: 0.12973548494627307-81, id: 0.12973548494627307-82, id: 0.12973548494627307-83, id: 0.12973548494627307-84, id: 0.12973548494627307-85, id: 0.12973548494627307-86, id: 0.12973548494627307-87, id: 0.12973548494627307-88, id: 0.12973548494627307-89, id: 0.12973548494627307-90, id: 0.12973548494627307-91, id: 0.12973548494627307-92, id: 0.12973548494627307-93, id: 0.12973548494627307-94, id: 0.12973548494627307-95, id: 0.12973548494627307-96, id: 0.12973548494627307-97, id: 0.12973548494627307-98, id: 0.12973548494627307-99, id: 0.12973548494627307-100, id: 0.12973548494627307-101, id: 0.12973548494627307-102, id: 0.12973548494627307-103, id: 0.12973548494627307-104, id: 0.12973548494627307-105, id: 0.12973548494627307-106, id: 0.12973548494627307-107, id: 0.12973548494627307-108, id: 0.12973548494627307-109, id: 0.12973548494627307-110, id: 0.12973548494627307-111, id: 0.12973548494627307-112, id: 0.12973548494627307-113, id: 0.12973548494627307-114, id: 0.12973548494627307-115, id: 0.12973548494627307-116, id: 0.12973548494627307-117, id: 0.12973548494627307-118, id: 0.12973548494627307-119, id: 0.12973548494627307-120, id: 0.12973548494627307-121, id: 0.12973548494627307-122, id: 0.12973548494627307-123, id: 0.12973548494627307-124, id: 0.12973548494627307-125, id: 0.12973548494627307-126, id: 0.12973548494627307-127, id: 0.12973548494627307-128, id: 0.12973548494627307-129, id: 0.12973548494627307-130, id: 0.12973548494627307-131, id: 0.12973548494627307-132, id: 0.12973548494627307-133, id: 0.12973548494627307-134, id: 0.12973548494627307-135, id: 0.12973548494627307-136, id: 0.12973548494627307-137, id: 0.12973548494627307-138, id: 0.12973548494627307-139, id: 0.12973548494627307-140, id: 0.12973548494627307-141, id: 0.12973548494627307-142, id: 0.12973548494627307-143, id: 0.12973548494627307-144, id: 0.12973548494627307-145, id: 0.12973548494627307-146, id: 0.12973548494627307-147, id: 0.12973548494627307-148, id: 0.12973548494627307-149, id: 0.12973548494627307-150, id: 0.12973548494627307-151, id: 0.12973548494627307-152, id: 0.12973548494627307-153, id: 0.12973548494627307-154]
[WebDriverCommandLogger] - Executing getElementText element: By.xpath: //ul[@id=&apos;itemContainer&apos;]/li/span/div/following-sibling::* parameters: {&quot;id&quot;:&quot;0.12973548494627307-84&quot;}
[WebDriverCommandLogger] - command: getElementText[ param-1: By.xpath: //ul[@id=&apos;itemContainer&apos;]/li/span/div/following-sibling::* param-2: {&quot;id&quot;:&quot;0.12973548494627307-84&quot;}] Result: getElementText:In a major breakthrough, Haryana&apos;s railway police on Saturday arrested the main accused in Ballabgarh lynching case from Maharashtra&apos;s Dhule area. Teenager Junaid Khan was allegedly lynched on an EMU train going from Ghaziabad to Mathura on June 22.
[WebDriverCommandLogger] - Executing findElements parameters: {&quot;using&quot;:&quot;xpath&quot;,&quot;value&quot;:&quot;//*[@id=&apos;itemContainer&apos;]/li/span/strong/a&quot;}
[WebDriverCommandLogger] - command: findElements[ param-1: {value=//*[@id=&apos;itemContainer&apos;]/li/span/strong/a, using=xpath}] Result: [id: 0.12973548494627307-1, id: 0.12973548494627307-2, id: 0.12973548494627307-3, id: 0.12973548494627307-4, id: 0.12973548494627307-5, id: 0.12973548494627307-6, id: 0.12973548494627307-7, id: 0.12973548494627307-8, id: 0.12973548494627307-9, id: 0.12973548494627307-10, id: 0.12973548494627307-11, id: 0.12973548494627307-12, id: 0.12973548494627307-13, id: 0.12973548494627307-14, id: 0.12973548494627307-15, id: 0.12973548494627307-16, id: 0.12973548494627307-17, id: 0.12973548494627307-18, id: 0.12973548494627307-19, id: 0.12973548494627307-20, id: 0.12973548494627307-21, id: 0.12973548494627307-22, id: 0.12973548494627307-23, id: 0.12973548494627307-24, id: 0.12973548494627307-25, id: 0.12973548494627307-26, id: 0.12973548494627307-27, id: 0.12973548494627307-28, id: 0.12973548494627307-29, id: 0.12973548494627307-30, id: 0.12973548494627307-31, id: 0.12973548494627307-32, id: 0.12973548494627307-33, id: 0.12973548494627307-34, id: 0.12973548494627307-35, id: 0.12973548494627307-36, id: 0.12973548494627307-37, id: 0.12973548494627307-38, id: 0.12973548494627307-39, id: 0.12973548494627307-40, id: 0.12973548494627307-41, id: 0.12973548494627307-42, id: 0.12973548494627307-43, id: 0.12973548494627307-44, id: 0.12973548494627307-45, id: 0.12973548494627307-46, id: 0.12973548494627307-47, id: 0.12973548494627307-48, id: 0.12973548494627307-49, id: 0.12973548494627307-50, id: 0.12973548494627307-51, id: 0.12973548494627307-52, id: 0.12973548494627307-53, id: 0.12973548494627307-54, id: 0.12973548494627307-55, id: 0.12973548494627307-56, id: 0.12973548494627307-57, id: 0.12973548494627307-58, id: 0.12973548494627307-59, id: 0.12973548494627307-60, id: 0.12973548494627307-61, id: 0.12973548494627307-62, id: 0.12973548494627307-63, id: 0.12973548494627307-64, id: 0.12973548494627307-65, id: 0.12973548494627307-66, id: 0.12973548494627307-67, id: 0.12973548494627307-68, id: 0.12973548494627307-69, id: 0.12973548494627307-70, id: 0.12973548494627307-71, id: 0.12973548494627307-72, id: 0.12973548494627307-73, id: 0.12973548494627307-74, id: 0.12973548494627307-75, id: 0.12973548494627307-76, id: 0.12973548494627307-77, id: 0.12973548494627307-78, id: 0.12973548494627307-79, id: 0.12973548494627307-80]
[WebDriverCommandLogger] - Executing getElementText element: By.xpath: //*[@id=&apos;itemContainer&apos;]/li/span/strong/a parameters: {&quot;id&quot;:&quot;0.12973548494627307-5&quot;}
[WebDriverCommandLogger] - command: getElementText[ param-1: By.xpath: //*[@id=&apos;itemContainer&apos;]/li/span/strong/a param-2: {&quot;id&quot;:&quot;0.12973548494627307-5&quot;}] Result: getElementText:Pak woman cancer patient seeks Swaraj&apos;s help for medical visa
[WebDriverCommandLogger] - Executing findElements parameters: {&quot;using&quot;:&quot;xpath&quot;,&quot;value&quot;:&quot;//ul[@id=&apos;itemContainer&apos;]/li/span/div/following-sibling::*&quot;}
[WebDriverCommandLogger] - command: findElements[ param-1: {value=//ul[@id=&apos;itemContainer&apos;]/li/span/div/following-sibling::*, using=xpath}] Result: [id: 0.12973548494627307-81, id: 0.12973548494627307-82, id: 0.12973548494627307-83, id: 0.12973548494627307-84, id: 0.12973548494627307-85, id: 0.12973548494627307-86, id: 0.12973548494627307-87, id: 0.12973548494627307-88, id: 0.12973548494627307-89, id: 0.12973548494627307-90, id: 0.12973548494627307-91, id: 0.12973548494627307-92, id: 0.12973548494627307-93, id: 0.12973548494627307-94, id: 0.12973548494627307-95, id: 0.12973548494627307-96, id: 0.12973548494627307-97, id: 0.12973548494627307-98, id: 0.12973548494627307-99, id: 0.12973548494627307-100, id: 0.12973548494627307-101, id: 0.12973548494627307-102, id: 0.12973548494627307-103, id: 0.12973548494627307-104, id: 0.12973548494627307-105, id: 0.12973548494627307-106, id: 0.12973548494627307-107, id: 0.12973548494627307-108, id: 0.12973548494627307-109, id: 0.12973548494627307-110, id: 0.12973548494627307-111, id: 0.12973548494627307-112, id: 0.12973548494627307-113, id: 0.12973548494627307-114, id: 0.12973548494627307-115, id: 0.12973548494627307-116, id: 0.12973548494627307-117, id: 0.12973548494627307-118, id: 0.12973548494627307-119, id: 0.12973548494627307-120, id: 0.12973548494627307-121, id: 0.12973548494627307-122, id: 0.12973548494627307-123, id: 0.12973548494627307-124, id: 0.12973548494627307-125, id: 0.12973548494627307-126, id: 0.12973548494627307-127, id: 0.12973548494627307-128, id: 0.12973548494627307-129, id: 0.12973548494627307-130, id: 0.12973548494627307-131, id: 0.12973548494627307-132, id: 0.12973548494627307-133, id: 0.12973548494627307-134, id: 0.12973548494627307-135, id: 0.12973548494627307-136, id: 0.12973548494627307-137, id: 0.12973548494627307-138, id: 0.12973548494627307-139, id: 0.12973548494627307-140, id: 0.12973548494627307-141, id: 0.12973548494627307-142, id: 0.12973548494627307-143, id: 0.12973548494627307-144, id: 0.12973548494627307-145, id: 0.12973548494627307-146, id: 0.12973548494627307-147, id: 0.12973548494627307-148, id: 0.12973548494627307-149, id: 0.12973548494627307-150, id: 0.12973548494627307-151, id: 0.12973548494627307-152, id: 0.12973548494627307-153, id: 0.12973548494627307-154]
[WebDriverCommandLogger] - Executing getElementText element: By.xpath: //ul[@id=&apos;itemContainer&apos;]/li/span/div/following-sibling::* parameters: {&quot;id&quot;:&quot;0.12973548494627307-85&quot;}
[WebDriverCommandLogger] - command: getElementText[ param-1: By.xpath: //ul[@id=&apos;itemContainer&apos;]/li/span/div/following-sibling::* param-2: {&quot;id&quot;:&quot;0.12973548494627307-85&quot;}] Result: getElementText:A Pak woman has urged external affairs minister Sushma Swaraj to help her visit India for treatment after her visa application was reportedly rejected by the Indian embassy in Islamabad. Faiza Tanveer, 25, is suffering from a recurrent ameloblastoma, an oral tumour which is aggressive in nature.
[WebDriverCommandLogger] - Executing findElements parameters: {&quot;using&quot;:&quot;xpath&quot;,&quot;value&quot;:&quot;//*[@id=&apos;itemContainer&apos;]/li/span/strong/a&quot;}
[WebDriverCommandLogger] - command: findElements[ param-1: {value=//*[@id=&apos;itemContainer&apos;]/li/span/strong/a, using=xpath}] Result: [id: 0.12973548494627307-1, id: 0.12973548494627307-2, id: 0.12973548494627307-3, id: 0.12973548494627307-4, id: 0.12973548494627307-5, id: 0.12973548494627307-6, id: 0.12973548494627307-7, id: 0.12973548494627307-8, id: 0.12973548494627307-9, id: 0.12973548494627307-10, id: 0.12973548494627307-11, id: 0.12973548494627307-12, id: 0.12973548494627307-13, id: 0.12973548494627307-14, id: 0.12973548494627307-15, id: 0.12973548494627307-16, id: 0.12973548494627307-17, id: 0.12973548494627307-18, id: 0.12973548494627307-19, id: 0.12973548494627307-20, id: 0.12973548494627307-21, id: 0.12973548494627307-22, id: 0.12973548494627307-23, id: 0.12973548494627307-24, id: 0.12973548494627307-25, id: 0.12973548494627307-26, id: 0.12973548494627307-27, id: 0.12973548494627307-28, id: 0.12973548494627307-29, id: 0.12973548494627307-30, id: 0.12973548494627307-31, id: 0.12973548494627307-32, id: 0.12973548494627307-33, id: 0.12973548494627307-34, id: 0.12973548494627307-35, id: 0.12973548494627307-36, id: 0.12973548494627307-37, id: 0.12973548494627307-38, id: 0.12973548494627307-39, id: 0.12973548494627307-40, id: 0.12973548494627307-41, id: 0.12973548494627307-42, id: 0.12973548494627307-43, id: 0.12973548494627307-44, id: 0.12973548494627307-45, id: 0.12973548494627307-46, id: 0.12973548494627307-47, id: 0.12973548494627307-48, id: 0.12973548494627307-49, id: 0.12973548494627307-50, id: 0.12973548494627307-51, id: 0.12973548494627307-52, id: 0.12973548494627307-53, id: 0.12973548494627307-54, id: 0.12973548494627307-55, id: 0.12973548494627307-56, id: 0.12973548494627307-57, id: 0.12973548494627307-58, id: 0.12973548494627307-59, id: 0.12973548494627307-60, id: 0.12973548494627307-61, id: 0.12973548494627307-62, id: 0.12973548494627307-63, id: 0.12973548494627307-64, id: 0.12973548494627307-65, id: 0.12973548494627307-66, id: 0.12973548494627307-67, id: 0.12973548494627307-68, id: 0.12973548494627307-69, id: 0.12973548494627307-70, id: 0.12973548494627307-71, id: 0.12973548494627307-72, id: 0.12973548494627307-73, id: 0.12973548494627307-74, id: 0.12973548494627307-75, id: 0.12973548494627307-76, id: 0.12973548494627307-77, id: 0.12973548494627307-78, id: 0.12973548494627307-79, id: 0.12973548494627307-80]
[WebDriverCommandLogger] - Executing getElementText element: By.xpath: //*[@id=&apos;itemContainer&apos;]/li/span/strong/a parameters: {&quot;id&quot;:&quot;0.12973548494627307-6&quot;}
[WebDriverCommandLogger] - command: getElementText[ param-1: By.xpath: //*[@id=&apos;itemContainer&apos;]/li/span/strong/a param-2: {&quot;id&quot;:&quot;0.12973548494627307-6&quot;}] Result: getElementText:West Bengal unrest: Centre not cooperating to maintain law and order, says Mamata Banerjee
[WebDriverCommandLogger] - Executing findElements parameters: {&quot;using&quot;:&quot;xpath&quot;,&quot;value&quot;:&quot;//ul[@id=&apos;itemContainer&apos;]/li/span/div/following-sibling::*&quot;}
[WebDriverCommandLogger] - command: findElements[ param-1: {value=//ul[@id=&apos;itemContainer&apos;]/li/span/div/following-sibling::*, using=xpath}] Result: [id: 0.12973548494627307-81, id: 0.12973548494627307-82, id: 0.12973548494627307-83, id: 0.12973548494627307-84, id: 0.12973548494627307-85, id: 0.12973548494627307-86, id: 0.12973548494627307-87, id: 0.12973548494627307-88, id: 0.12973548494627307-89, id: 0.12973548494627307-90, id: 0.12973548494627307-91, id: 0.12973548494627307-92, id: 0.12973548494627307-93, id: 0.12973548494627307-94, id: 0.12973548494627307-95, id: 0.12973548494627307-96, id: 0.12973548494627307-97, id: 0.12973548494627307-98, id: 0.12973548494627307-99, id: 0.12973548494627307-100, id: 0.12973548494627307-101, id: 0.12973548494627307-102, id: 0.12973548494627307-103, id: 0.12973548494627307-104, id: 0.12973548494627307-105, id: 0.12973548494627307-106, id: 0.12973548494627307-107, id: 0.12973548494627307-108, id: 0.12973548494627307-109, id: 0.12973548494627307-110, id: 0.12973548494627307-111, id: 0.12973548494627307-112, id: 0.12973548494627307-113, id: 0.12973548494627307-114, id: 0.12973548494627307-115, id: 0.12973548494627307-116, id: 0.12973548494627307-117, id: 0.12973548494627307-118, id: 0.12973548494627307-119, id: 0.12973548494627307-120, id: 0.12973548494627307-121, id: 0.12973548494627307-122, id: 0.12973548494627307-123, id: 0.12973548494627307-124, id: 0.12973548494627307-125, id: 0.12973548494627307-126, id: 0.12973548494627307-127, id: 0.12973548494627307-128, id: 0.12973548494627307-129, id: 0.12973548494627307-130, id: 0.12973548494627307-131, id: 0.12973548494627307-132, id: 0.12973548494627307-133, id: 0.12973548494627307-134, id: 0.12973548494627307-135, id: 0.12973548494627307-136, id: 0.12973548494627307-137, id: 0.12973548494627307-138, id: 0.12973548494627307-139, id: 0.12973548494627307-140, id: 0.12973548494627307-141, id: 0.12973548494627307-142, id: 0.12973548494627307-143, id: 0.12973548494627307-144, id: 0.12973548494627307-145, id: 0.12973548494627307-146, id: 0.12973548494627307-147, id: 0.12973548494627307-148, id: 0.12973548494627307-149, id: 0.12973548494627307-150, id: 0.12973548494627307-151, id: 0.12973548494627307-152, id: 0.12973548494627307-153, id: 0.12973548494627307-154]
[WebDriverCommandLogger] - Executing getElementText element: By.xpath: //ul[@id=&apos;itemContainer&apos;]/li/span/div/following-sibling::* parameters: {&quot;id&quot;:&quot;0.12973548494627307-86&quot;}
[WebDriverCommandLogger] - command: getElementText[ param-1: By.xpath: //ul[@id=&apos;itemContainer&apos;]/li/span/div/following-sibling::* param-2: {&quot;id&quot;:&quot;0.12973548494627307-86&quot;}] Result: getElementText:Residents of Delhi who are unable to have surgeries at any government hospital in the city can now get free surgery in 48 private hospitals without having to worry about huge bills. The bills, for which no upper limit has been set, will be paid by the Delhi government.
[WebDriverCommandLogger] - Executing findElements parameters: {&quot;using&quot;:&quot;xpath&quot;,&quot;value&quot;:&quot;//*[@id=&apos;itemContainer&apos;]/li/span/strong/a&quot;}
[WebDriverCommandLogger] - command: findElements[ param-1: {value=//*[@id=&apos;itemContainer&apos;]/li/span/strong/a, using=xpath}] Result: [id: 0.12973548494627307-1, id: 0.12973548494627307-2, id: 0.12973548494627307-3, id: 0.12973548494627307-4, id: 0.12973548494627307-5, id: 0.12973548494627307-6, id: 0.12973548494627307-7, id: 0.12973548494627307-8, id: 0.12973548494627307-9, id: 0.12973548494627307-10, id: 0.12973548494627307-11, id: 0.12973548494627307-12, id: 0.12973548494627307-13, id: 0.12973548494627307-14, id: 0.12973548494627307-15, id: 0.12973548494627307-16, id: 0.12973548494627307-17, id: 0.12973548494627307-18, id: 0.12973548494627307-19, id: 0.12973548494627307-20, id: 0.12973548494627307-21, id: 0.12973548494627307-22, id: 0.12973548494627307-23, id: 0.12973548494627307-24, id: 0.12973548494627307-25, id: 0.12973548494627307-26, id: 0.12973548494627307-27, id: 0.12973548494627307-28, id: 0.12973548494627307-29, id: 0.12973548494627307-30, id: 0.12973548494627307-31, id: 0.12973548494627307-32, id: 0.12973548494627307-33, id: 0.12973548494627307-34, id: 0.12973548494627307-35, id: 0.12973548494627307-36, id: 0.12973548494627307-37, id: 0.12973548494627307-38, id: 0.12973548494627307-39, id: 0.12973548494627307-40, id: 0.12973548494627307-41, id: 0.12973548494627307-42, id: 0.12973548494627307-43, id: 0.12973548494627307-44, id: 0.12973548494627307-45, id: 0.12973548494627307-46, id: 0.12973548494627307-47, id: 0.12973548494627307-48, id: 0.12973548494627307-49, id: 0.12973548494627307-50, id: 0.12973548494627307-51, id: 0.12973548494627307-52, id: 0.12973548494627307-53, id: 0.12973548494627307-54, id: 0.12973548494627307-55, id: 0.12973548494627307-56, id: 0.12973548494627307-57, id: 0.12973548494627307-58, id: 0.12973548494627307-59, id: 0.12973548494627307-60, id: 0.12973548494627307-61, id: 0.12973548494627307-62, id: 0.12973548494627307-63, id: 0.12973548494627307-64, id: 0.12973548494627307-65, id: 0.12973548494627307-66, id: 0.12973548494627307-67, id: 0.12973548494627307-68, id: 0.12973548494627307-69, id: 0.12973548494627307-70, id: 0.12973548494627307-71, id: 0.12973548494627307-72, id: 0.12973548494627307-73, id: 0.12973548494627307-74, id: 0.12973548494627307-75, id: 0.12973548494627307-76, id: 0.12973548494627307-77, id: 0.12973548494627307-78, id: 0.12973548494627307-79, id: 0.12973548494627307-80]
[WebDriverCommandLogger] - Executing getElementText element: By.xpath: //*[@id=&apos;itemContainer&apos;]/li/span/strong/a parameters: {&quot;id&quot;:&quot;0.12973548494627307-7&quot;}
[WebDriverCommandLogger] - command: getElementText[ param-1: By.xpath: //*[@id=&apos;itemContainer&apos;]/li/span/strong/a param-2: {&quot;id&quot;:&quot;0.12973548494627307-7&quot;}] Result: getElementText:All Delhiites can get free surgeries at private hospitals
[WebDriverCommandLogger] - Executing findElements parameters: {&quot;using&quot;:&quot;xpath&quot;,&quot;value&quot;:&quot;//ul[@id=&apos;itemContainer&apos;]/li/span/div/following-sibling::*&quot;}
[WebDriverCommandLogger] - command: findElements[ param-1: {value=//ul[@id=&apos;itemContainer&apos;]/li/span/div/following-sibling::*, using=xpath}] Result: [id: 0.12973548494627307-81, id: 0.12973548494627307-82, id: 0.12973548494627307-83, id: 0.12973548494627307-84, id: 0.12973548494627307-85, id: 0.12973548494627307-86, id: 0.12973548494627307-87, id: 0.12973548494627307-88, id: 0.12973548494627307-89, id: 0.12973548494627307-90, id: 0.12973548494627307-91, id: 0.12973548494627307-92, id: 0.12973548494627307-93, id: 0.12973548494627307-94, id: 0.12973548494627307-95, id: 0.12973548494627307-96, id: 0.12973548494627307-97, id: 0.12973548494627307-98, id: 0.12973548494627307-99, id: 0.12973548494627307-100, id: 0.12973548494627307-101, id: 0.12973548494627307-102, id: 0.12973548494627307-103, id: 0.12973548494627307-104, id: 0.12973548494627307-105, id: 0.12973548494627307-106, id: 0.12973548494627307-107, id: 0.12973548494627307-108, id: 0.12973548494627307-109, id: 0.12973548494627307-110, id: 0.12973548494627307-111, id: 0.12973548494627307-112, id: 0.12973548494627307-113, id: 0.12973548494627307-114, id: 0.12973548494627307-115, id: 0.12973548494627307-116, id: 0.12973548494627307-117, id: 0.12973548494627307-118, id: 0.12973548494627307-119, id: 0.12973548494627307-120, id: 0.12973548494627307-121, id: 0.12973548494627307-122, id: 0.12973548494627307-123, id: 0.12973548494627307-124, id: 0.12973548494627307-125, id: 0.12973548494627307-126, id: 0.12973548494627307-127, id: 0.12973548494627307-128, id: 0.12973548494627307-129, id: 0.12973548494627307-130, id: 0.12973548494627307-131, id: 0.12973548494627307-132, id: 0.12973548494627307-133, id: 0.12973548494627307-134, id: 0.12973548494627307-135, id: 0.12973548494627307-136, id: 0.12973548494627307-137, id: 0.12973548494627307-138, id: 0.12973548494627307-139, id: 0.12973548494627307-140, id: 0.12973548494627307-141, id: 0.12973548494627307-142, id: 0.12973548494627307-143, id: 0.12973548494627307-144, id: 0.12973548494627307-145, id: 0.12973548494627307-146, id: 0.12973548494627307-147, id: 0.12973548494627307-148, id: 0.12973548494627307-149, id: 0.12973548494627307-150, id: 0.12973548494627307-151, id: 0.12973548494627307-152, id: 0.12973548494627307-153, id: 0.12973548494627307-154]
[WebDriverCommandLogger] - Executing getElementText element: By.xpath: //ul[@id=&apos;itemContainer&apos;]/li/span/div/following-sibling::* parameters: {&quot;id&quot;:&quot;0.12973548494627307-87&quot;}
[WebDriverCommandLogger] - command: getElementText[ param-1: By.xpath: //ul[@id=&apos;itemContainer&apos;]/li/span/div/following-sibling::* param-2: {&quot;id&quot;:&quot;0.12973548494627307-87&quot;}] Result: getElementText:The Indian Army is ready for a long haul in holding onto its position in the Doklam area near the Bhutan tri-junction, notwithstanding China ratcheting up rhetoric against India demanding pulling back of its troops.
[WebDriverCommandLogger] - Executing findElements parameters: {&quot;using&quot;:&quot;xpath&quot;,&quot;value&quot;:&quot;//*[@id=&apos;itemContainer&apos;]/li/span/strong/a&quot;}
[WebDriverCommandLogger] - command: findElements[ param-1: {value=//*[@id=&apos;itemContainer&apos;]/li/span/strong/a, using=xpath}] Result: [id: 0.12973548494627307-1, id: 0.12973548494627307-2, id: 0.12973548494627307-3, id: 0.12973548494627307-4, id: 0.12973548494627307-5, id: 0.12973548494627307-6, id: 0.12973548494627307-7, id: 0.12973548494627307-8, id: 0.12973548494627307-9, id: 0.12973548494627307-10, id: 0.12973548494627307-11, id: 0.12973548494627307-12, id: 0.12973548494627307-13, id: 0.12973548494627307-14, id: 0.12973548494627307-15, id: 0.12973548494627307-16, id: 0.12973548494627307-17, id: 0.12973548494627307-18, id: 0.12973548494627307-19, id: 0.12973548494627307-20, id: 0.12973548494627307-21, id: 0.12973548494627307-22, id: 0.12973548494627307-23, id: 0.12973548494627307-24, id: 0.12973548494627307-25, id: 0.12973548494627307-26, id: 0.12973548494627307-27, id: 0.12973548494627307-28, id: 0.12973548494627307-29, id: 0.12973548494627307-30, id: 0.12973548494627307-31, id: 0.12973548494627307-32, id: 0.12973548494627307-33, id: 0.12973548494627307-34, id: 0.12973548494627307-35, id: 0.12973548494627307-36, id: 0.12973548494627307-37, id: 0.12973548494627307-38, id: 0.12973548494627307-39, id: 0.12973548494627307-40, id: 0.12973548494627307-41, id: 0.12973548494627307-42, id: 0.12973548494627307-43, id: 0.12973548494627307-44, id: 0.12973548494627307-45, id: 0.12973548494627307-46, id: 0.12973548494627307-47, id: 0.12973548494627307-48, id: 0.12973548494627307-49, id: 0.12973548494627307-50, id: 0.12973548494627307-51, id: 0.12973548494627307-52, id: 0.12973548494627307-53, id: 0.12973548494627307-54, id: 0.12973548494627307-55, id: 0.12973548494627307-56, id: 0.12973548494627307-57, id: 0.12973548494627307-58, id: 0.12973548494627307-59, id: 0.12973548494627307-60, id: 0.12973548494627307-61, id: 0.12973548494627307-62, id: 0.12973548494627307-63, id: 0.12973548494627307-64, id: 0.12973548494627307-65, id: 0.12973548494627307-66, id: 0.12973548494627307-67, id: 0.12973548494627307-68, id: 0.12973548494627307-69, id: 0.12973548494627307-70, id: 0.12973548494627307-71, id: 0.12973548494627307-72, id: 0.12973548494627307-73, id: 0.12973548494627307-74, id: 0.12973548494627307-75, id: 0.12973548494627307-76, id: 0.12973548494627307-77, id: 0.12973548494627307-78, id: 0.12973548494627307-79, id: 0.12973548494627307-80]
[WebDriverCommandLogger] - Executing getElementText element: By.xpath: //*[@id=&apos;itemContainer&apos;]/li/span/strong/a parameters: {&quot;id&quot;:&quot;0.12973548494627307-8&quot;}
[WebDriverCommandLogger] - command: getElementText[ param-1: By.xpath: //*[@id=&apos;itemContainer&apos;]/li/span/strong/a param-2: {&quot;id&quot;:&quot;0.12973548494627307-8&quot;}] Result: getElementText:Border row: Indian Army getting ready for long haul in Doklam
[WebDriverCommandLogger] - Executing findElements parameters: {&quot;using&quot;:&quot;xpath&quot;,&quot;value&quot;:&quot;//ul[@id=&apos;itemContainer&apos;]/li/span/div/following-sibling::*&quot;}
[WebDriverCommandLogger] - command: findElements[ param-1: {value=//ul[@id=&apos;itemContainer&apos;]/li/span/div/following-sibling::*, using=xpath}] Result: [id: 0.12973548494627307-81, id: 0.12973548494627307-82, id: 0.12973548494627307-83, id: 0.12973548494627307-84, id: 0.12973548494627307-85, id: 0.12973548494627307-86, id: 0.12973548494627307-87, id: 0.12973548494627307-88, id: 0.12973548494627307-89, id: 0.12973548494627307-90, id: 0.12973548494627307-91, id: 0.12973548494627307-92, id: 0.12973548494627307-93, id: 0.12973548494627307-94, id: 0.12973548494627307-95, id: 0.12973548494627307-96, id: 0.12973548494627307-97, id: 0.12973548494627307-98, id: 0.12973548494627307-99, id: 0.12973548494627307-100, id: 0.12973548494627307-101, id: 0.12973548494627307-102, id: 0.12973548494627307-103, id: 0.12973548494627307-104, id: 0.12973548494627307-105, id: 0.12973548494627307-106, id: 0.12973548494627307-107, id: 0.12973548494627307-108, id: 0.12973548494627307-109, id: 0.12973548494627307-110, id: 0.12973548494627307-111, id: 0.12973548494627307-112, id: 0.12973548494627307-113, id: 0.12973548494627307-114, id: 0.12973548494627307-115, id: 0.12973548494627307-116, id: 0.12973548494627307-117, id: 0.12973548494627307-118, id: 0.12973548494627307-119, id: 0.12973548494627307-120, id: 0.12973548494627307-121, id: 0.12973548494627307-122, id: 0.12973548494627307-123, id: 0.12973548494627307-124, id: 0.12973548494627307-125, id: 0.12973548494627307-126, id: 0.12973548494627307-127, id: 0.12973548494627307-128, id: 0.12973548494627307-129, id: 0.12973548494627307-130, id: 0.12973548494627307-131, id: 0.12973548494627307-132, id: 0.12973548494627307-133, id: 0.12973548494627307-134, id: 0.12973548494627307-135, id: 0.12973548494627307-136, id: 0.12973548494627307-137, id: 0.12973548494627307-138, id: 0.12973548494627307-139, id: 0.12973548494627307-140, id: 0.12973548494627307-141, id: 0.12973548494627307-142, id: 0.12973548494627307-143, id: 0.12973548494627307-144, id: 0.12973548494627307-145, id: 0.12973548494627307-146, id: 0.12973548494627307-147, id: 0.12973548494627307-148, id: 0.12973548494627307-149, id: 0.12973548494627307-150, id: 0.12973548494627307-151, id: 0.12973548494627307-152, id: 0.12973548494627307-153, id: 0.12973548494627307-154]
[WebDriverCommandLogger] - Executing getElementText element: By.xpath: //ul[@id=&apos;itemContainer&apos;]/li/span/div/following-sibling::* parameters: {&quot;id&quot;:&quot;0.12973548494627307-88&quot;}
[WebDriverCommandLogger] - command: getElementText[ param-1: By.xpath: //ul[@id=&apos;itemContainer&apos;]/li/span/div/following-sibling::* param-2: {&quot;id&quot;:&quot;0.12973548494627307-88&quot;}] Result: getElementText:Amid the tense India-China border standoff , Beijing on Saturday issued a &quot;safety advisory&quot; for its citizens traveling to India, reported PTI. The advisory was issued through the Chinese embassy in New Delhi.
[WebDriverCommandLogger] - Executing findElements parameters: {&quot;using&quot;:&quot;xpath&quot;,&quot;value&quot;:&quot;//*[@id=&apos;itemContainer&apos;]/li/span/strong/a&quot;}
[WebDriverCommandLogger] - command: findElements[ param-1: {value=//*[@id=&apos;itemContainer&apos;]/li/span/strong/a, using=xpath}] Result: [id: 0.12973548494627307-1, id: 0.12973548494627307-2, id: 0.12973548494627307-3, id: 0.12973548494627307-4, id: 0.12973548494627307-5, id: 0.12973548494627307-6, id: 0.12973548494627307-7, id: 0.12973548494627307-8, id: 0.12973548494627307-9, id: 0.12973548494627307-10, id: 0.12973548494627307-11, id: 0.12973548494627307-12, id: 0.12973548494627307-13, id: 0.12973548494627307-14, id: 0.12973548494627307-15, id: 0.12973548494627307-16, id: 0.12973548494627307-17, id: 0.12973548494627307-18, id: 0.12973548494627307-19, id: 0.12973548494627307-20, id: 0.12973548494627307-21, id: 0.12973548494627307-22, id: 0.12973548494627307-23, id: 0.12973548494627307-24, id: 0.12973548494627307-25, id: 0.12973548494627307-26, id: 0.12973548494627307-27, id: 0.12973548494627307-28, id: 0.12973548494627307-29, id: 0.12973548494627307-30, id: 0.12973548494627307-31, id: 0.12973548494627307-32, id: 0.12973548494627307-33, id: 0.12973548494627307-34, id: 0.12973548494627307-35, id: 0.12973548494627307-36, id: 0.12973548494627307-37, id: 0.12973548494627307-38, id: 0.12973548494627307-39, id: 0.12973548494627307-40, id: 0.12973548494627307-41, id: 0.12973548494627307-42, id: 0.12973548494627307-43, id: 0.12973548494627307-44, id: 0.12973548494627307-45, id: 0.12973548494627307-46, id: 0.12973548494627307-47, id: 0.12973548494627307-48, id: 0.12973548494627307-49, id: 0.12973548494627307-50, id: 0.12973548494627307-51, id: 0.12973548494627307-52, id: 0.12973548494627307-53, id: 0.12973548494627307-54, id: 0.12973548494627307-55, id: 0.12973548494627307-56, id: 0.12973548494627307-57, id: 0.12973548494627307-58, id: 0.12973548494627307-59, id: 0.12973548494627307-60, id: 0.12973548494627307-61, id: 0.12973548494627307-62, id: 0.12973548494627307-63, id: 0.12973548494627307-64, id: 0.12973548494627307-65, id: 0.12973548494627307-66, id: 0.12973548494627307-67, id: 0.12973548494627307-68, id: 0.12973548494627307-69, id: 0.12973548494627307-70, id: 0.12973548494627307-71, id: 0.12973548494627307-72, id: 0.12973548494627307-73, id: 0.12973548494627307-74, id: 0.12973548494627307-75, id: 0.12973548494627307-76, id: 0.12973548494627307-77, id: 0.12973548494627307-78, id: 0.12973548494627307-79, id: 0.12973548494627307-80]
[WebDriverCommandLogger] - Executing getElementText element: By.xpath: //*[@id=&apos;itemContainer&apos;]/li/span/strong/a parameters: {&quot;id&quot;:&quot;0.12973548494627307-9&quot;}
[WebDriverCommandLogger] - command: getElementText[ param-1: By.xpath: //*[@id=&apos;itemContainer&apos;]/li/span/strong/a param-2: {&quot;id&quot;:&quot;0.12973548494627307-9&quot;}] Result: getElementText:Border standoff: China issues &apos;safety advisory&apos; for its citizens travelling to India
[WebDriverCommandLogger] - Executing findElements parameters: {&quot;using&quot;:&quot;xpath&quot;,&quot;value&quot;:&quot;//ul[@id=&apos;itemContainer&apos;]/li/span/div/following-sibling::*&quot;}
[WebDriverCommandLogger] - command: findElements[ param-1: {value=//ul[@id=&apos;itemContainer&apos;]/li/span/div/following-sibling::*, using=xpath}] Result: [id: 0.12973548494627307-81, id: 0.12973548494627307-82, id: 0.12973548494627307-83, id: 0.12973548494627307-84, id: 0.12973548494627307-85, id: 0.12973548494627307-86, id: 0.12973548494627307-87, id: 0.12973548494627307-88, id: 0.12973548494627307-89, id: 0.12973548494627307-90, id: 0.12973548494627307-91, id: 0.12973548494627307-92, id: 0.12973548494627307-93, id: 0.12973548494627307-94, id: 0.12973548494627307-95, id: 0.12973548494627307-96, id: 0.12973548494627307-97, id: 0.12973548494627307-98, id: 0.12973548494627307-99, id: 0.12973548494627307-100, id: 0.12973548494627307-101, id: 0.12973548494627307-102, id: 0.12973548494627307-103, id: 0.12973548494627307-104, id: 0.12973548494627307-105, id: 0.12973548494627307-106, id: 0.12973548494627307-107, id: 0.12973548494627307-108, id: 0.12973548494627307-109, id: 0.12973548494627307-110, id: 0.12973548494627307-111, id: 0.12973548494627307-112, id: 0.12973548494627307-113, id: 0.12973548494627307-114, id: 0.12973548494627307-115, id: 0.12973548494627307-116, id: 0.12973548494627307-117, id: 0.12973548494627307-118, id: 0.12973548494627307-119, id: 0.12973548494627307-120, id: 0.12973548494627307-121, id: 0.12973548494627307-122, id: 0.12973548494627307-123, id: 0.12973548494627307-124, id: 0.12973548494627307-125, id: 0.12973548494627307-126, id: 0.12973548494627307-127, id: 0.12973548494627307-128, id: 0.12973548494627307-129, id: 0.12973548494627307-130, id: 0.12973548494627307-131, id: 0.12973548494627307-132, id: 0.12973548494627307-133, id: 0.12973548494627307-134, id: 0.12973548494627307-135, id: 0.12973548494627307-136, id: 0.12973548494627307-137, id: 0.12973548494627307-138, id: 0.12973548494627307-139, id: 0.12973548494627307-140, id: 0.12973548494627307-141, id: 0.12973548494627307-142, id: 0.12973548494627307-143, id: 0.12973548494627307-144, id: 0.12973548494627307-145, id: 0.12973548494627307-146, id: 0.12973548494627307-147, id: 0.12973548494627307-148, id: 0.12973548494627307-149, id: 0.12973548494627307-150, id: 0.12973548494627307-151, id: 0.12973548494627307-152, id: 0.12973548494627307-153, id: 0.12973548494627307-154]
[WebDriverCommandLogger] - Executing getElementText element: By.xpath: //ul[@id=&apos;itemContainer&apos;]/li/span/div/following-sibling::* parameters: {&quot;id&quot;:&quot;0.12973548494627307-89&quot;}
[WebDriverCommandLogger] - command: getElementText[ param-1: By.xpath: //ul[@id=&apos;itemContainer&apos;]/li/span/div/following-sibling::* param-2: {&quot;id&quot;:&quot;0.12973548494627307-89&quot;}] Result: getElementText:Prime Minister Narendra Modi hit out at Pakistan at the G-20 summit as he named terror groups LeT and JeM along with global scourges IS and Boko Haram to drive home the point that some countries use terrorism as a tool and that the outfits are united by a common ideology despite different labels.
[WebDriverCommandLogger] - Executing findElements parameters: {&quot;using&quot;:&quot;xpath&quot;,&quot;value&quot;:&quot;//*[@id=&apos;itemContainer&apos;]/li/span/strong/a&quot;}
[WebDriverCommandLogger] - command: findElements[ param-1: {value=//*[@id=&apos;itemContainer&apos;]/li/span/strong/a, using=xpath}] Result: [id: 0.12973548494627307-1, id: 0.12973548494627307-2, id: 0.12973548494627307-3, id: 0.12973548494627307-4, id: 0.12973548494627307-5, id: 0.12973548494627307-6, id: 0.12973548494627307-7, id: 0.12973548494627307-8, id: 0.12973548494627307-9, id: 0.12973548494627307-10, id: 0.12973548494627307-11, id: 0.12973548494627307-12, id: 0.12973548494627307-13, id: 0.12973548494627307-14, id: 0.12973548494627307-15, id: 0.12973548494627307-16, id: 0.12973548494627307-17, id: 0.12973548494627307-18, id: 0.12973548494627307-19, id: 0.12973548494627307-20, id: 0.12973548494627307-21, id: 0.12973548494627307-22, id: 0.12973548494627307-23, id: 0.12973548494627307-24, id: 0.12973548494627307-25, id: 0.12973548494627307-26, id: 0.12973548494627307-27, id: 0.12973548494627307-28, id: 0.12973548494627307-29, id: 0.12973548494627307-30, id: 0.12973548494627307-31, id: 0.12973548494627307-32, id: 0.12973548494627307-33, id: 0.12973548494627307-34, id: 0.12973548494627307-35, id: 0.12973548494627307-36, id: 0.12973548494627307-37, id: 0.12973548494627307-38, id: 0.12973548494627307-39, id: 0.12973548494627307-40, id: 0.12973548494627307-41, id: 0.12973548494627307-42, id: 0.12973548494627307-43, id: 0.12973548494627307-44, id: 0.12973548494627307-45, id: 0.12973548494627307-46, id: 0.12973548494627307-47, id: 0.12973548494627307-48, id: 0.12973548494627307-49, id: 0.12973548494627307-50, id: 0.12973548494627307-51, id: 0.12973548494627307-52, id: 0.12973548494627307-53, id: 0.12973548494627307-54, id: 0.12973548494627307-55, id: 0.12973548494627307-56, id: 0.12973548494627307-57, id: 0.12973548494627307-58, id: 0.12973548494627307-59, id: 0.12973548494627307-60, id: 0.12973548494627307-61, id: 0.12973548494627307-62, id: 0.12973548494627307-63, id: 0.12973548494627307-64, id: 0.12973548494627307-65, id: 0.12973548494627307-66, id: 0.12973548494627307-67, id: 0.12973548494627307-68, id: 0.12973548494627307-69, id: 0.12973548494627307-70, id: 0.12973548494627307-71, id: 0.12973548494627307-72, id: 0.12973548494627307-73, id: 0.12973548494627307-74, id: 0.12973548494627307-75, id: 0.12973548494627307-76, id: 0.12973548494627307-77, id: 0.12973548494627307-78, id: 0.12973548494627307-79, id: 0.12973548494627307-80]
[WebDriverCommandLogger] - Executing getElementText element: By.xpath: //*[@id=&apos;itemContainer&apos;]/li/span/strong/a parameters: {&quot;id&quot;:&quot;0.12973548494627307-10&quot;}
[WebDriverCommandLogger] - command: getElementText[ param-1: By.xpath: //*[@id=&apos;itemContainer&apos;]/li/span/strong/a param-2: {&quot;id&quot;:&quot;0.12973548494627307-10&quot;}] Result: getElementText:At G20 summit, PM Narendra Modi slams Pakistan in strong message on terror, tries to rally nations
[WebDriverCommandLogger] - Executing findElements parameters: {&quot;using&quot;:&quot;xpath&quot;,&quot;value&quot;:&quot;//ul[@id=&apos;itemContainer&apos;]/li/span/div/following-sibling::*&quot;}
[WebDriverCommandLogger] - command: findElements[ param-1: {value=//ul[@id=&apos;itemContainer&apos;]/li/span/div/following-sibling::*, using=xpath}] Result: [id: 0.12973548494627307-81, id: 0.12973548494627307-82, id: 0.12973548494627307-83, id: 0.12973548494627307-84, id: 0.12973548494627307-85, id: 0.12973548494627307-86, id: 0.12973548494627307-87, id: 0.12973548494627307-88, id: 0.12973548494627307-89, id: 0.12973548494627307-90, id: 0.12973548494627307-91, id: 0.12973548494627307-92, id: 0.12973548494627307-93, id: 0.12973548494627307-94, id: 0.12973548494627307-95, id: 0.12973548494627307-96, id: 0.12973548494627307-97, id: 0.12973548494627307-98, id: 0.12973548494627307-99, id: 0.12973548494627307-100, id: 0.12973548494627307-101, id: 0.12973548494627307-102, id: 0.12973548494627307-103, id: 0.12973548494627307-104, id: 0.12973548494627307-105, id: 0.12973548494627307-106, id: 0.12973548494627307-107, id: 0.12973548494627307-108, id: 0.12973548494627307-109, id: 0.12973548494627307-110, id: 0.12973548494627307-111, id: 0.12973548494627307-112, id: 0.12973548494627307-113, id: 0.12973548494627307-114, id: 0.12973548494627307-115, id: 0.12973548494627307-116, id: 0.12973548494627307-117, id: 0.12973548494627307-118, id: 0.12973548494627307-119, id: 0.12973548494627307-120, id: 0.12973548494627307-121, id: 0.12973548494627307-122, id: 0.12973548494627307-123, id: 0.12973548494627307-124, id: 0.12973548494627307-125, id: 0.12973548494627307-126, id: 0.12973548494627307-127, id: 0.12973548494627307-128, id: 0.12973548494627307-129, id: 0.12973548494627307-130, id: 0.12973548494627307-131, id: 0.12973548494627307-132, id: 0.12973548494627307-133, id: 0.12973548494627307-134, id: 0.12973548494627307-135, id: 0.12973548494627307-136, id: 0.12973548494627307-137, id: 0.12973548494627307-138, id: 0.12973548494627307-139, id: 0.12973548494627307-140, id: 0.12973548494627307-141, id: 0.12973548494627307-142, id: 0.12973548494627307-143, id: 0.12973548494627307-144, id: 0.12973548494627307-145, id: 0.12973548494627307-146, id: 0.12973548494627307-147, id: 0.12973548494627307-148, id: 0.12973548494627307-149, id: 0.12973548494627307-150, id: 0.12973548494627307-151, id: 0.12973548494627307-152, id: 0.12973548494627307-153, id: 0.12973548494627307-154]
[WebDriverCommandLogger] - Executing getElementText element: By.xpath: //ul[@id=&apos;itemContainer&apos;]/li/span/div/following-sibling::* parameters: {&quot;id&quot;:&quot;0.12973548494627307-90&quot;}
[WebDriverCommandLogger] - command: getElementText[ param-1: By.xpath: //ul[@id=&apos;itemContainer&apos;]/li/span/div/following-sibling::* param-2: {&quot;id&quot;:&quot;0.12973548494627307-90&quot;}] Result: getElementText:7 Amarnath pilgrims were killed and 11 others injured in a terror attack in Jammu and Kashmir&apos;s Anantnag district. The attack took place at round 8:30pm.
</system-out>
    <system-err>log4j:WARN No such property [follow] in org.apache.log4j.FileAppender.
Starting ChromeDriver 2.29.461591 (62ebf098771772160f391d75e589dc567915b233) on port 28360
Only local connections are allowed.
</system-err>
  </testcase>
</testsuite>